[2023-12-03T09:43:19.524+0000] {processor.py:157} INFO - Started process (PID=36) to work on /opt/airflow/dags/batch_load_bigquery_dag.py
[2023-12-03T09:43:19.526+0000] {processor.py:829} INFO - Processing file /opt/airflow/dags/batch_load_bigquery_dag.py for tasks to queue
[2023-12-03T09:43:19.529+0000] {logging_mixin.py:154} INFO - [2023-12-03T09:43:19.529+0000] {dagbag.py:536} INFO - Filling up the DagBag from /opt/airflow/dags/batch_load_bigquery_dag.py
[2023-12-03T09:43:21.803+0000] {processor.py:839} INFO - DAG(s) dict_keys(['bigquery_batch_load_dag']) retrieved from /opt/airflow/dags/batch_load_bigquery_dag.py
[2023-12-03T09:43:22.097+0000] {logging_mixin.py:154} INFO - [2023-12-03T09:43:22.096+0000] {dag.py:2941} INFO - Sync 1 DAGs
[2023-12-03T09:43:22.159+0000] {logging_mixin.py:154} INFO - [2023-12-03T09:43:22.159+0000] {dag.py:3722} INFO - Setting next_dagrun for bigquery_batch_load_dag to 2024-01-01T00:00:00+00:00, run_after=2025-01-01T00:00:00+00:00
[2023-12-03T09:43:22.432+0000] {logging_mixin.py:154} INFO - [2023-12-03T09:43:22.429+0000] {dagbag.py:644} ERROR - Failed to write serialized DAG: /opt/airflow/dags/batch_load_bigquery_dag.py
Traceback (most recent call last):
  File "/home/airflow/.local/lib/python3.8/site-packages/airflow/models/dagbag.py", line 633, in _serialize_dag_capturing_errors
    dag_was_updated = SerializedDagModel.write_dag(
  File "/home/airflow/.local/lib/python3.8/site-packages/airflow/utils/session.py", line 76, in wrapper
    return func(*args, **kwargs)
  File "/home/airflow/.local/lib/python3.8/site-packages/airflow/models/serialized_dag.py", line 147, in write_dag
    if session.scalar(
  File "/home/airflow/.local/lib/python3.8/site-packages/sqlalchemy/orm/session.py", line 1747, in scalar
    return self.execute(
  File "/home/airflow/.local/lib/python3.8/site-packages/sqlalchemy/orm/session.py", line 1716, in execute
    conn = self._connection_for_bind(bind)
  File "/home/airflow/.local/lib/python3.8/site-packages/sqlalchemy/orm/session.py", line 1555, in _connection_for_bind
    return self._transaction._connection_for_bind(
  File "/home/airflow/.local/lib/python3.8/site-packages/sqlalchemy/orm/session.py", line 724, in _connection_for_bind
    self._assert_active()
  File "/home/airflow/.local/lib/python3.8/site-packages/sqlalchemy/orm/session.py", line 604, in _assert_active
    raise sa_exc.PendingRollbackError(
sqlalchemy.exc.PendingRollbackError: This Session's transaction has been rolled back due to a previous exception during flush. To begin a new transaction with this Session, first issue Session.rollback(). Original exception was: (psycopg2.errors.UniqueViolation) duplicate key value violates unique constraint "serialized_dag_pkey"
DETAIL:  Key (dag_id)=(bigquery_batch_load_dag) already exists.

[SQL: INSERT INTO serialized_dag (dag_id, fileloc, fileloc_hash, data, data_compressed, last_updated, dag_hash, processor_subdir) VALUES (%(dag_id)s, %(fileloc)s, %(fileloc_hash)s, %(data)s, %(data_compressed)s, %(last_updated)s, %(dag_hash)s, %(processor_subdir)s)]
[parameters: {'dag_id': 'bigquery_batch_load_dag', 'fileloc': '/opt/airflow/dags/batch_load_bigquery_dag.py', 'fileloc_hash': 47146521206382923, 'data': '{"__version": 1, "dag": {"start_date": 1701388800.0, "schedule_interval": "@yearly", "dataset_triggers": [], "catchup": false, "timezone": "UTC", "fi ... (873 characters truncated) ... onOperator", "_task_module": "airflow.operators.python", "_is_empty": false, "op_args": [], "op_kwargs": {}}], "dag_dependencies": [], "params": {}}}', 'data_compressed': None, 'last_updated': datetime.datetime(2023, 12, 3, 9, 43, 21, 832644, tzinfo=Timezone('UTC')), 'dag_hash': '3b5577998de7001e4ff4b5f984d5376e', 'processor_subdir': None}]
(Background on this error at: https://sqlalche.me/e/14/gkpj) (Background on this error at: https://sqlalche.me/e/14/7s2a)
[2023-12-03T09:43:22.433+0000] {logging_mixin.py:154} INFO - [2023-12-03T09:43:22.433+0000] {dag.py:2941} INFO - Sync 1 DAGs
[2023-12-03T09:43:22.435+0000] {processor.py:182} ERROR - Got an exception! Propagating...
Traceback (most recent call last):
  File "/home/airflow/.local/lib/python3.8/site-packages/airflow/dag_processing/processor.py", line 178, in _run_file_processor
    _handle_dag_file_processing()
  File "/home/airflow/.local/lib/python3.8/site-packages/airflow/dag_processing/processor.py", line 159, in _handle_dag_file_processing
    result: tuple[int, int] = dag_file_processor.process_file(
  File "/home/airflow/.local/lib/python3.8/site-packages/airflow/utils/session.py", line 79, in wrapper
    return func(*args, session=session, **kwargs)
  File "/home/airflow/.local/lib/python3.8/site-packages/airflow/dag_processing/processor.py", line 857, in process_file
    serialize_errors = DagFileProcessor.save_dag_to_db(
  File "/home/airflow/.local/lib/python3.8/site-packages/airflow/api_internal/internal_api_call.py", line 114, in wrapper
    return func(*args, **kwargs)
  File "/home/airflow/.local/lib/python3.8/site-packages/airflow/utils/session.py", line 79, in wrapper
    return func(*args, session=session, **kwargs)
  File "/home/airflow/.local/lib/python3.8/site-packages/airflow/dag_processing/processor.py", line 893, in save_dag_to_db
    import_errors = DagBag._sync_to_db(dags=dags, processor_subdir=dag_directory, session=session)
  File "/home/airflow/.local/lib/python3.8/site-packages/airflow/utils/session.py", line 76, in wrapper
    return func(*args, **kwargs)
  File "/home/airflow/.local/lib/python3.8/site-packages/airflow/models/dagbag.py", line 654, in _sync_to_db
    for attempt in run_with_db_retries(logger=log):
  File "/home/airflow/.local/lib/python3.8/site-packages/tenacity/__init__.py", line 347, in __iter__
    do = self.iter(retry_state=retry_state)
  File "/home/airflow/.local/lib/python3.8/site-packages/tenacity/__init__.py", line 314, in iter
    return fut.result()
  File "/usr/local/lib/python3.8/concurrent/futures/_base.py", line 437, in result
    return self.__get_result()
  File "/usr/local/lib/python3.8/concurrent/futures/_base.py", line 389, in __get_result
    raise self._exception
  File "/home/airflow/.local/lib/python3.8/site-packages/airflow/models/dagbag.py", line 668, in _sync_to_db
    DAG.bulk_write_to_db(dags.values(), processor_subdir=processor_subdir, session=session)
  File "/home/airflow/.local/lib/python3.8/site-packages/airflow/utils/session.py", line 76, in wrapper
    return func(*args, **kwargs)
  File "/home/airflow/.local/lib/python3.8/site-packages/airflow/models/dag.py", line 2953, in bulk_write_to_db
    orm_dags: list[DagModel] = session.scalars(query).unique().all()
  File "/home/airflow/.local/lib/python3.8/site-packages/sqlalchemy/orm/session.py", line 1778, in scalars
    return self.execute(
  File "/home/airflow/.local/lib/python3.8/site-packages/sqlalchemy/orm/session.py", line 1716, in execute
    conn = self._connection_for_bind(bind)
  File "/home/airflow/.local/lib/python3.8/site-packages/sqlalchemy/orm/session.py", line 1555, in _connection_for_bind
    return self._transaction._connection_for_bind(
  File "/home/airflow/.local/lib/python3.8/site-packages/sqlalchemy/orm/session.py", line 724, in _connection_for_bind
    self._assert_active()
  File "/home/airflow/.local/lib/python3.8/site-packages/sqlalchemy/orm/session.py", line 604, in _assert_active
    raise sa_exc.PendingRollbackError(
sqlalchemy.exc.PendingRollbackError: This Session's transaction has been rolled back due to a previous exception during flush. To begin a new transaction with this Session, first issue Session.rollback(). Original exception was: (psycopg2.errors.UniqueViolation) duplicate key value violates unique constraint "serialized_dag_pkey"
DETAIL:  Key (dag_id)=(bigquery_batch_load_dag) already exists.

[SQL: INSERT INTO serialized_dag (dag_id, fileloc, fileloc_hash, data, data_compressed, last_updated, dag_hash, processor_subdir) VALUES (%(dag_id)s, %(fileloc)s, %(fileloc_hash)s, %(data)s, %(data_compressed)s, %(last_updated)s, %(dag_hash)s, %(processor_subdir)s)]
[parameters: {'dag_id': 'bigquery_batch_load_dag', 'fileloc': '/opt/airflow/dags/batch_load_bigquery_dag.py', 'fileloc_hash': 47146521206382923, 'data': '{"__version": 1, "dag": {"start_date": 1701388800.0, "schedule_interval": "@yearly", "dataset_triggers": [], "catchup": false, "timezone": "UTC", "fi ... (873 characters truncated) ... onOperator", "_task_module": "airflow.operators.python", "_is_empty": false, "op_args": [], "op_kwargs": {}}], "dag_dependencies": [], "params": {}}}', 'data_compressed': None, 'last_updated': datetime.datetime(2023, 12, 3, 9, 43, 21, 832644, tzinfo=Timezone('UTC')), 'dag_hash': '3b5577998de7001e4ff4b5f984d5376e', 'processor_subdir': None}]
(Background on this error at: https://sqlalche.me/e/14/gkpj) (Background on this error at: https://sqlalche.me/e/14/7s2a)
[2023-12-03T09:43:52.556+0000] {processor.py:157} INFO - Started process (PID=94) to work on /opt/airflow/dags/batch_load_bigquery_dag.py
[2023-12-03T09:43:52.558+0000] {processor.py:829} INFO - Processing file /opt/airflow/dags/batch_load_bigquery_dag.py for tasks to queue
[2023-12-03T09:43:52.560+0000] {logging_mixin.py:154} INFO - [2023-12-03T09:43:52.559+0000] {dagbag.py:536} INFO - Filling up the DagBag from /opt/airflow/dags/batch_load_bigquery_dag.py
[2023-12-03T09:43:53.228+0000] {processor.py:839} INFO - DAG(s) dict_keys(['bigquery_batch_load_dag']) retrieved from /opt/airflow/dags/batch_load_bigquery_dag.py
[2023-12-03T09:43:53.338+0000] {logging_mixin.py:154} INFO - [2023-12-03T09:43:53.337+0000] {dag.py:2941} INFO - Sync 1 DAGs
[2023-12-03T09:43:53.360+0000] {logging_mixin.py:154} INFO - [2023-12-03T09:43:53.360+0000] {dag.py:3722} INFO - Setting next_dagrun for bigquery_batch_load_dag to 2024-01-01T00:00:00+00:00, run_after=2025-01-01T00:00:00+00:00
[2023-12-03T09:43:53.378+0000] {processor.py:179} INFO - Processing /opt/airflow/dags/batch_load_bigquery_dag.py took 0.825 seconds
[2023-12-03T09:44:23.771+0000] {processor.py:157} INFO - Started process (PID=151) to work on /opt/airflow/dags/batch_load_bigquery_dag.py
[2023-12-03T09:44:23.772+0000] {processor.py:829} INFO - Processing file /opt/airflow/dags/batch_load_bigquery_dag.py for tasks to queue
[2023-12-03T09:44:23.775+0000] {logging_mixin.py:154} INFO - [2023-12-03T09:44:23.774+0000] {dagbag.py:536} INFO - Filling up the DagBag from /opt/airflow/dags/batch_load_bigquery_dag.py
[2023-12-03T09:44:24.285+0000] {processor.py:839} INFO - DAG(s) dict_keys(['bigquery_batch_load_dag']) retrieved from /opt/airflow/dags/batch_load_bigquery_dag.py
[2023-12-03T09:44:24.300+0000] {logging_mixin.py:154} INFO - [2023-12-03T09:44:24.300+0000] {dag.py:2941} INFO - Sync 1 DAGs
[2023-12-03T09:44:24.321+0000] {logging_mixin.py:154} INFO - [2023-12-03T09:44:24.321+0000] {dag.py:3722} INFO - Setting next_dagrun for bigquery_batch_load_dag to 2024-01-01T00:00:00+00:00, run_after=2025-01-01T00:00:00+00:00
[2023-12-03T09:44:24.334+0000] {processor.py:179} INFO - Processing /opt/airflow/dags/batch_load_bigquery_dag.py took 0.567 seconds
[2023-12-03T09:44:54.891+0000] {processor.py:157} INFO - Started process (PID=209) to work on /opt/airflow/dags/batch_load_bigquery_dag.py
[2023-12-03T09:44:54.892+0000] {processor.py:829} INFO - Processing file /opt/airflow/dags/batch_load_bigquery_dag.py for tasks to queue
[2023-12-03T09:44:54.894+0000] {logging_mixin.py:154} INFO - [2023-12-03T09:44:54.894+0000] {dagbag.py:536} INFO - Filling up the DagBag from /opt/airflow/dags/batch_load_bigquery_dag.py
[2023-12-03T09:44:55.376+0000] {processor.py:839} INFO - DAG(s) dict_keys(['bigquery_batch_load_dag']) retrieved from /opt/airflow/dags/batch_load_bigquery_dag.py
[2023-12-03T09:44:55.462+0000] {logging_mixin.py:154} INFO - [2023-12-03T09:44:55.461+0000] {dag.py:2941} INFO - Sync 1 DAGs
[2023-12-03T09:44:55.483+0000] {logging_mixin.py:154} INFO - [2023-12-03T09:44:55.483+0000] {dag.py:3722} INFO - Setting next_dagrun for bigquery_batch_load_dag to 2024-01-01T00:00:00+00:00, run_after=2025-01-01T00:00:00+00:00
[2023-12-03T09:44:55.499+0000] {processor.py:179} INFO - Processing /opt/airflow/dags/batch_load_bigquery_dag.py took 0.611 seconds
[2023-12-03T09:45:25.551+0000] {processor.py:157} INFO - Started process (PID=267) to work on /opt/airflow/dags/batch_load_bigquery_dag.py
[2023-12-03T09:45:25.553+0000] {processor.py:829} INFO - Processing file /opt/airflow/dags/batch_load_bigquery_dag.py for tasks to queue
[2023-12-03T09:45:25.556+0000] {logging_mixin.py:154} INFO - [2023-12-03T09:45:25.556+0000] {dagbag.py:536} INFO - Filling up the DagBag from /opt/airflow/dags/batch_load_bigquery_dag.py
[2023-12-03T09:45:26.272+0000] {processor.py:839} INFO - DAG(s) dict_keys(['bigquery_batch_load_dag']) retrieved from /opt/airflow/dags/batch_load_bigquery_dag.py
[2023-12-03T09:45:26.291+0000] {logging_mixin.py:154} INFO - [2023-12-03T09:45:26.290+0000] {dag.py:2941} INFO - Sync 1 DAGs
[2023-12-03T09:45:26.316+0000] {logging_mixin.py:154} INFO - [2023-12-03T09:45:26.316+0000] {dag.py:3722} INFO - Setting next_dagrun for bigquery_batch_load_dag to 2024-01-01T00:00:00+00:00, run_after=2025-01-01T00:00:00+00:00
[2023-12-03T09:45:26.334+0000] {processor.py:179} INFO - Processing /opt/airflow/dags/batch_load_bigquery_dag.py took 0.787 seconds
[2023-12-03T09:45:56.389+0000] {processor.py:157} INFO - Started process (PID=333) to work on /opt/airflow/dags/batch_load_bigquery_dag.py
[2023-12-03T09:45:56.391+0000] {processor.py:829} INFO - Processing file /opt/airflow/dags/batch_load_bigquery_dag.py for tasks to queue
[2023-12-03T09:45:56.395+0000] {logging_mixin.py:154} INFO - [2023-12-03T09:45:56.395+0000] {dagbag.py:536} INFO - Filling up the DagBag from /opt/airflow/dags/batch_load_bigquery_dag.py
[2023-12-03T09:45:57.069+0000] {processor.py:839} INFO - DAG(s) dict_keys(['bigquery_batch_load_dag']) retrieved from /opt/airflow/dags/batch_load_bigquery_dag.py
[2023-12-03T09:45:57.084+0000] {logging_mixin.py:154} INFO - [2023-12-03T09:45:57.084+0000] {dag.py:2941} INFO - Sync 1 DAGs
[2023-12-03T09:45:57.106+0000] {logging_mixin.py:154} INFO - [2023-12-03T09:45:57.106+0000] {dag.py:3722} INFO - Setting next_dagrun for bigquery_batch_load_dag to 2024-01-01T00:00:00+00:00, run_after=2025-01-01T00:00:00+00:00
[2023-12-03T09:45:57.121+0000] {processor.py:179} INFO - Processing /opt/airflow/dags/batch_load_bigquery_dag.py took 0.738 seconds
[2023-12-03T09:46:27.233+0000] {processor.py:157} INFO - Started process (PID=394) to work on /opt/airflow/dags/batch_load_bigquery_dag.py
[2023-12-03T09:46:27.234+0000] {processor.py:829} INFO - Processing file /opt/airflow/dags/batch_load_bigquery_dag.py for tasks to queue
[2023-12-03T09:46:27.236+0000] {logging_mixin.py:154} INFO - [2023-12-03T09:46:27.236+0000] {dagbag.py:536} INFO - Filling up the DagBag from /opt/airflow/dags/batch_load_bigquery_dag.py
[2023-12-03T09:46:27.896+0000] {processor.py:839} INFO - DAG(s) dict_keys(['bigquery_batch_load_dag']) retrieved from /opt/airflow/dags/batch_load_bigquery_dag.py
[2023-12-03T09:46:27.914+0000] {logging_mixin.py:154} INFO - [2023-12-03T09:46:27.914+0000] {dag.py:2941} INFO - Sync 1 DAGs
[2023-12-03T09:46:27.935+0000] {logging_mixin.py:154} INFO - [2023-12-03T09:46:27.935+0000] {dag.py:3722} INFO - Setting next_dagrun for bigquery_batch_load_dag to 2024-01-01T00:00:00+00:00, run_after=2025-01-01T00:00:00+00:00
[2023-12-03T09:46:27.951+0000] {processor.py:179} INFO - Processing /opt/airflow/dags/batch_load_bigquery_dag.py took 0.722 seconds
[2023-12-03T09:46:58.790+0000] {processor.py:157} INFO - Started process (PID=454) to work on /opt/airflow/dags/batch_load_bigquery_dag.py
[2023-12-03T09:46:58.792+0000] {processor.py:829} INFO - Processing file /opt/airflow/dags/batch_load_bigquery_dag.py for tasks to queue
[2023-12-03T09:46:58.794+0000] {logging_mixin.py:154} INFO - [2023-12-03T09:46:58.794+0000] {dagbag.py:536} INFO - Filling up the DagBag from /opt/airflow/dags/batch_load_bigquery_dag.py
[2023-12-03T09:46:59.354+0000] {processor.py:839} INFO - DAG(s) dict_keys(['bigquery_batch_load_dag']) retrieved from /opt/airflow/dags/batch_load_bigquery_dag.py
[2023-12-03T09:46:59.376+0000] {logging_mixin.py:154} INFO - [2023-12-03T09:46:59.375+0000] {dag.py:2941} INFO - Sync 1 DAGs
[2023-12-03T09:46:59.406+0000] {logging_mixin.py:154} INFO - [2023-12-03T09:46:59.406+0000] {dag.py:3722} INFO - Setting next_dagrun for bigquery_batch_load_dag to 2024-01-01T00:00:00+00:00, run_after=2025-01-01T00:00:00+00:00
[2023-12-03T09:46:59.424+0000] {processor.py:179} INFO - Processing /opt/airflow/dags/batch_load_bigquery_dag.py took 0.638 seconds
[2023-12-03T09:47:29.557+0000] {processor.py:157} INFO - Started process (PID=512) to work on /opt/airflow/dags/batch_load_bigquery_dag.py
[2023-12-03T09:47:29.558+0000] {processor.py:829} INFO - Processing file /opt/airflow/dags/batch_load_bigquery_dag.py for tasks to queue
[2023-12-03T09:47:29.561+0000] {logging_mixin.py:154} INFO - [2023-12-03T09:47:29.561+0000] {dagbag.py:536} INFO - Filling up the DagBag from /opt/airflow/dags/batch_load_bigquery_dag.py
[2023-12-03T09:47:30.136+0000] {processor.py:839} INFO - DAG(s) dict_keys(['bigquery_batch_load_dag']) retrieved from /opt/airflow/dags/batch_load_bigquery_dag.py
[2023-12-03T09:47:30.150+0000] {logging_mixin.py:154} INFO - [2023-12-03T09:47:30.150+0000] {dag.py:2941} INFO - Sync 1 DAGs
[2023-12-03T09:47:30.169+0000] {logging_mixin.py:154} INFO - [2023-12-03T09:47:30.168+0000] {dag.py:3722} INFO - Setting next_dagrun for bigquery_batch_load_dag to 2024-01-01T00:00:00+00:00, run_after=2025-01-01T00:00:00+00:00
[2023-12-03T09:47:30.184+0000] {processor.py:179} INFO - Processing /opt/airflow/dags/batch_load_bigquery_dag.py took 0.631 seconds
[2023-12-03T09:48:00.904+0000] {processor.py:157} INFO - Started process (PID=573) to work on /opt/airflow/dags/batch_load_bigquery_dag.py
[2023-12-03T09:48:00.906+0000] {processor.py:829} INFO - Processing file /opt/airflow/dags/batch_load_bigquery_dag.py for tasks to queue
[2023-12-03T09:48:00.908+0000] {logging_mixin.py:154} INFO - [2023-12-03T09:48:00.908+0000] {dagbag.py:536} INFO - Filling up the DagBag from /opt/airflow/dags/batch_load_bigquery_dag.py
[2023-12-03T09:48:01.511+0000] {processor.py:839} INFO - DAG(s) dict_keys(['bigquery_batch_load_dag']) retrieved from /opt/airflow/dags/batch_load_bigquery_dag.py
[2023-12-03T09:48:01.528+0000] {logging_mixin.py:154} INFO - [2023-12-03T09:48:01.528+0000] {dag.py:2941} INFO - Sync 1 DAGs
[2023-12-03T09:48:01.549+0000] {logging_mixin.py:154} INFO - [2023-12-03T09:48:01.549+0000] {dag.py:3722} INFO - Setting next_dagrun for bigquery_batch_load_dag to 2024-01-01T00:00:00+00:00, run_after=2025-01-01T00:00:00+00:00
[2023-12-03T09:48:01.568+0000] {processor.py:179} INFO - Processing /opt/airflow/dags/batch_load_bigquery_dag.py took 0.668 seconds
[2023-12-03T09:48:31.888+0000] {processor.py:157} INFO - Started process (PID=630) to work on /opt/airflow/dags/batch_load_bigquery_dag.py
[2023-12-03T09:48:31.890+0000] {processor.py:829} INFO - Processing file /opt/airflow/dags/batch_load_bigquery_dag.py for tasks to queue
[2023-12-03T09:48:31.892+0000] {logging_mixin.py:154} INFO - [2023-12-03T09:48:31.891+0000] {dagbag.py:536} INFO - Filling up the DagBag from /opt/airflow/dags/batch_load_bigquery_dag.py
[2023-12-03T09:48:32.391+0000] {processor.py:839} INFO - DAG(s) dict_keys(['bigquery_batch_load_dag']) retrieved from /opt/airflow/dags/batch_load_bigquery_dag.py
[2023-12-03T09:48:32.406+0000] {logging_mixin.py:154} INFO - [2023-12-03T09:48:32.405+0000] {dag.py:2941} INFO - Sync 1 DAGs
[2023-12-03T09:48:32.426+0000] {logging_mixin.py:154} INFO - [2023-12-03T09:48:32.426+0000] {dag.py:3722} INFO - Setting next_dagrun for bigquery_batch_load_dag to 2024-01-01T00:00:00+00:00, run_after=2025-01-01T00:00:00+00:00
[2023-12-03T09:48:32.442+0000] {processor.py:179} INFO - Processing /opt/airflow/dags/batch_load_bigquery_dag.py took 0.558 seconds
[2023-12-03T09:49:02.854+0000] {processor.py:157} INFO - Started process (PID=688) to work on /opt/airflow/dags/batch_load_bigquery_dag.py
[2023-12-03T09:49:02.856+0000] {processor.py:829} INFO - Processing file /opt/airflow/dags/batch_load_bigquery_dag.py for tasks to queue
[2023-12-03T09:49:02.858+0000] {logging_mixin.py:154} INFO - [2023-12-03T09:49:02.858+0000] {dagbag.py:536} INFO - Filling up the DagBag from /opt/airflow/dags/batch_load_bigquery_dag.py
[2023-12-03T09:49:03.445+0000] {processor.py:839} INFO - DAG(s) dict_keys(['bigquery_batch_load_dag']) retrieved from /opt/airflow/dags/batch_load_bigquery_dag.py
[2023-12-03T09:49:03.466+0000] {logging_mixin.py:154} INFO - [2023-12-03T09:49:03.465+0000] {dag.py:2941} INFO - Sync 1 DAGs
[2023-12-03T09:49:03.492+0000] {logging_mixin.py:154} INFO - [2023-12-03T09:49:03.491+0000] {dag.py:3722} INFO - Setting next_dagrun for bigquery_batch_load_dag to 2024-01-01T00:00:00+00:00, run_after=2025-01-01T00:00:00+00:00
[2023-12-03T09:49:03.506+0000] {processor.py:179} INFO - Processing /opt/airflow/dags/batch_load_bigquery_dag.py took 0.657 seconds
[2023-12-03T09:49:33.718+0000] {processor.py:157} INFO - Started process (PID=753) to work on /opt/airflow/dags/batch_load_bigquery_dag.py
[2023-12-03T09:49:33.719+0000] {processor.py:829} INFO - Processing file /opt/airflow/dags/batch_load_bigquery_dag.py for tasks to queue
[2023-12-03T09:49:33.722+0000] {logging_mixin.py:154} INFO - [2023-12-03T09:49:33.722+0000] {dagbag.py:536} INFO - Filling up the DagBag from /opt/airflow/dags/batch_load_bigquery_dag.py
[2023-12-03T09:49:34.304+0000] {processor.py:839} INFO - DAG(s) dict_keys(['bigquery_batch_load_dag']) retrieved from /opt/airflow/dags/batch_load_bigquery_dag.py
[2023-12-03T09:49:34.322+0000] {logging_mixin.py:154} INFO - [2023-12-03T09:49:34.321+0000] {dag.py:2941} INFO - Sync 1 DAGs
[2023-12-03T09:49:34.350+0000] {logging_mixin.py:154} INFO - [2023-12-03T09:49:34.350+0000] {dag.py:3722} INFO - Setting next_dagrun for bigquery_batch_load_dag to 2024-01-01T00:00:00+00:00, run_after=2025-01-01T00:00:00+00:00
[2023-12-03T09:49:34.366+0000] {processor.py:179} INFO - Processing /opt/airflow/dags/batch_load_bigquery_dag.py took 0.654 seconds
[2023-12-03T09:50:05.131+0000] {processor.py:157} INFO - Started process (PID=814) to work on /opt/airflow/dags/batch_load_bigquery_dag.py
[2023-12-03T09:50:05.133+0000] {processor.py:829} INFO - Processing file /opt/airflow/dags/batch_load_bigquery_dag.py for tasks to queue
[2023-12-03T09:50:05.135+0000] {logging_mixin.py:154} INFO - [2023-12-03T09:50:05.135+0000] {dagbag.py:536} INFO - Filling up the DagBag from /opt/airflow/dags/batch_load_bigquery_dag.py
[2023-12-03T09:50:05.653+0000] {processor.py:839} INFO - DAG(s) dict_keys(['bigquery_batch_load_dag']) retrieved from /opt/airflow/dags/batch_load_bigquery_dag.py
[2023-12-03T09:50:05.671+0000] {logging_mixin.py:154} INFO - [2023-12-03T09:50:05.670+0000] {dag.py:2941} INFO - Sync 1 DAGs
[2023-12-03T09:50:05.693+0000] {logging_mixin.py:154} INFO - [2023-12-03T09:50:05.693+0000] {dag.py:3722} INFO - Setting next_dagrun for bigquery_batch_load_dag to 2024-01-01T00:00:00+00:00, run_after=2025-01-01T00:00:00+00:00
[2023-12-03T09:50:05.710+0000] {processor.py:179} INFO - Processing /opt/airflow/dags/batch_load_bigquery_dag.py took 0.584 seconds
[2023-12-03T09:50:36.607+0000] {processor.py:157} INFO - Started process (PID=874) to work on /opt/airflow/dags/batch_load_bigquery_dag.py
[2023-12-03T09:50:36.608+0000] {processor.py:829} INFO - Processing file /opt/airflow/dags/batch_load_bigquery_dag.py for tasks to queue
[2023-12-03T09:50:36.612+0000] {logging_mixin.py:154} INFO - [2023-12-03T09:50:36.612+0000] {dagbag.py:536} INFO - Filling up the DagBag from /opt/airflow/dags/batch_load_bigquery_dag.py
[2023-12-03T09:50:37.061+0000] {processor.py:839} INFO - DAG(s) dict_keys(['bigquery_batch_load_dag']) retrieved from /opt/airflow/dags/batch_load_bigquery_dag.py
[2023-12-03T09:50:37.080+0000] {logging_mixin.py:154} INFO - [2023-12-03T09:50:37.079+0000] {dag.py:2941} INFO - Sync 1 DAGs
[2023-12-03T09:50:37.102+0000] {logging_mixin.py:154} INFO - [2023-12-03T09:50:37.102+0000] {dag.py:3722} INFO - Setting next_dagrun for bigquery_batch_load_dag to 2024-01-01T00:00:00+00:00, run_after=2025-01-01T00:00:00+00:00
[2023-12-03T09:50:37.120+0000] {processor.py:179} INFO - Processing /opt/airflow/dags/batch_load_bigquery_dag.py took 0.517 seconds
[2023-12-03T09:51:07.967+0000] {processor.py:157} INFO - Started process (PID=935) to work on /opt/airflow/dags/batch_load_bigquery_dag.py
[2023-12-03T09:51:07.969+0000] {processor.py:829} INFO - Processing file /opt/airflow/dags/batch_load_bigquery_dag.py for tasks to queue
[2023-12-03T09:51:07.973+0000] {logging_mixin.py:154} INFO - [2023-12-03T09:51:07.972+0000] {dagbag.py:536} INFO - Filling up the DagBag from /opt/airflow/dags/batch_load_bigquery_dag.py
[2023-12-03T09:51:08.357+0000] {processor.py:839} INFO - DAG(s) dict_keys(['bigquery_batch_load_dag']) retrieved from /opt/airflow/dags/batch_load_bigquery_dag.py
[2023-12-03T09:51:08.385+0000] {logging_mixin.py:154} INFO - [2023-12-03T09:51:08.385+0000] {dag.py:2941} INFO - Sync 1 DAGs
[2023-12-03T09:51:08.416+0000] {logging_mixin.py:154} INFO - [2023-12-03T09:51:08.416+0000] {dag.py:3722} INFO - Setting next_dagrun for bigquery_batch_load_dag to 2024-01-01T00:00:00+00:00, run_after=2025-01-01T00:00:00+00:00
[2023-12-03T09:51:08.436+0000] {processor.py:179} INFO - Processing /opt/airflow/dags/batch_load_bigquery_dag.py took 0.474 seconds
[2023-12-03T09:51:38.893+0000] {processor.py:157} INFO - Started process (PID=993) to work on /opt/airflow/dags/batch_load_bigquery_dag.py
[2023-12-03T09:51:38.894+0000] {processor.py:829} INFO - Processing file /opt/airflow/dags/batch_load_bigquery_dag.py for tasks to queue
[2023-12-03T09:51:38.896+0000] {logging_mixin.py:154} INFO - [2023-12-03T09:51:38.896+0000] {dagbag.py:536} INFO - Filling up the DagBag from /opt/airflow/dags/batch_load_bigquery_dag.py
[2023-12-03T09:51:39.287+0000] {processor.py:839} INFO - DAG(s) dict_keys(['bigquery_batch_load_dag']) retrieved from /opt/airflow/dags/batch_load_bigquery_dag.py
[2023-12-03T09:51:39.304+0000] {logging_mixin.py:154} INFO - [2023-12-03T09:51:39.304+0000] {dag.py:2941} INFO - Sync 1 DAGs
[2023-12-03T09:51:39.325+0000] {logging_mixin.py:154} INFO - [2023-12-03T09:51:39.325+0000] {dag.py:3722} INFO - Setting next_dagrun for bigquery_batch_load_dag to 2024-01-01T00:00:00+00:00, run_after=2025-01-01T00:00:00+00:00
[2023-12-03T09:51:39.341+0000] {processor.py:179} INFO - Processing /opt/airflow/dags/batch_load_bigquery_dag.py took 0.453 seconds
[2023-12-03T09:52:09.795+0000] {processor.py:157} INFO - Started process (PID=1051) to work on /opt/airflow/dags/batch_load_bigquery_dag.py
[2023-12-03T09:52:09.797+0000] {processor.py:829} INFO - Processing file /opt/airflow/dags/batch_load_bigquery_dag.py for tasks to queue
[2023-12-03T09:52:09.800+0000] {logging_mixin.py:154} INFO - [2023-12-03T09:52:09.800+0000] {dagbag.py:536} INFO - Filling up the DagBag from /opt/airflow/dags/batch_load_bigquery_dag.py
[2023-12-03T09:52:10.291+0000] {processor.py:839} INFO - DAG(s) dict_keys(['bigquery_batch_load_dag']) retrieved from /opt/airflow/dags/batch_load_bigquery_dag.py
[2023-12-03T09:52:10.311+0000] {logging_mixin.py:154} INFO - [2023-12-03T09:52:10.310+0000] {dag.py:2941} INFO - Sync 1 DAGs
[2023-12-03T09:52:10.331+0000] {logging_mixin.py:154} INFO - [2023-12-03T09:52:10.331+0000] {dag.py:3722} INFO - Setting next_dagrun for bigquery_batch_load_dag to 2024-01-01T00:00:00+00:00, run_after=2025-01-01T00:00:00+00:00
[2023-12-03T09:52:10.346+0000] {processor.py:179} INFO - Processing /opt/airflow/dags/batch_load_bigquery_dag.py took 0.555 seconds
[2023-12-03T09:52:41.046+0000] {processor.py:157} INFO - Started process (PID=1110) to work on /opt/airflow/dags/batch_load_bigquery_dag.py
[2023-12-03T09:52:41.048+0000] {processor.py:829} INFO - Processing file /opt/airflow/dags/batch_load_bigquery_dag.py for tasks to queue
[2023-12-03T09:52:41.051+0000] {logging_mixin.py:154} INFO - [2023-12-03T09:52:41.051+0000] {dagbag.py:536} INFO - Filling up the DagBag from /opt/airflow/dags/batch_load_bigquery_dag.py
[2023-12-03T09:52:41.561+0000] {processor.py:839} INFO - DAG(s) dict_keys(['bigquery_batch_load_dag']) retrieved from /opt/airflow/dags/batch_load_bigquery_dag.py
[2023-12-03T09:52:41.582+0000] {logging_mixin.py:154} INFO - [2023-12-03T09:52:41.582+0000] {dag.py:2941} INFO - Sync 1 DAGs
[2023-12-03T09:52:41.613+0000] {logging_mixin.py:154} INFO - [2023-12-03T09:52:41.613+0000] {dag.py:3722} INFO - Setting next_dagrun for bigquery_batch_load_dag to 2024-01-01T00:00:00+00:00, run_after=2025-01-01T00:00:00+00:00
[2023-12-03T09:52:41.637+0000] {processor.py:179} INFO - Processing /opt/airflow/dags/batch_load_bigquery_dag.py took 0.596 seconds
[2023-12-03T09:53:12.438+0000] {processor.py:157} INFO - Started process (PID=1171) to work on /opt/airflow/dags/batch_load_bigquery_dag.py
[2023-12-03T09:53:12.439+0000] {processor.py:829} INFO - Processing file /opt/airflow/dags/batch_load_bigquery_dag.py for tasks to queue
[2023-12-03T09:53:12.442+0000] {logging_mixin.py:154} INFO - [2023-12-03T09:53:12.441+0000] {dagbag.py:536} INFO - Filling up the DagBag from /opt/airflow/dags/batch_load_bigquery_dag.py
[2023-12-03T09:53:12.876+0000] {processor.py:839} INFO - DAG(s) dict_keys(['bigquery_batch_load_dag']) retrieved from /opt/airflow/dags/batch_load_bigquery_dag.py
[2023-12-03T09:53:12.897+0000] {logging_mixin.py:154} INFO - [2023-12-03T09:53:12.897+0000] {dag.py:2941} INFO - Sync 1 DAGs
[2023-12-03T09:53:12.925+0000] {logging_mixin.py:154} INFO - [2023-12-03T09:53:12.925+0000] {dag.py:3722} INFO - Setting next_dagrun for bigquery_batch_load_dag to 2024-01-01T00:00:00+00:00, run_after=2025-01-01T00:00:00+00:00
[2023-12-03T09:53:12.948+0000] {processor.py:179} INFO - Processing /opt/airflow/dags/batch_load_bigquery_dag.py took 0.515 seconds
[2023-12-03T09:53:42.999+0000] {processor.py:157} INFO - Started process (PID=1232) to work on /opt/airflow/dags/batch_load_bigquery_dag.py
[2023-12-03T09:53:43.000+0000] {processor.py:829} INFO - Processing file /opt/airflow/dags/batch_load_bigquery_dag.py for tasks to queue
[2023-12-03T09:53:43.003+0000] {logging_mixin.py:154} INFO - [2023-12-03T09:53:43.002+0000] {dagbag.py:536} INFO - Filling up the DagBag from /opt/airflow/dags/batch_load_bigquery_dag.py
[2023-12-03T09:53:43.483+0000] {processor.py:839} INFO - DAG(s) dict_keys(['bigquery_batch_load_dag']) retrieved from /opt/airflow/dags/batch_load_bigquery_dag.py
[2023-12-03T09:53:43.502+0000] {logging_mixin.py:154} INFO - [2023-12-03T09:53:43.501+0000] {dag.py:2941} INFO - Sync 1 DAGs
[2023-12-03T09:53:43.527+0000] {logging_mixin.py:154} INFO - [2023-12-03T09:53:43.527+0000] {dag.py:3722} INFO - Setting next_dagrun for bigquery_batch_load_dag to 2024-01-01T00:00:00+00:00, run_after=2025-01-01T00:00:00+00:00
[2023-12-03T09:53:43.545+0000] {processor.py:179} INFO - Processing /opt/airflow/dags/batch_load_bigquery_dag.py took 0.550 seconds
[2023-12-03T09:54:13.657+0000] {processor.py:157} INFO - Started process (PID=1293) to work on /opt/airflow/dags/batch_load_bigquery_dag.py
[2023-12-03T09:54:13.658+0000] {processor.py:829} INFO - Processing file /opt/airflow/dags/batch_load_bigquery_dag.py for tasks to queue
[2023-12-03T09:54:13.662+0000] {logging_mixin.py:154} INFO - [2023-12-03T09:54:13.661+0000] {dagbag.py:536} INFO - Filling up the DagBag from /opt/airflow/dags/batch_load_bigquery_dag.py
[2023-12-03T09:54:14.184+0000] {processor.py:839} INFO - DAG(s) dict_keys(['bigquery_batch_load_dag']) retrieved from /opt/airflow/dags/batch_load_bigquery_dag.py
[2023-12-03T09:54:14.208+0000] {logging_mixin.py:154} INFO - [2023-12-03T09:54:14.208+0000] {dag.py:2941} INFO - Sync 1 DAGs
[2023-12-03T09:54:14.241+0000] {logging_mixin.py:154} INFO - [2023-12-03T09:54:14.241+0000] {dag.py:3722} INFO - Setting next_dagrun for bigquery_batch_load_dag to 2024-01-01T00:00:00+00:00, run_after=2025-01-01T00:00:00+00:00
[2023-12-03T09:54:14.262+0000] {processor.py:179} INFO - Processing /opt/airflow/dags/batch_load_bigquery_dag.py took 0.609 seconds
[2023-12-03T09:54:44.986+0000] {processor.py:157} INFO - Started process (PID=1353) to work on /opt/airflow/dags/batch_load_bigquery_dag.py
[2023-12-03T09:54:44.987+0000] {processor.py:829} INFO - Processing file /opt/airflow/dags/batch_load_bigquery_dag.py for tasks to queue
[2023-12-03T09:54:44.990+0000] {logging_mixin.py:154} INFO - [2023-12-03T09:54:44.990+0000] {dagbag.py:536} INFO - Filling up the DagBag from /opt/airflow/dags/batch_load_bigquery_dag.py
[2023-12-03T09:54:45.341+0000] {processor.py:839} INFO - DAG(s) dict_keys(['bigquery_batch_load_dag']) retrieved from /opt/airflow/dags/batch_load_bigquery_dag.py
[2023-12-03T09:54:45.358+0000] {logging_mixin.py:154} INFO - [2023-12-03T09:54:45.357+0000] {dag.py:2941} INFO - Sync 1 DAGs
[2023-12-03T09:54:45.380+0000] {logging_mixin.py:154} INFO - [2023-12-03T09:54:45.380+0000] {dag.py:3722} INFO - Setting next_dagrun for bigquery_batch_load_dag to 2024-01-01T00:00:00+00:00, run_after=2025-01-01T00:00:00+00:00
[2023-12-03T09:54:45.395+0000] {processor.py:179} INFO - Processing /opt/airflow/dags/batch_load_bigquery_dag.py took 0.415 seconds
[2023-12-03T09:55:16.401+0000] {processor.py:157} INFO - Started process (PID=1412) to work on /opt/airflow/dags/batch_load_bigquery_dag.py
[2023-12-03T09:55:16.403+0000] {processor.py:829} INFO - Processing file /opt/airflow/dags/batch_load_bigquery_dag.py for tasks to queue
[2023-12-03T09:55:16.406+0000] {logging_mixin.py:154} INFO - [2023-12-03T09:55:16.406+0000] {dagbag.py:536} INFO - Filling up the DagBag from /opt/airflow/dags/batch_load_bigquery_dag.py
[2023-12-03T09:55:16.821+0000] {processor.py:839} INFO - DAG(s) dict_keys(['bigquery_batch_load_dag']) retrieved from /opt/airflow/dags/batch_load_bigquery_dag.py
[2023-12-03T09:55:16.839+0000] {logging_mixin.py:154} INFO - [2023-12-03T09:55:16.839+0000] {dag.py:2941} INFO - Sync 1 DAGs
[2023-12-03T09:55:16.864+0000] {logging_mixin.py:154} INFO - [2023-12-03T09:55:16.864+0000] {dag.py:3722} INFO - Setting next_dagrun for bigquery_batch_load_dag to 2024-01-01T00:00:00+00:00, run_after=2025-01-01T00:00:00+00:00
[2023-12-03T09:55:16.883+0000] {processor.py:179} INFO - Processing /opt/airflow/dags/batch_load_bigquery_dag.py took 0.487 seconds
[2023-12-03T09:55:46.949+0000] {processor.py:157} INFO - Started process (PID=1471) to work on /opt/airflow/dags/batch_load_bigquery_dag.py
[2023-12-03T09:55:46.950+0000] {processor.py:829} INFO - Processing file /opt/airflow/dags/batch_load_bigquery_dag.py for tasks to queue
[2023-12-03T09:55:46.952+0000] {logging_mixin.py:154} INFO - [2023-12-03T09:55:46.952+0000] {dagbag.py:536} INFO - Filling up the DagBag from /opt/airflow/dags/batch_load_bigquery_dag.py
[2023-12-03T09:55:47.366+0000] {processor.py:839} INFO - DAG(s) dict_keys(['bigquery_batch_load_dag']) retrieved from /opt/airflow/dags/batch_load_bigquery_dag.py
[2023-12-03T09:55:47.384+0000] {logging_mixin.py:154} INFO - [2023-12-03T09:55:47.383+0000] {dag.py:2941} INFO - Sync 1 DAGs
[2023-12-03T09:55:47.407+0000] {logging_mixin.py:154} INFO - [2023-12-03T09:55:47.407+0000] {dag.py:3722} INFO - Setting next_dagrun for bigquery_batch_load_dag to 2024-01-01T00:00:00+00:00, run_after=2025-01-01T00:00:00+00:00
[2023-12-03T09:55:47.432+0000] {processor.py:179} INFO - Processing /opt/airflow/dags/batch_load_bigquery_dag.py took 0.488 seconds
[2023-12-03T09:56:18.404+0000] {processor.py:157} INFO - Started process (PID=1537) to work on /opt/airflow/dags/batch_load_bigquery_dag.py
[2023-12-03T09:56:18.405+0000] {processor.py:829} INFO - Processing file /opt/airflow/dags/batch_load_bigquery_dag.py for tasks to queue
[2023-12-03T09:56:18.408+0000] {logging_mixin.py:154} INFO - [2023-12-03T09:56:18.407+0000] {dagbag.py:536} INFO - Filling up the DagBag from /opt/airflow/dags/batch_load_bigquery_dag.py
[2023-12-03T09:56:18.795+0000] {processor.py:839} INFO - DAG(s) dict_keys(['bigquery_batch_load_dag']) retrieved from /opt/airflow/dags/batch_load_bigquery_dag.py
[2023-12-03T09:56:18.813+0000] {logging_mixin.py:154} INFO - [2023-12-03T09:56:18.812+0000] {dag.py:2941} INFO - Sync 1 DAGs
[2023-12-03T09:56:18.839+0000] {logging_mixin.py:154} INFO - [2023-12-03T09:56:18.838+0000] {dag.py:3722} INFO - Setting next_dagrun for bigquery_batch_load_dag to 2024-01-01T00:00:00+00:00, run_after=2025-01-01T00:00:00+00:00
[2023-12-03T09:56:18.855+0000] {processor.py:179} INFO - Processing /opt/airflow/dags/batch_load_bigquery_dag.py took 0.456 seconds
[2023-12-03T09:56:49.289+0000] {processor.py:157} INFO - Started process (PID=1595) to work on /opt/airflow/dags/batch_load_bigquery_dag.py
[2023-12-03T09:56:49.290+0000] {processor.py:829} INFO - Processing file /opt/airflow/dags/batch_load_bigquery_dag.py for tasks to queue
[2023-12-03T09:56:49.293+0000] {logging_mixin.py:154} INFO - [2023-12-03T09:56:49.293+0000] {dagbag.py:536} INFO - Filling up the DagBag from /opt/airflow/dags/batch_load_bigquery_dag.py
[2023-12-03T09:56:49.686+0000] {processor.py:839} INFO - DAG(s) dict_keys(['bigquery_batch_load_dag']) retrieved from /opt/airflow/dags/batch_load_bigquery_dag.py
[2023-12-03T09:56:49.704+0000] {logging_mixin.py:154} INFO - [2023-12-03T09:56:49.704+0000] {dag.py:2941} INFO - Sync 1 DAGs
[2023-12-03T09:56:49.726+0000] {logging_mixin.py:154} INFO - [2023-12-03T09:56:49.725+0000] {dag.py:3722} INFO - Setting next_dagrun for bigquery_batch_load_dag to 2024-01-01T00:00:00+00:00, run_after=2025-01-01T00:00:00+00:00
[2023-12-03T09:56:49.741+0000] {processor.py:179} INFO - Processing /opt/airflow/dags/batch_load_bigquery_dag.py took 0.457 seconds
[2023-12-03T09:57:20.125+0000] {processor.py:157} INFO - Started process (PID=1653) to work on /opt/airflow/dags/batch_load_bigquery_dag.py
[2023-12-03T09:57:20.126+0000] {processor.py:829} INFO - Processing file /opt/airflow/dags/batch_load_bigquery_dag.py for tasks to queue
[2023-12-03T09:57:20.130+0000] {logging_mixin.py:154} INFO - [2023-12-03T09:57:20.130+0000] {dagbag.py:536} INFO - Filling up the DagBag from /opt/airflow/dags/batch_load_bigquery_dag.py
[2023-12-03T09:57:20.524+0000] {processor.py:839} INFO - DAG(s) dict_keys(['bigquery_batch_load_dag']) retrieved from /opt/airflow/dags/batch_load_bigquery_dag.py
[2023-12-03T09:57:20.540+0000] {logging_mixin.py:154} INFO - [2023-12-03T09:57:20.540+0000] {dag.py:2941} INFO - Sync 1 DAGs
[2023-12-03T09:57:20.562+0000] {logging_mixin.py:154} INFO - [2023-12-03T09:57:20.561+0000] {dag.py:3722} INFO - Setting next_dagrun for bigquery_batch_load_dag to 2024-01-01T00:00:00+00:00, run_after=2025-01-01T00:00:00+00:00
[2023-12-03T09:57:20.577+0000] {processor.py:179} INFO - Processing /opt/airflow/dags/batch_load_bigquery_dag.py took 0.456 seconds
[2023-12-03T09:57:50.627+0000] {processor.py:157} INFO - Started process (PID=1716) to work on /opt/airflow/dags/batch_load_bigquery_dag.py
[2023-12-03T09:57:50.629+0000] {processor.py:829} INFO - Processing file /opt/airflow/dags/batch_load_bigquery_dag.py for tasks to queue
[2023-12-03T09:57:50.631+0000] {logging_mixin.py:154} INFO - [2023-12-03T09:57:50.631+0000] {dagbag.py:536} INFO - Filling up the DagBag from /opt/airflow/dags/batch_load_bigquery_dag.py
[2023-12-03T09:57:50.994+0000] {processor.py:839} INFO - DAG(s) dict_keys(['bigquery_batch_load_dag']) retrieved from /opt/airflow/dags/batch_load_bigquery_dag.py
[2023-12-03T09:57:51.011+0000] {logging_mixin.py:154} INFO - [2023-12-03T09:57:51.010+0000] {dag.py:2941} INFO - Sync 1 DAGs
[2023-12-03T09:57:51.031+0000] {logging_mixin.py:154} INFO - [2023-12-03T09:57:51.031+0000] {dag.py:3722} INFO - Setting next_dagrun for bigquery_batch_load_dag to 2024-01-01T00:00:00+00:00, run_after=2025-01-01T00:00:00+00:00
[2023-12-03T09:57:51.046+0000] {processor.py:179} INFO - Processing /opt/airflow/dags/batch_load_bigquery_dag.py took 0.424 seconds
[2023-12-03T09:58:21.847+0000] {processor.py:157} INFO - Started process (PID=1777) to work on /opt/airflow/dags/batch_load_bigquery_dag.py
[2023-12-03T09:58:21.848+0000] {processor.py:829} INFO - Processing file /opt/airflow/dags/batch_load_bigquery_dag.py for tasks to queue
[2023-12-03T09:58:21.851+0000] {logging_mixin.py:154} INFO - [2023-12-03T09:58:21.851+0000] {dagbag.py:536} INFO - Filling up the DagBag from /opt/airflow/dags/batch_load_bigquery_dag.py
[2023-12-03T09:58:22.253+0000] {processor.py:839} INFO - DAG(s) dict_keys(['bigquery_batch_load_dag']) retrieved from /opt/airflow/dags/batch_load_bigquery_dag.py
[2023-12-03T09:58:22.271+0000] {logging_mixin.py:154} INFO - [2023-12-03T09:58:22.270+0000] {dag.py:2941} INFO - Sync 1 DAGs
[2023-12-03T09:58:22.294+0000] {logging_mixin.py:154} INFO - [2023-12-03T09:58:22.293+0000] {dag.py:3722} INFO - Setting next_dagrun for bigquery_batch_load_dag to 2024-01-01T00:00:00+00:00, run_after=2025-01-01T00:00:00+00:00
[2023-12-03T09:58:22.442+0000] {processor.py:179} INFO - Processing /opt/airflow/dags/batch_load_bigquery_dag.py took 0.601 seconds
[2023-12-03T09:58:52.504+0000] {processor.py:157} INFO - Started process (PID=1836) to work on /opt/airflow/dags/batch_load_bigquery_dag.py
[2023-12-03T09:58:52.505+0000] {processor.py:829} INFO - Processing file /opt/airflow/dags/batch_load_bigquery_dag.py for tasks to queue
[2023-12-03T09:58:52.507+0000] {logging_mixin.py:154} INFO - [2023-12-03T09:58:52.507+0000] {dagbag.py:536} INFO - Filling up the DagBag from /opt/airflow/dags/batch_load_bigquery_dag.py
[2023-12-03T09:58:52.840+0000] {processor.py:839} INFO - DAG(s) dict_keys(['bigquery_batch_load_dag']) retrieved from /opt/airflow/dags/batch_load_bigquery_dag.py
[2023-12-03T09:58:52.855+0000] {logging_mixin.py:154} INFO - [2023-12-03T09:58:52.855+0000] {dag.py:2941} INFO - Sync 1 DAGs
[2023-12-03T09:58:52.872+0000] {logging_mixin.py:154} INFO - [2023-12-03T09:58:52.872+0000] {dag.py:3722} INFO - Setting next_dagrun for bigquery_batch_load_dag to 2024-01-01T00:00:00+00:00, run_after=2025-01-01T00:00:00+00:00
[2023-12-03T09:58:52.886+0000] {processor.py:179} INFO - Processing /opt/airflow/dags/batch_load_bigquery_dag.py took 0.385 seconds
[2023-12-03T09:59:23.035+0000] {processor.py:157} INFO - Started process (PID=1894) to work on /opt/airflow/dags/batch_load_bigquery_dag.py
[2023-12-03T09:59:23.036+0000] {processor.py:829} INFO - Processing file /opt/airflow/dags/batch_load_bigquery_dag.py for tasks to queue
[2023-12-03T09:59:23.038+0000] {logging_mixin.py:154} INFO - [2023-12-03T09:59:23.038+0000] {dagbag.py:536} INFO - Filling up the DagBag from /opt/airflow/dags/batch_load_bigquery_dag.py
[2023-12-03T09:59:23.354+0000] {processor.py:839} INFO - DAG(s) dict_keys(['bigquery_batch_load_dag']) retrieved from /opt/airflow/dags/batch_load_bigquery_dag.py
[2023-12-03T09:59:23.370+0000] {logging_mixin.py:154} INFO - [2023-12-03T09:59:23.370+0000] {dag.py:2941} INFO - Sync 1 DAGs
[2023-12-03T09:59:23.388+0000] {logging_mixin.py:154} INFO - [2023-12-03T09:59:23.388+0000] {dag.py:3722} INFO - Setting next_dagrun for bigquery_batch_load_dag to 2024-01-01T00:00:00+00:00, run_after=2025-01-01T00:00:00+00:00
[2023-12-03T09:59:23.404+0000] {processor.py:179} INFO - Processing /opt/airflow/dags/batch_load_bigquery_dag.py took 0.373 seconds
[2023-12-03T09:59:53.792+0000] {processor.py:157} INFO - Started process (PID=1951) to work on /opt/airflow/dags/batch_load_bigquery_dag.py
[2023-12-03T09:59:53.794+0000] {processor.py:829} INFO - Processing file /opt/airflow/dags/batch_load_bigquery_dag.py for tasks to queue
[2023-12-03T09:59:53.798+0000] {logging_mixin.py:154} INFO - [2023-12-03T09:59:53.797+0000] {dagbag.py:536} INFO - Filling up the DagBag from /opt/airflow/dags/batch_load_bigquery_dag.py
[2023-12-03T09:59:54.182+0000] {processor.py:839} INFO - DAG(s) dict_keys(['bigquery_batch_load_dag']) retrieved from /opt/airflow/dags/batch_load_bigquery_dag.py
[2023-12-03T09:59:54.201+0000] {logging_mixin.py:154} INFO - [2023-12-03T09:59:54.200+0000] {dag.py:2941} INFO - Sync 1 DAGs
[2023-12-03T09:59:54.220+0000] {logging_mixin.py:154} INFO - [2023-12-03T09:59:54.220+0000] {dag.py:3722} INFO - Setting next_dagrun for bigquery_batch_load_dag to 2024-01-01T00:00:00+00:00, run_after=2025-01-01T00:00:00+00:00
[2023-12-03T09:59:54.233+0000] {processor.py:179} INFO - Processing /opt/airflow/dags/batch_load_bigquery_dag.py took 0.448 seconds
[2023-12-03T10:00:24.461+0000] {processor.py:157} INFO - Started process (PID=2015) to work on /opt/airflow/dags/batch_load_bigquery_dag.py
[2023-12-03T10:00:24.462+0000] {processor.py:829} INFO - Processing file /opt/airflow/dags/batch_load_bigquery_dag.py for tasks to queue
[2023-12-03T10:00:24.464+0000] {logging_mixin.py:154} INFO - [2023-12-03T10:00:24.464+0000] {dagbag.py:536} INFO - Filling up the DagBag from /opt/airflow/dags/batch_load_bigquery_dag.py
[2023-12-03T10:00:24.791+0000] {processor.py:839} INFO - DAG(s) dict_keys(['bigquery_batch_load_dag']) retrieved from /opt/airflow/dags/batch_load_bigquery_dag.py
[2023-12-03T10:00:24.807+0000] {logging_mixin.py:154} INFO - [2023-12-03T10:00:24.806+0000] {dag.py:2941} INFO - Sync 1 DAGs
[2023-12-03T10:00:24.825+0000] {logging_mixin.py:154} INFO - [2023-12-03T10:00:24.825+0000] {dag.py:3722} INFO - Setting next_dagrun for bigquery_batch_load_dag to 2024-01-01T00:00:00+00:00, run_after=2025-01-01T00:00:00+00:00
[2023-12-03T10:00:24.838+0000] {processor.py:179} INFO - Processing /opt/airflow/dags/batch_load_bigquery_dag.py took 0.381 seconds
[2023-12-03T10:00:54.886+0000] {processor.py:157} INFO - Started process (PID=2072) to work on /opt/airflow/dags/batch_load_bigquery_dag.py
[2023-12-03T10:00:54.887+0000] {processor.py:829} INFO - Processing file /opt/airflow/dags/batch_load_bigquery_dag.py for tasks to queue
[2023-12-03T10:00:54.890+0000] {logging_mixin.py:154} INFO - [2023-12-03T10:00:54.889+0000] {dagbag.py:536} INFO - Filling up the DagBag from /opt/airflow/dags/batch_load_bigquery_dag.py
[2023-12-03T10:00:55.248+0000] {processor.py:839} INFO - DAG(s) dict_keys(['bigquery_batch_load_dag']) retrieved from /opt/airflow/dags/batch_load_bigquery_dag.py
[2023-12-03T10:00:55.264+0000] {logging_mixin.py:154} INFO - [2023-12-03T10:00:55.264+0000] {dag.py:2941} INFO - Sync 1 DAGs
[2023-12-03T10:00:55.284+0000] {logging_mixin.py:154} INFO - [2023-12-03T10:00:55.284+0000] {dag.py:3722} INFO - Setting next_dagrun for bigquery_batch_load_dag to 2024-01-01T00:00:00+00:00, run_after=2025-01-01T00:00:00+00:00
[2023-12-03T10:00:55.298+0000] {processor.py:179} INFO - Processing /opt/airflow/dags/batch_load_bigquery_dag.py took 0.416 seconds
[2023-12-03T10:01:25.916+0000] {processor.py:157} INFO - Started process (PID=2129) to work on /opt/airflow/dags/batch_load_bigquery_dag.py
[2023-12-03T10:01:25.917+0000] {processor.py:829} INFO - Processing file /opt/airflow/dags/batch_load_bigquery_dag.py for tasks to queue
[2023-12-03T10:01:25.919+0000] {logging_mixin.py:154} INFO - [2023-12-03T10:01:25.919+0000] {dagbag.py:536} INFO - Filling up the DagBag from /opt/airflow/dags/batch_load_bigquery_dag.py
[2023-12-03T10:01:26.298+0000] {processor.py:839} INFO - DAG(s) dict_keys(['bigquery_batch_load_dag']) retrieved from /opt/airflow/dags/batch_load_bigquery_dag.py
[2023-12-03T10:01:26.436+0000] {logging_mixin.py:154} INFO - [2023-12-03T10:01:26.436+0000] {dag.py:2941} INFO - Sync 1 DAGs
[2023-12-03T10:01:26.454+0000] {logging_mixin.py:154} INFO - [2023-12-03T10:01:26.454+0000] {dag.py:3722} INFO - Setting next_dagrun for bigquery_batch_load_dag to 2024-01-01T00:00:00+00:00, run_after=2025-01-01T00:00:00+00:00
[2023-12-03T10:01:26.467+0000] {processor.py:179} INFO - Processing /opt/airflow/dags/batch_load_bigquery_dag.py took 0.556 seconds
[2023-12-03T10:01:56.597+0000] {processor.py:157} INFO - Started process (PID=2191) to work on /opt/airflow/dags/batch_load_bigquery_dag.py
[2023-12-03T10:01:56.598+0000] {processor.py:829} INFO - Processing file /opt/airflow/dags/batch_load_bigquery_dag.py for tasks to queue
[2023-12-03T10:01:56.600+0000] {logging_mixin.py:154} INFO - [2023-12-03T10:01:56.600+0000] {dagbag.py:536} INFO - Filling up the DagBag from /opt/airflow/dags/batch_load_bigquery_dag.py
[2023-12-03T10:01:57.210+0000] {processor.py:839} INFO - DAG(s) dict_keys(['bigquery_batch_load_dag']) retrieved from /opt/airflow/dags/batch_load_bigquery_dag.py
[2023-12-03T10:01:57.233+0000] {logging_mixin.py:154} INFO - [2023-12-03T10:01:57.232+0000] {dag.py:2941} INFO - Sync 1 DAGs
[2023-12-03T10:01:57.404+0000] {logging_mixin.py:154} INFO - [2023-12-03T10:01:57.404+0000] {dag.py:3722} INFO - Setting next_dagrun for bigquery_batch_load_dag to 2024-01-01T00:00:00+00:00, run_after=2025-01-01T00:00:00+00:00
[2023-12-03T10:01:57.417+0000] {processor.py:179} INFO - Processing /opt/airflow/dags/batch_load_bigquery_dag.py took 0.825 seconds
[2023-12-03T10:02:27.534+0000] {processor.py:157} INFO - Started process (PID=2247) to work on /opt/airflow/dags/batch_load_bigquery_dag.py
[2023-12-03T10:02:27.536+0000] {processor.py:829} INFO - Processing file /opt/airflow/dags/batch_load_bigquery_dag.py for tasks to queue
[2023-12-03T10:02:27.539+0000] {logging_mixin.py:154} INFO - [2023-12-03T10:02:27.538+0000] {dagbag.py:536} INFO - Filling up the DagBag from /opt/airflow/dags/batch_load_bigquery_dag.py
[2023-12-03T10:02:27.892+0000] {processor.py:839} INFO - DAG(s) dict_keys(['bigquery_batch_load_dag']) retrieved from /opt/airflow/dags/batch_load_bigquery_dag.py
[2023-12-03T10:02:27.907+0000] {logging_mixin.py:154} INFO - [2023-12-03T10:02:27.907+0000] {dag.py:2941} INFO - Sync 1 DAGs
[2023-12-03T10:02:28.051+0000] {logging_mixin.py:154} INFO - [2023-12-03T10:02:28.051+0000] {dag.py:3722} INFO - Setting next_dagrun for bigquery_batch_load_dag to 2024-01-01T00:00:00+00:00, run_after=2025-01-01T00:00:00+00:00
[2023-12-03T10:02:28.062+0000] {processor.py:179} INFO - Processing /opt/airflow/dags/batch_load_bigquery_dag.py took 0.532 seconds
[2023-12-03T10:02:58.574+0000] {processor.py:157} INFO - Started process (PID=2305) to work on /opt/airflow/dags/batch_load_bigquery_dag.py
[2023-12-03T10:02:58.575+0000] {processor.py:829} INFO - Processing file /opt/airflow/dags/batch_load_bigquery_dag.py for tasks to queue
[2023-12-03T10:02:58.577+0000] {logging_mixin.py:154} INFO - [2023-12-03T10:02:58.577+0000] {dagbag.py:536} INFO - Filling up the DagBag from /opt/airflow/dags/batch_load_bigquery_dag.py
[2023-12-03T10:02:58.917+0000] {processor.py:839} INFO - DAG(s) dict_keys(['bigquery_batch_load_dag']) retrieved from /opt/airflow/dags/batch_load_bigquery_dag.py
[2023-12-03T10:02:58.932+0000] {logging_mixin.py:154} INFO - [2023-12-03T10:02:58.932+0000] {dag.py:2941} INFO - Sync 1 DAGs
[2023-12-03T10:02:59.105+0000] {logging_mixin.py:154} INFO - [2023-12-03T10:02:59.105+0000] {dag.py:3722} INFO - Setting next_dagrun for bigquery_batch_load_dag to 2024-01-01T00:00:00+00:00, run_after=2025-01-01T00:00:00+00:00
[2023-12-03T10:02:59.126+0000] {processor.py:179} INFO - Processing /opt/airflow/dags/batch_load_bigquery_dag.py took 0.557 seconds
[2023-12-03T10:03:29.207+0000] {processor.py:157} INFO - Started process (PID=2363) to work on /opt/airflow/dags/batch_load_bigquery_dag.py
[2023-12-03T10:03:29.208+0000] {processor.py:829} INFO - Processing file /opt/airflow/dags/batch_load_bigquery_dag.py for tasks to queue
[2023-12-03T10:03:29.211+0000] {logging_mixin.py:154} INFO - [2023-12-03T10:03:29.211+0000] {dagbag.py:536} INFO - Filling up the DagBag from /opt/airflow/dags/batch_load_bigquery_dag.py
[2023-12-03T10:03:29.559+0000] {processor.py:839} INFO - DAG(s) dict_keys(['bigquery_batch_load_dag']) retrieved from /opt/airflow/dags/batch_load_bigquery_dag.py
[2023-12-03T10:03:29.574+0000] {logging_mixin.py:154} INFO - [2023-12-03T10:03:29.574+0000] {dag.py:2941} INFO - Sync 1 DAGs
[2023-12-03T10:03:29.713+0000] {logging_mixin.py:154} INFO - [2023-12-03T10:03:29.713+0000] {dag.py:3722} INFO - Setting next_dagrun for bigquery_batch_load_dag to 2024-01-01T00:00:00+00:00, run_after=2025-01-01T00:00:00+00:00
[2023-12-03T10:03:29.724+0000] {processor.py:179} INFO - Processing /opt/airflow/dags/batch_load_bigquery_dag.py took 0.522 seconds
[2023-12-03T10:03:59.926+0000] {processor.py:157} INFO - Started process (PID=2421) to work on /opt/airflow/dags/batch_load_bigquery_dag.py
[2023-12-03T10:03:59.927+0000] {processor.py:829} INFO - Processing file /opt/airflow/dags/batch_load_bigquery_dag.py for tasks to queue
[2023-12-03T10:03:59.930+0000] {logging_mixin.py:154} INFO - [2023-12-03T10:03:59.930+0000] {dagbag.py:536} INFO - Filling up the DagBag from /opt/airflow/dags/batch_load_bigquery_dag.py
[2023-12-03T10:04:00.338+0000] {processor.py:839} INFO - DAG(s) dict_keys(['bigquery_batch_load_dag']) retrieved from /opt/airflow/dags/batch_load_bigquery_dag.py
[2023-12-03T10:04:00.360+0000] {logging_mixin.py:154} INFO - [2023-12-03T10:04:00.359+0000] {dag.py:2941} INFO - Sync 1 DAGs
[2023-12-03T10:04:00.543+0000] {logging_mixin.py:154} INFO - [2023-12-03T10:04:00.543+0000] {dag.py:3722} INFO - Setting next_dagrun for bigquery_batch_load_dag to 2024-01-01T00:00:00+00:00, run_after=2025-01-01T00:00:00+00:00
[2023-12-03T10:04:00.555+0000] {processor.py:179} INFO - Processing /opt/airflow/dags/batch_load_bigquery_dag.py took 0.634 seconds
[2023-12-03T10:04:30.831+0000] {processor.py:157} INFO - Started process (PID=2481) to work on /opt/airflow/dags/batch_load_bigquery_dag.py
[2023-12-03T10:04:30.832+0000] {processor.py:829} INFO - Processing file /opt/airflow/dags/batch_load_bigquery_dag.py for tasks to queue
[2023-12-03T10:04:30.834+0000] {logging_mixin.py:154} INFO - [2023-12-03T10:04:30.833+0000] {dagbag.py:536} INFO - Filling up the DagBag from /opt/airflow/dags/batch_load_bigquery_dag.py
[2023-12-03T10:04:31.286+0000] {processor.py:839} INFO - DAG(s) dict_keys(['bigquery_batch_load_dag']) retrieved from /opt/airflow/dags/batch_load_bigquery_dag.py
[2023-12-03T10:04:31.299+0000] {logging_mixin.py:154} INFO - [2023-12-03T10:04:31.299+0000] {dag.py:2941} INFO - Sync 1 DAGs
[2023-12-03T10:04:31.317+0000] {logging_mixin.py:154} INFO - [2023-12-03T10:04:31.317+0000] {dag.py:3722} INFO - Setting next_dagrun for bigquery_batch_load_dag to 2024-01-01T00:00:00+00:00, run_after=2025-01-01T00:00:00+00:00
[2023-12-03T10:04:31.329+0000] {processor.py:179} INFO - Processing /opt/airflow/dags/batch_load_bigquery_dag.py took 0.502 seconds
[2023-12-03T10:05:01.433+0000] {processor.py:157} INFO - Started process (PID=2539) to work on /opt/airflow/dags/batch_load_bigquery_dag.py
[2023-12-03T10:05:01.434+0000] {processor.py:829} INFO - Processing file /opt/airflow/dags/batch_load_bigquery_dag.py for tasks to queue
[2023-12-03T10:05:01.437+0000] {logging_mixin.py:154} INFO - [2023-12-03T10:05:01.437+0000] {dagbag.py:536} INFO - Filling up the DagBag from /opt/airflow/dags/batch_load_bigquery_dag.py
[2023-12-03T10:05:01.901+0000] {processor.py:839} INFO - DAG(s) dict_keys(['bigquery_batch_load_dag']) retrieved from /opt/airflow/dags/batch_load_bigquery_dag.py
[2023-12-03T10:05:01.916+0000] {logging_mixin.py:154} INFO - [2023-12-03T10:05:01.915+0000] {dag.py:2941} INFO - Sync 1 DAGs
[2023-12-03T10:05:01.933+0000] {logging_mixin.py:154} INFO - [2023-12-03T10:05:01.933+0000] {dag.py:3722} INFO - Setting next_dagrun for bigquery_batch_load_dag to 2024-01-01T00:00:00+00:00, run_after=2025-01-01T00:00:00+00:00
[2023-12-03T10:05:01.945+0000] {processor.py:179} INFO - Processing /opt/airflow/dags/batch_load_bigquery_dag.py took 0.518 seconds
[2023-12-03T10:05:32.161+0000] {processor.py:157} INFO - Started process (PID=2597) to work on /opt/airflow/dags/batch_load_bigquery_dag.py
[2023-12-03T10:05:32.162+0000] {processor.py:829} INFO - Processing file /opt/airflow/dags/batch_load_bigquery_dag.py for tasks to queue
[2023-12-03T10:05:32.164+0000] {logging_mixin.py:154} INFO - [2023-12-03T10:05:32.164+0000] {dagbag.py:536} INFO - Filling up the DagBag from /opt/airflow/dags/batch_load_bigquery_dag.py
[2023-12-03T10:05:32.624+0000] {processor.py:839} INFO - DAG(s) dict_keys(['bigquery_batch_load_dag']) retrieved from /opt/airflow/dags/batch_load_bigquery_dag.py
[2023-12-03T10:05:32.637+0000] {logging_mixin.py:154} INFO - [2023-12-03T10:05:32.636+0000] {dag.py:2941} INFO - Sync 1 DAGs
[2023-12-03T10:05:32.655+0000] {logging_mixin.py:154} INFO - [2023-12-03T10:05:32.655+0000] {dag.py:3722} INFO - Setting next_dagrun for bigquery_batch_load_dag to 2024-01-01T00:00:00+00:00, run_after=2025-01-01T00:00:00+00:00
[2023-12-03T10:05:32.668+0000] {processor.py:179} INFO - Processing /opt/airflow/dags/batch_load_bigquery_dag.py took 0.509 seconds
[2023-12-03T10:06:03.080+0000] {processor.py:157} INFO - Started process (PID=2654) to work on /opt/airflow/dags/batch_load_bigquery_dag.py
[2023-12-03T10:06:03.081+0000] {processor.py:829} INFO - Processing file /opt/airflow/dags/batch_load_bigquery_dag.py for tasks to queue
[2023-12-03T10:06:03.084+0000] {logging_mixin.py:154} INFO - [2023-12-03T10:06:03.084+0000] {dagbag.py:536} INFO - Filling up the DagBag from /opt/airflow/dags/batch_load_bigquery_dag.py
[2023-12-03T10:06:03.698+0000] {processor.py:839} INFO - DAG(s) dict_keys(['bigquery_batch_load_dag']) retrieved from /opt/airflow/dags/batch_load_bigquery_dag.py
[2023-12-03T10:06:03.713+0000] {logging_mixin.py:154} INFO - [2023-12-03T10:06:03.712+0000] {dag.py:2941} INFO - Sync 1 DAGs
[2023-12-03T10:06:03.732+0000] {logging_mixin.py:154} INFO - [2023-12-03T10:06:03.732+0000] {dag.py:3722} INFO - Setting next_dagrun for bigquery_batch_load_dag to 2024-01-01T00:00:00+00:00, run_after=2025-01-01T00:00:00+00:00
[2023-12-03T10:06:03.748+0000] {processor.py:179} INFO - Processing /opt/airflow/dags/batch_load_bigquery_dag.py took 0.673 seconds
[2023-12-03T10:06:33.894+0000] {processor.py:157} INFO - Started process (PID=2709) to work on /opt/airflow/dags/batch_load_bigquery_dag.py
[2023-12-03T10:06:33.895+0000] {processor.py:829} INFO - Processing file /opt/airflow/dags/batch_load_bigquery_dag.py for tasks to queue
[2023-12-03T10:06:33.897+0000] {logging_mixin.py:154} INFO - [2023-12-03T10:06:33.897+0000] {dagbag.py:536} INFO - Filling up the DagBag from /opt/airflow/dags/batch_load_bigquery_dag.py
[2023-12-03T10:06:34.454+0000] {processor.py:839} INFO - DAG(s) dict_keys(['bigquery_batch_load_dag']) retrieved from /opt/airflow/dags/batch_load_bigquery_dag.py
[2023-12-03T10:06:34.471+0000] {logging_mixin.py:154} INFO - [2023-12-03T10:06:34.470+0000] {dag.py:2941} INFO - Sync 1 DAGs
[2023-12-03T10:06:34.495+0000] {logging_mixin.py:154} INFO - [2023-12-03T10:06:34.495+0000] {dag.py:3722} INFO - Setting next_dagrun for bigquery_batch_load_dag to 2024-01-01T00:00:00+00:00, run_after=2025-01-01T00:00:00+00:00
[2023-12-03T10:06:34.514+0000] {processor.py:179} INFO - Processing /opt/airflow/dags/batch_load_bigquery_dag.py took 0.623 seconds
[2023-12-03T10:07:05.186+0000] {processor.py:157} INFO - Started process (PID=2767) to work on /opt/airflow/dags/batch_load_bigquery_dag.py
[2023-12-03T10:07:05.187+0000] {processor.py:829} INFO - Processing file /opt/airflow/dags/batch_load_bigquery_dag.py for tasks to queue
[2023-12-03T10:07:05.190+0000] {logging_mixin.py:154} INFO - [2023-12-03T10:07:05.190+0000] {dagbag.py:536} INFO - Filling up the DagBag from /opt/airflow/dags/batch_load_bigquery_dag.py
[2023-12-03T10:07:05.699+0000] {processor.py:839} INFO - DAG(s) dict_keys(['bigquery_batch_load_dag']) retrieved from /opt/airflow/dags/batch_load_bigquery_dag.py
[2023-12-03T10:07:05.713+0000] {logging_mixin.py:154} INFO - [2023-12-03T10:07:05.712+0000] {dag.py:2941} INFO - Sync 1 DAGs
[2023-12-03T10:07:05.738+0000] {logging_mixin.py:154} INFO - [2023-12-03T10:07:05.738+0000] {dag.py:3722} INFO - Setting next_dagrun for bigquery_batch_load_dag to 2024-01-01T00:00:00+00:00, run_after=2025-01-01T00:00:00+00:00
[2023-12-03T10:07:05.758+0000] {processor.py:179} INFO - Processing /opt/airflow/dags/batch_load_bigquery_dag.py took 0.575 seconds
[2023-12-03T10:07:36.338+0000] {processor.py:157} INFO - Started process (PID=2832) to work on /opt/airflow/dags/batch_load_bigquery_dag.py
[2023-12-03T10:07:36.339+0000] {processor.py:829} INFO - Processing file /opt/airflow/dags/batch_load_bigquery_dag.py for tasks to queue
[2023-12-03T10:07:36.342+0000] {logging_mixin.py:154} INFO - [2023-12-03T10:07:36.342+0000] {dagbag.py:536} INFO - Filling up the DagBag from /opt/airflow/dags/batch_load_bigquery_dag.py
[2023-12-03T10:07:36.877+0000] {processor.py:839} INFO - DAG(s) dict_keys(['bigquery_batch_load_dag']) retrieved from /opt/airflow/dags/batch_load_bigquery_dag.py
[2023-12-03T10:07:36.900+0000] {logging_mixin.py:154} INFO - [2023-12-03T10:07:36.899+0000] {dag.py:2941} INFO - Sync 1 DAGs
[2023-12-03T10:07:36.918+0000] {logging_mixin.py:154} INFO - [2023-12-03T10:07:36.917+0000] {dag.py:3722} INFO - Setting next_dagrun for bigquery_batch_load_dag to 2024-01-01T00:00:00+00:00, run_after=2025-01-01T00:00:00+00:00
[2023-12-03T10:07:36.931+0000] {processor.py:179} INFO - Processing /opt/airflow/dags/batch_load_bigquery_dag.py took 0.597 seconds
[2023-12-03T11:28:18.292+0000] {processor.py:157} INFO - Started process (PID=2890) to work on /opt/airflow/dags/batch_load_bigquery_dag.py
[2023-12-03T11:28:18.319+0000] {processor.py:829} INFO - Processing file /opt/airflow/dags/batch_load_bigquery_dag.py for tasks to queue
[2023-12-03T11:28:18.340+0000] {logging_mixin.py:154} INFO - [2023-12-03T11:28:18.339+0000] {dagbag.py:536} INFO - Filling up the DagBag from /opt/airflow/dags/batch_load_bigquery_dag.py
[2023-12-03T11:28:18.980+0000] {processor.py:839} INFO - DAG(s) dict_keys(['bigquery_batch_load_dag']) retrieved from /opt/airflow/dags/batch_load_bigquery_dag.py
[2023-12-03T11:28:19.041+0000] {logging_mixin.py:154} INFO - [2023-12-03T11:28:19.040+0000] {dag.py:2941} INFO - Sync 1 DAGs
[2023-12-03T11:28:19.113+0000] {logging_mixin.py:154} INFO - [2023-12-03T11:28:19.112+0000] {dag.py:3722} INFO - Setting next_dagrun for bigquery_batch_load_dag to 2024-01-01T00:00:00+00:00, run_after=2025-01-01T00:00:00+00:00
[2023-12-03T11:28:19.144+0000] {processor.py:179} INFO - Processing /opt/airflow/dags/batch_load_bigquery_dag.py took 0.889 seconds
[2023-12-03T12:09:27.172+0000] {processor.py:157} INFO - Started process (PID=2941) to work on /opt/airflow/dags/batch_load_bigquery_dag.py
[2023-12-03T12:09:27.173+0000] {processor.py:829} INFO - Processing file /opt/airflow/dags/batch_load_bigquery_dag.py for tasks to queue
[2023-12-03T12:09:27.177+0000] {logging_mixin.py:154} INFO - [2023-12-03T12:09:27.176+0000] {dagbag.py:536} INFO - Filling up the DagBag from /opt/airflow/dags/batch_load_bigquery_dag.py
[2023-12-03T12:09:28.278+0000] {processor.py:839} INFO - DAG(s) dict_keys(['bigquery_batch_load_dag']) retrieved from /opt/airflow/dags/batch_load_bigquery_dag.py
[2023-12-03T12:09:28.305+0000] {logging_mixin.py:154} INFO - [2023-12-03T12:09:28.304+0000] {dag.py:2941} INFO - Sync 1 DAGs
[2023-12-03T12:09:28.344+0000] {logging_mixin.py:154} INFO - [2023-12-03T12:09:28.344+0000] {dag.py:3722} INFO - Setting next_dagrun for bigquery_batch_load_dag to 2024-01-01T00:00:00+00:00, run_after=2025-01-01T00:00:00+00:00
[2023-12-03T12:09:28.370+0000] {processor.py:179} INFO - Processing /opt/airflow/dags/batch_load_bigquery_dag.py took 1.202 seconds
[2023-12-03T12:27:29.372+0000] {processor.py:157} INFO - Started process (PID=2998) to work on /opt/airflow/dags/batch_load_bigquery_dag.py
[2023-12-03T12:27:29.374+0000] {processor.py:829} INFO - Processing file /opt/airflow/dags/batch_load_bigquery_dag.py for tasks to queue
[2023-12-03T12:27:29.386+0000] {logging_mixin.py:154} INFO - [2023-12-03T12:27:29.385+0000] {dagbag.py:536} INFO - Filling up the DagBag from /opt/airflow/dags/batch_load_bigquery_dag.py
[2023-12-03T12:27:30.428+0000] {processor.py:839} INFO - DAG(s) dict_keys(['bigquery_batch_load_dag']) retrieved from /opt/airflow/dags/batch_load_bigquery_dag.py
[2023-12-03T12:27:30.452+0000] {logging_mixin.py:154} INFO - [2023-12-03T12:27:30.451+0000] {dag.py:2941} INFO - Sync 1 DAGs
[2023-12-03T12:27:30.469+0000] {logging_mixin.py:154} INFO - [2023-12-03T12:27:30.469+0000] {dag.py:3722} INFO - Setting next_dagrun for bigquery_batch_load_dag to 2024-01-01T00:00:00+00:00, run_after=2025-01-01T00:00:00+00:00
[2023-12-03T12:27:30.493+0000] {processor.py:179} INFO - Processing /opt/airflow/dags/batch_load_bigquery_dag.py took 1.128 seconds
[2023-12-03T12:44:53.080+0000] {processor.py:157} INFO - Started process (PID=3056) to work on /opt/airflow/dags/batch_load_bigquery_dag.py
[2023-12-03T12:44:53.081+0000] {processor.py:829} INFO - Processing file /opt/airflow/dags/batch_load_bigquery_dag.py for tasks to queue
[2023-12-03T12:44:53.083+0000] {logging_mixin.py:154} INFO - [2023-12-03T12:44:53.083+0000] {dagbag.py:536} INFO - Filling up the DagBag from /opt/airflow/dags/batch_load_bigquery_dag.py
[2023-12-03T12:44:53.522+0000] {processor.py:839} INFO - DAG(s) dict_keys(['bigquery_batch_load_dag']) retrieved from /opt/airflow/dags/batch_load_bigquery_dag.py
[2023-12-03T12:44:53.536+0000] {logging_mixin.py:154} INFO - [2023-12-03T12:44:53.536+0000] {dag.py:2941} INFO - Sync 1 DAGs
[2023-12-03T12:44:53.550+0000] {logging_mixin.py:154} INFO - [2023-12-03T12:44:53.550+0000] {dag.py:3722} INFO - Setting next_dagrun for bigquery_batch_load_dag to 2024-01-01T00:00:00+00:00, run_after=2025-01-01T00:00:00+00:00
[2023-12-03T12:44:53.563+0000] {processor.py:179} INFO - Processing /opt/airflow/dags/batch_load_bigquery_dag.py took 0.487 seconds
[2023-12-03T13:35:08.684+0000] {processor.py:157} INFO - Started process (PID=3114) to work on /opt/airflow/dags/batch_load_bigquery_dag.py
[2023-12-03T13:35:08.685+0000] {processor.py:829} INFO - Processing file /opt/airflow/dags/batch_load_bigquery_dag.py for tasks to queue
[2023-12-03T13:35:08.688+0000] {logging_mixin.py:154} INFO - [2023-12-03T13:35:08.687+0000] {dagbag.py:536} INFO - Filling up the DagBag from /opt/airflow/dags/batch_load_bigquery_dag.py
[2023-12-03T13:35:09.403+0000] {processor.py:839} INFO - DAG(s) dict_keys(['bigquery_batch_load_dag']) retrieved from /opt/airflow/dags/batch_load_bigquery_dag.py
[2023-12-03T13:35:09.451+0000] {logging_mixin.py:154} INFO - [2023-12-03T13:35:09.450+0000] {dag.py:2941} INFO - Sync 1 DAGs
[2023-12-03T13:35:09.496+0000] {logging_mixin.py:154} INFO - [2023-12-03T13:35:09.495+0000] {dag.py:3722} INFO - Setting next_dagrun for bigquery_batch_load_dag to 2024-01-01T00:00:00+00:00, run_after=2025-01-01T00:00:00+00:00
[2023-12-03T13:35:09.538+0000] {processor.py:179} INFO - Processing /opt/airflow/dags/batch_load_bigquery_dag.py took 0.857 seconds
[2023-12-03T14:27:22.356+0000] {processor.py:157} INFO - Started process (PID=3172) to work on /opt/airflow/dags/batch_load_bigquery_dag.py
[2023-12-03T14:27:22.357+0000] {processor.py:829} INFO - Processing file /opt/airflow/dags/batch_load_bigquery_dag.py for tasks to queue
[2023-12-03T14:27:22.361+0000] {logging_mixin.py:154} INFO - [2023-12-03T14:27:22.360+0000] {dagbag.py:536} INFO - Filling up the DagBag from /opt/airflow/dags/batch_load_bigquery_dag.py
[2023-12-03T14:27:22.798+0000] {processor.py:839} INFO - DAG(s) dict_keys(['bigquery_batch_load_dag']) retrieved from /opt/airflow/dags/batch_load_bigquery_dag.py
[2023-12-03T14:27:22.813+0000] {logging_mixin.py:154} INFO - [2023-12-03T14:27:22.813+0000] {dag.py:2941} INFO - Sync 1 DAGs
[2023-12-03T14:27:22.828+0000] {logging_mixin.py:154} INFO - [2023-12-03T14:27:22.828+0000] {dag.py:3722} INFO - Setting next_dagrun for bigquery_batch_load_dag to 2024-01-01T00:00:00+00:00, run_after=2025-01-01T00:00:00+00:00
[2023-12-03T14:27:22.840+0000] {processor.py:179} INFO - Processing /opt/airflow/dags/batch_load_bigquery_dag.py took 0.487 seconds
[2023-12-03T15:18:31.060+0000] {processor.py:157} INFO - Started process (PID=3230) to work on /opt/airflow/dags/batch_load_bigquery_dag.py
[2023-12-03T15:18:31.061+0000] {processor.py:829} INFO - Processing file /opt/airflow/dags/batch_load_bigquery_dag.py for tasks to queue
[2023-12-03T15:18:31.064+0000] {logging_mixin.py:154} INFO - [2023-12-03T15:18:31.063+0000] {dagbag.py:536} INFO - Filling up the DagBag from /opt/airflow/dags/batch_load_bigquery_dag.py
[2023-12-03T15:18:31.980+0000] {processor.py:839} INFO - DAG(s) dict_keys(['bigquery_batch_load_dag']) retrieved from /opt/airflow/dags/batch_load_bigquery_dag.py
[2023-12-03T15:18:32.023+0000] {logging_mixin.py:154} INFO - [2023-12-03T15:18:32.023+0000] {dag.py:2941} INFO - Sync 1 DAGs
[2023-12-03T15:18:32.055+0000] {logging_mixin.py:154} INFO - [2023-12-03T15:18:32.055+0000] {dag.py:3722} INFO - Setting next_dagrun for bigquery_batch_load_dag to 2024-01-01T00:00:00+00:00, run_after=2025-01-01T00:00:00+00:00
[2023-12-03T15:18:32.121+0000] {processor.py:179} INFO - Processing /opt/airflow/dags/batch_load_bigquery_dag.py took 1.066 seconds
[2023-12-03T16:07:31.432+0000] {processor.py:157} INFO - Started process (PID=3288) to work on /opt/airflow/dags/batch_load_bigquery_dag.py
[2023-12-03T16:07:31.437+0000] {processor.py:829} INFO - Processing file /opt/airflow/dags/batch_load_bigquery_dag.py for tasks to queue
[2023-12-03T16:07:31.444+0000] {logging_mixin.py:154} INFO - [2023-12-03T16:07:31.443+0000] {dagbag.py:536} INFO - Filling up the DagBag from /opt/airflow/dags/batch_load_bigquery_dag.py
[2023-12-03T16:07:32.177+0000] {processor.py:839} INFO - DAG(s) dict_keys(['bigquery_batch_load_dag']) retrieved from /opt/airflow/dags/batch_load_bigquery_dag.py
[2023-12-03T16:07:32.200+0000] {logging_mixin.py:154} INFO - [2023-12-03T16:07:32.199+0000] {dag.py:2941} INFO - Sync 1 DAGs
[2023-12-03T16:07:32.225+0000] {logging_mixin.py:154} INFO - [2023-12-03T16:07:32.225+0000] {dag.py:3722} INFO - Setting next_dagrun for bigquery_batch_load_dag to 2024-01-01T00:00:00+00:00, run_after=2025-01-01T00:00:00+00:00
[2023-12-03T16:07:32.264+0000] {processor.py:179} INFO - Processing /opt/airflow/dags/batch_load_bigquery_dag.py took 0.837 seconds
[2023-12-03T16:58:02.670+0000] {processor.py:157} INFO - Started process (PID=3346) to work on /opt/airflow/dags/batch_load_bigquery_dag.py
[2023-12-03T16:58:02.671+0000] {processor.py:829} INFO - Processing file /opt/airflow/dags/batch_load_bigquery_dag.py for tasks to queue
[2023-12-03T16:58:02.675+0000] {logging_mixin.py:154} INFO - [2023-12-03T16:58:02.674+0000] {dagbag.py:536} INFO - Filling up the DagBag from /opt/airflow/dags/batch_load_bigquery_dag.py
[2023-12-03T16:58:03.383+0000] {processor.py:839} INFO - DAG(s) dict_keys(['bigquery_batch_load_dag']) retrieved from /opt/airflow/dags/batch_load_bigquery_dag.py
[2023-12-03T16:58:03.396+0000] {logging_mixin.py:154} INFO - [2023-12-03T16:58:03.395+0000] {dag.py:2941} INFO - Sync 1 DAGs
[2023-12-03T16:58:03.411+0000] {logging_mixin.py:154} INFO - [2023-12-03T16:58:03.411+0000] {dag.py:3722} INFO - Setting next_dagrun for bigquery_batch_load_dag to 2024-01-01T00:00:00+00:00, run_after=2025-01-01T00:00:00+00:00
[2023-12-03T16:58:03.423+0000] {processor.py:179} INFO - Processing /opt/airflow/dags/batch_load_bigquery_dag.py took 0.757 seconds
[2023-12-03T17:46:20.553+0000] {processor.py:157} INFO - Started process (PID=3404) to work on /opt/airflow/dags/batch_load_bigquery_dag.py
[2023-12-03T17:46:20.562+0000] {processor.py:829} INFO - Processing file /opt/airflow/dags/batch_load_bigquery_dag.py for tasks to queue
[2023-12-03T17:46:20.565+0000] {logging_mixin.py:154} INFO - [2023-12-03T17:46:20.565+0000] {dagbag.py:536} INFO - Filling up the DagBag from /opt/airflow/dags/batch_load_bigquery_dag.py
[2023-12-03T17:46:21.346+0000] {processor.py:839} INFO - DAG(s) dict_keys(['bigquery_batch_load_dag']) retrieved from /opt/airflow/dags/batch_load_bigquery_dag.py
[2023-12-03T17:46:21.358+0000] {logging_mixin.py:154} INFO - [2023-12-03T17:46:21.357+0000] {dag.py:2941} INFO - Sync 1 DAGs
[2023-12-03T17:46:21.373+0000] {logging_mixin.py:154} INFO - [2023-12-03T17:46:21.373+0000] {dag.py:3722} INFO - Setting next_dagrun for bigquery_batch_load_dag to 2024-01-01T00:00:00+00:00, run_after=2025-01-01T00:00:00+00:00
[2023-12-03T17:46:21.385+0000] {processor.py:179} INFO - Processing /opt/airflow/dags/batch_load_bigquery_dag.py took 0.836 seconds
[2023-12-03T18:33:40.514+0000] {processor.py:157} INFO - Started process (PID=3462) to work on /opt/airflow/dags/batch_load_bigquery_dag.py
[2023-12-03T18:33:40.515+0000] {processor.py:829} INFO - Processing file /opt/airflow/dags/batch_load_bigquery_dag.py for tasks to queue
[2023-12-03T18:33:40.518+0000] {logging_mixin.py:154} INFO - [2023-12-03T18:33:40.517+0000] {dagbag.py:536} INFO - Filling up the DagBag from /opt/airflow/dags/batch_load_bigquery_dag.py
[2023-12-03T18:33:41.168+0000] {processor.py:839} INFO - DAG(s) dict_keys(['bigquery_batch_load_dag']) retrieved from /opt/airflow/dags/batch_load_bigquery_dag.py
[2023-12-03T18:33:41.183+0000] {logging_mixin.py:154} INFO - [2023-12-03T18:33:41.183+0000] {dag.py:2941} INFO - Sync 1 DAGs
[2023-12-03T18:33:41.201+0000] {logging_mixin.py:154} INFO - [2023-12-03T18:33:41.201+0000] {dag.py:3722} INFO - Setting next_dagrun for bigquery_batch_load_dag to 2024-01-01T00:00:00+00:00, run_after=2025-01-01T00:00:00+00:00
[2023-12-03T18:33:41.215+0000] {processor.py:179} INFO - Processing /opt/airflow/dags/batch_load_bigquery_dag.py took 0.704 seconds
[2023-12-03T19:06:24.837+0000] {processor.py:157} INFO - Started process (PID=3520) to work on /opt/airflow/dags/batch_load_bigquery_dag.py
[2023-12-03T19:06:24.843+0000] {processor.py:829} INFO - Processing file /opt/airflow/dags/batch_load_bigquery_dag.py for tasks to queue
[2023-12-03T19:06:24.855+0000] {logging_mixin.py:154} INFO - [2023-12-03T19:06:24.854+0000] {dagbag.py:536} INFO - Filling up the DagBag from /opt/airflow/dags/batch_load_bigquery_dag.py
[2023-12-03T19:06:25.514+0000] {processor.py:839} INFO - DAG(s) dict_keys(['bigquery_batch_load_dag']) retrieved from /opt/airflow/dags/batch_load_bigquery_dag.py
[2023-12-03T19:06:25.529+0000] {logging_mixin.py:154} INFO - [2023-12-03T19:06:25.529+0000] {dag.py:2941} INFO - Sync 1 DAGs
[2023-12-03T19:06:25.551+0000] {logging_mixin.py:154} INFO - [2023-12-03T19:06:25.551+0000] {dag.py:3722} INFO - Setting next_dagrun for bigquery_batch_load_dag to 2024-01-01T00:00:00+00:00, run_after=2025-01-01T00:00:00+00:00
[2023-12-03T19:06:25.566+0000] {processor.py:179} INFO - Processing /opt/airflow/dags/batch_load_bigquery_dag.py took 0.737 seconds
[2023-12-03T19:21:59.777+0000] {processor.py:157} INFO - Started process (PID=3578) to work on /opt/airflow/dags/batch_load_bigquery_dag.py
[2023-12-03T19:21:59.777+0000] {processor.py:829} INFO - Processing file /opt/airflow/dags/batch_load_bigquery_dag.py for tasks to queue
[2023-12-03T19:21:59.779+0000] {logging_mixin.py:154} INFO - [2023-12-03T19:21:59.779+0000] {dagbag.py:536} INFO - Filling up the DagBag from /opt/airflow/dags/batch_load_bigquery_dag.py
[2023-12-03T19:22:00.872+0000] {processor.py:839} INFO - DAG(s) dict_keys(['bigquery_batch_load_dag']) retrieved from /opt/airflow/dags/batch_load_bigquery_dag.py
[2023-12-03T19:22:00.893+0000] {logging_mixin.py:154} INFO - [2023-12-03T19:22:00.892+0000] {dag.py:2941} INFO - Sync 1 DAGs
[2023-12-03T19:22:00.913+0000] {logging_mixin.py:154} INFO - [2023-12-03T19:22:00.912+0000] {dag.py:3722} INFO - Setting next_dagrun for bigquery_batch_load_dag to 2024-01-01T00:00:00+00:00, run_after=2025-01-01T00:00:00+00:00
[2023-12-03T19:22:00.931+0000] {processor.py:179} INFO - Processing /opt/airflow/dags/batch_load_bigquery_dag.py took 1.158 seconds
[2023-12-03T20:11:31.669+0000] {processor.py:157} INFO - Started process (PID=3635) to work on /opt/airflow/dags/batch_load_bigquery_dag.py
[2023-12-03T20:11:31.671+0000] {processor.py:829} INFO - Processing file /opt/airflow/dags/batch_load_bigquery_dag.py for tasks to queue
[2023-12-03T20:11:31.683+0000] {logging_mixin.py:154} INFO - [2023-12-03T20:11:31.683+0000] {dagbag.py:536} INFO - Filling up the DagBag from /opt/airflow/dags/batch_load_bigquery_dag.py
[2023-12-03T20:11:32.478+0000] {processor.py:839} INFO - DAG(s) dict_keys(['bigquery_batch_load_dag']) retrieved from /opt/airflow/dags/batch_load_bigquery_dag.py
[2023-12-03T20:11:32.493+0000] {logging_mixin.py:154} INFO - [2023-12-03T20:11:32.492+0000] {dag.py:2941} INFO - Sync 1 DAGs
[2023-12-03T20:11:32.514+0000] {logging_mixin.py:154} INFO - [2023-12-03T20:11:32.514+0000] {dag.py:3722} INFO - Setting next_dagrun for bigquery_batch_load_dag to 2024-01-01T00:00:00+00:00, run_after=2025-01-01T00:00:00+00:00
[2023-12-03T20:11:32.529+0000] {processor.py:179} INFO - Processing /opt/airflow/dags/batch_load_bigquery_dag.py took 0.865 seconds
[2023-12-03T21:36:31.527+0000] {processor.py:157} INFO - Started process (PID=3693) to work on /opt/airflow/dags/batch_load_bigquery_dag.py
[2023-12-03T21:36:31.528+0000] {processor.py:829} INFO - Processing file /opt/airflow/dags/batch_load_bigquery_dag.py for tasks to queue
[2023-12-03T21:36:31.530+0000] {logging_mixin.py:154} INFO - [2023-12-03T21:36:31.530+0000] {dagbag.py:536} INFO - Filling up the DagBag from /opt/airflow/dags/batch_load_bigquery_dag.py
[2023-12-03T21:36:32.507+0000] {processor.py:839} INFO - DAG(s) dict_keys(['bigquery_batch_load_dag']) retrieved from /opt/airflow/dags/batch_load_bigquery_dag.py
[2023-12-03T21:36:32.605+0000] {logging_mixin.py:154} INFO - [2023-12-03T21:36:32.605+0000] {dag.py:2941} INFO - Sync 1 DAGs
[2023-12-03T21:36:32.636+0000] {logging_mixin.py:154} INFO - [2023-12-03T21:36:32.636+0000] {dag.py:3722} INFO - Setting next_dagrun for bigquery_batch_load_dag to 2024-01-01T00:00:00+00:00, run_after=2025-01-01T00:00:00+00:00
[2023-12-03T21:36:32.668+0000] {processor.py:179} INFO - Processing /opt/airflow/dags/batch_load_bigquery_dag.py took 1.145 seconds
[2023-12-03T22:57:29.753+0000] {processor.py:157} INFO - Started process (PID=3751) to work on /opt/airflow/dags/batch_load_bigquery_dag.py
[2023-12-03T22:57:29.757+0000] {processor.py:829} INFO - Processing file /opt/airflow/dags/batch_load_bigquery_dag.py for tasks to queue
[2023-12-03T22:57:29.779+0000] {logging_mixin.py:154} INFO - [2023-12-03T22:57:29.779+0000] {dagbag.py:536} INFO - Filling up the DagBag from /opt/airflow/dags/batch_load_bigquery_dag.py
[2023-12-03T22:57:30.474+0000] {processor.py:839} INFO - DAG(s) dict_keys(['bigquery_batch_load_dag']) retrieved from /opt/airflow/dags/batch_load_bigquery_dag.py
[2023-12-03T22:57:30.486+0000] {logging_mixin.py:154} INFO - [2023-12-03T22:57:30.486+0000] {dag.py:2941} INFO - Sync 1 DAGs
[2023-12-03T22:57:30.501+0000] {logging_mixin.py:154} INFO - [2023-12-03T22:57:30.501+0000] {dag.py:3722} INFO - Setting next_dagrun for bigquery_batch_load_dag to 2024-01-01T00:00:00+00:00, run_after=2025-01-01T00:00:00+00:00
[2023-12-03T22:57:30.512+0000] {processor.py:179} INFO - Processing /opt/airflow/dags/batch_load_bigquery_dag.py took 0.765 seconds
[2023-12-03T23:13:08.979+0000] {processor.py:157} INFO - Started process (PID=3809) to work on /opt/airflow/dags/batch_load_bigquery_dag.py
[2023-12-03T23:13:08.980+0000] {processor.py:829} INFO - Processing file /opt/airflow/dags/batch_load_bigquery_dag.py for tasks to queue
[2023-12-03T23:13:08.982+0000] {logging_mixin.py:154} INFO - [2023-12-03T23:13:08.982+0000] {dagbag.py:536} INFO - Filling up the DagBag from /opt/airflow/dags/batch_load_bigquery_dag.py
[2023-12-03T23:13:09.557+0000] {processor.py:839} INFO - DAG(s) dict_keys(['bigquery_batch_load_dag']) retrieved from /opt/airflow/dags/batch_load_bigquery_dag.py
[2023-12-03T23:13:09.570+0000] {logging_mixin.py:154} INFO - [2023-12-03T23:13:09.569+0000] {dag.py:2941} INFO - Sync 1 DAGs
[2023-12-03T23:13:09.583+0000] {logging_mixin.py:154} INFO - [2023-12-03T23:13:09.583+0000] {dag.py:3722} INFO - Setting next_dagrun for bigquery_batch_load_dag to 2024-01-01T00:00:00+00:00, run_after=2025-01-01T00:00:00+00:00
[2023-12-03T23:13:09.595+0000] {processor.py:179} INFO - Processing /opt/airflow/dags/batch_load_bigquery_dag.py took 0.620 seconds
[2023-12-03T23:22:16.454+0000] {processor.py:157} INFO - Started process (PID=3867) to work on /opt/airflow/dags/batch_load_bigquery_dag.py
[2023-12-03T23:22:16.456+0000] {processor.py:829} INFO - Processing file /opt/airflow/dags/batch_load_bigquery_dag.py for tasks to queue
[2023-12-03T23:22:16.457+0000] {logging_mixin.py:154} INFO - [2023-12-03T23:22:16.457+0000] {dagbag.py:536} INFO - Filling up the DagBag from /opt/airflow/dags/batch_load_bigquery_dag.py
[2023-12-03T23:22:17.055+0000] {processor.py:839} INFO - DAG(s) dict_keys(['bigquery_batch_load_dag']) retrieved from /opt/airflow/dags/batch_load_bigquery_dag.py
[2023-12-03T23:22:17.085+0000] {logging_mixin.py:154} INFO - [2023-12-03T23:22:17.084+0000] {dag.py:2941} INFO - Sync 1 DAGs
[2023-12-03T23:22:17.116+0000] {logging_mixin.py:154} INFO - [2023-12-03T23:22:17.116+0000] {dag.py:3722} INFO - Setting next_dagrun for bigquery_batch_load_dag to 2024-01-01T00:00:00+00:00, run_after=2025-01-01T00:00:00+00:00
[2023-12-03T23:22:17.133+0000] {processor.py:179} INFO - Processing /opt/airflow/dags/batch_load_bigquery_dag.py took 0.682 seconds
