[2023-12-03T09:43:19.466+0000] {processor.py:157} INFO - Started process (PID=35) to work on /opt/airflow/dags/batch_load_bigquery_dag_v2.py
[2023-12-03T09:43:19.468+0000] {processor.py:829} INFO - Processing file /opt/airflow/dags/batch_load_bigquery_dag_v2.py for tasks to queue
[2023-12-03T09:43:19.486+0000] {logging_mixin.py:154} INFO - [2023-12-03T09:43:19.486+0000] {dagbag.py:536} INFO - Filling up the DagBag from /opt/airflow/dags/batch_load_bigquery_dag_v2.py
[2023-12-03T09:43:21.804+0000] {processor.py:839} INFO - DAG(s) dict_keys(['bigquery_batch_load_dag']) retrieved from /opt/airflow/dags/batch_load_bigquery_dag_v2.py
[2023-12-03T09:43:22.094+0000] {logging_mixin.py:154} INFO - [2023-12-03T09:43:22.093+0000] {dag.py:2941} INFO - Sync 1 DAGs
[2023-12-03T09:43:22.125+0000] {logging_mixin.py:154} INFO - [2023-12-03T09:43:22.124+0000] {dag.py:3722} INFO - Setting next_dagrun for bigquery_batch_load_dag to 2024-01-01T00:00:00+00:00, run_after=2025-01-01T00:00:00+00:00
[2023-12-03T09:43:22.156+0000] {processor.py:179} INFO - Processing /opt/airflow/dags/batch_load_bigquery_dag_v2.py took 2.696 seconds
[2023-12-03T09:43:52.549+0000] {processor.py:157} INFO - Started process (PID=93) to work on /opt/airflow/dags/batch_load_bigquery_dag_v2.py
[2023-12-03T09:43:52.550+0000] {processor.py:829} INFO - Processing file /opt/airflow/dags/batch_load_bigquery_dag_v2.py for tasks to queue
[2023-12-03T09:43:52.552+0000] {logging_mixin.py:154} INFO - [2023-12-03T09:43:52.552+0000] {dagbag.py:536} INFO - Filling up the DagBag from /opt/airflow/dags/batch_load_bigquery_dag_v2.py
[2023-12-03T09:43:53.228+0000] {processor.py:839} INFO - DAG(s) dict_keys(['bigquery_batch_load_dag']) retrieved from /opt/airflow/dags/batch_load_bigquery_dag_v2.py
[2023-12-03T09:43:53.249+0000] {logging_mixin.py:154} INFO - [2023-12-03T09:43:53.248+0000] {dag.py:2941} INFO - Sync 1 DAGs
[2023-12-03T09:43:53.272+0000] {logging_mixin.py:154} INFO - [2023-12-03T09:43:53.272+0000] {dag.py:3722} INFO - Setting next_dagrun for bigquery_batch_load_dag to 2024-01-01T00:00:00+00:00, run_after=2025-01-01T00:00:00+00:00
[2023-12-03T09:43:53.291+0000] {processor.py:179} INFO - Processing /opt/airflow/dags/batch_load_bigquery_dag_v2.py took 0.746 seconds
[2023-12-03T09:44:23.764+0000] {processor.py:157} INFO - Started process (PID=150) to work on /opt/airflow/dags/batch_load_bigquery_dag_v2.py
[2023-12-03T09:44:23.765+0000] {processor.py:829} INFO - Processing file /opt/airflow/dags/batch_load_bigquery_dag_v2.py for tasks to queue
[2023-12-03T09:44:23.767+0000] {logging_mixin.py:154} INFO - [2023-12-03T09:44:23.767+0000] {dagbag.py:536} INFO - Filling up the DagBag from /opt/airflow/dags/batch_load_bigquery_dag_v2.py
[2023-12-03T09:44:24.285+0000] {processor.py:839} INFO - DAG(s) dict_keys(['bigquery_batch_load_dag']) retrieved from /opt/airflow/dags/batch_load_bigquery_dag_v2.py
[2023-12-03T09:44:24.370+0000] {logging_mixin.py:154} INFO - [2023-12-03T09:44:24.370+0000] {dag.py:2941} INFO - Sync 1 DAGs
[2023-12-03T09:44:24.391+0000] {logging_mixin.py:154} INFO - [2023-12-03T09:44:24.390+0000] {dag.py:3722} INFO - Setting next_dagrun for bigquery_batch_load_dag to 2024-01-01T00:00:00+00:00, run_after=2025-01-01T00:00:00+00:00
[2023-12-03T09:44:24.407+0000] {processor.py:179} INFO - Processing /opt/airflow/dags/batch_load_bigquery_dag_v2.py took 0.648 seconds
[2023-12-03T09:44:54.884+0000] {processor.py:157} INFO - Started process (PID=208) to work on /opt/airflow/dags/batch_load_bigquery_dag_v2.py
[2023-12-03T09:44:54.885+0000] {processor.py:829} INFO - Processing file /opt/airflow/dags/batch_load_bigquery_dag_v2.py for tasks to queue
[2023-12-03T09:44:54.888+0000] {logging_mixin.py:154} INFO - [2023-12-03T09:44:54.887+0000] {dagbag.py:536} INFO - Filling up the DagBag from /opt/airflow/dags/batch_load_bigquery_dag_v2.py
[2023-12-03T09:44:55.375+0000] {processor.py:839} INFO - DAG(s) dict_keys(['bigquery_batch_load_dag']) retrieved from /opt/airflow/dags/batch_load_bigquery_dag_v2.py
[2023-12-03T09:44:55.391+0000] {logging_mixin.py:154} INFO - [2023-12-03T09:44:55.391+0000] {dag.py:2941} INFO - Sync 1 DAGs
[2023-12-03T09:44:55.411+0000] {logging_mixin.py:154} INFO - [2023-12-03T09:44:55.410+0000] {dag.py:3722} INFO - Setting next_dagrun for bigquery_batch_load_dag to 2024-01-01T00:00:00+00:00, run_after=2025-01-01T00:00:00+00:00
[2023-12-03T09:44:55.427+0000] {processor.py:179} INFO - Processing /opt/airflow/dags/batch_load_bigquery_dag_v2.py took 0.547 seconds
[2023-12-03T09:45:16.995+0000] {processor.py:157} INFO - Started process (PID=265) to work on /opt/airflow/dags/batch_load_bigquery_dag_v2.py
[2023-12-03T09:45:16.997+0000] {processor.py:829} INFO - Processing file /opt/airflow/dags/batch_load_bigquery_dag_v2.py for tasks to queue
[2023-12-03T09:45:16.999+0000] {logging_mixin.py:154} INFO - [2023-12-03T09:45:16.998+0000] {dagbag.py:536} INFO - Filling up the DagBag from /opt/airflow/dags/batch_load_bigquery_dag_v2.py
[2023-12-03T09:45:17.425+0000] {processor.py:839} INFO - DAG(s) dict_keys(['bigquery_batch_load_dag']) retrieved from /opt/airflow/dags/batch_load_bigquery_dag_v2.py
[2023-12-03T09:45:17.433+0000] {logging_mixin.py:154} INFO - [2023-12-03T09:45:17.433+0000] {dag.py:2941} INFO - Sync 1 DAGs
[2023-12-03T09:45:17.449+0000] {logging_mixin.py:154} INFO - [2023-12-03T09:45:17.449+0000] {dag.py:3722} INFO - Setting next_dagrun for bigquery_batch_load_dag to 2024-01-01T00:00:00+00:00, run_after=2025-01-01T00:00:00+00:00
[2023-12-03T09:45:17.462+0000] {processor.py:179} INFO - Processing /opt/airflow/dags/batch_load_bigquery_dag_v2.py took 0.471 seconds
[2023-12-03T09:45:42.503+0000] {processor.py:157} INFO - Started process (PID=323) to work on /opt/airflow/dags/batch_load_bigquery_dag_v2.py
[2023-12-03T09:45:42.505+0000] {processor.py:829} INFO - Processing file /opt/airflow/dags/batch_load_bigquery_dag_v2.py for tasks to queue
[2023-12-03T09:45:42.510+0000] {logging_mixin.py:154} INFO - [2023-12-03T09:45:42.509+0000] {dagbag.py:536} INFO - Filling up the DagBag from /opt/airflow/dags/batch_load_bigquery_dag_v2.py
[2023-12-03T09:45:43.264+0000] {processor.py:839} INFO - DAG(s) dict_keys(['bigquery_batch_load_dag_v2']) retrieved from /opt/airflow/dags/batch_load_bigquery_dag_v2.py
[2023-12-03T09:45:43.354+0000] {logging_mixin.py:154} INFO - [2023-12-03T09:45:43.354+0000] {manager.py:499} INFO - Created Permission View: %s
[2023-12-03T09:45:43.363+0000] {logging_mixin.py:154} INFO - [2023-12-03T09:45:43.363+0000] {manager.py:499} INFO - Created Permission View: %s
[2023-12-03T09:45:43.369+0000] {logging_mixin.py:154} INFO - [2023-12-03T09:45:43.369+0000] {manager.py:499} INFO - Created Permission View: %s
[2023-12-03T09:45:43.370+0000] {logging_mixin.py:154} INFO - [2023-12-03T09:45:43.369+0000] {dag.py:2941} INFO - Sync 1 DAGs
[2023-12-03T09:45:43.379+0000] {logging_mixin.py:154} INFO - [2023-12-03T09:45:43.379+0000] {dag.py:2963} INFO - Creating ORM DAG for bigquery_batch_load_dag_v2
[2023-12-03T09:45:43.391+0000] {logging_mixin.py:154} INFO - [2023-12-03T09:45:43.391+0000] {dag.py:3722} INFO - Setting next_dagrun for bigquery_batch_load_dag_v2 to 2024-01-01T00:00:00+00:00, run_after=2025-01-01T00:00:00+00:00
[2023-12-03T09:45:43.405+0000] {processor.py:179} INFO - Processing /opt/airflow/dags/batch_load_bigquery_dag_v2.py took 0.909 seconds
[2023-12-03T09:45:45.466+0000] {processor.py:157} INFO - Started process (PID=325) to work on /opt/airflow/dags/batch_load_bigquery_dag_v2.py
[2023-12-03T09:45:45.467+0000] {processor.py:829} INFO - Processing file /opt/airflow/dags/batch_load_bigquery_dag_v2.py for tasks to queue
[2023-12-03T09:45:45.470+0000] {logging_mixin.py:154} INFO - [2023-12-03T09:45:45.469+0000] {dagbag.py:536} INFO - Filling up the DagBag from /opt/airflow/dags/batch_load_bigquery_dag_v2.py
[2023-12-03T09:45:45.890+0000] {processor.py:839} INFO - DAG(s) dict_keys(['bigquery_batch_load_dag_v2']) retrieved from /opt/airflow/dags/batch_load_bigquery_dag_v2.py
[2023-12-03T09:45:45.898+0000] {logging_mixin.py:154} INFO - [2023-12-03T09:45:45.898+0000] {dag.py:2941} INFO - Sync 1 DAGs
[2023-12-03T09:45:45.912+0000] {logging_mixin.py:154} INFO - [2023-12-03T09:45:45.912+0000] {dag.py:3722} INFO - Setting next_dagrun for bigquery_batch_load_dag_v2 to 2024-01-01T00:00:00+00:00, run_after=2025-01-01T00:00:00+00:00
[2023-12-03T09:45:45.926+0000] {processor.py:179} INFO - Processing /opt/airflow/dags/batch_load_bigquery_dag_v2.py took 0.464 seconds
[2023-12-03T09:46:16.144+0000] {processor.py:157} INFO - Started process (PID=383) to work on /opt/airflow/dags/batch_load_bigquery_dag_v2.py
[2023-12-03T09:46:16.145+0000] {processor.py:829} INFO - Processing file /opt/airflow/dags/batch_load_bigquery_dag_v2.py for tasks to queue
[2023-12-03T09:46:16.148+0000] {logging_mixin.py:154} INFO - [2023-12-03T09:46:16.148+0000] {dagbag.py:536} INFO - Filling up the DagBag from /opt/airflow/dags/batch_load_bigquery_dag_v2.py
[2023-12-03T09:46:16.682+0000] {processor.py:839} INFO - DAG(s) dict_keys(['bigquery_batch_load_dag_v2']) retrieved from /opt/airflow/dags/batch_load_bigquery_dag_v2.py
[2023-12-03T09:46:16.701+0000] {logging_mixin.py:154} INFO - [2023-12-03T09:46:16.700+0000] {dag.py:2941} INFO - Sync 1 DAGs
[2023-12-03T09:46:16.741+0000] {logging_mixin.py:154} INFO - [2023-12-03T09:46:16.740+0000] {dag.py:3722} INFO - Setting next_dagrun for bigquery_batch_load_dag_v2 to 2024-01-01T00:00:00+00:00, run_after=2025-01-01T00:00:00+00:00
[2023-12-03T09:46:16.775+0000] {processor.py:179} INFO - Processing /opt/airflow/dags/batch_load_bigquery_dag_v2.py took 0.638 seconds
[2023-12-03T09:46:47.063+0000] {processor.py:157} INFO - Started process (PID=441) to work on /opt/airflow/dags/batch_load_bigquery_dag_v2.py
[2023-12-03T09:46:47.065+0000] {processor.py:829} INFO - Processing file /opt/airflow/dags/batch_load_bigquery_dag_v2.py for tasks to queue
[2023-12-03T09:46:47.069+0000] {logging_mixin.py:154} INFO - [2023-12-03T09:46:47.069+0000] {dagbag.py:536} INFO - Filling up the DagBag from /opt/airflow/dags/batch_load_bigquery_dag_v2.py
[2023-12-03T09:46:47.869+0000] {processor.py:839} INFO - DAG(s) dict_keys(['bigquery_batch_load_dag_v2']) retrieved from /opt/airflow/dags/batch_load_bigquery_dag_v2.py
[2023-12-03T09:46:47.888+0000] {logging_mixin.py:154} INFO - [2023-12-03T09:46:47.887+0000] {dag.py:2941} INFO - Sync 1 DAGs
[2023-12-03T09:46:47.914+0000] {logging_mixin.py:154} INFO - [2023-12-03T09:46:47.913+0000] {dag.py:3722} INFO - Setting next_dagrun for bigquery_batch_load_dag_v2 to 2024-01-01T00:00:00+00:00, run_after=2025-01-01T00:00:00+00:00
[2023-12-03T09:46:47.934+0000] {processor.py:179} INFO - Processing /opt/airflow/dags/batch_load_bigquery_dag_v2.py took 0.878 seconds
[2023-12-03T09:47:18.320+0000] {processor.py:157} INFO - Started process (PID=499) to work on /opt/airflow/dags/batch_load_bigquery_dag_v2.py
[2023-12-03T09:47:18.321+0000] {processor.py:829} INFO - Processing file /opt/airflow/dags/batch_load_bigquery_dag_v2.py for tasks to queue
[2023-12-03T09:47:18.323+0000] {logging_mixin.py:154} INFO - [2023-12-03T09:47:18.323+0000] {dagbag.py:536} INFO - Filling up the DagBag from /opt/airflow/dags/batch_load_bigquery_dag_v2.py
[2023-12-03T09:47:18.884+0000] {processor.py:839} INFO - DAG(s) dict_keys(['bigquery_batch_load_dag_v2']) retrieved from /opt/airflow/dags/batch_load_bigquery_dag_v2.py
[2023-12-03T09:47:18.900+0000] {logging_mixin.py:154} INFO - [2023-12-03T09:47:18.900+0000] {dag.py:2941} INFO - Sync 1 DAGs
[2023-12-03T09:47:18.932+0000] {logging_mixin.py:154} INFO - [2023-12-03T09:47:18.932+0000] {dag.py:3722} INFO - Setting next_dagrun for bigquery_batch_load_dag_v2 to 2024-01-01T00:00:00+00:00, run_after=2025-01-01T00:00:00+00:00
[2023-12-03T09:47:18.965+0000] {processor.py:179} INFO - Processing /opt/airflow/dags/batch_load_bigquery_dag_v2.py took 0.648 seconds
[2023-12-03T09:47:49.619+0000] {processor.py:157} INFO - Started process (PID=557) to work on /opt/airflow/dags/batch_load_bigquery_dag_v2.py
[2023-12-03T09:47:49.623+0000] {processor.py:829} INFO - Processing file /opt/airflow/dags/batch_load_bigquery_dag_v2.py for tasks to queue
[2023-12-03T09:47:49.626+0000] {logging_mixin.py:154} INFO - [2023-12-03T09:47:49.626+0000] {dagbag.py:536} INFO - Filling up the DagBag from /opt/airflow/dags/batch_load_bigquery_dag_v2.py
[2023-12-03T09:47:50.182+0000] {processor.py:839} INFO - DAG(s) dict_keys(['bigquery_batch_load_dag_v2']) retrieved from /opt/airflow/dags/batch_load_bigquery_dag_v2.py
[2023-12-03T09:47:50.199+0000] {logging_mixin.py:154} INFO - [2023-12-03T09:47:50.199+0000] {dag.py:2941} INFO - Sync 1 DAGs
[2023-12-03T09:47:50.221+0000] {logging_mixin.py:154} INFO - [2023-12-03T09:47:50.221+0000] {dag.py:3722} INFO - Setting next_dagrun for bigquery_batch_load_dag_v2 to 2024-01-01T00:00:00+00:00, run_after=2025-01-01T00:00:00+00:00
[2023-12-03T09:47:50.237+0000] {processor.py:179} INFO - Processing /opt/airflow/dags/batch_load_bigquery_dag_v2.py took 0.624 seconds
[2023-12-03T09:48:20.663+0000] {processor.py:157} INFO - Started process (PID=614) to work on /opt/airflow/dags/batch_load_bigquery_dag_v2.py
[2023-12-03T09:48:20.664+0000] {processor.py:829} INFO - Processing file /opt/airflow/dags/batch_load_bigquery_dag_v2.py for tasks to queue
[2023-12-03T09:48:20.666+0000] {logging_mixin.py:154} INFO - [2023-12-03T09:48:20.666+0000] {dagbag.py:536} INFO - Filling up the DagBag from /opt/airflow/dags/batch_load_bigquery_dag_v2.py
[2023-12-03T09:48:21.122+0000] {processor.py:839} INFO - DAG(s) dict_keys(['bigquery_batch_load_dag_v2']) retrieved from /opt/airflow/dags/batch_load_bigquery_dag_v2.py
[2023-12-03T09:48:21.135+0000] {logging_mixin.py:154} INFO - [2023-12-03T09:48:21.135+0000] {dag.py:2941} INFO - Sync 1 DAGs
[2023-12-03T09:48:21.152+0000] {logging_mixin.py:154} INFO - [2023-12-03T09:48:21.152+0000] {dag.py:3722} INFO - Setting next_dagrun for bigquery_batch_load_dag_v2 to 2024-01-01T00:00:00+00:00, run_after=2025-01-01T00:00:00+00:00
[2023-12-03T09:48:21.164+0000] {processor.py:179} INFO - Processing /opt/airflow/dags/batch_load_bigquery_dag_v2.py took 0.505 seconds
[2023-12-03T09:48:51.706+0000] {processor.py:157} INFO - Started process (PID=672) to work on /opt/airflow/dags/batch_load_bigquery_dag_v2.py
[2023-12-03T09:48:51.707+0000] {processor.py:829} INFO - Processing file /opt/airflow/dags/batch_load_bigquery_dag_v2.py for tasks to queue
[2023-12-03T09:48:51.710+0000] {logging_mixin.py:154} INFO - [2023-12-03T09:48:51.710+0000] {dagbag.py:536} INFO - Filling up the DagBag from /opt/airflow/dags/batch_load_bigquery_dag_v2.py
[2023-12-03T09:48:52.219+0000] {processor.py:839} INFO - DAG(s) dict_keys(['bigquery_batch_load_dag_v2']) retrieved from /opt/airflow/dags/batch_load_bigquery_dag_v2.py
[2023-12-03T09:48:52.232+0000] {logging_mixin.py:154} INFO - [2023-12-03T09:48:52.232+0000] {dag.py:2941} INFO - Sync 1 DAGs
[2023-12-03T09:48:52.249+0000] {logging_mixin.py:154} INFO - [2023-12-03T09:48:52.249+0000] {dag.py:3722} INFO - Setting next_dagrun for bigquery_batch_load_dag_v2 to 2024-01-01T00:00:00+00:00, run_after=2025-01-01T00:00:00+00:00
[2023-12-03T09:48:52.262+0000] {processor.py:179} INFO - Processing /opt/airflow/dags/batch_load_bigquery_dag_v2.py took 0.560 seconds
[2023-12-03T09:49:22.567+0000] {processor.py:157} INFO - Started process (PID=730) to work on /opt/airflow/dags/batch_load_bigquery_dag_v2.py
[2023-12-03T09:49:22.568+0000] {processor.py:829} INFO - Processing file /opt/airflow/dags/batch_load_bigquery_dag_v2.py for tasks to queue
[2023-12-03T09:49:22.571+0000] {logging_mixin.py:154} INFO - [2023-12-03T09:49:22.570+0000] {dagbag.py:536} INFO - Filling up the DagBag from /opt/airflow/dags/batch_load_bigquery_dag_v2.py
[2023-12-03T09:49:23.014+0000] {processor.py:839} INFO - DAG(s) dict_keys(['bigquery_batch_load_dag_v2']) retrieved from /opt/airflow/dags/batch_load_bigquery_dag_v2.py
[2023-12-03T09:49:23.026+0000] {logging_mixin.py:154} INFO - [2023-12-03T09:49:23.026+0000] {dag.py:2941} INFO - Sync 1 DAGs
[2023-12-03T09:49:23.040+0000] {logging_mixin.py:154} INFO - [2023-12-03T09:49:23.040+0000] {dag.py:3722} INFO - Setting next_dagrun for bigquery_batch_load_dag_v2 to 2024-01-01T00:00:00+00:00, run_after=2025-01-01T00:00:00+00:00
[2023-12-03T09:49:23.051+0000] {processor.py:179} INFO - Processing /opt/airflow/dags/batch_load_bigquery_dag_v2.py took 0.489 seconds
[2023-12-03T09:49:53.275+0000] {processor.py:157} INFO - Started process (PID=788) to work on /opt/airflow/dags/batch_load_bigquery_dag_v2.py
[2023-12-03T09:49:53.276+0000] {processor.py:829} INFO - Processing file /opt/airflow/dags/batch_load_bigquery_dag_v2.py for tasks to queue
[2023-12-03T09:49:53.278+0000] {logging_mixin.py:154} INFO - [2023-12-03T09:49:53.278+0000] {dagbag.py:536} INFO - Filling up the DagBag from /opt/airflow/dags/batch_load_bigquery_dag_v2.py
[2023-12-03T09:49:53.724+0000] {processor.py:839} INFO - DAG(s) dict_keys(['bigquery_batch_load_dag_v2']) retrieved from /opt/airflow/dags/batch_load_bigquery_dag_v2.py
[2023-12-03T09:49:53.736+0000] {logging_mixin.py:154} INFO - [2023-12-03T09:49:53.736+0000] {dag.py:2941} INFO - Sync 1 DAGs
[2023-12-03T09:49:53.751+0000] {logging_mixin.py:154} INFO - [2023-12-03T09:49:53.751+0000] {dag.py:3722} INFO - Setting next_dagrun for bigquery_batch_load_dag_v2 to 2024-01-01T00:00:00+00:00, run_after=2025-01-01T00:00:00+00:00
[2023-12-03T09:49:53.762+0000] {processor.py:179} INFO - Processing /opt/airflow/dags/batch_load_bigquery_dag_v2.py took 0.492 seconds
[2023-12-03T09:50:24.032+0000] {processor.py:157} INFO - Started process (PID=846) to work on /opt/airflow/dags/batch_load_bigquery_dag_v2.py
[2023-12-03T09:50:24.033+0000] {processor.py:829} INFO - Processing file /opt/airflow/dags/batch_load_bigquery_dag_v2.py for tasks to queue
[2023-12-03T09:50:24.036+0000] {logging_mixin.py:154} INFO - [2023-12-03T09:50:24.035+0000] {dagbag.py:536} INFO - Filling up the DagBag from /opt/airflow/dags/batch_load_bigquery_dag_v2.py
[2023-12-03T09:50:24.483+0000] {processor.py:839} INFO - DAG(s) dict_keys(['bigquery_batch_load_dag_v2']) retrieved from /opt/airflow/dags/batch_load_bigquery_dag_v2.py
[2023-12-03T09:50:24.496+0000] {logging_mixin.py:154} INFO - [2023-12-03T09:50:24.495+0000] {dag.py:2941} INFO - Sync 1 DAGs
[2023-12-03T09:50:24.513+0000] {logging_mixin.py:154} INFO - [2023-12-03T09:50:24.513+0000] {dag.py:3722} INFO - Setting next_dagrun for bigquery_batch_load_dag_v2 to 2024-01-01T00:00:00+00:00, run_after=2025-01-01T00:00:00+00:00
[2023-12-03T09:50:24.529+0000] {processor.py:179} INFO - Processing /opt/airflow/dags/batch_load_bigquery_dag_v2.py took 0.502 seconds
[2023-12-03T09:50:55.315+0000] {processor.py:157} INFO - Started process (PID=904) to work on /opt/airflow/dags/batch_load_bigquery_dag_v2.py
[2023-12-03T09:50:55.317+0000] {processor.py:829} INFO - Processing file /opt/airflow/dags/batch_load_bigquery_dag_v2.py for tasks to queue
[2023-12-03T09:50:55.319+0000] {logging_mixin.py:154} INFO - [2023-12-03T09:50:55.319+0000] {dagbag.py:536} INFO - Filling up the DagBag from /opt/airflow/dags/batch_load_bigquery_dag_v2.py
[2023-12-03T09:50:55.636+0000] {processor.py:839} INFO - DAG(s) dict_keys(['bigquery_batch_load_dag_v2']) retrieved from /opt/airflow/dags/batch_load_bigquery_dag_v2.py
[2023-12-03T09:50:55.651+0000] {logging_mixin.py:154} INFO - [2023-12-03T09:50:55.651+0000] {dag.py:2941} INFO - Sync 1 DAGs
[2023-12-03T09:50:55.670+0000] {logging_mixin.py:154} INFO - [2023-12-03T09:50:55.670+0000] {dag.py:3722} INFO - Setting next_dagrun for bigquery_batch_load_dag_v2 to 2024-01-01T00:00:00+00:00, run_after=2025-01-01T00:00:00+00:00
[2023-12-03T09:50:55.683+0000] {processor.py:179} INFO - Processing /opt/airflow/dags/batch_load_bigquery_dag_v2.py took 0.372 seconds
[2023-12-03T09:51:25.802+0000] {processor.py:157} INFO - Started process (PID=962) to work on /opt/airflow/dags/batch_load_bigquery_dag_v2.py
[2023-12-03T09:51:25.803+0000] {processor.py:829} INFO - Processing file /opt/airflow/dags/batch_load_bigquery_dag_v2.py for tasks to queue
[2023-12-03T09:51:25.805+0000] {logging_mixin.py:154} INFO - [2023-12-03T09:51:25.805+0000] {dagbag.py:536} INFO - Filling up the DagBag from /opt/airflow/dags/batch_load_bigquery_dag_v2.py
[2023-12-03T09:51:26.181+0000] {processor.py:839} INFO - DAG(s) dict_keys(['bigquery_batch_load_dag_v2']) retrieved from /opt/airflow/dags/batch_load_bigquery_dag_v2.py
[2023-12-03T09:51:26.198+0000] {logging_mixin.py:154} INFO - [2023-12-03T09:51:26.197+0000] {dag.py:2941} INFO - Sync 1 DAGs
[2023-12-03T09:51:26.221+0000] {logging_mixin.py:154} INFO - [2023-12-03T09:51:26.221+0000] {dag.py:3722} INFO - Setting next_dagrun for bigquery_batch_load_dag_v2 to 2024-01-01T00:00:00+00:00, run_after=2025-01-01T00:00:00+00:00
[2023-12-03T09:51:26.237+0000] {processor.py:179} INFO - Processing /opt/airflow/dags/batch_load_bigquery_dag_v2.py took 0.440 seconds
[2023-12-03T09:51:56.451+0000] {processor.py:157} INFO - Started process (PID=1020) to work on /opt/airflow/dags/batch_load_bigquery_dag_v2.py
[2023-12-03T09:51:56.452+0000] {processor.py:829} INFO - Processing file /opt/airflow/dags/batch_load_bigquery_dag_v2.py for tasks to queue
[2023-12-03T09:51:56.455+0000] {logging_mixin.py:154} INFO - [2023-12-03T09:51:56.454+0000] {dagbag.py:536} INFO - Filling up the DagBag from /opt/airflow/dags/batch_load_bigquery_dag_v2.py
[2023-12-03T09:51:56.776+0000] {processor.py:839} INFO - DAG(s) dict_keys(['bigquery_batch_load_dag_v2']) retrieved from /opt/airflow/dags/batch_load_bigquery_dag_v2.py
[2023-12-03T09:51:56.791+0000] {logging_mixin.py:154} INFO - [2023-12-03T09:51:56.791+0000] {dag.py:2941} INFO - Sync 1 DAGs
[2023-12-03T09:51:56.811+0000] {logging_mixin.py:154} INFO - [2023-12-03T09:51:56.811+0000] {dag.py:3722} INFO - Setting next_dagrun for bigquery_batch_load_dag_v2 to 2024-01-01T00:00:00+00:00, run_after=2025-01-01T00:00:00+00:00
[2023-12-03T09:51:56.825+0000] {processor.py:179} INFO - Processing /opt/airflow/dags/batch_load_bigquery_dag_v2.py took 0.378 seconds
[2023-12-03T09:52:27.405+0000] {processor.py:157} INFO - Started process (PID=1078) to work on /opt/airflow/dags/batch_load_bigquery_dag_v2.py
[2023-12-03T09:52:27.406+0000] {processor.py:829} INFO - Processing file /opt/airflow/dags/batch_load_bigquery_dag_v2.py for tasks to queue
[2023-12-03T09:52:27.410+0000] {logging_mixin.py:154} INFO - [2023-12-03T09:52:27.409+0000] {dagbag.py:536} INFO - Filling up the DagBag from /opt/airflow/dags/batch_load_bigquery_dag_v2.py
[2023-12-03T09:52:27.736+0000] {processor.py:839} INFO - DAG(s) dict_keys(['bigquery_batch_load_dag_v2']) retrieved from /opt/airflow/dags/batch_load_bigquery_dag_v2.py
[2023-12-03T09:52:27.752+0000] {logging_mixin.py:154} INFO - [2023-12-03T09:52:27.752+0000] {dag.py:2941} INFO - Sync 1 DAGs
[2023-12-03T09:52:27.773+0000] {logging_mixin.py:154} INFO - [2023-12-03T09:52:27.773+0000] {dag.py:3722} INFO - Setting next_dagrun for bigquery_batch_load_dag_v2 to 2024-01-01T00:00:00+00:00, run_after=2025-01-01T00:00:00+00:00
[2023-12-03T09:52:27.786+0000] {processor.py:179} INFO - Processing /opt/airflow/dags/batch_load_bigquery_dag_v2.py took 0.385 seconds
[2023-12-03T09:52:58.178+0000] {processor.py:157} INFO - Started process (PID=1136) to work on /opt/airflow/dags/batch_load_bigquery_dag_v2.py
[2023-12-03T09:52:58.179+0000] {processor.py:829} INFO - Processing file /opt/airflow/dags/batch_load_bigquery_dag_v2.py for tasks to queue
[2023-12-03T09:52:58.182+0000] {logging_mixin.py:154} INFO - [2023-12-03T09:52:58.182+0000] {dagbag.py:536} INFO - Filling up the DagBag from /opt/airflow/dags/batch_load_bigquery_dag_v2.py
[2023-12-03T09:52:58.544+0000] {processor.py:839} INFO - DAG(s) dict_keys(['bigquery_batch_load_dag_v2']) retrieved from /opt/airflow/dags/batch_load_bigquery_dag_v2.py
[2023-12-03T09:52:58.564+0000] {logging_mixin.py:154} INFO - [2023-12-03T09:52:58.563+0000] {dag.py:2941} INFO - Sync 1 DAGs
[2023-12-03T09:52:58.584+0000] {logging_mixin.py:154} INFO - [2023-12-03T09:52:58.583+0000] {dag.py:3722} INFO - Setting next_dagrun for bigquery_batch_load_dag_v2 to 2024-01-01T00:00:00+00:00, run_after=2025-01-01T00:00:00+00:00
[2023-12-03T09:52:58.597+0000] {processor.py:179} INFO - Processing /opt/airflow/dags/batch_load_bigquery_dag_v2.py took 0.424 seconds
[2023-12-03T09:53:29.220+0000] {processor.py:157} INFO - Started process (PID=1194) to work on /opt/airflow/dags/batch_load_bigquery_dag_v2.py
[2023-12-03T09:53:29.221+0000] {processor.py:829} INFO - Processing file /opt/airflow/dags/batch_load_bigquery_dag_v2.py for tasks to queue
[2023-12-03T09:53:29.224+0000] {logging_mixin.py:154} INFO - [2023-12-03T09:53:29.223+0000] {dagbag.py:536} INFO - Filling up the DagBag from /opt/airflow/dags/batch_load_bigquery_dag_v2.py
[2023-12-03T09:53:29.563+0000] {processor.py:839} INFO - DAG(s) dict_keys(['bigquery_batch_load_dag_v2']) retrieved from /opt/airflow/dags/batch_load_bigquery_dag_v2.py
[2023-12-03T09:53:29.579+0000] {logging_mixin.py:154} INFO - [2023-12-03T09:53:29.578+0000] {dag.py:2941} INFO - Sync 1 DAGs
[2023-12-03T09:53:29.599+0000] {logging_mixin.py:154} INFO - [2023-12-03T09:53:29.599+0000] {dag.py:3722} INFO - Setting next_dagrun for bigquery_batch_load_dag_v2 to 2024-01-01T00:00:00+00:00, run_after=2025-01-01T00:00:00+00:00
[2023-12-03T09:53:29.612+0000] {processor.py:179} INFO - Processing /opt/airflow/dags/batch_load_bigquery_dag_v2.py took 0.396 seconds
[2023-12-03T09:53:59.731+0000] {processor.py:157} INFO - Started process (PID=1252) to work on /opt/airflow/dags/batch_load_bigquery_dag_v2.py
[2023-12-03T09:53:59.732+0000] {processor.py:829} INFO - Processing file /opt/airflow/dags/batch_load_bigquery_dag_v2.py for tasks to queue
[2023-12-03T09:53:59.735+0000] {logging_mixin.py:154} INFO - [2023-12-03T09:53:59.735+0000] {dagbag.py:536} INFO - Filling up the DagBag from /opt/airflow/dags/batch_load_bigquery_dag_v2.py
[2023-12-03T09:54:00.120+0000] {processor.py:839} INFO - DAG(s) dict_keys(['bigquery_batch_load_dag_v2']) retrieved from /opt/airflow/dags/batch_load_bigquery_dag_v2.py
[2023-12-03T09:54:00.139+0000] {logging_mixin.py:154} INFO - [2023-12-03T09:54:00.139+0000] {dag.py:2941} INFO - Sync 1 DAGs
[2023-12-03T09:54:00.160+0000] {logging_mixin.py:154} INFO - [2023-12-03T09:54:00.160+0000] {dag.py:3722} INFO - Setting next_dagrun for bigquery_batch_load_dag_v2 to 2024-01-01T00:00:00+00:00, run_after=2025-01-01T00:00:00+00:00
[2023-12-03T09:54:00.174+0000] {processor.py:179} INFO - Processing /opt/airflow/dags/batch_load_bigquery_dag_v2.py took 0.449 seconds
[2023-12-03T09:54:30.863+0000] {processor.py:157} INFO - Started process (PID=1310) to work on /opt/airflow/dags/batch_load_bigquery_dag_v2.py
[2023-12-03T09:54:30.864+0000] {processor.py:829} INFO - Processing file /opt/airflow/dags/batch_load_bigquery_dag_v2.py for tasks to queue
[2023-12-03T09:54:30.867+0000] {logging_mixin.py:154} INFO - [2023-12-03T09:54:30.866+0000] {dagbag.py:536} INFO - Filling up the DagBag from /opt/airflow/dags/batch_load_bigquery_dag_v2.py
[2023-12-03T09:54:31.241+0000] {processor.py:839} INFO - DAG(s) dict_keys(['bigquery_batch_load_dag_v2']) retrieved from /opt/airflow/dags/batch_load_bigquery_dag_v2.py
[2023-12-03T09:54:31.262+0000] {logging_mixin.py:154} INFO - [2023-12-03T09:54:31.262+0000] {dag.py:2941} INFO - Sync 1 DAGs
[2023-12-03T09:54:31.283+0000] {logging_mixin.py:154} INFO - [2023-12-03T09:54:31.282+0000] {dag.py:3722} INFO - Setting next_dagrun for bigquery_batch_load_dag_v2 to 2024-01-01T00:00:00+00:00, run_after=2025-01-01T00:00:00+00:00
[2023-12-03T09:54:31.296+0000] {processor.py:179} INFO - Processing /opt/airflow/dags/batch_load_bigquery_dag_v2.py took 0.438 seconds
[2023-12-03T09:54:57.171+0000] {processor.py:157} INFO - Started process (PID=1368) to work on /opt/airflow/dags/batch_load_bigquery_dag_v2.py
[2023-12-03T09:54:57.172+0000] {processor.py:829} INFO - Processing file /opt/airflow/dags/batch_load_bigquery_dag_v2.py for tasks to queue
[2023-12-03T09:54:57.175+0000] {logging_mixin.py:154} INFO - [2023-12-03T09:54:57.175+0000] {dagbag.py:536} INFO - Filling up the DagBag from /opt/airflow/dags/batch_load_bigquery_dag_v2.py
[2023-12-03T09:54:57.514+0000] {processor.py:839} INFO - DAG(s) dict_keys(['bigquery_batch_load_dag_v2']) retrieved from /opt/airflow/dags/batch_load_bigquery_dag_v2.py
[2023-12-03T09:54:57.531+0000] {logging_mixin.py:154} INFO - [2023-12-03T09:54:57.530+0000] {dag.py:2941} INFO - Sync 1 DAGs
[2023-12-03T09:54:57.549+0000] {logging_mixin.py:154} INFO - [2023-12-03T09:54:57.549+0000] {dag.py:3722} INFO - Setting next_dagrun for bigquery_batch_load_dag_v2 to 2024-01-01T00:00:00+00:00, run_after=2025-01-01T00:00:00+00:00
[2023-12-03T09:54:57.565+0000] {processor.py:179} INFO - Processing /opt/airflow/dags/batch_load_bigquery_dag_v2.py took 0.399 seconds
[2023-12-03T09:55:21.375+0000] {processor.py:157} INFO - Started process (PID=1426) to work on /opt/airflow/dags/batch_load_bigquery_dag_v2.py
[2023-12-03T09:55:21.377+0000] {processor.py:829} INFO - Processing file /opt/airflow/dags/batch_load_bigquery_dag_v2.py for tasks to queue
[2023-12-03T09:55:21.379+0000] {logging_mixin.py:154} INFO - [2023-12-03T09:55:21.379+0000] {dagbag.py:536} INFO - Filling up the DagBag from /opt/airflow/dags/batch_load_bigquery_dag_v2.py
[2023-12-03T09:55:21.753+0000] {processor.py:839} INFO - DAG(s) dict_keys(['bigquery_batch_load_dag_v2']) retrieved from /opt/airflow/dags/batch_load_bigquery_dag_v2.py
[2023-12-03T09:55:21.772+0000] {logging_mixin.py:154} INFO - [2023-12-03T09:55:21.771+0000] {dag.py:2941} INFO - Sync 1 DAGs
[2023-12-03T09:55:21.803+0000] {logging_mixin.py:154} INFO - [2023-12-03T09:55:21.803+0000] {dag.py:3722} INFO - Setting next_dagrun for bigquery_batch_load_dag_v2 to 2024-01-01T00:00:00+00:00, run_after=2025-01-01T00:00:00+00:00
[2023-12-03T09:55:21.826+0000] {processor.py:179} INFO - Processing /opt/airflow/dags/batch_load_bigquery_dag_v2.py took 0.454 seconds
[2023-12-03T09:55:37.760+0000] {processor.py:157} INFO - Started process (PID=1448) to work on /opt/airflow/dags/batch_load_bigquery_dag_v2.py
[2023-12-03T09:55:37.762+0000] {processor.py:829} INFO - Processing file /opt/airflow/dags/batch_load_bigquery_dag_v2.py for tasks to queue
[2023-12-03T09:55:37.765+0000] {logging_mixin.py:154} INFO - [2023-12-03T09:55:37.765+0000] {dagbag.py:536} INFO - Filling up the DagBag from /opt/airflow/dags/batch_load_bigquery_dag_v2.py
[2023-12-03T09:55:37.772+0000] {logging_mixin.py:154} INFO - [2023-12-03T09:55:37.771+0000] {dagbag.py:346} ERROR - Failed to import: /opt/airflow/dags/batch_load_bigquery_dag_v2.py
Traceback (most recent call last):
  File "/home/airflow/.local/lib/python3.8/site-packages/airflow/models/dagbag.py", line 342, in parse
    loader.exec_module(new_module)
  File "<frozen importlib._bootstrap_external>", line 839, in exec_module
  File "<frozen importlib._bootstrap_external>", line 976, in get_code
  File "<frozen importlib._bootstrap_external>", line 906, in source_to_code
  File "<frozen importlib._bootstrap>", line 219, in _call_with_frames_removed
  File "/opt/airflow/dags/batch_load_bigquery_dag_v2.py", line 56
    subscriptions_schema =
                          ^
SyntaxError: invalid syntax
[2023-12-03T09:55:37.772+0000] {processor.py:841} WARNING - No viable dags retrieved from /opt/airflow/dags/batch_load_bigquery_dag_v2.py
[2023-12-03T09:55:37.793+0000] {processor.py:179} INFO - Processing /opt/airflow/dags/batch_load_bigquery_dag_v2.py took 0.037 seconds
[2023-12-03T09:55:51.681+0000] {processor.py:157} INFO - Started process (PID=1485) to work on /opt/airflow/dags/batch_load_bigquery_dag_v2.py
[2023-12-03T09:55:51.682+0000] {processor.py:829} INFO - Processing file /opt/airflow/dags/batch_load_bigquery_dag_v2.py for tasks to queue
[2023-12-03T09:55:51.684+0000] {logging_mixin.py:154} INFO - [2023-12-03T09:55:51.684+0000] {dagbag.py:536} INFO - Filling up the DagBag from /opt/airflow/dags/batch_load_bigquery_dag_v2.py
[2023-12-03T09:55:52.048+0000] {processor.py:839} INFO - DAG(s) dict_keys(['bigquery_batch_load_dag_v2']) retrieved from /opt/airflow/dags/batch_load_bigquery_dag_v2.py
[2023-12-03T09:55:52.082+0000] {logging_mixin.py:154} INFO - [2023-12-03T09:55:52.081+0000] {dag.py:2941} INFO - Sync 1 DAGs
[2023-12-03T09:55:52.107+0000] {logging_mixin.py:154} INFO - [2023-12-03T09:55:52.107+0000] {dag.py:3722} INFO - Setting next_dagrun for bigquery_batch_load_dag_v2 to 2024-01-01T00:00:00+00:00, run_after=2025-01-01T00:00:00+00:00
[2023-12-03T09:55:52.123+0000] {processor.py:179} INFO - Processing /opt/airflow/dags/batch_load_bigquery_dag_v2.py took 0.445 seconds
[2023-12-03T09:56:03.051+0000] {processor.py:157} INFO - Started process (PID=1487) to work on /opt/airflow/dags/batch_load_bigquery_dag_v2.py
[2023-12-03T09:56:03.052+0000] {processor.py:829} INFO - Processing file /opt/airflow/dags/batch_load_bigquery_dag_v2.py for tasks to queue
[2023-12-03T09:56:03.056+0000] {logging_mixin.py:154} INFO - [2023-12-03T09:56:03.055+0000] {dagbag.py:536} INFO - Filling up the DagBag from /opt/airflow/dags/batch_load_bigquery_dag_v2.py
[2023-12-03T09:56:03.435+0000] {processor.py:839} INFO - DAG(s) dict_keys(['bigquery_batch_load_dag_v2']) retrieved from /opt/airflow/dags/batch_load_bigquery_dag_v2.py
[2023-12-03T09:56:03.452+0000] {logging_mixin.py:154} INFO - [2023-12-03T09:56:03.451+0000] {dag.py:2941} INFO - Sync 1 DAGs
[2023-12-03T09:56:03.473+0000] {logging_mixin.py:154} INFO - [2023-12-03T09:56:03.472+0000] {dag.py:3722} INFO - Setting next_dagrun for bigquery_batch_load_dag_v2 to 2024-01-01T00:00:00+00:00, run_after=2025-01-01T00:00:00+00:00
[2023-12-03T09:56:03.488+0000] {processor.py:179} INFO - Processing /opt/airflow/dags/batch_load_bigquery_dag_v2.py took 0.442 seconds
[2023-12-03T09:56:05.250+0000] {processor.py:157} INFO - Started process (PID=1496) to work on /opt/airflow/dags/batch_load_bigquery_dag_v2.py
[2023-12-03T09:56:05.251+0000] {processor.py:829} INFO - Processing file /opt/airflow/dags/batch_load_bigquery_dag_v2.py for tasks to queue
[2023-12-03T09:56:05.254+0000] {logging_mixin.py:154} INFO - [2023-12-03T09:56:05.254+0000] {dagbag.py:536} INFO - Filling up the DagBag from /opt/airflow/dags/batch_load_bigquery_dag_v2.py
[2023-12-03T09:56:05.663+0000] {processor.py:839} INFO - DAG(s) dict_keys(['bigquery_batch_load_dag_v2']) retrieved from /opt/airflow/dags/batch_load_bigquery_dag_v2.py
[2023-12-03T09:56:05.681+0000] {logging_mixin.py:154} INFO - [2023-12-03T09:56:05.680+0000] {dag.py:2941} INFO - Sync 1 DAGs
[2023-12-03T09:56:05.705+0000] {logging_mixin.py:154} INFO - [2023-12-03T09:56:05.704+0000] {dag.py:3722} INFO - Setting next_dagrun for bigquery_batch_load_dag_v2 to 2024-01-01T00:00:00+00:00, run_after=2025-01-01T00:00:00+00:00
[2023-12-03T09:56:05.722+0000] {processor.py:179} INFO - Processing /opt/airflow/dags/batch_load_bigquery_dag_v2.py took 0.476 seconds
[2023-12-03T09:56:36.166+0000] {processor.py:157} INFO - Started process (PID=1554) to work on /opt/airflow/dags/batch_load_bigquery_dag_v2.py
[2023-12-03T09:56:36.167+0000] {processor.py:829} INFO - Processing file /opt/airflow/dags/batch_load_bigquery_dag_v2.py for tasks to queue
[2023-12-03T09:56:36.169+0000] {logging_mixin.py:154} INFO - [2023-12-03T09:56:36.169+0000] {dagbag.py:536} INFO - Filling up the DagBag from /opt/airflow/dags/batch_load_bigquery_dag_v2.py
[2023-12-03T09:56:36.583+0000] {processor.py:839} INFO - DAG(s) dict_keys(['bigquery_batch_load_dag_v2']) retrieved from /opt/airflow/dags/batch_load_bigquery_dag_v2.py
[2023-12-03T09:56:36.604+0000] {logging_mixin.py:154} INFO - [2023-12-03T09:56:36.603+0000] {dag.py:2941} INFO - Sync 1 DAGs
[2023-12-03T09:56:36.624+0000] {logging_mixin.py:154} INFO - [2023-12-03T09:56:36.624+0000] {dag.py:3722} INFO - Setting next_dagrun for bigquery_batch_load_dag_v2 to 2024-01-01T00:00:00+00:00, run_after=2025-01-01T00:00:00+00:00
[2023-12-03T09:56:36.642+0000] {processor.py:179} INFO - Processing /opt/airflow/dags/batch_load_bigquery_dag_v2.py took 0.481 seconds
[2023-12-03T09:57:06.986+0000] {processor.py:157} INFO - Started process (PID=1612) to work on /opt/airflow/dags/batch_load_bigquery_dag_v2.py
[2023-12-03T09:57:06.987+0000] {processor.py:829} INFO - Processing file /opt/airflow/dags/batch_load_bigquery_dag_v2.py for tasks to queue
[2023-12-03T09:57:06.994+0000] {logging_mixin.py:154} INFO - [2023-12-03T09:57:06.993+0000] {dagbag.py:536} INFO - Filling up the DagBag from /opt/airflow/dags/batch_load_bigquery_dag_v2.py
[2023-12-03T09:57:07.383+0000] {processor.py:839} INFO - DAG(s) dict_keys(['bigquery_batch_load_dag_v2']) retrieved from /opt/airflow/dags/batch_load_bigquery_dag_v2.py
[2023-12-03T09:57:07.399+0000] {logging_mixin.py:154} INFO - [2023-12-03T09:57:07.399+0000] {dag.py:2941} INFO - Sync 1 DAGs
[2023-12-03T09:57:07.423+0000] {logging_mixin.py:154} INFO - [2023-12-03T09:57:07.423+0000] {dag.py:3722} INFO - Setting next_dagrun for bigquery_batch_load_dag_v2 to 2024-01-01T00:00:00+00:00, run_after=2025-01-01T00:00:00+00:00
[2023-12-03T09:57:07.438+0000] {processor.py:179} INFO - Processing /opt/airflow/dags/batch_load_bigquery_dag_v2.py took 0.458 seconds
[2023-12-03T09:57:23.691+0000] {processor.py:157} INFO - Started process (PID=1663) to work on /opt/airflow/dags/batch_load_bigquery_dag_v2.py
[2023-12-03T09:57:23.692+0000] {processor.py:829} INFO - Processing file /opt/airflow/dags/batch_load_bigquery_dag_v2.py for tasks to queue
[2023-12-03T09:57:23.694+0000] {logging_mixin.py:154} INFO - [2023-12-03T09:57:23.694+0000] {dagbag.py:536} INFO - Filling up the DagBag from /opt/airflow/dags/batch_load_bigquery_dag_v2.py
[2023-12-03T09:57:24.018+0000] {processor.py:839} INFO - DAG(s) dict_keys(['bigquery_batch_load_dag_v2']) retrieved from /opt/airflow/dags/batch_load_bigquery_dag_v2.py
[2023-12-03T09:57:24.038+0000] {logging_mixin.py:154} INFO - [2023-12-03T09:57:24.037+0000] {dag.py:2941} INFO - Sync 1 DAGs
[2023-12-03T09:57:24.064+0000] {logging_mixin.py:154} INFO - [2023-12-03T09:57:24.064+0000] {dag.py:3722} INFO - Setting next_dagrun for bigquery_batch_load_dag_v2 to 2024-01-01T00:00:00+00:00, run_after=2025-01-01T00:00:00+00:00
[2023-12-03T09:57:24.082+0000] {processor.py:179} INFO - Processing /opt/airflow/dags/batch_load_bigquery_dag_v2.py took 0.395 seconds
[2023-12-03T09:57:32.848+0000] {processor.py:157} INFO - Started process (PID=1665) to work on /opt/airflow/dags/batch_load_bigquery_dag_v2.py
[2023-12-03T09:57:32.849+0000] {processor.py:829} INFO - Processing file /opt/airflow/dags/batch_load_bigquery_dag_v2.py for tasks to queue
[2023-12-03T09:57:32.852+0000] {logging_mixin.py:154} INFO - [2023-12-03T09:57:32.852+0000] {dagbag.py:536} INFO - Filling up the DagBag from /opt/airflow/dags/batch_load_bigquery_dag_v2.py
[2023-12-03T09:57:33.197+0000] {processor.py:839} INFO - DAG(s) dict_keys(['bigquery_batch_load_dag_v2']) retrieved from /opt/airflow/dags/batch_load_bigquery_dag_v2.py
[2023-12-03T09:57:33.214+0000] {logging_mixin.py:154} INFO - [2023-12-03T09:57:33.214+0000] {dag.py:2941} INFO - Sync 1 DAGs
[2023-12-03T09:57:33.235+0000] {logging_mixin.py:154} INFO - [2023-12-03T09:57:33.235+0000] {dag.py:3722} INFO - Setting next_dagrun for bigquery_batch_load_dag_v2 to 2024-01-01T00:00:00+00:00, run_after=2025-01-01T00:00:00+00:00
[2023-12-03T09:57:33.250+0000] {processor.py:179} INFO - Processing /opt/airflow/dags/batch_load_bigquery_dag_v2.py took 0.406 seconds
[2023-12-03T09:58:03.448+0000] {processor.py:157} INFO - Started process (PID=1723) to work on /opt/airflow/dags/batch_load_bigquery_dag_v2.py
[2023-12-03T09:58:03.449+0000] {processor.py:829} INFO - Processing file /opt/airflow/dags/batch_load_bigquery_dag_v2.py for tasks to queue
[2023-12-03T09:58:03.452+0000] {logging_mixin.py:154} INFO - [2023-12-03T09:58:03.452+0000] {dagbag.py:536} INFO - Filling up the DagBag from /opt/airflow/dags/batch_load_bigquery_dag_v2.py
[2023-12-03T09:58:03.795+0000] {processor.py:839} INFO - DAG(s) dict_keys(['bigquery_batch_load_dag_v2']) retrieved from /opt/airflow/dags/batch_load_bigquery_dag_v2.py
[2023-12-03T09:58:03.810+0000] {logging_mixin.py:154} INFO - [2023-12-03T09:58:03.810+0000] {dag.py:2941} INFO - Sync 1 DAGs
[2023-12-03T09:58:03.838+0000] {logging_mixin.py:154} INFO - [2023-12-03T09:58:03.838+0000] {dag.py:3722} INFO - Setting next_dagrun for bigquery_batch_load_dag_v2 to 2024-01-01T00:00:00+00:00, run_after=2025-01-01T00:00:00+00:00
[2023-12-03T09:58:04.015+0000] {processor.py:179} INFO - Processing /opt/airflow/dags/batch_load_bigquery_dag_v2.py took 0.571 seconds
[2023-12-03T09:58:34.271+0000] {processor.py:157} INFO - Started process (PID=1781) to work on /opt/airflow/dags/batch_load_bigquery_dag_v2.py
[2023-12-03T09:58:34.272+0000] {processor.py:829} INFO - Processing file /opt/airflow/dags/batch_load_bigquery_dag_v2.py for tasks to queue
[2023-12-03T09:58:34.275+0000] {logging_mixin.py:154} INFO - [2023-12-03T09:58:34.275+0000] {dagbag.py:536} INFO - Filling up the DagBag from /opt/airflow/dags/batch_load_bigquery_dag_v2.py
[2023-12-03T09:58:34.710+0000] {processor.py:839} INFO - DAG(s) dict_keys(['bigquery_batch_load_dag_v2']) retrieved from /opt/airflow/dags/batch_load_bigquery_dag_v2.py
[2023-12-03T09:58:34.729+0000] {logging_mixin.py:154} INFO - [2023-12-03T09:58:34.729+0000] {dag.py:2941} INFO - Sync 1 DAGs
[2023-12-03T09:58:34.905+0000] {logging_mixin.py:154} INFO - [2023-12-03T09:58:34.904+0000] {dag.py:3722} INFO - Setting next_dagrun for bigquery_batch_load_dag_v2 to 2024-01-01T00:00:00+00:00, run_after=2025-01-01T00:00:00+00:00
[2023-12-03T09:58:34.920+0000] {processor.py:179} INFO - Processing /opt/airflow/dags/batch_load_bigquery_dag_v2.py took 0.654 seconds
[2023-12-03T09:59:05.021+0000] {processor.py:157} INFO - Started process (PID=1845) to work on /opt/airflow/dags/batch_load_bigquery_dag_v2.py
[2023-12-03T09:59:05.023+0000] {processor.py:829} INFO - Processing file /opt/airflow/dags/batch_load_bigquery_dag_v2.py for tasks to queue
[2023-12-03T09:59:05.026+0000] {logging_mixin.py:154} INFO - [2023-12-03T09:59:05.025+0000] {dagbag.py:536} INFO - Filling up the DagBag from /opt/airflow/dags/batch_load_bigquery_dag_v2.py
[2023-12-03T09:59:05.420+0000] {processor.py:839} INFO - DAG(s) dict_keys(['bigquery_batch_load_dag_v2']) retrieved from /opt/airflow/dags/batch_load_bigquery_dag_v2.py
[2023-12-03T09:59:05.437+0000] {logging_mixin.py:154} INFO - [2023-12-03T09:59:05.437+0000] {dag.py:2941} INFO - Sync 1 DAGs
[2023-12-03T09:59:05.459+0000] {logging_mixin.py:154} INFO - [2023-12-03T09:59:05.459+0000] {dag.py:3722} INFO - Setting next_dagrun for bigquery_batch_load_dag_v2 to 2024-01-01T00:00:00+00:00, run_after=2025-01-01T00:00:00+00:00
[2023-12-03T09:59:05.618+0000] {processor.py:179} INFO - Processing /opt/airflow/dags/batch_load_bigquery_dag_v2.py took 0.602 seconds
[2023-12-03T09:59:36.186+0000] {processor.py:157} INFO - Started process (PID=1904) to work on /opt/airflow/dags/batch_load_bigquery_dag_v2.py
[2023-12-03T09:59:36.187+0000] {processor.py:829} INFO - Processing file /opt/airflow/dags/batch_load_bigquery_dag_v2.py for tasks to queue
[2023-12-03T09:59:36.190+0000] {logging_mixin.py:154} INFO - [2023-12-03T09:59:36.190+0000] {dagbag.py:536} INFO - Filling up the DagBag from /opt/airflow/dags/batch_load_bigquery_dag_v2.py
[2023-12-03T09:59:36.544+0000] {processor.py:839} INFO - DAG(s) dict_keys(['bigquery_batch_load_dag_v2']) retrieved from /opt/airflow/dags/batch_load_bigquery_dag_v2.py
[2023-12-03T09:59:36.563+0000] {logging_mixin.py:154} INFO - [2023-12-03T09:59:36.562+0000] {dag.py:2941} INFO - Sync 1 DAGs
[2023-12-03T09:59:36.581+0000] {logging_mixin.py:154} INFO - [2023-12-03T09:59:36.581+0000] {dag.py:3722} INFO - Setting next_dagrun for bigquery_batch_load_dag_v2 to 2024-01-01T00:00:00+00:00, run_after=2025-01-01T00:00:00+00:00
[2023-12-03T09:59:36.596+0000] {processor.py:179} INFO - Processing /opt/airflow/dags/batch_load_bigquery_dag_v2.py took 0.416 seconds
[2023-12-03T09:59:55.128+0000] {processor.py:157} INFO - Started process (PID=1955) to work on /opt/airflow/dags/batch_load_bigquery_dag_v2.py
[2023-12-03T09:59:55.129+0000] {processor.py:829} INFO - Processing file /opt/airflow/dags/batch_load_bigquery_dag_v2.py for tasks to queue
[2023-12-03T09:59:55.131+0000] {logging_mixin.py:154} INFO - [2023-12-03T09:59:55.131+0000] {dagbag.py:536} INFO - Filling up the DagBag from /opt/airflow/dags/batch_load_bigquery_dag_v2.py
[2023-12-03T09:59:55.501+0000] {processor.py:839} INFO - DAG(s) dict_keys(['bigquery_batch_load_dag_v2']) retrieved from /opt/airflow/dags/batch_load_bigquery_dag_v2.py
[2023-12-03T09:59:55.518+0000] {logging_mixin.py:154} INFO - [2023-12-03T09:59:55.517+0000] {dag.py:2941} INFO - Sync 1 DAGs
[2023-12-03T09:59:55.536+0000] {logging_mixin.py:154} INFO - [2023-12-03T09:59:55.536+0000] {dag.py:3722} INFO - Setting next_dagrun for bigquery_batch_load_dag_v2 to 2024-01-01T00:00:00+00:00, run_after=2025-01-01T00:00:00+00:00
[2023-12-03T09:59:55.552+0000] {processor.py:179} INFO - Processing /opt/airflow/dags/batch_load_bigquery_dag_v2.py took 0.429 seconds
[2023-12-03T10:00:03.370+0000] {processor.py:157} INFO - Started process (PID=1957) to work on /opt/airflow/dags/batch_load_bigquery_dag_v2.py
[2023-12-03T10:00:03.371+0000] {processor.py:829} INFO - Processing file /opt/airflow/dags/batch_load_bigquery_dag_v2.py for tasks to queue
[2023-12-03T10:00:03.374+0000] {logging_mixin.py:154} INFO - [2023-12-03T10:00:03.373+0000] {dagbag.py:536} INFO - Filling up the DagBag from /opt/airflow/dags/batch_load_bigquery_dag_v2.py
[2023-12-03T10:00:03.721+0000] {processor.py:839} INFO - DAG(s) dict_keys(['bigquery_batch_load_dag_v2']) retrieved from /opt/airflow/dags/batch_load_bigquery_dag_v2.py
[2023-12-03T10:00:03.739+0000] {logging_mixin.py:154} INFO - [2023-12-03T10:00:03.739+0000] {dag.py:2941} INFO - Sync 1 DAGs
[2023-12-03T10:00:03.760+0000] {logging_mixin.py:154} INFO - [2023-12-03T10:00:03.760+0000] {dag.py:3722} INFO - Setting next_dagrun for bigquery_batch_load_dag_v2 to 2024-01-01T00:00:00+00:00, run_after=2025-01-01T00:00:00+00:00
[2023-12-03T10:00:03.775+0000] {processor.py:179} INFO - Processing /opt/airflow/dags/batch_load_bigquery_dag_v2.py took 0.410 seconds
[2023-12-03T10:00:13.571+0000] {processor.py:157} INFO - Started process (PID=1980) to work on /opt/airflow/dags/batch_load_bigquery_dag_v2.py
[2023-12-03T10:00:13.572+0000] {processor.py:829} INFO - Processing file /opt/airflow/dags/batch_load_bigquery_dag_v2.py for tasks to queue
[2023-12-03T10:00:13.575+0000] {logging_mixin.py:154} INFO - [2023-12-03T10:00:13.575+0000] {dagbag.py:536} INFO - Filling up the DagBag from /opt/airflow/dags/batch_load_bigquery_dag_v2.py
[2023-12-03T10:00:13.964+0000] {processor.py:839} INFO - DAG(s) dict_keys(['bigquery_batch_load_dag_v2']) retrieved from /opt/airflow/dags/batch_load_bigquery_dag_v2.py
[2023-12-03T10:00:13.982+0000] {logging_mixin.py:154} INFO - [2023-12-03T10:00:13.981+0000] {dag.py:2941} INFO - Sync 1 DAGs
[2023-12-03T10:00:14.008+0000] {logging_mixin.py:154} INFO - [2023-12-03T10:00:14.008+0000] {dag.py:3722} INFO - Setting next_dagrun for bigquery_batch_load_dag_v2 to 2024-01-01T00:00:00+00:00, run_after=2025-01-01T00:00:00+00:00
[2023-12-03T10:00:14.186+0000] {processor.py:179} INFO - Processing /opt/airflow/dags/batch_load_bigquery_dag_v2.py took 0.620 seconds
[2023-12-03T10:00:44.894+0000] {processor.py:157} INFO - Started process (PID=2041) to work on /opt/airflow/dags/batch_load_bigquery_dag_v2.py
[2023-12-03T10:00:44.896+0000] {processor.py:829} INFO - Processing file /opt/airflow/dags/batch_load_bigquery_dag_v2.py for tasks to queue
[2023-12-03T10:00:44.898+0000] {logging_mixin.py:154} INFO - [2023-12-03T10:00:44.898+0000] {dagbag.py:536} INFO - Filling up the DagBag from /opt/airflow/dags/batch_load_bigquery_dag_v2.py
[2023-12-03T10:00:45.233+0000] {processor.py:839} INFO - DAG(s) dict_keys(['bigquery_batch_load_dag_v2']) retrieved from /opt/airflow/dags/batch_load_bigquery_dag_v2.py
[2023-12-03T10:00:45.249+0000] {logging_mixin.py:154} INFO - [2023-12-03T10:00:45.248+0000] {dag.py:2941} INFO - Sync 1 DAGs
[2023-12-03T10:00:45.266+0000] {logging_mixin.py:154} INFO - [2023-12-03T10:00:45.266+0000] {dag.py:3722} INFO - Setting next_dagrun for bigquery_batch_load_dag_v2 to 2024-01-01T00:00:00+00:00, run_after=2025-01-01T00:00:00+00:00
[2023-12-03T10:00:45.401+0000] {processor.py:179} INFO - Processing /opt/airflow/dags/batch_load_bigquery_dag_v2.py took 0.511 seconds
[2023-12-03T10:01:16.128+0000] {processor.py:157} INFO - Started process (PID=2099) to work on /opt/airflow/dags/batch_load_bigquery_dag_v2.py
[2023-12-03T10:01:16.130+0000] {processor.py:829} INFO - Processing file /opt/airflow/dags/batch_load_bigquery_dag_v2.py for tasks to queue
[2023-12-03T10:01:16.132+0000] {logging_mixin.py:154} INFO - [2023-12-03T10:01:16.132+0000] {dagbag.py:536} INFO - Filling up the DagBag from /opt/airflow/dags/batch_load_bigquery_dag_v2.py
[2023-12-03T10:01:16.488+0000] {processor.py:839} INFO - DAG(s) dict_keys(['bigquery_batch_load_dag_v2']) retrieved from /opt/airflow/dags/batch_load_bigquery_dag_v2.py
[2023-12-03T10:01:16.503+0000] {logging_mixin.py:154} INFO - [2023-12-03T10:01:16.502+0000] {dag.py:2941} INFO - Sync 1 DAGs
[2023-12-03T10:01:16.522+0000] {logging_mixin.py:154} INFO - [2023-12-03T10:01:16.522+0000] {dag.py:3722} INFO - Setting next_dagrun for bigquery_batch_load_dag_v2 to 2024-01-01T00:00:00+00:00, run_after=2025-01-01T00:00:00+00:00
[2023-12-03T10:01:16.655+0000] {processor.py:179} INFO - Processing /opt/airflow/dags/batch_load_bigquery_dag_v2.py took 0.532 seconds
[2023-12-03T10:01:47.520+0000] {processor.py:157} INFO - Started process (PID=2159) to work on /opt/airflow/dags/batch_load_bigquery_dag_v2.py
[2023-12-03T10:01:47.522+0000] {processor.py:829} INFO - Processing file /opt/airflow/dags/batch_load_bigquery_dag_v2.py for tasks to queue
[2023-12-03T10:01:47.524+0000] {logging_mixin.py:154} INFO - [2023-12-03T10:01:47.524+0000] {dagbag.py:536} INFO - Filling up the DagBag from /opt/airflow/dags/batch_load_bigquery_dag_v2.py
[2023-12-03T10:01:47.907+0000] {processor.py:839} INFO - DAG(s) dict_keys(['bigquery_batch_load_dag_v2']) retrieved from /opt/airflow/dags/batch_load_bigquery_dag_v2.py
[2023-12-03T10:01:47.923+0000] {logging_mixin.py:154} INFO - [2023-12-03T10:01:47.922+0000] {dag.py:2941} INFO - Sync 1 DAGs
[2023-12-03T10:01:47.942+0000] {logging_mixin.py:154} INFO - [2023-12-03T10:01:47.942+0000] {dag.py:3722} INFO - Setting next_dagrun for bigquery_batch_load_dag_v2 to 2024-01-01T00:00:00+00:00, run_after=2025-01-01T00:00:00+00:00
[2023-12-03T10:01:47.958+0000] {processor.py:179} INFO - Processing /opt/airflow/dags/batch_load_bigquery_dag_v2.py took 0.441 seconds
[2023-12-03T10:01:53.671+0000] {processor.py:157} INFO - Started process (PID=2177) to work on /opt/airflow/dags/batch_load_bigquery_dag_v2.py
[2023-12-03T10:01:53.672+0000] {processor.py:829} INFO - Processing file /opt/airflow/dags/batch_load_bigquery_dag_v2.py for tasks to queue
[2023-12-03T10:01:53.675+0000] {logging_mixin.py:154} INFO - [2023-12-03T10:01:53.675+0000] {dagbag.py:536} INFO - Filling up the DagBag from /opt/airflow/dags/batch_load_bigquery_dag_v2.py
[2023-12-03T10:01:54.114+0000] {processor.py:839} INFO - DAG(s) dict_keys(['bigquery_batch_load_dag_v2']) retrieved from /opt/airflow/dags/batch_load_bigquery_dag_v2.py
[2023-12-03T10:01:54.129+0000] {logging_mixin.py:154} INFO - [2023-12-03T10:01:54.128+0000] {dag.py:2941} INFO - Sync 1 DAGs
[2023-12-03T10:01:54.286+0000] {logging_mixin.py:154} INFO - [2023-12-03T10:01:54.286+0000] {dag.py:3722} INFO - Setting next_dagrun for bigquery_batch_load_dag_v2 to 2024-01-01T00:00:00+00:00, run_after=2025-01-01T00:00:00+00:00
[2023-12-03T10:01:54.300+0000] {processor.py:179} INFO - Processing /opt/airflow/dags/batch_load_bigquery_dag_v2.py took 0.634 seconds
[2023-12-03T10:02:24.663+0000] {processor.py:157} INFO - Started process (PID=2235) to work on /opt/airflow/dags/batch_load_bigquery_dag_v2.py
[2023-12-03T10:02:24.664+0000] {processor.py:829} INFO - Processing file /opt/airflow/dags/batch_load_bigquery_dag_v2.py for tasks to queue
[2023-12-03T10:02:24.667+0000] {logging_mixin.py:154} INFO - [2023-12-03T10:02:24.667+0000] {dagbag.py:536} INFO - Filling up the DagBag from /opt/airflow/dags/batch_load_bigquery_dag_v2.py
[2023-12-03T10:02:25.070+0000] {processor.py:839} INFO - DAG(s) dict_keys(['bigquery_batch_load_dag_v2']) retrieved from /opt/airflow/dags/batch_load_bigquery_dag_v2.py
[2023-12-03T10:02:25.085+0000] {logging_mixin.py:154} INFO - [2023-12-03T10:02:25.084+0000] {dag.py:2941} INFO - Sync 1 DAGs
[2023-12-03T10:02:25.104+0000] {logging_mixin.py:154} INFO - [2023-12-03T10:02:25.104+0000] {dag.py:3722} INFO - Setting next_dagrun for bigquery_batch_load_dag_v2 to 2024-01-01T00:00:00+00:00, run_after=2025-01-01T00:00:00+00:00
[2023-12-03T10:02:25.256+0000] {processor.py:179} INFO - Processing /opt/airflow/dags/batch_load_bigquery_dag_v2.py took 0.598 seconds
[2023-12-03T10:02:56.127+0000] {processor.py:157} INFO - Started process (PID=2297) to work on /opt/airflow/dags/batch_load_bigquery_dag_v2.py
[2023-12-03T10:02:56.128+0000] {processor.py:829} INFO - Processing file /opt/airflow/dags/batch_load_bigquery_dag_v2.py for tasks to queue
[2023-12-03T10:02:56.131+0000] {logging_mixin.py:154} INFO - [2023-12-03T10:02:56.131+0000] {dagbag.py:536} INFO - Filling up the DagBag from /opt/airflow/dags/batch_load_bigquery_dag_v2.py
[2023-12-03T10:02:56.536+0000] {processor.py:839} INFO - DAG(s) dict_keys(['bigquery_batch_load_dag_v2']) retrieved from /opt/airflow/dags/batch_load_bigquery_dag_v2.py
[2023-12-03T10:02:56.552+0000] {logging_mixin.py:154} INFO - [2023-12-03T10:02:56.552+0000] {dag.py:2941} INFO - Sync 1 DAGs
[2023-12-03T10:02:56.572+0000] {logging_mixin.py:154} INFO - [2023-12-03T10:02:56.572+0000] {dag.py:3722} INFO - Setting next_dagrun for bigquery_batch_load_dag_v2 to 2024-01-01T00:00:00+00:00, run_after=2025-01-01T00:00:00+00:00
[2023-12-03T10:02:56.707+0000] {processor.py:179} INFO - Processing /opt/airflow/dags/batch_load_bigquery_dag_v2.py took 0.586 seconds
[2023-12-03T10:03:27.654+0000] {processor.py:157} INFO - Started process (PID=2361) to work on /opt/airflow/dags/batch_load_bigquery_dag_v2.py
[2023-12-03T10:03:27.656+0000] {processor.py:829} INFO - Processing file /opt/airflow/dags/batch_load_bigquery_dag_v2.py for tasks to queue
[2023-12-03T10:03:27.659+0000] {logging_mixin.py:154} INFO - [2023-12-03T10:03:27.658+0000] {dagbag.py:536} INFO - Filling up the DagBag from /opt/airflow/dags/batch_load_bigquery_dag_v2.py
[2023-12-03T10:03:27.988+0000] {processor.py:839} INFO - DAG(s) dict_keys(['bigquery_batch_load_dag_v2']) retrieved from /opt/airflow/dags/batch_load_bigquery_dag_v2.py
[2023-12-03T10:03:28.006+0000] {logging_mixin.py:154} INFO - [2023-12-03T10:03:28.005+0000] {dag.py:2941} INFO - Sync 1 DAGs
[2023-12-03T10:03:28.150+0000] {logging_mixin.py:154} INFO - [2023-12-03T10:03:28.150+0000] {dag.py:3722} INFO - Setting next_dagrun for bigquery_batch_load_dag_v2 to 2024-01-01T00:00:00+00:00, run_after=2025-01-01T00:00:00+00:00
[2023-12-03T10:03:28.162+0000] {processor.py:179} INFO - Processing /opt/airflow/dags/batch_load_bigquery_dag_v2.py took 0.512 seconds
[2023-12-03T10:03:58.877+0000] {processor.py:157} INFO - Started process (PID=2419) to work on /opt/airflow/dags/batch_load_bigquery_dag_v2.py
[2023-12-03T10:03:58.878+0000] {processor.py:829} INFO - Processing file /opt/airflow/dags/batch_load_bigquery_dag_v2.py for tasks to queue
[2023-12-03T10:03:58.881+0000] {logging_mixin.py:154} INFO - [2023-12-03T10:03:58.880+0000] {dagbag.py:536} INFO - Filling up the DagBag from /opt/airflow/dags/batch_load_bigquery_dag_v2.py
[2023-12-03T10:03:59.318+0000] {processor.py:839} INFO - DAG(s) dict_keys(['bigquery_batch_load_dag_v2']) retrieved from /opt/airflow/dags/batch_load_bigquery_dag_v2.py
[2023-12-03T10:03:59.329+0000] {logging_mixin.py:154} INFO - [2023-12-03T10:03:59.329+0000] {dag.py:2941} INFO - Sync 1 DAGs
[2023-12-03T10:03:59.344+0000] {logging_mixin.py:154} INFO - [2023-12-03T10:03:59.344+0000] {dag.py:3722} INFO - Setting next_dagrun for bigquery_batch_load_dag_v2 to 2024-01-01T00:00:00+00:00, run_after=2025-01-01T00:00:00+00:00
[2023-12-03T10:03:59.356+0000] {processor.py:179} INFO - Processing /opt/airflow/dags/batch_load_bigquery_dag_v2.py took 0.483 seconds
[2023-12-03T10:04:29.508+0000] {processor.py:157} INFO - Started process (PID=2477) to work on /opt/airflow/dags/batch_load_bigquery_dag_v2.py
[2023-12-03T10:04:29.509+0000] {processor.py:829} INFO - Processing file /opt/airflow/dags/batch_load_bigquery_dag_v2.py for tasks to queue
[2023-12-03T10:04:29.511+0000] {logging_mixin.py:154} INFO - [2023-12-03T10:04:29.511+0000] {dagbag.py:536} INFO - Filling up the DagBag from /opt/airflow/dags/batch_load_bigquery_dag_v2.py
[2023-12-03T10:04:29.987+0000] {processor.py:839} INFO - DAG(s) dict_keys(['bigquery_batch_load_dag_v2']) retrieved from /opt/airflow/dags/batch_load_bigquery_dag_v2.py
[2023-12-03T10:04:29.999+0000] {logging_mixin.py:154} INFO - [2023-12-03T10:04:29.998+0000] {dag.py:2941} INFO - Sync 1 DAGs
[2023-12-03T10:04:30.017+0000] {logging_mixin.py:154} INFO - [2023-12-03T10:04:30.017+0000] {dag.py:3722} INFO - Setting next_dagrun for bigquery_batch_load_dag_v2 to 2024-01-01T00:00:00+00:00, run_after=2025-01-01T00:00:00+00:00
[2023-12-03T10:04:30.031+0000] {processor.py:179} INFO - Processing /opt/airflow/dags/batch_load_bigquery_dag_v2.py took 0.527 seconds
[2023-12-03T10:05:00.080+0000] {processor.py:157} INFO - Started process (PID=2535) to work on /opt/airflow/dags/batch_load_bigquery_dag_v2.py
[2023-12-03T10:05:00.082+0000] {processor.py:829} INFO - Processing file /opt/airflow/dags/batch_load_bigquery_dag_v2.py for tasks to queue
[2023-12-03T10:05:00.084+0000] {logging_mixin.py:154} INFO - [2023-12-03T10:05:00.084+0000] {dagbag.py:536} INFO - Filling up the DagBag from /opt/airflow/dags/batch_load_bigquery_dag_v2.py
[2023-12-03T10:05:00.541+0000] {processor.py:839} INFO - DAG(s) dict_keys(['bigquery_batch_load_dag_v2']) retrieved from /opt/airflow/dags/batch_load_bigquery_dag_v2.py
[2023-12-03T10:05:00.552+0000] {logging_mixin.py:154} INFO - [2023-12-03T10:05:00.552+0000] {dag.py:2941} INFO - Sync 1 DAGs
[2023-12-03T10:05:00.569+0000] {logging_mixin.py:154} INFO - [2023-12-03T10:05:00.568+0000] {dag.py:3722} INFO - Setting next_dagrun for bigquery_batch_load_dag_v2 to 2024-01-01T00:00:00+00:00, run_after=2025-01-01T00:00:00+00:00
[2023-12-03T10:05:00.582+0000] {processor.py:179} INFO - Processing /opt/airflow/dags/batch_load_bigquery_dag_v2.py took 0.507 seconds
[2023-12-03T10:05:31.521+0000] {processor.py:157} INFO - Started process (PID=2593) to work on /opt/airflow/dags/batch_load_bigquery_dag_v2.py
[2023-12-03T10:05:31.522+0000] {processor.py:829} INFO - Processing file /opt/airflow/dags/batch_load_bigquery_dag_v2.py for tasks to queue
[2023-12-03T10:05:31.526+0000] {logging_mixin.py:154} INFO - [2023-12-03T10:05:31.526+0000] {dagbag.py:536} INFO - Filling up the DagBag from /opt/airflow/dags/batch_load_bigquery_dag_v2.py
[2023-12-03T10:05:32.077+0000] {processor.py:839} INFO - DAG(s) dict_keys(['bigquery_batch_load_dag_v2']) retrieved from /opt/airflow/dags/batch_load_bigquery_dag_v2.py
[2023-12-03T10:05:32.090+0000] {logging_mixin.py:154} INFO - [2023-12-03T10:05:32.090+0000] {dag.py:2941} INFO - Sync 1 DAGs
[2023-12-03T10:05:32.107+0000] {logging_mixin.py:154} INFO - [2023-12-03T10:05:32.107+0000] {dag.py:3722} INFO - Setting next_dagrun for bigquery_batch_load_dag_v2 to 2024-01-01T00:00:00+00:00, run_after=2025-01-01T00:00:00+00:00
[2023-12-03T10:05:32.130+0000] {processor.py:179} INFO - Processing /opt/airflow/dags/batch_load_bigquery_dag_v2.py took 0.613 seconds
[2023-12-03T10:06:02.684+0000] {processor.py:157} INFO - Started process (PID=2650) to work on /opt/airflow/dags/batch_load_bigquery_dag_v2.py
[2023-12-03T10:06:02.685+0000] {processor.py:829} INFO - Processing file /opt/airflow/dags/batch_load_bigquery_dag_v2.py for tasks to queue
[2023-12-03T10:06:02.688+0000] {logging_mixin.py:154} INFO - [2023-12-03T10:06:02.688+0000] {dagbag.py:536} INFO - Filling up the DagBag from /opt/airflow/dags/batch_load_bigquery_dag_v2.py
[2023-12-03T10:06:03.365+0000] {processor.py:839} INFO - DAG(s) dict_keys(['bigquery_batch_load_dag_v2']) retrieved from /opt/airflow/dags/batch_load_bigquery_dag_v2.py
[2023-12-03T10:06:03.385+0000] {logging_mixin.py:154} INFO - [2023-12-03T10:06:03.384+0000] {dag.py:2941} INFO - Sync 1 DAGs
[2023-12-03T10:06:03.412+0000] {logging_mixin.py:154} INFO - [2023-12-03T10:06:03.411+0000] {dag.py:3722} INFO - Setting next_dagrun for bigquery_batch_load_dag_v2 to 2024-01-01T00:00:00+00:00, run_after=2025-01-01T00:00:00+00:00
[2023-12-03T10:06:03.433+0000] {processor.py:179} INFO - Processing /opt/airflow/dags/batch_load_bigquery_dag_v2.py took 0.754 seconds
[2023-12-03T10:06:33.885+0000] {processor.py:157} INFO - Started process (PID=2708) to work on /opt/airflow/dags/batch_load_bigquery_dag_v2.py
[2023-12-03T10:06:33.886+0000] {processor.py:829} INFO - Processing file /opt/airflow/dags/batch_load_bigquery_dag_v2.py for tasks to queue
[2023-12-03T10:06:33.889+0000] {logging_mixin.py:154} INFO - [2023-12-03T10:06:33.888+0000] {dagbag.py:536} INFO - Filling up the DagBag from /opt/airflow/dags/batch_load_bigquery_dag_v2.py
[2023-12-03T10:06:34.455+0000] {processor.py:839} INFO - DAG(s) dict_keys(['bigquery_batch_load_dag_v2']) retrieved from /opt/airflow/dags/batch_load_bigquery_dag_v2.py
[2023-12-03T10:06:34.472+0000] {logging_mixin.py:154} INFO - [2023-12-03T10:06:34.472+0000] {dag.py:2941} INFO - Sync 1 DAGs
[2023-12-03T10:06:34.495+0000] {logging_mixin.py:154} INFO - [2023-12-03T10:06:34.495+0000] {dag.py:3722} INFO - Setting next_dagrun for bigquery_batch_load_dag_v2 to 2024-01-01T00:00:00+00:00, run_after=2025-01-01T00:00:00+00:00
[2023-12-03T10:06:34.517+0000] {processor.py:179} INFO - Processing /opt/airflow/dags/batch_load_bigquery_dag_v2.py took 0.637 seconds
[2023-12-03T10:07:05.176+0000] {processor.py:157} INFO - Started process (PID=2766) to work on /opt/airflow/dags/batch_load_bigquery_dag_v2.py
[2023-12-03T10:07:05.178+0000] {processor.py:829} INFO - Processing file /opt/airflow/dags/batch_load_bigquery_dag_v2.py for tasks to queue
[2023-12-03T10:07:05.181+0000] {logging_mixin.py:154} INFO - [2023-12-03T10:07:05.181+0000] {dagbag.py:536} INFO - Filling up the DagBag from /opt/airflow/dags/batch_load_bigquery_dag_v2.py
[2023-12-03T10:07:05.698+0000] {processor.py:839} INFO - DAG(s) dict_keys(['bigquery_batch_load_dag_v2']) retrieved from /opt/airflow/dags/batch_load_bigquery_dag_v2.py
[2023-12-03T10:07:05.713+0000] {logging_mixin.py:154} INFO - [2023-12-03T10:07:05.712+0000] {dag.py:2941} INFO - Sync 1 DAGs
[2023-12-03T10:07:05.739+0000] {logging_mixin.py:154} INFO - [2023-12-03T10:07:05.739+0000] {dag.py:3722} INFO - Setting next_dagrun for bigquery_batch_load_dag_v2 to 2024-01-01T00:00:00+00:00, run_after=2025-01-01T00:00:00+00:00
[2023-12-03T10:07:05.758+0000] {processor.py:179} INFO - Processing /opt/airflow/dags/batch_load_bigquery_dag_v2.py took 0.586 seconds
[2023-12-03T10:07:36.330+0000] {processor.py:157} INFO - Started process (PID=2831) to work on /opt/airflow/dags/batch_load_bigquery_dag_v2.py
[2023-12-03T10:07:36.331+0000] {processor.py:829} INFO - Processing file /opt/airflow/dags/batch_load_bigquery_dag_v2.py for tasks to queue
[2023-12-03T10:07:36.335+0000] {logging_mixin.py:154} INFO - [2023-12-03T10:07:36.335+0000] {dagbag.py:536} INFO - Filling up the DagBag from /opt/airflow/dags/batch_load_bigquery_dag_v2.py
[2023-12-03T10:07:36.872+0000] {processor.py:839} INFO - DAG(s) dict_keys(['bigquery_batch_load_dag_v2']) retrieved from /opt/airflow/dags/batch_load_bigquery_dag_v2.py
[2023-12-03T10:07:36.895+0000] {logging_mixin.py:154} INFO - [2023-12-03T10:07:36.894+0000] {dag.py:2941} INFO - Sync 1 DAGs
[2023-12-03T10:07:36.916+0000] {logging_mixin.py:154} INFO - [2023-12-03T10:07:36.916+0000] {dag.py:3722} INFO - Setting next_dagrun for bigquery_batch_load_dag_v2 to 2024-01-01T00:00:00+00:00, run_after=2025-01-01T00:00:00+00:00
[2023-12-03T10:07:36.931+0000] {processor.py:179} INFO - Processing /opt/airflow/dags/batch_load_bigquery_dag_v2.py took 0.605 seconds
[2023-12-03T11:28:18.125+0000] {processor.py:157} INFO - Started process (PID=2889) to work on /opt/airflow/dags/batch_load_bigquery_dag_v2.py
[2023-12-03T11:28:18.139+0000] {processor.py:829} INFO - Processing file /opt/airflow/dags/batch_load_bigquery_dag_v2.py for tasks to queue
[2023-12-03T11:28:18.169+0000] {logging_mixin.py:154} INFO - [2023-12-03T11:28:18.168+0000] {dagbag.py:536} INFO - Filling up the DagBag from /opt/airflow/dags/batch_load_bigquery_dag_v2.py
[2023-12-03T11:28:18.979+0000] {processor.py:839} INFO - DAG(s) dict_keys(['bigquery_batch_load_dag_v2']) retrieved from /opt/airflow/dags/batch_load_bigquery_dag_v2.py
[2023-12-03T11:28:19.032+0000] {logging_mixin.py:154} INFO - [2023-12-03T11:28:19.031+0000] {dag.py:2941} INFO - Sync 1 DAGs
[2023-12-03T11:28:19.113+0000] {logging_mixin.py:154} INFO - [2023-12-03T11:28:19.113+0000] {dag.py:3722} INFO - Setting next_dagrun for bigquery_batch_load_dag_v2 to 2024-01-01T00:00:00+00:00, run_after=2025-01-01T00:00:00+00:00
[2023-12-03T11:28:19.145+0000] {processor.py:179} INFO - Processing /opt/airflow/dags/batch_load_bigquery_dag_v2.py took 1.028 seconds
[2023-12-03T12:09:27.158+0000] {processor.py:157} INFO - Started process (PID=2940) to work on /opt/airflow/dags/batch_load_bigquery_dag_v2.py
[2023-12-03T12:09:27.159+0000] {processor.py:829} INFO - Processing file /opt/airflow/dags/batch_load_bigquery_dag_v2.py for tasks to queue
[2023-12-03T12:09:27.162+0000] {logging_mixin.py:154} INFO - [2023-12-03T12:09:27.162+0000] {dagbag.py:536} INFO - Filling up the DagBag from /opt/airflow/dags/batch_load_bigquery_dag_v2.py
[2023-12-03T12:09:28.266+0000] {processor.py:839} INFO - DAG(s) dict_keys(['bigquery_batch_load_dag_v2']) retrieved from /opt/airflow/dags/batch_load_bigquery_dag_v2.py
[2023-12-03T12:09:28.307+0000] {logging_mixin.py:154} INFO - [2023-12-03T12:09:28.306+0000] {dag.py:2941} INFO - Sync 1 DAGs
[2023-12-03T12:09:28.344+0000] {logging_mixin.py:154} INFO - [2023-12-03T12:09:28.343+0000] {dag.py:3722} INFO - Setting next_dagrun for bigquery_batch_load_dag_v2 to 2024-01-01T00:00:00+00:00, run_after=2025-01-01T00:00:00+00:00
[2023-12-03T12:09:28.369+0000] {processor.py:179} INFO - Processing /opt/airflow/dags/batch_load_bigquery_dag_v2.py took 1.214 seconds
[2023-12-03T12:27:29.345+0000] {processor.py:157} INFO - Started process (PID=2997) to work on /opt/airflow/dags/batch_load_bigquery_dag_v2.py
[2023-12-03T12:27:29.347+0000] {processor.py:829} INFO - Processing file /opt/airflow/dags/batch_load_bigquery_dag_v2.py for tasks to queue
[2023-12-03T12:27:29.353+0000] {logging_mixin.py:154} INFO - [2023-12-03T12:27:29.353+0000] {dagbag.py:536} INFO - Filling up the DagBag from /opt/airflow/dags/batch_load_bigquery_dag_v2.py
[2023-12-03T12:27:30.414+0000] {processor.py:839} INFO - DAG(s) dict_keys(['bigquery_batch_load_dag_v2']) retrieved from /opt/airflow/dags/batch_load_bigquery_dag_v2.py
[2023-12-03T12:27:30.436+0000] {logging_mixin.py:154} INFO - [2023-12-03T12:27:30.436+0000] {dag.py:2941} INFO - Sync 1 DAGs
[2023-12-03T12:27:30.455+0000] {logging_mixin.py:154} INFO - [2023-12-03T12:27:30.455+0000] {dag.py:3722} INFO - Setting next_dagrun for bigquery_batch_load_dag_v2 to 2024-01-01T00:00:00+00:00, run_after=2025-01-01T00:00:00+00:00
[2023-12-03T12:27:30.478+0000] {processor.py:179} INFO - Processing /opt/airflow/dags/batch_load_bigquery_dag_v2.py took 1.140 seconds
[2023-12-03T12:44:53.071+0000] {processor.py:157} INFO - Started process (PID=3055) to work on /opt/airflow/dags/batch_load_bigquery_dag_v2.py
[2023-12-03T12:44:53.072+0000] {processor.py:829} INFO - Processing file /opt/airflow/dags/batch_load_bigquery_dag_v2.py for tasks to queue
[2023-12-03T12:44:53.076+0000] {logging_mixin.py:154} INFO - [2023-12-03T12:44:53.075+0000] {dagbag.py:536} INFO - Filling up the DagBag from /opt/airflow/dags/batch_load_bigquery_dag_v2.py
[2023-12-03T12:44:53.512+0000] {processor.py:839} INFO - DAG(s) dict_keys(['bigquery_batch_load_dag_v2']) retrieved from /opt/airflow/dags/batch_load_bigquery_dag_v2.py
[2023-12-03T12:44:53.527+0000] {logging_mixin.py:154} INFO - [2023-12-03T12:44:53.526+0000] {dag.py:2941} INFO - Sync 1 DAGs
[2023-12-03T12:44:53.543+0000] {logging_mixin.py:154} INFO - [2023-12-03T12:44:53.543+0000] {dag.py:3722} INFO - Setting next_dagrun for bigquery_batch_load_dag_v2 to 2024-01-01T00:00:00+00:00, run_after=2025-01-01T00:00:00+00:00
[2023-12-03T12:44:53.556+0000] {processor.py:179} INFO - Processing /opt/airflow/dags/batch_load_bigquery_dag_v2.py took 0.489 seconds
[2023-12-03T13:35:08.676+0000] {processor.py:157} INFO - Started process (PID=3113) to work on /opt/airflow/dags/batch_load_bigquery_dag_v2.py
[2023-12-03T13:35:08.678+0000] {processor.py:829} INFO - Processing file /opt/airflow/dags/batch_load_bigquery_dag_v2.py for tasks to queue
[2023-12-03T13:35:08.680+0000] {logging_mixin.py:154} INFO - [2023-12-03T13:35:08.680+0000] {dagbag.py:536} INFO - Filling up the DagBag from /opt/airflow/dags/batch_load_bigquery_dag_v2.py
[2023-12-03T13:35:09.417+0000] {processor.py:839} INFO - DAG(s) dict_keys(['bigquery_batch_load_dag_v2']) retrieved from /opt/airflow/dags/batch_load_bigquery_dag_v2.py
[2023-12-03T13:35:09.447+0000] {logging_mixin.py:154} INFO - [2023-12-03T13:35:09.447+0000] {dag.py:2941} INFO - Sync 1 DAGs
[2023-12-03T13:35:09.486+0000] {logging_mixin.py:154} INFO - [2023-12-03T13:35:09.486+0000] {dag.py:3722} INFO - Setting next_dagrun for bigquery_batch_load_dag_v2 to 2024-01-01T00:00:00+00:00, run_after=2025-01-01T00:00:00+00:00
[2023-12-03T13:35:09.503+0000] {processor.py:179} INFO - Processing /opt/airflow/dags/batch_load_bigquery_dag_v2.py took 0.830 seconds
[2023-12-03T14:27:22.348+0000] {processor.py:157} INFO - Started process (PID=3171) to work on /opt/airflow/dags/batch_load_bigquery_dag_v2.py
[2023-12-03T14:27:22.349+0000] {processor.py:829} INFO - Processing file /opt/airflow/dags/batch_load_bigquery_dag_v2.py for tasks to queue
[2023-12-03T14:27:22.352+0000] {logging_mixin.py:154} INFO - [2023-12-03T14:27:22.351+0000] {dagbag.py:536} INFO - Filling up the DagBag from /opt/airflow/dags/batch_load_bigquery_dag_v2.py
[2023-12-03T14:27:22.801+0000] {processor.py:839} INFO - DAG(s) dict_keys(['bigquery_batch_load_dag_v2']) retrieved from /opt/airflow/dags/batch_load_bigquery_dag_v2.py
[2023-12-03T14:27:22.814+0000] {logging_mixin.py:154} INFO - [2023-12-03T14:27:22.813+0000] {dag.py:2941} INFO - Sync 1 DAGs
[2023-12-03T14:27:22.829+0000] {logging_mixin.py:154} INFO - [2023-12-03T14:27:22.829+0000] {dag.py:3722} INFO - Setting next_dagrun for bigquery_batch_load_dag_v2 to 2024-01-01T00:00:00+00:00, run_after=2025-01-01T00:00:00+00:00
[2023-12-03T14:27:22.841+0000] {processor.py:179} INFO - Processing /opt/airflow/dags/batch_load_bigquery_dag_v2.py took 0.496 seconds
[2023-12-03T15:18:31.051+0000] {processor.py:157} INFO - Started process (PID=3229) to work on /opt/airflow/dags/batch_load_bigquery_dag_v2.py
[2023-12-03T15:18:31.053+0000] {processor.py:829} INFO - Processing file /opt/airflow/dags/batch_load_bigquery_dag_v2.py for tasks to queue
[2023-12-03T15:18:31.056+0000] {logging_mixin.py:154} INFO - [2023-12-03T15:18:31.055+0000] {dagbag.py:536} INFO - Filling up the DagBag from /opt/airflow/dags/batch_load_bigquery_dag_v2.py
[2023-12-03T15:18:31.991+0000] {processor.py:839} INFO - DAG(s) dict_keys(['bigquery_batch_load_dag_v2']) retrieved from /opt/airflow/dags/batch_load_bigquery_dag_v2.py
[2023-12-03T15:18:32.016+0000] {logging_mixin.py:154} INFO - [2023-12-03T15:18:32.016+0000] {dag.py:2941} INFO - Sync 1 DAGs
[2023-12-03T15:18:32.052+0000] {logging_mixin.py:154} INFO - [2023-12-03T15:18:32.052+0000] {dag.py:3722} INFO - Setting next_dagrun for bigquery_batch_load_dag_v2 to 2024-01-01T00:00:00+00:00, run_after=2025-01-01T00:00:00+00:00
[2023-12-03T15:18:32.120+0000] {processor.py:179} INFO - Processing /opt/airflow/dags/batch_load_bigquery_dag_v2.py took 1.073 seconds
[2023-12-03T16:07:31.414+0000] {processor.py:157} INFO - Started process (PID=3287) to work on /opt/airflow/dags/batch_load_bigquery_dag_v2.py
[2023-12-03T16:07:31.417+0000] {processor.py:829} INFO - Processing file /opt/airflow/dags/batch_load_bigquery_dag_v2.py for tasks to queue
[2023-12-03T16:07:31.422+0000] {logging_mixin.py:154} INFO - [2023-12-03T16:07:31.421+0000] {dagbag.py:536} INFO - Filling up the DagBag from /opt/airflow/dags/batch_load_bigquery_dag_v2.py
[2023-12-03T16:07:32.165+0000] {processor.py:839} INFO - DAG(s) dict_keys(['bigquery_batch_load_dag_v2']) retrieved from /opt/airflow/dags/batch_load_bigquery_dag_v2.py
[2023-12-03T16:07:32.195+0000] {logging_mixin.py:154} INFO - [2023-12-03T16:07:32.194+0000] {dag.py:2941} INFO - Sync 1 DAGs
[2023-12-03T16:07:32.222+0000] {logging_mixin.py:154} INFO - [2023-12-03T16:07:32.222+0000] {dag.py:3722} INFO - Setting next_dagrun for bigquery_batch_load_dag_v2 to 2024-01-01T00:00:00+00:00, run_after=2025-01-01T00:00:00+00:00
[2023-12-03T16:07:32.267+0000] {processor.py:179} INFO - Processing /opt/airflow/dags/batch_load_bigquery_dag_v2.py took 0.864 seconds
[2023-12-03T16:58:02.638+0000] {processor.py:157} INFO - Started process (PID=3345) to work on /opt/airflow/dags/batch_load_bigquery_dag_v2.py
[2023-12-03T16:58:02.651+0000] {processor.py:829} INFO - Processing file /opt/airflow/dags/batch_load_bigquery_dag_v2.py for tasks to queue
[2023-12-03T16:58:02.659+0000] {logging_mixin.py:154} INFO - [2023-12-03T16:58:02.659+0000] {dagbag.py:536} INFO - Filling up the DagBag from /opt/airflow/dags/batch_load_bigquery_dag_v2.py
[2023-12-03T16:58:03.398+0000] {processor.py:839} INFO - DAG(s) dict_keys(['bigquery_batch_load_dag_v2']) retrieved from /opt/airflow/dags/batch_load_bigquery_dag_v2.py
[2023-12-03T16:58:03.409+0000] {logging_mixin.py:154} INFO - [2023-12-03T16:58:03.409+0000] {dag.py:2941} INFO - Sync 1 DAGs
[2023-12-03T16:58:03.426+0000] {logging_mixin.py:154} INFO - [2023-12-03T16:58:03.426+0000] {dag.py:3722} INFO - Setting next_dagrun for bigquery_batch_load_dag_v2 to 2024-01-01T00:00:00+00:00, run_after=2025-01-01T00:00:00+00:00
[2023-12-03T16:58:03.439+0000] {processor.py:179} INFO - Processing /opt/airflow/dags/batch_load_bigquery_dag_v2.py took 0.808 seconds
[2023-12-03T17:46:20.542+0000] {processor.py:157} INFO - Started process (PID=3403) to work on /opt/airflow/dags/batch_load_bigquery_dag_v2.py
[2023-12-03T17:46:20.545+0000] {processor.py:829} INFO - Processing file /opt/airflow/dags/batch_load_bigquery_dag_v2.py for tasks to queue
[2023-12-03T17:46:20.547+0000] {logging_mixin.py:154} INFO - [2023-12-03T17:46:20.547+0000] {dagbag.py:536} INFO - Filling up the DagBag from /opt/airflow/dags/batch_load_bigquery_dag_v2.py
[2023-12-03T17:46:21.336+0000] {processor.py:839} INFO - DAG(s) dict_keys(['bigquery_batch_load_dag_v2']) retrieved from /opt/airflow/dags/batch_load_bigquery_dag_v2.py
[2023-12-03T17:46:21.350+0000] {logging_mixin.py:154} INFO - [2023-12-03T17:46:21.350+0000] {dag.py:2941} INFO - Sync 1 DAGs
[2023-12-03T17:46:21.365+0000] {logging_mixin.py:154} INFO - [2023-12-03T17:46:21.365+0000] {dag.py:3722} INFO - Setting next_dagrun for bigquery_batch_load_dag_v2 to 2024-01-01T00:00:00+00:00, run_after=2025-01-01T00:00:00+00:00
[2023-12-03T17:46:21.377+0000] {processor.py:179} INFO - Processing /opt/airflow/dags/batch_load_bigquery_dag_v2.py took 0.841 seconds
[2023-12-03T18:33:40.506+0000] {processor.py:157} INFO - Started process (PID=3461) to work on /opt/airflow/dags/batch_load_bigquery_dag_v2.py
[2023-12-03T18:33:40.508+0000] {processor.py:829} INFO - Processing file /opt/airflow/dags/batch_load_bigquery_dag_v2.py for tasks to queue
[2023-12-03T18:33:40.512+0000] {logging_mixin.py:154} INFO - [2023-12-03T18:33:40.512+0000] {dagbag.py:536} INFO - Filling up the DagBag from /opt/airflow/dags/batch_load_bigquery_dag_v2.py
[2023-12-03T18:33:41.187+0000] {processor.py:839} INFO - DAG(s) dict_keys(['bigquery_batch_load_dag_v2']) retrieved from /opt/airflow/dags/batch_load_bigquery_dag_v2.py
[2023-12-03T18:33:41.205+0000] {logging_mixin.py:154} INFO - [2023-12-03T18:33:41.204+0000] {dag.py:2941} INFO - Sync 1 DAGs
[2023-12-03T18:33:41.223+0000] {logging_mixin.py:154} INFO - [2023-12-03T18:33:41.223+0000] {dag.py:3722} INFO - Setting next_dagrun for bigquery_batch_load_dag_v2 to 2024-01-01T00:00:00+00:00, run_after=2025-01-01T00:00:00+00:00
[2023-12-03T18:33:41.237+0000] {processor.py:179} INFO - Processing /opt/airflow/dags/batch_load_bigquery_dag_v2.py took 0.735 seconds
[2023-12-03T19:06:24.798+0000] {processor.py:157} INFO - Started process (PID=3519) to work on /opt/airflow/dags/batch_load_bigquery_dag_v2.py
[2023-12-03T19:06:24.801+0000] {processor.py:829} INFO - Processing file /opt/airflow/dags/batch_load_bigquery_dag_v2.py for tasks to queue
[2023-12-03T19:06:24.826+0000] {logging_mixin.py:154} INFO - [2023-12-03T19:06:24.825+0000] {dagbag.py:536} INFO - Filling up the DagBag from /opt/airflow/dags/batch_load_bigquery_dag_v2.py
[2023-12-03T19:06:25.531+0000] {processor.py:839} INFO - DAG(s) dict_keys(['bigquery_batch_load_dag_v2']) retrieved from /opt/airflow/dags/batch_load_bigquery_dag_v2.py
[2023-12-03T19:06:25.546+0000] {logging_mixin.py:154} INFO - [2023-12-03T19:06:25.545+0000] {dag.py:2941} INFO - Sync 1 DAGs
[2023-12-03T19:06:25.565+0000] {logging_mixin.py:154} INFO - [2023-12-03T19:06:25.564+0000] {dag.py:3722} INFO - Setting next_dagrun for bigquery_batch_load_dag_v2 to 2024-01-01T00:00:00+00:00, run_after=2025-01-01T00:00:00+00:00
[2023-12-03T19:06:25.578+0000] {processor.py:179} INFO - Processing /opt/airflow/dags/batch_load_bigquery_dag_v2.py took 0.785 seconds
[2023-12-03T19:21:59.770+0000] {processor.py:157} INFO - Started process (PID=3577) to work on /opt/airflow/dags/batch_load_bigquery_dag_v2.py
[2023-12-03T19:21:59.771+0000] {processor.py:829} INFO - Processing file /opt/airflow/dags/batch_load_bigquery_dag_v2.py for tasks to queue
[2023-12-03T19:21:59.774+0000] {logging_mixin.py:154} INFO - [2023-12-03T19:21:59.774+0000] {dagbag.py:536} INFO - Filling up the DagBag from /opt/airflow/dags/batch_load_bigquery_dag_v2.py
[2023-12-03T19:22:00.923+0000] {processor.py:839} INFO - DAG(s) dict_keys(['bigquery_batch_load_dag_v2']) retrieved from /opt/airflow/dags/batch_load_bigquery_dag_v2.py
[2023-12-03T19:22:00.939+0000] {logging_mixin.py:154} INFO - [2023-12-03T19:22:00.938+0000] {dag.py:2941} INFO - Sync 1 DAGs
[2023-12-03T19:22:00.959+0000] {logging_mixin.py:154} INFO - [2023-12-03T19:22:00.959+0000] {dag.py:3722} INFO - Setting next_dagrun for bigquery_batch_load_dag_v2 to 2024-01-01T00:00:00+00:00, run_after=2025-01-01T00:00:00+00:00
[2023-12-03T19:22:00.977+0000] {processor.py:179} INFO - Processing /opt/airflow/dags/batch_load_bigquery_dag_v2.py took 1.210 seconds
[2023-12-03T20:11:31.638+0000] {processor.py:157} INFO - Started process (PID=3634) to work on /opt/airflow/dags/batch_load_bigquery_dag_v2.py
[2023-12-03T20:11:31.646+0000] {processor.py:829} INFO - Processing file /opt/airflow/dags/batch_load_bigquery_dag_v2.py for tasks to queue
[2023-12-03T20:11:31.657+0000] {logging_mixin.py:154} INFO - [2023-12-03T20:11:31.656+0000] {dagbag.py:536} INFO - Filling up the DagBag from /opt/airflow/dags/batch_load_bigquery_dag_v2.py
[2023-12-03T20:11:32.432+0000] {processor.py:839} INFO - DAG(s) dict_keys(['bigquery_batch_load_dag_v2']) retrieved from /opt/airflow/dags/batch_load_bigquery_dag_v2.py
[2023-12-03T20:11:32.445+0000] {logging_mixin.py:154} INFO - [2023-12-03T20:11:32.445+0000] {dag.py:2941} INFO - Sync 1 DAGs
[2023-12-03T20:11:32.461+0000] {logging_mixin.py:154} INFO - [2023-12-03T20:11:32.461+0000] {dag.py:3722} INFO - Setting next_dagrun for bigquery_batch_load_dag_v2 to 2024-01-01T00:00:00+00:00, run_after=2025-01-01T00:00:00+00:00
[2023-12-03T20:11:32.474+0000] {processor.py:179} INFO - Processing /opt/airflow/dags/batch_load_bigquery_dag_v2.py took 0.840 seconds
[2023-12-03T21:36:31.517+0000] {processor.py:157} INFO - Started process (PID=3692) to work on /opt/airflow/dags/batch_load_bigquery_dag_v2.py
[2023-12-03T21:36:31.518+0000] {processor.py:829} INFO - Processing file /opt/airflow/dags/batch_load_bigquery_dag_v2.py for tasks to queue
[2023-12-03T21:36:31.522+0000] {logging_mixin.py:154} INFO - [2023-12-03T21:36:31.521+0000] {dagbag.py:536} INFO - Filling up the DagBag from /opt/airflow/dags/batch_load_bigquery_dag_v2.py
[2023-12-03T21:36:32.510+0000] {processor.py:839} INFO - DAG(s) dict_keys(['bigquery_batch_load_dag_v2']) retrieved from /opt/airflow/dags/batch_load_bigquery_dag_v2.py
[2023-12-03T21:36:32.600+0000] {logging_mixin.py:154} INFO - [2023-12-03T21:36:32.599+0000] {dag.py:2941} INFO - Sync 1 DAGs
[2023-12-03T21:36:32.634+0000] {logging_mixin.py:154} INFO - [2023-12-03T21:36:32.634+0000] {dag.py:3722} INFO - Setting next_dagrun for bigquery_batch_load_dag_v2 to 2024-01-01T00:00:00+00:00, run_after=2025-01-01T00:00:00+00:00
[2023-12-03T21:36:32.678+0000] {processor.py:179} INFO - Processing /opt/airflow/dags/batch_load_bigquery_dag_v2.py took 1.165 seconds
[2023-12-03T22:57:29.727+0000] {processor.py:157} INFO - Started process (PID=3750) to work on /opt/airflow/dags/batch_load_bigquery_dag_v2.py
[2023-12-03T22:57:29.740+0000] {processor.py:829} INFO - Processing file /opt/airflow/dags/batch_load_bigquery_dag_v2.py for tasks to queue
[2023-12-03T22:57:29.746+0000] {logging_mixin.py:154} INFO - [2023-12-03T22:57:29.746+0000] {dagbag.py:536} INFO - Filling up the DagBag from /opt/airflow/dags/batch_load_bigquery_dag_v2.py
[2023-12-03T22:57:30.474+0000] {processor.py:839} INFO - DAG(s) dict_keys(['bigquery_batch_load_dag_v2']) retrieved from /opt/airflow/dags/batch_load_bigquery_dag_v2.py
[2023-12-03T22:57:30.487+0000] {logging_mixin.py:154} INFO - [2023-12-03T22:57:30.487+0000] {dag.py:2941} INFO - Sync 1 DAGs
[2023-12-03T22:57:30.501+0000] {logging_mixin.py:154} INFO - [2023-12-03T22:57:30.501+0000] {dag.py:3722} INFO - Setting next_dagrun for bigquery_batch_load_dag_v2 to 2024-01-01T00:00:00+00:00, run_after=2025-01-01T00:00:00+00:00
[2023-12-03T22:57:30.514+0000] {processor.py:179} INFO - Processing /opt/airflow/dags/batch_load_bigquery_dag_v2.py took 0.799 seconds
[2023-12-03T23:13:08.968+0000] {processor.py:157} INFO - Started process (PID=3808) to work on /opt/airflow/dags/batch_load_bigquery_dag_v2.py
[2023-12-03T23:13:08.970+0000] {processor.py:829} INFO - Processing file /opt/airflow/dags/batch_load_bigquery_dag_v2.py for tasks to queue
[2023-12-03T23:13:08.974+0000] {logging_mixin.py:154} INFO - [2023-12-03T23:13:08.973+0000] {dagbag.py:536} INFO - Filling up the DagBag from /opt/airflow/dags/batch_load_bigquery_dag_v2.py
[2023-12-03T23:13:09.583+0000] {processor.py:839} INFO - DAG(s) dict_keys(['bigquery_batch_load_dag_v2']) retrieved from /opt/airflow/dags/batch_load_bigquery_dag_v2.py
[2023-12-03T23:13:09.596+0000] {logging_mixin.py:154} INFO - [2023-12-03T23:13:09.595+0000] {dag.py:2941} INFO - Sync 1 DAGs
[2023-12-03T23:13:09.612+0000] {logging_mixin.py:154} INFO - [2023-12-03T23:13:09.612+0000] {dag.py:3722} INFO - Setting next_dagrun for bigquery_batch_load_dag_v2 to 2024-01-01T00:00:00+00:00, run_after=2025-01-01T00:00:00+00:00
[2023-12-03T23:13:09.626+0000] {processor.py:179} INFO - Processing /opt/airflow/dags/batch_load_bigquery_dag_v2.py took 0.661 seconds
[2023-12-03T23:22:16.445+0000] {processor.py:157} INFO - Started process (PID=3866) to work on /opt/airflow/dags/batch_load_bigquery_dag_v2.py
[2023-12-03T23:22:16.446+0000] {processor.py:829} INFO - Processing file /opt/airflow/dags/batch_load_bigquery_dag_v2.py for tasks to queue
[2023-12-03T23:22:16.448+0000] {logging_mixin.py:154} INFO - [2023-12-03T23:22:16.448+0000] {dagbag.py:536} INFO - Filling up the DagBag from /opt/airflow/dags/batch_load_bigquery_dag_v2.py
[2023-12-03T23:22:17.054+0000] {processor.py:839} INFO - DAG(s) dict_keys(['bigquery_batch_load_dag_v2']) retrieved from /opt/airflow/dags/batch_load_bigquery_dag_v2.py
[2023-12-03T23:22:17.084+0000] {logging_mixin.py:154} INFO - [2023-12-03T23:22:17.083+0000] {dag.py:2941} INFO - Sync 1 DAGs
[2023-12-03T23:22:17.114+0000] {logging_mixin.py:154} INFO - [2023-12-03T23:22:17.113+0000] {dag.py:3722} INFO - Setting next_dagrun for bigquery_batch_load_dag_v2 to 2024-01-01T00:00:00+00:00, run_after=2025-01-01T00:00:00+00:00
[2023-12-03T23:22:17.139+0000] {processor.py:179} INFO - Processing /opt/airflow/dags/batch_load_bigquery_dag_v2.py took 0.696 seconds
