[2023-12-03T09:43:24.147+0000] {processor.py:157} INFO - Started process (PID=65) to work on /home/airflow/.local/lib/python3.8/site-packages/airflow/example_dags/example_dag_decorator.py
[2023-12-03T09:43:24.148+0000] {processor.py:829} INFO - Processing file /home/airflow/.local/lib/python3.8/site-packages/airflow/example_dags/example_dag_decorator.py for tasks to queue
[2023-12-03T09:43:24.151+0000] {logging_mixin.py:154} INFO - [2023-12-03T09:43:24.151+0000] {dagbag.py:536} INFO - Filling up the DagBag from /home/airflow/.local/lib/python3.8/site-packages/airflow/example_dags/example_dag_decorator.py
[2023-12-03T09:43:24.317+0000] {processor.py:839} INFO - DAG(s) dict_keys(['example_dag_decorator']) retrieved from /home/airflow/.local/lib/python3.8/site-packages/airflow/example_dags/example_dag_decorator.py
[2023-12-03T09:43:24.332+0000] {logging_mixin.py:154} INFO - [2023-12-03T09:43:24.331+0000] {dag.py:2941} INFO - Sync 1 DAGs
[2023-12-03T09:43:24.347+0000] {logging_mixin.py:154} INFO - [2023-12-03T09:43:24.347+0000] {dag.py:3722} INFO - Setting next_dagrun for example_dag_decorator to None, run_after=None
[2023-12-03T09:43:24.370+0000] {processor.py:179} INFO - Processing /home/airflow/.local/lib/python3.8/site-packages/airflow/example_dags/example_dag_decorator.py took 0.227 seconds
[2023-12-03T09:43:54.624+0000] {processor.py:157} INFO - Started process (PID=123) to work on /home/airflow/.local/lib/python3.8/site-packages/airflow/example_dags/example_dag_decorator.py
[2023-12-03T09:43:54.625+0000] {processor.py:829} INFO - Processing file /home/airflow/.local/lib/python3.8/site-packages/airflow/example_dags/example_dag_decorator.py for tasks to queue
[2023-12-03T09:43:54.628+0000] {logging_mixin.py:154} INFO - [2023-12-03T09:43:54.627+0000] {dagbag.py:536} INFO - Filling up the DagBag from /home/airflow/.local/lib/python3.8/site-packages/airflow/example_dags/example_dag_decorator.py
[2023-12-03T09:43:54.760+0000] {processor.py:839} INFO - DAG(s) dict_keys(['example_dag_decorator']) retrieved from /home/airflow/.local/lib/python3.8/site-packages/airflow/example_dags/example_dag_decorator.py
[2023-12-03T09:43:54.962+0000] {logging_mixin.py:154} INFO - [2023-12-03T09:43:54.962+0000] {dag.py:2941} INFO - Sync 1 DAGs
[2023-12-03T09:43:54.978+0000] {logging_mixin.py:154} INFO - [2023-12-03T09:43:54.978+0000] {dag.py:3722} INFO - Setting next_dagrun for example_dag_decorator to None, run_after=None
[2023-12-03T09:43:55.003+0000] {processor.py:179} INFO - Processing /home/airflow/.local/lib/python3.8/site-packages/airflow/example_dags/example_dag_decorator.py took 0.383 seconds
[2023-12-03T09:44:25.591+0000] {processor.py:157} INFO - Started process (PID=180) to work on /home/airflow/.local/lib/python3.8/site-packages/airflow/example_dags/example_dag_decorator.py
[2023-12-03T09:44:25.592+0000] {processor.py:829} INFO - Processing file /home/airflow/.local/lib/python3.8/site-packages/airflow/example_dags/example_dag_decorator.py for tasks to queue
[2023-12-03T09:44:25.594+0000] {logging_mixin.py:154} INFO - [2023-12-03T09:44:25.594+0000] {dagbag.py:536} INFO - Filling up the DagBag from /home/airflow/.local/lib/python3.8/site-packages/airflow/example_dags/example_dag_decorator.py
[2023-12-03T09:44:25.662+0000] {processor.py:839} INFO - DAG(s) dict_keys(['example_dag_decorator']) retrieved from /home/airflow/.local/lib/python3.8/site-packages/airflow/example_dags/example_dag_decorator.py
[2023-12-03T09:44:25.756+0000] {logging_mixin.py:154} INFO - [2023-12-03T09:44:25.756+0000] {dag.py:2941} INFO - Sync 1 DAGs
[2023-12-03T09:44:25.766+0000] {logging_mixin.py:154} INFO - [2023-12-03T09:44:25.766+0000] {dag.py:3722} INFO - Setting next_dagrun for example_dag_decorator to None, run_after=None
[2023-12-03T09:44:25.783+0000] {processor.py:179} INFO - Processing /home/airflow/.local/lib/python3.8/site-packages/airflow/example_dags/example_dag_decorator.py took 0.196 seconds
[2023-12-03T09:44:56.681+0000] {processor.py:157} INFO - Started process (PID=238) to work on /home/airflow/.local/lib/python3.8/site-packages/airflow/example_dags/example_dag_decorator.py
[2023-12-03T09:44:56.682+0000] {processor.py:829} INFO - Processing file /home/airflow/.local/lib/python3.8/site-packages/airflow/example_dags/example_dag_decorator.py for tasks to queue
[2023-12-03T09:44:56.684+0000] {logging_mixin.py:154} INFO - [2023-12-03T09:44:56.684+0000] {dagbag.py:536} INFO - Filling up the DagBag from /home/airflow/.local/lib/python3.8/site-packages/airflow/example_dags/example_dag_decorator.py
[2023-12-03T09:44:56.751+0000] {processor.py:839} INFO - DAG(s) dict_keys(['example_dag_decorator']) retrieved from /home/airflow/.local/lib/python3.8/site-packages/airflow/example_dags/example_dag_decorator.py
[2023-12-03T09:44:57.006+0000] {logging_mixin.py:154} INFO - [2023-12-03T09:44:57.006+0000] {dag.py:2941} INFO - Sync 1 DAGs
[2023-12-03T09:44:57.018+0000] {logging_mixin.py:154} INFO - [2023-12-03T09:44:57.018+0000] {dag.py:3722} INFO - Setting next_dagrun for example_dag_decorator to None, run_after=None
[2023-12-03T09:44:57.042+0000] {processor.py:179} INFO - Processing /home/airflow/.local/lib/python3.8/site-packages/airflow/example_dags/example_dag_decorator.py took 0.365 seconds
[2023-12-03T09:45:27.816+0000] {processor.py:157} INFO - Started process (PID=296) to work on /home/airflow/.local/lib/python3.8/site-packages/airflow/example_dags/example_dag_decorator.py
[2023-12-03T09:45:27.818+0000] {processor.py:829} INFO - Processing file /home/airflow/.local/lib/python3.8/site-packages/airflow/example_dags/example_dag_decorator.py for tasks to queue
[2023-12-03T09:45:27.821+0000] {logging_mixin.py:154} INFO - [2023-12-03T09:45:27.821+0000] {dagbag.py:536} INFO - Filling up the DagBag from /home/airflow/.local/lib/python3.8/site-packages/airflow/example_dags/example_dag_decorator.py
[2023-12-03T09:45:27.892+0000] {processor.py:839} INFO - DAG(s) dict_keys(['example_dag_decorator']) retrieved from /home/airflow/.local/lib/python3.8/site-packages/airflow/example_dags/example_dag_decorator.py
[2023-12-03T09:45:28.156+0000] {logging_mixin.py:154} INFO - [2023-12-03T09:45:28.156+0000] {dag.py:2941} INFO - Sync 1 DAGs
[2023-12-03T09:45:28.167+0000] {logging_mixin.py:154} INFO - [2023-12-03T09:45:28.166+0000] {dag.py:3722} INFO - Setting next_dagrun for example_dag_decorator to None, run_after=None
[2023-12-03T09:45:28.186+0000] {processor.py:179} INFO - Processing /home/airflow/.local/lib/python3.8/site-packages/airflow/example_dags/example_dag_decorator.py took 0.376 seconds
[2023-12-03T09:45:59.006+0000] {processor.py:157} INFO - Started process (PID=356) to work on /home/airflow/.local/lib/python3.8/site-packages/airflow/example_dags/example_dag_decorator.py
[2023-12-03T09:45:59.008+0000] {processor.py:829} INFO - Processing file /home/airflow/.local/lib/python3.8/site-packages/airflow/example_dags/example_dag_decorator.py for tasks to queue
[2023-12-03T09:45:59.010+0000] {logging_mixin.py:154} INFO - [2023-12-03T09:45:59.010+0000] {dagbag.py:536} INFO - Filling up the DagBag from /home/airflow/.local/lib/python3.8/site-packages/airflow/example_dags/example_dag_decorator.py
[2023-12-03T09:45:59.083+0000] {processor.py:839} INFO - DAG(s) dict_keys(['example_dag_decorator']) retrieved from /home/airflow/.local/lib/python3.8/site-packages/airflow/example_dags/example_dag_decorator.py
[2023-12-03T09:45:59.321+0000] {logging_mixin.py:154} INFO - [2023-12-03T09:45:59.321+0000] {dag.py:2941} INFO - Sync 1 DAGs
[2023-12-03T09:45:59.331+0000] {logging_mixin.py:154} INFO - [2023-12-03T09:45:59.331+0000] {dag.py:3722} INFO - Setting next_dagrun for example_dag_decorator to None, run_after=None
[2023-12-03T09:45:59.347+0000] {processor.py:179} INFO - Processing /home/airflow/.local/lib/python3.8/site-packages/airflow/example_dags/example_dag_decorator.py took 0.346 seconds
[2023-12-03T09:46:29.738+0000] {processor.py:157} INFO - Started process (PID=414) to work on /home/airflow/.local/lib/python3.8/site-packages/airflow/example_dags/example_dag_decorator.py
[2023-12-03T09:46:29.740+0000] {processor.py:829} INFO - Processing file /home/airflow/.local/lib/python3.8/site-packages/airflow/example_dags/example_dag_decorator.py for tasks to queue
[2023-12-03T09:46:29.743+0000] {logging_mixin.py:154} INFO - [2023-12-03T09:46:29.743+0000] {dagbag.py:536} INFO - Filling up the DagBag from /home/airflow/.local/lib/python3.8/site-packages/airflow/example_dags/example_dag_decorator.py
[2023-12-03T09:46:29.822+0000] {processor.py:839} INFO - DAG(s) dict_keys(['example_dag_decorator']) retrieved from /home/airflow/.local/lib/python3.8/site-packages/airflow/example_dags/example_dag_decorator.py
[2023-12-03T09:46:30.101+0000] {logging_mixin.py:154} INFO - [2023-12-03T09:46:30.101+0000] {dag.py:2941} INFO - Sync 1 DAGs
[2023-12-03T09:46:30.111+0000] {logging_mixin.py:154} INFO - [2023-12-03T09:46:30.111+0000] {dag.py:3722} INFO - Setting next_dagrun for example_dag_decorator to None, run_after=None
[2023-12-03T09:46:30.129+0000] {processor.py:179} INFO - Processing /home/airflow/.local/lib/python3.8/site-packages/airflow/example_dags/example_dag_decorator.py took 0.395 seconds
[2023-12-03T09:47:00.263+0000] {processor.py:157} INFO - Started process (PID=474) to work on /home/airflow/.local/lib/python3.8/site-packages/airflow/example_dags/example_dag_decorator.py
[2023-12-03T09:47:00.264+0000] {processor.py:829} INFO - Processing file /home/airflow/.local/lib/python3.8/site-packages/airflow/example_dags/example_dag_decorator.py for tasks to queue
[2023-12-03T09:47:00.267+0000] {logging_mixin.py:154} INFO - [2023-12-03T09:47:00.266+0000] {dagbag.py:536} INFO - Filling up the DagBag from /home/airflow/.local/lib/python3.8/site-packages/airflow/example_dags/example_dag_decorator.py
[2023-12-03T09:47:00.352+0000] {processor.py:839} INFO - DAG(s) dict_keys(['example_dag_decorator']) retrieved from /home/airflow/.local/lib/python3.8/site-packages/airflow/example_dags/example_dag_decorator.py
[2023-12-03T09:47:00.628+0000] {logging_mixin.py:154} INFO - [2023-12-03T09:47:00.627+0000] {dag.py:2941} INFO - Sync 1 DAGs
[2023-12-03T09:47:00.637+0000] {logging_mixin.py:154} INFO - [2023-12-03T09:47:00.636+0000] {dag.py:3722} INFO - Setting next_dagrun for example_dag_decorator to None, run_after=None
[2023-12-03T09:47:00.654+0000] {processor.py:179} INFO - Processing /home/airflow/.local/lib/python3.8/site-packages/airflow/example_dags/example_dag_decorator.py took 0.397 seconds
[2023-12-03T09:47:30.752+0000] {processor.py:157} INFO - Started process (PID=531) to work on /home/airflow/.local/lib/python3.8/site-packages/airflow/example_dags/example_dag_decorator.py
[2023-12-03T09:47:30.753+0000] {processor.py:829} INFO - Processing file /home/airflow/.local/lib/python3.8/site-packages/airflow/example_dags/example_dag_decorator.py for tasks to queue
[2023-12-03T09:47:30.756+0000] {logging_mixin.py:154} INFO - [2023-12-03T09:47:30.756+0000] {dagbag.py:536} INFO - Filling up the DagBag from /home/airflow/.local/lib/python3.8/site-packages/airflow/example_dags/example_dag_decorator.py
[2023-12-03T09:47:30.867+0000] {processor.py:839} INFO - DAG(s) dict_keys(['example_dag_decorator']) retrieved from /home/airflow/.local/lib/python3.8/site-packages/airflow/example_dags/example_dag_decorator.py
[2023-12-03T09:47:31.200+0000] {logging_mixin.py:154} INFO - [2023-12-03T09:47:31.200+0000] {dag.py:2941} INFO - Sync 1 DAGs
[2023-12-03T09:47:31.215+0000] {logging_mixin.py:154} INFO - [2023-12-03T09:47:31.215+0000] {dag.py:3722} INFO - Setting next_dagrun for example_dag_decorator to None, run_after=None
[2023-12-03T09:47:31.239+0000] {processor.py:179} INFO - Processing /home/airflow/.local/lib/python3.8/site-packages/airflow/example_dags/example_dag_decorator.py took 0.491 seconds
[2023-12-03T09:48:02.218+0000] {processor.py:157} INFO - Started process (PID=589) to work on /home/airflow/.local/lib/python3.8/site-packages/airflow/example_dags/example_dag_decorator.py
[2023-12-03T09:48:02.219+0000] {processor.py:829} INFO - Processing file /home/airflow/.local/lib/python3.8/site-packages/airflow/example_dags/example_dag_decorator.py for tasks to queue
[2023-12-03T09:48:02.221+0000] {logging_mixin.py:154} INFO - [2023-12-03T09:48:02.221+0000] {dagbag.py:536} INFO - Filling up the DagBag from /home/airflow/.local/lib/python3.8/site-packages/airflow/example_dags/example_dag_decorator.py
[2023-12-03T09:48:02.295+0000] {processor.py:839} INFO - DAG(s) dict_keys(['example_dag_decorator']) retrieved from /home/airflow/.local/lib/python3.8/site-packages/airflow/example_dags/example_dag_decorator.py
[2023-12-03T09:48:02.539+0000] {logging_mixin.py:154} INFO - [2023-12-03T09:48:02.539+0000] {dag.py:2941} INFO - Sync 1 DAGs
[2023-12-03T09:48:02.548+0000] {logging_mixin.py:154} INFO - [2023-12-03T09:48:02.548+0000] {dag.py:3722} INFO - Setting next_dagrun for example_dag_decorator to None, run_after=None
[2023-12-03T09:48:02.565+0000] {processor.py:179} INFO - Processing /home/airflow/.local/lib/python3.8/site-packages/airflow/example_dags/example_dag_decorator.py took 0.350 seconds
[2023-12-03T09:48:32.704+0000] {processor.py:157} INFO - Started process (PID=644) to work on /home/airflow/.local/lib/python3.8/site-packages/airflow/example_dags/example_dag_decorator.py
[2023-12-03T09:48:32.705+0000] {processor.py:829} INFO - Processing file /home/airflow/.local/lib/python3.8/site-packages/airflow/example_dags/example_dag_decorator.py for tasks to queue
[2023-12-03T09:48:32.707+0000] {logging_mixin.py:154} INFO - [2023-12-03T09:48:32.707+0000] {dagbag.py:536} INFO - Filling up the DagBag from /home/airflow/.local/lib/python3.8/site-packages/airflow/example_dags/example_dag_decorator.py
[2023-12-03T09:48:32.908+0000] {processor.py:839} INFO - DAG(s) dict_keys(['example_dag_decorator']) retrieved from /home/airflow/.local/lib/python3.8/site-packages/airflow/example_dags/example_dag_decorator.py
[2023-12-03T09:48:32.993+0000] {logging_mixin.py:154} INFO - [2023-12-03T09:48:32.993+0000] {dag.py:2941} INFO - Sync 1 DAGs
[2023-12-03T09:48:33.003+0000] {logging_mixin.py:154} INFO - [2023-12-03T09:48:33.003+0000] {dag.py:3722} INFO - Setting next_dagrun for example_dag_decorator to None, run_after=None
[2023-12-03T09:48:33.019+0000] {processor.py:179} INFO - Processing /home/airflow/.local/lib/python3.8/site-packages/airflow/example_dags/example_dag_decorator.py took 0.320 seconds
[2023-12-03T09:49:04.279+0000] {processor.py:157} INFO - Started process (PID=710) to work on /home/airflow/.local/lib/python3.8/site-packages/airflow/example_dags/example_dag_decorator.py
[2023-12-03T09:49:04.281+0000] {processor.py:829} INFO - Processing file /home/airflow/.local/lib/python3.8/site-packages/airflow/example_dags/example_dag_decorator.py for tasks to queue
[2023-12-03T09:49:04.283+0000] {logging_mixin.py:154} INFO - [2023-12-03T09:49:04.283+0000] {dagbag.py:536} INFO - Filling up the DagBag from /home/airflow/.local/lib/python3.8/site-packages/airflow/example_dags/example_dag_decorator.py
[2023-12-03T09:49:04.503+0000] {processor.py:839} INFO - DAG(s) dict_keys(['example_dag_decorator']) retrieved from /home/airflow/.local/lib/python3.8/site-packages/airflow/example_dags/example_dag_decorator.py
[2023-12-03T09:49:04.613+0000] {logging_mixin.py:154} INFO - [2023-12-03T09:49:04.613+0000] {dag.py:2941} INFO - Sync 1 DAGs
[2023-12-03T09:49:04.625+0000] {logging_mixin.py:154} INFO - [2023-12-03T09:49:04.625+0000] {dag.py:3722} INFO - Setting next_dagrun for example_dag_decorator to None, run_after=None
[2023-12-03T09:49:04.649+0000] {processor.py:179} INFO - Processing /home/airflow/.local/lib/python3.8/site-packages/airflow/example_dags/example_dag_decorator.py took 0.374 seconds
[2023-12-03T09:49:35.247+0000] {processor.py:157} INFO - Started process (PID=767) to work on /home/airflow/.local/lib/python3.8/site-packages/airflow/example_dags/example_dag_decorator.py
[2023-12-03T09:49:35.249+0000] {processor.py:829} INFO - Processing file /home/airflow/.local/lib/python3.8/site-packages/airflow/example_dags/example_dag_decorator.py for tasks to queue
[2023-12-03T09:49:35.252+0000] {logging_mixin.py:154} INFO - [2023-12-03T09:49:35.252+0000] {dagbag.py:536} INFO - Filling up the DagBag from /home/airflow/.local/lib/python3.8/site-packages/airflow/example_dags/example_dag_decorator.py
[2023-12-03T09:49:35.478+0000] {processor.py:839} INFO - DAG(s) dict_keys(['example_dag_decorator']) retrieved from /home/airflow/.local/lib/python3.8/site-packages/airflow/example_dags/example_dag_decorator.py
[2023-12-03T09:49:35.570+0000] {logging_mixin.py:154} INFO - [2023-12-03T09:49:35.569+0000] {dag.py:2941} INFO - Sync 1 DAGs
[2023-12-03T09:49:35.579+0000] {logging_mixin.py:154} INFO - [2023-12-03T09:49:35.578+0000] {dag.py:3722} INFO - Setting next_dagrun for example_dag_decorator to None, run_after=None
[2023-12-03T09:49:35.595+0000] {processor.py:179} INFO - Processing /home/airflow/.local/lib/python3.8/site-packages/airflow/example_dags/example_dag_decorator.py took 0.353 seconds
[2023-12-03T09:50:06.258+0000] {processor.py:157} INFO - Started process (PID=825) to work on /home/airflow/.local/lib/python3.8/site-packages/airflow/example_dags/example_dag_decorator.py
[2023-12-03T09:50:06.259+0000] {processor.py:829} INFO - Processing file /home/airflow/.local/lib/python3.8/site-packages/airflow/example_dags/example_dag_decorator.py for tasks to queue
[2023-12-03T09:50:06.261+0000] {logging_mixin.py:154} INFO - [2023-12-03T09:50:06.261+0000] {dagbag.py:536} INFO - Filling up the DagBag from /home/airflow/.local/lib/python3.8/site-packages/airflow/example_dags/example_dag_decorator.py
[2023-12-03T09:50:06.458+0000] {processor.py:839} INFO - DAG(s) dict_keys(['example_dag_decorator']) retrieved from /home/airflow/.local/lib/python3.8/site-packages/airflow/example_dags/example_dag_decorator.py
[2023-12-03T09:50:06.554+0000] {logging_mixin.py:154} INFO - [2023-12-03T09:50:06.553+0000] {dag.py:2941} INFO - Sync 1 DAGs
[2023-12-03T09:50:06.563+0000] {logging_mixin.py:154} INFO - [2023-12-03T09:50:06.562+0000] {dag.py:3722} INFO - Setting next_dagrun for example_dag_decorator to None, run_after=None
[2023-12-03T09:50:06.580+0000] {processor.py:179} INFO - Processing /home/airflow/.local/lib/python3.8/site-packages/airflow/example_dags/example_dag_decorator.py took 0.326 seconds
[2023-12-03T09:50:37.217+0000] {processor.py:157} INFO - Started process (PID=883) to work on /home/airflow/.local/lib/python3.8/site-packages/airflow/example_dags/example_dag_decorator.py
[2023-12-03T09:50:37.218+0000] {processor.py:829} INFO - Processing file /home/airflow/.local/lib/python3.8/site-packages/airflow/example_dags/example_dag_decorator.py for tasks to queue
[2023-12-03T09:50:37.221+0000] {logging_mixin.py:154} INFO - [2023-12-03T09:50:37.221+0000] {dagbag.py:536} INFO - Filling up the DagBag from /home/airflow/.local/lib/python3.8/site-packages/airflow/example_dags/example_dag_decorator.py
[2023-12-03T09:50:37.289+0000] {processor.py:839} INFO - DAG(s) dict_keys(['example_dag_decorator']) retrieved from /home/airflow/.local/lib/python3.8/site-packages/airflow/example_dags/example_dag_decorator.py
[2023-12-03T09:50:37.383+0000] {logging_mixin.py:154} INFO - [2023-12-03T09:50:37.383+0000] {dag.py:2941} INFO - Sync 1 DAGs
[2023-12-03T09:50:37.394+0000] {logging_mixin.py:154} INFO - [2023-12-03T09:50:37.394+0000] {dag.py:3722} INFO - Setting next_dagrun for example_dag_decorator to None, run_after=None
[2023-12-03T09:50:37.411+0000] {processor.py:179} INFO - Processing /home/airflow/.local/lib/python3.8/site-packages/airflow/example_dags/example_dag_decorator.py took 0.198 seconds
[2023-12-03T09:51:08.346+0000] {processor.py:157} INFO - Started process (PID=941) to work on /home/airflow/.local/lib/python3.8/site-packages/airflow/example_dags/example_dag_decorator.py
[2023-12-03T09:51:08.348+0000] {processor.py:829} INFO - Processing file /home/airflow/.local/lib/python3.8/site-packages/airflow/example_dags/example_dag_decorator.py for tasks to queue
[2023-12-03T09:51:08.352+0000] {logging_mixin.py:154} INFO - [2023-12-03T09:51:08.352+0000] {dagbag.py:536} INFO - Filling up the DagBag from /home/airflow/.local/lib/python3.8/site-packages/airflow/example_dags/example_dag_decorator.py
[2023-12-03T09:51:08.440+0000] {processor.py:839} INFO - DAG(s) dict_keys(['example_dag_decorator']) retrieved from /home/airflow/.local/lib/python3.8/site-packages/airflow/example_dags/example_dag_decorator.py
[2023-12-03T09:51:08.538+0000] {logging_mixin.py:154} INFO - [2023-12-03T09:51:08.538+0000] {dag.py:2941} INFO - Sync 1 DAGs
[2023-12-03T09:51:08.550+0000] {logging_mixin.py:154} INFO - [2023-12-03T09:51:08.550+0000] {dag.py:3722} INFO - Setting next_dagrun for example_dag_decorator to None, run_after=None
[2023-12-03T09:51:08.567+0000] {processor.py:179} INFO - Processing /home/airflow/.local/lib/python3.8/site-packages/airflow/example_dags/example_dag_decorator.py took 0.226 seconds
[2023-12-03T09:51:39.281+0000] {processor.py:157} INFO - Started process (PID=999) to work on /home/airflow/.local/lib/python3.8/site-packages/airflow/example_dags/example_dag_decorator.py
[2023-12-03T09:51:39.283+0000] {processor.py:829} INFO - Processing file /home/airflow/.local/lib/python3.8/site-packages/airflow/example_dags/example_dag_decorator.py for tasks to queue
[2023-12-03T09:51:39.285+0000] {logging_mixin.py:154} INFO - [2023-12-03T09:51:39.285+0000] {dagbag.py:536} INFO - Filling up the DagBag from /home/airflow/.local/lib/python3.8/site-packages/airflow/example_dags/example_dag_decorator.py
[2023-12-03T09:51:39.353+0000] {processor.py:839} INFO - DAG(s) dict_keys(['example_dag_decorator']) retrieved from /home/airflow/.local/lib/python3.8/site-packages/airflow/example_dags/example_dag_decorator.py
[2023-12-03T09:51:39.442+0000] {logging_mixin.py:154} INFO - [2023-12-03T09:51:39.441+0000] {dag.py:2941} INFO - Sync 1 DAGs
[2023-12-03T09:51:39.454+0000] {logging_mixin.py:154} INFO - [2023-12-03T09:51:39.454+0000] {dag.py:3722} INFO - Setting next_dagrun for example_dag_decorator to None, run_after=None
[2023-12-03T09:51:39.471+0000] {processor.py:179} INFO - Processing /home/airflow/.local/lib/python3.8/site-packages/airflow/example_dags/example_dag_decorator.py took 0.193 seconds
[2023-12-03T09:52:10.301+0000] {processor.py:157} INFO - Started process (PID=1057) to work on /home/airflow/.local/lib/python3.8/site-packages/airflow/example_dags/example_dag_decorator.py
[2023-12-03T09:52:10.302+0000] {processor.py:829} INFO - Processing file /home/airflow/.local/lib/python3.8/site-packages/airflow/example_dags/example_dag_decorator.py for tasks to queue
[2023-12-03T09:52:10.305+0000] {logging_mixin.py:154} INFO - [2023-12-03T09:52:10.305+0000] {dagbag.py:536} INFO - Filling up the DagBag from /home/airflow/.local/lib/python3.8/site-packages/airflow/example_dags/example_dag_decorator.py
[2023-12-03T09:52:10.372+0000] {processor.py:839} INFO - DAG(s) dict_keys(['example_dag_decorator']) retrieved from /home/airflow/.local/lib/python3.8/site-packages/airflow/example_dags/example_dag_decorator.py
[2023-12-03T09:52:10.392+0000] {logging_mixin.py:154} INFO - [2023-12-03T09:52:10.392+0000] {dag.py:2941} INFO - Sync 1 DAGs
[2023-12-03T09:52:10.409+0000] {logging_mixin.py:154} INFO - [2023-12-03T09:52:10.409+0000] {dag.py:3722} INFO - Setting next_dagrun for example_dag_decorator to None, run_after=None
[2023-12-03T09:52:10.428+0000] {processor.py:179} INFO - Processing /home/airflow/.local/lib/python3.8/site-packages/airflow/example_dags/example_dag_decorator.py took 0.131 seconds
[2023-12-03T09:52:41.417+0000] {processor.py:157} INFO - Started process (PID=1115) to work on /home/airflow/.local/lib/python3.8/site-packages/airflow/example_dags/example_dag_decorator.py
[2023-12-03T09:52:41.418+0000] {processor.py:829} INFO - Processing file /home/airflow/.local/lib/python3.8/site-packages/airflow/example_dags/example_dag_decorator.py for tasks to queue
[2023-12-03T09:52:41.421+0000] {logging_mixin.py:154} INFO - [2023-12-03T09:52:41.421+0000] {dagbag.py:536} INFO - Filling up the DagBag from /home/airflow/.local/lib/python3.8/site-packages/airflow/example_dags/example_dag_decorator.py
[2023-12-03T09:52:41.507+0000] {processor.py:839} INFO - DAG(s) dict_keys(['example_dag_decorator']) retrieved from /home/airflow/.local/lib/python3.8/site-packages/airflow/example_dags/example_dag_decorator.py
[2023-12-03T09:52:41.634+0000] {logging_mixin.py:154} INFO - [2023-12-03T09:52:41.633+0000] {dag.py:2941} INFO - Sync 1 DAGs
[2023-12-03T09:52:41.649+0000] {logging_mixin.py:154} INFO - [2023-12-03T09:52:41.649+0000] {dag.py:3722} INFO - Setting next_dagrun for example_dag_decorator to None, run_after=None
[2023-12-03T09:52:41.671+0000] {processor.py:179} INFO - Processing /home/airflow/.local/lib/python3.8/site-packages/airflow/example_dags/example_dag_decorator.py took 0.259 seconds
[2023-12-03T09:53:12.444+0000] {processor.py:157} INFO - Started process (PID=1172) to work on /home/airflow/.local/lib/python3.8/site-packages/airflow/example_dags/example_dag_decorator.py
[2023-12-03T09:53:12.445+0000] {processor.py:829} INFO - Processing file /home/airflow/.local/lib/python3.8/site-packages/airflow/example_dags/example_dag_decorator.py for tasks to queue
[2023-12-03T09:53:12.447+0000] {logging_mixin.py:154} INFO - [2023-12-03T09:53:12.447+0000] {dagbag.py:536} INFO - Filling up the DagBag from /home/airflow/.local/lib/python3.8/site-packages/airflow/example_dags/example_dag_decorator.py
[2023-12-03T09:53:12.511+0000] {processor.py:839} INFO - DAG(s) dict_keys(['example_dag_decorator']) retrieved from /home/airflow/.local/lib/python3.8/site-packages/airflow/example_dags/example_dag_decorator.py
[2023-12-03T09:53:12.606+0000] {logging_mixin.py:154} INFO - [2023-12-03T09:53:12.606+0000] {dag.py:2941} INFO - Sync 1 DAGs
[2023-12-03T09:53:12.617+0000] {logging_mixin.py:154} INFO - [2023-12-03T09:53:12.616+0000] {dag.py:3722} INFO - Setting next_dagrun for example_dag_decorator to None, run_after=None
[2023-12-03T09:53:12.639+0000] {processor.py:179} INFO - Processing /home/airflow/.local/lib/python3.8/site-packages/airflow/example_dags/example_dag_decorator.py took 0.198 seconds
[2023-12-03T09:53:42.732+0000] {processor.py:157} INFO - Started process (PID=1229) to work on /home/airflow/.local/lib/python3.8/site-packages/airflow/example_dags/example_dag_decorator.py
[2023-12-03T09:53:42.733+0000] {processor.py:829} INFO - Processing file /home/airflow/.local/lib/python3.8/site-packages/airflow/example_dags/example_dag_decorator.py for tasks to queue
[2023-12-03T09:53:42.737+0000] {logging_mixin.py:154} INFO - [2023-12-03T09:53:42.736+0000] {dagbag.py:536} INFO - Filling up the DagBag from /home/airflow/.local/lib/python3.8/site-packages/airflow/example_dags/example_dag_decorator.py
[2023-12-03T09:53:42.807+0000] {processor.py:839} INFO - DAG(s) dict_keys(['example_dag_decorator']) retrieved from /home/airflow/.local/lib/python3.8/site-packages/airflow/example_dags/example_dag_decorator.py
[2023-12-03T09:53:42.925+0000] {logging_mixin.py:154} INFO - [2023-12-03T09:53:42.925+0000] {dag.py:2941} INFO - Sync 1 DAGs
[2023-12-03T09:53:42.940+0000] {logging_mixin.py:154} INFO - [2023-12-03T09:53:42.939+0000] {dag.py:3722} INFO - Setting next_dagrun for example_dag_decorator to None, run_after=None
[2023-12-03T09:53:42.966+0000] {processor.py:179} INFO - Processing /home/airflow/.local/lib/python3.8/site-packages/airflow/example_dags/example_dag_decorator.py took 0.238 seconds
[2023-12-03T09:54:13.092+0000] {processor.py:157} INFO - Started process (PID=1287) to work on /home/airflow/.local/lib/python3.8/site-packages/airflow/example_dags/example_dag_decorator.py
[2023-12-03T09:54:13.093+0000] {processor.py:829} INFO - Processing file /home/airflow/.local/lib/python3.8/site-packages/airflow/example_dags/example_dag_decorator.py for tasks to queue
[2023-12-03T09:54:13.096+0000] {logging_mixin.py:154} INFO - [2023-12-03T09:54:13.096+0000] {dagbag.py:536} INFO - Filling up the DagBag from /home/airflow/.local/lib/python3.8/site-packages/airflow/example_dags/example_dag_decorator.py
[2023-12-03T09:54:13.166+0000] {processor.py:839} INFO - DAG(s) dict_keys(['example_dag_decorator']) retrieved from /home/airflow/.local/lib/python3.8/site-packages/airflow/example_dags/example_dag_decorator.py
[2023-12-03T09:54:13.263+0000] {logging_mixin.py:154} INFO - [2023-12-03T09:54:13.263+0000] {dag.py:2941} INFO - Sync 1 DAGs
[2023-12-03T09:54:13.274+0000] {logging_mixin.py:154} INFO - [2023-12-03T09:54:13.274+0000] {dag.py:3722} INFO - Setting next_dagrun for example_dag_decorator to None, run_after=None
[2023-12-03T09:54:13.291+0000] {processor.py:179} INFO - Processing /home/airflow/.local/lib/python3.8/site-packages/airflow/example_dags/example_dag_decorator.py took 0.203 seconds
[2023-12-03T09:54:43.471+0000] {processor.py:157} INFO - Started process (PID=1345) to work on /home/airflow/.local/lib/python3.8/site-packages/airflow/example_dags/example_dag_decorator.py
[2023-12-03T09:54:43.473+0000] {processor.py:829} INFO - Processing file /home/airflow/.local/lib/python3.8/site-packages/airflow/example_dags/example_dag_decorator.py for tasks to queue
[2023-12-03T09:54:43.476+0000] {logging_mixin.py:154} INFO - [2023-12-03T09:54:43.476+0000] {dagbag.py:536} INFO - Filling up the DagBag from /home/airflow/.local/lib/python3.8/site-packages/airflow/example_dags/example_dag_decorator.py
[2023-12-03T09:54:43.549+0000] {processor.py:839} INFO - DAG(s) dict_keys(['example_dag_decorator']) retrieved from /home/airflow/.local/lib/python3.8/site-packages/airflow/example_dags/example_dag_decorator.py
[2023-12-03T09:54:43.643+0000] {logging_mixin.py:154} INFO - [2023-12-03T09:54:43.643+0000] {dag.py:2941} INFO - Sync 1 DAGs
[2023-12-03T09:54:43.653+0000] {logging_mixin.py:154} INFO - [2023-12-03T09:54:43.653+0000] {dag.py:3722} INFO - Setting next_dagrun for example_dag_decorator to None, run_after=None
[2023-12-03T09:54:43.670+0000] {processor.py:179} INFO - Processing /home/airflow/.local/lib/python3.8/site-packages/airflow/example_dags/example_dag_decorator.py took 0.203 seconds
[2023-12-03T09:55:13.855+0000] {processor.py:157} INFO - Started process (PID=1403) to work on /home/airflow/.local/lib/python3.8/site-packages/airflow/example_dags/example_dag_decorator.py
[2023-12-03T09:55:13.856+0000] {processor.py:829} INFO - Processing file /home/airflow/.local/lib/python3.8/site-packages/airflow/example_dags/example_dag_decorator.py for tasks to queue
[2023-12-03T09:55:13.859+0000] {logging_mixin.py:154} INFO - [2023-12-03T09:55:13.859+0000] {dagbag.py:536} INFO - Filling up the DagBag from /home/airflow/.local/lib/python3.8/site-packages/airflow/example_dags/example_dag_decorator.py
[2023-12-03T09:55:13.925+0000] {processor.py:839} INFO - DAG(s) dict_keys(['example_dag_decorator']) retrieved from /home/airflow/.local/lib/python3.8/site-packages/airflow/example_dags/example_dag_decorator.py
[2023-12-03T09:55:14.023+0000] {logging_mixin.py:154} INFO - [2023-12-03T09:55:14.022+0000] {dag.py:2941} INFO - Sync 1 DAGs
[2023-12-03T09:55:14.034+0000] {logging_mixin.py:154} INFO - [2023-12-03T09:55:14.034+0000] {dag.py:3722} INFO - Setting next_dagrun for example_dag_decorator to None, run_after=None
[2023-12-03T09:55:14.051+0000] {processor.py:179} INFO - Processing /home/airflow/.local/lib/python3.8/site-packages/airflow/example_dags/example_dag_decorator.py took 0.202 seconds
[2023-12-03T09:55:44.351+0000] {processor.py:157} INFO - Started process (PID=1462) to work on /home/airflow/.local/lib/python3.8/site-packages/airflow/example_dags/example_dag_decorator.py
[2023-12-03T09:55:44.352+0000] {processor.py:829} INFO - Processing file /home/airflow/.local/lib/python3.8/site-packages/airflow/example_dags/example_dag_decorator.py for tasks to queue
[2023-12-03T09:55:44.355+0000] {logging_mixin.py:154} INFO - [2023-12-03T09:55:44.355+0000] {dagbag.py:536} INFO - Filling up the DagBag from /home/airflow/.local/lib/python3.8/site-packages/airflow/example_dags/example_dag_decorator.py
[2023-12-03T09:55:44.453+0000] {processor.py:839} INFO - DAG(s) dict_keys(['example_dag_decorator']) retrieved from /home/airflow/.local/lib/python3.8/site-packages/airflow/example_dags/example_dag_decorator.py
[2023-12-03T09:55:44.581+0000] {logging_mixin.py:154} INFO - [2023-12-03T09:55:44.581+0000] {dag.py:2941} INFO - Sync 1 DAGs
[2023-12-03T09:55:44.593+0000] {logging_mixin.py:154} INFO - [2023-12-03T09:55:44.593+0000] {dag.py:3722} INFO - Setting next_dagrun for example_dag_decorator to None, run_after=None
[2023-12-03T09:55:44.613+0000] {processor.py:179} INFO - Processing /home/airflow/.local/lib/python3.8/site-packages/airflow/example_dags/example_dag_decorator.py took 0.266 seconds
[2023-12-03T09:56:14.682+0000] {processor.py:157} INFO - Started process (PID=1524) to work on /home/airflow/.local/lib/python3.8/site-packages/airflow/example_dags/example_dag_decorator.py
[2023-12-03T09:56:14.684+0000] {processor.py:829} INFO - Processing file /home/airflow/.local/lib/python3.8/site-packages/airflow/example_dags/example_dag_decorator.py for tasks to queue
[2023-12-03T09:56:14.687+0000] {logging_mixin.py:154} INFO - [2023-12-03T09:56:14.686+0000] {dagbag.py:536} INFO - Filling up the DagBag from /home/airflow/.local/lib/python3.8/site-packages/airflow/example_dags/example_dag_decorator.py
[2023-12-03T09:56:14.753+0000] {processor.py:839} INFO - DAG(s) dict_keys(['example_dag_decorator']) retrieved from /home/airflow/.local/lib/python3.8/site-packages/airflow/example_dags/example_dag_decorator.py
[2023-12-03T09:56:14.851+0000] {logging_mixin.py:154} INFO - [2023-12-03T09:56:14.850+0000] {dag.py:2941} INFO - Sync 1 DAGs
[2023-12-03T09:56:14.861+0000] {logging_mixin.py:154} INFO - [2023-12-03T09:56:14.861+0000] {dag.py:3722} INFO - Setting next_dagrun for example_dag_decorator to None, run_after=None
[2023-12-03T09:56:14.879+0000] {processor.py:179} INFO - Processing /home/airflow/.local/lib/python3.8/site-packages/airflow/example_dags/example_dag_decorator.py took 0.201 seconds
[2023-12-03T09:56:45.597+0000] {processor.py:157} INFO - Started process (PID=1582) to work on /home/airflow/.local/lib/python3.8/site-packages/airflow/example_dags/example_dag_decorator.py
[2023-12-03T09:56:45.598+0000] {processor.py:829} INFO - Processing file /home/airflow/.local/lib/python3.8/site-packages/airflow/example_dags/example_dag_decorator.py for tasks to queue
[2023-12-03T09:56:45.602+0000] {logging_mixin.py:154} INFO - [2023-12-03T09:56:45.602+0000] {dagbag.py:536} INFO - Filling up the DagBag from /home/airflow/.local/lib/python3.8/site-packages/airflow/example_dags/example_dag_decorator.py
[2023-12-03T09:56:45.670+0000] {processor.py:839} INFO - DAG(s) dict_keys(['example_dag_decorator']) retrieved from /home/airflow/.local/lib/python3.8/site-packages/airflow/example_dags/example_dag_decorator.py
[2023-12-03T09:56:45.754+0000] {logging_mixin.py:154} INFO - [2023-12-03T09:56:45.754+0000] {dag.py:2941} INFO - Sync 1 DAGs
[2023-12-03T09:56:45.764+0000] {logging_mixin.py:154} INFO - [2023-12-03T09:56:45.764+0000] {dag.py:3722} INFO - Setting next_dagrun for example_dag_decorator to None, run_after=None
[2023-12-03T09:56:45.784+0000] {processor.py:179} INFO - Processing /home/airflow/.local/lib/python3.8/site-packages/airflow/example_dags/example_dag_decorator.py took 0.192 seconds
[2023-12-03T09:57:16.364+0000] {processor.py:157} INFO - Started process (PID=1640) to work on /home/airflow/.local/lib/python3.8/site-packages/airflow/example_dags/example_dag_decorator.py
[2023-12-03T09:57:16.365+0000] {processor.py:829} INFO - Processing file /home/airflow/.local/lib/python3.8/site-packages/airflow/example_dags/example_dag_decorator.py for tasks to queue
[2023-12-03T09:57:16.368+0000] {logging_mixin.py:154} INFO - [2023-12-03T09:57:16.368+0000] {dagbag.py:536} INFO - Filling up the DagBag from /home/airflow/.local/lib/python3.8/site-packages/airflow/example_dags/example_dag_decorator.py
[2023-12-03T09:57:16.432+0000] {processor.py:839} INFO - DAG(s) dict_keys(['example_dag_decorator']) retrieved from /home/airflow/.local/lib/python3.8/site-packages/airflow/example_dags/example_dag_decorator.py
[2023-12-03T09:57:16.524+0000] {logging_mixin.py:154} INFO - [2023-12-03T09:57:16.523+0000] {dag.py:2941} INFO - Sync 1 DAGs
[2023-12-03T09:57:16.533+0000] {logging_mixin.py:154} INFO - [2023-12-03T09:57:16.533+0000] {dag.py:3722} INFO - Setting next_dagrun for example_dag_decorator to None, run_after=None
[2023-12-03T09:57:16.551+0000] {processor.py:179} INFO - Processing /home/airflow/.local/lib/python3.8/site-packages/airflow/example_dags/example_dag_decorator.py took 0.192 seconds
[2023-12-03T09:57:46.625+0000] {processor.py:157} INFO - Started process (PID=1700) to work on /home/airflow/.local/lib/python3.8/site-packages/airflow/example_dags/example_dag_decorator.py
[2023-12-03T09:57:46.626+0000] {processor.py:829} INFO - Processing file /home/airflow/.local/lib/python3.8/site-packages/airflow/example_dags/example_dag_decorator.py for tasks to queue
[2023-12-03T09:57:46.629+0000] {logging_mixin.py:154} INFO - [2023-12-03T09:57:46.629+0000] {dagbag.py:536} INFO - Filling up the DagBag from /home/airflow/.local/lib/python3.8/site-packages/airflow/example_dags/example_dag_decorator.py
[2023-12-03T09:57:46.698+0000] {processor.py:839} INFO - DAG(s) dict_keys(['example_dag_decorator']) retrieved from /home/airflow/.local/lib/python3.8/site-packages/airflow/example_dags/example_dag_decorator.py
[2023-12-03T09:57:46.800+0000] {logging_mixin.py:154} INFO - [2023-12-03T09:57:46.800+0000] {dag.py:2941} INFO - Sync 1 DAGs
[2023-12-03T09:57:46.810+0000] {logging_mixin.py:154} INFO - [2023-12-03T09:57:46.810+0000] {dag.py:3722} INFO - Setting next_dagrun for example_dag_decorator to None, run_after=None
[2023-12-03T09:57:46.828+0000] {processor.py:179} INFO - Processing /home/airflow/.local/lib/python3.8/site-packages/airflow/example_dags/example_dag_decorator.py took 0.209 seconds
[2023-12-03T09:58:16.873+0000] {processor.py:157} INFO - Started process (PID=1760) to work on /home/airflow/.local/lib/python3.8/site-packages/airflow/example_dags/example_dag_decorator.py
[2023-12-03T09:58:16.874+0000] {processor.py:829} INFO - Processing file /home/airflow/.local/lib/python3.8/site-packages/airflow/example_dags/example_dag_decorator.py for tasks to queue
[2023-12-03T09:58:16.877+0000] {logging_mixin.py:154} INFO - [2023-12-03T09:58:16.876+0000] {dagbag.py:536} INFO - Filling up the DagBag from /home/airflow/.local/lib/python3.8/site-packages/airflow/example_dags/example_dag_decorator.py
[2023-12-03T09:58:16.948+0000] {processor.py:839} INFO - DAG(s) dict_keys(['example_dag_decorator']) retrieved from /home/airflow/.local/lib/python3.8/site-packages/airflow/example_dags/example_dag_decorator.py
[2023-12-03T09:58:17.026+0000] {logging_mixin.py:154} INFO - [2023-12-03T09:58:17.026+0000] {dag.py:2941} INFO - Sync 1 DAGs
[2023-12-03T09:58:17.033+0000] {logging_mixin.py:154} INFO - [2023-12-03T09:58:17.033+0000] {dag.py:3722} INFO - Setting next_dagrun for example_dag_decorator to None, run_after=None
[2023-12-03T09:58:17.048+0000] {processor.py:179} INFO - Processing /home/airflow/.local/lib/python3.8/site-packages/airflow/example_dags/example_dag_decorator.py took 0.179 seconds
[2023-12-03T09:58:47.179+0000] {processor.py:157} INFO - Started process (PID=1815) to work on /home/airflow/.local/lib/python3.8/site-packages/airflow/example_dags/example_dag_decorator.py
[2023-12-03T09:58:47.181+0000] {processor.py:829} INFO - Processing file /home/airflow/.local/lib/python3.8/site-packages/airflow/example_dags/example_dag_decorator.py for tasks to queue
[2023-12-03T09:58:47.184+0000] {logging_mixin.py:154} INFO - [2023-12-03T09:58:47.184+0000] {dagbag.py:536} INFO - Filling up the DagBag from /home/airflow/.local/lib/python3.8/site-packages/airflow/example_dags/example_dag_decorator.py
[2023-12-03T09:58:47.252+0000] {processor.py:839} INFO - DAG(s) dict_keys(['example_dag_decorator']) retrieved from /home/airflow/.local/lib/python3.8/site-packages/airflow/example_dags/example_dag_decorator.py
[2023-12-03T09:58:47.345+0000] {logging_mixin.py:154} INFO - [2023-12-03T09:58:47.345+0000] {dag.py:2941} INFO - Sync 1 DAGs
[2023-12-03T09:58:47.355+0000] {logging_mixin.py:154} INFO - [2023-12-03T09:58:47.355+0000] {dag.py:3722} INFO - Setting next_dagrun for example_dag_decorator to None, run_after=None
[2023-12-03T09:58:47.374+0000] {processor.py:179} INFO - Processing /home/airflow/.local/lib/python3.8/site-packages/airflow/example_dags/example_dag_decorator.py took 0.200 seconds
[2023-12-03T09:59:17.825+0000] {processor.py:157} INFO - Started process (PID=1873) to work on /home/airflow/.local/lib/python3.8/site-packages/airflow/example_dags/example_dag_decorator.py
[2023-12-03T09:59:17.826+0000] {processor.py:829} INFO - Processing file /home/airflow/.local/lib/python3.8/site-packages/airflow/example_dags/example_dag_decorator.py for tasks to queue
[2023-12-03T09:59:17.830+0000] {logging_mixin.py:154} INFO - [2023-12-03T09:59:17.830+0000] {dagbag.py:536} INFO - Filling up the DagBag from /home/airflow/.local/lib/python3.8/site-packages/airflow/example_dags/example_dag_decorator.py
[2023-12-03T09:59:17.902+0000] {processor.py:839} INFO - DAG(s) dict_keys(['example_dag_decorator']) retrieved from /home/airflow/.local/lib/python3.8/site-packages/airflow/example_dags/example_dag_decorator.py
[2023-12-03T09:59:17.998+0000] {logging_mixin.py:154} INFO - [2023-12-03T09:59:17.998+0000] {dag.py:2941} INFO - Sync 1 DAGs
[2023-12-03T09:59:18.008+0000] {logging_mixin.py:154} INFO - [2023-12-03T09:59:18.008+0000] {dag.py:3722} INFO - Setting next_dagrun for example_dag_decorator to None, run_after=None
[2023-12-03T09:59:18.026+0000] {processor.py:179} INFO - Processing /home/airflow/.local/lib/python3.8/site-packages/airflow/example_dags/example_dag_decorator.py took 0.206 seconds
[2023-12-03T09:59:48.731+0000] {processor.py:157} INFO - Started process (PID=1932) to work on /home/airflow/.local/lib/python3.8/site-packages/airflow/example_dags/example_dag_decorator.py
[2023-12-03T09:59:48.733+0000] {processor.py:829} INFO - Processing file /home/airflow/.local/lib/python3.8/site-packages/airflow/example_dags/example_dag_decorator.py for tasks to queue
[2023-12-03T09:59:48.738+0000] {logging_mixin.py:154} INFO - [2023-12-03T09:59:48.737+0000] {dagbag.py:536} INFO - Filling up the DagBag from /home/airflow/.local/lib/python3.8/site-packages/airflow/example_dags/example_dag_decorator.py
[2023-12-03T09:59:48.808+0000] {processor.py:839} INFO - DAG(s) dict_keys(['example_dag_decorator']) retrieved from /home/airflow/.local/lib/python3.8/site-packages/airflow/example_dags/example_dag_decorator.py
[2023-12-03T09:59:48.913+0000] {logging_mixin.py:154} INFO - [2023-12-03T09:59:48.913+0000] {dag.py:2941} INFO - Sync 1 DAGs
[2023-12-03T09:59:48.925+0000] {logging_mixin.py:154} INFO - [2023-12-03T09:59:48.925+0000] {dag.py:3722} INFO - Setting next_dagrun for example_dag_decorator to None, run_after=None
[2023-12-03T09:59:48.946+0000] {processor.py:179} INFO - Processing /home/airflow/.local/lib/python3.8/site-packages/airflow/example_dags/example_dag_decorator.py took 0.220 seconds
[2023-12-03T10:00:19.263+0000] {processor.py:157} INFO - Started process (PID=1994) to work on /home/airflow/.local/lib/python3.8/site-packages/airflow/example_dags/example_dag_decorator.py
[2023-12-03T10:00:19.264+0000] {processor.py:829} INFO - Processing file /home/airflow/.local/lib/python3.8/site-packages/airflow/example_dags/example_dag_decorator.py for tasks to queue
[2023-12-03T10:00:19.268+0000] {logging_mixin.py:154} INFO - [2023-12-03T10:00:19.268+0000] {dagbag.py:536} INFO - Filling up the DagBag from /home/airflow/.local/lib/python3.8/site-packages/airflow/example_dags/example_dag_decorator.py
[2023-12-03T10:00:19.337+0000] {processor.py:839} INFO - DAG(s) dict_keys(['example_dag_decorator']) retrieved from /home/airflow/.local/lib/python3.8/site-packages/airflow/example_dags/example_dag_decorator.py
[2023-12-03T10:00:19.430+0000] {logging_mixin.py:154} INFO - [2023-12-03T10:00:19.430+0000] {dag.py:2941} INFO - Sync 1 DAGs
[2023-12-03T10:00:19.439+0000] {logging_mixin.py:154} INFO - [2023-12-03T10:00:19.439+0000] {dag.py:3722} INFO - Setting next_dagrun for example_dag_decorator to None, run_after=None
[2023-12-03T10:00:19.455+0000] {processor.py:179} INFO - Processing /home/airflow/.local/lib/python3.8/site-packages/airflow/example_dags/example_dag_decorator.py took 0.197 seconds
[2023-12-03T10:00:49.821+0000] {processor.py:157} INFO - Started process (PID=2052) to work on /home/airflow/.local/lib/python3.8/site-packages/airflow/example_dags/example_dag_decorator.py
[2023-12-03T10:00:49.822+0000] {processor.py:829} INFO - Processing file /home/airflow/.local/lib/python3.8/site-packages/airflow/example_dags/example_dag_decorator.py for tasks to queue
[2023-12-03T10:00:49.826+0000] {logging_mixin.py:154} INFO - [2023-12-03T10:00:49.825+0000] {dagbag.py:536} INFO - Filling up the DagBag from /home/airflow/.local/lib/python3.8/site-packages/airflow/example_dags/example_dag_decorator.py
[2023-12-03T10:00:49.903+0000] {processor.py:839} INFO - DAG(s) dict_keys(['example_dag_decorator']) retrieved from /home/airflow/.local/lib/python3.8/site-packages/airflow/example_dags/example_dag_decorator.py
[2023-12-03T10:00:50.017+0000] {logging_mixin.py:154} INFO - [2023-12-03T10:00:50.017+0000] {dag.py:2941} INFO - Sync 1 DAGs
[2023-12-03T10:00:50.027+0000] {logging_mixin.py:154} INFO - [2023-12-03T10:00:50.027+0000] {dag.py:3722} INFO - Setting next_dagrun for example_dag_decorator to None, run_after=None
[2023-12-03T10:00:50.048+0000] {processor.py:179} INFO - Processing /home/airflow/.local/lib/python3.8/site-packages/airflow/example_dags/example_dag_decorator.py took 0.231 seconds
[2023-12-03T10:01:20.989+0000] {processor.py:157} INFO - Started process (PID=2111) to work on /home/airflow/.local/lib/python3.8/site-packages/airflow/example_dags/example_dag_decorator.py
[2023-12-03T10:01:20.990+0000] {processor.py:829} INFO - Processing file /home/airflow/.local/lib/python3.8/site-packages/airflow/example_dags/example_dag_decorator.py for tasks to queue
[2023-12-03T10:01:20.994+0000] {logging_mixin.py:154} INFO - [2023-12-03T10:01:20.994+0000] {dagbag.py:536} INFO - Filling up the DagBag from /home/airflow/.local/lib/python3.8/site-packages/airflow/example_dags/example_dag_decorator.py
[2023-12-03T10:01:21.066+0000] {processor.py:839} INFO - DAG(s) dict_keys(['example_dag_decorator']) retrieved from /home/airflow/.local/lib/python3.8/site-packages/airflow/example_dags/example_dag_decorator.py
[2023-12-03T10:01:21.092+0000] {logging_mixin.py:154} INFO - [2023-12-03T10:01:21.092+0000] {dag.py:2941} INFO - Sync 1 DAGs
[2023-12-03T10:01:21.106+0000] {logging_mixin.py:154} INFO - [2023-12-03T10:01:21.106+0000] {dag.py:3722} INFO - Setting next_dagrun for example_dag_decorator to None, run_after=None
[2023-12-03T10:01:21.128+0000] {processor.py:179} INFO - Processing /home/airflow/.local/lib/python3.8/site-packages/airflow/example_dags/example_dag_decorator.py took 0.144 seconds
[2023-12-03T10:01:51.226+0000] {processor.py:157} INFO - Started process (PID=2170) to work on /home/airflow/.local/lib/python3.8/site-packages/airflow/example_dags/example_dag_decorator.py
[2023-12-03T10:01:51.227+0000] {processor.py:829} INFO - Processing file /home/airflow/.local/lib/python3.8/site-packages/airflow/example_dags/example_dag_decorator.py for tasks to queue
[2023-12-03T10:01:51.229+0000] {logging_mixin.py:154} INFO - [2023-12-03T10:01:51.229+0000] {dagbag.py:536} INFO - Filling up the DagBag from /home/airflow/.local/lib/python3.8/site-packages/airflow/example_dags/example_dag_decorator.py
[2023-12-03T10:01:51.296+0000] {processor.py:839} INFO - DAG(s) dict_keys(['example_dag_decorator']) retrieved from /home/airflow/.local/lib/python3.8/site-packages/airflow/example_dags/example_dag_decorator.py
[2023-12-03T10:01:51.394+0000] {logging_mixin.py:154} INFO - [2023-12-03T10:01:51.393+0000] {dag.py:2941} INFO - Sync 1 DAGs
[2023-12-03T10:01:51.406+0000] {logging_mixin.py:154} INFO - [2023-12-03T10:01:51.406+0000] {dag.py:3722} INFO - Setting next_dagrun for example_dag_decorator to None, run_after=None
[2023-12-03T10:01:51.424+0000] {processor.py:179} INFO - Processing /home/airflow/.local/lib/python3.8/site-packages/airflow/example_dags/example_dag_decorator.py took 0.201 seconds
[2023-12-03T10:02:22.198+0000] {processor.py:157} INFO - Started process (PID=2227) to work on /home/airflow/.local/lib/python3.8/site-packages/airflow/example_dags/example_dag_decorator.py
[2023-12-03T10:02:22.200+0000] {processor.py:829} INFO - Processing file /home/airflow/.local/lib/python3.8/site-packages/airflow/example_dags/example_dag_decorator.py for tasks to queue
[2023-12-03T10:02:22.203+0000] {logging_mixin.py:154} INFO - [2023-12-03T10:02:22.203+0000] {dagbag.py:536} INFO - Filling up the DagBag from /home/airflow/.local/lib/python3.8/site-packages/airflow/example_dags/example_dag_decorator.py
[2023-12-03T10:02:22.269+0000] {processor.py:839} INFO - DAG(s) dict_keys(['example_dag_decorator']) retrieved from /home/airflow/.local/lib/python3.8/site-packages/airflow/example_dags/example_dag_decorator.py
[2023-12-03T10:02:22.365+0000] {logging_mixin.py:154} INFO - [2023-12-03T10:02:22.365+0000] {dag.py:2941} INFO - Sync 1 DAGs
[2023-12-03T10:02:22.377+0000] {logging_mixin.py:154} INFO - [2023-12-03T10:02:22.377+0000] {dag.py:3722} INFO - Setting next_dagrun for example_dag_decorator to None, run_after=None
[2023-12-03T10:02:22.396+0000] {processor.py:179} INFO - Processing /home/airflow/.local/lib/python3.8/site-packages/airflow/example_dags/example_dag_decorator.py took 0.203 seconds
[2023-12-03T10:02:52.434+0000] {processor.py:157} INFO - Started process (PID=2286) to work on /home/airflow/.local/lib/python3.8/site-packages/airflow/example_dags/example_dag_decorator.py
[2023-12-03T10:02:52.435+0000] {processor.py:829} INFO - Processing file /home/airflow/.local/lib/python3.8/site-packages/airflow/example_dags/example_dag_decorator.py for tasks to queue
[2023-12-03T10:02:52.437+0000] {logging_mixin.py:154} INFO - [2023-12-03T10:02:52.437+0000] {dagbag.py:536} INFO - Filling up the DagBag from /home/airflow/.local/lib/python3.8/site-packages/airflow/example_dags/example_dag_decorator.py
[2023-12-03T10:02:52.497+0000] {processor.py:839} INFO - DAG(s) dict_keys(['example_dag_decorator']) retrieved from /home/airflow/.local/lib/python3.8/site-packages/airflow/example_dags/example_dag_decorator.py
[2023-12-03T10:02:52.584+0000] {logging_mixin.py:154} INFO - [2023-12-03T10:02:52.584+0000] {dag.py:2941} INFO - Sync 1 DAGs
[2023-12-03T10:02:52.593+0000] {logging_mixin.py:154} INFO - [2023-12-03T10:02:52.593+0000] {dag.py:3722} INFO - Setting next_dagrun for example_dag_decorator to None, run_after=None
[2023-12-03T10:02:52.607+0000] {processor.py:179} INFO - Processing /home/airflow/.local/lib/python3.8/site-packages/airflow/example_dags/example_dag_decorator.py took 0.177 seconds
[2023-12-03T10:03:22.642+0000] {processor.py:157} INFO - Started process (PID=2344) to work on /home/airflow/.local/lib/python3.8/site-packages/airflow/example_dags/example_dag_decorator.py
[2023-12-03T10:03:22.644+0000] {processor.py:829} INFO - Processing file /home/airflow/.local/lib/python3.8/site-packages/airflow/example_dags/example_dag_decorator.py for tasks to queue
[2023-12-03T10:03:22.646+0000] {logging_mixin.py:154} INFO - [2023-12-03T10:03:22.646+0000] {dagbag.py:536} INFO - Filling up the DagBag from /home/airflow/.local/lib/python3.8/site-packages/airflow/example_dags/example_dag_decorator.py
[2023-12-03T10:03:22.712+0000] {processor.py:839} INFO - DAG(s) dict_keys(['example_dag_decorator']) retrieved from /home/airflow/.local/lib/python3.8/site-packages/airflow/example_dags/example_dag_decorator.py
[2023-12-03T10:03:22.816+0000] {logging_mixin.py:154} INFO - [2023-12-03T10:03:22.816+0000] {dag.py:2941} INFO - Sync 1 DAGs
[2023-12-03T10:03:22.826+0000] {logging_mixin.py:154} INFO - [2023-12-03T10:03:22.826+0000] {dag.py:3722} INFO - Setting next_dagrun for example_dag_decorator to None, run_after=None
[2023-12-03T10:03:22.843+0000] {processor.py:179} INFO - Processing /home/airflow/.local/lib/python3.8/site-packages/airflow/example_dags/example_dag_decorator.py took 0.205 seconds
[2023-12-03T10:03:52.869+0000] {processor.py:157} INFO - Started process (PID=2402) to work on /home/airflow/.local/lib/python3.8/site-packages/airflow/example_dags/example_dag_decorator.py
[2023-12-03T10:03:52.870+0000] {processor.py:829} INFO - Processing file /home/airflow/.local/lib/python3.8/site-packages/airflow/example_dags/example_dag_decorator.py for tasks to queue
[2023-12-03T10:03:52.872+0000] {logging_mixin.py:154} INFO - [2023-12-03T10:03:52.872+0000] {dagbag.py:536} INFO - Filling up the DagBag from /home/airflow/.local/lib/python3.8/site-packages/airflow/example_dags/example_dag_decorator.py
[2023-12-03T10:03:52.929+0000] {processor.py:839} INFO - DAG(s) dict_keys(['example_dag_decorator']) retrieved from /home/airflow/.local/lib/python3.8/site-packages/airflow/example_dags/example_dag_decorator.py
[2023-12-03T10:03:53.014+0000] {logging_mixin.py:154} INFO - [2023-12-03T10:03:53.014+0000] {dag.py:2941} INFO - Sync 1 DAGs
[2023-12-03T10:03:53.025+0000] {logging_mixin.py:154} INFO - [2023-12-03T10:03:53.025+0000] {dag.py:3722} INFO - Setting next_dagrun for example_dag_decorator to None, run_after=None
[2023-12-03T10:03:53.039+0000] {processor.py:179} INFO - Processing /home/airflow/.local/lib/python3.8/site-packages/airflow/example_dags/example_dag_decorator.py took 0.174 seconds
[2023-12-03T10:04:23.491+0000] {processor.py:157} INFO - Started process (PID=2459) to work on /home/airflow/.local/lib/python3.8/site-packages/airflow/example_dags/example_dag_decorator.py
[2023-12-03T10:04:23.492+0000] {processor.py:829} INFO - Processing file /home/airflow/.local/lib/python3.8/site-packages/airflow/example_dags/example_dag_decorator.py for tasks to queue
[2023-12-03T10:04:23.495+0000] {logging_mixin.py:154} INFO - [2023-12-03T10:04:23.495+0000] {dagbag.py:536} INFO - Filling up the DagBag from /home/airflow/.local/lib/python3.8/site-packages/airflow/example_dags/example_dag_decorator.py
[2023-12-03T10:04:23.569+0000] {processor.py:839} INFO - DAG(s) dict_keys(['example_dag_decorator']) retrieved from /home/airflow/.local/lib/python3.8/site-packages/airflow/example_dags/example_dag_decorator.py
[2023-12-03T10:04:23.664+0000] {logging_mixin.py:154} INFO - [2023-12-03T10:04:23.663+0000] {dag.py:2941} INFO - Sync 1 DAGs
[2023-12-03T10:04:23.676+0000] {logging_mixin.py:154} INFO - [2023-12-03T10:04:23.676+0000] {dag.py:3722} INFO - Setting next_dagrun for example_dag_decorator to None, run_after=None
[2023-12-03T10:04:23.694+0000] {processor.py:179} INFO - Processing /home/airflow/.local/lib/python3.8/site-packages/airflow/example_dags/example_dag_decorator.py took 0.208 seconds
[2023-12-03T10:04:54.197+0000] {processor.py:157} INFO - Started process (PID=2517) to work on /home/airflow/.local/lib/python3.8/site-packages/airflow/example_dags/example_dag_decorator.py
[2023-12-03T10:04:54.198+0000] {processor.py:829} INFO - Processing file /home/airflow/.local/lib/python3.8/site-packages/airflow/example_dags/example_dag_decorator.py for tasks to queue
[2023-12-03T10:04:54.202+0000] {logging_mixin.py:154} INFO - [2023-12-03T10:04:54.201+0000] {dagbag.py:536} INFO - Filling up the DagBag from /home/airflow/.local/lib/python3.8/site-packages/airflow/example_dags/example_dag_decorator.py
[2023-12-03T10:04:54.268+0000] {processor.py:839} INFO - DAG(s) dict_keys(['example_dag_decorator']) retrieved from /home/airflow/.local/lib/python3.8/site-packages/airflow/example_dags/example_dag_decorator.py
[2023-12-03T10:04:54.289+0000] {logging_mixin.py:154} INFO - [2023-12-03T10:04:54.289+0000] {dag.py:2941} INFO - Sync 1 DAGs
[2023-12-03T10:04:54.300+0000] {logging_mixin.py:154} INFO - [2023-12-03T10:04:54.300+0000] {dag.py:3722} INFO - Setting next_dagrun for example_dag_decorator to None, run_after=None
[2023-12-03T10:04:54.319+0000] {processor.py:179} INFO - Processing /home/airflow/.local/lib/python3.8/site-packages/airflow/example_dags/example_dag_decorator.py took 0.128 seconds
[2023-12-03T10:05:24.489+0000] {processor.py:157} INFO - Started process (PID=2575) to work on /home/airflow/.local/lib/python3.8/site-packages/airflow/example_dags/example_dag_decorator.py
[2023-12-03T10:05:24.491+0000] {processor.py:829} INFO - Processing file /home/airflow/.local/lib/python3.8/site-packages/airflow/example_dags/example_dag_decorator.py for tasks to queue
[2023-12-03T10:05:24.496+0000] {logging_mixin.py:154} INFO - [2023-12-03T10:05:24.496+0000] {dagbag.py:536} INFO - Filling up the DagBag from /home/airflow/.local/lib/python3.8/site-packages/airflow/example_dags/example_dag_decorator.py
[2023-12-03T10:05:24.585+0000] {processor.py:839} INFO - DAG(s) dict_keys(['example_dag_decorator']) retrieved from /home/airflow/.local/lib/python3.8/site-packages/airflow/example_dags/example_dag_decorator.py
[2023-12-03T10:05:24.711+0000] {logging_mixin.py:154} INFO - [2023-12-03T10:05:24.710+0000] {dag.py:2941} INFO - Sync 1 DAGs
[2023-12-03T10:05:24.726+0000] {logging_mixin.py:154} INFO - [2023-12-03T10:05:24.726+0000] {dag.py:3722} INFO - Setting next_dagrun for example_dag_decorator to None, run_after=None
[2023-12-03T10:05:24.749+0000] {processor.py:179} INFO - Processing /home/airflow/.local/lib/python3.8/site-packages/airflow/example_dags/example_dag_decorator.py took 0.264 seconds
[2023-12-03T10:05:55.615+0000] {processor.py:157} INFO - Started process (PID=2632) to work on /home/airflow/.local/lib/python3.8/site-packages/airflow/example_dags/example_dag_decorator.py
[2023-12-03T10:05:55.616+0000] {processor.py:829} INFO - Processing file /home/airflow/.local/lib/python3.8/site-packages/airflow/example_dags/example_dag_decorator.py for tasks to queue
[2023-12-03T10:05:55.620+0000] {logging_mixin.py:154} INFO - [2023-12-03T10:05:55.620+0000] {dagbag.py:536} INFO - Filling up the DagBag from /home/airflow/.local/lib/python3.8/site-packages/airflow/example_dags/example_dag_decorator.py
[2023-12-03T10:05:55.704+0000] {processor.py:839} INFO - DAG(s) dict_keys(['example_dag_decorator']) retrieved from /home/airflow/.local/lib/python3.8/site-packages/airflow/example_dags/example_dag_decorator.py
[2023-12-03T10:05:55.732+0000] {logging_mixin.py:154} INFO - [2023-12-03T10:05:55.731+0000] {dag.py:2941} INFO - Sync 1 DAGs
[2023-12-03T10:05:55.748+0000] {logging_mixin.py:154} INFO - [2023-12-03T10:05:55.748+0000] {dag.py:3722} INFO - Setting next_dagrun for example_dag_decorator to None, run_after=None
[2023-12-03T10:05:55.770+0000] {processor.py:179} INFO - Processing /home/airflow/.local/lib/python3.8/site-packages/airflow/example_dags/example_dag_decorator.py took 0.160 seconds
[2023-12-03T10:06:25.858+0000] {processor.py:157} INFO - Started process (PID=2691) to work on /home/airflow/.local/lib/python3.8/site-packages/airflow/example_dags/example_dag_decorator.py
[2023-12-03T10:06:25.859+0000] {processor.py:829} INFO - Processing file /home/airflow/.local/lib/python3.8/site-packages/airflow/example_dags/example_dag_decorator.py for tasks to queue
[2023-12-03T10:06:25.861+0000] {logging_mixin.py:154} INFO - [2023-12-03T10:06:25.861+0000] {dagbag.py:536} INFO - Filling up the DagBag from /home/airflow/.local/lib/python3.8/site-packages/airflow/example_dags/example_dag_decorator.py
[2023-12-03T10:06:25.918+0000] {processor.py:839} INFO - DAG(s) dict_keys(['example_dag_decorator']) retrieved from /home/airflow/.local/lib/python3.8/site-packages/airflow/example_dags/example_dag_decorator.py
[2023-12-03T10:06:25.996+0000] {logging_mixin.py:154} INFO - [2023-12-03T10:06:25.996+0000] {dag.py:2941} INFO - Sync 1 DAGs
[2023-12-03T10:06:26.006+0000] {logging_mixin.py:154} INFO - [2023-12-03T10:06:26.006+0000] {dag.py:3722} INFO - Setting next_dagrun for example_dag_decorator to None, run_after=None
[2023-12-03T10:06:26.019+0000] {processor.py:179} INFO - Processing /home/airflow/.local/lib/python3.8/site-packages/airflow/example_dags/example_dag_decorator.py took 0.165 seconds
[2023-12-03T10:06:56.236+0000] {processor.py:157} INFO - Started process (PID=2748) to work on /home/airflow/.local/lib/python3.8/site-packages/airflow/example_dags/example_dag_decorator.py
[2023-12-03T10:06:56.237+0000] {processor.py:829} INFO - Processing file /home/airflow/.local/lib/python3.8/site-packages/airflow/example_dags/example_dag_decorator.py for tasks to queue
[2023-12-03T10:06:56.241+0000] {logging_mixin.py:154} INFO - [2023-12-03T10:06:56.241+0000] {dagbag.py:536} INFO - Filling up the DagBag from /home/airflow/.local/lib/python3.8/site-packages/airflow/example_dags/example_dag_decorator.py
[2023-12-03T10:06:56.306+0000] {processor.py:839} INFO - DAG(s) dict_keys(['example_dag_decorator']) retrieved from /home/airflow/.local/lib/python3.8/site-packages/airflow/example_dags/example_dag_decorator.py
[2023-12-03T10:06:56.395+0000] {logging_mixin.py:154} INFO - [2023-12-03T10:06:56.395+0000] {dag.py:2941} INFO - Sync 1 DAGs
[2023-12-03T10:06:56.405+0000] {logging_mixin.py:154} INFO - [2023-12-03T10:06:56.405+0000] {dag.py:3722} INFO - Setting next_dagrun for example_dag_decorator to None, run_after=None
[2023-12-03T10:06:56.421+0000] {processor.py:179} INFO - Processing /home/airflow/.local/lib/python3.8/site-packages/airflow/example_dags/example_dag_decorator.py took 0.189 seconds
[2023-12-03T10:07:27.351+0000] {processor.py:157} INFO - Started process (PID=2806) to work on /home/airflow/.local/lib/python3.8/site-packages/airflow/example_dags/example_dag_decorator.py
[2023-12-03T10:07:27.353+0000] {processor.py:829} INFO - Processing file /home/airflow/.local/lib/python3.8/site-packages/airflow/example_dags/example_dag_decorator.py for tasks to queue
[2023-12-03T10:07:27.356+0000] {logging_mixin.py:154} INFO - [2023-12-03T10:07:27.355+0000] {dagbag.py:536} INFO - Filling up the DagBag from /home/airflow/.local/lib/python3.8/site-packages/airflow/example_dags/example_dag_decorator.py
[2023-12-03T10:07:27.421+0000] {processor.py:839} INFO - DAG(s) dict_keys(['example_dag_decorator']) retrieved from /home/airflow/.local/lib/python3.8/site-packages/airflow/example_dags/example_dag_decorator.py
[2023-12-03T10:07:27.514+0000] {logging_mixin.py:154} INFO - [2023-12-03T10:07:27.514+0000] {dag.py:2941} INFO - Sync 1 DAGs
[2023-12-03T10:07:27.523+0000] {logging_mixin.py:154} INFO - [2023-12-03T10:07:27.523+0000] {dag.py:3722} INFO - Setting next_dagrun for example_dag_decorator to None, run_after=None
[2023-12-03T10:07:27.542+0000] {processor.py:179} INFO - Processing /home/airflow/.local/lib/python3.8/site-packages/airflow/example_dags/example_dag_decorator.py took 0.195 seconds
[2023-12-03T10:07:57.851+0000] {processor.py:157} INFO - Started process (PID=2864) to work on /home/airflow/.local/lib/python3.8/site-packages/airflow/example_dags/example_dag_decorator.py
[2023-12-03T10:07:57.853+0000] {processor.py:829} INFO - Processing file /home/airflow/.local/lib/python3.8/site-packages/airflow/example_dags/example_dag_decorator.py for tasks to queue
[2023-12-03T10:07:57.856+0000] {logging_mixin.py:154} INFO - [2023-12-03T10:07:57.855+0000] {dagbag.py:536} INFO - Filling up the DagBag from /home/airflow/.local/lib/python3.8/site-packages/airflow/example_dags/example_dag_decorator.py
[2023-12-03T10:07:57.916+0000] {processor.py:839} INFO - DAG(s) dict_keys(['example_dag_decorator']) retrieved from /home/airflow/.local/lib/python3.8/site-packages/airflow/example_dags/example_dag_decorator.py
[2023-12-03T10:07:57.934+0000] {logging_mixin.py:154} INFO - [2023-12-03T10:07:57.933+0000] {dag.py:2941} INFO - Sync 1 DAGs
[2023-12-03T10:07:57.943+0000] {logging_mixin.py:154} INFO - [2023-12-03T10:07:57.943+0000] {dag.py:3722} INFO - Setting next_dagrun for example_dag_decorator to None, run_after=None
[2023-12-03T10:07:57.955+0000] {processor.py:179} INFO - Processing /home/airflow/.local/lib/python3.8/site-packages/airflow/example_dags/example_dag_decorator.py took 0.110 seconds
[2023-12-03T11:28:20.429+0000] {processor.py:157} INFO - Started process (PID=2919) to work on /home/airflow/.local/lib/python3.8/site-packages/airflow/example_dags/example_dag_decorator.py
[2023-12-03T11:28:20.430+0000] {processor.py:829} INFO - Processing file /home/airflow/.local/lib/python3.8/site-packages/airflow/example_dags/example_dag_decorator.py for tasks to queue
[2023-12-03T11:28:20.432+0000] {logging_mixin.py:154} INFO - [2023-12-03T11:28:20.432+0000] {dagbag.py:536} INFO - Filling up the DagBag from /home/airflow/.local/lib/python3.8/site-packages/airflow/example_dags/example_dag_decorator.py
[2023-12-03T11:28:20.483+0000] {processor.py:839} INFO - DAG(s) dict_keys(['example_dag_decorator']) retrieved from /home/airflow/.local/lib/python3.8/site-packages/airflow/example_dags/example_dag_decorator.py
[2023-12-03T11:28:20.561+0000] {logging_mixin.py:154} INFO - [2023-12-03T11:28:20.561+0000] {dag.py:2941} INFO - Sync 1 DAGs
[2023-12-03T11:28:20.569+0000] {logging_mixin.py:154} INFO - [2023-12-03T11:28:20.569+0000] {dag.py:3722} INFO - Setting next_dagrun for example_dag_decorator to None, run_after=None
[2023-12-03T11:28:20.587+0000] {processor.py:179} INFO - Processing /home/airflow/.local/lib/python3.8/site-packages/airflow/example_dags/example_dag_decorator.py took 0.161 seconds
[2023-12-03T12:09:29.988+0000] {processor.py:157} INFO - Started process (PID=2976) to work on /home/airflow/.local/lib/python3.8/site-packages/airflow/example_dags/example_dag_decorator.py
[2023-12-03T12:09:29.989+0000] {processor.py:829} INFO - Processing file /home/airflow/.local/lib/python3.8/site-packages/airflow/example_dags/example_dag_decorator.py for tasks to queue
[2023-12-03T12:09:29.991+0000] {logging_mixin.py:154} INFO - [2023-12-03T12:09:29.991+0000] {dagbag.py:536} INFO - Filling up the DagBag from /home/airflow/.local/lib/python3.8/site-packages/airflow/example_dags/example_dag_decorator.py
[2023-12-03T12:09:30.044+0000] {processor.py:839} INFO - DAG(s) dict_keys(['example_dag_decorator']) retrieved from /home/airflow/.local/lib/python3.8/site-packages/airflow/example_dags/example_dag_decorator.py
[2023-12-03T12:09:30.066+0000] {logging_mixin.py:154} INFO - [2023-12-03T12:09:30.065+0000] {dag.py:2941} INFO - Sync 1 DAGs
[2023-12-03T12:09:30.075+0000] {logging_mixin.py:154} INFO - [2023-12-03T12:09:30.075+0000] {dag.py:3722} INFO - Setting next_dagrun for example_dag_decorator to None, run_after=None
[2023-12-03T12:09:30.089+0000] {processor.py:179} INFO - Processing /home/airflow/.local/lib/python3.8/site-packages/airflow/example_dags/example_dag_decorator.py took 0.104 seconds
[2023-12-03T12:27:32.321+0000] {processor.py:157} INFO - Started process (PID=3034) to work on /home/airflow/.local/lib/python3.8/site-packages/airflow/example_dags/example_dag_decorator.py
[2023-12-03T12:27:32.323+0000] {processor.py:829} INFO - Processing file /home/airflow/.local/lib/python3.8/site-packages/airflow/example_dags/example_dag_decorator.py for tasks to queue
[2023-12-03T12:27:32.327+0000] {logging_mixin.py:154} INFO - [2023-12-03T12:27:32.327+0000] {dagbag.py:536} INFO - Filling up the DagBag from /home/airflow/.local/lib/python3.8/site-packages/airflow/example_dags/example_dag_decorator.py
[2023-12-03T12:27:32.398+0000] {processor.py:839} INFO - DAG(s) dict_keys(['example_dag_decorator']) retrieved from /home/airflow/.local/lib/python3.8/site-packages/airflow/example_dags/example_dag_decorator.py
[2023-12-03T12:27:32.503+0000] {logging_mixin.py:154} INFO - [2023-12-03T12:27:32.502+0000] {dag.py:2941} INFO - Sync 1 DAGs
[2023-12-03T12:27:32.510+0000] {logging_mixin.py:154} INFO - [2023-12-03T12:27:32.510+0000] {dag.py:3722} INFO - Setting next_dagrun for example_dag_decorator to None, run_after=None
[2023-12-03T12:27:32.524+0000] {processor.py:179} INFO - Processing /home/airflow/.local/lib/python3.8/site-packages/airflow/example_dags/example_dag_decorator.py took 0.207 seconds
[2023-12-03T12:44:55.680+0000] {processor.py:157} INFO - Started process (PID=3092) to work on /home/airflow/.local/lib/python3.8/site-packages/airflow/example_dags/example_dag_decorator.py
[2023-12-03T12:44:55.681+0000] {processor.py:829} INFO - Processing file /home/airflow/.local/lib/python3.8/site-packages/airflow/example_dags/example_dag_decorator.py for tasks to queue
[2023-12-03T12:44:55.683+0000] {logging_mixin.py:154} INFO - [2023-12-03T12:44:55.683+0000] {dagbag.py:536} INFO - Filling up the DagBag from /home/airflow/.local/lib/python3.8/site-packages/airflow/example_dags/example_dag_decorator.py
[2023-12-03T12:44:55.749+0000] {processor.py:839} INFO - DAG(s) dict_keys(['example_dag_decorator']) retrieved from /home/airflow/.local/lib/python3.8/site-packages/airflow/example_dags/example_dag_decorator.py
[2023-12-03T12:44:55.829+0000] {logging_mixin.py:154} INFO - [2023-12-03T12:44:55.829+0000] {dag.py:2941} INFO - Sync 1 DAGs
[2023-12-03T12:44:55.837+0000] {logging_mixin.py:154} INFO - [2023-12-03T12:44:55.837+0000] {dag.py:3722} INFO - Setting next_dagrun for example_dag_decorator to None, run_after=None
[2023-12-03T12:44:55.852+0000] {processor.py:179} INFO - Processing /home/airflow/.local/lib/python3.8/site-packages/airflow/example_dags/example_dag_decorator.py took 0.176 seconds
[2023-12-03T13:35:11.033+0000] {processor.py:157} INFO - Started process (PID=3150) to work on /home/airflow/.local/lib/python3.8/site-packages/airflow/example_dags/example_dag_decorator.py
[2023-12-03T13:35:11.035+0000] {processor.py:829} INFO - Processing file /home/airflow/.local/lib/python3.8/site-packages/airflow/example_dags/example_dag_decorator.py for tasks to queue
[2023-12-03T13:35:11.038+0000] {logging_mixin.py:154} INFO - [2023-12-03T13:35:11.037+0000] {dagbag.py:536} INFO - Filling up the DagBag from /home/airflow/.local/lib/python3.8/site-packages/airflow/example_dags/example_dag_decorator.py
[2023-12-03T13:35:11.091+0000] {processor.py:839} INFO - DAG(s) dict_keys(['example_dag_decorator']) retrieved from /home/airflow/.local/lib/python3.8/site-packages/airflow/example_dags/example_dag_decorator.py
[2023-12-03T13:35:11.168+0000] {logging_mixin.py:154} INFO - [2023-12-03T13:35:11.168+0000] {dag.py:2941} INFO - Sync 1 DAGs
[2023-12-03T13:35:11.176+0000] {logging_mixin.py:154} INFO - [2023-12-03T13:35:11.176+0000] {dag.py:3722} INFO - Setting next_dagrun for example_dag_decorator to None, run_after=None
[2023-12-03T13:35:11.189+0000] {processor.py:179} INFO - Processing /home/airflow/.local/lib/python3.8/site-packages/airflow/example_dags/example_dag_decorator.py took 0.158 seconds
[2023-12-03T14:27:24.927+0000] {processor.py:157} INFO - Started process (PID=3208) to work on /home/airflow/.local/lib/python3.8/site-packages/airflow/example_dags/example_dag_decorator.py
[2023-12-03T14:27:24.929+0000] {processor.py:829} INFO - Processing file /home/airflow/.local/lib/python3.8/site-packages/airflow/example_dags/example_dag_decorator.py for tasks to queue
[2023-12-03T14:27:24.932+0000] {logging_mixin.py:154} INFO - [2023-12-03T14:27:24.931+0000] {dagbag.py:536} INFO - Filling up the DagBag from /home/airflow/.local/lib/python3.8/site-packages/airflow/example_dags/example_dag_decorator.py
[2023-12-03T14:27:24.991+0000] {processor.py:839} INFO - DAG(s) dict_keys(['example_dag_decorator']) retrieved from /home/airflow/.local/lib/python3.8/site-packages/airflow/example_dags/example_dag_decorator.py
[2023-12-03T14:27:25.204+0000] {logging_mixin.py:154} INFO - [2023-12-03T14:27:25.204+0000] {dag.py:2941} INFO - Sync 1 DAGs
[2023-12-03T14:27:25.216+0000] {logging_mixin.py:154} INFO - [2023-12-03T14:27:25.216+0000] {dag.py:3722} INFO - Setting next_dagrun for example_dag_decorator to None, run_after=None
[2023-12-03T14:27:25.234+0000] {processor.py:179} INFO - Processing /home/airflow/.local/lib/python3.8/site-packages/airflow/example_dags/example_dag_decorator.py took 0.310 seconds
[2023-12-03T15:18:33.497+0000] {processor.py:157} INFO - Started process (PID=3266) to work on /home/airflow/.local/lib/python3.8/site-packages/airflow/example_dags/example_dag_decorator.py
[2023-12-03T15:18:33.499+0000] {processor.py:829} INFO - Processing file /home/airflow/.local/lib/python3.8/site-packages/airflow/example_dags/example_dag_decorator.py for tasks to queue
[2023-12-03T15:18:33.502+0000] {logging_mixin.py:154} INFO - [2023-12-03T15:18:33.502+0000] {dagbag.py:536} INFO - Filling up the DagBag from /home/airflow/.local/lib/python3.8/site-packages/airflow/example_dags/example_dag_decorator.py
[2023-12-03T15:18:33.556+0000] {processor.py:839} INFO - DAG(s) dict_keys(['example_dag_decorator']) retrieved from /home/airflow/.local/lib/python3.8/site-packages/airflow/example_dags/example_dag_decorator.py
[2023-12-03T15:18:33.632+0000] {logging_mixin.py:154} INFO - [2023-12-03T15:18:33.632+0000] {dag.py:2941} INFO - Sync 1 DAGs
[2023-12-03T15:18:33.639+0000] {logging_mixin.py:154} INFO - [2023-12-03T15:18:33.639+0000] {dag.py:3722} INFO - Setting next_dagrun for example_dag_decorator to None, run_after=None
[2023-12-03T15:18:33.652+0000] {processor.py:179} INFO - Processing /home/airflow/.local/lib/python3.8/site-packages/airflow/example_dags/example_dag_decorator.py took 0.158 seconds
[2023-12-03T16:07:33.663+0000] {processor.py:157} INFO - Started process (PID=3324) to work on /home/airflow/.local/lib/python3.8/site-packages/airflow/example_dags/example_dag_decorator.py
[2023-12-03T16:07:33.664+0000] {processor.py:829} INFO - Processing file /home/airflow/.local/lib/python3.8/site-packages/airflow/example_dags/example_dag_decorator.py for tasks to queue
[2023-12-03T16:07:33.666+0000] {logging_mixin.py:154} INFO - [2023-12-03T16:07:33.666+0000] {dagbag.py:536} INFO - Filling up the DagBag from /home/airflow/.local/lib/python3.8/site-packages/airflow/example_dags/example_dag_decorator.py
[2023-12-03T16:07:33.719+0000] {processor.py:839} INFO - DAG(s) dict_keys(['example_dag_decorator']) retrieved from /home/airflow/.local/lib/python3.8/site-packages/airflow/example_dags/example_dag_decorator.py
[2023-12-03T16:07:33.803+0000] {logging_mixin.py:154} INFO - [2023-12-03T16:07:33.803+0000] {dag.py:2941} INFO - Sync 1 DAGs
[2023-12-03T16:07:33.812+0000] {logging_mixin.py:154} INFO - [2023-12-03T16:07:33.811+0000] {dag.py:3722} INFO - Setting next_dagrun for example_dag_decorator to None, run_after=None
[2023-12-03T16:07:33.829+0000] {processor.py:179} INFO - Processing /home/airflow/.local/lib/python3.8/site-packages/airflow/example_dags/example_dag_decorator.py took 0.169 seconds
[2023-12-03T16:58:04.662+0000] {processor.py:157} INFO - Started process (PID=3382) to work on /home/airflow/.local/lib/python3.8/site-packages/airflow/example_dags/example_dag_decorator.py
[2023-12-03T16:58:04.664+0000] {processor.py:829} INFO - Processing file /home/airflow/.local/lib/python3.8/site-packages/airflow/example_dags/example_dag_decorator.py for tasks to queue
[2023-12-03T16:58:04.666+0000] {logging_mixin.py:154} INFO - [2023-12-03T16:58:04.666+0000] {dagbag.py:536} INFO - Filling up the DagBag from /home/airflow/.local/lib/python3.8/site-packages/airflow/example_dags/example_dag_decorator.py
[2023-12-03T16:58:04.722+0000] {processor.py:839} INFO - DAG(s) dict_keys(['example_dag_decorator']) retrieved from /home/airflow/.local/lib/python3.8/site-packages/airflow/example_dags/example_dag_decorator.py
[2023-12-03T16:58:04.800+0000] {logging_mixin.py:154} INFO - [2023-12-03T16:58:04.799+0000] {dag.py:2941} INFO - Sync 1 DAGs
[2023-12-03T16:58:04.808+0000] {logging_mixin.py:154} INFO - [2023-12-03T16:58:04.808+0000] {dag.py:3722} INFO - Setting next_dagrun for example_dag_decorator to None, run_after=None
[2023-12-03T16:58:04.821+0000] {processor.py:179} INFO - Processing /home/airflow/.local/lib/python3.8/site-packages/airflow/example_dags/example_dag_decorator.py took 0.161 seconds
[2023-12-03T17:46:22.903+0000] {processor.py:157} INFO - Started process (PID=3440) to work on /home/airflow/.local/lib/python3.8/site-packages/airflow/example_dags/example_dag_decorator.py
[2023-12-03T17:46:22.907+0000] {processor.py:829} INFO - Processing file /home/airflow/.local/lib/python3.8/site-packages/airflow/example_dags/example_dag_decorator.py for tasks to queue
[2023-12-03T17:46:22.909+0000] {logging_mixin.py:154} INFO - [2023-12-03T17:46:22.909+0000] {dagbag.py:536} INFO - Filling up the DagBag from /home/airflow/.local/lib/python3.8/site-packages/airflow/example_dags/example_dag_decorator.py
[2023-12-03T17:46:22.972+0000] {processor.py:839} INFO - DAG(s) dict_keys(['example_dag_decorator']) retrieved from /home/airflow/.local/lib/python3.8/site-packages/airflow/example_dags/example_dag_decorator.py
[2023-12-03T17:46:23.051+0000] {logging_mixin.py:154} INFO - [2023-12-03T17:46:23.051+0000] {dag.py:2941} INFO - Sync 1 DAGs
[2023-12-03T17:46:23.061+0000] {logging_mixin.py:154} INFO - [2023-12-03T17:46:23.060+0000] {dag.py:3722} INFO - Setting next_dagrun for example_dag_decorator to None, run_after=None
[2023-12-03T17:46:23.079+0000] {processor.py:179} INFO - Processing /home/airflow/.local/lib/python3.8/site-packages/airflow/example_dags/example_dag_decorator.py took 0.181 seconds
[2023-12-03T18:33:42.493+0000] {processor.py:157} INFO - Started process (PID=3498) to work on /home/airflow/.local/lib/python3.8/site-packages/airflow/example_dags/example_dag_decorator.py
[2023-12-03T18:33:42.495+0000] {processor.py:829} INFO - Processing file /home/airflow/.local/lib/python3.8/site-packages/airflow/example_dags/example_dag_decorator.py for tasks to queue
[2023-12-03T18:33:42.497+0000] {logging_mixin.py:154} INFO - [2023-12-03T18:33:42.497+0000] {dagbag.py:536} INFO - Filling up the DagBag from /home/airflow/.local/lib/python3.8/site-packages/airflow/example_dags/example_dag_decorator.py
[2023-12-03T18:33:42.553+0000] {processor.py:839} INFO - DAG(s) dict_keys(['example_dag_decorator']) retrieved from /home/airflow/.local/lib/python3.8/site-packages/airflow/example_dags/example_dag_decorator.py
[2023-12-03T18:33:42.631+0000] {logging_mixin.py:154} INFO - [2023-12-03T18:33:42.631+0000] {dag.py:2941} INFO - Sync 1 DAGs
[2023-12-03T18:33:42.641+0000] {logging_mixin.py:154} INFO - [2023-12-03T18:33:42.640+0000] {dag.py:3722} INFO - Setting next_dagrun for example_dag_decorator to None, run_after=None
[2023-12-03T18:33:42.654+0000] {processor.py:179} INFO - Processing /home/airflow/.local/lib/python3.8/site-packages/airflow/example_dags/example_dag_decorator.py took 0.165 seconds
[2023-12-03T19:06:27.164+0000] {processor.py:157} INFO - Started process (PID=3556) to work on /home/airflow/.local/lib/python3.8/site-packages/airflow/example_dags/example_dag_decorator.py
[2023-12-03T19:06:27.166+0000] {processor.py:829} INFO - Processing file /home/airflow/.local/lib/python3.8/site-packages/airflow/example_dags/example_dag_decorator.py for tasks to queue
[2023-12-03T19:06:27.168+0000] {logging_mixin.py:154} INFO - [2023-12-03T19:06:27.168+0000] {dagbag.py:536} INFO - Filling up the DagBag from /home/airflow/.local/lib/python3.8/site-packages/airflow/example_dags/example_dag_decorator.py
[2023-12-03T19:06:27.255+0000] {processor.py:839} INFO - DAG(s) dict_keys(['example_dag_decorator']) retrieved from /home/airflow/.local/lib/python3.8/site-packages/airflow/example_dags/example_dag_decorator.py
[2023-12-03T19:06:27.280+0000] {logging_mixin.py:154} INFO - [2023-12-03T19:06:27.280+0000] {dag.py:2941} INFO - Sync 1 DAGs
[2023-12-03T19:06:27.290+0000] {logging_mixin.py:154} INFO - [2023-12-03T19:06:27.290+0000] {dag.py:3722} INFO - Setting next_dagrun for example_dag_decorator to None, run_after=None
[2023-12-03T19:06:27.305+0000] {processor.py:179} INFO - Processing /home/airflow/.local/lib/python3.8/site-packages/airflow/example_dags/example_dag_decorator.py took 0.143 seconds
[2023-12-03T19:22:02.167+0000] {processor.py:157} INFO - Started process (PID=3613) to work on /home/airflow/.local/lib/python3.8/site-packages/airflow/example_dags/example_dag_decorator.py
[2023-12-03T19:22:02.169+0000] {processor.py:829} INFO - Processing file /home/airflow/.local/lib/python3.8/site-packages/airflow/example_dags/example_dag_decorator.py for tasks to queue
[2023-12-03T19:22:02.170+0000] {logging_mixin.py:154} INFO - [2023-12-03T19:22:02.170+0000] {dagbag.py:536} INFO - Filling up the DagBag from /home/airflow/.local/lib/python3.8/site-packages/airflow/example_dags/example_dag_decorator.py
[2023-12-03T19:22:02.227+0000] {processor.py:839} INFO - DAG(s) dict_keys(['example_dag_decorator']) retrieved from /home/airflow/.local/lib/python3.8/site-packages/airflow/example_dags/example_dag_decorator.py
[2023-12-03T19:22:02.306+0000] {logging_mixin.py:154} INFO - [2023-12-03T19:22:02.306+0000] {dag.py:2941} INFO - Sync 1 DAGs
[2023-12-03T19:22:02.315+0000] {logging_mixin.py:154} INFO - [2023-12-03T19:22:02.315+0000] {dag.py:3722} INFO - Setting next_dagrun for example_dag_decorator to None, run_after=None
[2023-12-03T19:22:02.331+0000] {processor.py:179} INFO - Processing /home/airflow/.local/lib/python3.8/site-packages/airflow/example_dags/example_dag_decorator.py took 0.167 seconds
[2023-12-03T20:11:34.357+0000] {processor.py:157} INFO - Started process (PID=3671) to work on /home/airflow/.local/lib/python3.8/site-packages/airflow/example_dags/example_dag_decorator.py
[2023-12-03T20:11:34.358+0000] {processor.py:829} INFO - Processing file /home/airflow/.local/lib/python3.8/site-packages/airflow/example_dags/example_dag_decorator.py for tasks to queue
[2023-12-03T20:11:34.360+0000] {logging_mixin.py:154} INFO - [2023-12-03T20:11:34.360+0000] {dagbag.py:536} INFO - Filling up the DagBag from /home/airflow/.local/lib/python3.8/site-packages/airflow/example_dags/example_dag_decorator.py
[2023-12-03T20:11:34.420+0000] {processor.py:839} INFO - DAG(s) dict_keys(['example_dag_decorator']) retrieved from /home/airflow/.local/lib/python3.8/site-packages/airflow/example_dags/example_dag_decorator.py
[2023-12-03T20:11:34.515+0000] {logging_mixin.py:154} INFO - [2023-12-03T20:11:34.515+0000] {dag.py:2941} INFO - Sync 1 DAGs
[2023-12-03T20:11:34.525+0000] {logging_mixin.py:154} INFO - [2023-12-03T20:11:34.525+0000] {dag.py:3722} INFO - Setting next_dagrun for example_dag_decorator to None, run_after=None
[2023-12-03T20:11:34.540+0000] {processor.py:179} INFO - Processing /home/airflow/.local/lib/python3.8/site-packages/airflow/example_dags/example_dag_decorator.py took 0.186 seconds
[2023-12-03T21:36:33.855+0000] {processor.py:157} INFO - Started process (PID=3722) to work on /home/airflow/.local/lib/python3.8/site-packages/airflow/example_dags/example_dag_decorator.py
[2023-12-03T21:36:33.856+0000] {processor.py:829} INFO - Processing file /home/airflow/.local/lib/python3.8/site-packages/airflow/example_dags/example_dag_decorator.py for tasks to queue
[2023-12-03T21:36:33.859+0000] {logging_mixin.py:154} INFO - [2023-12-03T21:36:33.859+0000] {dagbag.py:536} INFO - Filling up the DagBag from /home/airflow/.local/lib/python3.8/site-packages/airflow/example_dags/example_dag_decorator.py
[2023-12-03T21:36:34.222+0000] {processor.py:839} INFO - DAG(s) dict_keys(['example_dag_decorator']) retrieved from /home/airflow/.local/lib/python3.8/site-packages/airflow/example_dags/example_dag_decorator.py
[2023-12-03T21:36:34.368+0000] {logging_mixin.py:154} INFO - [2023-12-03T21:36:34.368+0000] {dag.py:2941} INFO - Sync 1 DAGs
[2023-12-03T21:36:34.381+0000] {logging_mixin.py:154} INFO - [2023-12-03T21:36:34.381+0000] {dag.py:3722} INFO - Setting next_dagrun for example_dag_decorator to None, run_after=None
[2023-12-03T21:36:34.410+0000] {processor.py:179} INFO - Processing /home/airflow/.local/lib/python3.8/site-packages/airflow/example_dags/example_dag_decorator.py took 0.559 seconds
[2023-12-03T22:57:31.889+0000] {processor.py:157} INFO - Started process (PID=3780) to work on /home/airflow/.local/lib/python3.8/site-packages/airflow/example_dags/example_dag_decorator.py
[2023-12-03T22:57:31.890+0000] {processor.py:829} INFO - Processing file /home/airflow/.local/lib/python3.8/site-packages/airflow/example_dags/example_dag_decorator.py for tasks to queue
[2023-12-03T22:57:31.892+0000] {logging_mixin.py:154} INFO - [2023-12-03T22:57:31.892+0000] {dagbag.py:536} INFO - Filling up the DagBag from /home/airflow/.local/lib/python3.8/site-packages/airflow/example_dags/example_dag_decorator.py
[2023-12-03T22:57:31.942+0000] {processor.py:839} INFO - DAG(s) dict_keys(['example_dag_decorator']) retrieved from /home/airflow/.local/lib/python3.8/site-packages/airflow/example_dags/example_dag_decorator.py
[2023-12-03T22:57:32.021+0000] {logging_mixin.py:154} INFO - [2023-12-03T22:57:32.021+0000] {dag.py:2941} INFO - Sync 1 DAGs
[2023-12-03T22:57:32.030+0000] {logging_mixin.py:154} INFO - [2023-12-03T22:57:32.030+0000] {dag.py:3722} INFO - Setting next_dagrun for example_dag_decorator to None, run_after=None
[2023-12-03T22:57:32.047+0000] {processor.py:179} INFO - Processing /home/airflow/.local/lib/python3.8/site-packages/airflow/example_dags/example_dag_decorator.py took 0.162 seconds
[2023-12-03T23:13:10.794+0000] {processor.py:157} INFO - Started process (PID=3838) to work on /home/airflow/.local/lib/python3.8/site-packages/airflow/example_dags/example_dag_decorator.py
[2023-12-03T23:13:10.795+0000] {processor.py:829} INFO - Processing file /home/airflow/.local/lib/python3.8/site-packages/airflow/example_dags/example_dag_decorator.py for tasks to queue
[2023-12-03T23:13:10.797+0000] {logging_mixin.py:154} INFO - [2023-12-03T23:13:10.797+0000] {dagbag.py:536} INFO - Filling up the DagBag from /home/airflow/.local/lib/python3.8/site-packages/airflow/example_dags/example_dag_decorator.py
[2023-12-03T23:13:10.852+0000] {processor.py:839} INFO - DAG(s) dict_keys(['example_dag_decorator']) retrieved from /home/airflow/.local/lib/python3.8/site-packages/airflow/example_dags/example_dag_decorator.py
[2023-12-03T23:13:10.872+0000] {logging_mixin.py:154} INFO - [2023-12-03T23:13:10.872+0000] {dag.py:2941} INFO - Sync 1 DAGs
[2023-12-03T23:13:10.886+0000] {logging_mixin.py:154} INFO - [2023-12-03T23:13:10.885+0000] {dag.py:3722} INFO - Setting next_dagrun for example_dag_decorator to None, run_after=None
[2023-12-03T23:13:10.899+0000] {processor.py:179} INFO - Processing /home/airflow/.local/lib/python3.8/site-packages/airflow/example_dags/example_dag_decorator.py took 0.108 seconds
[2023-12-03T23:22:19.234+0000] {processor.py:157} INFO - Started process (PID=3896) to work on /home/airflow/.local/lib/python3.8/site-packages/airflow/example_dags/example_dag_decorator.py
[2023-12-03T23:22:19.236+0000] {processor.py:829} INFO - Processing file /home/airflow/.local/lib/python3.8/site-packages/airflow/example_dags/example_dag_decorator.py for tasks to queue
[2023-12-03T23:22:19.239+0000] {logging_mixin.py:154} INFO - [2023-12-03T23:22:19.238+0000] {dagbag.py:536} INFO - Filling up the DagBag from /home/airflow/.local/lib/python3.8/site-packages/airflow/example_dags/example_dag_decorator.py
[2023-12-03T23:22:19.295+0000] {processor.py:839} INFO - DAG(s) dict_keys(['example_dag_decorator']) retrieved from /home/airflow/.local/lib/python3.8/site-packages/airflow/example_dags/example_dag_decorator.py
[2023-12-03T23:22:19.372+0000] {logging_mixin.py:154} INFO - [2023-12-03T23:22:19.372+0000] {dag.py:2941} INFO - Sync 1 DAGs
[2023-12-03T23:22:19.380+0000] {logging_mixin.py:154} INFO - [2023-12-03T23:22:19.380+0000] {dag.py:3722} INFO - Setting next_dagrun for example_dag_decorator to None, run_after=None
[2023-12-03T23:22:19.394+0000] {processor.py:179} INFO - Processing /home/airflow/.local/lib/python3.8/site-packages/airflow/example_dags/example_dag_decorator.py took 0.163 seconds
