[2023-12-03T09:43:23.159+0000] {processor.py:157} INFO - Started process (PID=50) to work on /home/airflow/.local/lib/python3.8/site-packages/airflow/example_dags/example_branch_operator.py
[2023-12-03T09:43:23.174+0000] {processor.py:829} INFO - Processing file /home/airflow/.local/lib/python3.8/site-packages/airflow/example_dags/example_branch_operator.py for tasks to queue
[2023-12-03T09:43:23.178+0000] {logging_mixin.py:154} INFO - [2023-12-03T09:43:23.178+0000] {dagbag.py:536} INFO - Filling up the DagBag from /home/airflow/.local/lib/python3.8/site-packages/airflow/example_dags/example_branch_operator.py
[2023-12-03T09:43:23.198+0000] {processor.py:839} INFO - DAG(s) dict_keys(['example_branch_operator']) retrieved from /home/airflow/.local/lib/python3.8/site-packages/airflow/example_dags/example_branch_operator.py
[2023-12-03T09:43:23.224+0000] {logging_mixin.py:154} INFO - [2023-12-03T09:43:23.223+0000] {dag.py:2941} INFO - Sync 1 DAGs
[2023-12-03T09:43:23.264+0000] {logging_mixin.py:154} INFO - [2023-12-03T09:43:23.264+0000] {dag.py:3722} INFO - Setting next_dagrun for example_branch_operator to 2023-12-02T00:00:00+00:00, run_after=2023-12-03T00:00:00+00:00
[2023-12-03T09:43:23.308+0000] {processor.py:179} INFO - Processing /home/airflow/.local/lib/python3.8/site-packages/airflow/example_dags/example_branch_operator.py took 0.156 seconds
[2023-12-03T09:43:53.901+0000] {processor.py:157} INFO - Started process (PID=108) to work on /home/airflow/.local/lib/python3.8/site-packages/airflow/example_dags/example_branch_operator.py
[2023-12-03T09:43:53.902+0000] {processor.py:829} INFO - Processing file /home/airflow/.local/lib/python3.8/site-packages/airflow/example_dags/example_branch_operator.py for tasks to queue
[2023-12-03T09:43:53.904+0000] {logging_mixin.py:154} INFO - [2023-12-03T09:43:53.904+0000] {dagbag.py:536} INFO - Filling up the DagBag from /home/airflow/.local/lib/python3.8/site-packages/airflow/example_dags/example_branch_operator.py
[2023-12-03T09:43:53.915+0000] {processor.py:839} INFO - DAG(s) dict_keys(['example_branch_operator']) retrieved from /home/airflow/.local/lib/python3.8/site-packages/airflow/example_dags/example_branch_operator.py
[2023-12-03T09:43:53.938+0000] {logging_mixin.py:154} INFO - [2023-12-03T09:43:53.938+0000] {dag.py:2941} INFO - Sync 1 DAGs
[2023-12-03T09:43:53.965+0000] {logging_mixin.py:154} INFO - [2023-12-03T09:43:53.964+0000] {dag.py:3722} INFO - Setting next_dagrun for example_branch_operator to 2023-12-02T00:00:00+00:00, run_after=2023-12-03T00:00:00+00:00
[2023-12-03T09:43:53.981+0000] {processor.py:179} INFO - Processing /home/airflow/.local/lib/python3.8/site-packages/airflow/example_dags/example_branch_operator.py took 0.085 seconds
[2023-12-03T09:44:24.895+0000] {processor.py:157} INFO - Started process (PID=165) to work on /home/airflow/.local/lib/python3.8/site-packages/airflow/example_dags/example_branch_operator.py
[2023-12-03T09:44:24.897+0000] {processor.py:829} INFO - Processing file /home/airflow/.local/lib/python3.8/site-packages/airflow/example_dags/example_branch_operator.py for tasks to queue
[2023-12-03T09:44:24.899+0000] {logging_mixin.py:154} INFO - [2023-12-03T09:44:24.899+0000] {dagbag.py:536} INFO - Filling up the DagBag from /home/airflow/.local/lib/python3.8/site-packages/airflow/example_dags/example_branch_operator.py
[2023-12-03T09:44:24.909+0000] {processor.py:839} INFO - DAG(s) dict_keys(['example_branch_operator']) retrieved from /home/airflow/.local/lib/python3.8/site-packages/airflow/example_dags/example_branch_operator.py
[2023-12-03T09:44:24.929+0000] {logging_mixin.py:154} INFO - [2023-12-03T09:44:24.929+0000] {dag.py:2941} INFO - Sync 1 DAGs
[2023-12-03T09:44:24.955+0000] {logging_mixin.py:154} INFO - [2023-12-03T09:44:24.955+0000] {dag.py:3722} INFO - Setting next_dagrun for example_branch_operator to 2023-12-02T00:00:00+00:00, run_after=2023-12-03T00:00:00+00:00
[2023-12-03T09:44:24.976+0000] {processor.py:179} INFO - Processing /home/airflow/.local/lib/python3.8/site-packages/airflow/example_dags/example_branch_operator.py took 0.085 seconds
[2023-12-03T09:44:55.993+0000] {processor.py:157} INFO - Started process (PID=223) to work on /home/airflow/.local/lib/python3.8/site-packages/airflow/example_dags/example_branch_operator.py
[2023-12-03T09:44:55.994+0000] {processor.py:829} INFO - Processing file /home/airflow/.local/lib/python3.8/site-packages/airflow/example_dags/example_branch_operator.py for tasks to queue
[2023-12-03T09:44:55.996+0000] {logging_mixin.py:154} INFO - [2023-12-03T09:44:55.996+0000] {dagbag.py:536} INFO - Filling up the DagBag from /home/airflow/.local/lib/python3.8/site-packages/airflow/example_dags/example_branch_operator.py
[2023-12-03T09:44:56.005+0000] {processor.py:839} INFO - DAG(s) dict_keys(['example_branch_operator']) retrieved from /home/airflow/.local/lib/python3.8/site-packages/airflow/example_dags/example_branch_operator.py
[2023-12-03T09:44:56.028+0000] {logging_mixin.py:154} INFO - [2023-12-03T09:44:56.027+0000] {dag.py:2941} INFO - Sync 1 DAGs
[2023-12-03T09:44:56.051+0000] {logging_mixin.py:154} INFO - [2023-12-03T09:44:56.051+0000] {dag.py:3722} INFO - Setting next_dagrun for example_branch_operator to 2023-12-02T00:00:00+00:00, run_after=2023-12-03T00:00:00+00:00
[2023-12-03T09:44:56.067+0000] {processor.py:179} INFO - Processing /home/airflow/.local/lib/python3.8/site-packages/airflow/example_dags/example_branch_operator.py took 0.078 seconds
[2023-12-03T09:45:26.585+0000] {processor.py:157} INFO - Started process (PID=280) to work on /home/airflow/.local/lib/python3.8/site-packages/airflow/example_dags/example_branch_operator.py
[2023-12-03T09:45:26.586+0000] {processor.py:829} INFO - Processing file /home/airflow/.local/lib/python3.8/site-packages/airflow/example_dags/example_branch_operator.py for tasks to queue
[2023-12-03T09:45:26.589+0000] {logging_mixin.py:154} INFO - [2023-12-03T09:45:26.589+0000] {dagbag.py:536} INFO - Filling up the DagBag from /home/airflow/.local/lib/python3.8/site-packages/airflow/example_dags/example_branch_operator.py
[2023-12-03T09:45:26.598+0000] {processor.py:839} INFO - DAG(s) dict_keys(['example_branch_operator']) retrieved from /home/airflow/.local/lib/python3.8/site-packages/airflow/example_dags/example_branch_operator.py
[2023-12-03T09:45:26.620+0000] {logging_mixin.py:154} INFO - [2023-12-03T09:45:26.620+0000] {dag.py:2941} INFO - Sync 1 DAGs
[2023-12-03T09:45:26.643+0000] {logging_mixin.py:154} INFO - [2023-12-03T09:45:26.643+0000] {dag.py:3722} INFO - Setting next_dagrun for example_branch_operator to 2023-12-02T00:00:00+00:00, run_after=2023-12-03T00:00:00+00:00
[2023-12-03T09:45:26.660+0000] {processor.py:179} INFO - Processing /home/airflow/.local/lib/python3.8/site-packages/airflow/example_dags/example_branch_operator.py took 0.078 seconds
[2023-12-03T09:45:57.144+0000] {processor.py:157} INFO - Started process (PID=340) to work on /home/airflow/.local/lib/python3.8/site-packages/airflow/example_dags/example_branch_operator.py
[2023-12-03T09:45:57.145+0000] {processor.py:829} INFO - Processing file /home/airflow/.local/lib/python3.8/site-packages/airflow/example_dags/example_branch_operator.py for tasks to queue
[2023-12-03T09:45:57.147+0000] {logging_mixin.py:154} INFO - [2023-12-03T09:45:57.147+0000] {dagbag.py:536} INFO - Filling up the DagBag from /home/airflow/.local/lib/python3.8/site-packages/airflow/example_dags/example_branch_operator.py
[2023-12-03T09:45:57.156+0000] {processor.py:839} INFO - DAG(s) dict_keys(['example_branch_operator']) retrieved from /home/airflow/.local/lib/python3.8/site-packages/airflow/example_dags/example_branch_operator.py
[2023-12-03T09:45:57.175+0000] {logging_mixin.py:154} INFO - [2023-12-03T09:45:57.175+0000] {dag.py:2941} INFO - Sync 1 DAGs
[2023-12-03T09:45:57.194+0000] {logging_mixin.py:154} INFO - [2023-12-03T09:45:57.194+0000] {dag.py:3722} INFO - Setting next_dagrun for example_branch_operator to 2023-12-02T00:00:00+00:00, run_after=2023-12-03T00:00:00+00:00
[2023-12-03T09:45:57.209+0000] {processor.py:179} INFO - Processing /home/airflow/.local/lib/python3.8/site-packages/airflow/example_dags/example_branch_operator.py took 0.068 seconds
[2023-12-03T09:46:27.672+0000] {processor.py:157} INFO - Started process (PID=398) to work on /home/airflow/.local/lib/python3.8/site-packages/airflow/example_dags/example_branch_operator.py
[2023-12-03T09:46:27.674+0000] {processor.py:829} INFO - Processing file /home/airflow/.local/lib/python3.8/site-packages/airflow/example_dags/example_branch_operator.py for tasks to queue
[2023-12-03T09:46:27.677+0000] {logging_mixin.py:154} INFO - [2023-12-03T09:46:27.677+0000] {dagbag.py:536} INFO - Filling up the DagBag from /home/airflow/.local/lib/python3.8/site-packages/airflow/example_dags/example_branch_operator.py
[2023-12-03T09:46:27.690+0000] {processor.py:839} INFO - DAG(s) dict_keys(['example_branch_operator']) retrieved from /home/airflow/.local/lib/python3.8/site-packages/airflow/example_dags/example_branch_operator.py
[2023-12-03T09:46:27.717+0000] {logging_mixin.py:154} INFO - [2023-12-03T09:46:27.717+0000] {dag.py:2941} INFO - Sync 1 DAGs
[2023-12-03T09:46:27.748+0000] {logging_mixin.py:154} INFO - [2023-12-03T09:46:27.747+0000] {dag.py:3722} INFO - Setting next_dagrun for example_branch_operator to 2023-12-02T00:00:00+00:00, run_after=2023-12-03T00:00:00+00:00
[2023-12-03T09:46:27.768+0000] {processor.py:179} INFO - Processing /home/airflow/.local/lib/python3.8/site-packages/airflow/example_dags/example_branch_operator.py took 0.102 seconds
[2023-12-03T09:46:58.796+0000] {processor.py:157} INFO - Started process (PID=455) to work on /home/airflow/.local/lib/python3.8/site-packages/airflow/example_dags/example_branch_operator.py
[2023-12-03T09:46:58.798+0000] {processor.py:829} INFO - Processing file /home/airflow/.local/lib/python3.8/site-packages/airflow/example_dags/example_branch_operator.py for tasks to queue
[2023-12-03T09:46:58.800+0000] {logging_mixin.py:154} INFO - [2023-12-03T09:46:58.799+0000] {dagbag.py:536} INFO - Filling up the DagBag from /home/airflow/.local/lib/python3.8/site-packages/airflow/example_dags/example_branch_operator.py
[2023-12-03T09:46:58.809+0000] {processor.py:839} INFO - DAG(s) dict_keys(['example_branch_operator']) retrieved from /home/airflow/.local/lib/python3.8/site-packages/airflow/example_dags/example_branch_operator.py
[2023-12-03T09:46:58.830+0000] {logging_mixin.py:154} INFO - [2023-12-03T09:46:58.830+0000] {dag.py:2941} INFO - Sync 1 DAGs
[2023-12-03T09:46:58.855+0000] {logging_mixin.py:154} INFO - [2023-12-03T09:46:58.855+0000] {dag.py:3722} INFO - Setting next_dagrun for example_branch_operator to 2023-12-02T00:00:00+00:00, run_after=2023-12-03T00:00:00+00:00
[2023-12-03T09:46:58.871+0000] {processor.py:179} INFO - Processing /home/airflow/.local/lib/python3.8/site-packages/airflow/example_dags/example_branch_operator.py took 0.078 seconds
[2023-12-03T09:47:29.563+0000] {processor.py:157} INFO - Started process (PID=513) to work on /home/airflow/.local/lib/python3.8/site-packages/airflow/example_dags/example_branch_operator.py
[2023-12-03T09:47:29.564+0000] {processor.py:829} INFO - Processing file /home/airflow/.local/lib/python3.8/site-packages/airflow/example_dags/example_branch_operator.py for tasks to queue
[2023-12-03T09:47:29.566+0000] {logging_mixin.py:154} INFO - [2023-12-03T09:47:29.566+0000] {dagbag.py:536} INFO - Filling up the DagBag from /home/airflow/.local/lib/python3.8/site-packages/airflow/example_dags/example_branch_operator.py
[2023-12-03T09:47:29.576+0000] {processor.py:839} INFO - DAG(s) dict_keys(['example_branch_operator']) retrieved from /home/airflow/.local/lib/python3.8/site-packages/airflow/example_dags/example_branch_operator.py
[2023-12-03T09:47:29.600+0000] {logging_mixin.py:154} INFO - [2023-12-03T09:47:29.599+0000] {dag.py:2941} INFO - Sync 1 DAGs
[2023-12-03T09:47:29.628+0000] {logging_mixin.py:154} INFO - [2023-12-03T09:47:29.628+0000] {dag.py:3722} INFO - Setting next_dagrun for example_branch_operator to 2023-12-02T00:00:00+00:00, run_after=2023-12-03T00:00:00+00:00
[2023-12-03T09:47:29.647+0000] {processor.py:179} INFO - Processing /home/airflow/.local/lib/python3.8/site-packages/airflow/example_dags/example_branch_operator.py took 0.087 seconds
[2023-12-03T09:47:59.783+0000] {processor.py:157} INFO - Started process (PID=570) to work on /home/airflow/.local/lib/python3.8/site-packages/airflow/example_dags/example_branch_operator.py
[2023-12-03T09:47:59.784+0000] {processor.py:829} INFO - Processing file /home/airflow/.local/lib/python3.8/site-packages/airflow/example_dags/example_branch_operator.py for tasks to queue
[2023-12-03T09:47:59.789+0000] {logging_mixin.py:154} INFO - [2023-12-03T09:47:59.788+0000] {dagbag.py:536} INFO - Filling up the DagBag from /home/airflow/.local/lib/python3.8/site-packages/airflow/example_dags/example_branch_operator.py
[2023-12-03T09:47:59.799+0000] {processor.py:839} INFO - DAG(s) dict_keys(['example_branch_operator']) retrieved from /home/airflow/.local/lib/python3.8/site-packages/airflow/example_dags/example_branch_operator.py
[2023-12-03T09:47:59.824+0000] {logging_mixin.py:154} INFO - [2023-12-03T09:47:59.824+0000] {dag.py:2941} INFO - Sync 1 DAGs
[2023-12-03T09:47:59.843+0000] {logging_mixin.py:154} INFO - [2023-12-03T09:47:59.843+0000] {dag.py:3722} INFO - Setting next_dagrun for example_branch_operator to 2023-12-02T00:00:00+00:00, run_after=2023-12-03T00:00:00+00:00
[2023-12-03T09:47:59.861+0000] {processor.py:179} INFO - Processing /home/airflow/.local/lib/python3.8/site-packages/airflow/example_dags/example_branch_operator.py took 0.083 seconds
[2023-12-03T09:48:30.780+0000] {processor.py:157} INFO - Started process (PID=627) to work on /home/airflow/.local/lib/python3.8/site-packages/airflow/example_dags/example_branch_operator.py
[2023-12-03T09:48:30.782+0000] {processor.py:829} INFO - Processing file /home/airflow/.local/lib/python3.8/site-packages/airflow/example_dags/example_branch_operator.py for tasks to queue
[2023-12-03T09:48:30.784+0000] {logging_mixin.py:154} INFO - [2023-12-03T09:48:30.784+0000] {dagbag.py:536} INFO - Filling up the DagBag from /home/airflow/.local/lib/python3.8/site-packages/airflow/example_dags/example_branch_operator.py
[2023-12-03T09:48:30.793+0000] {processor.py:839} INFO - DAG(s) dict_keys(['example_branch_operator']) retrieved from /home/airflow/.local/lib/python3.8/site-packages/airflow/example_dags/example_branch_operator.py
[2023-12-03T09:48:30.811+0000] {logging_mixin.py:154} INFO - [2023-12-03T09:48:30.811+0000] {dag.py:2941} INFO - Sync 1 DAGs
[2023-12-03T09:48:30.832+0000] {logging_mixin.py:154} INFO - [2023-12-03T09:48:30.832+0000] {dag.py:3722} INFO - Setting next_dagrun for example_branch_operator to 2023-12-02T00:00:00+00:00, run_after=2023-12-03T00:00:00+00:00
[2023-12-03T09:48:30.848+0000] {processor.py:179} INFO - Processing /home/airflow/.local/lib/python3.8/site-packages/airflow/example_dags/example_branch_operator.py took 0.073 seconds
[2023-12-03T09:49:01.735+0000] {processor.py:157} INFO - Started process (PID=685) to work on /home/airflow/.local/lib/python3.8/site-packages/airflow/example_dags/example_branch_operator.py
[2023-12-03T09:49:01.737+0000] {processor.py:829} INFO - Processing file /home/airflow/.local/lib/python3.8/site-packages/airflow/example_dags/example_branch_operator.py for tasks to queue
[2023-12-03T09:49:01.740+0000] {logging_mixin.py:154} INFO - [2023-12-03T09:49:01.739+0000] {dagbag.py:536} INFO - Filling up the DagBag from /home/airflow/.local/lib/python3.8/site-packages/airflow/example_dags/example_branch_operator.py
[2023-12-03T09:49:01.751+0000] {processor.py:839} INFO - DAG(s) dict_keys(['example_branch_operator']) retrieved from /home/airflow/.local/lib/python3.8/site-packages/airflow/example_dags/example_branch_operator.py
[2023-12-03T09:49:01.773+0000] {logging_mixin.py:154} INFO - [2023-12-03T09:49:01.773+0000] {dag.py:2941} INFO - Sync 1 DAGs
[2023-12-03T09:49:01.794+0000] {logging_mixin.py:154} INFO - [2023-12-03T09:49:01.793+0000] {dag.py:3722} INFO - Setting next_dagrun for example_branch_operator to 2023-12-02T00:00:00+00:00, run_after=2023-12-03T00:00:00+00:00
[2023-12-03T09:49:01.813+0000] {processor.py:179} INFO - Processing /home/airflow/.local/lib/python3.8/site-packages/airflow/example_dags/example_branch_operator.py took 0.083 seconds
[2023-12-03T09:49:32.609+0000] {processor.py:157} INFO - Started process (PID=743) to work on /home/airflow/.local/lib/python3.8/site-packages/airflow/example_dags/example_branch_operator.py
[2023-12-03T09:49:32.611+0000] {processor.py:829} INFO - Processing file /home/airflow/.local/lib/python3.8/site-packages/airflow/example_dags/example_branch_operator.py for tasks to queue
[2023-12-03T09:49:32.614+0000] {logging_mixin.py:154} INFO - [2023-12-03T09:49:32.613+0000] {dagbag.py:536} INFO - Filling up the DagBag from /home/airflow/.local/lib/python3.8/site-packages/airflow/example_dags/example_branch_operator.py
[2023-12-03T09:49:32.622+0000] {processor.py:839} INFO - DAG(s) dict_keys(['example_branch_operator']) retrieved from /home/airflow/.local/lib/python3.8/site-packages/airflow/example_dags/example_branch_operator.py
[2023-12-03T09:49:32.642+0000] {logging_mixin.py:154} INFO - [2023-12-03T09:49:32.642+0000] {dag.py:2941} INFO - Sync 1 DAGs
[2023-12-03T09:49:32.661+0000] {logging_mixin.py:154} INFO - [2023-12-03T09:49:32.660+0000] {dag.py:3722} INFO - Setting next_dagrun for example_branch_operator to 2023-12-02T00:00:00+00:00, run_after=2023-12-03T00:00:00+00:00
[2023-12-03T09:49:32.676+0000] {processor.py:179} INFO - Processing /home/airflow/.local/lib/python3.8/site-packages/airflow/example_dags/example_branch_operator.py took 0.072 seconds
[2023-12-03T09:50:02.913+0000] {processor.py:157} INFO - Started process (PID=801) to work on /home/airflow/.local/lib/python3.8/site-packages/airflow/example_dags/example_branch_operator.py
[2023-12-03T09:50:02.914+0000] {processor.py:829} INFO - Processing file /home/airflow/.local/lib/python3.8/site-packages/airflow/example_dags/example_branch_operator.py for tasks to queue
[2023-12-03T09:50:02.916+0000] {logging_mixin.py:154} INFO - [2023-12-03T09:50:02.916+0000] {dagbag.py:536} INFO - Filling up the DagBag from /home/airflow/.local/lib/python3.8/site-packages/airflow/example_dags/example_branch_operator.py
[2023-12-03T09:50:02.925+0000] {processor.py:839} INFO - DAG(s) dict_keys(['example_branch_operator']) retrieved from /home/airflow/.local/lib/python3.8/site-packages/airflow/example_dags/example_branch_operator.py
[2023-12-03T09:50:02.945+0000] {logging_mixin.py:154} INFO - [2023-12-03T09:50:02.945+0000] {dag.py:2941} INFO - Sync 1 DAGs
[2023-12-03T09:50:02.964+0000] {logging_mixin.py:154} INFO - [2023-12-03T09:50:02.964+0000] {dag.py:3722} INFO - Setting next_dagrun for example_branch_operator to 2023-12-02T00:00:00+00:00, run_after=2023-12-03T00:00:00+00:00
[2023-12-03T09:50:02.980+0000] {processor.py:179} INFO - Processing /home/airflow/.local/lib/python3.8/site-packages/airflow/example_dags/example_branch_operator.py took 0.071 seconds
[2023-12-03T09:50:33.023+0000] {processor.py:157} INFO - Started process (PID=859) to work on /home/airflow/.local/lib/python3.8/site-packages/airflow/example_dags/example_branch_operator.py
[2023-12-03T09:50:33.030+0000] {processor.py:829} INFO - Processing file /home/airflow/.local/lib/python3.8/site-packages/airflow/example_dags/example_branch_operator.py for tasks to queue
[2023-12-03T09:50:33.037+0000] {logging_mixin.py:154} INFO - [2023-12-03T09:50:33.034+0000] {dagbag.py:536} INFO - Filling up the DagBag from /home/airflow/.local/lib/python3.8/site-packages/airflow/example_dags/example_branch_operator.py
[2023-12-03T09:50:33.047+0000] {processor.py:839} INFO - DAG(s) dict_keys(['example_branch_operator']) retrieved from /home/airflow/.local/lib/python3.8/site-packages/airflow/example_dags/example_branch_operator.py
[2023-12-03T09:50:33.100+0000] {logging_mixin.py:154} INFO - [2023-12-03T09:50:33.100+0000] {dag.py:2941} INFO - Sync 1 DAGs
[2023-12-03T09:50:33.140+0000] {logging_mixin.py:154} INFO - [2023-12-03T09:50:33.140+0000] {dag.py:3722} INFO - Setting next_dagrun for example_branch_operator to 2023-12-02T00:00:00+00:00, run_after=2023-12-03T00:00:00+00:00
[2023-12-03T09:50:33.160+0000] {processor.py:179} INFO - Processing /home/airflow/.local/lib/python3.8/site-packages/airflow/example_dags/example_branch_operator.py took 0.142 seconds
[2023-12-03T09:51:03.227+0000] {processor.py:157} INFO - Started process (PID=917) to work on /home/airflow/.local/lib/python3.8/site-packages/airflow/example_dags/example_branch_operator.py
[2023-12-03T09:51:03.229+0000] {processor.py:829} INFO - Processing file /home/airflow/.local/lib/python3.8/site-packages/airflow/example_dags/example_branch_operator.py for tasks to queue
[2023-12-03T09:51:03.232+0000] {logging_mixin.py:154} INFO - [2023-12-03T09:51:03.231+0000] {dagbag.py:536} INFO - Filling up the DagBag from /home/airflow/.local/lib/python3.8/site-packages/airflow/example_dags/example_branch_operator.py
[2023-12-03T09:51:03.244+0000] {processor.py:839} INFO - DAG(s) dict_keys(['example_branch_operator']) retrieved from /home/airflow/.local/lib/python3.8/site-packages/airflow/example_dags/example_branch_operator.py
[2023-12-03T09:51:03.271+0000] {logging_mixin.py:154} INFO - [2023-12-03T09:51:03.271+0000] {dag.py:2941} INFO - Sync 1 DAGs
[2023-12-03T09:51:03.294+0000] {logging_mixin.py:154} INFO - [2023-12-03T09:51:03.293+0000] {dag.py:3722} INFO - Setting next_dagrun for example_branch_operator to 2023-12-02T00:00:00+00:00, run_after=2023-12-03T00:00:00+00:00
[2023-12-03T09:51:03.310+0000] {processor.py:179} INFO - Processing /home/airflow/.local/lib/python3.8/site-packages/airflow/example_dags/example_branch_operator.py took 0.088 seconds
[2023-12-03T09:51:33.406+0000] {processor.py:157} INFO - Started process (PID=975) to work on /home/airflow/.local/lib/python3.8/site-packages/airflow/example_dags/example_branch_operator.py
[2023-12-03T09:51:33.407+0000] {processor.py:829} INFO - Processing file /home/airflow/.local/lib/python3.8/site-packages/airflow/example_dags/example_branch_operator.py for tasks to queue
[2023-12-03T09:51:33.409+0000] {logging_mixin.py:154} INFO - [2023-12-03T09:51:33.409+0000] {dagbag.py:536} INFO - Filling up the DagBag from /home/airflow/.local/lib/python3.8/site-packages/airflow/example_dags/example_branch_operator.py
[2023-12-03T09:51:33.420+0000] {processor.py:839} INFO - DAG(s) dict_keys(['example_branch_operator']) retrieved from /home/airflow/.local/lib/python3.8/site-packages/airflow/example_dags/example_branch_operator.py
[2023-12-03T09:51:33.441+0000] {logging_mixin.py:154} INFO - [2023-12-03T09:51:33.441+0000] {dag.py:2941} INFO - Sync 1 DAGs
[2023-12-03T09:51:33.462+0000] {logging_mixin.py:154} INFO - [2023-12-03T09:51:33.462+0000] {dag.py:3722} INFO - Setting next_dagrun for example_branch_operator to 2023-12-02T00:00:00+00:00, run_after=2023-12-03T00:00:00+00:00
[2023-12-03T09:51:33.478+0000] {processor.py:179} INFO - Processing /home/airflow/.local/lib/python3.8/site-packages/airflow/example_dags/example_branch_operator.py took 0.076 seconds
[2023-12-03T09:52:04.289+0000] {processor.py:157} INFO - Started process (PID=1040) to work on /home/airflow/.local/lib/python3.8/site-packages/airflow/example_dags/example_branch_operator.py
[2023-12-03T09:52:04.290+0000] {processor.py:829} INFO - Processing file /home/airflow/.local/lib/python3.8/site-packages/airflow/example_dags/example_branch_operator.py for tasks to queue
[2023-12-03T09:52:04.292+0000] {logging_mixin.py:154} INFO - [2023-12-03T09:52:04.292+0000] {dagbag.py:536} INFO - Filling up the DagBag from /home/airflow/.local/lib/python3.8/site-packages/airflow/example_dags/example_branch_operator.py
[2023-12-03T09:52:04.302+0000] {processor.py:839} INFO - DAG(s) dict_keys(['example_branch_operator']) retrieved from /home/airflow/.local/lib/python3.8/site-packages/airflow/example_dags/example_branch_operator.py
[2023-12-03T09:52:04.321+0000] {logging_mixin.py:154} INFO - [2023-12-03T09:52:04.321+0000] {dag.py:2941} INFO - Sync 1 DAGs
[2023-12-03T09:52:04.339+0000] {logging_mixin.py:154} INFO - [2023-12-03T09:52:04.339+0000] {dag.py:3722} INFO - Setting next_dagrun for example_branch_operator to 2023-12-02T00:00:00+00:00, run_after=2023-12-03T00:00:00+00:00
[2023-12-03T09:52:04.355+0000] {processor.py:179} INFO - Processing /home/airflow/.local/lib/python3.8/site-packages/airflow/example_dags/example_branch_operator.py took 0.070 seconds
[2023-12-03T09:52:34.478+0000] {processor.py:157} INFO - Started process (PID=1098) to work on /home/airflow/.local/lib/python3.8/site-packages/airflow/example_dags/example_branch_operator.py
[2023-12-03T09:52:34.479+0000] {processor.py:829} INFO - Processing file /home/airflow/.local/lib/python3.8/site-packages/airflow/example_dags/example_branch_operator.py for tasks to queue
[2023-12-03T09:52:34.482+0000] {logging_mixin.py:154} INFO - [2023-12-03T09:52:34.481+0000] {dagbag.py:536} INFO - Filling up the DagBag from /home/airflow/.local/lib/python3.8/site-packages/airflow/example_dags/example_branch_operator.py
[2023-12-03T09:52:34.494+0000] {processor.py:839} INFO - DAG(s) dict_keys(['example_branch_operator']) retrieved from /home/airflow/.local/lib/python3.8/site-packages/airflow/example_dags/example_branch_operator.py
[2023-12-03T09:52:34.516+0000] {logging_mixin.py:154} INFO - [2023-12-03T09:52:34.515+0000] {dag.py:2941} INFO - Sync 1 DAGs
[2023-12-03T09:52:34.538+0000] {logging_mixin.py:154} INFO - [2023-12-03T09:52:34.538+0000] {dag.py:3722} INFO - Setting next_dagrun for example_branch_operator to 2023-12-02T00:00:00+00:00, run_after=2023-12-03T00:00:00+00:00
[2023-12-03T09:52:34.555+0000] {processor.py:179} INFO - Processing /home/airflow/.local/lib/python3.8/site-packages/airflow/example_dags/example_branch_operator.py took 0.083 seconds
[2023-12-03T09:53:04.821+0000] {processor.py:157} INFO - Started process (PID=1156) to work on /home/airflow/.local/lib/python3.8/site-packages/airflow/example_dags/example_branch_operator.py
[2023-12-03T09:53:04.823+0000] {processor.py:829} INFO - Processing file /home/airflow/.local/lib/python3.8/site-packages/airflow/example_dags/example_branch_operator.py for tasks to queue
[2023-12-03T09:53:04.826+0000] {logging_mixin.py:154} INFO - [2023-12-03T09:53:04.825+0000] {dagbag.py:536} INFO - Filling up the DagBag from /home/airflow/.local/lib/python3.8/site-packages/airflow/example_dags/example_branch_operator.py
[2023-12-03T09:53:04.838+0000] {processor.py:839} INFO - DAG(s) dict_keys(['example_branch_operator']) retrieved from /home/airflow/.local/lib/python3.8/site-packages/airflow/example_dags/example_branch_operator.py
[2023-12-03T09:53:04.860+0000] {logging_mixin.py:154} INFO - [2023-12-03T09:53:04.859+0000] {dag.py:2941} INFO - Sync 1 DAGs
[2023-12-03T09:53:04.884+0000] {logging_mixin.py:154} INFO - [2023-12-03T09:53:04.884+0000] {dag.py:3722} INFO - Setting next_dagrun for example_branch_operator to 2023-12-02T00:00:00+00:00, run_after=2023-12-03T00:00:00+00:00
[2023-12-03T09:53:04.900+0000] {processor.py:179} INFO - Processing /home/airflow/.local/lib/python3.8/site-packages/airflow/example_dags/example_branch_operator.py took 0.083 seconds
[2023-12-03T09:53:35.088+0000] {processor.py:157} INFO - Started process (PID=1214) to work on /home/airflow/.local/lib/python3.8/site-packages/airflow/example_dags/example_branch_operator.py
[2023-12-03T09:53:35.089+0000] {processor.py:829} INFO - Processing file /home/airflow/.local/lib/python3.8/site-packages/airflow/example_dags/example_branch_operator.py for tasks to queue
[2023-12-03T09:53:35.091+0000] {logging_mixin.py:154} INFO - [2023-12-03T09:53:35.091+0000] {dagbag.py:536} INFO - Filling up the DagBag from /home/airflow/.local/lib/python3.8/site-packages/airflow/example_dags/example_branch_operator.py
[2023-12-03T09:53:35.101+0000] {processor.py:839} INFO - DAG(s) dict_keys(['example_branch_operator']) retrieved from /home/airflow/.local/lib/python3.8/site-packages/airflow/example_dags/example_branch_operator.py
[2023-12-03T09:53:35.122+0000] {logging_mixin.py:154} INFO - [2023-12-03T09:53:35.122+0000] {dag.py:2941} INFO - Sync 1 DAGs
[2023-12-03T09:53:35.144+0000] {logging_mixin.py:154} INFO - [2023-12-03T09:53:35.143+0000] {dag.py:3722} INFO - Setting next_dagrun for example_branch_operator to 2023-12-02T00:00:00+00:00, run_after=2023-12-03T00:00:00+00:00
[2023-12-03T09:53:35.159+0000] {processor.py:179} INFO - Processing /home/airflow/.local/lib/python3.8/site-packages/airflow/example_dags/example_branch_operator.py took 0.075 seconds
[2023-12-03T09:54:05.403+0000] {processor.py:157} INFO - Started process (PID=1272) to work on /home/airflow/.local/lib/python3.8/site-packages/airflow/example_dags/example_branch_operator.py
[2023-12-03T09:54:05.404+0000] {processor.py:829} INFO - Processing file /home/airflow/.local/lib/python3.8/site-packages/airflow/example_dags/example_branch_operator.py for tasks to queue
[2023-12-03T09:54:05.408+0000] {logging_mixin.py:154} INFO - [2023-12-03T09:54:05.407+0000] {dagbag.py:536} INFO - Filling up the DagBag from /home/airflow/.local/lib/python3.8/site-packages/airflow/example_dags/example_branch_operator.py
[2023-12-03T09:54:05.419+0000] {processor.py:839} INFO - DAG(s) dict_keys(['example_branch_operator']) retrieved from /home/airflow/.local/lib/python3.8/site-packages/airflow/example_dags/example_branch_operator.py
[2023-12-03T09:54:05.443+0000] {logging_mixin.py:154} INFO - [2023-12-03T09:54:05.442+0000] {dag.py:2941} INFO - Sync 1 DAGs
[2023-12-03T09:54:05.475+0000] {logging_mixin.py:154} INFO - [2023-12-03T09:54:05.475+0000] {dag.py:3722} INFO - Setting next_dagrun for example_branch_operator to 2023-12-02T00:00:00+00:00, run_after=2023-12-03T00:00:00+00:00
[2023-12-03T09:54:05.493+0000] {processor.py:179} INFO - Processing /home/airflow/.local/lib/python3.8/site-packages/airflow/example_dags/example_branch_operator.py took 0.093 seconds
[2023-12-03T09:54:35.813+0000] {processor.py:157} INFO - Started process (PID=1330) to work on /home/airflow/.local/lib/python3.8/site-packages/airflow/example_dags/example_branch_operator.py
[2023-12-03T09:54:35.814+0000] {processor.py:829} INFO - Processing file /home/airflow/.local/lib/python3.8/site-packages/airflow/example_dags/example_branch_operator.py for tasks to queue
[2023-12-03T09:54:35.816+0000] {logging_mixin.py:154} INFO - [2023-12-03T09:54:35.816+0000] {dagbag.py:536} INFO - Filling up the DagBag from /home/airflow/.local/lib/python3.8/site-packages/airflow/example_dags/example_branch_operator.py
[2023-12-03T09:54:35.826+0000] {processor.py:839} INFO - DAG(s) dict_keys(['example_branch_operator']) retrieved from /home/airflow/.local/lib/python3.8/site-packages/airflow/example_dags/example_branch_operator.py
[2023-12-03T09:54:35.852+0000] {logging_mixin.py:154} INFO - [2023-12-03T09:54:35.852+0000] {dag.py:2941} INFO - Sync 1 DAGs
[2023-12-03T09:54:35.877+0000] {logging_mixin.py:154} INFO - [2023-12-03T09:54:35.877+0000] {dag.py:3722} INFO - Setting next_dagrun for example_branch_operator to 2023-12-02T00:00:00+00:00, run_after=2023-12-03T00:00:00+00:00
[2023-12-03T09:54:35.893+0000] {processor.py:179} INFO - Processing /home/airflow/.local/lib/python3.8/site-packages/airflow/example_dags/example_branch_operator.py took 0.084 seconds
[2023-12-03T09:55:06.147+0000] {processor.py:157} INFO - Started process (PID=1388) to work on /home/airflow/.local/lib/python3.8/site-packages/airflow/example_dags/example_branch_operator.py
[2023-12-03T09:55:06.148+0000] {processor.py:829} INFO - Processing file /home/airflow/.local/lib/python3.8/site-packages/airflow/example_dags/example_branch_operator.py for tasks to queue
[2023-12-03T09:55:06.150+0000] {logging_mixin.py:154} INFO - [2023-12-03T09:55:06.150+0000] {dagbag.py:536} INFO - Filling up the DagBag from /home/airflow/.local/lib/python3.8/site-packages/airflow/example_dags/example_branch_operator.py
[2023-12-03T09:55:06.159+0000] {processor.py:839} INFO - DAG(s) dict_keys(['example_branch_operator']) retrieved from /home/airflow/.local/lib/python3.8/site-packages/airflow/example_dags/example_branch_operator.py
[2023-12-03T09:55:06.178+0000] {logging_mixin.py:154} INFO - [2023-12-03T09:55:06.178+0000] {dag.py:2941} INFO - Sync 1 DAGs
[2023-12-03T09:55:06.198+0000] {logging_mixin.py:154} INFO - [2023-12-03T09:55:06.198+0000] {dag.py:3722} INFO - Setting next_dagrun for example_branch_operator to 2023-12-02T00:00:00+00:00, run_after=2023-12-03T00:00:00+00:00
[2023-12-03T09:55:06.211+0000] {processor.py:179} INFO - Processing /home/airflow/.local/lib/python3.8/site-packages/airflow/example_dags/example_branch_operator.py took 0.068 seconds
[2023-12-03T09:55:36.657+0000] {processor.py:157} INFO - Started process (PID=1446) to work on /home/airflow/.local/lib/python3.8/site-packages/airflow/example_dags/example_branch_operator.py
[2023-12-03T09:55:36.658+0000] {processor.py:829} INFO - Processing file /home/airflow/.local/lib/python3.8/site-packages/airflow/example_dags/example_branch_operator.py for tasks to queue
[2023-12-03T09:55:36.661+0000] {logging_mixin.py:154} INFO - [2023-12-03T09:55:36.660+0000] {dagbag.py:536} INFO - Filling up the DagBag from /home/airflow/.local/lib/python3.8/site-packages/airflow/example_dags/example_branch_operator.py
[2023-12-03T09:55:36.669+0000] {processor.py:839} INFO - DAG(s) dict_keys(['example_branch_operator']) retrieved from /home/airflow/.local/lib/python3.8/site-packages/airflow/example_dags/example_branch_operator.py
[2023-12-03T09:55:36.686+0000] {logging_mixin.py:154} INFO - [2023-12-03T09:55:36.686+0000] {dag.py:2941} INFO - Sync 1 DAGs
[2023-12-03T09:55:36.703+0000] {logging_mixin.py:154} INFO - [2023-12-03T09:55:36.703+0000] {dag.py:3722} INFO - Setting next_dagrun for example_branch_operator to 2023-12-02T00:00:00+00:00, run_after=2023-12-03T00:00:00+00:00
[2023-12-03T09:55:36.716+0000] {processor.py:179} INFO - Processing /home/airflow/.local/lib/python3.8/site-packages/airflow/example_dags/example_branch_operator.py took 0.062 seconds
[2023-12-03T09:56:07.048+0000] {processor.py:157} INFO - Started process (PID=1509) to work on /home/airflow/.local/lib/python3.8/site-packages/airflow/example_dags/example_branch_operator.py
[2023-12-03T09:56:07.049+0000] {processor.py:829} INFO - Processing file /home/airflow/.local/lib/python3.8/site-packages/airflow/example_dags/example_branch_operator.py for tasks to queue
[2023-12-03T09:56:07.051+0000] {logging_mixin.py:154} INFO - [2023-12-03T09:56:07.051+0000] {dagbag.py:536} INFO - Filling up the DagBag from /home/airflow/.local/lib/python3.8/site-packages/airflow/example_dags/example_branch_operator.py
[2023-12-03T09:56:07.062+0000] {processor.py:839} INFO - DAG(s) dict_keys(['example_branch_operator']) retrieved from /home/airflow/.local/lib/python3.8/site-packages/airflow/example_dags/example_branch_operator.py
[2023-12-03T09:56:07.082+0000] {logging_mixin.py:154} INFO - [2023-12-03T09:56:07.081+0000] {dag.py:2941} INFO - Sync 1 DAGs
[2023-12-03T09:56:07.102+0000] {logging_mixin.py:154} INFO - [2023-12-03T09:56:07.102+0000] {dag.py:3722} INFO - Setting next_dagrun for example_branch_operator to 2023-12-02T00:00:00+00:00, run_after=2023-12-03T00:00:00+00:00
[2023-12-03T09:56:07.118+0000] {processor.py:179} INFO - Processing /home/airflow/.local/lib/python3.8/site-packages/airflow/example_dags/example_branch_operator.py took 0.075 seconds
[2023-12-03T09:56:37.968+0000] {processor.py:157} INFO - Started process (PID=1567) to work on /home/airflow/.local/lib/python3.8/site-packages/airflow/example_dags/example_branch_operator.py
[2023-12-03T09:56:37.969+0000] {processor.py:829} INFO - Processing file /home/airflow/.local/lib/python3.8/site-packages/airflow/example_dags/example_branch_operator.py for tasks to queue
[2023-12-03T09:56:37.971+0000] {logging_mixin.py:154} INFO - [2023-12-03T09:56:37.971+0000] {dagbag.py:536} INFO - Filling up the DagBag from /home/airflow/.local/lib/python3.8/site-packages/airflow/example_dags/example_branch_operator.py
[2023-12-03T09:56:37.982+0000] {processor.py:839} INFO - DAG(s) dict_keys(['example_branch_operator']) retrieved from /home/airflow/.local/lib/python3.8/site-packages/airflow/example_dags/example_branch_operator.py
[2023-12-03T09:56:38.005+0000] {logging_mixin.py:154} INFO - [2023-12-03T09:56:38.005+0000] {dag.py:2941} INFO - Sync 1 DAGs
[2023-12-03T09:56:38.027+0000] {logging_mixin.py:154} INFO - [2023-12-03T09:56:38.027+0000] {dag.py:3722} INFO - Setting next_dagrun for example_branch_operator to 2023-12-02T00:00:00+00:00, run_after=2023-12-03T00:00:00+00:00
[2023-12-03T09:56:38.043+0000] {processor.py:179} INFO - Processing /home/airflow/.local/lib/python3.8/site-packages/airflow/example_dags/example_branch_operator.py took 0.079 seconds
[2023-12-03T09:57:08.751+0000] {processor.py:157} INFO - Started process (PID=1625) to work on /home/airflow/.local/lib/python3.8/site-packages/airflow/example_dags/example_branch_operator.py
[2023-12-03T09:57:08.753+0000] {processor.py:829} INFO - Processing file /home/airflow/.local/lib/python3.8/site-packages/airflow/example_dags/example_branch_operator.py for tasks to queue
[2023-12-03T09:57:08.756+0000] {logging_mixin.py:154} INFO - [2023-12-03T09:57:08.756+0000] {dagbag.py:536} INFO - Filling up the DagBag from /home/airflow/.local/lib/python3.8/site-packages/airflow/example_dags/example_branch_operator.py
[2023-12-03T09:57:08.768+0000] {processor.py:839} INFO - DAG(s) dict_keys(['example_branch_operator']) retrieved from /home/airflow/.local/lib/python3.8/site-packages/airflow/example_dags/example_branch_operator.py
[2023-12-03T09:57:08.791+0000] {logging_mixin.py:154} INFO - [2023-12-03T09:57:08.791+0000] {dag.py:2941} INFO - Sync 1 DAGs
[2023-12-03T09:57:08.812+0000] {logging_mixin.py:154} INFO - [2023-12-03T09:57:08.812+0000] {dag.py:3722} INFO - Setting next_dagrun for example_branch_operator to 2023-12-02T00:00:00+00:00, run_after=2023-12-03T00:00:00+00:00
[2023-12-03T09:57:08.829+0000] {processor.py:179} INFO - Processing /home/airflow/.local/lib/python3.8/site-packages/airflow/example_dags/example_branch_operator.py took 0.081 seconds
[2023-12-03T09:57:38.920+0000] {processor.py:157} INFO - Started process (PID=1685) to work on /home/airflow/.local/lib/python3.8/site-packages/airflow/example_dags/example_branch_operator.py
[2023-12-03T09:57:38.921+0000] {processor.py:829} INFO - Processing file /home/airflow/.local/lib/python3.8/site-packages/airflow/example_dags/example_branch_operator.py for tasks to queue
[2023-12-03T09:57:38.923+0000] {logging_mixin.py:154} INFO - [2023-12-03T09:57:38.923+0000] {dagbag.py:536} INFO - Filling up the DagBag from /home/airflow/.local/lib/python3.8/site-packages/airflow/example_dags/example_branch_operator.py
[2023-12-03T09:57:38.934+0000] {processor.py:839} INFO - DAG(s) dict_keys(['example_branch_operator']) retrieved from /home/airflow/.local/lib/python3.8/site-packages/airflow/example_dags/example_branch_operator.py
[2023-12-03T09:57:38.955+0000] {logging_mixin.py:154} INFO - [2023-12-03T09:57:38.955+0000] {dag.py:2941} INFO - Sync 1 DAGs
[2023-12-03T09:57:38.975+0000] {logging_mixin.py:154} INFO - [2023-12-03T09:57:38.975+0000] {dag.py:3722} INFO - Setting next_dagrun for example_branch_operator to 2023-12-02T00:00:00+00:00, run_after=2023-12-03T00:00:00+00:00
[2023-12-03T09:57:38.991+0000] {processor.py:179} INFO - Processing /home/airflow/.local/lib/python3.8/site-packages/airflow/example_dags/example_branch_operator.py took 0.076 seconds
[2023-12-03T09:58:09.080+0000] {processor.py:157} INFO - Started process (PID=1743) to work on /home/airflow/.local/lib/python3.8/site-packages/airflow/example_dags/example_branch_operator.py
[2023-12-03T09:58:09.081+0000] {processor.py:829} INFO - Processing file /home/airflow/.local/lib/python3.8/site-packages/airflow/example_dags/example_branch_operator.py for tasks to queue
[2023-12-03T09:58:09.083+0000] {logging_mixin.py:154} INFO - [2023-12-03T09:58:09.083+0000] {dagbag.py:536} INFO - Filling up the DagBag from /home/airflow/.local/lib/python3.8/site-packages/airflow/example_dags/example_branch_operator.py
[2023-12-03T09:58:09.093+0000] {processor.py:839} INFO - DAG(s) dict_keys(['example_branch_operator']) retrieved from /home/airflow/.local/lib/python3.8/site-packages/airflow/example_dags/example_branch_operator.py
[2023-12-03T09:58:09.113+0000] {logging_mixin.py:154} INFO - [2023-12-03T09:58:09.113+0000] {dag.py:2941} INFO - Sync 1 DAGs
[2023-12-03T09:58:09.133+0000] {logging_mixin.py:154} INFO - [2023-12-03T09:58:09.133+0000] {dag.py:3722} INFO - Setting next_dagrun for example_branch_operator to 2023-12-02T00:00:00+00:00, run_after=2023-12-03T00:00:00+00:00
[2023-12-03T09:58:09.152+0000] {processor.py:179} INFO - Processing /home/airflow/.local/lib/python3.8/site-packages/airflow/example_dags/example_branch_operator.py took 0.077 seconds
[2023-12-03T09:58:39.545+0000] {processor.py:157} INFO - Started process (PID=1800) to work on /home/airflow/.local/lib/python3.8/site-packages/airflow/example_dags/example_branch_operator.py
[2023-12-03T09:58:39.546+0000] {processor.py:829} INFO - Processing file /home/airflow/.local/lib/python3.8/site-packages/airflow/example_dags/example_branch_operator.py for tasks to queue
[2023-12-03T09:58:39.549+0000] {logging_mixin.py:154} INFO - [2023-12-03T09:58:39.548+0000] {dagbag.py:536} INFO - Filling up the DagBag from /home/airflow/.local/lib/python3.8/site-packages/airflow/example_dags/example_branch_operator.py
[2023-12-03T09:58:39.560+0000] {processor.py:839} INFO - DAG(s) dict_keys(['example_branch_operator']) retrieved from /home/airflow/.local/lib/python3.8/site-packages/airflow/example_dags/example_branch_operator.py
[2023-12-03T09:58:39.585+0000] {logging_mixin.py:154} INFO - [2023-12-03T09:58:39.585+0000] {dag.py:2941} INFO - Sync 1 DAGs
[2023-12-03T09:58:39.608+0000] {logging_mixin.py:154} INFO - [2023-12-03T09:58:39.608+0000] {dag.py:3722} INFO - Setting next_dagrun for example_branch_operator to 2023-12-02T00:00:00+00:00, run_after=2023-12-03T00:00:00+00:00
[2023-12-03T09:58:39.625+0000] {processor.py:179} INFO - Processing /home/airflow/.local/lib/python3.8/site-packages/airflow/example_dags/example_branch_operator.py took 0.083 seconds
[2023-12-03T09:59:10.180+0000] {processor.py:157} INFO - Started process (PID=1858) to work on /home/airflow/.local/lib/python3.8/site-packages/airflow/example_dags/example_branch_operator.py
[2023-12-03T09:59:10.182+0000] {processor.py:829} INFO - Processing file /home/airflow/.local/lib/python3.8/site-packages/airflow/example_dags/example_branch_operator.py for tasks to queue
[2023-12-03T09:59:10.185+0000] {logging_mixin.py:154} INFO - [2023-12-03T09:59:10.184+0000] {dagbag.py:536} INFO - Filling up the DagBag from /home/airflow/.local/lib/python3.8/site-packages/airflow/example_dags/example_branch_operator.py
[2023-12-03T09:59:10.195+0000] {processor.py:839} INFO - DAG(s) dict_keys(['example_branch_operator']) retrieved from /home/airflow/.local/lib/python3.8/site-packages/airflow/example_dags/example_branch_operator.py
[2023-12-03T09:59:10.218+0000] {logging_mixin.py:154} INFO - [2023-12-03T09:59:10.217+0000] {dag.py:2941} INFO - Sync 1 DAGs
[2023-12-03T09:59:10.237+0000] {logging_mixin.py:154} INFO - [2023-12-03T09:59:10.237+0000] {dag.py:3722} INFO - Setting next_dagrun for example_branch_operator to 2023-12-02T00:00:00+00:00, run_after=2023-12-03T00:00:00+00:00
[2023-12-03T09:59:10.253+0000] {processor.py:179} INFO - Processing /home/airflow/.local/lib/python3.8/site-packages/airflow/example_dags/example_branch_operator.py took 0.076 seconds
[2023-12-03T09:59:41.113+0000] {processor.py:157} INFO - Started process (PID=1917) to work on /home/airflow/.local/lib/python3.8/site-packages/airflow/example_dags/example_branch_operator.py
[2023-12-03T09:59:41.115+0000] {processor.py:829} INFO - Processing file /home/airflow/.local/lib/python3.8/site-packages/airflow/example_dags/example_branch_operator.py for tasks to queue
[2023-12-03T09:59:41.118+0000] {logging_mixin.py:154} INFO - [2023-12-03T09:59:41.117+0000] {dagbag.py:536} INFO - Filling up the DagBag from /home/airflow/.local/lib/python3.8/site-packages/airflow/example_dags/example_branch_operator.py
[2023-12-03T09:59:41.131+0000] {processor.py:839} INFO - DAG(s) dict_keys(['example_branch_operator']) retrieved from /home/airflow/.local/lib/python3.8/site-packages/airflow/example_dags/example_branch_operator.py
[2023-12-03T09:59:41.157+0000] {logging_mixin.py:154} INFO - [2023-12-03T09:59:41.157+0000] {dag.py:2941} INFO - Sync 1 DAGs
[2023-12-03T09:59:41.178+0000] {logging_mixin.py:154} INFO - [2023-12-03T09:59:41.178+0000] {dag.py:3722} INFO - Setting next_dagrun for example_branch_operator to 2023-12-02T00:00:00+00:00, run_after=2023-12-03T00:00:00+00:00
[2023-12-03T09:59:41.194+0000] {processor.py:179} INFO - Processing /home/airflow/.local/lib/python3.8/site-packages/airflow/example_dags/example_branch_operator.py took 0.084 seconds
[2023-12-03T10:00:11.446+0000] {processor.py:157} INFO - Started process (PID=1977) to work on /home/airflow/.local/lib/python3.8/site-packages/airflow/example_dags/example_branch_operator.py
[2023-12-03T10:00:11.447+0000] {processor.py:829} INFO - Processing file /home/airflow/.local/lib/python3.8/site-packages/airflow/example_dags/example_branch_operator.py for tasks to queue
[2023-12-03T10:00:11.450+0000] {logging_mixin.py:154} INFO - [2023-12-03T10:00:11.450+0000] {dagbag.py:536} INFO - Filling up the DagBag from /home/airflow/.local/lib/python3.8/site-packages/airflow/example_dags/example_branch_operator.py
[2023-12-03T10:00:11.466+0000] {processor.py:839} INFO - DAG(s) dict_keys(['example_branch_operator']) retrieved from /home/airflow/.local/lib/python3.8/site-packages/airflow/example_dags/example_branch_operator.py
[2023-12-03T10:00:11.491+0000] {logging_mixin.py:154} INFO - [2023-12-03T10:00:11.491+0000] {dag.py:2941} INFO - Sync 1 DAGs
[2023-12-03T10:00:11.513+0000] {logging_mixin.py:154} INFO - [2023-12-03T10:00:11.512+0000] {dag.py:3722} INFO - Setting next_dagrun for example_branch_operator to 2023-12-02T00:00:00+00:00, run_after=2023-12-03T00:00:00+00:00
[2023-12-03T10:00:11.529+0000] {processor.py:179} INFO - Processing /home/airflow/.local/lib/python3.8/site-packages/airflow/example_dags/example_branch_operator.py took 0.088 seconds
[2023-12-03T10:00:41.601+0000] {processor.py:157} INFO - Started process (PID=2035) to work on /home/airflow/.local/lib/python3.8/site-packages/airflow/example_dags/example_branch_operator.py
[2023-12-03T10:00:41.602+0000] {processor.py:829} INFO - Processing file /home/airflow/.local/lib/python3.8/site-packages/airflow/example_dags/example_branch_operator.py for tasks to queue
[2023-12-03T10:00:41.605+0000] {logging_mixin.py:154} INFO - [2023-12-03T10:00:41.605+0000] {dagbag.py:536} INFO - Filling up the DagBag from /home/airflow/.local/lib/python3.8/site-packages/airflow/example_dags/example_branch_operator.py
[2023-12-03T10:00:41.618+0000] {processor.py:839} INFO - DAG(s) dict_keys(['example_branch_operator']) retrieved from /home/airflow/.local/lib/python3.8/site-packages/airflow/example_dags/example_branch_operator.py
[2023-12-03T10:00:41.647+0000] {logging_mixin.py:154} INFO - [2023-12-03T10:00:41.647+0000] {dag.py:2941} INFO - Sync 1 DAGs
[2023-12-03T10:00:41.674+0000] {logging_mixin.py:154} INFO - [2023-12-03T10:00:41.674+0000] {dag.py:3722} INFO - Setting next_dagrun for example_branch_operator to 2023-12-02T00:00:00+00:00, run_after=2023-12-03T00:00:00+00:00
[2023-12-03T10:00:41.695+0000] {processor.py:179} INFO - Processing /home/airflow/.local/lib/python3.8/site-packages/airflow/example_dags/example_branch_operator.py took 0.099 seconds
[2023-12-03T10:01:11.861+0000] {processor.py:157} INFO - Started process (PID=2093) to work on /home/airflow/.local/lib/python3.8/site-packages/airflow/example_dags/example_branch_operator.py
[2023-12-03T10:01:11.862+0000] {processor.py:829} INFO - Processing file /home/airflow/.local/lib/python3.8/site-packages/airflow/example_dags/example_branch_operator.py for tasks to queue
[2023-12-03T10:01:11.864+0000] {logging_mixin.py:154} INFO - [2023-12-03T10:01:11.864+0000] {dagbag.py:536} INFO - Filling up the DagBag from /home/airflow/.local/lib/python3.8/site-packages/airflow/example_dags/example_branch_operator.py
[2023-12-03T10:01:11.873+0000] {processor.py:839} INFO - DAG(s) dict_keys(['example_branch_operator']) retrieved from /home/airflow/.local/lib/python3.8/site-packages/airflow/example_dags/example_branch_operator.py
[2023-12-03T10:01:11.892+0000] {logging_mixin.py:154} INFO - [2023-12-03T10:01:11.892+0000] {dag.py:2941} INFO - Sync 1 DAGs
[2023-12-03T10:01:11.911+0000] {logging_mixin.py:154} INFO - [2023-12-03T10:01:11.911+0000] {dag.py:3722} INFO - Setting next_dagrun for example_branch_operator to 2023-12-02T00:00:00+00:00, run_after=2023-12-03T00:00:00+00:00
[2023-12-03T10:01:11.925+0000] {processor.py:179} INFO - Processing /home/airflow/.local/lib/python3.8/site-packages/airflow/example_dags/example_branch_operator.py took 0.068 seconds
[2023-12-03T10:01:42.112+0000] {processor.py:157} INFO - Started process (PID=2151) to work on /home/airflow/.local/lib/python3.8/site-packages/airflow/example_dags/example_branch_operator.py
[2023-12-03T10:01:42.113+0000] {processor.py:829} INFO - Processing file /home/airflow/.local/lib/python3.8/site-packages/airflow/example_dags/example_branch_operator.py for tasks to queue
[2023-12-03T10:01:42.115+0000] {logging_mixin.py:154} INFO - [2023-12-03T10:01:42.115+0000] {dagbag.py:536} INFO - Filling up the DagBag from /home/airflow/.local/lib/python3.8/site-packages/airflow/example_dags/example_branch_operator.py
[2023-12-03T10:01:42.124+0000] {processor.py:839} INFO - DAG(s) dict_keys(['example_branch_operator']) retrieved from /home/airflow/.local/lib/python3.8/site-packages/airflow/example_dags/example_branch_operator.py
[2023-12-03T10:01:42.145+0000] {logging_mixin.py:154} INFO - [2023-12-03T10:01:42.145+0000] {dag.py:2941} INFO - Sync 1 DAGs
[2023-12-03T10:01:42.165+0000] {logging_mixin.py:154} INFO - [2023-12-03T10:01:42.165+0000] {dag.py:3722} INFO - Setting next_dagrun for example_branch_operator to 2023-12-02T00:00:00+00:00, run_after=2023-12-03T00:00:00+00:00
[2023-12-03T10:01:42.178+0000] {processor.py:179} INFO - Processing /home/airflow/.local/lib/python3.8/site-packages/airflow/example_dags/example_branch_operator.py took 0.069 seconds
[2023-12-03T10:02:13.201+0000] {processor.py:157} INFO - Started process (PID=2211) to work on /home/airflow/.local/lib/python3.8/site-packages/airflow/example_dags/example_branch_operator.py
[2023-12-03T10:02:13.202+0000] {processor.py:829} INFO - Processing file /home/airflow/.local/lib/python3.8/site-packages/airflow/example_dags/example_branch_operator.py for tasks to queue
[2023-12-03T10:02:13.205+0000] {logging_mixin.py:154} INFO - [2023-12-03T10:02:13.205+0000] {dagbag.py:536} INFO - Filling up the DagBag from /home/airflow/.local/lib/python3.8/site-packages/airflow/example_dags/example_branch_operator.py
[2023-12-03T10:02:13.216+0000] {processor.py:839} INFO - DAG(s) dict_keys(['example_branch_operator']) retrieved from /home/airflow/.local/lib/python3.8/site-packages/airflow/example_dags/example_branch_operator.py
[2023-12-03T10:02:13.241+0000] {logging_mixin.py:154} INFO - [2023-12-03T10:02:13.241+0000] {dag.py:2941} INFO - Sync 1 DAGs
[2023-12-03T10:02:13.265+0000] {logging_mixin.py:154} INFO - [2023-12-03T10:02:13.265+0000] {dag.py:3722} INFO - Setting next_dagrun for example_branch_operator to 2023-12-02T00:00:00+00:00, run_after=2023-12-03T00:00:00+00:00
[2023-12-03T10:02:13.282+0000] {processor.py:179} INFO - Processing /home/airflow/.local/lib/python3.8/site-packages/airflow/example_dags/example_branch_operator.py took 0.086 seconds
[2023-12-03T10:02:43.482+0000] {processor.py:157} INFO - Started process (PID=2269) to work on /home/airflow/.local/lib/python3.8/site-packages/airflow/example_dags/example_branch_operator.py
[2023-12-03T10:02:43.483+0000] {processor.py:829} INFO - Processing file /home/airflow/.local/lib/python3.8/site-packages/airflow/example_dags/example_branch_operator.py for tasks to queue
[2023-12-03T10:02:43.485+0000] {logging_mixin.py:154} INFO - [2023-12-03T10:02:43.485+0000] {dagbag.py:536} INFO - Filling up the DagBag from /home/airflow/.local/lib/python3.8/site-packages/airflow/example_dags/example_branch_operator.py
[2023-12-03T10:02:43.494+0000] {processor.py:839} INFO - DAG(s) dict_keys(['example_branch_operator']) retrieved from /home/airflow/.local/lib/python3.8/site-packages/airflow/example_dags/example_branch_operator.py
[2023-12-03T10:02:43.513+0000] {logging_mixin.py:154} INFO - [2023-12-03T10:02:43.512+0000] {dag.py:2941} INFO - Sync 1 DAGs
[2023-12-03T10:02:43.531+0000] {logging_mixin.py:154} INFO - [2023-12-03T10:02:43.531+0000] {dag.py:3722} INFO - Setting next_dagrun for example_branch_operator to 2023-12-02T00:00:00+00:00, run_after=2023-12-03T00:00:00+00:00
[2023-12-03T10:02:43.546+0000] {processor.py:179} INFO - Processing /home/airflow/.local/lib/python3.8/site-packages/airflow/example_dags/example_branch_operator.py took 0.067 seconds
[2023-12-03T10:03:13.752+0000] {processor.py:157} INFO - Started process (PID=2327) to work on /home/airflow/.local/lib/python3.8/site-packages/airflow/example_dags/example_branch_operator.py
[2023-12-03T10:03:13.753+0000] {processor.py:829} INFO - Processing file /home/airflow/.local/lib/python3.8/site-packages/airflow/example_dags/example_branch_operator.py for tasks to queue
[2023-12-03T10:03:13.755+0000] {logging_mixin.py:154} INFO - [2023-12-03T10:03:13.755+0000] {dagbag.py:536} INFO - Filling up the DagBag from /home/airflow/.local/lib/python3.8/site-packages/airflow/example_dags/example_branch_operator.py
[2023-12-03T10:03:13.764+0000] {processor.py:839} INFO - DAG(s) dict_keys(['example_branch_operator']) retrieved from /home/airflow/.local/lib/python3.8/site-packages/airflow/example_dags/example_branch_operator.py
[2023-12-03T10:03:13.781+0000] {logging_mixin.py:154} INFO - [2023-12-03T10:03:13.781+0000] {dag.py:2941} INFO - Sync 1 DAGs
[2023-12-03T10:03:13.799+0000] {logging_mixin.py:154} INFO - [2023-12-03T10:03:13.799+0000] {dag.py:3722} INFO - Setting next_dagrun for example_branch_operator to 2023-12-02T00:00:00+00:00, run_after=2023-12-03T00:00:00+00:00
[2023-12-03T10:03:13.813+0000] {processor.py:179} INFO - Processing /home/airflow/.local/lib/python3.8/site-packages/airflow/example_dags/example_branch_operator.py took 0.065 seconds
[2023-12-03T10:03:44.126+0000] {processor.py:157} INFO - Started process (PID=2385) to work on /home/airflow/.local/lib/python3.8/site-packages/airflow/example_dags/example_branch_operator.py
[2023-12-03T10:03:44.127+0000] {processor.py:829} INFO - Processing file /home/airflow/.local/lib/python3.8/site-packages/airflow/example_dags/example_branch_operator.py for tasks to queue
[2023-12-03T10:03:44.130+0000] {logging_mixin.py:154} INFO - [2023-12-03T10:03:44.130+0000] {dagbag.py:536} INFO - Filling up the DagBag from /home/airflow/.local/lib/python3.8/site-packages/airflow/example_dags/example_branch_operator.py
[2023-12-03T10:03:44.141+0000] {processor.py:839} INFO - DAG(s) dict_keys(['example_branch_operator']) retrieved from /home/airflow/.local/lib/python3.8/site-packages/airflow/example_dags/example_branch_operator.py
[2023-12-03T10:03:44.162+0000] {logging_mixin.py:154} INFO - [2023-12-03T10:03:44.162+0000] {dag.py:2941} INFO - Sync 1 DAGs
[2023-12-03T10:03:44.183+0000] {logging_mixin.py:154} INFO - [2023-12-03T10:03:44.183+0000] {dag.py:3722} INFO - Setting next_dagrun for example_branch_operator to 2023-12-02T00:00:00+00:00, run_after=2023-12-03T00:00:00+00:00
[2023-12-03T10:03:44.198+0000] {processor.py:179} INFO - Processing /home/airflow/.local/lib/python3.8/site-packages/airflow/example_dags/example_branch_operator.py took 0.076 seconds
[2023-12-03T10:04:14.872+0000] {processor.py:157} INFO - Started process (PID=2443) to work on /home/airflow/.local/lib/python3.8/site-packages/airflow/example_dags/example_branch_operator.py
[2023-12-03T10:04:14.873+0000] {processor.py:829} INFO - Processing file /home/airflow/.local/lib/python3.8/site-packages/airflow/example_dags/example_branch_operator.py for tasks to queue
[2023-12-03T10:04:14.875+0000] {logging_mixin.py:154} INFO - [2023-12-03T10:04:14.875+0000] {dagbag.py:536} INFO - Filling up the DagBag from /home/airflow/.local/lib/python3.8/site-packages/airflow/example_dags/example_branch_operator.py
[2023-12-03T10:04:14.886+0000] {processor.py:839} INFO - DAG(s) dict_keys(['example_branch_operator']) retrieved from /home/airflow/.local/lib/python3.8/site-packages/airflow/example_dags/example_branch_operator.py
[2023-12-03T10:04:14.908+0000] {logging_mixin.py:154} INFO - [2023-12-03T10:04:14.908+0000] {dag.py:2941} INFO - Sync 1 DAGs
[2023-12-03T10:04:14.929+0000] {logging_mixin.py:154} INFO - [2023-12-03T10:04:14.929+0000] {dag.py:3722} INFO - Setting next_dagrun for example_branch_operator to 2023-12-02T00:00:00+00:00, run_after=2023-12-03T00:00:00+00:00
[2023-12-03T10:04:14.944+0000] {processor.py:179} INFO - Processing /home/airflow/.local/lib/python3.8/site-packages/airflow/example_dags/example_branch_operator.py took 0.076 seconds
[2023-12-03T10:04:45.475+0000] {processor.py:157} INFO - Started process (PID=2501) to work on /home/airflow/.local/lib/python3.8/site-packages/airflow/example_dags/example_branch_operator.py
[2023-12-03T10:04:45.476+0000] {processor.py:829} INFO - Processing file /home/airflow/.local/lib/python3.8/site-packages/airflow/example_dags/example_branch_operator.py for tasks to queue
[2023-12-03T10:04:45.478+0000] {logging_mixin.py:154} INFO - [2023-12-03T10:04:45.477+0000] {dagbag.py:536} INFO - Filling up the DagBag from /home/airflow/.local/lib/python3.8/site-packages/airflow/example_dags/example_branch_operator.py
[2023-12-03T10:04:45.487+0000] {processor.py:839} INFO - DAG(s) dict_keys(['example_branch_operator']) retrieved from /home/airflow/.local/lib/python3.8/site-packages/airflow/example_dags/example_branch_operator.py
[2023-12-03T10:04:45.506+0000] {logging_mixin.py:154} INFO - [2023-12-03T10:04:45.506+0000] {dag.py:2941} INFO - Sync 1 DAGs
[2023-12-03T10:04:45.525+0000] {logging_mixin.py:154} INFO - [2023-12-03T10:04:45.525+0000] {dag.py:3722} INFO - Setting next_dagrun for example_branch_operator to 2023-12-02T00:00:00+00:00, run_after=2023-12-03T00:00:00+00:00
[2023-12-03T10:04:45.539+0000] {processor.py:179} INFO - Processing /home/airflow/.local/lib/python3.8/site-packages/airflow/example_dags/example_branch_operator.py took 0.068 seconds
[2023-12-03T10:05:15.637+0000] {processor.py:157} INFO - Started process (PID=2559) to work on /home/airflow/.local/lib/python3.8/site-packages/airflow/example_dags/example_branch_operator.py
[2023-12-03T10:05:15.638+0000] {processor.py:829} INFO - Processing file /home/airflow/.local/lib/python3.8/site-packages/airflow/example_dags/example_branch_operator.py for tasks to queue
[2023-12-03T10:05:15.641+0000] {logging_mixin.py:154} INFO - [2023-12-03T10:05:15.640+0000] {dagbag.py:536} INFO - Filling up the DagBag from /home/airflow/.local/lib/python3.8/site-packages/airflow/example_dags/example_branch_operator.py
[2023-12-03T10:05:15.650+0000] {processor.py:839} INFO - DAG(s) dict_keys(['example_branch_operator']) retrieved from /home/airflow/.local/lib/python3.8/site-packages/airflow/example_dags/example_branch_operator.py
[2023-12-03T10:05:15.671+0000] {logging_mixin.py:154} INFO - [2023-12-03T10:05:15.670+0000] {dag.py:2941} INFO - Sync 1 DAGs
[2023-12-03T10:05:15.693+0000] {logging_mixin.py:154} INFO - [2023-12-03T10:05:15.693+0000] {dag.py:3722} INFO - Setting next_dagrun for example_branch_operator to 2023-12-02T00:00:00+00:00, run_after=2023-12-03T00:00:00+00:00
[2023-12-03T10:05:15.707+0000] {processor.py:179} INFO - Processing /home/airflow/.local/lib/python3.8/site-packages/airflow/example_dags/example_branch_operator.py took 0.074 seconds
[2023-12-03T10:05:45.807+0000] {processor.py:157} INFO - Started process (PID=2616) to work on /home/airflow/.local/lib/python3.8/site-packages/airflow/example_dags/example_branch_operator.py
[2023-12-03T10:05:45.808+0000] {processor.py:829} INFO - Processing file /home/airflow/.local/lib/python3.8/site-packages/airflow/example_dags/example_branch_operator.py for tasks to queue
[2023-12-03T10:05:45.811+0000] {logging_mixin.py:154} INFO - [2023-12-03T10:05:45.811+0000] {dagbag.py:536} INFO - Filling up the DagBag from /home/airflow/.local/lib/python3.8/site-packages/airflow/example_dags/example_branch_operator.py
[2023-12-03T10:05:45.821+0000] {processor.py:839} INFO - DAG(s) dict_keys(['example_branch_operator']) retrieved from /home/airflow/.local/lib/python3.8/site-packages/airflow/example_dags/example_branch_operator.py
[2023-12-03T10:05:45.842+0000] {logging_mixin.py:154} INFO - [2023-12-03T10:05:45.842+0000] {dag.py:2941} INFO - Sync 1 DAGs
[2023-12-03T10:05:45.864+0000] {logging_mixin.py:154} INFO - [2023-12-03T10:05:45.864+0000] {dag.py:3722} INFO - Setting next_dagrun for example_branch_operator to 2023-12-02T00:00:00+00:00, run_after=2023-12-03T00:00:00+00:00
[2023-12-03T10:05:45.881+0000] {processor.py:179} INFO - Processing /home/airflow/.local/lib/python3.8/site-packages/airflow/example_dags/example_branch_operator.py took 0.078 seconds
[2023-12-03T10:06:16.059+0000] {processor.py:157} INFO - Started process (PID=2674) to work on /home/airflow/.local/lib/python3.8/site-packages/airflow/example_dags/example_branch_operator.py
[2023-12-03T10:06:16.060+0000] {processor.py:829} INFO - Processing file /home/airflow/.local/lib/python3.8/site-packages/airflow/example_dags/example_branch_operator.py for tasks to queue
[2023-12-03T10:06:16.062+0000] {logging_mixin.py:154} INFO - [2023-12-03T10:06:16.062+0000] {dagbag.py:536} INFO - Filling up the DagBag from /home/airflow/.local/lib/python3.8/site-packages/airflow/example_dags/example_branch_operator.py
[2023-12-03T10:06:16.073+0000] {processor.py:839} INFO - DAG(s) dict_keys(['example_branch_operator']) retrieved from /home/airflow/.local/lib/python3.8/site-packages/airflow/example_dags/example_branch_operator.py
[2023-12-03T10:06:16.096+0000] {logging_mixin.py:154} INFO - [2023-12-03T10:06:16.095+0000] {dag.py:2941} INFO - Sync 1 DAGs
[2023-12-03T10:06:16.121+0000] {logging_mixin.py:154} INFO - [2023-12-03T10:06:16.121+0000] {dag.py:3722} INFO - Setting next_dagrun for example_branch_operator to 2023-12-02T00:00:00+00:00, run_after=2023-12-03T00:00:00+00:00
[2023-12-03T10:06:16.135+0000] {processor.py:179} INFO - Processing /home/airflow/.local/lib/python3.8/site-packages/airflow/example_dags/example_branch_operator.py took 0.081 seconds
[2023-12-03T10:06:46.446+0000] {processor.py:157} INFO - Started process (PID=2732) to work on /home/airflow/.local/lib/python3.8/site-packages/airflow/example_dags/example_branch_operator.py
[2023-12-03T10:06:46.446+0000] {processor.py:829} INFO - Processing file /home/airflow/.local/lib/python3.8/site-packages/airflow/example_dags/example_branch_operator.py for tasks to queue
[2023-12-03T10:06:46.449+0000] {logging_mixin.py:154} INFO - [2023-12-03T10:06:46.449+0000] {dagbag.py:536} INFO - Filling up the DagBag from /home/airflow/.local/lib/python3.8/site-packages/airflow/example_dags/example_branch_operator.py
[2023-12-03T10:06:46.457+0000] {processor.py:839} INFO - DAG(s) dict_keys(['example_branch_operator']) retrieved from /home/airflow/.local/lib/python3.8/site-packages/airflow/example_dags/example_branch_operator.py
[2023-12-03T10:06:46.477+0000] {logging_mixin.py:154} INFO - [2023-12-03T10:06:46.477+0000] {dag.py:2941} INFO - Sync 1 DAGs
[2023-12-03T10:06:46.493+0000] {logging_mixin.py:154} INFO - [2023-12-03T10:06:46.493+0000] {dag.py:3722} INFO - Setting next_dagrun for example_branch_operator to 2023-12-02T00:00:00+00:00, run_after=2023-12-03T00:00:00+00:00
[2023-12-03T10:06:46.506+0000] {processor.py:179} INFO - Processing /home/airflow/.local/lib/python3.8/site-packages/airflow/example_dags/example_branch_operator.py took 0.064 seconds
[2023-12-03T10:07:16.601+0000] {processor.py:157} INFO - Started process (PID=2790) to work on /home/airflow/.local/lib/python3.8/site-packages/airflow/example_dags/example_branch_operator.py
[2023-12-03T10:07:16.602+0000] {processor.py:829} INFO - Processing file /home/airflow/.local/lib/python3.8/site-packages/airflow/example_dags/example_branch_operator.py for tasks to queue
[2023-12-03T10:07:16.605+0000] {logging_mixin.py:154} INFO - [2023-12-03T10:07:16.605+0000] {dagbag.py:536} INFO - Filling up the DagBag from /home/airflow/.local/lib/python3.8/site-packages/airflow/example_dags/example_branch_operator.py
[2023-12-03T10:07:16.616+0000] {processor.py:839} INFO - DAG(s) dict_keys(['example_branch_operator']) retrieved from /home/airflow/.local/lib/python3.8/site-packages/airflow/example_dags/example_branch_operator.py
[2023-12-03T10:07:16.638+0000] {logging_mixin.py:154} INFO - [2023-12-03T10:07:16.638+0000] {dag.py:2941} INFO - Sync 1 DAGs
[2023-12-03T10:07:16.660+0000] {logging_mixin.py:154} INFO - [2023-12-03T10:07:16.660+0000] {dag.py:3722} INFO - Setting next_dagrun for example_branch_operator to 2023-12-02T00:00:00+00:00, run_after=2023-12-03T00:00:00+00:00
[2023-12-03T10:07:16.678+0000] {processor.py:179} INFO - Processing /home/airflow/.local/lib/python3.8/site-packages/airflow/example_dags/example_branch_operator.py took 0.081 seconds
[2023-12-03T10:07:46.980+0000] {processor.py:157} INFO - Started process (PID=2848) to work on /home/airflow/.local/lib/python3.8/site-packages/airflow/example_dags/example_branch_operator.py
[2023-12-03T10:07:46.981+0000] {processor.py:829} INFO - Processing file /home/airflow/.local/lib/python3.8/site-packages/airflow/example_dags/example_branch_operator.py for tasks to queue
[2023-12-03T10:07:46.983+0000] {logging_mixin.py:154} INFO - [2023-12-03T10:07:46.982+0000] {dagbag.py:536} INFO - Filling up the DagBag from /home/airflow/.local/lib/python3.8/site-packages/airflow/example_dags/example_branch_operator.py
[2023-12-03T10:07:46.990+0000] {processor.py:839} INFO - DAG(s) dict_keys(['example_branch_operator']) retrieved from /home/airflow/.local/lib/python3.8/site-packages/airflow/example_dags/example_branch_operator.py
[2023-12-03T10:07:47.006+0000] {logging_mixin.py:154} INFO - [2023-12-03T10:07:47.006+0000] {dag.py:2941} INFO - Sync 1 DAGs
[2023-12-03T10:07:47.021+0000] {logging_mixin.py:154} INFO - [2023-12-03T10:07:47.020+0000] {dag.py:3722} INFO - Setting next_dagrun for example_branch_operator to 2023-12-02T00:00:00+00:00, run_after=2023-12-03T00:00:00+00:00
[2023-12-03T10:07:47.032+0000] {processor.py:179} INFO - Processing /home/airflow/.local/lib/python3.8/site-packages/airflow/example_dags/example_branch_operator.py took 0.054 seconds
[2023-12-03T11:28:19.786+0000] {processor.py:157} INFO - Started process (PID=2904) to work on /home/airflow/.local/lib/python3.8/site-packages/airflow/example_dags/example_branch_operator.py
[2023-12-03T11:28:19.788+0000] {processor.py:829} INFO - Processing file /home/airflow/.local/lib/python3.8/site-packages/airflow/example_dags/example_branch_operator.py for tasks to queue
[2023-12-03T11:28:19.792+0000] {logging_mixin.py:154} INFO - [2023-12-03T11:28:19.791+0000] {dagbag.py:536} INFO - Filling up the DagBag from /home/airflow/.local/lib/python3.8/site-packages/airflow/example_dags/example_branch_operator.py
[2023-12-03T11:28:19.802+0000] {processor.py:839} INFO - DAG(s) dict_keys(['example_branch_operator']) retrieved from /home/airflow/.local/lib/python3.8/site-packages/airflow/example_dags/example_branch_operator.py
[2023-12-03T11:28:19.822+0000] {logging_mixin.py:154} INFO - [2023-12-03T11:28:19.822+0000] {dag.py:2941} INFO - Sync 1 DAGs
[2023-12-03T11:28:19.838+0000] {logging_mixin.py:154} INFO - [2023-12-03T11:28:19.838+0000] {dag.py:3722} INFO - Setting next_dagrun for example_branch_operator to 2023-12-02T00:00:00+00:00, run_after=2023-12-03T00:00:00+00:00
[2023-12-03T11:28:19.855+0000] {processor.py:179} INFO - Processing /home/airflow/.local/lib/python3.8/site-packages/airflow/example_dags/example_branch_operator.py took 0.072 seconds
[2023-12-03T12:09:29.313+0000] {processor.py:157} INFO - Started process (PID=2961) to work on /home/airflow/.local/lib/python3.8/site-packages/airflow/example_dags/example_branch_operator.py
[2023-12-03T12:09:29.315+0000] {processor.py:829} INFO - Processing file /home/airflow/.local/lib/python3.8/site-packages/airflow/example_dags/example_branch_operator.py for tasks to queue
[2023-12-03T12:09:29.317+0000] {logging_mixin.py:154} INFO - [2023-12-03T12:09:29.317+0000] {dagbag.py:536} INFO - Filling up the DagBag from /home/airflow/.local/lib/python3.8/site-packages/airflow/example_dags/example_branch_operator.py
[2023-12-03T12:09:29.326+0000] {processor.py:839} INFO - DAG(s) dict_keys(['example_branch_operator']) retrieved from /home/airflow/.local/lib/python3.8/site-packages/airflow/example_dags/example_branch_operator.py
[2023-12-03T12:09:29.349+0000] {logging_mixin.py:154} INFO - [2023-12-03T12:09:29.349+0000] {dag.py:2941} INFO - Sync 1 DAGs
[2023-12-03T12:09:29.373+0000] {logging_mixin.py:154} INFO - [2023-12-03T12:09:29.373+0000] {dag.py:3722} INFO - Setting next_dagrun for example_branch_operator to 2023-12-02T00:00:00+00:00, run_after=2023-12-03T00:00:00+00:00
[2023-12-03T12:09:29.392+0000] {processor.py:179} INFO - Processing /home/airflow/.local/lib/python3.8/site-packages/airflow/example_dags/example_branch_operator.py took 0.082 seconds
[2023-12-03T12:27:31.318+0000] {processor.py:157} INFO - Started process (PID=3019) to work on /home/airflow/.local/lib/python3.8/site-packages/airflow/example_dags/example_branch_operator.py
[2023-12-03T12:27:31.319+0000] {processor.py:829} INFO - Processing file /home/airflow/.local/lib/python3.8/site-packages/airflow/example_dags/example_branch_operator.py for tasks to queue
[2023-12-03T12:27:31.331+0000] {logging_mixin.py:154} INFO - [2023-12-03T12:27:31.330+0000] {dagbag.py:536} INFO - Filling up the DagBag from /home/airflow/.local/lib/python3.8/site-packages/airflow/example_dags/example_branch_operator.py
[2023-12-03T12:27:31.396+0000] {processor.py:839} INFO - DAG(s) dict_keys(['example_branch_operator']) retrieved from /home/airflow/.local/lib/python3.8/site-packages/airflow/example_dags/example_branch_operator.py
[2023-12-03T12:27:31.414+0000] {logging_mixin.py:154} INFO - [2023-12-03T12:27:31.414+0000] {dag.py:2941} INFO - Sync 1 DAGs
[2023-12-03T12:27:31.430+0000] {logging_mixin.py:154} INFO - [2023-12-03T12:27:31.430+0000] {dag.py:3722} INFO - Setting next_dagrun for example_branch_operator to 2023-12-02T00:00:00+00:00, run_after=2023-12-03T00:00:00+00:00
[2023-12-03T12:27:31.444+0000] {processor.py:179} INFO - Processing /home/airflow/.local/lib/python3.8/site-packages/airflow/example_dags/example_branch_operator.py took 0.129 seconds
[2023-12-03T12:44:54.487+0000] {processor.py:157} INFO - Started process (PID=3070) to work on /home/airflow/.local/lib/python3.8/site-packages/airflow/example_dags/example_branch_operator.py
[2023-12-03T12:44:54.621+0000] {processor.py:829} INFO - Processing file /home/airflow/.local/lib/python3.8/site-packages/airflow/example_dags/example_branch_operator.py for tasks to queue
[2023-12-03T12:44:54.636+0000] {logging_mixin.py:154} INFO - [2023-12-03T12:44:54.635+0000] {dagbag.py:536} INFO - Filling up the DagBag from /home/airflow/.local/lib/python3.8/site-packages/airflow/example_dags/example_branch_operator.py
[2023-12-03T12:44:54.657+0000] {processor.py:839} INFO - DAG(s) dict_keys(['example_branch_operator']) retrieved from /home/airflow/.local/lib/python3.8/site-packages/airflow/example_dags/example_branch_operator.py
[2023-12-03T12:44:54.701+0000] {logging_mixin.py:154} INFO - [2023-12-03T12:44:54.700+0000] {dag.py:2941} INFO - Sync 1 DAGs
[2023-12-03T12:44:54.746+0000] {logging_mixin.py:154} INFO - [2023-12-03T12:44:54.745+0000] {dag.py:3722} INFO - Setting next_dagrun for example_branch_operator to 2023-12-02T00:00:00+00:00, run_after=2023-12-03T00:00:00+00:00
[2023-12-03T12:44:54.781+0000] {processor.py:179} INFO - Processing /home/airflow/.local/lib/python3.8/site-packages/airflow/example_dags/example_branch_operator.py took 0.297 seconds
[2023-12-03T13:35:10.346+0000] {processor.py:157} INFO - Started process (PID=3128) to work on /home/airflow/.local/lib/python3.8/site-packages/airflow/example_dags/example_branch_operator.py
[2023-12-03T13:35:10.348+0000] {processor.py:829} INFO - Processing file /home/airflow/.local/lib/python3.8/site-packages/airflow/example_dags/example_branch_operator.py for tasks to queue
[2023-12-03T13:35:10.350+0000] {logging_mixin.py:154} INFO - [2023-12-03T13:35:10.350+0000] {dagbag.py:536} INFO - Filling up the DagBag from /home/airflow/.local/lib/python3.8/site-packages/airflow/example_dags/example_branch_operator.py
[2023-12-03T13:35:10.359+0000] {processor.py:839} INFO - DAG(s) dict_keys(['example_branch_operator']) retrieved from /home/airflow/.local/lib/python3.8/site-packages/airflow/example_dags/example_branch_operator.py
[2023-12-03T13:35:10.382+0000] {logging_mixin.py:154} INFO - [2023-12-03T13:35:10.382+0000] {dag.py:2941} INFO - Sync 1 DAGs
[2023-12-03T13:35:10.410+0000] {logging_mixin.py:154} INFO - [2023-12-03T13:35:10.410+0000] {dag.py:3722} INFO - Setting next_dagrun for example_branch_operator to 2023-12-02T00:00:00+00:00, run_after=2023-12-03T00:00:00+00:00
[2023-12-03T13:35:10.435+0000] {processor.py:179} INFO - Processing /home/airflow/.local/lib/python3.8/site-packages/airflow/example_dags/example_branch_operator.py took 0.092 seconds
[2023-12-03T14:27:23.972+0000] {processor.py:157} INFO - Started process (PID=3186) to work on /home/airflow/.local/lib/python3.8/site-packages/airflow/example_dags/example_branch_operator.py
[2023-12-03T14:27:23.973+0000] {processor.py:829} INFO - Processing file /home/airflow/.local/lib/python3.8/site-packages/airflow/example_dags/example_branch_operator.py for tasks to queue
[2023-12-03T14:27:23.982+0000] {logging_mixin.py:154} INFO - [2023-12-03T14:27:23.981+0000] {dagbag.py:536} INFO - Filling up the DagBag from /home/airflow/.local/lib/python3.8/site-packages/airflow/example_dags/example_branch_operator.py
[2023-12-03T14:27:23.994+0000] {processor.py:839} INFO - DAG(s) dict_keys(['example_branch_operator']) retrieved from /home/airflow/.local/lib/python3.8/site-packages/airflow/example_dags/example_branch_operator.py
[2023-12-03T14:27:24.037+0000] {logging_mixin.py:154} INFO - [2023-12-03T14:27:24.036+0000] {dag.py:2941} INFO - Sync 1 DAGs
[2023-12-03T14:27:24.074+0000] {logging_mixin.py:154} INFO - [2023-12-03T14:27:24.074+0000] {dag.py:3722} INFO - Setting next_dagrun for example_branch_operator to 2023-12-02T00:00:00+00:00, run_after=2023-12-03T00:00:00+00:00
[2023-12-03T14:27:24.095+0000] {processor.py:179} INFO - Processing /home/airflow/.local/lib/python3.8/site-packages/airflow/example_dags/example_branch_operator.py took 0.128 seconds
[2023-12-03T15:18:32.821+0000] {processor.py:157} INFO - Started process (PID=3244) to work on /home/airflow/.local/lib/python3.8/site-packages/airflow/example_dags/example_branch_operator.py
[2023-12-03T15:18:32.822+0000] {processor.py:829} INFO - Processing file /home/airflow/.local/lib/python3.8/site-packages/airflow/example_dags/example_branch_operator.py for tasks to queue
[2023-12-03T15:18:32.825+0000] {logging_mixin.py:154} INFO - [2023-12-03T15:18:32.825+0000] {dagbag.py:536} INFO - Filling up the DagBag from /home/airflow/.local/lib/python3.8/site-packages/airflow/example_dags/example_branch_operator.py
[2023-12-03T15:18:32.834+0000] {processor.py:839} INFO - DAG(s) dict_keys(['example_branch_operator']) retrieved from /home/airflow/.local/lib/python3.8/site-packages/airflow/example_dags/example_branch_operator.py
[2023-12-03T15:18:32.854+0000] {logging_mixin.py:154} INFO - [2023-12-03T15:18:32.854+0000] {dag.py:2941} INFO - Sync 1 DAGs
[2023-12-03T15:18:32.871+0000] {logging_mixin.py:154} INFO - [2023-12-03T15:18:32.871+0000] {dag.py:3722} INFO - Setting next_dagrun for example_branch_operator to 2023-12-02T00:00:00+00:00, run_after=2023-12-03T00:00:00+00:00
[2023-12-03T15:18:32.885+0000] {processor.py:179} INFO - Processing /home/airflow/.local/lib/python3.8/site-packages/airflow/example_dags/example_branch_operator.py took 0.068 seconds
[2023-12-03T16:07:32.854+0000] {processor.py:157} INFO - Started process (PID=3309) to work on /home/airflow/.local/lib/python3.8/site-packages/airflow/example_dags/example_branch_operator.py
[2023-12-03T16:07:32.862+0000] {processor.py:829} INFO - Processing file /home/airflow/.local/lib/python3.8/site-packages/airflow/example_dags/example_branch_operator.py for tasks to queue
[2023-12-03T16:07:32.873+0000] {logging_mixin.py:154} INFO - [2023-12-03T16:07:32.872+0000] {dagbag.py:536} INFO - Filling up the DagBag from /home/airflow/.local/lib/python3.8/site-packages/airflow/example_dags/example_branch_operator.py
[2023-12-03T16:07:32.914+0000] {processor.py:839} INFO - DAG(s) dict_keys(['example_branch_operator']) retrieved from /home/airflow/.local/lib/python3.8/site-packages/airflow/example_dags/example_branch_operator.py
[2023-12-03T16:07:32.998+0000] {logging_mixin.py:154} INFO - [2023-12-03T16:07:32.998+0000] {dag.py:2941} INFO - Sync 1 DAGs
[2023-12-03T16:07:33.029+0000] {logging_mixin.py:154} INFO - [2023-12-03T16:07:33.028+0000] {dag.py:3722} INFO - Setting next_dagrun for example_branch_operator to 2023-12-02T00:00:00+00:00, run_after=2023-12-03T00:00:00+00:00
[2023-12-03T16:07:33.056+0000] {processor.py:179} INFO - Processing /home/airflow/.local/lib/python3.8/site-packages/airflow/example_dags/example_branch_operator.py took 0.216 seconds
[2023-12-03T16:58:03.949+0000] {processor.py:157} INFO - Started process (PID=3360) to work on /home/airflow/.local/lib/python3.8/site-packages/airflow/example_dags/example_branch_operator.py
[2023-12-03T16:58:03.950+0000] {processor.py:829} INFO - Processing file /home/airflow/.local/lib/python3.8/site-packages/airflow/example_dags/example_branch_operator.py for tasks to queue
[2023-12-03T16:58:03.952+0000] {logging_mixin.py:154} INFO - [2023-12-03T16:58:03.952+0000] {dagbag.py:536} INFO - Filling up the DagBag from /home/airflow/.local/lib/python3.8/site-packages/airflow/example_dags/example_branch_operator.py
[2023-12-03T16:58:03.959+0000] {processor.py:839} INFO - DAG(s) dict_keys(['example_branch_operator']) retrieved from /home/airflow/.local/lib/python3.8/site-packages/airflow/example_dags/example_branch_operator.py
[2023-12-03T16:58:03.974+0000] {logging_mixin.py:154} INFO - [2023-12-03T16:58:03.974+0000] {dag.py:2941} INFO - Sync 1 DAGs
[2023-12-03T16:58:03.989+0000] {logging_mixin.py:154} INFO - [2023-12-03T16:58:03.989+0000] {dag.py:3722} INFO - Setting next_dagrun for example_branch_operator to 2023-12-02T00:00:00+00:00, run_after=2023-12-03T00:00:00+00:00
[2023-12-03T16:58:03.999+0000] {processor.py:179} INFO - Processing /home/airflow/.local/lib/python3.8/site-packages/airflow/example_dags/example_branch_operator.py took 0.053 seconds
[2023-12-03T17:46:22.069+0000] {processor.py:157} INFO - Started process (PID=3425) to work on /home/airflow/.local/lib/python3.8/site-packages/airflow/example_dags/example_branch_operator.py
[2023-12-03T17:46:22.079+0000] {processor.py:829} INFO - Processing file /home/airflow/.local/lib/python3.8/site-packages/airflow/example_dags/example_branch_operator.py for tasks to queue
[2023-12-03T17:46:22.099+0000] {logging_mixin.py:154} INFO - [2023-12-03T17:46:22.098+0000] {dagbag.py:536} INFO - Filling up the DagBag from /home/airflow/.local/lib/python3.8/site-packages/airflow/example_dags/example_branch_operator.py
[2023-12-03T17:46:22.115+0000] {processor.py:839} INFO - DAG(s) dict_keys(['example_branch_operator']) retrieved from /home/airflow/.local/lib/python3.8/site-packages/airflow/example_dags/example_branch_operator.py
[2023-12-03T17:46:22.141+0000] {logging_mixin.py:154} INFO - [2023-12-03T17:46:22.141+0000] {dag.py:2941} INFO - Sync 1 DAGs
[2023-12-03T17:46:22.157+0000] {logging_mixin.py:154} INFO - [2023-12-03T17:46:22.157+0000] {dag.py:3722} INFO - Setting next_dagrun for example_branch_operator to 2023-12-02T00:00:00+00:00, run_after=2023-12-03T00:00:00+00:00
[2023-12-03T17:46:22.175+0000] {processor.py:179} INFO - Processing /home/airflow/.local/lib/python3.8/site-packages/airflow/example_dags/example_branch_operator.py took 0.112 seconds
[2023-12-03T18:33:41.794+0000] {processor.py:157} INFO - Started process (PID=3476) to work on /home/airflow/.local/lib/python3.8/site-packages/airflow/example_dags/example_branch_operator.py
[2023-12-03T18:33:41.796+0000] {processor.py:829} INFO - Processing file /home/airflow/.local/lib/python3.8/site-packages/airflow/example_dags/example_branch_operator.py for tasks to queue
[2023-12-03T18:33:41.798+0000] {logging_mixin.py:154} INFO - [2023-12-03T18:33:41.798+0000] {dagbag.py:536} INFO - Filling up the DagBag from /home/airflow/.local/lib/python3.8/site-packages/airflow/example_dags/example_branch_operator.py
[2023-12-03T18:33:41.808+0000] {processor.py:839} INFO - DAG(s) dict_keys(['example_branch_operator']) retrieved from /home/airflow/.local/lib/python3.8/site-packages/airflow/example_dags/example_branch_operator.py
[2023-12-03T18:33:41.831+0000] {logging_mixin.py:154} INFO - [2023-12-03T18:33:41.830+0000] {dag.py:2941} INFO - Sync 1 DAGs
[2023-12-03T18:33:41.848+0000] {logging_mixin.py:154} INFO - [2023-12-03T18:33:41.848+0000] {dag.py:3722} INFO - Setting next_dagrun for example_branch_operator to 2023-12-02T00:00:00+00:00, run_after=2023-12-03T00:00:00+00:00
[2023-12-03T18:33:41.861+0000] {processor.py:179} INFO - Processing /home/airflow/.local/lib/python3.8/site-packages/airflow/example_dags/example_branch_operator.py took 0.071 seconds
[2023-12-03T19:06:26.237+0000] {processor.py:157} INFO - Started process (PID=3534) to work on /home/airflow/.local/lib/python3.8/site-packages/airflow/example_dags/example_branch_operator.py
[2023-12-03T19:06:26.240+0000] {processor.py:829} INFO - Processing file /home/airflow/.local/lib/python3.8/site-packages/airflow/example_dags/example_branch_operator.py for tasks to queue
[2023-12-03T19:06:26.245+0000] {logging_mixin.py:154} INFO - [2023-12-03T19:06:26.245+0000] {dagbag.py:536} INFO - Filling up the DagBag from /home/airflow/.local/lib/python3.8/site-packages/airflow/example_dags/example_branch_operator.py
[2023-12-03T19:06:26.262+0000] {processor.py:839} INFO - DAG(s) dict_keys(['example_branch_operator']) retrieved from /home/airflow/.local/lib/python3.8/site-packages/airflow/example_dags/example_branch_operator.py
[2023-12-03T19:06:26.283+0000] {logging_mixin.py:154} INFO - [2023-12-03T19:06:26.283+0000] {dag.py:2941} INFO - Sync 1 DAGs
[2023-12-03T19:06:26.300+0000] {logging_mixin.py:154} INFO - [2023-12-03T19:06:26.300+0000] {dag.py:3722} INFO - Setting next_dagrun for example_branch_operator to 2023-12-02T00:00:00+00:00, run_after=2023-12-03T00:00:00+00:00
[2023-12-03T19:06:26.314+0000] {processor.py:179} INFO - Processing /home/airflow/.local/lib/python3.8/site-packages/airflow/example_dags/example_branch_operator.py took 0.083 seconds
[2023-12-03T19:22:01.514+0000] {processor.py:157} INFO - Started process (PID=3592) to work on /home/airflow/.local/lib/python3.8/site-packages/airflow/example_dags/example_branch_operator.py
[2023-12-03T19:22:01.516+0000] {processor.py:829} INFO - Processing file /home/airflow/.local/lib/python3.8/site-packages/airflow/example_dags/example_branch_operator.py for tasks to queue
[2023-12-03T19:22:01.518+0000] {logging_mixin.py:154} INFO - [2023-12-03T19:22:01.518+0000] {dagbag.py:536} INFO - Filling up the DagBag from /home/airflow/.local/lib/python3.8/site-packages/airflow/example_dags/example_branch_operator.py
[2023-12-03T19:22:01.527+0000] {processor.py:839} INFO - DAG(s) dict_keys(['example_branch_operator']) retrieved from /home/airflow/.local/lib/python3.8/site-packages/airflow/example_dags/example_branch_operator.py
[2023-12-03T19:22:01.545+0000] {logging_mixin.py:154} INFO - [2023-12-03T19:22:01.545+0000] {dag.py:2941} INFO - Sync 1 DAGs
[2023-12-03T19:22:01.563+0000] {logging_mixin.py:154} INFO - [2023-12-03T19:22:01.563+0000] {dag.py:3722} INFO - Setting next_dagrun for example_branch_operator to 2023-12-02T00:00:00+00:00, run_after=2023-12-03T00:00:00+00:00
[2023-12-03T19:22:01.578+0000] {processor.py:179} INFO - Processing /home/airflow/.local/lib/python3.8/site-packages/airflow/example_dags/example_branch_operator.py took 0.066 seconds
[2023-12-03T20:11:32.995+0000] {processor.py:157} INFO - Started process (PID=3649) to work on /home/airflow/.local/lib/python3.8/site-packages/airflow/example_dags/example_branch_operator.py
[2023-12-03T20:11:32.996+0000] {processor.py:829} INFO - Processing file /home/airflow/.local/lib/python3.8/site-packages/airflow/example_dags/example_branch_operator.py for tasks to queue
[2023-12-03T20:11:32.999+0000] {logging_mixin.py:154} INFO - [2023-12-03T20:11:32.998+0000] {dagbag.py:536} INFO - Filling up the DagBag from /home/airflow/.local/lib/python3.8/site-packages/airflow/example_dags/example_branch_operator.py
[2023-12-03T20:11:33.006+0000] {processor.py:839} INFO - DAG(s) dict_keys(['example_branch_operator']) retrieved from /home/airflow/.local/lib/python3.8/site-packages/airflow/example_dags/example_branch_operator.py
[2023-12-03T20:11:33.025+0000] {logging_mixin.py:154} INFO - [2023-12-03T20:11:33.025+0000] {dag.py:2941} INFO - Sync 1 DAGs
[2023-12-03T20:11:33.042+0000] {logging_mixin.py:154} INFO - [2023-12-03T20:11:33.042+0000] {dag.py:3722} INFO - Setting next_dagrun for example_branch_operator to 2023-12-02T00:00:00+00:00, run_after=2023-12-03T00:00:00+00:00
[2023-12-03T20:11:33.058+0000] {processor.py:179} INFO - Processing /home/airflow/.local/lib/python3.8/site-packages/airflow/example_dags/example_branch_operator.py took 0.066 seconds
[2023-12-03T21:36:33.210+0000] {processor.py:157} INFO - Started process (PID=3707) to work on /home/airflow/.local/lib/python3.8/site-packages/airflow/example_dags/example_branch_operator.py
[2023-12-03T21:36:33.212+0000] {processor.py:829} INFO - Processing file /home/airflow/.local/lib/python3.8/site-packages/airflow/example_dags/example_branch_operator.py for tasks to queue
[2023-12-03T21:36:33.214+0000] {logging_mixin.py:154} INFO - [2023-12-03T21:36:33.214+0000] {dagbag.py:536} INFO - Filling up the DagBag from /home/airflow/.local/lib/python3.8/site-packages/airflow/example_dags/example_branch_operator.py
[2023-12-03T21:36:33.223+0000] {processor.py:839} INFO - DAG(s) dict_keys(['example_branch_operator']) retrieved from /home/airflow/.local/lib/python3.8/site-packages/airflow/example_dags/example_branch_operator.py
[2023-12-03T21:36:33.243+0000] {logging_mixin.py:154} INFO - [2023-12-03T21:36:33.242+0000] {dag.py:2941} INFO - Sync 1 DAGs
[2023-12-03T21:36:33.258+0000] {logging_mixin.py:154} INFO - [2023-12-03T21:36:33.258+0000] {dag.py:3722} INFO - Setting next_dagrun for example_branch_operator to 2023-12-02T00:00:00+00:00, run_after=2023-12-03T00:00:00+00:00
[2023-12-03T21:36:33.272+0000] {processor.py:179} INFO - Processing /home/airflow/.local/lib/python3.8/site-packages/airflow/example_dags/example_branch_operator.py took 0.065 seconds
[2023-12-03T22:57:31.207+0000] {processor.py:157} INFO - Started process (PID=3765) to work on /home/airflow/.local/lib/python3.8/site-packages/airflow/example_dags/example_branch_operator.py
[2023-12-03T22:57:31.209+0000] {processor.py:829} INFO - Processing file /home/airflow/.local/lib/python3.8/site-packages/airflow/example_dags/example_branch_operator.py for tasks to queue
[2023-12-03T22:57:31.214+0000] {logging_mixin.py:154} INFO - [2023-12-03T22:57:31.214+0000] {dagbag.py:536} INFO - Filling up the DagBag from /home/airflow/.local/lib/python3.8/site-packages/airflow/example_dags/example_branch_operator.py
[2023-12-03T22:57:31.225+0000] {processor.py:839} INFO - DAG(s) dict_keys(['example_branch_operator']) retrieved from /home/airflow/.local/lib/python3.8/site-packages/airflow/example_dags/example_branch_operator.py
[2023-12-03T22:57:31.257+0000] {logging_mixin.py:154} INFO - [2023-12-03T22:57:31.257+0000] {dag.py:2941} INFO - Sync 1 DAGs
[2023-12-03T22:57:31.284+0000] {logging_mixin.py:154} INFO - [2023-12-03T22:57:31.284+0000] {dag.py:3722} INFO - Setting next_dagrun for example_branch_operator to 2023-12-02T00:00:00+00:00, run_after=2023-12-03T00:00:00+00:00
[2023-12-03T22:57:31.299+0000] {processor.py:179} INFO - Processing /home/airflow/.local/lib/python3.8/site-packages/airflow/example_dags/example_branch_operator.py took 0.097 seconds
[2023-12-03T23:13:10.086+0000] {processor.py:157} INFO - Started process (PID=3823) to work on /home/airflow/.local/lib/python3.8/site-packages/airflow/example_dags/example_branch_operator.py
[2023-12-03T23:13:10.087+0000] {processor.py:829} INFO - Processing file /home/airflow/.local/lib/python3.8/site-packages/airflow/example_dags/example_branch_operator.py for tasks to queue
[2023-12-03T23:13:10.089+0000] {logging_mixin.py:154} INFO - [2023-12-03T23:13:10.089+0000] {dagbag.py:536} INFO - Filling up the DagBag from /home/airflow/.local/lib/python3.8/site-packages/airflow/example_dags/example_branch_operator.py
[2023-12-03T23:13:10.097+0000] {processor.py:839} INFO - DAG(s) dict_keys(['example_branch_operator']) retrieved from /home/airflow/.local/lib/python3.8/site-packages/airflow/example_dags/example_branch_operator.py
[2023-12-03T23:13:10.114+0000] {logging_mixin.py:154} INFO - [2023-12-03T23:13:10.114+0000] {dag.py:2941} INFO - Sync 1 DAGs
[2023-12-03T23:13:10.132+0000] {logging_mixin.py:154} INFO - [2023-12-03T23:13:10.131+0000] {dag.py:3722} INFO - Setting next_dagrun for example_branch_operator to 2023-12-02T00:00:00+00:00, run_after=2023-12-03T00:00:00+00:00
[2023-12-03T23:13:10.168+0000] {processor.py:179} INFO - Processing /home/airflow/.local/lib/python3.8/site-packages/airflow/example_dags/example_branch_operator.py took 0.084 seconds
[2023-12-03T23:22:18.257+0000] {processor.py:157} INFO - Started process (PID=3881) to work on /home/airflow/.local/lib/python3.8/site-packages/airflow/example_dags/example_branch_operator.py
[2023-12-03T23:22:18.259+0000] {processor.py:829} INFO - Processing file /home/airflow/.local/lib/python3.8/site-packages/airflow/example_dags/example_branch_operator.py for tasks to queue
[2023-12-03T23:22:18.262+0000] {logging_mixin.py:154} INFO - [2023-12-03T23:22:18.262+0000] {dagbag.py:536} INFO - Filling up the DagBag from /home/airflow/.local/lib/python3.8/site-packages/airflow/example_dags/example_branch_operator.py
[2023-12-03T23:22:18.274+0000] {processor.py:839} INFO - DAG(s) dict_keys(['example_branch_operator']) retrieved from /home/airflow/.local/lib/python3.8/site-packages/airflow/example_dags/example_branch_operator.py
[2023-12-03T23:22:18.307+0000] {logging_mixin.py:154} INFO - [2023-12-03T23:22:18.306+0000] {dag.py:2941} INFO - Sync 1 DAGs
[2023-12-03T23:22:18.331+0000] {logging_mixin.py:154} INFO - [2023-12-03T23:22:18.330+0000] {dag.py:3722} INFO - Setting next_dagrun for example_branch_operator to 2023-12-02T00:00:00+00:00, run_after=2023-12-03T00:00:00+00:00
[2023-12-03T23:22:18.351+0000] {processor.py:179} INFO - Processing /home/airflow/.local/lib/python3.8/site-packages/airflow/example_dags/example_branch_operator.py took 0.097 seconds
