[2023-12-03T09:43:24.683+0000] {processor.py:157} INFO - Started process (PID=73) to work on /home/airflow/.local/lib/python3.8/site-packages/airflow/example_dags/example_latest_only.py
[2023-12-03T09:43:24.684+0000] {processor.py:829} INFO - Processing file /home/airflow/.local/lib/python3.8/site-packages/airflow/example_dags/example_latest_only.py for tasks to queue
[2023-12-03T09:43:24.689+0000] {logging_mixin.py:154} INFO - [2023-12-03T09:43:24.688+0000] {dagbag.py:536} INFO - Filling up the DagBag from /home/airflow/.local/lib/python3.8/site-packages/airflow/example_dags/example_latest_only.py
[2023-12-03T09:43:24.696+0000] {processor.py:839} INFO - DAG(s) dict_keys(['latest_only']) retrieved from /home/airflow/.local/lib/python3.8/site-packages/airflow/example_dags/example_latest_only.py
[2023-12-03T09:43:24.711+0000] {logging_mixin.py:154} INFO - [2023-12-03T09:43:24.711+0000] {dag.py:2941} INFO - Sync 1 DAGs
[2023-12-03T09:43:24.738+0000] {logging_mixin.py:154} INFO - [2023-12-03T09:43:24.738+0000] {dag.py:3722} INFO - Setting next_dagrun for latest_only to 2023-12-03T05:43:24.737752+00:00, run_after=2023-12-03T09:43:24.737752+00:00
[2023-12-03T09:43:24.759+0000] {processor.py:179} INFO - Processing /home/airflow/.local/lib/python3.8/site-packages/airflow/example_dags/example_latest_only.py took 0.080 seconds
[2023-12-03T09:43:55.427+0000] {processor.py:157} INFO - Started process (PID=131) to work on /home/airflow/.local/lib/python3.8/site-packages/airflow/example_dags/example_latest_only.py
[2023-12-03T09:43:55.429+0000] {processor.py:829} INFO - Processing file /home/airflow/.local/lib/python3.8/site-packages/airflow/example_dags/example_latest_only.py for tasks to queue
[2023-12-03T09:43:55.431+0000] {logging_mixin.py:154} INFO - [2023-12-03T09:43:55.431+0000] {dagbag.py:536} INFO - Filling up the DagBag from /home/airflow/.local/lib/python3.8/site-packages/airflow/example_dags/example_latest_only.py
[2023-12-03T09:43:55.437+0000] {processor.py:839} INFO - DAG(s) dict_keys(['latest_only']) retrieved from /home/airflow/.local/lib/python3.8/site-packages/airflow/example_dags/example_latest_only.py
[2023-12-03T09:43:55.461+0000] {logging_mixin.py:154} INFO - [2023-12-03T09:43:55.461+0000] {dag.py:2941} INFO - Sync 1 DAGs
[2023-12-03T09:43:55.483+0000] {logging_mixin.py:154} INFO - [2023-12-03T09:43:55.483+0000] {dag.py:3722} INFO - Setting next_dagrun for latest_only to 2023-12-03T05:43:55.483298+00:00, run_after=2023-12-03T09:43:55.483298+00:00
[2023-12-03T09:43:55.499+0000] {processor.py:179} INFO - Processing /home/airflow/.local/lib/python3.8/site-packages/airflow/example_dags/example_latest_only.py took 0.077 seconds
[2023-12-03T09:44:26.104+0000] {processor.py:157} INFO - Started process (PID=188) to work on /home/airflow/.local/lib/python3.8/site-packages/airflow/example_dags/example_latest_only.py
[2023-12-03T09:44:26.105+0000] {processor.py:829} INFO - Processing file /home/airflow/.local/lib/python3.8/site-packages/airflow/example_dags/example_latest_only.py for tasks to queue
[2023-12-03T09:44:26.108+0000] {logging_mixin.py:154} INFO - [2023-12-03T09:44:26.107+0000] {dagbag.py:536} INFO - Filling up the DagBag from /home/airflow/.local/lib/python3.8/site-packages/airflow/example_dags/example_latest_only.py
[2023-12-03T09:44:26.113+0000] {processor.py:839} INFO - DAG(s) dict_keys(['latest_only']) retrieved from /home/airflow/.local/lib/python3.8/site-packages/airflow/example_dags/example_latest_only.py
[2023-12-03T09:44:26.133+0000] {logging_mixin.py:154} INFO - [2023-12-03T09:44:26.133+0000] {dag.py:2941} INFO - Sync 1 DAGs
[2023-12-03T09:44:26.153+0000] {logging_mixin.py:154} INFO - [2023-12-03T09:44:26.153+0000] {dag.py:3722} INFO - Setting next_dagrun for latest_only to 2023-12-03T05:44:26.152847+00:00, run_after=2023-12-03T09:44:26.152847+00:00
[2023-12-03T09:44:26.169+0000] {processor.py:179} INFO - Processing /home/airflow/.local/lib/python3.8/site-packages/airflow/example_dags/example_latest_only.py took 0.069 seconds
[2023-12-03T09:44:57.291+0000] {processor.py:157} INFO - Started process (PID=246) to work on /home/airflow/.local/lib/python3.8/site-packages/airflow/example_dags/example_latest_only.py
[2023-12-03T09:44:57.292+0000] {processor.py:829} INFO - Processing file /home/airflow/.local/lib/python3.8/site-packages/airflow/example_dags/example_latest_only.py for tasks to queue
[2023-12-03T09:44:57.295+0000] {logging_mixin.py:154} INFO - [2023-12-03T09:44:57.295+0000] {dagbag.py:536} INFO - Filling up the DagBag from /home/airflow/.local/lib/python3.8/site-packages/airflow/example_dags/example_latest_only.py
[2023-12-03T09:44:57.300+0000] {processor.py:839} INFO - DAG(s) dict_keys(['latest_only']) retrieved from /home/airflow/.local/lib/python3.8/site-packages/airflow/example_dags/example_latest_only.py
[2023-12-03T09:44:57.324+0000] {logging_mixin.py:154} INFO - [2023-12-03T09:44:57.324+0000] {dag.py:2941} INFO - Sync 1 DAGs
[2023-12-03T09:44:57.350+0000] {logging_mixin.py:154} INFO - [2023-12-03T09:44:57.350+0000] {dag.py:3722} INFO - Setting next_dagrun for latest_only to 2023-12-03T05:44:57.350307+00:00, run_after=2023-12-03T09:44:57.350307+00:00
[2023-12-03T09:44:57.371+0000] {processor.py:179} INFO - Processing /home/airflow/.local/lib/python3.8/site-packages/airflow/example_dags/example_latest_only.py took 0.084 seconds
[2023-12-03T09:45:28.694+0000] {processor.py:157} INFO - Started process (PID=303) to work on /home/airflow/.local/lib/python3.8/site-packages/airflow/example_dags/example_latest_only.py
[2023-12-03T09:45:28.696+0000] {processor.py:829} INFO - Processing file /home/airflow/.local/lib/python3.8/site-packages/airflow/example_dags/example_latest_only.py for tasks to queue
[2023-12-03T09:45:28.700+0000] {logging_mixin.py:154} INFO - [2023-12-03T09:45:28.699+0000] {dagbag.py:536} INFO - Filling up the DagBag from /home/airflow/.local/lib/python3.8/site-packages/airflow/example_dags/example_latest_only.py
[2023-12-03T09:45:28.711+0000] {processor.py:839} INFO - DAG(s) dict_keys(['latest_only']) retrieved from /home/airflow/.local/lib/python3.8/site-packages/airflow/example_dags/example_latest_only.py
[2023-12-03T09:45:28.738+0000] {logging_mixin.py:154} INFO - [2023-12-03T09:45:28.737+0000] {dag.py:2941} INFO - Sync 1 DAGs
[2023-12-03T09:45:28.771+0000] {logging_mixin.py:154} INFO - [2023-12-03T09:45:28.771+0000] {dag.py:3722} INFO - Setting next_dagrun for latest_only to 2023-12-03T05:45:28.771026+00:00, run_after=2023-12-03T09:45:28.771026+00:00
[2023-12-03T09:45:28.798+0000] {processor.py:179} INFO - Processing /home/airflow/.local/lib/python3.8/site-packages/airflow/example_dags/example_latest_only.py took 0.109 seconds
[2023-12-03T09:45:59.467+0000] {processor.py:157} INFO - Started process (PID=363) to work on /home/airflow/.local/lib/python3.8/site-packages/airflow/example_dags/example_latest_only.py
[2023-12-03T09:45:59.468+0000] {processor.py:829} INFO - Processing file /home/airflow/.local/lib/python3.8/site-packages/airflow/example_dags/example_latest_only.py for tasks to queue
[2023-12-03T09:45:59.471+0000] {logging_mixin.py:154} INFO - [2023-12-03T09:45:59.470+0000] {dagbag.py:536} INFO - Filling up the DagBag from /home/airflow/.local/lib/python3.8/site-packages/airflow/example_dags/example_latest_only.py
[2023-12-03T09:45:59.476+0000] {processor.py:839} INFO - DAG(s) dict_keys(['latest_only']) retrieved from /home/airflow/.local/lib/python3.8/site-packages/airflow/example_dags/example_latest_only.py
[2023-12-03T09:45:59.495+0000] {logging_mixin.py:154} INFO - [2023-12-03T09:45:59.495+0000] {dag.py:2941} INFO - Sync 1 DAGs
[2023-12-03T09:45:59.515+0000] {logging_mixin.py:154} INFO - [2023-12-03T09:45:59.515+0000] {dag.py:3722} INFO - Setting next_dagrun for latest_only to 2023-12-03T05:45:59.514886+00:00, run_after=2023-12-03T09:45:59.514886+00:00
[2023-12-03T09:45:59.531+0000] {processor.py:179} INFO - Processing /home/airflow/.local/lib/python3.8/site-packages/airflow/example_dags/example_latest_only.py took 0.068 seconds
[2023-12-03T09:46:30.266+0000] {processor.py:157} INFO - Started process (PID=421) to work on /home/airflow/.local/lib/python3.8/site-packages/airflow/example_dags/example_latest_only.py
[2023-12-03T09:46:30.268+0000] {processor.py:829} INFO - Processing file /home/airflow/.local/lib/python3.8/site-packages/airflow/example_dags/example_latest_only.py for tasks to queue
[2023-12-03T09:46:30.270+0000] {logging_mixin.py:154} INFO - [2023-12-03T09:46:30.270+0000] {dagbag.py:536} INFO - Filling up the DagBag from /home/airflow/.local/lib/python3.8/site-packages/airflow/example_dags/example_latest_only.py
[2023-12-03T09:46:30.278+0000] {processor.py:839} INFO - DAG(s) dict_keys(['latest_only']) retrieved from /home/airflow/.local/lib/python3.8/site-packages/airflow/example_dags/example_latest_only.py
[2023-12-03T09:46:30.304+0000] {logging_mixin.py:154} INFO - [2023-12-03T09:46:30.304+0000] {dag.py:2941} INFO - Sync 1 DAGs
[2023-12-03T09:46:30.329+0000] {logging_mixin.py:154} INFO - [2023-12-03T09:46:30.328+0000] {dag.py:3722} INFO - Setting next_dagrun for latest_only to 2023-12-03T05:46:30.328478+00:00, run_after=2023-12-03T09:46:30.328478+00:00
[2023-12-03T09:46:30.353+0000] {processor.py:179} INFO - Processing /home/airflow/.local/lib/python3.8/site-packages/airflow/example_dags/example_latest_only.py took 0.092 seconds
[2023-12-03T09:47:00.681+0000] {processor.py:157} INFO - Started process (PID=479) to work on /home/airflow/.local/lib/python3.8/site-packages/airflow/example_dags/example_latest_only.py
[2023-12-03T09:47:00.682+0000] {processor.py:829} INFO - Processing file /home/airflow/.local/lib/python3.8/site-packages/airflow/example_dags/example_latest_only.py for tasks to queue
[2023-12-03T09:47:00.684+0000] {logging_mixin.py:154} INFO - [2023-12-03T09:47:00.684+0000] {dagbag.py:536} INFO - Filling up the DagBag from /home/airflow/.local/lib/python3.8/site-packages/airflow/example_dags/example_latest_only.py
[2023-12-03T09:47:00.692+0000] {processor.py:839} INFO - DAG(s) dict_keys(['latest_only']) retrieved from /home/airflow/.local/lib/python3.8/site-packages/airflow/example_dags/example_latest_only.py
[2023-12-03T09:47:00.715+0000] {logging_mixin.py:154} INFO - [2023-12-03T09:47:00.715+0000] {dag.py:2941} INFO - Sync 1 DAGs
[2023-12-03T09:47:00.740+0000] {logging_mixin.py:154} INFO - [2023-12-03T09:47:00.739+0000] {dag.py:3722} INFO - Setting next_dagrun for latest_only to 2023-12-03T05:47:00.739668+00:00, run_after=2023-12-03T09:47:00.739668+00:00
[2023-12-03T09:47:00.756+0000] {processor.py:179} INFO - Processing /home/airflow/.local/lib/python3.8/site-packages/airflow/example_dags/example_latest_only.py took 0.078 seconds
[2023-12-03T09:47:31.402+0000] {processor.py:157} INFO - Started process (PID=537) to work on /home/airflow/.local/lib/python3.8/site-packages/airflow/example_dags/example_latest_only.py
[2023-12-03T09:47:31.403+0000] {processor.py:829} INFO - Processing file /home/airflow/.local/lib/python3.8/site-packages/airflow/example_dags/example_latest_only.py for tasks to queue
[2023-12-03T09:47:31.406+0000] {logging_mixin.py:154} INFO - [2023-12-03T09:47:31.406+0000] {dagbag.py:536} INFO - Filling up the DagBag from /home/airflow/.local/lib/python3.8/site-packages/airflow/example_dags/example_latest_only.py
[2023-12-03T09:47:31.414+0000] {processor.py:839} INFO - DAG(s) dict_keys(['latest_only']) retrieved from /home/airflow/.local/lib/python3.8/site-packages/airflow/example_dags/example_latest_only.py
[2023-12-03T09:47:31.444+0000] {logging_mixin.py:154} INFO - [2023-12-03T09:47:31.443+0000] {dag.py:2941} INFO - Sync 1 DAGs
[2023-12-03T09:47:31.477+0000] {logging_mixin.py:154} INFO - [2023-12-03T09:47:31.476+0000] {dag.py:3722} INFO - Setting next_dagrun for latest_only to 2023-12-03T05:47:31.476299+00:00, run_after=2023-12-03T09:47:31.476299+00:00
[2023-12-03T09:47:31.504+0000] {processor.py:179} INFO - Processing /home/airflow/.local/lib/python3.8/site-packages/airflow/example_dags/example_latest_only.py took 0.107 seconds
[2023-12-03T09:48:02.673+0000] {processor.py:157} INFO - Started process (PID=595) to work on /home/airflow/.local/lib/python3.8/site-packages/airflow/example_dags/example_latest_only.py
[2023-12-03T09:48:02.674+0000] {processor.py:829} INFO - Processing file /home/airflow/.local/lib/python3.8/site-packages/airflow/example_dags/example_latest_only.py for tasks to queue
[2023-12-03T09:48:02.676+0000] {logging_mixin.py:154} INFO - [2023-12-03T09:48:02.676+0000] {dagbag.py:536} INFO - Filling up the DagBag from /home/airflow/.local/lib/python3.8/site-packages/airflow/example_dags/example_latest_only.py
[2023-12-03T09:48:02.681+0000] {processor.py:839} INFO - DAG(s) dict_keys(['latest_only']) retrieved from /home/airflow/.local/lib/python3.8/site-packages/airflow/example_dags/example_latest_only.py
[2023-12-03T09:48:02.722+0000] {logging_mixin.py:154} INFO - [2023-12-03T09:48:02.722+0000] {dag.py:2941} INFO - Sync 1 DAGs
[2023-12-03T09:48:02.767+0000] {logging_mixin.py:154} INFO - [2023-12-03T09:48:02.767+0000] {dag.py:3722} INFO - Setting next_dagrun for latest_only to 2023-12-03T05:48:02.766990+00:00, run_after=2023-12-03T09:48:02.766990+00:00
[2023-12-03T09:48:02.919+0000] {processor.py:179} INFO - Processing /home/airflow/.local/lib/python3.8/site-packages/airflow/example_dags/example_latest_only.py took 0.250 seconds
[2023-12-03T09:48:33.447+0000] {processor.py:157} INFO - Started process (PID=659) to work on /home/airflow/.local/lib/python3.8/site-packages/airflow/example_dags/example_latest_only.py
[2023-12-03T09:48:33.448+0000] {processor.py:829} INFO - Processing file /home/airflow/.local/lib/python3.8/site-packages/airflow/example_dags/example_latest_only.py for tasks to queue
[2023-12-03T09:48:33.450+0000] {logging_mixin.py:154} INFO - [2023-12-03T09:48:33.450+0000] {dagbag.py:536} INFO - Filling up the DagBag from /home/airflow/.local/lib/python3.8/site-packages/airflow/example_dags/example_latest_only.py
[2023-12-03T09:48:33.456+0000] {processor.py:839} INFO - DAG(s) dict_keys(['latest_only']) retrieved from /home/airflow/.local/lib/python3.8/site-packages/airflow/example_dags/example_latest_only.py
[2023-12-03T09:48:33.477+0000] {logging_mixin.py:154} INFO - [2023-12-03T09:48:33.477+0000] {dag.py:2941} INFO - Sync 1 DAGs
[2023-12-03T09:48:33.498+0000] {logging_mixin.py:154} INFO - [2023-12-03T09:48:33.498+0000] {dag.py:3722} INFO - Setting next_dagrun for latest_only to 2023-12-03T05:48:33.497844+00:00, run_after=2023-12-03T09:48:33.497844+00:00
[2023-12-03T09:48:33.668+0000] {processor.py:179} INFO - Processing /home/airflow/.local/lib/python3.8/site-packages/airflow/example_dags/example_latest_only.py took 0.226 seconds
[2023-12-03T09:49:05.287+0000] {processor.py:157} INFO - Started process (PID=717) to work on /home/airflow/.local/lib/python3.8/site-packages/airflow/example_dags/example_latest_only.py
[2023-12-03T09:49:05.288+0000] {processor.py:829} INFO - Processing file /home/airflow/.local/lib/python3.8/site-packages/airflow/example_dags/example_latest_only.py for tasks to queue
[2023-12-03T09:49:05.291+0000] {logging_mixin.py:154} INFO - [2023-12-03T09:49:05.291+0000] {dagbag.py:536} INFO - Filling up the DagBag from /home/airflow/.local/lib/python3.8/site-packages/airflow/example_dags/example_latest_only.py
[2023-12-03T09:49:05.298+0000] {processor.py:839} INFO - DAG(s) dict_keys(['latest_only']) retrieved from /home/airflow/.local/lib/python3.8/site-packages/airflow/example_dags/example_latest_only.py
[2023-12-03T09:49:05.324+0000] {logging_mixin.py:154} INFO - [2023-12-03T09:49:05.323+0000] {dag.py:2941} INFO - Sync 1 DAGs
[2023-12-03T09:49:05.346+0000] {logging_mixin.py:154} INFO - [2023-12-03T09:49:05.345+0000] {dag.py:3722} INFO - Setting next_dagrun for latest_only to 2023-12-03T05:49:05.345781+00:00, run_after=2023-12-03T09:49:05.345781+00:00
[2023-12-03T09:49:05.505+0000] {processor.py:179} INFO - Processing /home/airflow/.local/lib/python3.8/site-packages/airflow/example_dags/example_latest_only.py took 0.222 seconds
[2023-12-03T09:49:36.365+0000] {processor.py:157} INFO - Started process (PID=775) to work on /home/airflow/.local/lib/python3.8/site-packages/airflow/example_dags/example_latest_only.py
[2023-12-03T09:49:36.366+0000] {processor.py:829} INFO - Processing file /home/airflow/.local/lib/python3.8/site-packages/airflow/example_dags/example_latest_only.py for tasks to queue
[2023-12-03T09:49:36.368+0000] {logging_mixin.py:154} INFO - [2023-12-03T09:49:36.368+0000] {dagbag.py:536} INFO - Filling up the DagBag from /home/airflow/.local/lib/python3.8/site-packages/airflow/example_dags/example_latest_only.py
[2023-12-03T09:49:36.376+0000] {processor.py:839} INFO - DAG(s) dict_keys(['latest_only']) retrieved from /home/airflow/.local/lib/python3.8/site-packages/airflow/example_dags/example_latest_only.py
[2023-12-03T09:49:36.405+0000] {logging_mixin.py:154} INFO - [2023-12-03T09:49:36.404+0000] {dag.py:2941} INFO - Sync 1 DAGs
[2023-12-03T09:49:36.594+0000] {logging_mixin.py:154} INFO - [2023-12-03T09:49:36.594+0000] {dag.py:3722} INFO - Setting next_dagrun for latest_only to 2023-12-03T05:49:36.594502+00:00, run_after=2023-12-03T09:49:36.594502+00:00
[2023-12-03T09:49:36.610+0000] {processor.py:179} INFO - Processing /home/airflow/.local/lib/python3.8/site-packages/airflow/example_dags/example_latest_only.py took 0.250 seconds
[2023-12-03T09:50:07.340+0000] {processor.py:157} INFO - Started process (PID=833) to work on /home/airflow/.local/lib/python3.8/site-packages/airflow/example_dags/example_latest_only.py
[2023-12-03T09:50:07.341+0000] {processor.py:829} INFO - Processing file /home/airflow/.local/lib/python3.8/site-packages/airflow/example_dags/example_latest_only.py for tasks to queue
[2023-12-03T09:50:07.344+0000] {logging_mixin.py:154} INFO - [2023-12-03T09:50:07.344+0000] {dagbag.py:536} INFO - Filling up the DagBag from /home/airflow/.local/lib/python3.8/site-packages/airflow/example_dags/example_latest_only.py
[2023-12-03T09:50:07.350+0000] {processor.py:839} INFO - DAG(s) dict_keys(['latest_only']) retrieved from /home/airflow/.local/lib/python3.8/site-packages/airflow/example_dags/example_latest_only.py
[2023-12-03T09:50:07.370+0000] {logging_mixin.py:154} INFO - [2023-12-03T09:50:07.370+0000] {dag.py:2941} INFO - Sync 1 DAGs
[2023-12-03T09:50:07.536+0000] {logging_mixin.py:154} INFO - [2023-12-03T09:50:07.536+0000] {dag.py:3722} INFO - Setting next_dagrun for latest_only to 2023-12-03T05:50:07.535919+00:00, run_after=2023-12-03T09:50:07.535919+00:00
[2023-12-03T09:50:07.553+0000] {processor.py:179} INFO - Processing /home/airflow/.local/lib/python3.8/site-packages/airflow/example_dags/example_latest_only.py took 0.217 seconds
[2023-12-03T09:50:37.678+0000] {processor.py:157} INFO - Started process (PID=891) to work on /home/airflow/.local/lib/python3.8/site-packages/airflow/example_dags/example_latest_only.py
[2023-12-03T09:50:37.679+0000] {processor.py:829} INFO - Processing file /home/airflow/.local/lib/python3.8/site-packages/airflow/example_dags/example_latest_only.py for tasks to queue
[2023-12-03T09:50:37.682+0000] {logging_mixin.py:154} INFO - [2023-12-03T09:50:37.681+0000] {dagbag.py:536} INFO - Filling up the DagBag from /home/airflow/.local/lib/python3.8/site-packages/airflow/example_dags/example_latest_only.py
[2023-12-03T09:50:37.687+0000] {processor.py:839} INFO - DAG(s) dict_keys(['latest_only']) retrieved from /home/airflow/.local/lib/python3.8/site-packages/airflow/example_dags/example_latest_only.py
[2023-12-03T09:50:37.706+0000] {logging_mixin.py:154} INFO - [2023-12-03T09:50:37.706+0000] {dag.py:2941} INFO - Sync 1 DAGs
[2023-12-03T09:50:37.725+0000] {logging_mixin.py:154} INFO - [2023-12-03T09:50:37.725+0000] {dag.py:3722} INFO - Setting next_dagrun for latest_only to 2023-12-03T05:50:37.724960+00:00, run_after=2023-12-03T09:50:37.724960+00:00
[2023-12-03T09:50:37.741+0000] {processor.py:179} INFO - Processing /home/airflow/.local/lib/python3.8/site-packages/airflow/example_dags/example_latest_only.py took 0.067 seconds
[2023-12-03T09:51:08.849+0000] {processor.py:157} INFO - Started process (PID=949) to work on /home/airflow/.local/lib/python3.8/site-packages/airflow/example_dags/example_latest_only.py
[2023-12-03T09:51:08.850+0000] {processor.py:829} INFO - Processing file /home/airflow/.local/lib/python3.8/site-packages/airflow/example_dags/example_latest_only.py for tasks to queue
[2023-12-03T09:51:08.852+0000] {logging_mixin.py:154} INFO - [2023-12-03T09:51:08.852+0000] {dagbag.py:536} INFO - Filling up the DagBag from /home/airflow/.local/lib/python3.8/site-packages/airflow/example_dags/example_latest_only.py
[2023-12-03T09:51:08.858+0000] {processor.py:839} INFO - DAG(s) dict_keys(['latest_only']) retrieved from /home/airflow/.local/lib/python3.8/site-packages/airflow/example_dags/example_latest_only.py
[2023-12-03T09:51:08.878+0000] {logging_mixin.py:154} INFO - [2023-12-03T09:51:08.878+0000] {dag.py:2941} INFO - Sync 1 DAGs
[2023-12-03T09:51:08.900+0000] {logging_mixin.py:154} INFO - [2023-12-03T09:51:08.900+0000] {dag.py:3722} INFO - Setting next_dagrun for latest_only to 2023-12-03T05:51:08.900286+00:00, run_after=2023-12-03T09:51:08.900286+00:00
[2023-12-03T09:51:08.916+0000] {processor.py:179} INFO - Processing /home/airflow/.local/lib/python3.8/site-packages/airflow/example_dags/example_latest_only.py took 0.071 seconds
[2023-12-03T09:51:39.741+0000] {processor.py:157} INFO - Started process (PID=1007) to work on /home/airflow/.local/lib/python3.8/site-packages/airflow/example_dags/example_latest_only.py
[2023-12-03T09:51:39.742+0000] {processor.py:829} INFO - Processing file /home/airflow/.local/lib/python3.8/site-packages/airflow/example_dags/example_latest_only.py for tasks to queue
[2023-12-03T09:51:39.745+0000] {logging_mixin.py:154} INFO - [2023-12-03T09:51:39.744+0000] {dagbag.py:536} INFO - Filling up the DagBag from /home/airflow/.local/lib/python3.8/site-packages/airflow/example_dags/example_latest_only.py
[2023-12-03T09:51:39.750+0000] {processor.py:839} INFO - DAG(s) dict_keys(['latest_only']) retrieved from /home/airflow/.local/lib/python3.8/site-packages/airflow/example_dags/example_latest_only.py
[2023-12-03T09:51:39.770+0000] {logging_mixin.py:154} INFO - [2023-12-03T09:51:39.770+0000] {dag.py:2941} INFO - Sync 1 DAGs
[2023-12-03T09:51:39.789+0000] {logging_mixin.py:154} INFO - [2023-12-03T09:51:39.789+0000] {dag.py:3722} INFO - Setting next_dagrun for latest_only to 2023-12-03T05:51:39.788970+00:00, run_after=2023-12-03T09:51:39.788970+00:00
[2023-12-03T09:51:39.804+0000] {processor.py:179} INFO - Processing /home/airflow/.local/lib/python3.8/site-packages/airflow/example_dags/example_latest_only.py took 0.066 seconds
[2023-12-03T09:52:10.750+0000] {processor.py:157} INFO - Started process (PID=1065) to work on /home/airflow/.local/lib/python3.8/site-packages/airflow/example_dags/example_latest_only.py
[2023-12-03T09:52:10.751+0000] {processor.py:829} INFO - Processing file /home/airflow/.local/lib/python3.8/site-packages/airflow/example_dags/example_latest_only.py for tasks to queue
[2023-12-03T09:52:10.753+0000] {logging_mixin.py:154} INFO - [2023-12-03T09:52:10.753+0000] {dagbag.py:536} INFO - Filling up the DagBag from /home/airflow/.local/lib/python3.8/site-packages/airflow/example_dags/example_latest_only.py
[2023-12-03T09:52:10.759+0000] {processor.py:839} INFO - DAG(s) dict_keys(['latest_only']) retrieved from /home/airflow/.local/lib/python3.8/site-packages/airflow/example_dags/example_latest_only.py
[2023-12-03T09:52:10.778+0000] {logging_mixin.py:154} INFO - [2023-12-03T09:52:10.778+0000] {dag.py:2941} INFO - Sync 1 DAGs
[2023-12-03T09:52:10.799+0000] {logging_mixin.py:154} INFO - [2023-12-03T09:52:10.799+0000] {dag.py:3722} INFO - Setting next_dagrun for latest_only to 2023-12-03T05:52:10.799229+00:00, run_after=2023-12-03T09:52:10.799229+00:00
[2023-12-03T09:52:10.816+0000] {processor.py:179} INFO - Processing /home/airflow/.local/lib/python3.8/site-packages/airflow/example_dags/example_latest_only.py took 0.070 seconds
[2023-12-03T09:52:42.142+0000] {processor.py:157} INFO - Started process (PID=1123) to work on /home/airflow/.local/lib/python3.8/site-packages/airflow/example_dags/example_latest_only.py
[2023-12-03T09:52:42.144+0000] {processor.py:829} INFO - Processing file /home/airflow/.local/lib/python3.8/site-packages/airflow/example_dags/example_latest_only.py for tasks to queue
[2023-12-03T09:52:42.147+0000] {logging_mixin.py:154} INFO - [2023-12-03T09:52:42.147+0000] {dagbag.py:536} INFO - Filling up the DagBag from /home/airflow/.local/lib/python3.8/site-packages/airflow/example_dags/example_latest_only.py
[2023-12-03T09:52:42.158+0000] {processor.py:839} INFO - DAG(s) dict_keys(['latest_only']) retrieved from /home/airflow/.local/lib/python3.8/site-packages/airflow/example_dags/example_latest_only.py
[2023-12-03T09:52:42.195+0000] {logging_mixin.py:154} INFO - [2023-12-03T09:52:42.195+0000] {dag.py:2941} INFO - Sync 1 DAGs
[2023-12-03T09:52:42.219+0000] {logging_mixin.py:154} INFO - [2023-12-03T09:52:42.219+0000] {dag.py:3722} INFO - Setting next_dagrun for latest_only to 2023-12-03T05:52:42.219207+00:00, run_after=2023-12-03T09:52:42.219207+00:00
[2023-12-03T09:52:42.241+0000] {processor.py:179} INFO - Processing /home/airflow/.local/lib/python3.8/site-packages/airflow/example_dags/example_latest_only.py took 0.102 seconds
[2023-12-03T09:53:13.231+0000] {processor.py:157} INFO - Started process (PID=1181) to work on /home/airflow/.local/lib/python3.8/site-packages/airflow/example_dags/example_latest_only.py
[2023-12-03T09:53:13.232+0000] {processor.py:829} INFO - Processing file /home/airflow/.local/lib/python3.8/site-packages/airflow/example_dags/example_latest_only.py for tasks to queue
[2023-12-03T09:53:13.235+0000] {logging_mixin.py:154} INFO - [2023-12-03T09:53:13.235+0000] {dagbag.py:536} INFO - Filling up the DagBag from /home/airflow/.local/lib/python3.8/site-packages/airflow/example_dags/example_latest_only.py
[2023-12-03T09:53:13.243+0000] {processor.py:839} INFO - DAG(s) dict_keys(['latest_only']) retrieved from /home/airflow/.local/lib/python3.8/site-packages/airflow/example_dags/example_latest_only.py
[2023-12-03T09:53:13.282+0000] {logging_mixin.py:154} INFO - [2023-12-03T09:53:13.282+0000] {dag.py:2941} INFO - Sync 1 DAGs
[2023-12-03T09:53:13.299+0000] {logging_mixin.py:154} INFO - [2023-12-03T09:53:13.299+0000] {dag.py:3722} INFO - Setting next_dagrun for latest_only to 2023-12-03T05:53:13.298894+00:00, run_after=2023-12-03T09:53:13.298894+00:00
[2023-12-03T09:53:13.347+0000] {processor.py:179} INFO - Processing /home/airflow/.local/lib/python3.8/site-packages/airflow/example_dags/example_latest_only.py took 0.121 seconds
[2023-12-03T09:53:43.605+0000] {processor.py:157} INFO - Started process (PID=1239) to work on /home/airflow/.local/lib/python3.8/site-packages/airflow/example_dags/example_latest_only.py
[2023-12-03T09:53:43.606+0000] {processor.py:829} INFO - Processing file /home/airflow/.local/lib/python3.8/site-packages/airflow/example_dags/example_latest_only.py for tasks to queue
[2023-12-03T09:53:43.608+0000] {logging_mixin.py:154} INFO - [2023-12-03T09:53:43.608+0000] {dagbag.py:536} INFO - Filling up the DagBag from /home/airflow/.local/lib/python3.8/site-packages/airflow/example_dags/example_latest_only.py
[2023-12-03T09:53:43.613+0000] {processor.py:839} INFO - DAG(s) dict_keys(['latest_only']) retrieved from /home/airflow/.local/lib/python3.8/site-packages/airflow/example_dags/example_latest_only.py
[2023-12-03T09:53:43.632+0000] {logging_mixin.py:154} INFO - [2023-12-03T09:53:43.632+0000] {dag.py:2941} INFO - Sync 1 DAGs
[2023-12-03T09:53:43.652+0000] {logging_mixin.py:154} INFO - [2023-12-03T09:53:43.652+0000] {dag.py:3722} INFO - Setting next_dagrun for latest_only to 2023-12-03T05:53:43.652437+00:00, run_after=2023-12-03T09:53:43.652437+00:00
[2023-12-03T09:53:43.667+0000] {processor.py:179} INFO - Processing /home/airflow/.local/lib/python3.8/site-packages/airflow/example_dags/example_latest_only.py took 0.066 seconds
[2023-12-03T09:54:13.944+0000] {processor.py:157} INFO - Started process (PID=1297) to work on /home/airflow/.local/lib/python3.8/site-packages/airflow/example_dags/example_latest_only.py
[2023-12-03T09:54:13.946+0000] {processor.py:829} INFO - Processing file /home/airflow/.local/lib/python3.8/site-packages/airflow/example_dags/example_latest_only.py for tasks to queue
[2023-12-03T09:54:13.949+0000] {logging_mixin.py:154} INFO - [2023-12-03T09:54:13.949+0000] {dagbag.py:536} INFO - Filling up the DagBag from /home/airflow/.local/lib/python3.8/site-packages/airflow/example_dags/example_latest_only.py
[2023-12-03T09:54:13.957+0000] {processor.py:839} INFO - DAG(s) dict_keys(['latest_only']) retrieved from /home/airflow/.local/lib/python3.8/site-packages/airflow/example_dags/example_latest_only.py
[2023-12-03T09:54:13.986+0000] {logging_mixin.py:154} INFO - [2023-12-03T09:54:13.986+0000] {dag.py:2941} INFO - Sync 1 DAGs
[2023-12-03T09:54:14.020+0000] {logging_mixin.py:154} INFO - [2023-12-03T09:54:14.020+0000] {dag.py:3722} INFO - Setting next_dagrun for latest_only to 2023-12-03T05:54:14.020097+00:00, run_after=2023-12-03T09:54:14.020097+00:00
[2023-12-03T09:54:14.047+0000] {processor.py:179} INFO - Processing /home/airflow/.local/lib/python3.8/site-packages/airflow/example_dags/example_latest_only.py took 0.107 seconds
[2023-12-03T09:54:44.992+0000] {processor.py:157} INFO - Started process (PID=1354) to work on /home/airflow/.local/lib/python3.8/site-packages/airflow/example_dags/example_latest_only.py
[2023-12-03T09:54:44.992+0000] {processor.py:829} INFO - Processing file /home/airflow/.local/lib/python3.8/site-packages/airflow/example_dags/example_latest_only.py for tasks to queue
[2023-12-03T09:54:44.995+0000] {logging_mixin.py:154} INFO - [2023-12-03T09:54:44.994+0000] {dagbag.py:536} INFO - Filling up the DagBag from /home/airflow/.local/lib/python3.8/site-packages/airflow/example_dags/example_latest_only.py
[2023-12-03T09:54:45.000+0000] {processor.py:839} INFO - DAG(s) dict_keys(['latest_only']) retrieved from /home/airflow/.local/lib/python3.8/site-packages/airflow/example_dags/example_latest_only.py
[2023-12-03T09:54:45.020+0000] {logging_mixin.py:154} INFO - [2023-12-03T09:54:45.020+0000] {dag.py:2941} INFO - Sync 1 DAGs
[2023-12-03T09:54:45.041+0000] {logging_mixin.py:154} INFO - [2023-12-03T09:54:45.040+0000] {dag.py:3722} INFO - Setting next_dagrun for latest_only to 2023-12-03T05:54:45.040777+00:00, run_after=2023-12-03T09:54:45.040777+00:00
[2023-12-03T09:54:45.060+0000] {processor.py:179} INFO - Processing /home/airflow/.local/lib/python3.8/site-packages/airflow/example_dags/example_latest_only.py took 0.072 seconds
[2023-12-03T09:55:15.312+0000] {processor.py:157} INFO - Started process (PID=1411) to work on /home/airflow/.local/lib/python3.8/site-packages/airflow/example_dags/example_latest_only.py
[2023-12-03T09:55:15.313+0000] {processor.py:829} INFO - Processing file /home/airflow/.local/lib/python3.8/site-packages/airflow/example_dags/example_latest_only.py for tasks to queue
[2023-12-03T09:55:15.317+0000] {logging_mixin.py:154} INFO - [2023-12-03T09:55:15.317+0000] {dagbag.py:536} INFO - Filling up the DagBag from /home/airflow/.local/lib/python3.8/site-packages/airflow/example_dags/example_latest_only.py
[2023-12-03T09:55:15.324+0000] {processor.py:839} INFO - DAG(s) dict_keys(['latest_only']) retrieved from /home/airflow/.local/lib/python3.8/site-packages/airflow/example_dags/example_latest_only.py
[2023-12-03T09:55:15.345+0000] {logging_mixin.py:154} INFO - [2023-12-03T09:55:15.345+0000] {dag.py:2941} INFO - Sync 1 DAGs
[2023-12-03T09:55:15.375+0000] {logging_mixin.py:154} INFO - [2023-12-03T09:55:15.375+0000] {dag.py:3722} INFO - Setting next_dagrun for latest_only to 2023-12-03T05:55:15.374720+00:00, run_after=2023-12-03T09:55:15.374720+00:00
[2023-12-03T09:55:15.391+0000] {processor.py:179} INFO - Processing /home/airflow/.local/lib/python3.8/site-packages/airflow/example_dags/example_latest_only.py took 0.084 seconds
[2023-12-03T09:55:45.924+0000] {processor.py:157} INFO - Started process (PID=1470) to work on /home/airflow/.local/lib/python3.8/site-packages/airflow/example_dags/example_latest_only.py
[2023-12-03T09:55:45.926+0000] {processor.py:829} INFO - Processing file /home/airflow/.local/lib/python3.8/site-packages/airflow/example_dags/example_latest_only.py for tasks to queue
[2023-12-03T09:55:45.929+0000] {logging_mixin.py:154} INFO - [2023-12-03T09:55:45.929+0000] {dagbag.py:536} INFO - Filling up the DagBag from /home/airflow/.local/lib/python3.8/site-packages/airflow/example_dags/example_latest_only.py
[2023-12-03T09:55:45.935+0000] {processor.py:839} INFO - DAG(s) dict_keys(['latest_only']) retrieved from /home/airflow/.local/lib/python3.8/site-packages/airflow/example_dags/example_latest_only.py
[2023-12-03T09:55:45.955+0000] {logging_mixin.py:154} INFO - [2023-12-03T09:55:45.955+0000] {dag.py:2941} INFO - Sync 1 DAGs
[2023-12-03T09:55:45.975+0000] {logging_mixin.py:154} INFO - [2023-12-03T09:55:45.975+0000] {dag.py:3722} INFO - Setting next_dagrun for latest_only to 2023-12-03T05:55:45.975037+00:00, run_after=2023-12-03T09:55:45.975037+00:00
[2023-12-03T09:55:45.989+0000] {processor.py:179} INFO - Processing /home/airflow/.local/lib/python3.8/site-packages/airflow/example_dags/example_latest_only.py took 0.070 seconds
[2023-12-03T09:56:16.141+0000] {processor.py:157} INFO - Started process (PID=1532) to work on /home/airflow/.local/lib/python3.8/site-packages/airflow/example_dags/example_latest_only.py
[2023-12-03T09:56:16.143+0000] {processor.py:829} INFO - Processing file /home/airflow/.local/lib/python3.8/site-packages/airflow/example_dags/example_latest_only.py for tasks to queue
[2023-12-03T09:56:16.145+0000] {logging_mixin.py:154} INFO - [2023-12-03T09:56:16.145+0000] {dagbag.py:536} INFO - Filling up the DagBag from /home/airflow/.local/lib/python3.8/site-packages/airflow/example_dags/example_latest_only.py
[2023-12-03T09:56:16.150+0000] {processor.py:839} INFO - DAG(s) dict_keys(['latest_only']) retrieved from /home/airflow/.local/lib/python3.8/site-packages/airflow/example_dags/example_latest_only.py
[2023-12-03T09:56:16.169+0000] {logging_mixin.py:154} INFO - [2023-12-03T09:56:16.169+0000] {dag.py:2941} INFO - Sync 1 DAGs
[2023-12-03T09:56:16.184+0000] {logging_mixin.py:154} INFO - [2023-12-03T09:56:16.184+0000] {dag.py:3722} INFO - Setting next_dagrun for latest_only to 2023-12-03T05:56:16.184432+00:00, run_after=2023-12-03T09:56:16.184432+00:00
[2023-12-03T09:56:16.196+0000] {processor.py:179} INFO - Processing /home/airflow/.local/lib/python3.8/site-packages/airflow/example_dags/example_latest_only.py took 0.059 seconds
[2023-12-03T09:56:47.040+0000] {processor.py:157} INFO - Started process (PID=1590) to work on /home/airflow/.local/lib/python3.8/site-packages/airflow/example_dags/example_latest_only.py
[2023-12-03T09:56:47.041+0000] {processor.py:829} INFO - Processing file /home/airflow/.local/lib/python3.8/site-packages/airflow/example_dags/example_latest_only.py for tasks to queue
[2023-12-03T09:56:47.044+0000] {logging_mixin.py:154} INFO - [2023-12-03T09:56:47.043+0000] {dagbag.py:536} INFO - Filling up the DagBag from /home/airflow/.local/lib/python3.8/site-packages/airflow/example_dags/example_latest_only.py
[2023-12-03T09:56:47.049+0000] {processor.py:839} INFO - DAG(s) dict_keys(['latest_only']) retrieved from /home/airflow/.local/lib/python3.8/site-packages/airflow/example_dags/example_latest_only.py
[2023-12-03T09:56:47.067+0000] {logging_mixin.py:154} INFO - [2023-12-03T09:56:47.067+0000] {dag.py:2941} INFO - Sync 1 DAGs
[2023-12-03T09:56:47.085+0000] {logging_mixin.py:154} INFO - [2023-12-03T09:56:47.085+0000] {dag.py:3722} INFO - Setting next_dagrun for latest_only to 2023-12-03T05:56:47.085500+00:00, run_after=2023-12-03T09:56:47.085500+00:00
[2023-12-03T09:56:47.099+0000] {processor.py:179} INFO - Processing /home/airflow/.local/lib/python3.8/site-packages/airflow/example_dags/example_latest_only.py took 0.063 seconds
[2023-12-03T09:57:17.811+0000] {processor.py:157} INFO - Started process (PID=1648) to work on /home/airflow/.local/lib/python3.8/site-packages/airflow/example_dags/example_latest_only.py
[2023-12-03T09:57:17.812+0000] {processor.py:829} INFO - Processing file /home/airflow/.local/lib/python3.8/site-packages/airflow/example_dags/example_latest_only.py for tasks to queue
[2023-12-03T09:57:17.816+0000] {logging_mixin.py:154} INFO - [2023-12-03T09:57:17.816+0000] {dagbag.py:536} INFO - Filling up the DagBag from /home/airflow/.local/lib/python3.8/site-packages/airflow/example_dags/example_latest_only.py
[2023-12-03T09:57:17.822+0000] {processor.py:839} INFO - DAG(s) dict_keys(['latest_only']) retrieved from /home/airflow/.local/lib/python3.8/site-packages/airflow/example_dags/example_latest_only.py
[2023-12-03T09:57:17.839+0000] {logging_mixin.py:154} INFO - [2023-12-03T09:57:17.839+0000] {dag.py:2941} INFO - Sync 1 DAGs
[2023-12-03T09:57:17.855+0000] {logging_mixin.py:154} INFO - [2023-12-03T09:57:17.855+0000] {dag.py:3722} INFO - Setting next_dagrun for latest_only to 2023-12-03T05:57:17.855466+00:00, run_after=2023-12-03T09:57:17.855466+00:00
[2023-12-03T09:57:17.867+0000] {processor.py:179} INFO - Processing /home/airflow/.local/lib/python3.8/site-packages/airflow/example_dags/example_latest_only.py took 0.061 seconds
[2023-12-03T09:57:48.241+0000] {processor.py:157} INFO - Started process (PID=1708) to work on /home/airflow/.local/lib/python3.8/site-packages/airflow/example_dags/example_latest_only.py
[2023-12-03T09:57:48.243+0000] {processor.py:829} INFO - Processing file /home/airflow/.local/lib/python3.8/site-packages/airflow/example_dags/example_latest_only.py for tasks to queue
[2023-12-03T09:57:48.246+0000] {logging_mixin.py:154} INFO - [2023-12-03T09:57:48.246+0000] {dagbag.py:536} INFO - Filling up the DagBag from /home/airflow/.local/lib/python3.8/site-packages/airflow/example_dags/example_latest_only.py
[2023-12-03T09:57:48.253+0000] {processor.py:839} INFO - DAG(s) dict_keys(['latest_only']) retrieved from /home/airflow/.local/lib/python3.8/site-packages/airflow/example_dags/example_latest_only.py
[2023-12-03T09:57:48.273+0000] {logging_mixin.py:154} INFO - [2023-12-03T09:57:48.273+0000] {dag.py:2941} INFO - Sync 1 DAGs
[2023-12-03T09:57:48.292+0000] {logging_mixin.py:154} INFO - [2023-12-03T09:57:48.292+0000] {dag.py:3722} INFO - Setting next_dagrun for latest_only to 2023-12-03T05:57:48.292420+00:00, run_after=2023-12-03T09:57:48.292420+00:00
[2023-12-03T09:57:48.307+0000] {processor.py:179} INFO - Processing /home/airflow/.local/lib/python3.8/site-packages/airflow/example_dags/example_latest_only.py took 0.071 seconds
[2023-12-03T09:58:18.358+0000] {processor.py:157} INFO - Started process (PID=1766) to work on /home/airflow/.local/lib/python3.8/site-packages/airflow/example_dags/example_latest_only.py
[2023-12-03T09:58:18.359+0000] {processor.py:829} INFO - Processing file /home/airflow/.local/lib/python3.8/site-packages/airflow/example_dags/example_latest_only.py for tasks to queue
[2023-12-03T09:58:18.362+0000] {logging_mixin.py:154} INFO - [2023-12-03T09:58:18.362+0000] {dagbag.py:536} INFO - Filling up the DagBag from /home/airflow/.local/lib/python3.8/site-packages/airflow/example_dags/example_latest_only.py
[2023-12-03T09:58:18.368+0000] {processor.py:839} INFO - DAG(s) dict_keys(['latest_only']) retrieved from /home/airflow/.local/lib/python3.8/site-packages/airflow/example_dags/example_latest_only.py
[2023-12-03T09:58:18.386+0000] {logging_mixin.py:154} INFO - [2023-12-03T09:58:18.386+0000] {dag.py:2941} INFO - Sync 1 DAGs
[2023-12-03T09:58:18.404+0000] {logging_mixin.py:154} INFO - [2023-12-03T09:58:18.404+0000] {dag.py:3722} INFO - Setting next_dagrun for latest_only to 2023-12-03T05:58:18.404121+00:00, run_after=2023-12-03T09:58:18.404121+00:00
[2023-12-03T09:58:18.417+0000] {processor.py:179} INFO - Processing /home/airflow/.local/lib/python3.8/site-packages/airflow/example_dags/example_latest_only.py took 0.064 seconds
[2023-12-03T09:58:48.646+0000] {processor.py:157} INFO - Started process (PID=1823) to work on /home/airflow/.local/lib/python3.8/site-packages/airflow/example_dags/example_latest_only.py
[2023-12-03T09:58:48.648+0000] {processor.py:829} INFO - Processing file /home/airflow/.local/lib/python3.8/site-packages/airflow/example_dags/example_latest_only.py for tasks to queue
[2023-12-03T09:58:48.650+0000] {logging_mixin.py:154} INFO - [2023-12-03T09:58:48.650+0000] {dagbag.py:536} INFO - Filling up the DagBag from /home/airflow/.local/lib/python3.8/site-packages/airflow/example_dags/example_latest_only.py
[2023-12-03T09:58:48.655+0000] {processor.py:839} INFO - DAG(s) dict_keys(['latest_only']) retrieved from /home/airflow/.local/lib/python3.8/site-packages/airflow/example_dags/example_latest_only.py
[2023-12-03T09:58:48.674+0000] {logging_mixin.py:154} INFO - [2023-12-03T09:58:48.674+0000] {dag.py:2941} INFO - Sync 1 DAGs
[2023-12-03T09:58:48.692+0000] {logging_mixin.py:154} INFO - [2023-12-03T09:58:48.692+0000] {dag.py:3722} INFO - Setting next_dagrun for latest_only to 2023-12-03T05:58:48.691895+00:00, run_after=2023-12-03T09:58:48.691895+00:00
[2023-12-03T09:58:48.705+0000] {processor.py:179} INFO - Processing /home/airflow/.local/lib/python3.8/site-packages/airflow/example_dags/example_latest_only.py took 0.064 seconds
[2023-12-03T09:59:19.279+0000] {processor.py:157} INFO - Started process (PID=1881) to work on /home/airflow/.local/lib/python3.8/site-packages/airflow/example_dags/example_latest_only.py
[2023-12-03T09:59:19.280+0000] {processor.py:829} INFO - Processing file /home/airflow/.local/lib/python3.8/site-packages/airflow/example_dags/example_latest_only.py for tasks to queue
[2023-12-03T09:59:19.282+0000] {logging_mixin.py:154} INFO - [2023-12-03T09:59:19.282+0000] {dagbag.py:536} INFO - Filling up the DagBag from /home/airflow/.local/lib/python3.8/site-packages/airflow/example_dags/example_latest_only.py
[2023-12-03T09:59:19.287+0000] {processor.py:839} INFO - DAG(s) dict_keys(['latest_only']) retrieved from /home/airflow/.local/lib/python3.8/site-packages/airflow/example_dags/example_latest_only.py
[2023-12-03T09:59:19.306+0000] {logging_mixin.py:154} INFO - [2023-12-03T09:59:19.306+0000] {dag.py:2941} INFO - Sync 1 DAGs
[2023-12-03T09:59:19.326+0000] {logging_mixin.py:154} INFO - [2023-12-03T09:59:19.326+0000] {dag.py:3722} INFO - Setting next_dagrun for latest_only to 2023-12-03T05:59:19.325809+00:00, run_after=2023-12-03T09:59:19.325809+00:00
[2023-12-03T09:59:19.339+0000] {processor.py:179} INFO - Processing /home/airflow/.local/lib/python3.8/site-packages/airflow/example_dags/example_latest_only.py took 0.064 seconds
[2023-12-03T09:59:50.285+0000] {processor.py:157} INFO - Started process (PID=1940) to work on /home/airflow/.local/lib/python3.8/site-packages/airflow/example_dags/example_latest_only.py
[2023-12-03T09:59:50.286+0000] {processor.py:829} INFO - Processing file /home/airflow/.local/lib/python3.8/site-packages/airflow/example_dags/example_latest_only.py for tasks to queue
[2023-12-03T09:59:50.288+0000] {logging_mixin.py:154} INFO - [2023-12-03T09:59:50.288+0000] {dagbag.py:536} INFO - Filling up the DagBag from /home/airflow/.local/lib/python3.8/site-packages/airflow/example_dags/example_latest_only.py
[2023-12-03T09:59:50.294+0000] {processor.py:839} INFO - DAG(s) dict_keys(['latest_only']) retrieved from /home/airflow/.local/lib/python3.8/site-packages/airflow/example_dags/example_latest_only.py
[2023-12-03T09:59:50.311+0000] {logging_mixin.py:154} INFO - [2023-12-03T09:59:50.311+0000] {dag.py:2941} INFO - Sync 1 DAGs
[2023-12-03T09:59:50.330+0000] {logging_mixin.py:154} INFO - [2023-12-03T09:59:50.330+0000] {dag.py:3722} INFO - Setting next_dagrun for latest_only to 2023-12-03T05:59:50.330314+00:00, run_after=2023-12-03T09:59:50.330314+00:00
[2023-12-03T09:59:50.343+0000] {processor.py:179} INFO - Processing /home/airflow/.local/lib/python3.8/site-packages/airflow/example_dags/example_latest_only.py took 0.063 seconds
[2023-12-03T10:00:20.714+0000] {processor.py:157} INFO - Started process (PID=2002) to work on /home/airflow/.local/lib/python3.8/site-packages/airflow/example_dags/example_latest_only.py
[2023-12-03T10:00:20.715+0000] {processor.py:829} INFO - Processing file /home/airflow/.local/lib/python3.8/site-packages/airflow/example_dags/example_latest_only.py for tasks to queue
[2023-12-03T10:00:20.718+0000] {logging_mixin.py:154} INFO - [2023-12-03T10:00:20.718+0000] {dagbag.py:536} INFO - Filling up the DagBag from /home/airflow/.local/lib/python3.8/site-packages/airflow/example_dags/example_latest_only.py
[2023-12-03T10:00:20.723+0000] {processor.py:839} INFO - DAG(s) dict_keys(['latest_only']) retrieved from /home/airflow/.local/lib/python3.8/site-packages/airflow/example_dags/example_latest_only.py
[2023-12-03T10:00:20.741+0000] {logging_mixin.py:154} INFO - [2023-12-03T10:00:20.741+0000] {dag.py:2941} INFO - Sync 1 DAGs
[2023-12-03T10:00:20.760+0000] {logging_mixin.py:154} INFO - [2023-12-03T10:00:20.760+0000] {dag.py:3722} INFO - Setting next_dagrun for latest_only to 2023-12-03T06:00:20.760474+00:00, run_after=2023-12-03T10:00:20.760474+00:00
[2023-12-03T10:00:20.774+0000] {processor.py:179} INFO - Processing /home/airflow/.local/lib/python3.8/site-packages/airflow/example_dags/example_latest_only.py took 0.065 seconds
[2023-12-03T10:00:51.440+0000] {processor.py:157} INFO - Started process (PID=2060) to work on /home/airflow/.local/lib/python3.8/site-packages/airflow/example_dags/example_latest_only.py
[2023-12-03T10:00:51.441+0000] {processor.py:829} INFO - Processing file /home/airflow/.local/lib/python3.8/site-packages/airflow/example_dags/example_latest_only.py for tasks to queue
[2023-12-03T10:00:51.445+0000] {logging_mixin.py:154} INFO - [2023-12-03T10:00:51.444+0000] {dagbag.py:536} INFO - Filling up the DagBag from /home/airflow/.local/lib/python3.8/site-packages/airflow/example_dags/example_latest_only.py
[2023-12-03T10:00:51.452+0000] {processor.py:839} INFO - DAG(s) dict_keys(['latest_only']) retrieved from /home/airflow/.local/lib/python3.8/site-packages/airflow/example_dags/example_latest_only.py
[2023-12-03T10:00:51.473+0000] {logging_mixin.py:154} INFO - [2023-12-03T10:00:51.473+0000] {dag.py:2941} INFO - Sync 1 DAGs
[2023-12-03T10:00:51.496+0000] {logging_mixin.py:154} INFO - [2023-12-03T10:00:51.496+0000] {dag.py:3722} INFO - Setting next_dagrun for latest_only to 2023-12-03T06:00:51.496034+00:00, run_after=2023-12-03T10:00:51.496034+00:00
[2023-12-03T10:00:51.513+0000] {processor.py:179} INFO - Processing /home/airflow/.local/lib/python3.8/site-packages/airflow/example_dags/example_latest_only.py took 0.078 seconds
[2023-12-03T10:01:22.384+0000] {processor.py:157} INFO - Started process (PID=2118) to work on /home/airflow/.local/lib/python3.8/site-packages/airflow/example_dags/example_latest_only.py
[2023-12-03T10:01:22.386+0000] {processor.py:829} INFO - Processing file /home/airflow/.local/lib/python3.8/site-packages/airflow/example_dags/example_latest_only.py for tasks to queue
[2023-12-03T10:01:22.389+0000] {logging_mixin.py:154} INFO - [2023-12-03T10:01:22.388+0000] {dagbag.py:536} INFO - Filling up the DagBag from /home/airflow/.local/lib/python3.8/site-packages/airflow/example_dags/example_latest_only.py
[2023-12-03T10:01:22.394+0000] {processor.py:839} INFO - DAG(s) dict_keys(['latest_only']) retrieved from /home/airflow/.local/lib/python3.8/site-packages/airflow/example_dags/example_latest_only.py
[2023-12-03T10:01:22.412+0000] {logging_mixin.py:154} INFO - [2023-12-03T10:01:22.412+0000] {dag.py:2941} INFO - Sync 1 DAGs
[2023-12-03T10:01:22.438+0000] {logging_mixin.py:154} INFO - [2023-12-03T10:01:22.438+0000] {dag.py:3722} INFO - Setting next_dagrun for latest_only to 2023-12-03T06:01:22.438096+00:00, run_after=2023-12-03T10:01:22.438096+00:00
[2023-12-03T10:01:22.457+0000] {processor.py:179} INFO - Processing /home/airflow/.local/lib/python3.8/site-packages/airflow/example_dags/example_latest_only.py took 0.077 seconds
[2023-12-03T10:01:52.606+0000] {processor.py:157} INFO - Started process (PID=2176) to work on /home/airflow/.local/lib/python3.8/site-packages/airflow/example_dags/example_latest_only.py
[2023-12-03T10:01:52.607+0000] {processor.py:829} INFO - Processing file /home/airflow/.local/lib/python3.8/site-packages/airflow/example_dags/example_latest_only.py for tasks to queue
[2023-12-03T10:01:52.611+0000] {logging_mixin.py:154} INFO - [2023-12-03T10:01:52.610+0000] {dagbag.py:536} INFO - Filling up the DagBag from /home/airflow/.local/lib/python3.8/site-packages/airflow/example_dags/example_latest_only.py
[2023-12-03T10:01:52.617+0000] {processor.py:839} INFO - DAG(s) dict_keys(['latest_only']) retrieved from /home/airflow/.local/lib/python3.8/site-packages/airflow/example_dags/example_latest_only.py
[2023-12-03T10:01:52.637+0000] {logging_mixin.py:154} INFO - [2023-12-03T10:01:52.637+0000] {dag.py:2941} INFO - Sync 1 DAGs
[2023-12-03T10:01:52.655+0000] {logging_mixin.py:154} INFO - [2023-12-03T10:01:52.655+0000] {dag.py:3722} INFO - Setting next_dagrun for latest_only to 2023-12-03T06:01:52.655320+00:00, run_after=2023-12-03T10:01:52.655320+00:00
[2023-12-03T10:01:52.669+0000] {processor.py:179} INFO - Processing /home/airflow/.local/lib/python3.8/site-packages/airflow/example_dags/example_latest_only.py took 0.067 seconds
[2023-12-03T10:02:23.609+0000] {processor.py:157} INFO - Started process (PID=2234) to work on /home/airflow/.local/lib/python3.8/site-packages/airflow/example_dags/example_latest_only.py
[2023-12-03T10:02:23.611+0000] {processor.py:829} INFO - Processing file /home/airflow/.local/lib/python3.8/site-packages/airflow/example_dags/example_latest_only.py for tasks to queue
[2023-12-03T10:02:23.613+0000] {logging_mixin.py:154} INFO - [2023-12-03T10:02:23.613+0000] {dagbag.py:536} INFO - Filling up the DagBag from /home/airflow/.local/lib/python3.8/site-packages/airflow/example_dags/example_latest_only.py
[2023-12-03T10:02:23.619+0000] {processor.py:839} INFO - DAG(s) dict_keys(['latest_only']) retrieved from /home/airflow/.local/lib/python3.8/site-packages/airflow/example_dags/example_latest_only.py
[2023-12-03T10:02:23.638+0000] {logging_mixin.py:154} INFO - [2023-12-03T10:02:23.638+0000] {dag.py:2941} INFO - Sync 1 DAGs
[2023-12-03T10:02:23.656+0000] {logging_mixin.py:154} INFO - [2023-12-03T10:02:23.656+0000] {dag.py:3722} INFO - Setting next_dagrun for latest_only to 2023-12-03T06:02:23.656525+00:00, run_after=2023-12-03T10:02:23.656525+00:00
[2023-12-03T10:02:23.670+0000] {processor.py:179} INFO - Processing /home/airflow/.local/lib/python3.8/site-packages/airflow/example_dags/example_latest_only.py took 0.065 seconds
[2023-12-03T10:02:53.882+0000] {processor.py:157} INFO - Started process (PID=2292) to work on /home/airflow/.local/lib/python3.8/site-packages/airflow/example_dags/example_latest_only.py
[2023-12-03T10:02:53.883+0000] {processor.py:829} INFO - Processing file /home/airflow/.local/lib/python3.8/site-packages/airflow/example_dags/example_latest_only.py for tasks to queue
[2023-12-03T10:02:53.885+0000] {logging_mixin.py:154} INFO - [2023-12-03T10:02:53.885+0000] {dagbag.py:536} INFO - Filling up the DagBag from /home/airflow/.local/lib/python3.8/site-packages/airflow/example_dags/example_latest_only.py
[2023-12-03T10:02:53.890+0000] {processor.py:839} INFO - DAG(s) dict_keys(['latest_only']) retrieved from /home/airflow/.local/lib/python3.8/site-packages/airflow/example_dags/example_latest_only.py
[2023-12-03T10:02:53.909+0000] {logging_mixin.py:154} INFO - [2023-12-03T10:02:53.909+0000] {dag.py:2941} INFO - Sync 1 DAGs
[2023-12-03T10:02:53.927+0000] {logging_mixin.py:154} INFO - [2023-12-03T10:02:53.926+0000] {dag.py:3722} INFO - Setting next_dagrun for latest_only to 2023-12-03T06:02:53.926561+00:00, run_after=2023-12-03T10:02:53.926561+00:00
[2023-12-03T10:02:53.939+0000] {processor.py:179} INFO - Processing /home/airflow/.local/lib/python3.8/site-packages/airflow/example_dags/example_latest_only.py took 0.062 seconds
[2023-12-03T10:03:24.174+0000] {processor.py:157} INFO - Started process (PID=2350) to work on /home/airflow/.local/lib/python3.8/site-packages/airflow/example_dags/example_latest_only.py
[2023-12-03T10:03:24.175+0000] {processor.py:829} INFO - Processing file /home/airflow/.local/lib/python3.8/site-packages/airflow/example_dags/example_latest_only.py for tasks to queue
[2023-12-03T10:03:24.178+0000] {logging_mixin.py:154} INFO - [2023-12-03T10:03:24.178+0000] {dagbag.py:536} INFO - Filling up the DagBag from /home/airflow/.local/lib/python3.8/site-packages/airflow/example_dags/example_latest_only.py
[2023-12-03T10:03:24.183+0000] {processor.py:839} INFO - DAG(s) dict_keys(['latest_only']) retrieved from /home/airflow/.local/lib/python3.8/site-packages/airflow/example_dags/example_latest_only.py
[2023-12-03T10:03:24.204+0000] {logging_mixin.py:154} INFO - [2023-12-03T10:03:24.203+0000] {dag.py:2941} INFO - Sync 1 DAGs
[2023-12-03T10:03:24.226+0000] {logging_mixin.py:154} INFO - [2023-12-03T10:03:24.226+0000] {dag.py:3722} INFO - Setting next_dagrun for latest_only to 2023-12-03T06:03:24.225883+00:00, run_after=2023-12-03T10:03:24.225883+00:00
[2023-12-03T10:03:24.243+0000] {processor.py:179} INFO - Processing /home/airflow/.local/lib/python3.8/site-packages/airflow/example_dags/example_latest_only.py took 0.075 seconds
[2023-12-03T10:03:54.292+0000] {processor.py:157} INFO - Started process (PID=2408) to work on /home/airflow/.local/lib/python3.8/site-packages/airflow/example_dags/example_latest_only.py
[2023-12-03T10:03:54.293+0000] {processor.py:829} INFO - Processing file /home/airflow/.local/lib/python3.8/site-packages/airflow/example_dags/example_latest_only.py for tasks to queue
[2023-12-03T10:03:54.296+0000] {logging_mixin.py:154} INFO - [2023-12-03T10:03:54.296+0000] {dagbag.py:536} INFO - Filling up the DagBag from /home/airflow/.local/lib/python3.8/site-packages/airflow/example_dags/example_latest_only.py
[2023-12-03T10:03:54.302+0000] {processor.py:839} INFO - DAG(s) dict_keys(['latest_only']) retrieved from /home/airflow/.local/lib/python3.8/site-packages/airflow/example_dags/example_latest_only.py
[2023-12-03T10:03:54.322+0000] {logging_mixin.py:154} INFO - [2023-12-03T10:03:54.322+0000] {dag.py:2941} INFO - Sync 1 DAGs
[2023-12-03T10:03:54.343+0000] {logging_mixin.py:154} INFO - [2023-12-03T10:03:54.343+0000] {dag.py:3722} INFO - Setting next_dagrun for latest_only to 2023-12-03T06:03:54.343344+00:00, run_after=2023-12-03T10:03:54.343344+00:00
[2023-12-03T10:03:54.359+0000] {processor.py:179} INFO - Processing /home/airflow/.local/lib/python3.8/site-packages/airflow/example_dags/example_latest_only.py took 0.071 seconds
[2023-12-03T10:04:24.935+0000] {processor.py:157} INFO - Started process (PID=2466) to work on /home/airflow/.local/lib/python3.8/site-packages/airflow/example_dags/example_latest_only.py
[2023-12-03T10:04:24.936+0000] {processor.py:829} INFO - Processing file /home/airflow/.local/lib/python3.8/site-packages/airflow/example_dags/example_latest_only.py for tasks to queue
[2023-12-03T10:04:24.939+0000] {logging_mixin.py:154} INFO - [2023-12-03T10:04:24.939+0000] {dagbag.py:536} INFO - Filling up the DagBag from /home/airflow/.local/lib/python3.8/site-packages/airflow/example_dags/example_latest_only.py
[2023-12-03T10:04:24.946+0000] {processor.py:839} INFO - DAG(s) dict_keys(['latest_only']) retrieved from /home/airflow/.local/lib/python3.8/site-packages/airflow/example_dags/example_latest_only.py
[2023-12-03T10:04:24.964+0000] {logging_mixin.py:154} INFO - [2023-12-03T10:04:24.964+0000] {dag.py:2941} INFO - Sync 1 DAGs
[2023-12-03T10:04:24.984+0000] {logging_mixin.py:154} INFO - [2023-12-03T10:04:24.984+0000] {dag.py:3722} INFO - Setting next_dagrun for latest_only to 2023-12-03T06:04:24.983833+00:00, run_after=2023-12-03T10:04:24.983833+00:00
[2023-12-03T10:04:24.998+0000] {processor.py:179} INFO - Processing /home/airflow/.local/lib/python3.8/site-packages/airflow/example_dags/example_latest_only.py took 0.068 seconds
[2023-12-03T10:04:55.548+0000] {processor.py:157} INFO - Started process (PID=2524) to work on /home/airflow/.local/lib/python3.8/site-packages/airflow/example_dags/example_latest_only.py
[2023-12-03T10:04:55.549+0000] {processor.py:829} INFO - Processing file /home/airflow/.local/lib/python3.8/site-packages/airflow/example_dags/example_latest_only.py for tasks to queue
[2023-12-03T10:04:55.552+0000] {logging_mixin.py:154} INFO - [2023-12-03T10:04:55.551+0000] {dagbag.py:536} INFO - Filling up the DagBag from /home/airflow/.local/lib/python3.8/site-packages/airflow/example_dags/example_latest_only.py
[2023-12-03T10:04:55.557+0000] {processor.py:839} INFO - DAG(s) dict_keys(['latest_only']) retrieved from /home/airflow/.local/lib/python3.8/site-packages/airflow/example_dags/example_latest_only.py
[2023-12-03T10:04:55.576+0000] {logging_mixin.py:154} INFO - [2023-12-03T10:04:55.575+0000] {dag.py:2941} INFO - Sync 1 DAGs
[2023-12-03T10:04:55.593+0000] {logging_mixin.py:154} INFO - [2023-12-03T10:04:55.593+0000] {dag.py:3722} INFO - Setting next_dagrun for latest_only to 2023-12-03T06:04:55.593299+00:00, run_after=2023-12-03T10:04:55.593299+00:00
[2023-12-03T10:04:55.607+0000] {processor.py:179} INFO - Processing /home/airflow/.local/lib/python3.8/site-packages/airflow/example_dags/example_latest_only.py took 0.064 seconds
[2023-12-03T10:05:26.044+0000] {processor.py:157} INFO - Started process (PID=2582) to work on /home/airflow/.local/lib/python3.8/site-packages/airflow/example_dags/example_latest_only.py
[2023-12-03T10:05:26.045+0000] {processor.py:829} INFO - Processing file /home/airflow/.local/lib/python3.8/site-packages/airflow/example_dags/example_latest_only.py for tasks to queue
[2023-12-03T10:05:26.047+0000] {logging_mixin.py:154} INFO - [2023-12-03T10:05:26.047+0000] {dagbag.py:536} INFO - Filling up the DagBag from /home/airflow/.local/lib/python3.8/site-packages/airflow/example_dags/example_latest_only.py
[2023-12-03T10:05:26.052+0000] {processor.py:839} INFO - DAG(s) dict_keys(['latest_only']) retrieved from /home/airflow/.local/lib/python3.8/site-packages/airflow/example_dags/example_latest_only.py
[2023-12-03T10:05:26.071+0000] {logging_mixin.py:154} INFO - [2023-12-03T10:05:26.070+0000] {dag.py:2941} INFO - Sync 1 DAGs
[2023-12-03T10:05:26.089+0000] {logging_mixin.py:154} INFO - [2023-12-03T10:05:26.089+0000] {dag.py:3722} INFO - Setting next_dagrun for latest_only to 2023-12-03T06:05:26.088884+00:00, run_after=2023-12-03T10:05:26.088884+00:00
[2023-12-03T10:05:26.105+0000] {processor.py:179} INFO - Processing /home/airflow/.local/lib/python3.8/site-packages/airflow/example_dags/example_latest_only.py took 0.065 seconds
[2023-12-03T10:05:56.141+0000] {processor.py:157} INFO - Started process (PID=2639) to work on /home/airflow/.local/lib/python3.8/site-packages/airflow/example_dags/example_latest_only.py
[2023-12-03T10:05:56.142+0000] {processor.py:829} INFO - Processing file /home/airflow/.local/lib/python3.8/site-packages/airflow/example_dags/example_latest_only.py for tasks to queue
[2023-12-03T10:05:56.144+0000] {logging_mixin.py:154} INFO - [2023-12-03T10:05:56.144+0000] {dagbag.py:536} INFO - Filling up the DagBag from /home/airflow/.local/lib/python3.8/site-packages/airflow/example_dags/example_latest_only.py
[2023-12-03T10:05:56.150+0000] {processor.py:839} INFO - DAG(s) dict_keys(['latest_only']) retrieved from /home/airflow/.local/lib/python3.8/site-packages/airflow/example_dags/example_latest_only.py
[2023-12-03T10:05:56.169+0000] {logging_mixin.py:154} INFO - [2023-12-03T10:05:56.169+0000] {dag.py:2941} INFO - Sync 1 DAGs
[2023-12-03T10:05:56.190+0000] {logging_mixin.py:154} INFO - [2023-12-03T10:05:56.190+0000] {dag.py:3722} INFO - Setting next_dagrun for latest_only to 2023-12-03T06:05:56.190286+00:00, run_after=2023-12-03T10:05:56.190286+00:00
[2023-12-03T10:05:56.207+0000] {processor.py:179} INFO - Processing /home/airflow/.local/lib/python3.8/site-packages/airflow/example_dags/example_latest_only.py took 0.071 seconds
[2023-12-03T10:06:26.271+0000] {processor.py:157} INFO - Started process (PID=2697) to work on /home/airflow/.local/lib/python3.8/site-packages/airflow/example_dags/example_latest_only.py
[2023-12-03T10:06:26.272+0000] {processor.py:829} INFO - Processing file /home/airflow/.local/lib/python3.8/site-packages/airflow/example_dags/example_latest_only.py for tasks to queue
[2023-12-03T10:06:26.275+0000] {logging_mixin.py:154} INFO - [2023-12-03T10:06:26.275+0000] {dagbag.py:536} INFO - Filling up the DagBag from /home/airflow/.local/lib/python3.8/site-packages/airflow/example_dags/example_latest_only.py
[2023-12-03T10:06:26.281+0000] {processor.py:839} INFO - DAG(s) dict_keys(['latest_only']) retrieved from /home/airflow/.local/lib/python3.8/site-packages/airflow/example_dags/example_latest_only.py
[2023-12-03T10:06:26.301+0000] {logging_mixin.py:154} INFO - [2023-12-03T10:06:26.301+0000] {dag.py:2941} INFO - Sync 1 DAGs
[2023-12-03T10:06:26.321+0000] {logging_mixin.py:154} INFO - [2023-12-03T10:06:26.321+0000] {dag.py:3722} INFO - Setting next_dagrun for latest_only to 2023-12-03T06:06:26.321106+00:00, run_after=2023-12-03T10:06:26.321106+00:00
[2023-12-03T10:06:26.336+0000] {processor.py:179} INFO - Processing /home/airflow/.local/lib/python3.8/site-packages/airflow/example_dags/example_latest_only.py took 0.070 seconds
[2023-12-03T10:06:56.623+0000] {processor.py:157} INFO - Started process (PID=2755) to work on /home/airflow/.local/lib/python3.8/site-packages/airflow/example_dags/example_latest_only.py
[2023-12-03T10:06:56.624+0000] {processor.py:829} INFO - Processing file /home/airflow/.local/lib/python3.8/site-packages/airflow/example_dags/example_latest_only.py for tasks to queue
[2023-12-03T10:06:56.627+0000] {logging_mixin.py:154} INFO - [2023-12-03T10:06:56.627+0000] {dagbag.py:536} INFO - Filling up the DagBag from /home/airflow/.local/lib/python3.8/site-packages/airflow/example_dags/example_latest_only.py
[2023-12-03T10:06:56.633+0000] {processor.py:839} INFO - DAG(s) dict_keys(['latest_only']) retrieved from /home/airflow/.local/lib/python3.8/site-packages/airflow/example_dags/example_latest_only.py
[2023-12-03T10:06:56.653+0000] {logging_mixin.py:154} INFO - [2023-12-03T10:06:56.653+0000] {dag.py:2941} INFO - Sync 1 DAGs
[2023-12-03T10:06:56.673+0000] {logging_mixin.py:154} INFO - [2023-12-03T10:06:56.673+0000] {dag.py:3722} INFO - Setting next_dagrun for latest_only to 2023-12-03T06:06:56.673345+00:00, run_after=2023-12-03T10:06:56.673345+00:00
[2023-12-03T10:06:56.687+0000] {processor.py:179} INFO - Processing /home/airflow/.local/lib/python3.8/site-packages/airflow/example_dags/example_latest_only.py took 0.068 seconds
[2023-12-03T10:07:27.749+0000] {processor.py:157} INFO - Started process (PID=2813) to work on /home/airflow/.local/lib/python3.8/site-packages/airflow/example_dags/example_latest_only.py
[2023-12-03T10:07:27.750+0000] {processor.py:829} INFO - Processing file /home/airflow/.local/lib/python3.8/site-packages/airflow/example_dags/example_latest_only.py for tasks to queue
[2023-12-03T10:07:27.753+0000] {logging_mixin.py:154} INFO - [2023-12-03T10:07:27.752+0000] {dagbag.py:536} INFO - Filling up the DagBag from /home/airflow/.local/lib/python3.8/site-packages/airflow/example_dags/example_latest_only.py
[2023-12-03T10:07:27.758+0000] {processor.py:839} INFO - DAG(s) dict_keys(['latest_only']) retrieved from /home/airflow/.local/lib/python3.8/site-packages/airflow/example_dags/example_latest_only.py
[2023-12-03T10:07:27.781+0000] {logging_mixin.py:154} INFO - [2023-12-03T10:07:27.781+0000] {dag.py:2941} INFO - Sync 1 DAGs
[2023-12-03T10:07:27.801+0000] {logging_mixin.py:154} INFO - [2023-12-03T10:07:27.801+0000] {dag.py:3722} INFO - Setting next_dagrun for latest_only to 2023-12-03T06:07:27.801408+00:00, run_after=2023-12-03T10:07:27.801408+00:00
[2023-12-03T10:07:27.819+0000] {processor.py:179} INFO - Processing /home/airflow/.local/lib/python3.8/site-packages/airflow/example_dags/example_latest_only.py took 0.075 seconds
[2023-12-03T10:07:58.162+0000] {processor.py:157} INFO - Started process (PID=2871) to work on /home/airflow/.local/lib/python3.8/site-packages/airflow/example_dags/example_latest_only.py
[2023-12-03T10:07:58.164+0000] {processor.py:829} INFO - Processing file /home/airflow/.local/lib/python3.8/site-packages/airflow/example_dags/example_latest_only.py for tasks to queue
[2023-12-03T10:07:58.167+0000] {logging_mixin.py:154} INFO - [2023-12-03T10:07:58.167+0000] {dagbag.py:536} INFO - Filling up the DagBag from /home/airflow/.local/lib/python3.8/site-packages/airflow/example_dags/example_latest_only.py
[2023-12-03T10:07:58.172+0000] {processor.py:839} INFO - DAG(s) dict_keys(['latest_only']) retrieved from /home/airflow/.local/lib/python3.8/site-packages/airflow/example_dags/example_latest_only.py
[2023-12-03T10:07:58.191+0000] {logging_mixin.py:154} INFO - [2023-12-03T10:07:58.191+0000] {dag.py:2941} INFO - Sync 1 DAGs
[2023-12-03T10:07:58.207+0000] {logging_mixin.py:154} INFO - [2023-12-03T10:07:58.207+0000] {dag.py:3722} INFO - Setting next_dagrun for latest_only to 2023-12-03T06:07:58.206939+00:00, run_after=2023-12-03T10:07:58.206939+00:00
[2023-12-03T10:07:58.220+0000] {processor.py:179} INFO - Processing /home/airflow/.local/lib/python3.8/site-packages/airflow/example_dags/example_latest_only.py took 0.060 seconds
[2023-12-03T11:28:20.834+0000] {processor.py:157} INFO - Started process (PID=2927) to work on /home/airflow/.local/lib/python3.8/site-packages/airflow/example_dags/example_latest_only.py
[2023-12-03T11:28:20.835+0000] {processor.py:829} INFO - Processing file /home/airflow/.local/lib/python3.8/site-packages/airflow/example_dags/example_latest_only.py for tasks to queue
[2023-12-03T11:28:20.838+0000] {logging_mixin.py:154} INFO - [2023-12-03T11:28:20.837+0000] {dagbag.py:536} INFO - Filling up the DagBag from /home/airflow/.local/lib/python3.8/site-packages/airflow/example_dags/example_latest_only.py
[2023-12-03T11:28:20.843+0000] {processor.py:839} INFO - DAG(s) dict_keys(['latest_only']) retrieved from /home/airflow/.local/lib/python3.8/site-packages/airflow/example_dags/example_latest_only.py
[2023-12-03T11:28:20.864+0000] {logging_mixin.py:154} INFO - [2023-12-03T11:28:20.864+0000] {dag.py:2941} INFO - Sync 1 DAGs
[2023-12-03T11:28:20.881+0000] {logging_mixin.py:154} INFO - [2023-12-03T11:28:20.881+0000] {dag.py:3722} INFO - Setting next_dagrun for latest_only to 2023-12-03T07:28:20.880935+00:00, run_after=2023-12-03T11:28:20.880935+00:00
[2023-12-03T11:28:20.902+0000] {processor.py:179} INFO - Processing /home/airflow/.local/lib/python3.8/site-packages/airflow/example_dags/example_latest_only.py took 0.072 seconds
[2023-12-03T12:09:30.361+0000] {processor.py:157} INFO - Started process (PID=2984) to work on /home/airflow/.local/lib/python3.8/site-packages/airflow/example_dags/example_latest_only.py
[2023-12-03T12:09:30.363+0000] {processor.py:829} INFO - Processing file /home/airflow/.local/lib/python3.8/site-packages/airflow/example_dags/example_latest_only.py for tasks to queue
[2023-12-03T12:09:30.366+0000] {logging_mixin.py:154} INFO - [2023-12-03T12:09:30.365+0000] {dagbag.py:536} INFO - Filling up the DagBag from /home/airflow/.local/lib/python3.8/site-packages/airflow/example_dags/example_latest_only.py
[2023-12-03T12:09:30.371+0000] {processor.py:839} INFO - DAG(s) dict_keys(['latest_only']) retrieved from /home/airflow/.local/lib/python3.8/site-packages/airflow/example_dags/example_latest_only.py
[2023-12-03T12:09:30.387+0000] {logging_mixin.py:154} INFO - [2023-12-03T12:09:30.387+0000] {dag.py:2941} INFO - Sync 1 DAGs
[2023-12-03T12:09:30.403+0000] {logging_mixin.py:154} INFO - [2023-12-03T12:09:30.403+0000] {dag.py:3722} INFO - Setting next_dagrun for latest_only to 2023-12-03T08:09:30.403128+00:00, run_after=2023-12-03T12:09:30.403128+00:00
[2023-12-03T12:09:30.418+0000] {processor.py:179} INFO - Processing /home/airflow/.local/lib/python3.8/site-packages/airflow/example_dags/example_latest_only.py took 0.060 seconds
[2023-12-03T12:27:32.770+0000] {processor.py:157} INFO - Started process (PID=3042) to work on /home/airflow/.local/lib/python3.8/site-packages/airflow/example_dags/example_latest_only.py
[2023-12-03T12:27:32.771+0000] {processor.py:829} INFO - Processing file /home/airflow/.local/lib/python3.8/site-packages/airflow/example_dags/example_latest_only.py for tasks to queue
[2023-12-03T12:27:32.773+0000] {logging_mixin.py:154} INFO - [2023-12-03T12:27:32.773+0000] {dagbag.py:536} INFO - Filling up the DagBag from /home/airflow/.local/lib/python3.8/site-packages/airflow/example_dags/example_latest_only.py
[2023-12-03T12:27:32.777+0000] {processor.py:839} INFO - DAG(s) dict_keys(['latest_only']) retrieved from /home/airflow/.local/lib/python3.8/site-packages/airflow/example_dags/example_latest_only.py
[2023-12-03T12:27:32.793+0000] {logging_mixin.py:154} INFO - [2023-12-03T12:27:32.792+0000] {dag.py:2941} INFO - Sync 1 DAGs
[2023-12-03T12:27:32.807+0000] {logging_mixin.py:154} INFO - [2023-12-03T12:27:32.807+0000] {dag.py:3722} INFO - Setting next_dagrun for latest_only to 2023-12-03T08:27:32.807345+00:00, run_after=2023-12-03T12:27:32.807345+00:00
[2023-12-03T12:27:32.821+0000] {processor.py:179} INFO - Processing /home/airflow/.local/lib/python3.8/site-packages/airflow/example_dags/example_latest_only.py took 0.054 seconds
[2023-12-03T12:44:56.112+0000] {processor.py:157} INFO - Started process (PID=3100) to work on /home/airflow/.local/lib/python3.8/site-packages/airflow/example_dags/example_latest_only.py
[2023-12-03T12:44:56.113+0000] {processor.py:829} INFO - Processing file /home/airflow/.local/lib/python3.8/site-packages/airflow/example_dags/example_latest_only.py for tasks to queue
[2023-12-03T12:44:56.116+0000] {logging_mixin.py:154} INFO - [2023-12-03T12:44:56.116+0000] {dagbag.py:536} INFO - Filling up the DagBag from /home/airflow/.local/lib/python3.8/site-packages/airflow/example_dags/example_latest_only.py
[2023-12-03T12:44:56.121+0000] {processor.py:839} INFO - DAG(s) dict_keys(['latest_only']) retrieved from /home/airflow/.local/lib/python3.8/site-packages/airflow/example_dags/example_latest_only.py
[2023-12-03T12:44:56.139+0000] {logging_mixin.py:154} INFO - [2023-12-03T12:44:56.139+0000] {dag.py:2941} INFO - Sync 1 DAGs
[2023-12-03T12:44:56.156+0000] {logging_mixin.py:154} INFO - [2023-12-03T12:44:56.156+0000] {dag.py:3722} INFO - Setting next_dagrun for latest_only to 2023-12-03T08:44:56.156400+00:00, run_after=2023-12-03T12:44:56.156400+00:00
[2023-12-03T12:44:56.170+0000] {processor.py:179} INFO - Processing /home/airflow/.local/lib/python3.8/site-packages/airflow/example_dags/example_latest_only.py took 0.062 seconds
[2023-12-03T13:35:11.498+0000] {processor.py:157} INFO - Started process (PID=3158) to work on /home/airflow/.local/lib/python3.8/site-packages/airflow/example_dags/example_latest_only.py
[2023-12-03T13:35:11.499+0000] {processor.py:829} INFO - Processing file /home/airflow/.local/lib/python3.8/site-packages/airflow/example_dags/example_latest_only.py for tasks to queue
[2023-12-03T13:35:11.501+0000] {logging_mixin.py:154} INFO - [2023-12-03T13:35:11.501+0000] {dagbag.py:536} INFO - Filling up the DagBag from /home/airflow/.local/lib/python3.8/site-packages/airflow/example_dags/example_latest_only.py
[2023-12-03T13:35:11.506+0000] {processor.py:839} INFO - DAG(s) dict_keys(['latest_only']) retrieved from /home/airflow/.local/lib/python3.8/site-packages/airflow/example_dags/example_latest_only.py
[2023-12-03T13:35:11.526+0000] {logging_mixin.py:154} INFO - [2023-12-03T13:35:11.525+0000] {dag.py:2941} INFO - Sync 1 DAGs
[2023-12-03T13:35:11.541+0000] {logging_mixin.py:154} INFO - [2023-12-03T13:35:11.541+0000] {dag.py:3722} INFO - Setting next_dagrun for latest_only to 2023-12-03T09:35:11.541424+00:00, run_after=2023-12-03T13:35:11.541424+00:00
[2023-12-03T13:35:11.554+0000] {processor.py:179} INFO - Processing /home/airflow/.local/lib/python3.8/site-packages/airflow/example_dags/example_latest_only.py took 0.060 seconds
[2023-12-03T14:27:25.500+0000] {processor.py:157} INFO - Started process (PID=3216) to work on /home/airflow/.local/lib/python3.8/site-packages/airflow/example_dags/example_latest_only.py
[2023-12-03T14:27:25.501+0000] {processor.py:829} INFO - Processing file /home/airflow/.local/lib/python3.8/site-packages/airflow/example_dags/example_latest_only.py for tasks to queue
[2023-12-03T14:27:25.504+0000] {logging_mixin.py:154} INFO - [2023-12-03T14:27:25.503+0000] {dagbag.py:536} INFO - Filling up the DagBag from /home/airflow/.local/lib/python3.8/site-packages/airflow/example_dags/example_latest_only.py
[2023-12-03T14:27:25.508+0000] {processor.py:839} INFO - DAG(s) dict_keys(['latest_only']) retrieved from /home/airflow/.local/lib/python3.8/site-packages/airflow/example_dags/example_latest_only.py
[2023-12-03T14:27:25.525+0000] {logging_mixin.py:154} INFO - [2023-12-03T14:27:25.525+0000] {dag.py:2941} INFO - Sync 1 DAGs
[2023-12-03T14:27:25.543+0000] {logging_mixin.py:154} INFO - [2023-12-03T14:27:25.543+0000] {dag.py:3722} INFO - Setting next_dagrun for latest_only to 2023-12-03T10:27:25.542890+00:00, run_after=2023-12-03T14:27:25.542890+00:00
[2023-12-03T14:27:25.555+0000] {processor.py:179} INFO - Processing /home/airflow/.local/lib/python3.8/site-packages/airflow/example_dags/example_latest_only.py took 0.059 seconds
[2023-12-03T15:18:33.935+0000] {processor.py:157} INFO - Started process (PID=3274) to work on /home/airflow/.local/lib/python3.8/site-packages/airflow/example_dags/example_latest_only.py
[2023-12-03T15:18:33.940+0000] {processor.py:829} INFO - Processing file /home/airflow/.local/lib/python3.8/site-packages/airflow/example_dags/example_latest_only.py for tasks to queue
[2023-12-03T15:18:33.944+0000] {logging_mixin.py:154} INFO - [2023-12-03T15:18:33.944+0000] {dagbag.py:536} INFO - Filling up the DagBag from /home/airflow/.local/lib/python3.8/site-packages/airflow/example_dags/example_latest_only.py
[2023-12-03T15:18:33.950+0000] {processor.py:839} INFO - DAG(s) dict_keys(['latest_only']) retrieved from /home/airflow/.local/lib/python3.8/site-packages/airflow/example_dags/example_latest_only.py
[2023-12-03T15:18:33.974+0000] {logging_mixin.py:154} INFO - [2023-12-03T15:18:33.974+0000] {dag.py:2941} INFO - Sync 1 DAGs
[2023-12-03T15:18:33.998+0000] {logging_mixin.py:154} INFO - [2023-12-03T15:18:33.997+0000] {dag.py:3722} INFO - Setting next_dagrun for latest_only to 2023-12-03T11:18:33.997694+00:00, run_after=2023-12-03T15:18:33.997694+00:00
[2023-12-03T15:18:34.011+0000] {processor.py:179} INFO - Processing /home/airflow/.local/lib/python3.8/site-packages/airflow/example_dags/example_latest_only.py took 0.079 seconds
[2023-12-03T16:07:34.115+0000] {processor.py:157} INFO - Started process (PID=3332) to work on /home/airflow/.local/lib/python3.8/site-packages/airflow/example_dags/example_latest_only.py
[2023-12-03T16:07:34.117+0000] {processor.py:829} INFO - Processing file /home/airflow/.local/lib/python3.8/site-packages/airflow/example_dags/example_latest_only.py for tasks to queue
[2023-12-03T16:07:34.118+0000] {logging_mixin.py:154} INFO - [2023-12-03T16:07:34.118+0000] {dagbag.py:536} INFO - Filling up the DagBag from /home/airflow/.local/lib/python3.8/site-packages/airflow/example_dags/example_latest_only.py
[2023-12-03T16:07:34.128+0000] {processor.py:839} INFO - DAG(s) dict_keys(['latest_only']) retrieved from /home/airflow/.local/lib/python3.8/site-packages/airflow/example_dags/example_latest_only.py
[2023-12-03T16:07:34.180+0000] {logging_mixin.py:154} INFO - [2023-12-03T16:07:34.180+0000] {dag.py:2941} INFO - Sync 1 DAGs
[2023-12-03T16:07:34.206+0000] {logging_mixin.py:154} INFO - [2023-12-03T16:07:34.206+0000] {dag.py:3722} INFO - Setting next_dagrun for latest_only to 2023-12-03T12:07:34.205956+00:00, run_after=2023-12-03T16:07:34.205956+00:00
[2023-12-03T16:07:34.238+0000] {processor.py:179} INFO - Processing /home/airflow/.local/lib/python3.8/site-packages/airflow/example_dags/example_latest_only.py took 0.126 seconds
[2023-12-03T16:58:05.036+0000] {processor.py:157} INFO - Started process (PID=3390) to work on /home/airflow/.local/lib/python3.8/site-packages/airflow/example_dags/example_latest_only.py
[2023-12-03T16:58:05.037+0000] {processor.py:829} INFO - Processing file /home/airflow/.local/lib/python3.8/site-packages/airflow/example_dags/example_latest_only.py for tasks to queue
[2023-12-03T16:58:05.039+0000] {logging_mixin.py:154} INFO - [2023-12-03T16:58:05.039+0000] {dagbag.py:536} INFO - Filling up the DagBag from /home/airflow/.local/lib/python3.8/site-packages/airflow/example_dags/example_latest_only.py
[2023-12-03T16:58:05.043+0000] {processor.py:839} INFO - DAG(s) dict_keys(['latest_only']) retrieved from /home/airflow/.local/lib/python3.8/site-packages/airflow/example_dags/example_latest_only.py
[2023-12-03T16:58:05.065+0000] {logging_mixin.py:154} INFO - [2023-12-03T16:58:05.065+0000] {dag.py:2941} INFO - Sync 1 DAGs
[2023-12-03T16:58:05.080+0000] {logging_mixin.py:154} INFO - [2023-12-03T16:58:05.080+0000] {dag.py:3722} INFO - Setting next_dagrun for latest_only to 2023-12-03T12:58:05.080042+00:00, run_after=2023-12-03T16:58:05.080042+00:00
[2023-12-03T16:58:05.091+0000] {processor.py:179} INFO - Processing /home/airflow/.local/lib/python3.8/site-packages/airflow/example_dags/example_latest_only.py took 0.059 seconds
[2023-12-03T17:46:23.320+0000] {processor.py:157} INFO - Started process (PID=3448) to work on /home/airflow/.local/lib/python3.8/site-packages/airflow/example_dags/example_latest_only.py
[2023-12-03T17:46:23.321+0000] {processor.py:829} INFO - Processing file /home/airflow/.local/lib/python3.8/site-packages/airflow/example_dags/example_latest_only.py for tasks to queue
[2023-12-03T17:46:23.324+0000] {logging_mixin.py:154} INFO - [2023-12-03T17:46:23.323+0000] {dagbag.py:536} INFO - Filling up the DagBag from /home/airflow/.local/lib/python3.8/site-packages/airflow/example_dags/example_latest_only.py
[2023-12-03T17:46:23.329+0000] {processor.py:839} INFO - DAG(s) dict_keys(['latest_only']) retrieved from /home/airflow/.local/lib/python3.8/site-packages/airflow/example_dags/example_latest_only.py
[2023-12-03T17:46:23.345+0000] {logging_mixin.py:154} INFO - [2023-12-03T17:46:23.345+0000] {dag.py:2941} INFO - Sync 1 DAGs
[2023-12-03T17:46:23.360+0000] {logging_mixin.py:154} INFO - [2023-12-03T17:46:23.359+0000] {dag.py:3722} INFO - Setting next_dagrun for latest_only to 2023-12-03T13:46:23.359661+00:00, run_after=2023-12-03T17:46:23.359661+00:00
[2023-12-03T17:46:23.374+0000] {processor.py:179} INFO - Processing /home/airflow/.local/lib/python3.8/site-packages/airflow/example_dags/example_latest_only.py took 0.058 seconds
[2023-12-03T18:33:42.932+0000] {processor.py:157} INFO - Started process (PID=3506) to work on /home/airflow/.local/lib/python3.8/site-packages/airflow/example_dags/example_latest_only.py
[2023-12-03T18:33:42.934+0000] {processor.py:829} INFO - Processing file /home/airflow/.local/lib/python3.8/site-packages/airflow/example_dags/example_latest_only.py for tasks to queue
[2023-12-03T18:33:42.936+0000] {logging_mixin.py:154} INFO - [2023-12-03T18:33:42.936+0000] {dagbag.py:536} INFO - Filling up the DagBag from /home/airflow/.local/lib/python3.8/site-packages/airflow/example_dags/example_latest_only.py
[2023-12-03T18:33:42.941+0000] {processor.py:839} INFO - DAG(s) dict_keys(['latest_only']) retrieved from /home/airflow/.local/lib/python3.8/site-packages/airflow/example_dags/example_latest_only.py
[2023-12-03T18:33:42.960+0000] {logging_mixin.py:154} INFO - [2023-12-03T18:33:42.959+0000] {dag.py:2941} INFO - Sync 1 DAGs
[2023-12-03T18:33:42.977+0000] {logging_mixin.py:154} INFO - [2023-12-03T18:33:42.977+0000] {dag.py:3722} INFO - Setting next_dagrun for latest_only to 2023-12-03T14:33:42.977052+00:00, run_after=2023-12-03T18:33:42.977052+00:00
[2023-12-03T18:33:42.989+0000] {processor.py:179} INFO - Processing /home/airflow/.local/lib/python3.8/site-packages/airflow/example_dags/example_latest_only.py took 0.061 seconds
[2023-12-03T19:06:27.667+0000] {processor.py:157} INFO - Started process (PID=3564) to work on /home/airflow/.local/lib/python3.8/site-packages/airflow/example_dags/example_latest_only.py
[2023-12-03T19:06:27.668+0000] {processor.py:829} INFO - Processing file /home/airflow/.local/lib/python3.8/site-packages/airflow/example_dags/example_latest_only.py for tasks to queue
[2023-12-03T19:06:27.670+0000] {logging_mixin.py:154} INFO - [2023-12-03T19:06:27.669+0000] {dagbag.py:536} INFO - Filling up the DagBag from /home/airflow/.local/lib/python3.8/site-packages/airflow/example_dags/example_latest_only.py
[2023-12-03T19:06:27.675+0000] {processor.py:839} INFO - DAG(s) dict_keys(['latest_only']) retrieved from /home/airflow/.local/lib/python3.8/site-packages/airflow/example_dags/example_latest_only.py
[2023-12-03T19:06:27.706+0000] {logging_mixin.py:154} INFO - [2023-12-03T19:06:27.706+0000] {dag.py:2941} INFO - Sync 1 DAGs
[2023-12-03T19:06:27.727+0000] {logging_mixin.py:154} INFO - [2023-12-03T19:06:27.727+0000] {dag.py:3722} INFO - Setting next_dagrun for latest_only to 2023-12-03T15:06:27.726638+00:00, run_after=2023-12-03T19:06:27.726638+00:00
[2023-12-03T19:06:27.755+0000] {processor.py:179} INFO - Processing /home/airflow/.local/lib/python3.8/site-packages/airflow/example_dags/example_latest_only.py took 0.091 seconds
[2023-12-03T19:22:02.590+0000] {processor.py:157} INFO - Started process (PID=3621) to work on /home/airflow/.local/lib/python3.8/site-packages/airflow/example_dags/example_latest_only.py
[2023-12-03T19:22:02.592+0000] {processor.py:829} INFO - Processing file /home/airflow/.local/lib/python3.8/site-packages/airflow/example_dags/example_latest_only.py for tasks to queue
[2023-12-03T19:22:02.595+0000] {logging_mixin.py:154} INFO - [2023-12-03T19:22:02.595+0000] {dagbag.py:536} INFO - Filling up the DagBag from /home/airflow/.local/lib/python3.8/site-packages/airflow/example_dags/example_latest_only.py
[2023-12-03T19:22:02.601+0000] {processor.py:839} INFO - DAG(s) dict_keys(['latest_only']) retrieved from /home/airflow/.local/lib/python3.8/site-packages/airflow/example_dags/example_latest_only.py
[2023-12-03T19:22:02.620+0000] {logging_mixin.py:154} INFO - [2023-12-03T19:22:02.620+0000] {dag.py:2941} INFO - Sync 1 DAGs
[2023-12-03T19:22:02.637+0000] {logging_mixin.py:154} INFO - [2023-12-03T19:22:02.636+0000] {dag.py:3722} INFO - Setting next_dagrun for latest_only to 2023-12-03T15:22:02.636689+00:00, run_after=2023-12-03T19:22:02.636689+00:00
[2023-12-03T19:22:02.649+0000] {processor.py:179} INFO - Processing /home/airflow/.local/lib/python3.8/site-packages/airflow/example_dags/example_latest_only.py took 0.062 seconds
[2023-12-03T20:11:34.790+0000] {processor.py:157} INFO - Started process (PID=3679) to work on /home/airflow/.local/lib/python3.8/site-packages/airflow/example_dags/example_latest_only.py
[2023-12-03T20:11:34.791+0000] {processor.py:829} INFO - Processing file /home/airflow/.local/lib/python3.8/site-packages/airflow/example_dags/example_latest_only.py for tasks to queue
[2023-12-03T20:11:34.794+0000] {logging_mixin.py:154} INFO - [2023-12-03T20:11:34.794+0000] {dagbag.py:536} INFO - Filling up the DagBag from /home/airflow/.local/lib/python3.8/site-packages/airflow/example_dags/example_latest_only.py
[2023-12-03T20:11:34.798+0000] {processor.py:839} INFO - DAG(s) dict_keys(['latest_only']) retrieved from /home/airflow/.local/lib/python3.8/site-packages/airflow/example_dags/example_latest_only.py
[2023-12-03T20:11:34.817+0000] {logging_mixin.py:154} INFO - [2023-12-03T20:11:34.817+0000] {dag.py:2941} INFO - Sync 1 DAGs
[2023-12-03T20:11:34.833+0000] {logging_mixin.py:154} INFO - [2023-12-03T20:11:34.832+0000] {dag.py:3722} INFO - Setting next_dagrun for latest_only to 2023-12-03T16:11:34.832727+00:00, run_after=2023-12-03T20:11:34.832727+00:00
[2023-12-03T20:11:34.847+0000] {processor.py:179} INFO - Processing /home/airflow/.local/lib/python3.8/site-packages/airflow/example_dags/example_latest_only.py took 0.061 seconds
[2023-12-03T21:36:34.753+0000] {processor.py:157} INFO - Started process (PID=3737) to work on /home/airflow/.local/lib/python3.8/site-packages/airflow/example_dags/example_latest_only.py
[2023-12-03T21:36:34.754+0000] {processor.py:829} INFO - Processing file /home/airflow/.local/lib/python3.8/site-packages/airflow/example_dags/example_latest_only.py for tasks to queue
[2023-12-03T21:36:34.757+0000] {logging_mixin.py:154} INFO - [2023-12-03T21:36:34.756+0000] {dagbag.py:536} INFO - Filling up the DagBag from /home/airflow/.local/lib/python3.8/site-packages/airflow/example_dags/example_latest_only.py
[2023-12-03T21:36:34.762+0000] {processor.py:839} INFO - DAG(s) dict_keys(['latest_only']) retrieved from /home/airflow/.local/lib/python3.8/site-packages/airflow/example_dags/example_latest_only.py
[2023-12-03T21:36:34.779+0000] {logging_mixin.py:154} INFO - [2023-12-03T21:36:34.779+0000] {dag.py:2941} INFO - Sync 1 DAGs
[2023-12-03T21:36:34.795+0000] {logging_mixin.py:154} INFO - [2023-12-03T21:36:34.795+0000] {dag.py:3722} INFO - Setting next_dagrun for latest_only to 2023-12-03T17:36:34.795524+00:00, run_after=2023-12-03T21:36:34.795524+00:00
[2023-12-03T21:36:34.808+0000] {processor.py:179} INFO - Processing /home/airflow/.local/lib/python3.8/site-packages/airflow/example_dags/example_latest_only.py took 0.059 seconds
[2023-12-03T22:57:32.367+0000] {processor.py:157} INFO - Started process (PID=3795) to work on /home/airflow/.local/lib/python3.8/site-packages/airflow/example_dags/example_latest_only.py
[2023-12-03T22:57:32.371+0000] {processor.py:829} INFO - Processing file /home/airflow/.local/lib/python3.8/site-packages/airflow/example_dags/example_latest_only.py for tasks to queue
[2023-12-03T22:57:32.374+0000] {logging_mixin.py:154} INFO - [2023-12-03T22:57:32.374+0000] {dagbag.py:536} INFO - Filling up the DagBag from /home/airflow/.local/lib/python3.8/site-packages/airflow/example_dags/example_latest_only.py
[2023-12-03T22:57:32.379+0000] {processor.py:839} INFO - DAG(s) dict_keys(['latest_only']) retrieved from /home/airflow/.local/lib/python3.8/site-packages/airflow/example_dags/example_latest_only.py
[2023-12-03T22:57:32.395+0000] {logging_mixin.py:154} INFO - [2023-12-03T22:57:32.395+0000] {dag.py:2941} INFO - Sync 1 DAGs
[2023-12-03T22:57:32.411+0000] {logging_mixin.py:154} INFO - [2023-12-03T22:57:32.411+0000] {dag.py:3722} INFO - Setting next_dagrun for latest_only to 2023-12-03T18:57:32.411257+00:00, run_after=2023-12-03T22:57:32.411257+00:00
[2023-12-03T22:57:32.425+0000] {processor.py:179} INFO - Processing /home/airflow/.local/lib/python3.8/site-packages/airflow/example_dags/example_latest_only.py took 0.062 seconds
[2023-12-03T23:13:11.183+0000] {processor.py:157} INFO - Started process (PID=3846) to work on /home/airflow/.local/lib/python3.8/site-packages/airflow/example_dags/example_latest_only.py
[2023-12-03T23:13:11.185+0000] {processor.py:829} INFO - Processing file /home/airflow/.local/lib/python3.8/site-packages/airflow/example_dags/example_latest_only.py for tasks to queue
[2023-12-03T23:13:11.187+0000] {logging_mixin.py:154} INFO - [2023-12-03T23:13:11.187+0000] {dagbag.py:536} INFO - Filling up the DagBag from /home/airflow/.local/lib/python3.8/site-packages/airflow/example_dags/example_latest_only.py
[2023-12-03T23:13:11.192+0000] {processor.py:839} INFO - DAG(s) dict_keys(['latest_only']) retrieved from /home/airflow/.local/lib/python3.8/site-packages/airflow/example_dags/example_latest_only.py
[2023-12-03T23:13:11.210+0000] {logging_mixin.py:154} INFO - [2023-12-03T23:13:11.210+0000] {dag.py:2941} INFO - Sync 1 DAGs
[2023-12-03T23:13:11.225+0000] {logging_mixin.py:154} INFO - [2023-12-03T23:13:11.225+0000] {dag.py:3722} INFO - Setting next_dagrun for latest_only to 2023-12-03T19:13:11.225627+00:00, run_after=2023-12-03T23:13:11.225627+00:00
[2023-12-03T23:13:11.240+0000] {processor.py:179} INFO - Processing /home/airflow/.local/lib/python3.8/site-packages/airflow/example_dags/example_latest_only.py took 0.060 seconds
[2023-12-03T23:22:19.665+0000] {processor.py:157} INFO - Started process (PID=3904) to work on /home/airflow/.local/lib/python3.8/site-packages/airflow/example_dags/example_latest_only.py
[2023-12-03T23:22:19.667+0000] {processor.py:829} INFO - Processing file /home/airflow/.local/lib/python3.8/site-packages/airflow/example_dags/example_latest_only.py for tasks to queue
[2023-12-03T23:22:19.669+0000] {logging_mixin.py:154} INFO - [2023-12-03T23:22:19.669+0000] {dagbag.py:536} INFO - Filling up the DagBag from /home/airflow/.local/lib/python3.8/site-packages/airflow/example_dags/example_latest_only.py
[2023-12-03T23:22:19.674+0000] {processor.py:839} INFO - DAG(s) dict_keys(['latest_only']) retrieved from /home/airflow/.local/lib/python3.8/site-packages/airflow/example_dags/example_latest_only.py
[2023-12-03T23:22:19.694+0000] {logging_mixin.py:154} INFO - [2023-12-03T23:22:19.693+0000] {dag.py:2941} INFO - Sync 1 DAGs
[2023-12-03T23:22:19.710+0000] {logging_mixin.py:154} INFO - [2023-12-03T23:22:19.710+0000] {dag.py:3722} INFO - Setting next_dagrun for latest_only to 2023-12-03T19:22:19.710464+00:00, run_after=2023-12-03T23:22:19.710464+00:00
[2023-12-03T23:22:19.724+0000] {processor.py:179} INFO - Processing /home/airflow/.local/lib/python3.8/site-packages/airflow/example_dags/example_latest_only.py took 0.063 seconds
