[2023-12-03T09:43:24.413+0000] {processor.py:157} INFO - Started process (PID=68) to work on /home/airflow/.local/lib/python3.8/site-packages/airflow/example_dags/example_params_ui_tutorial.py
[2023-12-03T09:43:24.415+0000] {processor.py:829} INFO - Processing file /home/airflow/.local/lib/python3.8/site-packages/airflow/example_dags/example_params_ui_tutorial.py for tasks to queue
[2023-12-03T09:43:24.419+0000] {logging_mixin.py:154} INFO - [2023-12-03T09:43:24.419+0000] {dagbag.py:536} INFO - Filling up the DagBag from /home/airflow/.local/lib/python3.8/site-packages/airflow/example_dags/example_params_ui_tutorial.py
[2023-12-03T09:43:24.465+0000] {processor.py:839} INFO - DAG(s) dict_keys(['example_params_ui_tutorial']) retrieved from /home/airflow/.local/lib/python3.8/site-packages/airflow/example_dags/example_params_ui_tutorial.py
[2023-12-03T09:43:24.481+0000] {logging_mixin.py:154} INFO - [2023-12-03T09:43:24.481+0000] {dag.py:2941} INFO - Sync 1 DAGs
[2023-12-03T09:43:24.498+0000] {logging_mixin.py:154} INFO - [2023-12-03T09:43:24.498+0000] {dag.py:3722} INFO - Setting next_dagrun for example_params_ui_tutorial to None, run_after=None
[2023-12-03T09:43:24.517+0000] {processor.py:179} INFO - Processing /home/airflow/.local/lib/python3.8/site-packages/airflow/example_dags/example_params_ui_tutorial.py took 0.108 seconds
[2023-12-03T09:43:55.034+0000] {processor.py:157} INFO - Started process (PID=126) to work on /home/airflow/.local/lib/python3.8/site-packages/airflow/example_dags/example_params_ui_tutorial.py
[2023-12-03T09:43:55.035+0000] {processor.py:829} INFO - Processing file /home/airflow/.local/lib/python3.8/site-packages/airflow/example_dags/example_params_ui_tutorial.py for tasks to queue
[2023-12-03T09:43:55.038+0000] {logging_mixin.py:154} INFO - [2023-12-03T09:43:55.038+0000] {dagbag.py:536} INFO - Filling up the DagBag from /home/airflow/.local/lib/python3.8/site-packages/airflow/example_dags/example_params_ui_tutorial.py
[2023-12-03T09:43:55.085+0000] {processor.py:839} INFO - DAG(s) dict_keys(['example_params_ui_tutorial']) retrieved from /home/airflow/.local/lib/python3.8/site-packages/airflow/example_dags/example_params_ui_tutorial.py
[2023-12-03T09:43:55.155+0000] {logging_mixin.py:154} INFO - [2023-12-03T09:43:55.154+0000] {dag.py:2941} INFO - Sync 1 DAGs
[2023-12-03T09:43:55.168+0000] {logging_mixin.py:154} INFO - [2023-12-03T09:43:55.168+0000] {dag.py:3722} INFO - Setting next_dagrun for example_params_ui_tutorial to None, run_after=None
[2023-12-03T09:43:55.189+0000] {processor.py:179} INFO - Processing /home/airflow/.local/lib/python3.8/site-packages/airflow/example_dags/example_params_ui_tutorial.py took 0.160 seconds
[2023-12-03T09:44:25.806+0000] {processor.py:157} INFO - Started process (PID=183) to work on /home/airflow/.local/lib/python3.8/site-packages/airflow/example_dags/example_params_ui_tutorial.py
[2023-12-03T09:44:25.807+0000] {processor.py:829} INFO - Processing file /home/airflow/.local/lib/python3.8/site-packages/airflow/example_dags/example_params_ui_tutorial.py for tasks to queue
[2023-12-03T09:44:25.810+0000] {logging_mixin.py:154} INFO - [2023-12-03T09:44:25.810+0000] {dagbag.py:536} INFO - Filling up the DagBag from /home/airflow/.local/lib/python3.8/site-packages/airflow/example_dags/example_params_ui_tutorial.py
[2023-12-03T09:44:25.843+0000] {processor.py:839} INFO - DAG(s) dict_keys(['example_params_ui_tutorial']) retrieved from /home/airflow/.local/lib/python3.8/site-packages/airflow/example_dags/example_params_ui_tutorial.py
[2023-12-03T09:44:25.889+0000] {logging_mixin.py:154} INFO - [2023-12-03T09:44:25.888+0000] {dag.py:2941} INFO - Sync 1 DAGs
[2023-12-03T09:44:25.900+0000] {logging_mixin.py:154} INFO - [2023-12-03T09:44:25.899+0000] {dag.py:3722} INFO - Setting next_dagrun for example_params_ui_tutorial to None, run_after=None
[2023-12-03T09:44:25.916+0000] {processor.py:179} INFO - Processing /home/airflow/.local/lib/python3.8/site-packages/airflow/example_dags/example_params_ui_tutorial.py took 0.113 seconds
[2023-12-03T09:44:56.966+0000] {processor.py:157} INFO - Started process (PID=241) to work on /home/airflow/.local/lib/python3.8/site-packages/airflow/example_dags/example_params_ui_tutorial.py
[2023-12-03T09:44:56.968+0000] {processor.py:829} INFO - Processing file /home/airflow/.local/lib/python3.8/site-packages/airflow/example_dags/example_params_ui_tutorial.py for tasks to queue
[2023-12-03T09:44:56.971+0000] {logging_mixin.py:154} INFO - [2023-12-03T09:44:56.970+0000] {dagbag.py:536} INFO - Filling up the DagBag from /home/airflow/.local/lib/python3.8/site-packages/airflow/example_dags/example_params_ui_tutorial.py
[2023-12-03T09:44:57.017+0000] {processor.py:839} INFO - DAG(s) dict_keys(['example_params_ui_tutorial']) retrieved from /home/airflow/.local/lib/python3.8/site-packages/airflow/example_dags/example_params_ui_tutorial.py
[2023-12-03T09:44:57.083+0000] {logging_mixin.py:154} INFO - [2023-12-03T09:44:57.082+0000] {dag.py:2941} INFO - Sync 1 DAGs
[2023-12-03T09:44:57.098+0000] {logging_mixin.py:154} INFO - [2023-12-03T09:44:57.098+0000] {dag.py:3722} INFO - Setting next_dagrun for example_params_ui_tutorial to None, run_after=None
[2023-12-03T09:44:57.117+0000] {processor.py:179} INFO - Processing /home/airflow/.local/lib/python3.8/site-packages/airflow/example_dags/example_params_ui_tutorial.py took 0.155 seconds
[2023-12-03T09:45:28.231+0000] {processor.py:157} INFO - Started process (PID=298) to work on /home/airflow/.local/lib/python3.8/site-packages/airflow/example_dags/example_params_ui_tutorial.py
[2023-12-03T09:45:28.233+0000] {processor.py:829} INFO - Processing file /home/airflow/.local/lib/python3.8/site-packages/airflow/example_dags/example_params_ui_tutorial.py for tasks to queue
[2023-12-03T09:45:28.237+0000] {logging_mixin.py:154} INFO - [2023-12-03T09:45:28.237+0000] {dagbag.py:536} INFO - Filling up the DagBag from /home/airflow/.local/lib/python3.8/site-packages/airflow/example_dags/example_params_ui_tutorial.py
[2023-12-03T09:45:28.283+0000] {processor.py:839} INFO - DAG(s) dict_keys(['example_params_ui_tutorial']) retrieved from /home/airflow/.local/lib/python3.8/site-packages/airflow/example_dags/example_params_ui_tutorial.py
[2023-12-03T09:45:28.353+0000] {logging_mixin.py:154} INFO - [2023-12-03T09:45:28.352+0000] {dag.py:2941} INFO - Sync 1 DAGs
[2023-12-03T09:45:28.374+0000] {logging_mixin.py:154} INFO - [2023-12-03T09:45:28.374+0000] {dag.py:3722} INFO - Setting next_dagrun for example_params_ui_tutorial to None, run_after=None
[2023-12-03T09:45:28.405+0000] {processor.py:179} INFO - Processing /home/airflow/.local/lib/python3.8/site-packages/airflow/example_dags/example_params_ui_tutorial.py took 0.180 seconds
[2023-12-03T09:45:59.127+0000] {processor.py:157} INFO - Started process (PID=358) to work on /home/airflow/.local/lib/python3.8/site-packages/airflow/example_dags/example_params_ui_tutorial.py
[2023-12-03T09:45:59.128+0000] {processor.py:829} INFO - Processing file /home/airflow/.local/lib/python3.8/site-packages/airflow/example_dags/example_params_ui_tutorial.py for tasks to queue
[2023-12-03T09:45:59.131+0000] {logging_mixin.py:154} INFO - [2023-12-03T09:45:59.131+0000] {dagbag.py:536} INFO - Filling up the DagBag from /home/airflow/.local/lib/python3.8/site-packages/airflow/example_dags/example_params_ui_tutorial.py
[2023-12-03T09:45:59.168+0000] {processor.py:839} INFO - DAG(s) dict_keys(['example_params_ui_tutorial']) retrieved from /home/airflow/.local/lib/python3.8/site-packages/airflow/example_dags/example_params_ui_tutorial.py
[2023-12-03T09:45:59.215+0000] {logging_mixin.py:154} INFO - [2023-12-03T09:45:59.215+0000] {dag.py:2941} INFO - Sync 1 DAGs
[2023-12-03T09:45:59.228+0000] {logging_mixin.py:154} INFO - [2023-12-03T09:45:59.228+0000] {dag.py:3722} INFO - Setting next_dagrun for example_params_ui_tutorial to None, run_after=None
[2023-12-03T09:45:59.246+0000] {processor.py:179} INFO - Processing /home/airflow/.local/lib/python3.8/site-packages/airflow/example_dags/example_params_ui_tutorial.py took 0.123 seconds
[2023-12-03T09:46:29.866+0000] {processor.py:157} INFO - Started process (PID=416) to work on /home/airflow/.local/lib/python3.8/site-packages/airflow/example_dags/example_params_ui_tutorial.py
[2023-12-03T09:46:29.868+0000] {processor.py:829} INFO - Processing file /home/airflow/.local/lib/python3.8/site-packages/airflow/example_dags/example_params_ui_tutorial.py for tasks to queue
[2023-12-03T09:46:29.871+0000] {logging_mixin.py:154} INFO - [2023-12-03T09:46:29.870+0000] {dagbag.py:536} INFO - Filling up the DagBag from /home/airflow/.local/lib/python3.8/site-packages/airflow/example_dags/example_params_ui_tutorial.py
[2023-12-03T09:46:29.913+0000] {processor.py:839} INFO - DAG(s) dict_keys(['example_params_ui_tutorial']) retrieved from /home/airflow/.local/lib/python3.8/site-packages/airflow/example_dags/example_params_ui_tutorial.py
[2023-12-03T09:46:29.985+0000] {logging_mixin.py:154} INFO - [2023-12-03T09:46:29.985+0000] {dag.py:2941} INFO - Sync 1 DAGs
[2023-12-03T09:46:30.001+0000] {logging_mixin.py:154} INFO - [2023-12-03T09:46:30.001+0000] {dag.py:3722} INFO - Setting next_dagrun for example_params_ui_tutorial to None, run_after=None
[2023-12-03T09:46:30.024+0000] {processor.py:179} INFO - Processing /home/airflow/.local/lib/python3.8/site-packages/airflow/example_dags/example_params_ui_tutorial.py took 0.164 seconds
[2023-12-03T09:47:00.119+0000] {processor.py:157} INFO - Started process (PID=473) to work on /home/airflow/.local/lib/python3.8/site-packages/airflow/example_dags/example_params_ui_tutorial.py
[2023-12-03T09:47:00.120+0000] {processor.py:829} INFO - Processing file /home/airflow/.local/lib/python3.8/site-packages/airflow/example_dags/example_params_ui_tutorial.py for tasks to queue
[2023-12-03T09:47:00.122+0000] {logging_mixin.py:154} INFO - [2023-12-03T09:47:00.122+0000] {dagbag.py:536} INFO - Filling up the DagBag from /home/airflow/.local/lib/python3.8/site-packages/airflow/example_dags/example_params_ui_tutorial.py
[2023-12-03T09:47:00.155+0000] {processor.py:839} INFO - DAG(s) dict_keys(['example_params_ui_tutorial']) retrieved from /home/airflow/.local/lib/python3.8/site-packages/airflow/example_dags/example_params_ui_tutorial.py
[2023-12-03T09:47:00.207+0000] {logging_mixin.py:154} INFO - [2023-12-03T09:47:00.206+0000] {dag.py:2941} INFO - Sync 1 DAGs
[2023-12-03T09:47:00.219+0000] {logging_mixin.py:154} INFO - [2023-12-03T09:47:00.219+0000] {dag.py:3722} INFO - Setting next_dagrun for example_params_ui_tutorial to None, run_after=None
[2023-12-03T09:47:00.236+0000] {processor.py:179} INFO - Processing /home/airflow/.local/lib/python3.8/site-packages/airflow/example_dags/example_params_ui_tutorial.py took 0.121 seconds
[2023-12-03T09:47:30.883+0000] {processor.py:157} INFO - Started process (PID=532) to work on /home/airflow/.local/lib/python3.8/site-packages/airflow/example_dags/example_params_ui_tutorial.py
[2023-12-03T09:47:30.884+0000] {processor.py:829} INFO - Processing file /home/airflow/.local/lib/python3.8/site-packages/airflow/example_dags/example_params_ui_tutorial.py for tasks to queue
[2023-12-03T09:47:30.888+0000] {logging_mixin.py:154} INFO - [2023-12-03T09:47:30.887+0000] {dagbag.py:536} INFO - Filling up the DagBag from /home/airflow/.local/lib/python3.8/site-packages/airflow/example_dags/example_params_ui_tutorial.py
[2023-12-03T09:47:30.945+0000] {processor.py:839} INFO - DAG(s) dict_keys(['example_params_ui_tutorial']) retrieved from /home/airflow/.local/lib/python3.8/site-packages/airflow/example_dags/example_params_ui_tutorial.py
[2023-12-03T09:47:31.011+0000] {logging_mixin.py:154} INFO - [2023-12-03T09:47:31.010+0000] {dag.py:2941} INFO - Sync 1 DAGs
[2023-12-03T09:47:31.030+0000] {logging_mixin.py:154} INFO - [2023-12-03T09:47:31.030+0000] {dag.py:3722} INFO - Setting next_dagrun for example_params_ui_tutorial to None, run_after=None
[2023-12-03T09:47:31.055+0000] {processor.py:179} INFO - Processing /home/airflow/.local/lib/python3.8/site-packages/airflow/example_dags/example_params_ui_tutorial.py took 0.179 seconds
[2023-12-03T09:48:02.262+0000] {processor.py:157} INFO - Started process (PID=590) to work on /home/airflow/.local/lib/python3.8/site-packages/airflow/example_dags/example_params_ui_tutorial.py
[2023-12-03T09:48:02.263+0000] {processor.py:829} INFO - Processing file /home/airflow/.local/lib/python3.8/site-packages/airflow/example_dags/example_params_ui_tutorial.py for tasks to queue
[2023-12-03T09:48:02.265+0000] {logging_mixin.py:154} INFO - [2023-12-03T09:48:02.265+0000] {dagbag.py:536} INFO - Filling up the DagBag from /home/airflow/.local/lib/python3.8/site-packages/airflow/example_dags/example_params_ui_tutorial.py
[2023-12-03T09:48:02.301+0000] {processor.py:839} INFO - DAG(s) dict_keys(['example_params_ui_tutorial']) retrieved from /home/airflow/.local/lib/python3.8/site-packages/airflow/example_dags/example_params_ui_tutorial.py
[2023-12-03T09:48:02.350+0000] {logging_mixin.py:154} INFO - [2023-12-03T09:48:02.349+0000] {dag.py:2941} INFO - Sync 1 DAGs
[2023-12-03T09:48:02.363+0000] {logging_mixin.py:154} INFO - [2023-12-03T09:48:02.363+0000] {dag.py:3722} INFO - Setting next_dagrun for example_params_ui_tutorial to None, run_after=None
[2023-12-03T09:48:02.381+0000] {processor.py:179} INFO - Processing /home/airflow/.local/lib/python3.8/site-packages/airflow/example_dags/example_params_ui_tutorial.py took 0.123 seconds
[2023-12-03T09:48:32.942+0000] {processor.py:157} INFO - Started process (PID=647) to work on /home/airflow/.local/lib/python3.8/site-packages/airflow/example_dags/example_params_ui_tutorial.py
[2023-12-03T09:48:32.946+0000] {processor.py:829} INFO - Processing file /home/airflow/.local/lib/python3.8/site-packages/airflow/example_dags/example_params_ui_tutorial.py for tasks to queue
[2023-12-03T09:48:32.949+0000] {logging_mixin.py:154} INFO - [2023-12-03T09:48:32.948+0000] {dagbag.py:536} INFO - Filling up the DagBag from /home/airflow/.local/lib/python3.8/site-packages/airflow/example_dags/example_params_ui_tutorial.py
[2023-12-03T09:48:32.979+0000] {processor.py:839} INFO - DAG(s) dict_keys(['example_params_ui_tutorial']) retrieved from /home/airflow/.local/lib/python3.8/site-packages/airflow/example_dags/example_params_ui_tutorial.py
[2023-12-03T09:48:33.026+0000] {logging_mixin.py:154} INFO - [2023-12-03T09:48:33.026+0000] {dag.py:2941} INFO - Sync 1 DAGs
[2023-12-03T09:48:33.039+0000] {logging_mixin.py:154} INFO - [2023-12-03T09:48:33.039+0000] {dag.py:3722} INFO - Setting next_dagrun for example_params_ui_tutorial to None, run_after=None
[2023-12-03T09:48:33.057+0000] {processor.py:179} INFO - Processing /home/airflow/.local/lib/python3.8/site-packages/airflow/example_dags/example_params_ui_tutorial.py took 0.121 seconds
[2023-12-03T09:49:04.679+0000] {processor.py:157} INFO - Started process (PID=712) to work on /home/airflow/.local/lib/python3.8/site-packages/airflow/example_dags/example_params_ui_tutorial.py
[2023-12-03T09:49:04.680+0000] {processor.py:829} INFO - Processing file /home/airflow/.local/lib/python3.8/site-packages/airflow/example_dags/example_params_ui_tutorial.py for tasks to queue
[2023-12-03T09:49:04.683+0000] {logging_mixin.py:154} INFO - [2023-12-03T09:49:04.683+0000] {dagbag.py:536} INFO - Filling up the DagBag from /home/airflow/.local/lib/python3.8/site-packages/airflow/example_dags/example_params_ui_tutorial.py
[2023-12-03T09:49:04.715+0000] {processor.py:839} INFO - DAG(s) dict_keys(['example_params_ui_tutorial']) retrieved from /home/airflow/.local/lib/python3.8/site-packages/airflow/example_dags/example_params_ui_tutorial.py
[2023-12-03T09:49:04.762+0000] {logging_mixin.py:154} INFO - [2023-12-03T09:49:04.762+0000] {dag.py:2941} INFO - Sync 1 DAGs
[2023-12-03T09:49:04.778+0000] {logging_mixin.py:154} INFO - [2023-12-03T09:49:04.777+0000] {dag.py:3722} INFO - Setting next_dagrun for example_params_ui_tutorial to None, run_after=None
[2023-12-03T09:49:04.954+0000] {processor.py:179} INFO - Processing /home/airflow/.local/lib/python3.8/site-packages/airflow/example_dags/example_params_ui_tutorial.py took 0.279 seconds
[2023-12-03T09:49:35.623+0000] {processor.py:157} INFO - Started process (PID=770) to work on /home/airflow/.local/lib/python3.8/site-packages/airflow/example_dags/example_params_ui_tutorial.py
[2023-12-03T09:49:35.624+0000] {processor.py:829} INFO - Processing file /home/airflow/.local/lib/python3.8/site-packages/airflow/example_dags/example_params_ui_tutorial.py for tasks to queue
[2023-12-03T09:49:35.627+0000] {logging_mixin.py:154} INFO - [2023-12-03T09:49:35.626+0000] {dagbag.py:536} INFO - Filling up the DagBag from /home/airflow/.local/lib/python3.8/site-packages/airflow/example_dags/example_params_ui_tutorial.py
[2023-12-03T09:49:35.666+0000] {processor.py:839} INFO - DAG(s) dict_keys(['example_params_ui_tutorial']) retrieved from /home/airflow/.local/lib/python3.8/site-packages/airflow/example_dags/example_params_ui_tutorial.py
[2023-12-03T09:49:35.724+0000] {logging_mixin.py:154} INFO - [2023-12-03T09:49:35.724+0000] {dag.py:2941} INFO - Sync 1 DAGs
[2023-12-03T09:49:35.905+0000] {logging_mixin.py:154} INFO - [2023-12-03T09:49:35.904+0000] {dag.py:3722} INFO - Setting next_dagrun for example_params_ui_tutorial to None, run_after=None
[2023-12-03T09:49:35.920+0000] {processor.py:179} INFO - Processing /home/airflow/.local/lib/python3.8/site-packages/airflow/example_dags/example_params_ui_tutorial.py took 0.300 seconds
[2023-12-03T09:50:06.730+0000] {processor.py:157} INFO - Started process (PID=828) to work on /home/airflow/.local/lib/python3.8/site-packages/airflow/example_dags/example_params_ui_tutorial.py
[2023-12-03T09:50:06.731+0000] {processor.py:829} INFO - Processing file /home/airflow/.local/lib/python3.8/site-packages/airflow/example_dags/example_params_ui_tutorial.py for tasks to queue
[2023-12-03T09:50:06.734+0000] {logging_mixin.py:154} INFO - [2023-12-03T09:50:06.733+0000] {dagbag.py:536} INFO - Filling up the DagBag from /home/airflow/.local/lib/python3.8/site-packages/airflow/example_dags/example_params_ui_tutorial.py
[2023-12-03T09:50:06.767+0000] {processor.py:839} INFO - DAG(s) dict_keys(['example_params_ui_tutorial']) retrieved from /home/airflow/.local/lib/python3.8/site-packages/airflow/example_dags/example_params_ui_tutorial.py
[2023-12-03T09:50:06.814+0000] {logging_mixin.py:154} INFO - [2023-12-03T09:50:06.814+0000] {dag.py:2941} INFO - Sync 1 DAGs
[2023-12-03T09:50:06.971+0000] {logging_mixin.py:154} INFO - [2023-12-03T09:50:06.970+0000] {dag.py:3722} INFO - Setting next_dagrun for example_params_ui_tutorial to None, run_after=None
[2023-12-03T09:50:06.987+0000] {processor.py:179} INFO - Processing /home/airflow/.local/lib/python3.8/site-packages/airflow/example_dags/example_params_ui_tutorial.py took 0.261 seconds
[2023-12-03T09:50:37.437+0000] {processor.py:157} INFO - Started process (PID=886) to work on /home/airflow/.local/lib/python3.8/site-packages/airflow/example_dags/example_params_ui_tutorial.py
[2023-12-03T09:50:37.438+0000] {processor.py:829} INFO - Processing file /home/airflow/.local/lib/python3.8/site-packages/airflow/example_dags/example_params_ui_tutorial.py for tasks to queue
[2023-12-03T09:50:37.442+0000] {logging_mixin.py:154} INFO - [2023-12-03T09:50:37.441+0000] {dagbag.py:536} INFO - Filling up the DagBag from /home/airflow/.local/lib/python3.8/site-packages/airflow/example_dags/example_params_ui_tutorial.py
[2023-12-03T09:50:37.473+0000] {processor.py:839} INFO - DAG(s) dict_keys(['example_params_ui_tutorial']) retrieved from /home/airflow/.local/lib/python3.8/site-packages/airflow/example_dags/example_params_ui_tutorial.py
[2023-12-03T09:50:37.521+0000] {logging_mixin.py:154} INFO - [2023-12-03T09:50:37.521+0000] {dag.py:2941} INFO - Sync 1 DAGs
[2023-12-03T09:50:37.535+0000] {logging_mixin.py:154} INFO - [2023-12-03T09:50:37.534+0000] {dag.py:3722} INFO - Setting next_dagrun for example_params_ui_tutorial to None, run_after=None
[2023-12-03T09:50:37.552+0000] {processor.py:179} INFO - Processing /home/airflow/.local/lib/python3.8/site-packages/airflow/example_dags/example_params_ui_tutorial.py took 0.118 seconds
[2023-12-03T09:51:08.592+0000] {processor.py:157} INFO - Started process (PID=944) to work on /home/airflow/.local/lib/python3.8/site-packages/airflow/example_dags/example_params_ui_tutorial.py
[2023-12-03T09:51:08.593+0000] {processor.py:829} INFO - Processing file /home/airflow/.local/lib/python3.8/site-packages/airflow/example_dags/example_params_ui_tutorial.py for tasks to queue
[2023-12-03T09:51:08.595+0000] {logging_mixin.py:154} INFO - [2023-12-03T09:51:08.595+0000] {dagbag.py:536} INFO - Filling up the DagBag from /home/airflow/.local/lib/python3.8/site-packages/airflow/example_dags/example_params_ui_tutorial.py
[2023-12-03T09:51:08.631+0000] {processor.py:839} INFO - DAG(s) dict_keys(['example_params_ui_tutorial']) retrieved from /home/airflow/.local/lib/python3.8/site-packages/airflow/example_dags/example_params_ui_tutorial.py
[2023-12-03T09:51:08.681+0000] {logging_mixin.py:154} INFO - [2023-12-03T09:51:08.680+0000] {dag.py:2941} INFO - Sync 1 DAGs
[2023-12-03T09:51:08.691+0000] {logging_mixin.py:154} INFO - [2023-12-03T09:51:08.691+0000] {dag.py:3722} INFO - Setting next_dagrun for example_params_ui_tutorial to None, run_after=None
[2023-12-03T09:51:08.707+0000] {processor.py:179} INFO - Processing /home/airflow/.local/lib/python3.8/site-packages/airflow/example_dags/example_params_ui_tutorial.py took 0.119 seconds
[2023-12-03T09:51:39.495+0000] {processor.py:157} INFO - Started process (PID=1002) to work on /home/airflow/.local/lib/python3.8/site-packages/airflow/example_dags/example_params_ui_tutorial.py
[2023-12-03T09:51:39.496+0000] {processor.py:829} INFO - Processing file /home/airflow/.local/lib/python3.8/site-packages/airflow/example_dags/example_params_ui_tutorial.py for tasks to queue
[2023-12-03T09:51:39.499+0000] {logging_mixin.py:154} INFO - [2023-12-03T09:51:39.498+0000] {dagbag.py:536} INFO - Filling up the DagBag from /home/airflow/.local/lib/python3.8/site-packages/airflow/example_dags/example_params_ui_tutorial.py
[2023-12-03T09:51:39.531+0000] {processor.py:839} INFO - DAG(s) dict_keys(['example_params_ui_tutorial']) retrieved from /home/airflow/.local/lib/python3.8/site-packages/airflow/example_dags/example_params_ui_tutorial.py
[2023-12-03T09:51:39.578+0000] {logging_mixin.py:154} INFO - [2023-12-03T09:51:39.578+0000] {dag.py:2941} INFO - Sync 1 DAGs
[2023-12-03T09:51:39.589+0000] {logging_mixin.py:154} INFO - [2023-12-03T09:51:39.589+0000] {dag.py:3722} INFO - Setting next_dagrun for example_params_ui_tutorial to None, run_after=None
[2023-12-03T09:51:39.604+0000] {processor.py:179} INFO - Processing /home/airflow/.local/lib/python3.8/site-packages/airflow/example_dags/example_params_ui_tutorial.py took 0.113 seconds
[2023-12-03T09:52:10.482+0000] {processor.py:157} INFO - Started process (PID=1060) to work on /home/airflow/.local/lib/python3.8/site-packages/airflow/example_dags/example_params_ui_tutorial.py
[2023-12-03T09:52:10.483+0000] {processor.py:829} INFO - Processing file /home/airflow/.local/lib/python3.8/site-packages/airflow/example_dags/example_params_ui_tutorial.py for tasks to queue
[2023-12-03T09:52:10.485+0000] {logging_mixin.py:154} INFO - [2023-12-03T09:52:10.485+0000] {dagbag.py:536} INFO - Filling up the DagBag from /home/airflow/.local/lib/python3.8/site-packages/airflow/example_dags/example_params_ui_tutorial.py
[2023-12-03T09:52:10.520+0000] {processor.py:839} INFO - DAG(s) dict_keys(['example_params_ui_tutorial']) retrieved from /home/airflow/.local/lib/python3.8/site-packages/airflow/example_dags/example_params_ui_tutorial.py
[2023-12-03T09:52:10.566+0000] {logging_mixin.py:154} INFO - [2023-12-03T09:52:10.566+0000] {dag.py:2941} INFO - Sync 1 DAGs
[2023-12-03T09:52:10.579+0000] {logging_mixin.py:154} INFO - [2023-12-03T09:52:10.579+0000] {dag.py:3722} INFO - Setting next_dagrun for example_params_ui_tutorial to None, run_after=None
[2023-12-03T09:52:10.595+0000] {processor.py:179} INFO - Processing /home/airflow/.local/lib/python3.8/site-packages/airflow/example_dags/example_params_ui_tutorial.py took 0.118 seconds
[2023-12-03T09:52:41.781+0000] {processor.py:157} INFO - Started process (PID=1118) to work on /home/airflow/.local/lib/python3.8/site-packages/airflow/example_dags/example_params_ui_tutorial.py
[2023-12-03T09:52:41.783+0000] {processor.py:829} INFO - Processing file /home/airflow/.local/lib/python3.8/site-packages/airflow/example_dags/example_params_ui_tutorial.py for tasks to queue
[2023-12-03T09:52:41.786+0000] {logging_mixin.py:154} INFO - [2023-12-03T09:52:41.785+0000] {dagbag.py:536} INFO - Filling up the DagBag from /home/airflow/.local/lib/python3.8/site-packages/airflow/example_dags/example_params_ui_tutorial.py
[2023-12-03T09:52:41.827+0000] {processor.py:839} INFO - DAG(s) dict_keys(['example_params_ui_tutorial']) retrieved from /home/airflow/.local/lib/python3.8/site-packages/airflow/example_dags/example_params_ui_tutorial.py
[2023-12-03T09:52:41.885+0000] {logging_mixin.py:154} INFO - [2023-12-03T09:52:41.884+0000] {dag.py:2941} INFO - Sync 1 DAGs
[2023-12-03T09:52:41.901+0000] {logging_mixin.py:154} INFO - [2023-12-03T09:52:41.900+0000] {dag.py:3722} INFO - Setting next_dagrun for example_params_ui_tutorial to None, run_after=None
[2023-12-03T09:52:41.919+0000] {processor.py:179} INFO - Processing /home/airflow/.local/lib/python3.8/site-packages/airflow/example_dags/example_params_ui_tutorial.py took 0.142 seconds
[2023-12-03T09:53:12.917+0000] {processor.py:157} INFO - Started process (PID=1176) to work on /home/airflow/.local/lib/python3.8/site-packages/airflow/example_dags/example_params_ui_tutorial.py
[2023-12-03T09:53:12.919+0000] {processor.py:829} INFO - Processing file /home/airflow/.local/lib/python3.8/site-packages/airflow/example_dags/example_params_ui_tutorial.py for tasks to queue
[2023-12-03T09:53:12.922+0000] {logging_mixin.py:154} INFO - [2023-12-03T09:53:12.922+0000] {dagbag.py:536} INFO - Filling up the DagBag from /home/airflow/.local/lib/python3.8/site-packages/airflow/example_dags/example_params_ui_tutorial.py
[2023-12-03T09:53:12.963+0000] {processor.py:839} INFO - DAG(s) dict_keys(['example_params_ui_tutorial']) retrieved from /home/airflow/.local/lib/python3.8/site-packages/airflow/example_dags/example_params_ui_tutorial.py
[2023-12-03T09:53:13.023+0000] {logging_mixin.py:154} INFO - [2023-12-03T09:53:13.022+0000] {dag.py:2941} INFO - Sync 1 DAGs
[2023-12-03T09:53:13.036+0000] {logging_mixin.py:154} INFO - [2023-12-03T09:53:13.035+0000] {dag.py:3722} INFO - Setting next_dagrun for example_params_ui_tutorial to None, run_after=None
[2023-12-03T09:53:13.057+0000] {processor.py:179} INFO - Processing /home/airflow/.local/lib/python3.8/site-packages/airflow/example_dags/example_params_ui_tutorial.py took 0.144 seconds
[2023-12-03T09:53:43.117+0000] {processor.py:157} INFO - Started process (PID=1234) to work on /home/airflow/.local/lib/python3.8/site-packages/airflow/example_dags/example_params_ui_tutorial.py
[2023-12-03T09:53:43.118+0000] {processor.py:829} INFO - Processing file /home/airflow/.local/lib/python3.8/site-packages/airflow/example_dags/example_params_ui_tutorial.py for tasks to queue
[2023-12-03T09:53:43.123+0000] {logging_mixin.py:154} INFO - [2023-12-03T09:53:43.123+0000] {dagbag.py:536} INFO - Filling up the DagBag from /home/airflow/.local/lib/python3.8/site-packages/airflow/example_dags/example_params_ui_tutorial.py
[2023-12-03T09:53:43.167+0000] {processor.py:839} INFO - DAG(s) dict_keys(['example_params_ui_tutorial']) retrieved from /home/airflow/.local/lib/python3.8/site-packages/airflow/example_dags/example_params_ui_tutorial.py
[2023-12-03T09:53:43.227+0000] {logging_mixin.py:154} INFO - [2023-12-03T09:53:43.227+0000] {dag.py:2941} INFO - Sync 1 DAGs
[2023-12-03T09:53:43.245+0000] {logging_mixin.py:154} INFO - [2023-12-03T09:53:43.245+0000] {dag.py:3722} INFO - Setting next_dagrun for example_params_ui_tutorial to None, run_after=None
[2023-12-03T09:53:43.272+0000] {processor.py:179} INFO - Processing /home/airflow/.local/lib/python3.8/site-packages/airflow/example_dags/example_params_ui_tutorial.py took 0.160 seconds
[2023-12-03T09:54:13.313+0000] {processor.py:157} INFO - Started process (PID=1290) to work on /home/airflow/.local/lib/python3.8/site-packages/airflow/example_dags/example_params_ui_tutorial.py
[2023-12-03T09:54:13.314+0000] {processor.py:829} INFO - Processing file /home/airflow/.local/lib/python3.8/site-packages/airflow/example_dags/example_params_ui_tutorial.py for tasks to queue
[2023-12-03T09:54:13.316+0000] {logging_mixin.py:154} INFO - [2023-12-03T09:54:13.316+0000] {dagbag.py:536} INFO - Filling up the DagBag from /home/airflow/.local/lib/python3.8/site-packages/airflow/example_dags/example_params_ui_tutorial.py
[2023-12-03T09:54:13.354+0000] {processor.py:839} INFO - DAG(s) dict_keys(['example_params_ui_tutorial']) retrieved from /home/airflow/.local/lib/python3.8/site-packages/airflow/example_dags/example_params_ui_tutorial.py
[2023-12-03T09:54:13.406+0000] {logging_mixin.py:154} INFO - [2023-12-03T09:54:13.406+0000] {dag.py:2941} INFO - Sync 1 DAGs
[2023-12-03T09:54:13.419+0000] {logging_mixin.py:154} INFO - [2023-12-03T09:54:13.419+0000] {dag.py:3722} INFO - Setting next_dagrun for example_params_ui_tutorial to None, run_after=None
[2023-12-03T09:54:13.437+0000] {processor.py:179} INFO - Processing /home/airflow/.local/lib/python3.8/site-packages/airflow/example_dags/example_params_ui_tutorial.py took 0.129 seconds
[2023-12-03T09:54:43.684+0000] {processor.py:157} INFO - Started process (PID=1348) to work on /home/airflow/.local/lib/python3.8/site-packages/airflow/example_dags/example_params_ui_tutorial.py
[2023-12-03T09:54:43.685+0000] {processor.py:829} INFO - Processing file /home/airflow/.local/lib/python3.8/site-packages/airflow/example_dags/example_params_ui_tutorial.py for tasks to queue
[2023-12-03T09:54:43.687+0000] {logging_mixin.py:154} INFO - [2023-12-03T09:54:43.687+0000] {dagbag.py:536} INFO - Filling up the DagBag from /home/airflow/.local/lib/python3.8/site-packages/airflow/example_dags/example_params_ui_tutorial.py
[2023-12-03T09:54:43.732+0000] {processor.py:839} INFO - DAG(s) dict_keys(['example_params_ui_tutorial']) retrieved from /home/airflow/.local/lib/python3.8/site-packages/airflow/example_dags/example_params_ui_tutorial.py
[2023-12-03T09:54:43.781+0000] {logging_mixin.py:154} INFO - [2023-12-03T09:54:43.781+0000] {dag.py:2941} INFO - Sync 1 DAGs
[2023-12-03T09:54:43.795+0000] {logging_mixin.py:154} INFO - [2023-12-03T09:54:43.795+0000] {dag.py:3722} INFO - Setting next_dagrun for example_params_ui_tutorial to None, run_after=None
[2023-12-03T09:54:43.817+0000] {processor.py:179} INFO - Processing /home/airflow/.local/lib/python3.8/site-packages/airflow/example_dags/example_params_ui_tutorial.py took 0.137 seconds
[2023-12-03T09:55:14.062+0000] {processor.py:157} INFO - Started process (PID=1406) to work on /home/airflow/.local/lib/python3.8/site-packages/airflow/example_dags/example_params_ui_tutorial.py
[2023-12-03T09:55:14.063+0000] {processor.py:829} INFO - Processing file /home/airflow/.local/lib/python3.8/site-packages/airflow/example_dags/example_params_ui_tutorial.py for tasks to queue
[2023-12-03T09:55:14.066+0000] {logging_mixin.py:154} INFO - [2023-12-03T09:55:14.066+0000] {dagbag.py:536} INFO - Filling up the DagBag from /home/airflow/.local/lib/python3.8/site-packages/airflow/example_dags/example_params_ui_tutorial.py
[2023-12-03T09:55:14.101+0000] {processor.py:839} INFO - DAG(s) dict_keys(['example_params_ui_tutorial']) retrieved from /home/airflow/.local/lib/python3.8/site-packages/airflow/example_dags/example_params_ui_tutorial.py
[2023-12-03T09:55:14.146+0000] {logging_mixin.py:154} INFO - [2023-12-03T09:55:14.146+0000] {dag.py:2941} INFO - Sync 1 DAGs
[2023-12-03T09:55:14.159+0000] {logging_mixin.py:154} INFO - [2023-12-03T09:55:14.158+0000] {dag.py:3722} INFO - Setting next_dagrun for example_params_ui_tutorial to None, run_after=None
[2023-12-03T09:55:14.177+0000] {processor.py:179} INFO - Processing /home/airflow/.local/lib/python3.8/site-packages/airflow/example_dags/example_params_ui_tutorial.py took 0.118 seconds
[2023-12-03T09:55:44.616+0000] {processor.py:157} INFO - Started process (PID=1465) to work on /home/airflow/.local/lib/python3.8/site-packages/airflow/example_dags/example_params_ui_tutorial.py
[2023-12-03T09:55:44.617+0000] {processor.py:829} INFO - Processing file /home/airflow/.local/lib/python3.8/site-packages/airflow/example_dags/example_params_ui_tutorial.py for tasks to queue
[2023-12-03T09:55:44.621+0000] {logging_mixin.py:154} INFO - [2023-12-03T09:55:44.620+0000] {dagbag.py:536} INFO - Filling up the DagBag from /home/airflow/.local/lib/python3.8/site-packages/airflow/example_dags/example_params_ui_tutorial.py
[2023-12-03T09:55:44.675+0000] {processor.py:839} INFO - DAG(s) dict_keys(['example_params_ui_tutorial']) retrieved from /home/airflow/.local/lib/python3.8/site-packages/airflow/example_dags/example_params_ui_tutorial.py
[2023-12-03T09:55:44.737+0000] {logging_mixin.py:154} INFO - [2023-12-03T09:55:44.737+0000] {dag.py:2941} INFO - Sync 1 DAGs
[2023-12-03T09:55:44.751+0000] {logging_mixin.py:154} INFO - [2023-12-03T09:55:44.750+0000] {dag.py:3722} INFO - Setting next_dagrun for example_params_ui_tutorial to None, run_after=None
[2023-12-03T09:55:44.770+0000] {processor.py:179} INFO - Processing /home/airflow/.local/lib/python3.8/site-packages/airflow/example_dags/example_params_ui_tutorial.py took 0.159 seconds
[2023-12-03T09:56:14.885+0000] {processor.py:157} INFO - Started process (PID=1527) to work on /home/airflow/.local/lib/python3.8/site-packages/airflow/example_dags/example_params_ui_tutorial.py
[2023-12-03T09:56:14.886+0000] {processor.py:829} INFO - Processing file /home/airflow/.local/lib/python3.8/site-packages/airflow/example_dags/example_params_ui_tutorial.py for tasks to queue
[2023-12-03T09:56:14.889+0000] {logging_mixin.py:154} INFO - [2023-12-03T09:56:14.888+0000] {dagbag.py:536} INFO - Filling up the DagBag from /home/airflow/.local/lib/python3.8/site-packages/airflow/example_dags/example_params_ui_tutorial.py
[2023-12-03T09:56:14.924+0000] {processor.py:839} INFO - DAG(s) dict_keys(['example_params_ui_tutorial']) retrieved from /home/airflow/.local/lib/python3.8/site-packages/airflow/example_dags/example_params_ui_tutorial.py
[2023-12-03T09:56:14.970+0000] {logging_mixin.py:154} INFO - [2023-12-03T09:56:14.969+0000] {dag.py:2941} INFO - Sync 1 DAGs
[2023-12-03T09:56:14.983+0000] {logging_mixin.py:154} INFO - [2023-12-03T09:56:14.982+0000] {dag.py:3722} INFO - Setting next_dagrun for example_params_ui_tutorial to None, run_after=None
[2023-12-03T09:56:15.001+0000] {processor.py:179} INFO - Processing /home/airflow/.local/lib/python3.8/site-packages/airflow/example_dags/example_params_ui_tutorial.py took 0.120 seconds
[2023-12-03T09:56:45.793+0000] {processor.py:157} INFO - Started process (PID=1585) to work on /home/airflow/.local/lib/python3.8/site-packages/airflow/example_dags/example_params_ui_tutorial.py
[2023-12-03T09:56:45.794+0000] {processor.py:829} INFO - Processing file /home/airflow/.local/lib/python3.8/site-packages/airflow/example_dags/example_params_ui_tutorial.py for tasks to queue
[2023-12-03T09:56:45.797+0000] {logging_mixin.py:154} INFO - [2023-12-03T09:56:45.797+0000] {dagbag.py:536} INFO - Filling up the DagBag from /home/airflow/.local/lib/python3.8/site-packages/airflow/example_dags/example_params_ui_tutorial.py
[2023-12-03T09:56:45.831+0000] {processor.py:839} INFO - DAG(s) dict_keys(['example_params_ui_tutorial']) retrieved from /home/airflow/.local/lib/python3.8/site-packages/airflow/example_dags/example_params_ui_tutorial.py
[2023-12-03T09:56:45.878+0000] {logging_mixin.py:154} INFO - [2023-12-03T09:56:45.877+0000] {dag.py:2941} INFO - Sync 1 DAGs
[2023-12-03T09:56:45.891+0000] {logging_mixin.py:154} INFO - [2023-12-03T09:56:45.891+0000] {dag.py:3722} INFO - Setting next_dagrun for example_params_ui_tutorial to None, run_after=None
[2023-12-03T09:56:45.910+0000] {processor.py:179} INFO - Processing /home/airflow/.local/lib/python3.8/site-packages/airflow/example_dags/example_params_ui_tutorial.py took 0.122 seconds
[2023-12-03T09:57:16.560+0000] {processor.py:157} INFO - Started process (PID=1643) to work on /home/airflow/.local/lib/python3.8/site-packages/airflow/example_dags/example_params_ui_tutorial.py
[2023-12-03T09:57:16.561+0000] {processor.py:829} INFO - Processing file /home/airflow/.local/lib/python3.8/site-packages/airflow/example_dags/example_params_ui_tutorial.py for tasks to queue
[2023-12-03T09:57:16.564+0000] {logging_mixin.py:154} INFO - [2023-12-03T09:57:16.563+0000] {dagbag.py:536} INFO - Filling up the DagBag from /home/airflow/.local/lib/python3.8/site-packages/airflow/example_dags/example_params_ui_tutorial.py
[2023-12-03T09:57:16.598+0000] {processor.py:839} INFO - DAG(s) dict_keys(['example_params_ui_tutorial']) retrieved from /home/airflow/.local/lib/python3.8/site-packages/airflow/example_dags/example_params_ui_tutorial.py
[2023-12-03T09:57:16.645+0000] {logging_mixin.py:154} INFO - [2023-12-03T09:57:16.645+0000] {dag.py:2941} INFO - Sync 1 DAGs
[2023-12-03T09:57:16.658+0000] {logging_mixin.py:154} INFO - [2023-12-03T09:57:16.658+0000] {dag.py:3722} INFO - Setting next_dagrun for example_params_ui_tutorial to None, run_after=None
[2023-12-03T09:57:16.675+0000] {processor.py:179} INFO - Processing /home/airflow/.local/lib/python3.8/site-packages/airflow/example_dags/example_params_ui_tutorial.py took 0.118 seconds
[2023-12-03T09:57:46.839+0000] {processor.py:157} INFO - Started process (PID=1703) to work on /home/airflow/.local/lib/python3.8/site-packages/airflow/example_dags/example_params_ui_tutorial.py
[2023-12-03T09:57:46.840+0000] {processor.py:829} INFO - Processing file /home/airflow/.local/lib/python3.8/site-packages/airflow/example_dags/example_params_ui_tutorial.py for tasks to queue
[2023-12-03T09:57:46.842+0000] {logging_mixin.py:154} INFO - [2023-12-03T09:57:46.842+0000] {dagbag.py:536} INFO - Filling up the DagBag from /home/airflow/.local/lib/python3.8/site-packages/airflow/example_dags/example_params_ui_tutorial.py
[2023-12-03T09:57:46.895+0000] {processor.py:839} INFO - DAG(s) dict_keys(['example_params_ui_tutorial']) retrieved from /home/airflow/.local/lib/python3.8/site-packages/airflow/example_dags/example_params_ui_tutorial.py
[2023-12-03T09:57:46.963+0000] {logging_mixin.py:154} INFO - [2023-12-03T09:57:46.962+0000] {dag.py:2941} INFO - Sync 1 DAGs
[2023-12-03T09:57:46.994+0000] {logging_mixin.py:154} INFO - [2023-12-03T09:57:46.993+0000] {dag.py:3722} INFO - Setting next_dagrun for example_params_ui_tutorial to None, run_after=None
[2023-12-03T09:57:47.027+0000] {processor.py:179} INFO - Processing /home/airflow/.local/lib/python3.8/site-packages/airflow/example_dags/example_params_ui_tutorial.py took 0.192 seconds
[2023-12-03T09:58:17.066+0000] {processor.py:157} INFO - Started process (PID=1761) to work on /home/airflow/.local/lib/python3.8/site-packages/airflow/example_dags/example_params_ui_tutorial.py
[2023-12-03T09:58:17.067+0000] {processor.py:829} INFO - Processing file /home/airflow/.local/lib/python3.8/site-packages/airflow/example_dags/example_params_ui_tutorial.py for tasks to queue
[2023-12-03T09:58:17.070+0000] {logging_mixin.py:154} INFO - [2023-12-03T09:58:17.069+0000] {dagbag.py:536} INFO - Filling up the DagBag from /home/airflow/.local/lib/python3.8/site-packages/airflow/example_dags/example_params_ui_tutorial.py
[2023-12-03T09:58:17.110+0000] {processor.py:839} INFO - DAG(s) dict_keys(['example_params_ui_tutorial']) retrieved from /home/airflow/.local/lib/python3.8/site-packages/airflow/example_dags/example_params_ui_tutorial.py
[2023-12-03T09:58:17.159+0000] {logging_mixin.py:154} INFO - [2023-12-03T09:58:17.159+0000] {dag.py:2941} INFO - Sync 1 DAGs
[2023-12-03T09:58:17.174+0000] {logging_mixin.py:154} INFO - [2023-12-03T09:58:17.174+0000] {dag.py:3722} INFO - Setting next_dagrun for example_params_ui_tutorial to None, run_after=None
[2023-12-03T09:58:17.192+0000] {processor.py:179} INFO - Processing /home/airflow/.local/lib/python3.8/site-packages/airflow/example_dags/example_params_ui_tutorial.py took 0.130 seconds
[2023-12-03T09:58:47.399+0000] {processor.py:157} INFO - Started process (PID=1819) to work on /home/airflow/.local/lib/python3.8/site-packages/airflow/example_dags/example_params_ui_tutorial.py
[2023-12-03T09:58:47.400+0000] {processor.py:829} INFO - Processing file /home/airflow/.local/lib/python3.8/site-packages/airflow/example_dags/example_params_ui_tutorial.py for tasks to queue
[2023-12-03T09:58:47.403+0000] {logging_mixin.py:154} INFO - [2023-12-03T09:58:47.402+0000] {dagbag.py:536} INFO - Filling up the DagBag from /home/airflow/.local/lib/python3.8/site-packages/airflow/example_dags/example_params_ui_tutorial.py
[2023-12-03T09:58:47.434+0000] {processor.py:839} INFO - DAG(s) dict_keys(['example_params_ui_tutorial']) retrieved from /home/airflow/.local/lib/python3.8/site-packages/airflow/example_dags/example_params_ui_tutorial.py
[2023-12-03T09:58:47.481+0000] {logging_mixin.py:154} INFO - [2023-12-03T09:58:47.480+0000] {dag.py:2941} INFO - Sync 1 DAGs
[2023-12-03T09:58:47.493+0000] {logging_mixin.py:154} INFO - [2023-12-03T09:58:47.493+0000] {dag.py:3722} INFO - Setting next_dagrun for example_params_ui_tutorial to None, run_after=None
[2023-12-03T09:58:47.509+0000] {processor.py:179} INFO - Processing /home/airflow/.local/lib/python3.8/site-packages/airflow/example_dags/example_params_ui_tutorial.py took 0.114 seconds
[2023-12-03T09:59:18.034+0000] {processor.py:157} INFO - Started process (PID=1876) to work on /home/airflow/.local/lib/python3.8/site-packages/airflow/example_dags/example_params_ui_tutorial.py
[2023-12-03T09:59:18.035+0000] {processor.py:829} INFO - Processing file /home/airflow/.local/lib/python3.8/site-packages/airflow/example_dags/example_params_ui_tutorial.py for tasks to queue
[2023-12-03T09:59:18.038+0000] {logging_mixin.py:154} INFO - [2023-12-03T09:59:18.038+0000] {dagbag.py:536} INFO - Filling up the DagBag from /home/airflow/.local/lib/python3.8/site-packages/airflow/example_dags/example_params_ui_tutorial.py
[2023-12-03T09:59:18.073+0000] {processor.py:839} INFO - DAG(s) dict_keys(['example_params_ui_tutorial']) retrieved from /home/airflow/.local/lib/python3.8/site-packages/airflow/example_dags/example_params_ui_tutorial.py
[2023-12-03T09:59:18.120+0000] {logging_mixin.py:154} INFO - [2023-12-03T09:59:18.120+0000] {dag.py:2941} INFO - Sync 1 DAGs
[2023-12-03T09:59:18.134+0000] {logging_mixin.py:154} INFO - [2023-12-03T09:59:18.133+0000] {dag.py:3722} INFO - Setting next_dagrun for example_params_ui_tutorial to None, run_after=None
[2023-12-03T09:59:18.152+0000] {processor.py:179} INFO - Processing /home/airflow/.local/lib/python3.8/site-packages/airflow/example_dags/example_params_ui_tutorial.py took 0.120 seconds
[2023-12-03T09:59:48.962+0000] {processor.py:157} INFO - Started process (PID=1935) to work on /home/airflow/.local/lib/python3.8/site-packages/airflow/example_dags/example_params_ui_tutorial.py
[2023-12-03T09:59:48.964+0000] {processor.py:829} INFO - Processing file /home/airflow/.local/lib/python3.8/site-packages/airflow/example_dags/example_params_ui_tutorial.py for tasks to queue
[2023-12-03T09:59:48.967+0000] {logging_mixin.py:154} INFO - [2023-12-03T09:59:48.967+0000] {dagbag.py:536} INFO - Filling up the DagBag from /home/airflow/.local/lib/python3.8/site-packages/airflow/example_dags/example_params_ui_tutorial.py
[2023-12-03T09:59:49.014+0000] {processor.py:839} INFO - DAG(s) dict_keys(['example_params_ui_tutorial']) retrieved from /home/airflow/.local/lib/python3.8/site-packages/airflow/example_dags/example_params_ui_tutorial.py
[2023-12-03T09:59:49.081+0000] {logging_mixin.py:154} INFO - [2023-12-03T09:59:49.081+0000] {dag.py:2941} INFO - Sync 1 DAGs
[2023-12-03T09:59:49.101+0000] {logging_mixin.py:154} INFO - [2023-12-03T09:59:49.101+0000] {dag.py:3722} INFO - Setting next_dagrun for example_params_ui_tutorial to None, run_after=None
[2023-12-03T09:59:49.126+0000] {processor.py:179} INFO - Processing /home/airflow/.local/lib/python3.8/site-packages/airflow/example_dags/example_params_ui_tutorial.py took 0.167 seconds
[2023-12-03T10:00:19.464+0000] {processor.py:157} INFO - Started process (PID=1997) to work on /home/airflow/.local/lib/python3.8/site-packages/airflow/example_dags/example_params_ui_tutorial.py
[2023-12-03T10:00:19.466+0000] {processor.py:829} INFO - Processing file /home/airflow/.local/lib/python3.8/site-packages/airflow/example_dags/example_params_ui_tutorial.py for tasks to queue
[2023-12-03T10:00:19.468+0000] {logging_mixin.py:154} INFO - [2023-12-03T10:00:19.468+0000] {dagbag.py:536} INFO - Filling up the DagBag from /home/airflow/.local/lib/python3.8/site-packages/airflow/example_dags/example_params_ui_tutorial.py
[2023-12-03T10:00:19.499+0000] {processor.py:839} INFO - DAG(s) dict_keys(['example_params_ui_tutorial']) retrieved from /home/airflow/.local/lib/python3.8/site-packages/airflow/example_dags/example_params_ui_tutorial.py
[2023-12-03T10:00:19.544+0000] {logging_mixin.py:154} INFO - [2023-12-03T10:00:19.544+0000] {dag.py:2941} INFO - Sync 1 DAGs
[2023-12-03T10:00:19.558+0000] {logging_mixin.py:154} INFO - [2023-12-03T10:00:19.557+0000] {dag.py:3722} INFO - Setting next_dagrun for example_params_ui_tutorial to None, run_after=None
[2023-12-03T10:00:19.575+0000] {processor.py:179} INFO - Processing /home/airflow/.local/lib/python3.8/site-packages/airflow/example_dags/example_params_ui_tutorial.py took 0.114 seconds
[2023-12-03T10:00:50.067+0000] {processor.py:157} INFO - Started process (PID=2055) to work on /home/airflow/.local/lib/python3.8/site-packages/airflow/example_dags/example_params_ui_tutorial.py
[2023-12-03T10:00:50.068+0000] {processor.py:829} INFO - Processing file /home/airflow/.local/lib/python3.8/site-packages/airflow/example_dags/example_params_ui_tutorial.py for tasks to queue
[2023-12-03T10:00:50.071+0000] {logging_mixin.py:154} INFO - [2023-12-03T10:00:50.071+0000] {dagbag.py:536} INFO - Filling up the DagBag from /home/airflow/.local/lib/python3.8/site-packages/airflow/example_dags/example_params_ui_tutorial.py
[2023-12-03T10:00:50.107+0000] {processor.py:839} INFO - DAG(s) dict_keys(['example_params_ui_tutorial']) retrieved from /home/airflow/.local/lib/python3.8/site-packages/airflow/example_dags/example_params_ui_tutorial.py
[2023-12-03T10:00:50.158+0000] {logging_mixin.py:154} INFO - [2023-12-03T10:00:50.158+0000] {dag.py:2941} INFO - Sync 1 DAGs
[2023-12-03T10:00:50.172+0000] {logging_mixin.py:154} INFO - [2023-12-03T10:00:50.172+0000] {dag.py:3722} INFO - Setting next_dagrun for example_params_ui_tutorial to None, run_after=None
[2023-12-03T10:00:50.192+0000] {processor.py:179} INFO - Processing /home/airflow/.local/lib/python3.8/site-packages/airflow/example_dags/example_params_ui_tutorial.py took 0.128 seconds
[2023-12-03T10:01:21.125+0000] {processor.py:157} INFO - Started process (PID=2113) to work on /home/airflow/.local/lib/python3.8/site-packages/airflow/example_dags/example_params_ui_tutorial.py
[2023-12-03T10:01:21.126+0000] {processor.py:829} INFO - Processing file /home/airflow/.local/lib/python3.8/site-packages/airflow/example_dags/example_params_ui_tutorial.py for tasks to queue
[2023-12-03T10:01:21.128+0000] {logging_mixin.py:154} INFO - [2023-12-03T10:01:21.128+0000] {dagbag.py:536} INFO - Filling up the DagBag from /home/airflow/.local/lib/python3.8/site-packages/airflow/example_dags/example_params_ui_tutorial.py
[2023-12-03T10:01:21.163+0000] {processor.py:839} INFO - DAG(s) dict_keys(['example_params_ui_tutorial']) retrieved from /home/airflow/.local/lib/python3.8/site-packages/airflow/example_dags/example_params_ui_tutorial.py
[2023-12-03T10:01:21.207+0000] {logging_mixin.py:154} INFO - [2023-12-03T10:01:21.206+0000] {dag.py:2941} INFO - Sync 1 DAGs
[2023-12-03T10:01:21.220+0000] {logging_mixin.py:154} INFO - [2023-12-03T10:01:21.219+0000] {dag.py:3722} INFO - Setting next_dagrun for example_params_ui_tutorial to None, run_after=None
[2023-12-03T10:01:21.238+0000] {processor.py:179} INFO - Processing /home/airflow/.local/lib/python3.8/site-packages/airflow/example_dags/example_params_ui_tutorial.py took 0.116 seconds
[2023-12-03T10:01:51.272+0000] {processor.py:157} INFO - Started process (PID=2171) to work on /home/airflow/.local/lib/python3.8/site-packages/airflow/example_dags/example_params_ui_tutorial.py
[2023-12-03T10:01:51.273+0000] {processor.py:829} INFO - Processing file /home/airflow/.local/lib/python3.8/site-packages/airflow/example_dags/example_params_ui_tutorial.py for tasks to queue
[2023-12-03T10:01:51.275+0000] {logging_mixin.py:154} INFO - [2023-12-03T10:01:51.275+0000] {dagbag.py:536} INFO - Filling up the DagBag from /home/airflow/.local/lib/python3.8/site-packages/airflow/example_dags/example_params_ui_tutorial.py
[2023-12-03T10:01:51.308+0000] {processor.py:839} INFO - DAG(s) dict_keys(['example_params_ui_tutorial']) retrieved from /home/airflow/.local/lib/python3.8/site-packages/airflow/example_dags/example_params_ui_tutorial.py
[2023-12-03T10:01:51.354+0000] {logging_mixin.py:154} INFO - [2023-12-03T10:01:51.354+0000] {dag.py:2941} INFO - Sync 1 DAGs
[2023-12-03T10:01:51.366+0000] {logging_mixin.py:154} INFO - [2023-12-03T10:01:51.366+0000] {dag.py:3722} INFO - Setting next_dagrun for example_params_ui_tutorial to None, run_after=None
[2023-12-03T10:01:51.382+0000] {processor.py:179} INFO - Processing /home/airflow/.local/lib/python3.8/site-packages/airflow/example_dags/example_params_ui_tutorial.py took 0.113 seconds
[2023-12-03T10:02:22.312+0000] {processor.py:157} INFO - Started process (PID=2229) to work on /home/airflow/.local/lib/python3.8/site-packages/airflow/example_dags/example_params_ui_tutorial.py
[2023-12-03T10:02:22.313+0000] {processor.py:829} INFO - Processing file /home/airflow/.local/lib/python3.8/site-packages/airflow/example_dags/example_params_ui_tutorial.py for tasks to queue
[2023-12-03T10:02:22.315+0000] {logging_mixin.py:154} INFO - [2023-12-03T10:02:22.315+0000] {dagbag.py:536} INFO - Filling up the DagBag from /home/airflow/.local/lib/python3.8/site-packages/airflow/example_dags/example_params_ui_tutorial.py
[2023-12-03T10:02:22.348+0000] {processor.py:839} INFO - DAG(s) dict_keys(['example_params_ui_tutorial']) retrieved from /home/airflow/.local/lib/python3.8/site-packages/airflow/example_dags/example_params_ui_tutorial.py
[2023-12-03T10:02:22.399+0000] {logging_mixin.py:154} INFO - [2023-12-03T10:02:22.399+0000] {dag.py:2941} INFO - Sync 1 DAGs
[2023-12-03T10:02:22.411+0000] {logging_mixin.py:154} INFO - [2023-12-03T10:02:22.411+0000] {dag.py:3722} INFO - Setting next_dagrun for example_params_ui_tutorial to None, run_after=None
[2023-12-03T10:02:22.427+0000] {processor.py:179} INFO - Processing /home/airflow/.local/lib/python3.8/site-packages/airflow/example_dags/example_params_ui_tutorial.py took 0.119 seconds
[2023-12-03T10:02:52.630+0000] {processor.py:157} INFO - Started process (PID=2287) to work on /home/airflow/.local/lib/python3.8/site-packages/airflow/example_dags/example_params_ui_tutorial.py
[2023-12-03T10:02:52.631+0000] {processor.py:829} INFO - Processing file /home/airflow/.local/lib/python3.8/site-packages/airflow/example_dags/example_params_ui_tutorial.py for tasks to queue
[2023-12-03T10:02:52.633+0000] {logging_mixin.py:154} INFO - [2023-12-03T10:02:52.633+0000] {dagbag.py:536} INFO - Filling up the DagBag from /home/airflow/.local/lib/python3.8/site-packages/airflow/example_dags/example_params_ui_tutorial.py
[2023-12-03T10:02:52.667+0000] {processor.py:839} INFO - DAG(s) dict_keys(['example_params_ui_tutorial']) retrieved from /home/airflow/.local/lib/python3.8/site-packages/airflow/example_dags/example_params_ui_tutorial.py
[2023-12-03T10:02:52.718+0000] {logging_mixin.py:154} INFO - [2023-12-03T10:02:52.718+0000] {dag.py:2941} INFO - Sync 1 DAGs
[2023-12-03T10:02:52.731+0000] {logging_mixin.py:154} INFO - [2023-12-03T10:02:52.731+0000] {dag.py:3722} INFO - Setting next_dagrun for example_params_ui_tutorial to None, run_after=None
[2023-12-03T10:02:52.748+0000] {processor.py:179} INFO - Processing /home/airflow/.local/lib/python3.8/site-packages/airflow/example_dags/example_params_ui_tutorial.py took 0.123 seconds
[2023-12-03T10:03:22.870+0000] {processor.py:157} INFO - Started process (PID=2345) to work on /home/airflow/.local/lib/python3.8/site-packages/airflow/example_dags/example_params_ui_tutorial.py
[2023-12-03T10:03:22.871+0000] {processor.py:829} INFO - Processing file /home/airflow/.local/lib/python3.8/site-packages/airflow/example_dags/example_params_ui_tutorial.py for tasks to queue
[2023-12-03T10:03:22.874+0000] {logging_mixin.py:154} INFO - [2023-12-03T10:03:22.874+0000] {dagbag.py:536} INFO - Filling up the DagBag from /home/airflow/.local/lib/python3.8/site-packages/airflow/example_dags/example_params_ui_tutorial.py
[2023-12-03T10:03:22.915+0000] {processor.py:839} INFO - DAG(s) dict_keys(['example_params_ui_tutorial']) retrieved from /home/airflow/.local/lib/python3.8/site-packages/airflow/example_dags/example_params_ui_tutorial.py
[2023-12-03T10:03:22.974+0000] {logging_mixin.py:154} INFO - [2023-12-03T10:03:22.973+0000] {dag.py:2941} INFO - Sync 1 DAGs
[2023-12-03T10:03:22.991+0000] {logging_mixin.py:154} INFO - [2023-12-03T10:03:22.990+0000] {dag.py:3722} INFO - Setting next_dagrun for example_params_ui_tutorial to None, run_after=None
[2023-12-03T10:03:23.011+0000] {processor.py:179} INFO - Processing /home/airflow/.local/lib/python3.8/site-packages/airflow/example_dags/example_params_ui_tutorial.py took 0.146 seconds
[2023-12-03T10:03:53.061+0000] {processor.py:157} INFO - Started process (PID=2403) to work on /home/airflow/.local/lib/python3.8/site-packages/airflow/example_dags/example_params_ui_tutorial.py
[2023-12-03T10:03:53.062+0000] {processor.py:829} INFO - Processing file /home/airflow/.local/lib/python3.8/site-packages/airflow/example_dags/example_params_ui_tutorial.py for tasks to queue
[2023-12-03T10:03:53.064+0000] {logging_mixin.py:154} INFO - [2023-12-03T10:03:53.064+0000] {dagbag.py:536} INFO - Filling up the DagBag from /home/airflow/.local/lib/python3.8/site-packages/airflow/example_dags/example_params_ui_tutorial.py
[2023-12-03T10:03:53.094+0000] {processor.py:839} INFO - DAG(s) dict_keys(['example_params_ui_tutorial']) retrieved from /home/airflow/.local/lib/python3.8/site-packages/airflow/example_dags/example_params_ui_tutorial.py
[2023-12-03T10:03:53.133+0000] {logging_mixin.py:154} INFO - [2023-12-03T10:03:53.133+0000] {dag.py:2941} INFO - Sync 1 DAGs
[2023-12-03T10:03:53.146+0000] {logging_mixin.py:154} INFO - [2023-12-03T10:03:53.146+0000] {dag.py:3722} INFO - Setting next_dagrun for example_params_ui_tutorial to None, run_after=None
[2023-12-03T10:03:53.163+0000] {processor.py:179} INFO - Processing /home/airflow/.local/lib/python3.8/site-packages/airflow/example_dags/example_params_ui_tutorial.py took 0.105 seconds
[2023-12-03T10:04:23.612+0000] {processor.py:157} INFO - Started process (PID=2461) to work on /home/airflow/.local/lib/python3.8/site-packages/airflow/example_dags/example_params_ui_tutorial.py
[2023-12-03T10:04:23.614+0000] {processor.py:829} INFO - Processing file /home/airflow/.local/lib/python3.8/site-packages/airflow/example_dags/example_params_ui_tutorial.py for tasks to queue
[2023-12-03T10:04:23.616+0000] {logging_mixin.py:154} INFO - [2023-12-03T10:04:23.616+0000] {dagbag.py:536} INFO - Filling up the DagBag from /home/airflow/.local/lib/python3.8/site-packages/airflow/example_dags/example_params_ui_tutorial.py
[2023-12-03T10:04:23.649+0000] {processor.py:839} INFO - DAG(s) dict_keys(['example_params_ui_tutorial']) retrieved from /home/airflow/.local/lib/python3.8/site-packages/airflow/example_dags/example_params_ui_tutorial.py
[2023-12-03T10:04:23.699+0000] {logging_mixin.py:154} INFO - [2023-12-03T10:04:23.699+0000] {dag.py:2941} INFO - Sync 1 DAGs
[2023-12-03T10:04:23.711+0000] {logging_mixin.py:154} INFO - [2023-12-03T10:04:23.711+0000] {dag.py:3722} INFO - Setting next_dagrun for example_params_ui_tutorial to None, run_after=None
[2023-12-03T10:04:23.729+0000] {processor.py:179} INFO - Processing /home/airflow/.local/lib/python3.8/site-packages/airflow/example_dags/example_params_ui_tutorial.py took 0.121 seconds
[2023-12-03T10:04:54.310+0000] {processor.py:157} INFO - Started process (PID=2519) to work on /home/airflow/.local/lib/python3.8/site-packages/airflow/example_dags/example_params_ui_tutorial.py
[2023-12-03T10:04:54.311+0000] {processor.py:829} INFO - Processing file /home/airflow/.local/lib/python3.8/site-packages/airflow/example_dags/example_params_ui_tutorial.py for tasks to queue
[2023-12-03T10:04:54.313+0000] {logging_mixin.py:154} INFO - [2023-12-03T10:04:54.313+0000] {dagbag.py:536} INFO - Filling up the DagBag from /home/airflow/.local/lib/python3.8/site-packages/airflow/example_dags/example_params_ui_tutorial.py
[2023-12-03T10:04:54.347+0000] {processor.py:839} INFO - DAG(s) dict_keys(['example_params_ui_tutorial']) retrieved from /home/airflow/.local/lib/python3.8/site-packages/airflow/example_dags/example_params_ui_tutorial.py
[2023-12-03T10:04:54.391+0000] {logging_mixin.py:154} INFO - [2023-12-03T10:04:54.391+0000] {dag.py:2941} INFO - Sync 1 DAGs
[2023-12-03T10:04:54.402+0000] {logging_mixin.py:154} INFO - [2023-12-03T10:04:54.401+0000] {dag.py:3722} INFO - Setting next_dagrun for example_params_ui_tutorial to None, run_after=None
[2023-12-03T10:04:54.417+0000] {processor.py:179} INFO - Processing /home/airflow/.local/lib/python3.8/site-packages/airflow/example_dags/example_params_ui_tutorial.py took 0.111 seconds
[2023-12-03T10:05:24.639+0000] {processor.py:157} INFO - Started process (PID=2577) to work on /home/airflow/.local/lib/python3.8/site-packages/airflow/example_dags/example_params_ui_tutorial.py
[2023-12-03T10:05:24.640+0000] {processor.py:829} INFO - Processing file /home/airflow/.local/lib/python3.8/site-packages/airflow/example_dags/example_params_ui_tutorial.py for tasks to queue
[2023-12-03T10:05:24.643+0000] {logging_mixin.py:154} INFO - [2023-12-03T10:05:24.643+0000] {dagbag.py:536} INFO - Filling up the DagBag from /home/airflow/.local/lib/python3.8/site-packages/airflow/example_dags/example_params_ui_tutorial.py
[2023-12-03T10:05:24.688+0000] {processor.py:839} INFO - DAG(s) dict_keys(['example_params_ui_tutorial']) retrieved from /home/airflow/.local/lib/python3.8/site-packages/airflow/example_dags/example_params_ui_tutorial.py
[2023-12-03T10:05:24.752+0000] {logging_mixin.py:154} INFO - [2023-12-03T10:05:24.752+0000] {dag.py:2941} INFO - Sync 1 DAGs
[2023-12-03T10:05:24.768+0000] {logging_mixin.py:154} INFO - [2023-12-03T10:05:24.768+0000] {dag.py:3722} INFO - Setting next_dagrun for example_params_ui_tutorial to None, run_after=None
[2023-12-03T10:05:24.796+0000] {processor.py:179} INFO - Processing /home/airflow/.local/lib/python3.8/site-packages/airflow/example_dags/example_params_ui_tutorial.py took 0.162 seconds
[2023-12-03T10:05:55.760+0000] {processor.py:157} INFO - Started process (PID=2634) to work on /home/airflow/.local/lib/python3.8/site-packages/airflow/example_dags/example_params_ui_tutorial.py
[2023-12-03T10:05:55.761+0000] {processor.py:829} INFO - Processing file /home/airflow/.local/lib/python3.8/site-packages/airflow/example_dags/example_params_ui_tutorial.py for tasks to queue
[2023-12-03T10:05:55.764+0000] {logging_mixin.py:154} INFO - [2023-12-03T10:05:55.764+0000] {dagbag.py:536} INFO - Filling up the DagBag from /home/airflow/.local/lib/python3.8/site-packages/airflow/example_dags/example_params_ui_tutorial.py
[2023-12-03T10:05:55.810+0000] {processor.py:839} INFO - DAG(s) dict_keys(['example_params_ui_tutorial']) retrieved from /home/airflow/.local/lib/python3.8/site-packages/airflow/example_dags/example_params_ui_tutorial.py
[2023-12-03T10:05:55.870+0000] {logging_mixin.py:154} INFO - [2023-12-03T10:05:55.870+0000] {dag.py:2941} INFO - Sync 1 DAGs
[2023-12-03T10:05:55.886+0000] {logging_mixin.py:154} INFO - [2023-12-03T10:05:55.886+0000] {dag.py:3722} INFO - Setting next_dagrun for example_params_ui_tutorial to None, run_after=None
[2023-12-03T10:05:55.908+0000] {processor.py:179} INFO - Processing /home/airflow/.local/lib/python3.8/site-packages/airflow/example_dags/example_params_ui_tutorial.py took 0.153 seconds
[2023-12-03T10:06:26.043+0000] {processor.py:157} INFO - Started process (PID=2692) to work on /home/airflow/.local/lib/python3.8/site-packages/airflow/example_dags/example_params_ui_tutorial.py
[2023-12-03T10:06:26.044+0000] {processor.py:829} INFO - Processing file /home/airflow/.local/lib/python3.8/site-packages/airflow/example_dags/example_params_ui_tutorial.py for tasks to queue
[2023-12-03T10:06:26.046+0000] {logging_mixin.py:154} INFO - [2023-12-03T10:06:26.046+0000] {dagbag.py:536} INFO - Filling up the DagBag from /home/airflow/.local/lib/python3.8/site-packages/airflow/example_dags/example_params_ui_tutorial.py
[2023-12-03T10:06:26.078+0000] {processor.py:839} INFO - DAG(s) dict_keys(['example_params_ui_tutorial']) retrieved from /home/airflow/.local/lib/python3.8/site-packages/airflow/example_dags/example_params_ui_tutorial.py
[2023-12-03T10:06:26.125+0000] {logging_mixin.py:154} INFO - [2023-12-03T10:06:26.124+0000] {dag.py:2941} INFO - Sync 1 DAGs
[2023-12-03T10:06:26.136+0000] {logging_mixin.py:154} INFO - [2023-12-03T10:06:26.136+0000] {dag.py:3722} INFO - Setting next_dagrun for example_params_ui_tutorial to None, run_after=None
[2023-12-03T10:06:26.154+0000] {processor.py:179} INFO - Processing /home/airflow/.local/lib/python3.8/site-packages/airflow/example_dags/example_params_ui_tutorial.py took 0.115 seconds
[2023-12-03T10:06:56.346+0000] {processor.py:157} INFO - Started process (PID=2750) to work on /home/airflow/.local/lib/python3.8/site-packages/airflow/example_dags/example_params_ui_tutorial.py
[2023-12-03T10:06:56.347+0000] {processor.py:829} INFO - Processing file /home/airflow/.local/lib/python3.8/site-packages/airflow/example_dags/example_params_ui_tutorial.py for tasks to queue
[2023-12-03T10:06:56.350+0000] {logging_mixin.py:154} INFO - [2023-12-03T10:06:56.349+0000] {dagbag.py:536} INFO - Filling up the DagBag from /home/airflow/.local/lib/python3.8/site-packages/airflow/example_dags/example_params_ui_tutorial.py
[2023-12-03T10:06:56.381+0000] {processor.py:839} INFO - DAG(s) dict_keys(['example_params_ui_tutorial']) retrieved from /home/airflow/.local/lib/python3.8/site-packages/airflow/example_dags/example_params_ui_tutorial.py
[2023-12-03T10:06:56.426+0000] {logging_mixin.py:154} INFO - [2023-12-03T10:06:56.426+0000] {dag.py:2941} INFO - Sync 1 DAGs
[2023-12-03T10:06:56.439+0000] {logging_mixin.py:154} INFO - [2023-12-03T10:06:56.438+0000] {dag.py:3722} INFO - Setting next_dagrun for example_params_ui_tutorial to None, run_after=None
[2023-12-03T10:06:56.455+0000] {processor.py:179} INFO - Processing /home/airflow/.local/lib/python3.8/site-packages/airflow/example_dags/example_params_ui_tutorial.py took 0.112 seconds
[2023-12-03T10:07:27.459+0000] {processor.py:157} INFO - Started process (PID=2808) to work on /home/airflow/.local/lib/python3.8/site-packages/airflow/example_dags/example_params_ui_tutorial.py
[2023-12-03T10:07:27.461+0000] {processor.py:829} INFO - Processing file /home/airflow/.local/lib/python3.8/site-packages/airflow/example_dags/example_params_ui_tutorial.py for tasks to queue
[2023-12-03T10:07:27.463+0000] {logging_mixin.py:154} INFO - [2023-12-03T10:07:27.463+0000] {dagbag.py:536} INFO - Filling up the DagBag from /home/airflow/.local/lib/python3.8/site-packages/airflow/example_dags/example_params_ui_tutorial.py
[2023-12-03T10:07:27.496+0000] {processor.py:839} INFO - DAG(s) dict_keys(['example_params_ui_tutorial']) retrieved from /home/airflow/.local/lib/python3.8/site-packages/airflow/example_dags/example_params_ui_tutorial.py
[2023-12-03T10:07:27.545+0000] {logging_mixin.py:154} INFO - [2023-12-03T10:07:27.545+0000] {dag.py:2941} INFO - Sync 1 DAGs
[2023-12-03T10:07:27.557+0000] {logging_mixin.py:154} INFO - [2023-12-03T10:07:27.557+0000] {dag.py:3722} INFO - Setting next_dagrun for example_params_ui_tutorial to None, run_after=None
[2023-12-03T10:07:27.576+0000] {processor.py:179} INFO - Processing /home/airflow/.local/lib/python3.8/site-packages/airflow/example_dags/example_params_ui_tutorial.py took 0.120 seconds
[2023-12-03T10:07:57.942+0000] {processor.py:157} INFO - Started process (PID=2866) to work on /home/airflow/.local/lib/python3.8/site-packages/airflow/example_dags/example_params_ui_tutorial.py
[2023-12-03T10:07:57.942+0000] {processor.py:829} INFO - Processing file /home/airflow/.local/lib/python3.8/site-packages/airflow/example_dags/example_params_ui_tutorial.py for tasks to queue
[2023-12-03T10:07:57.944+0000] {logging_mixin.py:154} INFO - [2023-12-03T10:07:57.944+0000] {dagbag.py:536} INFO - Filling up the DagBag from /home/airflow/.local/lib/python3.8/site-packages/airflow/example_dags/example_params_ui_tutorial.py
[2023-12-03T10:07:57.970+0000] {processor.py:839} INFO - DAG(s) dict_keys(['example_params_ui_tutorial']) retrieved from /home/airflow/.local/lib/python3.8/site-packages/airflow/example_dags/example_params_ui_tutorial.py
[2023-12-03T10:07:58.004+0000] {logging_mixin.py:154} INFO - [2023-12-03T10:07:58.004+0000] {dag.py:2941} INFO - Sync 1 DAGs
[2023-12-03T10:07:58.012+0000] {logging_mixin.py:154} INFO - [2023-12-03T10:07:58.012+0000] {dag.py:3722} INFO - Setting next_dagrun for example_params_ui_tutorial to None, run_after=None
[2023-12-03T10:07:58.024+0000] {processor.py:179} INFO - Processing /home/airflow/.local/lib/python3.8/site-packages/airflow/example_dags/example_params_ui_tutorial.py took 0.085 seconds
[2023-12-03T11:28:20.611+0000] {processor.py:157} INFO - Started process (PID=2922) to work on /home/airflow/.local/lib/python3.8/site-packages/airflow/example_dags/example_params_ui_tutorial.py
[2023-12-03T11:28:20.612+0000] {processor.py:829} INFO - Processing file /home/airflow/.local/lib/python3.8/site-packages/airflow/example_dags/example_params_ui_tutorial.py for tasks to queue
[2023-12-03T11:28:20.614+0000] {logging_mixin.py:154} INFO - [2023-12-03T11:28:20.614+0000] {dagbag.py:536} INFO - Filling up the DagBag from /home/airflow/.local/lib/python3.8/site-packages/airflow/example_dags/example_params_ui_tutorial.py
[2023-12-03T11:28:20.640+0000] {processor.py:839} INFO - DAG(s) dict_keys(['example_params_ui_tutorial']) retrieved from /home/airflow/.local/lib/python3.8/site-packages/airflow/example_dags/example_params_ui_tutorial.py
[2023-12-03T11:28:20.678+0000] {logging_mixin.py:154} INFO - [2023-12-03T11:28:20.678+0000] {dag.py:2941} INFO - Sync 1 DAGs
[2023-12-03T11:28:20.688+0000] {logging_mixin.py:154} INFO - [2023-12-03T11:28:20.688+0000] {dag.py:3722} INFO - Setting next_dagrun for example_params_ui_tutorial to None, run_after=None
[2023-12-03T11:28:20.701+0000] {processor.py:179} INFO - Processing /home/airflow/.local/lib/python3.8/site-packages/airflow/example_dags/example_params_ui_tutorial.py took 0.093 seconds
[2023-12-03T12:09:30.141+0000] {processor.py:157} INFO - Started process (PID=2979) to work on /home/airflow/.local/lib/python3.8/site-packages/airflow/example_dags/example_params_ui_tutorial.py
[2023-12-03T12:09:30.143+0000] {processor.py:829} INFO - Processing file /home/airflow/.local/lib/python3.8/site-packages/airflow/example_dags/example_params_ui_tutorial.py for tasks to queue
[2023-12-03T12:09:30.145+0000] {logging_mixin.py:154} INFO - [2023-12-03T12:09:30.145+0000] {dagbag.py:536} INFO - Filling up the DagBag from /home/airflow/.local/lib/python3.8/site-packages/airflow/example_dags/example_params_ui_tutorial.py
[2023-12-03T12:09:30.171+0000] {processor.py:839} INFO - DAG(s) dict_keys(['example_params_ui_tutorial']) retrieved from /home/airflow/.local/lib/python3.8/site-packages/airflow/example_dags/example_params_ui_tutorial.py
[2023-12-03T12:09:30.209+0000] {logging_mixin.py:154} INFO - [2023-12-03T12:09:30.209+0000] {dag.py:2941} INFO - Sync 1 DAGs
[2023-12-03T12:09:30.220+0000] {logging_mixin.py:154} INFO - [2023-12-03T12:09:30.219+0000] {dag.py:3722} INFO - Setting next_dagrun for example_params_ui_tutorial to None, run_after=None
[2023-12-03T12:09:30.232+0000] {processor.py:179} INFO - Processing /home/airflow/.local/lib/python3.8/site-packages/airflow/example_dags/example_params_ui_tutorial.py took 0.094 seconds
[2023-12-03T12:27:32.539+0000] {processor.py:157} INFO - Started process (PID=3037) to work on /home/airflow/.local/lib/python3.8/site-packages/airflow/example_dags/example_params_ui_tutorial.py
[2023-12-03T12:27:32.540+0000] {processor.py:829} INFO - Processing file /home/airflow/.local/lib/python3.8/site-packages/airflow/example_dags/example_params_ui_tutorial.py for tasks to queue
[2023-12-03T12:27:32.542+0000] {logging_mixin.py:154} INFO - [2023-12-03T12:27:32.542+0000] {dagbag.py:536} INFO - Filling up the DagBag from /home/airflow/.local/lib/python3.8/site-packages/airflow/example_dags/example_params_ui_tutorial.py
[2023-12-03T12:27:32.565+0000] {processor.py:839} INFO - DAG(s) dict_keys(['example_params_ui_tutorial']) retrieved from /home/airflow/.local/lib/python3.8/site-packages/airflow/example_dags/example_params_ui_tutorial.py
[2023-12-03T12:27:32.594+0000] {logging_mixin.py:154} INFO - [2023-12-03T12:27:32.594+0000] {dag.py:2941} INFO - Sync 1 DAGs
[2023-12-03T12:27:32.602+0000] {logging_mixin.py:154} INFO - [2023-12-03T12:27:32.602+0000] {dag.py:3722} INFO - Setting next_dagrun for example_params_ui_tutorial to None, run_after=None
[2023-12-03T12:27:32.613+0000] {processor.py:179} INFO - Processing /home/airflow/.local/lib/python3.8/site-packages/airflow/example_dags/example_params_ui_tutorial.py took 0.077 seconds
[2023-12-03T12:44:55.873+0000] {processor.py:157} INFO - Started process (PID=3095) to work on /home/airflow/.local/lib/python3.8/site-packages/airflow/example_dags/example_params_ui_tutorial.py
[2023-12-03T12:44:55.874+0000] {processor.py:829} INFO - Processing file /home/airflow/.local/lib/python3.8/site-packages/airflow/example_dags/example_params_ui_tutorial.py for tasks to queue
[2023-12-03T12:44:55.877+0000] {logging_mixin.py:154} INFO - [2023-12-03T12:44:55.877+0000] {dagbag.py:536} INFO - Filling up the DagBag from /home/airflow/.local/lib/python3.8/site-packages/airflow/example_dags/example_params_ui_tutorial.py
[2023-12-03T12:44:55.903+0000] {processor.py:839} INFO - DAG(s) dict_keys(['example_params_ui_tutorial']) retrieved from /home/airflow/.local/lib/python3.8/site-packages/airflow/example_dags/example_params_ui_tutorial.py
[2023-12-03T12:44:55.939+0000] {logging_mixin.py:154} INFO - [2023-12-03T12:44:55.938+0000] {dag.py:2941} INFO - Sync 1 DAGs
[2023-12-03T12:44:55.947+0000] {logging_mixin.py:154} INFO - [2023-12-03T12:44:55.947+0000] {dag.py:3722} INFO - Setting next_dagrun for example_params_ui_tutorial to None, run_after=None
[2023-12-03T12:44:55.959+0000] {processor.py:179} INFO - Processing /home/airflow/.local/lib/python3.8/site-packages/airflow/example_dags/example_params_ui_tutorial.py took 0.090 seconds
[2023-12-03T13:35:11.210+0000] {processor.py:157} INFO - Started process (PID=3153) to work on /home/airflow/.local/lib/python3.8/site-packages/airflow/example_dags/example_params_ui_tutorial.py
[2023-12-03T13:35:11.213+0000] {processor.py:829} INFO - Processing file /home/airflow/.local/lib/python3.8/site-packages/airflow/example_dags/example_params_ui_tutorial.py for tasks to queue
[2023-12-03T13:35:11.220+0000] {logging_mixin.py:154} INFO - [2023-12-03T13:35:11.219+0000] {dagbag.py:536} INFO - Filling up the DagBag from /home/airflow/.local/lib/python3.8/site-packages/airflow/example_dags/example_params_ui_tutorial.py
[2023-12-03T13:35:11.259+0000] {processor.py:839} INFO - DAG(s) dict_keys(['example_params_ui_tutorial']) retrieved from /home/airflow/.local/lib/python3.8/site-packages/airflow/example_dags/example_params_ui_tutorial.py
[2023-12-03T13:35:11.316+0000] {logging_mixin.py:154} INFO - [2023-12-03T13:35:11.316+0000] {dag.py:2941} INFO - Sync 1 DAGs
[2023-12-03T13:35:11.326+0000] {logging_mixin.py:154} INFO - [2023-12-03T13:35:11.326+0000] {dag.py:3722} INFO - Setting next_dagrun for example_params_ui_tutorial to None, run_after=None
[2023-12-03T13:35:11.339+0000] {processor.py:179} INFO - Processing /home/airflow/.local/lib/python3.8/site-packages/airflow/example_dags/example_params_ui_tutorial.py took 0.133 seconds
[2023-12-03T14:27:25.257+0000] {processor.py:157} INFO - Started process (PID=3211) to work on /home/airflow/.local/lib/python3.8/site-packages/airflow/example_dags/example_params_ui_tutorial.py
[2023-12-03T14:27:25.258+0000] {processor.py:829} INFO - Processing file /home/airflow/.local/lib/python3.8/site-packages/airflow/example_dags/example_params_ui_tutorial.py for tasks to queue
[2023-12-03T14:27:25.260+0000] {logging_mixin.py:154} INFO - [2023-12-03T14:27:25.260+0000] {dagbag.py:536} INFO - Filling up the DagBag from /home/airflow/.local/lib/python3.8/site-packages/airflow/example_dags/example_params_ui_tutorial.py
[2023-12-03T14:27:25.292+0000] {processor.py:839} INFO - DAG(s) dict_keys(['example_params_ui_tutorial']) retrieved from /home/airflow/.local/lib/python3.8/site-packages/airflow/example_dags/example_params_ui_tutorial.py
[2023-12-03T14:27:25.331+0000] {logging_mixin.py:154} INFO - [2023-12-03T14:27:25.331+0000] {dag.py:2941} INFO - Sync 1 DAGs
[2023-12-03T14:27:25.339+0000] {logging_mixin.py:154} INFO - [2023-12-03T14:27:25.339+0000] {dag.py:3722} INFO - Setting next_dagrun for example_params_ui_tutorial to None, run_after=None
[2023-12-03T14:27:25.352+0000] {processor.py:179} INFO - Processing /home/airflow/.local/lib/python3.8/site-packages/airflow/example_dags/example_params_ui_tutorial.py took 0.099 seconds
[2023-12-03T15:18:33.675+0000] {processor.py:157} INFO - Started process (PID=3269) to work on /home/airflow/.local/lib/python3.8/site-packages/airflow/example_dags/example_params_ui_tutorial.py
[2023-12-03T15:18:33.676+0000] {processor.py:829} INFO - Processing file /home/airflow/.local/lib/python3.8/site-packages/airflow/example_dags/example_params_ui_tutorial.py for tasks to queue
[2023-12-03T15:18:33.679+0000] {logging_mixin.py:154} INFO - [2023-12-03T15:18:33.679+0000] {dagbag.py:536} INFO - Filling up the DagBag from /home/airflow/.local/lib/python3.8/site-packages/airflow/example_dags/example_params_ui_tutorial.py
[2023-12-03T15:18:33.705+0000] {processor.py:839} INFO - DAG(s) dict_keys(['example_params_ui_tutorial']) retrieved from /home/airflow/.local/lib/python3.8/site-packages/airflow/example_dags/example_params_ui_tutorial.py
[2023-12-03T15:18:33.742+0000] {logging_mixin.py:154} INFO - [2023-12-03T15:18:33.742+0000] {dag.py:2941} INFO - Sync 1 DAGs
[2023-12-03T15:18:33.750+0000] {logging_mixin.py:154} INFO - [2023-12-03T15:18:33.750+0000] {dag.py:3722} INFO - Setting next_dagrun for example_params_ui_tutorial to None, run_after=None
[2023-12-03T15:18:33.763+0000] {processor.py:179} INFO - Processing /home/airflow/.local/lib/python3.8/site-packages/airflow/example_dags/example_params_ui_tutorial.py took 0.091 seconds
[2023-12-03T16:07:33.851+0000] {processor.py:157} INFO - Started process (PID=3327) to work on /home/airflow/.local/lib/python3.8/site-packages/airflow/example_dags/example_params_ui_tutorial.py
[2023-12-03T16:07:33.853+0000] {processor.py:829} INFO - Processing file /home/airflow/.local/lib/python3.8/site-packages/airflow/example_dags/example_params_ui_tutorial.py for tasks to queue
[2023-12-03T16:07:33.855+0000] {logging_mixin.py:154} INFO - [2023-12-03T16:07:33.855+0000] {dagbag.py:536} INFO - Filling up the DagBag from /home/airflow/.local/lib/python3.8/site-packages/airflow/example_dags/example_params_ui_tutorial.py
[2023-12-03T16:07:34.002+0000] {processor.py:839} INFO - DAG(s) dict_keys(['example_params_ui_tutorial']) retrieved from /home/airflow/.local/lib/python3.8/site-packages/airflow/example_dags/example_params_ui_tutorial.py
[2023-12-03T16:07:34.040+0000] {logging_mixin.py:154} INFO - [2023-12-03T16:07:34.040+0000] {dag.py:2941} INFO - Sync 1 DAGs
[2023-12-03T16:07:34.049+0000] {logging_mixin.py:154} INFO - [2023-12-03T16:07:34.049+0000] {dag.py:3722} INFO - Setting next_dagrun for example_params_ui_tutorial to None, run_after=None
[2023-12-03T16:07:34.062+0000] {processor.py:179} INFO - Processing /home/airflow/.local/lib/python3.8/site-packages/airflow/example_dags/example_params_ui_tutorial.py took 0.215 seconds
[2023-12-03T16:58:04.843+0000] {processor.py:157} INFO - Started process (PID=3385) to work on /home/airflow/.local/lib/python3.8/site-packages/airflow/example_dags/example_params_ui_tutorial.py
[2023-12-03T16:58:04.844+0000] {processor.py:829} INFO - Processing file /home/airflow/.local/lib/python3.8/site-packages/airflow/example_dags/example_params_ui_tutorial.py for tasks to queue
[2023-12-03T16:58:04.847+0000] {logging_mixin.py:154} INFO - [2023-12-03T16:58:04.846+0000] {dagbag.py:536} INFO - Filling up the DagBag from /home/airflow/.local/lib/python3.8/site-packages/airflow/example_dags/example_params_ui_tutorial.py
[2023-12-03T16:58:04.876+0000] {processor.py:839} INFO - DAG(s) dict_keys(['example_params_ui_tutorial']) retrieved from /home/airflow/.local/lib/python3.8/site-packages/airflow/example_dags/example_params_ui_tutorial.py
[2023-12-03T16:58:04.911+0000] {logging_mixin.py:154} INFO - [2023-12-03T16:58:04.911+0000] {dag.py:2941} INFO - Sync 1 DAGs
[2023-12-03T16:58:04.920+0000] {logging_mixin.py:154} INFO - [2023-12-03T16:58:04.920+0000] {dag.py:3722} INFO - Setting next_dagrun for example_params_ui_tutorial to None, run_after=None
[2023-12-03T16:58:04.933+0000] {processor.py:179} INFO - Processing /home/airflow/.local/lib/python3.8/site-packages/airflow/example_dags/example_params_ui_tutorial.py took 0.093 seconds
[2023-12-03T17:46:23.100+0000] {processor.py:157} INFO - Started process (PID=3443) to work on /home/airflow/.local/lib/python3.8/site-packages/airflow/example_dags/example_params_ui_tutorial.py
[2023-12-03T17:46:23.102+0000] {processor.py:829} INFO - Processing file /home/airflow/.local/lib/python3.8/site-packages/airflow/example_dags/example_params_ui_tutorial.py for tasks to queue
[2023-12-03T17:46:23.104+0000] {logging_mixin.py:154} INFO - [2023-12-03T17:46:23.104+0000] {dagbag.py:536} INFO - Filling up the DagBag from /home/airflow/.local/lib/python3.8/site-packages/airflow/example_dags/example_params_ui_tutorial.py
[2023-12-03T17:46:23.129+0000] {processor.py:839} INFO - DAG(s) dict_keys(['example_params_ui_tutorial']) retrieved from /home/airflow/.local/lib/python3.8/site-packages/airflow/example_dags/example_params_ui_tutorial.py
[2023-12-03T17:46:23.169+0000] {logging_mixin.py:154} INFO - [2023-12-03T17:46:23.169+0000] {dag.py:2941} INFO - Sync 1 DAGs
[2023-12-03T17:46:23.179+0000] {logging_mixin.py:154} INFO - [2023-12-03T17:46:23.179+0000] {dag.py:3722} INFO - Setting next_dagrun for example_params_ui_tutorial to None, run_after=None
[2023-12-03T17:46:23.194+0000] {processor.py:179} INFO - Processing /home/airflow/.local/lib/python3.8/site-packages/airflow/example_dags/example_params_ui_tutorial.py took 0.097 seconds
[2023-12-03T18:33:42.676+0000] {processor.py:157} INFO - Started process (PID=3501) to work on /home/airflow/.local/lib/python3.8/site-packages/airflow/example_dags/example_params_ui_tutorial.py
[2023-12-03T18:33:42.677+0000] {processor.py:829} INFO - Processing file /home/airflow/.local/lib/python3.8/site-packages/airflow/example_dags/example_params_ui_tutorial.py for tasks to queue
[2023-12-03T18:33:42.680+0000] {logging_mixin.py:154} INFO - [2023-12-03T18:33:42.679+0000] {dagbag.py:536} INFO - Filling up the DagBag from /home/airflow/.local/lib/python3.8/site-packages/airflow/example_dags/example_params_ui_tutorial.py
[2023-12-03T18:33:42.709+0000] {processor.py:839} INFO - DAG(s) dict_keys(['example_params_ui_tutorial']) retrieved from /home/airflow/.local/lib/python3.8/site-packages/airflow/example_dags/example_params_ui_tutorial.py
[2023-12-03T18:33:42.751+0000] {logging_mixin.py:154} INFO - [2023-12-03T18:33:42.750+0000] {dag.py:2941} INFO - Sync 1 DAGs
[2023-12-03T18:33:42.760+0000] {logging_mixin.py:154} INFO - [2023-12-03T18:33:42.760+0000] {dag.py:3722} INFO - Setting next_dagrun for example_params_ui_tutorial to None, run_after=None
[2023-12-03T18:33:42.773+0000] {processor.py:179} INFO - Processing /home/airflow/.local/lib/python3.8/site-packages/airflow/example_dags/example_params_ui_tutorial.py took 0.100 seconds
[2023-12-03T19:06:27.361+0000] {processor.py:157} INFO - Started process (PID=3559) to work on /home/airflow/.local/lib/python3.8/site-packages/airflow/example_dags/example_params_ui_tutorial.py
[2023-12-03T19:06:27.362+0000] {processor.py:829} INFO - Processing file /home/airflow/.local/lib/python3.8/site-packages/airflow/example_dags/example_params_ui_tutorial.py for tasks to queue
[2023-12-03T19:06:27.365+0000] {logging_mixin.py:154} INFO - [2023-12-03T19:06:27.364+0000] {dagbag.py:536} INFO - Filling up the DagBag from /home/airflow/.local/lib/python3.8/site-packages/airflow/example_dags/example_params_ui_tutorial.py
[2023-12-03T19:06:27.402+0000] {processor.py:839} INFO - DAG(s) dict_keys(['example_params_ui_tutorial']) retrieved from /home/airflow/.local/lib/python3.8/site-packages/airflow/example_dags/example_params_ui_tutorial.py
[2023-12-03T19:06:27.479+0000] {logging_mixin.py:154} INFO - [2023-12-03T19:06:27.478+0000] {dag.py:2941} INFO - Sync 1 DAGs
[2023-12-03T19:06:27.506+0000] {logging_mixin.py:154} INFO - [2023-12-03T19:06:27.506+0000] {dag.py:3722} INFO - Setting next_dagrun for example_params_ui_tutorial to None, run_after=None
[2023-12-03T19:06:27.538+0000] {processor.py:179} INFO - Processing /home/airflow/.local/lib/python3.8/site-packages/airflow/example_dags/example_params_ui_tutorial.py took 0.180 seconds
[2023-12-03T19:22:02.354+0000] {processor.py:157} INFO - Started process (PID=3616) to work on /home/airflow/.local/lib/python3.8/site-packages/airflow/example_dags/example_params_ui_tutorial.py
[2023-12-03T19:22:02.355+0000] {processor.py:829} INFO - Processing file /home/airflow/.local/lib/python3.8/site-packages/airflow/example_dags/example_params_ui_tutorial.py for tasks to queue
[2023-12-03T19:22:02.357+0000] {logging_mixin.py:154} INFO - [2023-12-03T19:22:02.357+0000] {dagbag.py:536} INFO - Filling up the DagBag from /home/airflow/.local/lib/python3.8/site-packages/airflow/example_dags/example_params_ui_tutorial.py
[2023-12-03T19:22:02.383+0000] {processor.py:839} INFO - DAG(s) dict_keys(['example_params_ui_tutorial']) retrieved from /home/airflow/.local/lib/python3.8/site-packages/airflow/example_dags/example_params_ui_tutorial.py
[2023-12-03T19:22:02.420+0000] {logging_mixin.py:154} INFO - [2023-12-03T19:22:02.420+0000] {dag.py:2941} INFO - Sync 1 DAGs
[2023-12-03T19:22:02.429+0000] {logging_mixin.py:154} INFO - [2023-12-03T19:22:02.429+0000] {dag.py:3722} INFO - Setting next_dagrun for example_params_ui_tutorial to None, run_after=None
[2023-12-03T19:22:02.442+0000] {processor.py:179} INFO - Processing /home/airflow/.local/lib/python3.8/site-packages/airflow/example_dags/example_params_ui_tutorial.py took 0.092 seconds
[2023-12-03T20:11:34.562+0000] {processor.py:157} INFO - Started process (PID=3674) to work on /home/airflow/.local/lib/python3.8/site-packages/airflow/example_dags/example_params_ui_tutorial.py
[2023-12-03T20:11:34.563+0000] {processor.py:829} INFO - Processing file /home/airflow/.local/lib/python3.8/site-packages/airflow/example_dags/example_params_ui_tutorial.py for tasks to queue
[2023-12-03T20:11:34.565+0000] {logging_mixin.py:154} INFO - [2023-12-03T20:11:34.565+0000] {dagbag.py:536} INFO - Filling up the DagBag from /home/airflow/.local/lib/python3.8/site-packages/airflow/example_dags/example_params_ui_tutorial.py
[2023-12-03T20:11:34.591+0000] {processor.py:839} INFO - DAG(s) dict_keys(['example_params_ui_tutorial']) retrieved from /home/airflow/.local/lib/python3.8/site-packages/airflow/example_dags/example_params_ui_tutorial.py
[2023-12-03T20:11:34.631+0000] {logging_mixin.py:154} INFO - [2023-12-03T20:11:34.631+0000] {dag.py:2941} INFO - Sync 1 DAGs
[2023-12-03T20:11:34.641+0000] {logging_mixin.py:154} INFO - [2023-12-03T20:11:34.641+0000] {dag.py:3722} INFO - Setting next_dagrun for example_params_ui_tutorial to None, run_after=None
[2023-12-03T20:11:34.655+0000] {processor.py:179} INFO - Processing /home/airflow/.local/lib/python3.8/site-packages/airflow/example_dags/example_params_ui_tutorial.py took 0.096 seconds
[2023-12-03T21:36:34.496+0000] {processor.py:157} INFO - Started process (PID=3732) to work on /home/airflow/.local/lib/python3.8/site-packages/airflow/example_dags/example_params_ui_tutorial.py
[2023-12-03T21:36:34.497+0000] {processor.py:829} INFO - Processing file /home/airflow/.local/lib/python3.8/site-packages/airflow/example_dags/example_params_ui_tutorial.py for tasks to queue
[2023-12-03T21:36:34.500+0000] {logging_mixin.py:154} INFO - [2023-12-03T21:36:34.499+0000] {dagbag.py:536} INFO - Filling up the DagBag from /home/airflow/.local/lib/python3.8/site-packages/airflow/example_dags/example_params_ui_tutorial.py
[2023-12-03T21:36:34.560+0000] {processor.py:839} INFO - DAG(s) dict_keys(['example_params_ui_tutorial']) retrieved from /home/airflow/.local/lib/python3.8/site-packages/airflow/example_dags/example_params_ui_tutorial.py
[2023-12-03T21:36:34.610+0000] {logging_mixin.py:154} INFO - [2023-12-03T21:36:34.610+0000] {dag.py:2941} INFO - Sync 1 DAGs
[2023-12-03T21:36:34.620+0000] {logging_mixin.py:154} INFO - [2023-12-03T21:36:34.620+0000] {dag.py:3722} INFO - Setting next_dagrun for example_params_ui_tutorial to None, run_after=None
[2023-12-03T21:36:34.633+0000] {processor.py:179} INFO - Processing /home/airflow/.local/lib/python3.8/site-packages/airflow/example_dags/example_params_ui_tutorial.py took 0.141 seconds
[2023-12-03T22:57:32.070+0000] {processor.py:157} INFO - Started process (PID=3783) to work on /home/airflow/.local/lib/python3.8/site-packages/airflow/example_dags/example_params_ui_tutorial.py
[2023-12-03T22:57:32.072+0000] {processor.py:829} INFO - Processing file /home/airflow/.local/lib/python3.8/site-packages/airflow/example_dags/example_params_ui_tutorial.py for tasks to queue
[2023-12-03T22:57:32.074+0000] {logging_mixin.py:154} INFO - [2023-12-03T22:57:32.074+0000] {dagbag.py:536} INFO - Filling up the DagBag from /home/airflow/.local/lib/python3.8/site-packages/airflow/example_dags/example_params_ui_tutorial.py
[2023-12-03T22:57:32.101+0000] {processor.py:839} INFO - DAG(s) dict_keys(['example_params_ui_tutorial']) retrieved from /home/airflow/.local/lib/python3.8/site-packages/airflow/example_dags/example_params_ui_tutorial.py
[2023-12-03T22:57:32.140+0000] {logging_mixin.py:154} INFO - [2023-12-03T22:57:32.140+0000] {dag.py:2941} INFO - Sync 1 DAGs
[2023-12-03T22:57:32.153+0000] {logging_mixin.py:154} INFO - [2023-12-03T22:57:32.152+0000] {dag.py:3722} INFO - Setting next_dagrun for example_params_ui_tutorial to None, run_after=None
[2023-12-03T22:57:32.174+0000] {processor.py:179} INFO - Processing /home/airflow/.local/lib/python3.8/site-packages/airflow/example_dags/example_params_ui_tutorial.py took 0.107 seconds
[2023-12-03T23:13:10.956+0000] {processor.py:157} INFO - Started process (PID=3841) to work on /home/airflow/.local/lib/python3.8/site-packages/airflow/example_dags/example_params_ui_tutorial.py
[2023-12-03T23:13:10.958+0000] {processor.py:829} INFO - Processing file /home/airflow/.local/lib/python3.8/site-packages/airflow/example_dags/example_params_ui_tutorial.py for tasks to queue
[2023-12-03T23:13:10.960+0000] {logging_mixin.py:154} INFO - [2023-12-03T23:13:10.960+0000] {dagbag.py:536} INFO - Filling up the DagBag from /home/airflow/.local/lib/python3.8/site-packages/airflow/example_dags/example_params_ui_tutorial.py
[2023-12-03T23:13:10.997+0000] {processor.py:839} INFO - DAG(s) dict_keys(['example_params_ui_tutorial']) retrieved from /home/airflow/.local/lib/python3.8/site-packages/airflow/example_dags/example_params_ui_tutorial.py
[2023-12-03T23:13:11.037+0000] {logging_mixin.py:154} INFO - [2023-12-03T23:13:11.037+0000] {dag.py:2941} INFO - Sync 1 DAGs
[2023-12-03T23:13:11.046+0000] {logging_mixin.py:154} INFO - [2023-12-03T23:13:11.046+0000] {dag.py:3722} INFO - Setting next_dagrun for example_params_ui_tutorial to None, run_after=None
[2023-12-03T23:13:11.060+0000] {processor.py:179} INFO - Processing /home/airflow/.local/lib/python3.8/site-packages/airflow/example_dags/example_params_ui_tutorial.py took 0.107 seconds
[2023-12-03T23:22:19.415+0000] {processor.py:157} INFO - Started process (PID=3899) to work on /home/airflow/.local/lib/python3.8/site-packages/airflow/example_dags/example_params_ui_tutorial.py
[2023-12-03T23:22:19.417+0000] {processor.py:829} INFO - Processing file /home/airflow/.local/lib/python3.8/site-packages/airflow/example_dags/example_params_ui_tutorial.py for tasks to queue
[2023-12-03T23:22:19.419+0000] {logging_mixin.py:154} INFO - [2023-12-03T23:22:19.419+0000] {dagbag.py:536} INFO - Filling up the DagBag from /home/airflow/.local/lib/python3.8/site-packages/airflow/example_dags/example_params_ui_tutorial.py
[2023-12-03T23:22:19.446+0000] {processor.py:839} INFO - DAG(s) dict_keys(['example_params_ui_tutorial']) retrieved from /home/airflow/.local/lib/python3.8/site-packages/airflow/example_dags/example_params_ui_tutorial.py
[2023-12-03T23:22:19.485+0000] {logging_mixin.py:154} INFO - [2023-12-03T23:22:19.485+0000] {dag.py:2941} INFO - Sync 1 DAGs
[2023-12-03T23:22:19.494+0000] {logging_mixin.py:154} INFO - [2023-12-03T23:22:19.494+0000] {dag.py:3722} INFO - Setting next_dagrun for example_params_ui_tutorial to None, run_after=None
[2023-12-03T23:22:19.506+0000] {processor.py:179} INFO - Processing /home/airflow/.local/lib/python3.8/site-packages/airflow/example_dags/example_params_ui_tutorial.py took 0.095 seconds
