[2023-12-03T09:43:23.793+0000] {processor.py:157} INFO - Started process (PID=58) to work on /home/airflow/.local/lib/python3.8/site-packages/airflow/example_dags/example_complex.py
[2023-12-03T09:43:23.794+0000] {processor.py:829} INFO - Processing file /home/airflow/.local/lib/python3.8/site-packages/airflow/example_dags/example_complex.py for tasks to queue
[2023-12-03T09:43:23.797+0000] {logging_mixin.py:154} INFO - [2023-12-03T09:43:23.796+0000] {dagbag.py:536} INFO - Filling up the DagBag from /home/airflow/.local/lib/python3.8/site-packages/airflow/example_dags/example_complex.py
[2023-12-03T09:43:23.815+0000] {processor.py:839} INFO - DAG(s) dict_keys(['example_complex']) retrieved from /home/airflow/.local/lib/python3.8/site-packages/airflow/example_dags/example_complex.py
[2023-12-03T09:43:23.829+0000] {logging_mixin.py:154} INFO - [2023-12-03T09:43:23.828+0000] {dag.py:2941} INFO - Sync 1 DAGs
[2023-12-03T09:43:23.843+0000] {logging_mixin.py:154} INFO - [2023-12-03T09:43:23.843+0000] {dag.py:3722} INFO - Setting next_dagrun for example_complex to None, run_after=None
[2023-12-03T09:43:23.868+0000] {processor.py:179} INFO - Processing /home/airflow/.local/lib/python3.8/site-packages/airflow/example_dags/example_complex.py took 0.080 seconds
[2023-12-03T09:43:54.314+0000] {processor.py:157} INFO - Started process (PID=116) to work on /home/airflow/.local/lib/python3.8/site-packages/airflow/example_dags/example_complex.py
[2023-12-03T09:43:54.315+0000] {processor.py:829} INFO - Processing file /home/airflow/.local/lib/python3.8/site-packages/airflow/example_dags/example_complex.py for tasks to queue
[2023-12-03T09:43:54.317+0000] {logging_mixin.py:154} INFO - [2023-12-03T09:43:54.317+0000] {dagbag.py:536} INFO - Filling up the DagBag from /home/airflow/.local/lib/python3.8/site-packages/airflow/example_dags/example_complex.py
[2023-12-03T09:43:54.330+0000] {processor.py:839} INFO - DAG(s) dict_keys(['example_complex']) retrieved from /home/airflow/.local/lib/python3.8/site-packages/airflow/example_dags/example_complex.py
[2023-12-03T09:43:54.361+0000] {logging_mixin.py:154} INFO - [2023-12-03T09:43:54.361+0000] {dag.py:2941} INFO - Sync 1 DAGs
[2023-12-03T09:43:54.372+0000] {logging_mixin.py:154} INFO - [2023-12-03T09:43:54.372+0000] {dag.py:3722} INFO - Setting next_dagrun for example_complex to None, run_after=None
[2023-12-03T09:43:54.389+0000] {processor.py:179} INFO - Processing /home/airflow/.local/lib/python3.8/site-packages/airflow/example_dags/example_complex.py took 0.078 seconds
[2023-12-03T09:44:25.291+0000] {processor.py:157} INFO - Started process (PID=173) to work on /home/airflow/.local/lib/python3.8/site-packages/airflow/example_dags/example_complex.py
[2023-12-03T09:44:25.292+0000] {processor.py:829} INFO - Processing file /home/airflow/.local/lib/python3.8/site-packages/airflow/example_dags/example_complex.py for tasks to queue
[2023-12-03T09:44:25.295+0000] {logging_mixin.py:154} INFO - [2023-12-03T09:44:25.294+0000] {dagbag.py:536} INFO - Filling up the DagBag from /home/airflow/.local/lib/python3.8/site-packages/airflow/example_dags/example_complex.py
[2023-12-03T09:44:25.308+0000] {processor.py:839} INFO - DAG(s) dict_keys(['example_complex']) retrieved from /home/airflow/.local/lib/python3.8/site-packages/airflow/example_dags/example_complex.py
[2023-12-03T09:44:25.336+0000] {logging_mixin.py:154} INFO - [2023-12-03T09:44:25.336+0000] {dag.py:2941} INFO - Sync 1 DAGs
[2023-12-03T09:44:25.348+0000] {logging_mixin.py:154} INFO - [2023-12-03T09:44:25.348+0000] {dag.py:3722} INFO - Setting next_dagrun for example_complex to None, run_after=None
[2023-12-03T09:44:25.364+0000] {processor.py:179} INFO - Processing /home/airflow/.local/lib/python3.8/site-packages/airflow/example_dags/example_complex.py took 0.076 seconds
[2023-12-03T09:44:56.371+0000] {processor.py:157} INFO - Started process (PID=231) to work on /home/airflow/.local/lib/python3.8/site-packages/airflow/example_dags/example_complex.py
[2023-12-03T09:44:56.372+0000] {processor.py:829} INFO - Processing file /home/airflow/.local/lib/python3.8/site-packages/airflow/example_dags/example_complex.py for tasks to queue
[2023-12-03T09:44:56.374+0000] {logging_mixin.py:154} INFO - [2023-12-03T09:44:56.374+0000] {dagbag.py:536} INFO - Filling up the DagBag from /home/airflow/.local/lib/python3.8/site-packages/airflow/example_dags/example_complex.py
[2023-12-03T09:44:56.384+0000] {processor.py:839} INFO - DAG(s) dict_keys(['example_complex']) retrieved from /home/airflow/.local/lib/python3.8/site-packages/airflow/example_dags/example_complex.py
[2023-12-03T09:44:56.416+0000] {logging_mixin.py:154} INFO - [2023-12-03T09:44:56.416+0000] {dag.py:2941} INFO - Sync 1 DAGs
[2023-12-03T09:44:56.425+0000] {logging_mixin.py:154} INFO - [2023-12-03T09:44:56.425+0000] {dag.py:3722} INFO - Setting next_dagrun for example_complex to None, run_after=None
[2023-12-03T09:44:56.441+0000] {processor.py:179} INFO - Processing /home/airflow/.local/lib/python3.8/site-packages/airflow/example_dags/example_complex.py took 0.075 seconds
[2023-12-03T09:45:27.058+0000] {processor.py:157} INFO - Started process (PID=288) to work on /home/airflow/.local/lib/python3.8/site-packages/airflow/example_dags/example_complex.py
[2023-12-03T09:45:27.059+0000] {processor.py:829} INFO - Processing file /home/airflow/.local/lib/python3.8/site-packages/airflow/example_dags/example_complex.py for tasks to queue
[2023-12-03T09:45:27.062+0000] {logging_mixin.py:154} INFO - [2023-12-03T09:45:27.062+0000] {dagbag.py:536} INFO - Filling up the DagBag from /home/airflow/.local/lib/python3.8/site-packages/airflow/example_dags/example_complex.py
[2023-12-03T09:45:27.076+0000] {processor.py:839} INFO - DAG(s) dict_keys(['example_complex']) retrieved from /home/airflow/.local/lib/python3.8/site-packages/airflow/example_dags/example_complex.py
[2023-12-03T09:45:27.114+0000] {logging_mixin.py:154} INFO - [2023-12-03T09:45:27.114+0000] {dag.py:2941} INFO - Sync 1 DAGs
[2023-12-03T09:45:27.128+0000] {logging_mixin.py:154} INFO - [2023-12-03T09:45:27.127+0000] {dag.py:3722} INFO - Setting next_dagrun for example_complex to None, run_after=None
[2023-12-03T09:45:27.150+0000] {processor.py:179} INFO - Processing /home/airflow/.local/lib/python3.8/site-packages/airflow/example_dags/example_complex.py took 0.097 seconds
[2023-12-03T09:45:57.595+0000] {processor.py:157} INFO - Started process (PID=348) to work on /home/airflow/.local/lib/python3.8/site-packages/airflow/example_dags/example_complex.py
[2023-12-03T09:45:57.597+0000] {processor.py:829} INFO - Processing file /home/airflow/.local/lib/python3.8/site-packages/airflow/example_dags/example_complex.py for tasks to queue
[2023-12-03T09:45:57.604+0000] {logging_mixin.py:154} INFO - [2023-12-03T09:45:57.604+0000] {dagbag.py:536} INFO - Filling up the DagBag from /home/airflow/.local/lib/python3.8/site-packages/airflow/example_dags/example_complex.py
[2023-12-03T09:45:57.620+0000] {processor.py:839} INFO - DAG(s) dict_keys(['example_complex']) retrieved from /home/airflow/.local/lib/python3.8/site-packages/airflow/example_dags/example_complex.py
[2023-12-03T09:45:57.658+0000] {logging_mixin.py:154} INFO - [2023-12-03T09:45:57.658+0000] {dag.py:2941} INFO - Sync 1 DAGs
[2023-12-03T09:45:57.676+0000] {logging_mixin.py:154} INFO - [2023-12-03T09:45:57.676+0000] {dag.py:3722} INFO - Setting next_dagrun for example_complex to None, run_after=None
[2023-12-03T09:45:57.693+0000] {processor.py:179} INFO - Processing /home/airflow/.local/lib/python3.8/site-packages/airflow/example_dags/example_complex.py took 0.103 seconds
[2023-12-03T09:46:28.289+0000] {processor.py:157} INFO - Started process (PID=406) to work on /home/airflow/.local/lib/python3.8/site-packages/airflow/example_dags/example_complex.py
[2023-12-03T09:46:28.290+0000] {processor.py:829} INFO - Processing file /home/airflow/.local/lib/python3.8/site-packages/airflow/example_dags/example_complex.py for tasks to queue
[2023-12-03T09:46:28.293+0000] {logging_mixin.py:154} INFO - [2023-12-03T09:46:28.293+0000] {dagbag.py:536} INFO - Filling up the DagBag from /home/airflow/.local/lib/python3.8/site-packages/airflow/example_dags/example_complex.py
[2023-12-03T09:46:28.309+0000] {processor.py:839} INFO - DAG(s) dict_keys(['example_complex']) retrieved from /home/airflow/.local/lib/python3.8/site-packages/airflow/example_dags/example_complex.py
[2023-12-03T09:46:28.346+0000] {logging_mixin.py:154} INFO - [2023-12-03T09:46:28.345+0000] {dag.py:2941} INFO - Sync 1 DAGs
[2023-12-03T09:46:28.358+0000] {logging_mixin.py:154} INFO - [2023-12-03T09:46:28.358+0000] {dag.py:3722} INFO - Setting next_dagrun for example_complex to None, run_after=None
[2023-12-03T09:46:28.375+0000] {processor.py:179} INFO - Processing /home/airflow/.local/lib/python3.8/site-packages/airflow/example_dags/example_complex.py took 0.092 seconds
[2023-12-03T09:46:59.540+0000] {processor.py:157} INFO - Started process (PID=464) to work on /home/airflow/.local/lib/python3.8/site-packages/airflow/example_dags/example_complex.py
[2023-12-03T09:46:59.541+0000] {processor.py:829} INFO - Processing file /home/airflow/.local/lib/python3.8/site-packages/airflow/example_dags/example_complex.py for tasks to queue
[2023-12-03T09:46:59.543+0000] {logging_mixin.py:154} INFO - [2023-12-03T09:46:59.543+0000] {dagbag.py:536} INFO - Filling up the DagBag from /home/airflow/.local/lib/python3.8/site-packages/airflow/example_dags/example_complex.py
[2023-12-03T09:46:59.555+0000] {processor.py:839} INFO - DAG(s) dict_keys(['example_complex']) retrieved from /home/airflow/.local/lib/python3.8/site-packages/airflow/example_dags/example_complex.py
[2023-12-03T09:46:59.588+0000] {logging_mixin.py:154} INFO - [2023-12-03T09:46:59.588+0000] {dag.py:2941} INFO - Sync 1 DAGs
[2023-12-03T09:46:59.604+0000] {logging_mixin.py:154} INFO - [2023-12-03T09:46:59.604+0000] {dag.py:3722} INFO - Setting next_dagrun for example_complex to None, run_after=None
[2023-12-03T09:46:59.626+0000] {processor.py:179} INFO - Processing /home/airflow/.local/lib/python3.8/site-packages/airflow/example_dags/example_complex.py took 0.090 seconds
[2023-12-03T09:47:30.268+0000] {processor.py:157} INFO - Started process (PID=522) to work on /home/airflow/.local/lib/python3.8/site-packages/airflow/example_dags/example_complex.py
[2023-12-03T09:47:30.269+0000] {processor.py:829} INFO - Processing file /home/airflow/.local/lib/python3.8/site-packages/airflow/example_dags/example_complex.py for tasks to queue
[2023-12-03T09:47:30.271+0000] {logging_mixin.py:154} INFO - [2023-12-03T09:47:30.271+0000] {dagbag.py:536} INFO - Filling up the DagBag from /home/airflow/.local/lib/python3.8/site-packages/airflow/example_dags/example_complex.py
[2023-12-03T09:47:30.282+0000] {processor.py:839} INFO - DAG(s) dict_keys(['example_complex']) retrieved from /home/airflow/.local/lib/python3.8/site-packages/airflow/example_dags/example_complex.py
[2023-12-03T09:47:30.314+0000] {logging_mixin.py:154} INFO - [2023-12-03T09:47:30.314+0000] {dag.py:2941} INFO - Sync 1 DAGs
[2023-12-03T09:47:30.331+0000] {logging_mixin.py:154} INFO - [2023-12-03T09:47:30.331+0000] {dag.py:3722} INFO - Setting next_dagrun for example_complex to None, run_after=None
[2023-12-03T09:47:30.348+0000] {processor.py:179} INFO - Processing /home/airflow/.local/lib/python3.8/site-packages/airflow/example_dags/example_complex.py took 0.083 seconds
[2023-12-03T09:48:01.479+0000] {processor.py:157} INFO - Started process (PID=580) to work on /home/airflow/.local/lib/python3.8/site-packages/airflow/example_dags/example_complex.py
[2023-12-03T09:48:01.480+0000] {processor.py:829} INFO - Processing file /home/airflow/.local/lib/python3.8/site-packages/airflow/example_dags/example_complex.py for tasks to queue
[2023-12-03T09:48:01.483+0000] {logging_mixin.py:154} INFO - [2023-12-03T09:48:01.483+0000] {dagbag.py:536} INFO - Filling up the DagBag from /home/airflow/.local/lib/python3.8/site-packages/airflow/example_dags/example_complex.py
[2023-12-03T09:48:01.497+0000] {processor.py:839} INFO - DAG(s) dict_keys(['example_complex']) retrieved from /home/airflow/.local/lib/python3.8/site-packages/airflow/example_dags/example_complex.py
[2023-12-03T09:48:01.528+0000] {logging_mixin.py:154} INFO - [2023-12-03T09:48:01.528+0000] {dag.py:2941} INFO - Sync 1 DAGs
[2023-12-03T09:48:01.541+0000] {logging_mixin.py:154} INFO - [2023-12-03T09:48:01.541+0000] {dag.py:3722} INFO - Setting next_dagrun for example_complex to None, run_after=None
[2023-12-03T09:48:01.559+0000] {processor.py:179} INFO - Processing /home/airflow/.local/lib/python3.8/site-packages/airflow/example_dags/example_complex.py took 0.085 seconds
[2023-12-03T09:48:32.345+0000] {processor.py:157} INFO - Started process (PID=637) to work on /home/airflow/.local/lib/python3.8/site-packages/airflow/example_dags/example_complex.py
[2023-12-03T09:48:32.346+0000] {processor.py:829} INFO - Processing file /home/airflow/.local/lib/python3.8/site-packages/airflow/example_dags/example_complex.py for tasks to queue
[2023-12-03T09:48:32.348+0000] {logging_mixin.py:154} INFO - [2023-12-03T09:48:32.348+0000] {dagbag.py:536} INFO - Filling up the DagBag from /home/airflow/.local/lib/python3.8/site-packages/airflow/example_dags/example_complex.py
[2023-12-03T09:48:32.359+0000] {processor.py:839} INFO - DAG(s) dict_keys(['example_complex']) retrieved from /home/airflow/.local/lib/python3.8/site-packages/airflow/example_dags/example_complex.py
[2023-12-03T09:48:32.386+0000] {logging_mixin.py:154} INFO - [2023-12-03T09:48:32.386+0000] {dag.py:2941} INFO - Sync 1 DAGs
[2023-12-03T09:48:32.398+0000] {logging_mixin.py:154} INFO - [2023-12-03T09:48:32.398+0000] {dag.py:3722} INFO - Setting next_dagrun for example_complex to None, run_after=None
[2023-12-03T09:48:32.415+0000] {processor.py:179} INFO - Processing /home/airflow/.local/lib/python3.8/site-packages/airflow/example_dags/example_complex.py took 0.074 seconds
[2023-12-03T09:49:03.537+0000] {processor.py:157} INFO - Started process (PID=702) to work on /home/airflow/.local/lib/python3.8/site-packages/airflow/example_dags/example_complex.py
[2023-12-03T09:49:03.538+0000] {processor.py:829} INFO - Processing file /home/airflow/.local/lib/python3.8/site-packages/airflow/example_dags/example_complex.py for tasks to queue
[2023-12-03T09:49:03.540+0000] {logging_mixin.py:154} INFO - [2023-12-03T09:49:03.540+0000] {dagbag.py:536} INFO - Filling up the DagBag from /home/airflow/.local/lib/python3.8/site-packages/airflow/example_dags/example_complex.py
[2023-12-03T09:49:03.553+0000] {processor.py:839} INFO - DAG(s) dict_keys(['example_complex']) retrieved from /home/airflow/.local/lib/python3.8/site-packages/airflow/example_dags/example_complex.py
[2023-12-03T09:49:03.601+0000] {logging_mixin.py:154} INFO - [2023-12-03T09:49:03.601+0000] {dag.py:2941} INFO - Sync 1 DAGs
[2023-12-03T09:49:03.614+0000] {logging_mixin.py:154} INFO - [2023-12-03T09:49:03.614+0000] {dag.py:3722} INFO - Setting next_dagrun for example_complex to None, run_after=None
[2023-12-03T09:49:03.640+0000] {processor.py:179} INFO - Processing /home/airflow/.local/lib/python3.8/site-packages/airflow/example_dags/example_complex.py took 0.107 seconds
[2023-12-03T09:49:34.397+0000] {processor.py:157} INFO - Started process (PID=760) to work on /home/airflow/.local/lib/python3.8/site-packages/airflow/example_dags/example_complex.py
[2023-12-03T09:49:34.398+0000] {processor.py:829} INFO - Processing file /home/airflow/.local/lib/python3.8/site-packages/airflow/example_dags/example_complex.py for tasks to queue
[2023-12-03T09:49:34.400+0000] {logging_mixin.py:154} INFO - [2023-12-03T09:49:34.400+0000] {dagbag.py:536} INFO - Filling up the DagBag from /home/airflow/.local/lib/python3.8/site-packages/airflow/example_dags/example_complex.py
[2023-12-03T09:49:34.409+0000] {processor.py:839} INFO - DAG(s) dict_keys(['example_complex']) retrieved from /home/airflow/.local/lib/python3.8/site-packages/airflow/example_dags/example_complex.py
[2023-12-03T09:49:34.435+0000] {logging_mixin.py:154} INFO - [2023-12-03T09:49:34.434+0000] {dag.py:2941} INFO - Sync 1 DAGs
[2023-12-03T09:49:34.445+0000] {logging_mixin.py:154} INFO - [2023-12-03T09:49:34.445+0000] {dag.py:3722} INFO - Setting next_dagrun for example_complex to None, run_after=None
[2023-12-03T09:49:34.595+0000] {processor.py:179} INFO - Processing /home/airflow/.local/lib/python3.8/site-packages/airflow/example_dags/example_complex.py took 0.203 seconds
[2023-12-03T09:50:05.499+0000] {processor.py:157} INFO - Started process (PID=818) to work on /home/airflow/.local/lib/python3.8/site-packages/airflow/example_dags/example_complex.py
[2023-12-03T09:50:05.500+0000] {processor.py:829} INFO - Processing file /home/airflow/.local/lib/python3.8/site-packages/airflow/example_dags/example_complex.py for tasks to queue
[2023-12-03T09:50:05.502+0000] {logging_mixin.py:154} INFO - [2023-12-03T09:50:05.501+0000] {dagbag.py:536} INFO - Filling up the DagBag from /home/airflow/.local/lib/python3.8/site-packages/airflow/example_dags/example_complex.py
[2023-12-03T09:50:05.511+0000] {processor.py:839} INFO - DAG(s) dict_keys(['example_complex']) retrieved from /home/airflow/.local/lib/python3.8/site-packages/airflow/example_dags/example_complex.py
[2023-12-03T09:50:05.540+0000] {logging_mixin.py:154} INFO - [2023-12-03T09:50:05.540+0000] {dag.py:2941} INFO - Sync 1 DAGs
[2023-12-03T09:50:05.552+0000] {logging_mixin.py:154} INFO - [2023-12-03T09:50:05.552+0000] {dag.py:3722} INFO - Setting next_dagrun for example_complex to None, run_after=None
[2023-12-03T09:50:05.701+0000] {processor.py:179} INFO - Processing /home/airflow/.local/lib/python3.8/site-packages/airflow/example_dags/example_complex.py took 0.207 seconds
[2023-12-03T09:50:36.616+0000] {processor.py:157} INFO - Started process (PID=875) to work on /home/airflow/.local/lib/python3.8/site-packages/airflow/example_dags/example_complex.py
[2023-12-03T09:50:36.617+0000] {processor.py:829} INFO - Processing file /home/airflow/.local/lib/python3.8/site-packages/airflow/example_dags/example_complex.py for tasks to queue
[2023-12-03T09:50:36.620+0000] {logging_mixin.py:154} INFO - [2023-12-03T09:50:36.620+0000] {dagbag.py:536} INFO - Filling up the DagBag from /home/airflow/.local/lib/python3.8/site-packages/airflow/example_dags/example_complex.py
[2023-12-03T09:50:36.633+0000] {processor.py:839} INFO - DAG(s) dict_keys(['example_complex']) retrieved from /home/airflow/.local/lib/python3.8/site-packages/airflow/example_dags/example_complex.py
[2023-12-03T09:50:36.669+0000] {logging_mixin.py:154} INFO - [2023-12-03T09:50:36.669+0000] {dag.py:2941} INFO - Sync 1 DAGs
[2023-12-03T09:50:36.685+0000] {logging_mixin.py:154} INFO - [2023-12-03T09:50:36.685+0000] {dag.py:3722} INFO - Setting next_dagrun for example_complex to None, run_after=None
[2023-12-03T09:50:36.704+0000] {processor.py:179} INFO - Processing /home/airflow/.local/lib/python3.8/site-packages/airflow/example_dags/example_complex.py took 0.091 seconds
[2023-12-03T09:51:06.805+0000] {processor.py:157} INFO - Started process (PID=932) to work on /home/airflow/.local/lib/python3.8/site-packages/airflow/example_dags/example_complex.py
[2023-12-03T09:51:06.806+0000] {processor.py:829} INFO - Processing file /home/airflow/.local/lib/python3.8/site-packages/airflow/example_dags/example_complex.py for tasks to queue
[2023-12-03T09:51:06.808+0000] {logging_mixin.py:154} INFO - [2023-12-03T09:51:06.808+0000] {dagbag.py:536} INFO - Filling up the DagBag from /home/airflow/.local/lib/python3.8/site-packages/airflow/example_dags/example_complex.py
[2023-12-03T09:51:06.818+0000] {processor.py:839} INFO - DAG(s) dict_keys(['example_complex']) retrieved from /home/airflow/.local/lib/python3.8/site-packages/airflow/example_dags/example_complex.py
[2023-12-03T09:51:06.843+0000] {logging_mixin.py:154} INFO - [2023-12-03T09:51:06.843+0000] {dag.py:2941} INFO - Sync 1 DAGs
[2023-12-03T09:51:06.854+0000] {logging_mixin.py:154} INFO - [2023-12-03T09:51:06.854+0000] {dag.py:3722} INFO - Setting next_dagrun for example_complex to None, run_after=None
[2023-12-03T09:51:06.870+0000] {processor.py:179} INFO - Processing /home/airflow/.local/lib/python3.8/site-packages/airflow/example_dags/example_complex.py took 0.070 seconds
[2023-12-03T09:51:37.762+0000] {processor.py:157} INFO - Started process (PID=990) to work on /home/airflow/.local/lib/python3.8/site-packages/airflow/example_dags/example_complex.py
[2023-12-03T09:51:37.763+0000] {processor.py:829} INFO - Processing file /home/airflow/.local/lib/python3.8/site-packages/airflow/example_dags/example_complex.py for tasks to queue
[2023-12-03T09:51:37.767+0000] {logging_mixin.py:154} INFO - [2023-12-03T09:51:37.766+0000] {dagbag.py:536} INFO - Filling up the DagBag from /home/airflow/.local/lib/python3.8/site-packages/airflow/example_dags/example_complex.py
[2023-12-03T09:51:37.781+0000] {processor.py:839} INFO - DAG(s) dict_keys(['example_complex']) retrieved from /home/airflow/.local/lib/python3.8/site-packages/airflow/example_dags/example_complex.py
[2023-12-03T09:51:37.817+0000] {logging_mixin.py:154} INFO - [2023-12-03T09:51:37.816+0000] {dag.py:2941} INFO - Sync 1 DAGs
[2023-12-03T09:51:37.832+0000] {logging_mixin.py:154} INFO - [2023-12-03T09:51:37.832+0000] {dag.py:3722} INFO - Setting next_dagrun for example_complex to None, run_after=None
[2023-12-03T09:51:37.854+0000] {processor.py:179} INFO - Processing /home/airflow/.local/lib/python3.8/site-packages/airflow/example_dags/example_complex.py took 0.097 seconds
[2023-12-03T09:52:08.678+0000] {processor.py:157} INFO - Started process (PID=1048) to work on /home/airflow/.local/lib/python3.8/site-packages/airflow/example_dags/example_complex.py
[2023-12-03T09:52:08.679+0000] {processor.py:829} INFO - Processing file /home/airflow/.local/lib/python3.8/site-packages/airflow/example_dags/example_complex.py for tasks to queue
[2023-12-03T09:52:08.682+0000] {logging_mixin.py:154} INFO - [2023-12-03T09:52:08.682+0000] {dagbag.py:536} INFO - Filling up the DagBag from /home/airflow/.local/lib/python3.8/site-packages/airflow/example_dags/example_complex.py
[2023-12-03T09:52:08.694+0000] {processor.py:839} INFO - DAG(s) dict_keys(['example_complex']) retrieved from /home/airflow/.local/lib/python3.8/site-packages/airflow/example_dags/example_complex.py
[2023-12-03T09:52:08.729+0000] {logging_mixin.py:154} INFO - [2023-12-03T09:52:08.729+0000] {dag.py:2941} INFO - Sync 1 DAGs
[2023-12-03T09:52:08.744+0000] {logging_mixin.py:154} INFO - [2023-12-03T09:52:08.743+0000] {dag.py:3722} INFO - Setting next_dagrun for example_complex to None, run_after=None
[2023-12-03T09:52:08.764+0000] {processor.py:179} INFO - Processing /home/airflow/.local/lib/python3.8/site-packages/airflow/example_dags/example_complex.py took 0.090 seconds
[2023-12-03T09:52:38.831+0000] {processor.py:157} INFO - Started process (PID=1106) to work on /home/airflow/.local/lib/python3.8/site-packages/airflow/example_dags/example_complex.py
[2023-12-03T09:52:38.832+0000] {processor.py:829} INFO - Processing file /home/airflow/.local/lib/python3.8/site-packages/airflow/example_dags/example_complex.py for tasks to queue
[2023-12-03T09:52:38.836+0000] {logging_mixin.py:154} INFO - [2023-12-03T09:52:38.835+0000] {dagbag.py:536} INFO - Filling up the DagBag from /home/airflow/.local/lib/python3.8/site-packages/airflow/example_dags/example_complex.py
[2023-12-03T09:52:38.850+0000] {processor.py:839} INFO - DAG(s) dict_keys(['example_complex']) retrieved from /home/airflow/.local/lib/python3.8/site-packages/airflow/example_dags/example_complex.py
[2023-12-03T09:52:38.889+0000] {logging_mixin.py:154} INFO - [2023-12-03T09:52:38.889+0000] {dag.py:2941} INFO - Sync 1 DAGs
[2023-12-03T09:52:38.907+0000] {logging_mixin.py:154} INFO - [2023-12-03T09:52:38.907+0000] {dag.py:3722} INFO - Setting next_dagrun for example_complex to None, run_after=None
[2023-12-03T09:52:38.929+0000] {processor.py:179} INFO - Processing /home/airflow/.local/lib/python3.8/site-packages/airflow/example_dags/example_complex.py took 0.103 seconds
[2023-12-03T09:53:09.170+0000] {processor.py:157} INFO - Started process (PID=1164) to work on /home/airflow/.local/lib/python3.8/site-packages/airflow/example_dags/example_complex.py
[2023-12-03T09:53:09.171+0000] {processor.py:829} INFO - Processing file /home/airflow/.local/lib/python3.8/site-packages/airflow/example_dags/example_complex.py for tasks to queue
[2023-12-03T09:53:09.173+0000] {logging_mixin.py:154} INFO - [2023-12-03T09:53:09.173+0000] {dagbag.py:536} INFO - Filling up the DagBag from /home/airflow/.local/lib/python3.8/site-packages/airflow/example_dags/example_complex.py
[2023-12-03T09:53:09.185+0000] {processor.py:839} INFO - DAG(s) dict_keys(['example_complex']) retrieved from /home/airflow/.local/lib/python3.8/site-packages/airflow/example_dags/example_complex.py
[2023-12-03T09:53:09.210+0000] {logging_mixin.py:154} INFO - [2023-12-03T09:53:09.210+0000] {dag.py:2941} INFO - Sync 1 DAGs
[2023-12-03T09:53:09.222+0000] {logging_mixin.py:154} INFO - [2023-12-03T09:53:09.222+0000] {dag.py:3722} INFO - Setting next_dagrun for example_complex to None, run_after=None
[2023-12-03T09:53:09.238+0000] {processor.py:179} INFO - Processing /home/airflow/.local/lib/python3.8/site-packages/airflow/example_dags/example_complex.py took 0.072 seconds
[2023-12-03T09:53:39.431+0000] {processor.py:157} INFO - Started process (PID=1222) to work on /home/airflow/.local/lib/python3.8/site-packages/airflow/example_dags/example_complex.py
[2023-12-03T09:53:39.433+0000] {processor.py:829} INFO - Processing file /home/airflow/.local/lib/python3.8/site-packages/airflow/example_dags/example_complex.py for tasks to queue
[2023-12-03T09:53:39.435+0000] {logging_mixin.py:154} INFO - [2023-12-03T09:53:39.435+0000] {dagbag.py:536} INFO - Filling up the DagBag from /home/airflow/.local/lib/python3.8/site-packages/airflow/example_dags/example_complex.py
[2023-12-03T09:53:39.448+0000] {processor.py:839} INFO - DAG(s) dict_keys(['example_complex']) retrieved from /home/airflow/.local/lib/python3.8/site-packages/airflow/example_dags/example_complex.py
[2023-12-03T09:53:39.475+0000] {logging_mixin.py:154} INFO - [2023-12-03T09:53:39.475+0000] {dag.py:2941} INFO - Sync 1 DAGs
[2023-12-03T09:53:39.487+0000] {logging_mixin.py:154} INFO - [2023-12-03T09:53:39.487+0000] {dag.py:3722} INFO - Setting next_dagrun for example_complex to None, run_after=None
[2023-12-03T09:53:39.503+0000] {processor.py:179} INFO - Processing /home/airflow/.local/lib/python3.8/site-packages/airflow/example_dags/example_complex.py took 0.076 seconds
[2023-12-03T09:54:09.748+0000] {processor.py:157} INFO - Started process (PID=1280) to work on /home/airflow/.local/lib/python3.8/site-packages/airflow/example_dags/example_complex.py
[2023-12-03T09:54:09.750+0000] {processor.py:829} INFO - Processing file /home/airflow/.local/lib/python3.8/site-packages/airflow/example_dags/example_complex.py for tasks to queue
[2023-12-03T09:54:09.752+0000] {logging_mixin.py:154} INFO - [2023-12-03T09:54:09.752+0000] {dagbag.py:536} INFO - Filling up the DagBag from /home/airflow/.local/lib/python3.8/site-packages/airflow/example_dags/example_complex.py
[2023-12-03T09:54:09.763+0000] {processor.py:839} INFO - DAG(s) dict_keys(['example_complex']) retrieved from /home/airflow/.local/lib/python3.8/site-packages/airflow/example_dags/example_complex.py
[2023-12-03T09:54:09.790+0000] {logging_mixin.py:154} INFO - [2023-12-03T09:54:09.789+0000] {dag.py:2941} INFO - Sync 1 DAGs
[2023-12-03T09:54:09.800+0000] {logging_mixin.py:154} INFO - [2023-12-03T09:54:09.800+0000] {dag.py:3722} INFO - Setting next_dagrun for example_complex to None, run_after=None
[2023-12-03T09:54:09.814+0000] {processor.py:179} INFO - Processing /home/airflow/.local/lib/python3.8/site-packages/airflow/example_dags/example_complex.py took 0.070 seconds
[2023-12-03T09:54:40.185+0000] {processor.py:157} INFO - Started process (PID=1338) to work on /home/airflow/.local/lib/python3.8/site-packages/airflow/example_dags/example_complex.py
[2023-12-03T09:54:40.186+0000] {processor.py:829} INFO - Processing file /home/airflow/.local/lib/python3.8/site-packages/airflow/example_dags/example_complex.py for tasks to queue
[2023-12-03T09:54:40.189+0000] {logging_mixin.py:154} INFO - [2023-12-03T09:54:40.188+0000] {dagbag.py:536} INFO - Filling up the DagBag from /home/airflow/.local/lib/python3.8/site-packages/airflow/example_dags/example_complex.py
[2023-12-03T09:54:40.199+0000] {processor.py:839} INFO - DAG(s) dict_keys(['example_complex']) retrieved from /home/airflow/.local/lib/python3.8/site-packages/airflow/example_dags/example_complex.py
[2023-12-03T09:54:40.227+0000] {logging_mixin.py:154} INFO - [2023-12-03T09:54:40.227+0000] {dag.py:2941} INFO - Sync 1 DAGs
[2023-12-03T09:54:40.238+0000] {logging_mixin.py:154} INFO - [2023-12-03T09:54:40.238+0000] {dag.py:3722} INFO - Setting next_dagrun for example_complex to None, run_after=None
[2023-12-03T09:54:40.258+0000] {processor.py:179} INFO - Processing /home/airflow/.local/lib/python3.8/site-packages/airflow/example_dags/example_complex.py took 0.078 seconds
[2023-12-03T09:55:10.537+0000] {processor.py:157} INFO - Started process (PID=1396) to work on /home/airflow/.local/lib/python3.8/site-packages/airflow/example_dags/example_complex.py
[2023-12-03T09:55:10.539+0000] {processor.py:829} INFO - Processing file /home/airflow/.local/lib/python3.8/site-packages/airflow/example_dags/example_complex.py for tasks to queue
[2023-12-03T09:55:10.542+0000] {logging_mixin.py:154} INFO - [2023-12-03T09:55:10.541+0000] {dagbag.py:536} INFO - Filling up the DagBag from /home/airflow/.local/lib/python3.8/site-packages/airflow/example_dags/example_complex.py
[2023-12-03T09:55:10.552+0000] {processor.py:839} INFO - DAG(s) dict_keys(['example_complex']) retrieved from /home/airflow/.local/lib/python3.8/site-packages/airflow/example_dags/example_complex.py
[2023-12-03T09:55:10.579+0000] {logging_mixin.py:154} INFO - [2023-12-03T09:55:10.579+0000] {dag.py:2941} INFO - Sync 1 DAGs
[2023-12-03T09:55:10.590+0000] {logging_mixin.py:154} INFO - [2023-12-03T09:55:10.590+0000] {dag.py:3722} INFO - Setting next_dagrun for example_complex to None, run_after=None
[2023-12-03T09:55:10.606+0000] {processor.py:179} INFO - Processing /home/airflow/.local/lib/python3.8/site-packages/airflow/example_dags/example_complex.py took 0.073 seconds
[2023-12-03T09:55:41.056+0000] {processor.py:157} INFO - Started process (PID=1455) to work on /home/airflow/.local/lib/python3.8/site-packages/airflow/example_dags/example_complex.py
[2023-12-03T09:55:41.058+0000] {processor.py:829} INFO - Processing file /home/airflow/.local/lib/python3.8/site-packages/airflow/example_dags/example_complex.py for tasks to queue
[2023-12-03T09:55:41.061+0000] {logging_mixin.py:154} INFO - [2023-12-03T09:55:41.061+0000] {dagbag.py:536} INFO - Filling up the DagBag from /home/airflow/.local/lib/python3.8/site-packages/airflow/example_dags/example_complex.py
[2023-12-03T09:55:41.074+0000] {processor.py:839} INFO - DAG(s) dict_keys(['example_complex']) retrieved from /home/airflow/.local/lib/python3.8/site-packages/airflow/example_dags/example_complex.py
[2023-12-03T09:55:41.101+0000] {logging_mixin.py:154} INFO - [2023-12-03T09:55:41.100+0000] {dag.py:2941} INFO - Sync 1 DAGs
[2023-12-03T09:55:41.112+0000] {logging_mixin.py:154} INFO - [2023-12-03T09:55:41.112+0000] {dag.py:3722} INFO - Setting next_dagrun for example_complex to None, run_after=None
[2023-12-03T09:55:41.127+0000] {processor.py:179} INFO - Processing /home/airflow/.local/lib/python3.8/site-packages/airflow/example_dags/example_complex.py took 0.077 seconds
[2023-12-03T09:56:11.375+0000] {processor.py:157} INFO - Started process (PID=1517) to work on /home/airflow/.local/lib/python3.8/site-packages/airflow/example_dags/example_complex.py
[2023-12-03T09:56:11.377+0000] {processor.py:829} INFO - Processing file /home/airflow/.local/lib/python3.8/site-packages/airflow/example_dags/example_complex.py for tasks to queue
[2023-12-03T09:56:11.381+0000] {logging_mixin.py:154} INFO - [2023-12-03T09:56:11.380+0000] {dagbag.py:536} INFO - Filling up the DagBag from /home/airflow/.local/lib/python3.8/site-packages/airflow/example_dags/example_complex.py
[2023-12-03T09:56:11.392+0000] {processor.py:839} INFO - DAG(s) dict_keys(['example_complex']) retrieved from /home/airflow/.local/lib/python3.8/site-packages/airflow/example_dags/example_complex.py
[2023-12-03T09:56:11.427+0000] {logging_mixin.py:154} INFO - [2023-12-03T09:56:11.427+0000] {dag.py:2941} INFO - Sync 1 DAGs
[2023-12-03T09:56:11.442+0000] {logging_mixin.py:154} INFO - [2023-12-03T09:56:11.441+0000] {dag.py:3722} INFO - Setting next_dagrun for example_complex to None, run_after=None
[2023-12-03T09:56:11.464+0000] {processor.py:179} INFO - Processing /home/airflow/.local/lib/python3.8/site-packages/airflow/example_dags/example_complex.py took 0.093 seconds
[2023-12-03T09:56:42.309+0000] {processor.py:157} INFO - Started process (PID=1575) to work on /home/airflow/.local/lib/python3.8/site-packages/airflow/example_dags/example_complex.py
[2023-12-03T09:56:42.310+0000] {processor.py:829} INFO - Processing file /home/airflow/.local/lib/python3.8/site-packages/airflow/example_dags/example_complex.py for tasks to queue
[2023-12-03T09:56:42.312+0000] {logging_mixin.py:154} INFO - [2023-12-03T09:56:42.312+0000] {dagbag.py:536} INFO - Filling up the DagBag from /home/airflow/.local/lib/python3.8/site-packages/airflow/example_dags/example_complex.py
[2023-12-03T09:56:42.324+0000] {processor.py:839} INFO - DAG(s) dict_keys(['example_complex']) retrieved from /home/airflow/.local/lib/python3.8/site-packages/airflow/example_dags/example_complex.py
[2023-12-03T09:56:42.351+0000] {logging_mixin.py:154} INFO - [2023-12-03T09:56:42.350+0000] {dag.py:2941} INFO - Sync 1 DAGs
[2023-12-03T09:56:42.362+0000] {logging_mixin.py:154} INFO - [2023-12-03T09:56:42.362+0000] {dag.py:3722} INFO - Setting next_dagrun for example_complex to None, run_after=None
[2023-12-03T09:56:42.377+0000] {processor.py:179} INFO - Processing /home/airflow/.local/lib/python3.8/site-packages/airflow/example_dags/example_complex.py took 0.072 seconds
[2023-12-03T09:57:13.080+0000] {processor.py:157} INFO - Started process (PID=1633) to work on /home/airflow/.local/lib/python3.8/site-packages/airflow/example_dags/example_complex.py
[2023-12-03T09:57:13.081+0000] {processor.py:829} INFO - Processing file /home/airflow/.local/lib/python3.8/site-packages/airflow/example_dags/example_complex.py for tasks to queue
[2023-12-03T09:57:13.083+0000] {logging_mixin.py:154} INFO - [2023-12-03T09:57:13.083+0000] {dagbag.py:536} INFO - Filling up the DagBag from /home/airflow/.local/lib/python3.8/site-packages/airflow/example_dags/example_complex.py
[2023-12-03T09:57:13.094+0000] {processor.py:839} INFO - DAG(s) dict_keys(['example_complex']) retrieved from /home/airflow/.local/lib/python3.8/site-packages/airflow/example_dags/example_complex.py
[2023-12-03T09:57:13.122+0000] {logging_mixin.py:154} INFO - [2023-12-03T09:57:13.122+0000] {dag.py:2941} INFO - Sync 1 DAGs
[2023-12-03T09:57:13.134+0000] {logging_mixin.py:154} INFO - [2023-12-03T09:57:13.134+0000] {dag.py:3722} INFO - Setting next_dagrun for example_complex to None, run_after=None
[2023-12-03T09:57:13.150+0000] {processor.py:179} INFO - Processing /home/airflow/.local/lib/python3.8/site-packages/airflow/example_dags/example_complex.py took 0.074 seconds
[2023-12-03T09:57:43.316+0000] {processor.py:157} INFO - Started process (PID=1693) to work on /home/airflow/.local/lib/python3.8/site-packages/airflow/example_dags/example_complex.py
[2023-12-03T09:57:43.318+0000] {processor.py:829} INFO - Processing file /home/airflow/.local/lib/python3.8/site-packages/airflow/example_dags/example_complex.py for tasks to queue
[2023-12-03T09:57:43.322+0000] {logging_mixin.py:154} INFO - [2023-12-03T09:57:43.321+0000] {dagbag.py:536} INFO - Filling up the DagBag from /home/airflow/.local/lib/python3.8/site-packages/airflow/example_dags/example_complex.py
[2023-12-03T09:57:43.336+0000] {processor.py:839} INFO - DAG(s) dict_keys(['example_complex']) retrieved from /home/airflow/.local/lib/python3.8/site-packages/airflow/example_dags/example_complex.py
[2023-12-03T09:57:43.371+0000] {logging_mixin.py:154} INFO - [2023-12-03T09:57:43.371+0000] {dag.py:2941} INFO - Sync 1 DAGs
[2023-12-03T09:57:43.383+0000] {logging_mixin.py:154} INFO - [2023-12-03T09:57:43.383+0000] {dag.py:3722} INFO - Setting next_dagrun for example_complex to None, run_after=None
[2023-12-03T09:57:43.401+0000] {processor.py:179} INFO - Processing /home/airflow/.local/lib/python3.8/site-packages/airflow/example_dags/example_complex.py took 0.090 seconds
[2023-12-03T09:58:13.491+0000] {processor.py:157} INFO - Started process (PID=1751) to work on /home/airflow/.local/lib/python3.8/site-packages/airflow/example_dags/example_complex.py
[2023-12-03T09:58:13.493+0000] {processor.py:829} INFO - Processing file /home/airflow/.local/lib/python3.8/site-packages/airflow/example_dags/example_complex.py for tasks to queue
[2023-12-03T09:58:13.496+0000] {logging_mixin.py:154} INFO - [2023-12-03T09:58:13.495+0000] {dagbag.py:536} INFO - Filling up the DagBag from /home/airflow/.local/lib/python3.8/site-packages/airflow/example_dags/example_complex.py
[2023-12-03T09:58:13.506+0000] {processor.py:839} INFO - DAG(s) dict_keys(['example_complex']) retrieved from /home/airflow/.local/lib/python3.8/site-packages/airflow/example_dags/example_complex.py
[2023-12-03T09:58:13.534+0000] {logging_mixin.py:154} INFO - [2023-12-03T09:58:13.533+0000] {dag.py:2941} INFO - Sync 1 DAGs
[2023-12-03T09:58:13.546+0000] {logging_mixin.py:154} INFO - [2023-12-03T09:58:13.546+0000] {dag.py:3722} INFO - Setting next_dagrun for example_complex to None, run_after=None
[2023-12-03T09:58:13.564+0000] {processor.py:179} INFO - Processing /home/airflow/.local/lib/python3.8/site-packages/airflow/example_dags/example_complex.py took 0.077 seconds
[2023-12-03T09:58:43.879+0000] {processor.py:157} INFO - Started process (PID=1808) to work on /home/airflow/.local/lib/python3.8/site-packages/airflow/example_dags/example_complex.py
[2023-12-03T09:58:43.881+0000] {processor.py:829} INFO - Processing file /home/airflow/.local/lib/python3.8/site-packages/airflow/example_dags/example_complex.py for tasks to queue
[2023-12-03T09:58:43.884+0000] {logging_mixin.py:154} INFO - [2023-12-03T09:58:43.883+0000] {dagbag.py:536} INFO - Filling up the DagBag from /home/airflow/.local/lib/python3.8/site-packages/airflow/example_dags/example_complex.py
[2023-12-03T09:58:43.894+0000] {processor.py:839} INFO - DAG(s) dict_keys(['example_complex']) retrieved from /home/airflow/.local/lib/python3.8/site-packages/airflow/example_dags/example_complex.py
[2023-12-03T09:58:43.922+0000] {logging_mixin.py:154} INFO - [2023-12-03T09:58:43.922+0000] {dag.py:2941} INFO - Sync 1 DAGs
[2023-12-03T09:58:43.934+0000] {logging_mixin.py:154} INFO - [2023-12-03T09:58:43.934+0000] {dag.py:3722} INFO - Setting next_dagrun for example_complex to None, run_after=None
[2023-12-03T09:58:43.951+0000] {processor.py:179} INFO - Processing /home/airflow/.local/lib/python3.8/site-packages/airflow/example_dags/example_complex.py took 0.076 seconds
[2023-12-03T09:59:14.540+0000] {processor.py:157} INFO - Started process (PID=1866) to work on /home/airflow/.local/lib/python3.8/site-packages/airflow/example_dags/example_complex.py
[2023-12-03T09:59:14.542+0000] {processor.py:829} INFO - Processing file /home/airflow/.local/lib/python3.8/site-packages/airflow/example_dags/example_complex.py for tasks to queue
[2023-12-03T09:59:14.544+0000] {logging_mixin.py:154} INFO - [2023-12-03T09:59:14.544+0000] {dagbag.py:536} INFO - Filling up the DagBag from /home/airflow/.local/lib/python3.8/site-packages/airflow/example_dags/example_complex.py
[2023-12-03T09:59:14.554+0000] {processor.py:839} INFO - DAG(s) dict_keys(['example_complex']) retrieved from /home/airflow/.local/lib/python3.8/site-packages/airflow/example_dags/example_complex.py
[2023-12-03T09:59:14.582+0000] {logging_mixin.py:154} INFO - [2023-12-03T09:59:14.582+0000] {dag.py:2941} INFO - Sync 1 DAGs
[2023-12-03T09:59:14.594+0000] {logging_mixin.py:154} INFO - [2023-12-03T09:59:14.594+0000] {dag.py:3722} INFO - Setting next_dagrun for example_complex to None, run_after=None
[2023-12-03T09:59:14.612+0000] {processor.py:179} INFO - Processing /home/airflow/.local/lib/python3.8/site-packages/airflow/example_dags/example_complex.py took 0.076 seconds
[2023-12-03T09:59:45.452+0000] {processor.py:157} INFO - Started process (PID=1925) to work on /home/airflow/.local/lib/python3.8/site-packages/airflow/example_dags/example_complex.py
[2023-12-03T09:59:45.454+0000] {processor.py:829} INFO - Processing file /home/airflow/.local/lib/python3.8/site-packages/airflow/example_dags/example_complex.py for tasks to queue
[2023-12-03T09:59:45.457+0000] {logging_mixin.py:154} INFO - [2023-12-03T09:59:45.456+0000] {dagbag.py:536} INFO - Filling up the DagBag from /home/airflow/.local/lib/python3.8/site-packages/airflow/example_dags/example_complex.py
[2023-12-03T09:59:45.467+0000] {processor.py:839} INFO - DAG(s) dict_keys(['example_complex']) retrieved from /home/airflow/.local/lib/python3.8/site-packages/airflow/example_dags/example_complex.py
[2023-12-03T09:59:45.495+0000] {logging_mixin.py:154} INFO - [2023-12-03T09:59:45.495+0000] {dag.py:2941} INFO - Sync 1 DAGs
[2023-12-03T09:59:45.506+0000] {logging_mixin.py:154} INFO - [2023-12-03T09:59:45.506+0000] {dag.py:3722} INFO - Setting next_dagrun for example_complex to None, run_after=None
[2023-12-03T09:59:45.523+0000] {processor.py:179} INFO - Processing /home/airflow/.local/lib/python3.8/site-packages/airflow/example_dags/example_complex.py took 0.075 seconds
[2023-12-03T10:00:15.979+0000] {processor.py:157} INFO - Started process (PID=1987) to work on /home/airflow/.local/lib/python3.8/site-packages/airflow/example_dags/example_complex.py
[2023-12-03T10:00:15.981+0000] {processor.py:829} INFO - Processing file /home/airflow/.local/lib/python3.8/site-packages/airflow/example_dags/example_complex.py for tasks to queue
[2023-12-03T10:00:15.984+0000] {logging_mixin.py:154} INFO - [2023-12-03T10:00:15.984+0000] {dagbag.py:536} INFO - Filling up the DagBag from /home/airflow/.local/lib/python3.8/site-packages/airflow/example_dags/example_complex.py
[2023-12-03T10:00:15.995+0000] {processor.py:839} INFO - DAG(s) dict_keys(['example_complex']) retrieved from /home/airflow/.local/lib/python3.8/site-packages/airflow/example_dags/example_complex.py
[2023-12-03T10:00:16.022+0000] {logging_mixin.py:154} INFO - [2023-12-03T10:00:16.021+0000] {dag.py:2941} INFO - Sync 1 DAGs
[2023-12-03T10:00:16.032+0000] {logging_mixin.py:154} INFO - [2023-12-03T10:00:16.031+0000] {dag.py:3722} INFO - Setting next_dagrun for example_complex to None, run_after=None
[2023-12-03T10:00:16.046+0000] {processor.py:179} INFO - Processing /home/airflow/.local/lib/python3.8/site-packages/airflow/example_dags/example_complex.py took 0.072 seconds
[2023-12-03T10:00:46.548+0000] {processor.py:157} INFO - Started process (PID=2045) to work on /home/airflow/.local/lib/python3.8/site-packages/airflow/example_dags/example_complex.py
[2023-12-03T10:00:46.549+0000] {processor.py:829} INFO - Processing file /home/airflow/.local/lib/python3.8/site-packages/airflow/example_dags/example_complex.py for tasks to queue
[2023-12-03T10:00:46.551+0000] {logging_mixin.py:154} INFO - [2023-12-03T10:00:46.551+0000] {dagbag.py:536} INFO - Filling up the DagBag from /home/airflow/.local/lib/python3.8/site-packages/airflow/example_dags/example_complex.py
[2023-12-03T10:00:46.562+0000] {processor.py:839} INFO - DAG(s) dict_keys(['example_complex']) retrieved from /home/airflow/.local/lib/python3.8/site-packages/airflow/example_dags/example_complex.py
[2023-12-03T10:00:46.589+0000] {logging_mixin.py:154} INFO - [2023-12-03T10:00:46.589+0000] {dag.py:2941} INFO - Sync 1 DAGs
[2023-12-03T10:00:46.601+0000] {logging_mixin.py:154} INFO - [2023-12-03T10:00:46.601+0000] {dag.py:3722} INFO - Setting next_dagrun for example_complex to None, run_after=None
[2023-12-03T10:00:46.618+0000] {processor.py:179} INFO - Processing /home/airflow/.local/lib/python3.8/site-packages/airflow/example_dags/example_complex.py took 0.075 seconds
[2023-12-03T10:01:16.681+0000] {processor.py:157} INFO - Started process (PID=2103) to work on /home/airflow/.local/lib/python3.8/site-packages/airflow/example_dags/example_complex.py
[2023-12-03T10:01:16.682+0000] {processor.py:829} INFO - Processing file /home/airflow/.local/lib/python3.8/site-packages/airflow/example_dags/example_complex.py for tasks to queue
[2023-12-03T10:01:16.685+0000] {logging_mixin.py:154} INFO - [2023-12-03T10:01:16.685+0000] {dagbag.py:536} INFO - Filling up the DagBag from /home/airflow/.local/lib/python3.8/site-packages/airflow/example_dags/example_complex.py
[2023-12-03T10:01:16.695+0000] {processor.py:839} INFO - DAG(s) dict_keys(['example_complex']) retrieved from /home/airflow/.local/lib/python3.8/site-packages/airflow/example_dags/example_complex.py
[2023-12-03T10:01:16.724+0000] {logging_mixin.py:154} INFO - [2023-12-03T10:01:16.724+0000] {dag.py:2941} INFO - Sync 1 DAGs
[2023-12-03T10:01:16.737+0000] {logging_mixin.py:154} INFO - [2023-12-03T10:01:16.736+0000] {dag.py:3722} INFO - Setting next_dagrun for example_complex to None, run_after=None
[2023-12-03T10:01:16.754+0000] {processor.py:179} INFO - Processing /home/airflow/.local/lib/python3.8/site-packages/airflow/example_dags/example_complex.py took 0.078 seconds
[2023-12-03T10:01:47.527+0000] {processor.py:157} INFO - Started process (PID=2160) to work on /home/airflow/.local/lib/python3.8/site-packages/airflow/example_dags/example_complex.py
[2023-12-03T10:01:47.528+0000] {processor.py:829} INFO - Processing file /home/airflow/.local/lib/python3.8/site-packages/airflow/example_dags/example_complex.py for tasks to queue
[2023-12-03T10:01:47.530+0000] {logging_mixin.py:154} INFO - [2023-12-03T10:01:47.530+0000] {dagbag.py:536} INFO - Filling up the DagBag from /home/airflow/.local/lib/python3.8/site-packages/airflow/example_dags/example_complex.py
[2023-12-03T10:01:47.541+0000] {processor.py:839} INFO - DAG(s) dict_keys(['example_complex']) retrieved from /home/airflow/.local/lib/python3.8/site-packages/airflow/example_dags/example_complex.py
[2023-12-03T10:01:47.571+0000] {logging_mixin.py:154} INFO - [2023-12-03T10:01:47.571+0000] {dag.py:2941} INFO - Sync 1 DAGs
[2023-12-03T10:01:47.582+0000] {logging_mixin.py:154} INFO - [2023-12-03T10:01:47.582+0000] {dag.py:3722} INFO - Setting next_dagrun for example_complex to None, run_after=None
[2023-12-03T10:01:47.600+0000] {processor.py:179} INFO - Processing /home/airflow/.local/lib/python3.8/site-packages/airflow/example_dags/example_complex.py took 0.076 seconds
[2023-12-03T10:02:17.689+0000] {processor.py:157} INFO - Started process (PID=2219) to work on /home/airflow/.local/lib/python3.8/site-packages/airflow/example_dags/example_complex.py
[2023-12-03T10:02:17.690+0000] {processor.py:829} INFO - Processing file /home/airflow/.local/lib/python3.8/site-packages/airflow/example_dags/example_complex.py for tasks to queue
[2023-12-03T10:02:17.692+0000] {logging_mixin.py:154} INFO - [2023-12-03T10:02:17.692+0000] {dagbag.py:536} INFO - Filling up the DagBag from /home/airflow/.local/lib/python3.8/site-packages/airflow/example_dags/example_complex.py
[2023-12-03T10:02:17.702+0000] {processor.py:839} INFO - DAG(s) dict_keys(['example_complex']) retrieved from /home/airflow/.local/lib/python3.8/site-packages/airflow/example_dags/example_complex.py
[2023-12-03T10:02:17.730+0000] {logging_mixin.py:154} INFO - [2023-12-03T10:02:17.730+0000] {dag.py:2941} INFO - Sync 1 DAGs
[2023-12-03T10:02:17.741+0000] {logging_mixin.py:154} INFO - [2023-12-03T10:02:17.741+0000] {dag.py:3722} INFO - Setting next_dagrun for example_complex to None, run_after=None
[2023-12-03T10:02:17.756+0000] {processor.py:179} INFO - Processing /home/airflow/.local/lib/python3.8/site-packages/airflow/example_dags/example_complex.py took 0.071 seconds
[2023-12-03T10:02:47.894+0000] {processor.py:157} INFO - Started process (PID=2277) to work on /home/airflow/.local/lib/python3.8/site-packages/airflow/example_dags/example_complex.py
[2023-12-03T10:02:47.895+0000] {processor.py:829} INFO - Processing file /home/airflow/.local/lib/python3.8/site-packages/airflow/example_dags/example_complex.py for tasks to queue
[2023-12-03T10:02:47.897+0000] {logging_mixin.py:154} INFO - [2023-12-03T10:02:47.897+0000] {dagbag.py:536} INFO - Filling up the DagBag from /home/airflow/.local/lib/python3.8/site-packages/airflow/example_dags/example_complex.py
[2023-12-03T10:02:47.909+0000] {processor.py:839} INFO - DAG(s) dict_keys(['example_complex']) retrieved from /home/airflow/.local/lib/python3.8/site-packages/airflow/example_dags/example_complex.py
[2023-12-03T10:02:47.935+0000] {logging_mixin.py:154} INFO - [2023-12-03T10:02:47.935+0000] {dag.py:2941} INFO - Sync 1 DAGs
[2023-12-03T10:02:47.946+0000] {logging_mixin.py:154} INFO - [2023-12-03T10:02:47.946+0000] {dag.py:3722} INFO - Setting next_dagrun for example_complex to None, run_after=None
[2023-12-03T10:02:47.963+0000] {processor.py:179} INFO - Processing /home/airflow/.local/lib/python3.8/site-packages/airflow/example_dags/example_complex.py took 0.073 seconds
[2023-12-03T10:03:18.172+0000] {processor.py:157} INFO - Started process (PID=2335) to work on /home/airflow/.local/lib/python3.8/site-packages/airflow/example_dags/example_complex.py
[2023-12-03T10:03:18.174+0000] {processor.py:829} INFO - Processing file /home/airflow/.local/lib/python3.8/site-packages/airflow/example_dags/example_complex.py for tasks to queue
[2023-12-03T10:03:18.176+0000] {logging_mixin.py:154} INFO - [2023-12-03T10:03:18.175+0000] {dagbag.py:536} INFO - Filling up the DagBag from /home/airflow/.local/lib/python3.8/site-packages/airflow/example_dags/example_complex.py
[2023-12-03T10:03:18.187+0000] {processor.py:839} INFO - DAG(s) dict_keys(['example_complex']) retrieved from /home/airflow/.local/lib/python3.8/site-packages/airflow/example_dags/example_complex.py
[2023-12-03T10:03:18.215+0000] {logging_mixin.py:154} INFO - [2023-12-03T10:03:18.215+0000] {dag.py:2941} INFO - Sync 1 DAGs
[2023-12-03T10:03:18.227+0000] {logging_mixin.py:154} INFO - [2023-12-03T10:03:18.227+0000] {dag.py:3722} INFO - Setting next_dagrun for example_complex to None, run_after=None
[2023-12-03T10:03:18.243+0000] {processor.py:179} INFO - Processing /home/airflow/.local/lib/python3.8/site-packages/airflow/example_dags/example_complex.py took 0.076 seconds
[2023-12-03T10:03:48.450+0000] {processor.py:157} INFO - Started process (PID=2393) to work on /home/airflow/.local/lib/python3.8/site-packages/airflow/example_dags/example_complex.py
[2023-12-03T10:03:48.451+0000] {processor.py:829} INFO - Processing file /home/airflow/.local/lib/python3.8/site-packages/airflow/example_dags/example_complex.py for tasks to queue
[2023-12-03T10:03:48.454+0000] {logging_mixin.py:154} INFO - [2023-12-03T10:03:48.454+0000] {dagbag.py:536} INFO - Filling up the DagBag from /home/airflow/.local/lib/python3.8/site-packages/airflow/example_dags/example_complex.py
[2023-12-03T10:03:48.468+0000] {processor.py:839} INFO - DAG(s) dict_keys(['example_complex']) retrieved from /home/airflow/.local/lib/python3.8/site-packages/airflow/example_dags/example_complex.py
[2023-12-03T10:03:48.506+0000] {logging_mixin.py:154} INFO - [2023-12-03T10:03:48.505+0000] {dag.py:2941} INFO - Sync 1 DAGs
[2023-12-03T10:03:48.521+0000] {logging_mixin.py:154} INFO - [2023-12-03T10:03:48.521+0000] {dag.py:3722} INFO - Setting next_dagrun for example_complex to None, run_after=None
[2023-12-03T10:03:48.543+0000] {processor.py:179} INFO - Processing /home/airflow/.local/lib/python3.8/site-packages/airflow/example_dags/example_complex.py took 0.098 seconds
[2023-12-03T10:04:19.206+0000] {processor.py:157} INFO - Started process (PID=2451) to work on /home/airflow/.local/lib/python3.8/site-packages/airflow/example_dags/example_complex.py
[2023-12-03T10:04:19.207+0000] {processor.py:829} INFO - Processing file /home/airflow/.local/lib/python3.8/site-packages/airflow/example_dags/example_complex.py for tasks to queue
[2023-12-03T10:04:19.210+0000] {logging_mixin.py:154} INFO - [2023-12-03T10:04:19.210+0000] {dagbag.py:536} INFO - Filling up the DagBag from /home/airflow/.local/lib/python3.8/site-packages/airflow/example_dags/example_complex.py
[2023-12-03T10:04:19.222+0000] {processor.py:839} INFO - DAG(s) dict_keys(['example_complex']) retrieved from /home/airflow/.local/lib/python3.8/site-packages/airflow/example_dags/example_complex.py
[2023-12-03T10:04:19.250+0000] {logging_mixin.py:154} INFO - [2023-12-03T10:04:19.250+0000] {dag.py:2941} INFO - Sync 1 DAGs
[2023-12-03T10:04:19.261+0000] {logging_mixin.py:154} INFO - [2023-12-03T10:04:19.261+0000] {dag.py:3722} INFO - Setting next_dagrun for example_complex to None, run_after=None
[2023-12-03T10:04:19.277+0000] {processor.py:179} INFO - Processing /home/airflow/.local/lib/python3.8/site-packages/airflow/example_dags/example_complex.py took 0.077 seconds
[2023-12-03T10:04:49.885+0000] {processor.py:157} INFO - Started process (PID=2509) to work on /home/airflow/.local/lib/python3.8/site-packages/airflow/example_dags/example_complex.py
[2023-12-03T10:04:49.887+0000] {processor.py:829} INFO - Processing file /home/airflow/.local/lib/python3.8/site-packages/airflow/example_dags/example_complex.py for tasks to queue
[2023-12-03T10:04:49.891+0000] {logging_mixin.py:154} INFO - [2023-12-03T10:04:49.890+0000] {dagbag.py:536} INFO - Filling up the DagBag from /home/airflow/.local/lib/python3.8/site-packages/airflow/example_dags/example_complex.py
[2023-12-03T10:04:49.903+0000] {processor.py:839} INFO - DAG(s) dict_keys(['example_complex']) retrieved from /home/airflow/.local/lib/python3.8/site-packages/airflow/example_dags/example_complex.py
[2023-12-03T10:04:49.930+0000] {logging_mixin.py:154} INFO - [2023-12-03T10:04:49.929+0000] {dag.py:2941} INFO - Sync 1 DAGs
[2023-12-03T10:04:49.941+0000] {logging_mixin.py:154} INFO - [2023-12-03T10:04:49.941+0000] {dag.py:3722} INFO - Setting next_dagrun for example_complex to None, run_after=None
[2023-12-03T10:04:49.957+0000] {processor.py:179} INFO - Processing /home/airflow/.local/lib/python3.8/site-packages/airflow/example_dags/example_complex.py took 0.076 seconds
[2023-12-03T10:05:20.096+0000] {processor.py:157} INFO - Started process (PID=2567) to work on /home/airflow/.local/lib/python3.8/site-packages/airflow/example_dags/example_complex.py
[2023-12-03T10:05:20.097+0000] {processor.py:829} INFO - Processing file /home/airflow/.local/lib/python3.8/site-packages/airflow/example_dags/example_complex.py for tasks to queue
[2023-12-03T10:05:20.100+0000] {logging_mixin.py:154} INFO - [2023-12-03T10:05:20.100+0000] {dagbag.py:536} INFO - Filling up the DagBag from /home/airflow/.local/lib/python3.8/site-packages/airflow/example_dags/example_complex.py
[2023-12-03T10:05:20.112+0000] {processor.py:839} INFO - DAG(s) dict_keys(['example_complex']) retrieved from /home/airflow/.local/lib/python3.8/site-packages/airflow/example_dags/example_complex.py
[2023-12-03T10:05:20.141+0000] {logging_mixin.py:154} INFO - [2023-12-03T10:05:20.141+0000] {dag.py:2941} INFO - Sync 1 DAGs
[2023-12-03T10:05:20.153+0000] {logging_mixin.py:154} INFO - [2023-12-03T10:05:20.153+0000] {dag.py:3722} INFO - Setting next_dagrun for example_complex to None, run_after=None
[2023-12-03T10:05:20.172+0000] {processor.py:179} INFO - Processing /home/airflow/.local/lib/python3.8/site-packages/airflow/example_dags/example_complex.py took 0.081 seconds
[2023-12-03T10:05:50.203+0000] {processor.py:157} INFO - Started process (PID=2624) to work on /home/airflow/.local/lib/python3.8/site-packages/airflow/example_dags/example_complex.py
[2023-12-03T10:05:50.204+0000] {processor.py:829} INFO - Processing file /home/airflow/.local/lib/python3.8/site-packages/airflow/example_dags/example_complex.py for tasks to queue
[2023-12-03T10:05:50.207+0000] {logging_mixin.py:154} INFO - [2023-12-03T10:05:50.206+0000] {dagbag.py:536} INFO - Filling up the DagBag from /home/airflow/.local/lib/python3.8/site-packages/airflow/example_dags/example_complex.py
[2023-12-03T10:05:50.218+0000] {processor.py:839} INFO - DAG(s) dict_keys(['example_complex']) retrieved from /home/airflow/.local/lib/python3.8/site-packages/airflow/example_dags/example_complex.py
[2023-12-03T10:05:50.246+0000] {logging_mixin.py:154} INFO - [2023-12-03T10:05:50.246+0000] {dag.py:2941} INFO - Sync 1 DAGs
[2023-12-03T10:05:50.258+0000] {logging_mixin.py:154} INFO - [2023-12-03T10:05:50.258+0000] {dag.py:3722} INFO - Setting next_dagrun for example_complex to None, run_after=None
[2023-12-03T10:05:50.275+0000] {processor.py:179} INFO - Processing /home/airflow/.local/lib/python3.8/site-packages/airflow/example_dags/example_complex.py took 0.076 seconds
[2023-12-03T10:06:20.391+0000] {processor.py:157} INFO - Started process (PID=2682) to work on /home/airflow/.local/lib/python3.8/site-packages/airflow/example_dags/example_complex.py
[2023-12-03T10:06:20.392+0000] {processor.py:829} INFO - Processing file /home/airflow/.local/lib/python3.8/site-packages/airflow/example_dags/example_complex.py for tasks to queue
[2023-12-03T10:06:20.395+0000] {logging_mixin.py:154} INFO - [2023-12-03T10:06:20.395+0000] {dagbag.py:536} INFO - Filling up the DagBag from /home/airflow/.local/lib/python3.8/site-packages/airflow/example_dags/example_complex.py
[2023-12-03T10:06:20.405+0000] {processor.py:839} INFO - DAG(s) dict_keys(['example_complex']) retrieved from /home/airflow/.local/lib/python3.8/site-packages/airflow/example_dags/example_complex.py
[2023-12-03T10:06:20.432+0000] {logging_mixin.py:154} INFO - [2023-12-03T10:06:20.431+0000] {dag.py:2941} INFO - Sync 1 DAGs
[2023-12-03T10:06:20.444+0000] {logging_mixin.py:154} INFO - [2023-12-03T10:06:20.444+0000] {dag.py:3722} INFO - Setting next_dagrun for example_complex to None, run_after=None
[2023-12-03T10:06:20.462+0000] {processor.py:179} INFO - Processing /home/airflow/.local/lib/python3.8/site-packages/airflow/example_dags/example_complex.py took 0.076 seconds
[2023-12-03T10:06:50.832+0000] {processor.py:157} INFO - Started process (PID=2740) to work on /home/airflow/.local/lib/python3.8/site-packages/airflow/example_dags/example_complex.py
[2023-12-03T10:06:50.833+0000] {processor.py:829} INFO - Processing file /home/airflow/.local/lib/python3.8/site-packages/airflow/example_dags/example_complex.py for tasks to queue
[2023-12-03T10:06:50.836+0000] {logging_mixin.py:154} INFO - [2023-12-03T10:06:50.836+0000] {dagbag.py:536} INFO - Filling up the DagBag from /home/airflow/.local/lib/python3.8/site-packages/airflow/example_dags/example_complex.py
[2023-12-03T10:06:50.846+0000] {processor.py:839} INFO - DAG(s) dict_keys(['example_complex']) retrieved from /home/airflow/.local/lib/python3.8/site-packages/airflow/example_dags/example_complex.py
[2023-12-03T10:06:50.872+0000] {logging_mixin.py:154} INFO - [2023-12-03T10:06:50.872+0000] {dag.py:2941} INFO - Sync 1 DAGs
[2023-12-03T10:06:50.888+0000] {logging_mixin.py:154} INFO - [2023-12-03T10:06:50.888+0000] {dag.py:3722} INFO - Setting next_dagrun for example_complex to None, run_after=None
[2023-12-03T10:06:50.904+0000] {processor.py:179} INFO - Processing /home/airflow/.local/lib/python3.8/site-packages/airflow/example_dags/example_complex.py took 0.077 seconds
[2023-12-03T10:07:20.946+0000] {processor.py:157} INFO - Started process (PID=2798) to work on /home/airflow/.local/lib/python3.8/site-packages/airflow/example_dags/example_complex.py
[2023-12-03T10:07:20.948+0000] {processor.py:829} INFO - Processing file /home/airflow/.local/lib/python3.8/site-packages/airflow/example_dags/example_complex.py for tasks to queue
[2023-12-03T10:07:20.950+0000] {logging_mixin.py:154} INFO - [2023-12-03T10:07:20.950+0000] {dagbag.py:536} INFO - Filling up the DagBag from /home/airflow/.local/lib/python3.8/site-packages/airflow/example_dags/example_complex.py
[2023-12-03T10:07:20.960+0000] {processor.py:839} INFO - DAG(s) dict_keys(['example_complex']) retrieved from /home/airflow/.local/lib/python3.8/site-packages/airflow/example_dags/example_complex.py
[2023-12-03T10:07:20.986+0000] {logging_mixin.py:154} INFO - [2023-12-03T10:07:20.986+0000] {dag.py:2941} INFO - Sync 1 DAGs
[2023-12-03T10:07:20.998+0000] {logging_mixin.py:154} INFO - [2023-12-03T10:07:20.998+0000] {dag.py:3722} INFO - Setting next_dagrun for example_complex to None, run_after=None
[2023-12-03T10:07:21.013+0000] {processor.py:179} INFO - Processing /home/airflow/.local/lib/python3.8/site-packages/airflow/example_dags/example_complex.py took 0.072 seconds
[2023-12-03T10:07:51.502+0000] {processor.py:157} INFO - Started process (PID=2856) to work on /home/airflow/.local/lib/python3.8/site-packages/airflow/example_dags/example_complex.py
[2023-12-03T10:07:51.504+0000] {processor.py:829} INFO - Processing file /home/airflow/.local/lib/python3.8/site-packages/airflow/example_dags/example_complex.py for tasks to queue
[2023-12-03T10:07:51.506+0000] {logging_mixin.py:154} INFO - [2023-12-03T10:07:51.506+0000] {dagbag.py:536} INFO - Filling up the DagBag from /home/airflow/.local/lib/python3.8/site-packages/airflow/example_dags/example_complex.py
[2023-12-03T10:07:51.520+0000] {processor.py:839} INFO - DAG(s) dict_keys(['example_complex']) retrieved from /home/airflow/.local/lib/python3.8/site-packages/airflow/example_dags/example_complex.py
[2023-12-03T10:07:51.550+0000] {logging_mixin.py:154} INFO - [2023-12-03T10:07:51.550+0000] {dag.py:2941} INFO - Sync 1 DAGs
[2023-12-03T10:07:51.559+0000] {logging_mixin.py:154} INFO - [2023-12-03T10:07:51.559+0000] {dag.py:3722} INFO - Setting next_dagrun for example_complex to None, run_after=None
[2023-12-03T10:07:51.571+0000] {processor.py:179} INFO - Processing /home/airflow/.local/lib/python3.8/site-packages/airflow/example_dags/example_complex.py took 0.074 seconds
[2023-12-03T11:28:20.144+0000] {processor.py:157} INFO - Started process (PID=2912) to work on /home/airflow/.local/lib/python3.8/site-packages/airflow/example_dags/example_complex.py
[2023-12-03T11:28:20.147+0000] {processor.py:829} INFO - Processing file /home/airflow/.local/lib/python3.8/site-packages/airflow/example_dags/example_complex.py for tasks to queue
[2023-12-03T11:28:20.149+0000] {logging_mixin.py:154} INFO - [2023-12-03T11:28:20.149+0000] {dagbag.py:536} INFO - Filling up the DagBag from /home/airflow/.local/lib/python3.8/site-packages/airflow/example_dags/example_complex.py
[2023-12-03T11:28:20.159+0000] {processor.py:839} INFO - DAG(s) dict_keys(['example_complex']) retrieved from /home/airflow/.local/lib/python3.8/site-packages/airflow/example_dags/example_complex.py
[2023-12-03T11:28:20.181+0000] {logging_mixin.py:154} INFO - [2023-12-03T11:28:20.181+0000] {dag.py:2941} INFO - Sync 1 DAGs
[2023-12-03T11:28:20.189+0000] {logging_mixin.py:154} INFO - [2023-12-03T11:28:20.189+0000] {dag.py:3722} INFO - Setting next_dagrun for example_complex to None, run_after=None
[2023-12-03T11:28:20.203+0000] {processor.py:179} INFO - Processing /home/airflow/.local/lib/python3.8/site-packages/airflow/example_dags/example_complex.py took 0.062 seconds
[2023-12-03T12:09:29.705+0000] {processor.py:157} INFO - Started process (PID=2969) to work on /home/airflow/.local/lib/python3.8/site-packages/airflow/example_dags/example_complex.py
[2023-12-03T12:09:29.706+0000] {processor.py:829} INFO - Processing file /home/airflow/.local/lib/python3.8/site-packages/airflow/example_dags/example_complex.py for tasks to queue
[2023-12-03T12:09:29.708+0000] {logging_mixin.py:154} INFO - [2023-12-03T12:09:29.707+0000] {dagbag.py:536} INFO - Filling up the DagBag from /home/airflow/.local/lib/python3.8/site-packages/airflow/example_dags/example_complex.py
[2023-12-03T12:09:29.717+0000] {processor.py:839} INFO - DAG(s) dict_keys(['example_complex']) retrieved from /home/airflow/.local/lib/python3.8/site-packages/airflow/example_dags/example_complex.py
[2023-12-03T12:09:29.743+0000] {logging_mixin.py:154} INFO - [2023-12-03T12:09:29.743+0000] {dag.py:2941} INFO - Sync 1 DAGs
[2023-12-03T12:09:29.752+0000] {logging_mixin.py:154} INFO - [2023-12-03T12:09:29.752+0000] {dag.py:3722} INFO - Setting next_dagrun for example_complex to None, run_after=None
[2023-12-03T12:09:29.765+0000] {processor.py:179} INFO - Processing /home/airflow/.local/lib/python3.8/site-packages/airflow/example_dags/example_complex.py took 0.064 seconds
[2023-12-03T12:27:31.887+0000] {processor.py:157} INFO - Started process (PID=3027) to work on /home/airflow/.local/lib/python3.8/site-packages/airflow/example_dags/example_complex.py
[2023-12-03T12:27:31.889+0000] {processor.py:829} INFO - Processing file /home/airflow/.local/lib/python3.8/site-packages/airflow/example_dags/example_complex.py for tasks to queue
[2023-12-03T12:27:31.891+0000] {logging_mixin.py:154} INFO - [2023-12-03T12:27:31.891+0000] {dagbag.py:536} INFO - Filling up the DagBag from /home/airflow/.local/lib/python3.8/site-packages/airflow/example_dags/example_complex.py
[2023-12-03T12:27:31.899+0000] {processor.py:839} INFO - DAG(s) dict_keys(['example_complex']) retrieved from /home/airflow/.local/lib/python3.8/site-packages/airflow/example_dags/example_complex.py
[2023-12-03T12:27:31.919+0000] {logging_mixin.py:154} INFO - [2023-12-03T12:27:31.918+0000] {dag.py:2941} INFO - Sync 1 DAGs
[2023-12-03T12:27:31.926+0000] {logging_mixin.py:154} INFO - [2023-12-03T12:27:31.926+0000] {dag.py:3722} INFO - Setting next_dagrun for example_complex to None, run_after=None
[2023-12-03T12:27:31.937+0000] {processor.py:179} INFO - Processing /home/airflow/.local/lib/python3.8/site-packages/airflow/example_dags/example_complex.py took 0.053 seconds
[2023-12-03T12:44:55.176+0000] {processor.py:157} INFO - Started process (PID=3085) to work on /home/airflow/.local/lib/python3.8/site-packages/airflow/example_dags/example_complex.py
[2023-12-03T12:44:55.177+0000] {processor.py:829} INFO - Processing file /home/airflow/.local/lib/python3.8/site-packages/airflow/example_dags/example_complex.py for tasks to queue
[2023-12-03T12:44:55.179+0000] {logging_mixin.py:154} INFO - [2023-12-03T12:44:55.179+0000] {dagbag.py:536} INFO - Filling up the DagBag from /home/airflow/.local/lib/python3.8/site-packages/airflow/example_dags/example_complex.py
[2023-12-03T12:44:55.189+0000] {processor.py:839} INFO - DAG(s) dict_keys(['example_complex']) retrieved from /home/airflow/.local/lib/python3.8/site-packages/airflow/example_dags/example_complex.py
[2023-12-03T12:44:55.213+0000] {logging_mixin.py:154} INFO - [2023-12-03T12:44:55.213+0000] {dag.py:2941} INFO - Sync 1 DAGs
[2023-12-03T12:44:55.223+0000] {logging_mixin.py:154} INFO - [2023-12-03T12:44:55.222+0000] {dag.py:3722} INFO - Setting next_dagrun for example_complex to None, run_after=None
[2023-12-03T12:44:55.236+0000] {processor.py:179} INFO - Processing /home/airflow/.local/lib/python3.8/site-packages/airflow/example_dags/example_complex.py took 0.063 seconds
[2023-12-03T13:35:10.731+0000] {processor.py:157} INFO - Started process (PID=3143) to work on /home/airflow/.local/lib/python3.8/site-packages/airflow/example_dags/example_complex.py
[2023-12-03T13:35:10.733+0000] {processor.py:829} INFO - Processing file /home/airflow/.local/lib/python3.8/site-packages/airflow/example_dags/example_complex.py for tasks to queue
[2023-12-03T13:35:10.737+0000] {logging_mixin.py:154} INFO - [2023-12-03T13:35:10.736+0000] {dagbag.py:536} INFO - Filling up the DagBag from /home/airflow/.local/lib/python3.8/site-packages/airflow/example_dags/example_complex.py
[2023-12-03T13:35:10.748+0000] {processor.py:839} INFO - DAG(s) dict_keys(['example_complex']) retrieved from /home/airflow/.local/lib/python3.8/site-packages/airflow/example_dags/example_complex.py
[2023-12-03T13:35:10.775+0000] {logging_mixin.py:154} INFO - [2023-12-03T13:35:10.775+0000] {dag.py:2941} INFO - Sync 1 DAGs
[2023-12-03T13:35:10.785+0000] {logging_mixin.py:154} INFO - [2023-12-03T13:35:10.784+0000] {dag.py:3722} INFO - Setting next_dagrun for example_complex to None, run_after=None
[2023-12-03T13:35:10.798+0000] {processor.py:179} INFO - Processing /home/airflow/.local/lib/python3.8/site-packages/airflow/example_dags/example_complex.py took 0.070 seconds
[2023-12-03T14:27:24.446+0000] {processor.py:157} INFO - Started process (PID=3201) to work on /home/airflow/.local/lib/python3.8/site-packages/airflow/example_dags/example_complex.py
[2023-12-03T14:27:24.447+0000] {processor.py:829} INFO - Processing file /home/airflow/.local/lib/python3.8/site-packages/airflow/example_dags/example_complex.py for tasks to queue
[2023-12-03T14:27:24.450+0000] {logging_mixin.py:154} INFO - [2023-12-03T14:27:24.450+0000] {dagbag.py:536} INFO - Filling up the DagBag from /home/airflow/.local/lib/python3.8/site-packages/airflow/example_dags/example_complex.py
[2023-12-03T14:27:24.458+0000] {processor.py:839} INFO - DAG(s) dict_keys(['example_complex']) retrieved from /home/airflow/.local/lib/python3.8/site-packages/airflow/example_dags/example_complex.py
[2023-12-03T14:27:24.481+0000] {logging_mixin.py:154} INFO - [2023-12-03T14:27:24.481+0000] {dag.py:2941} INFO - Sync 1 DAGs
[2023-12-03T14:27:24.490+0000] {logging_mixin.py:154} INFO - [2023-12-03T14:27:24.490+0000] {dag.py:3722} INFO - Setting next_dagrun for example_complex to None, run_after=None
[2023-12-03T14:27:24.504+0000] {processor.py:179} INFO - Processing /home/airflow/.local/lib/python3.8/site-packages/airflow/example_dags/example_complex.py took 0.060 seconds
[2023-12-03T15:18:33.216+0000] {processor.py:157} INFO - Started process (PID=3259) to work on /home/airflow/.local/lib/python3.8/site-packages/airflow/example_dags/example_complex.py
[2023-12-03T15:18:33.217+0000] {processor.py:829} INFO - Processing file /home/airflow/.local/lib/python3.8/site-packages/airflow/example_dags/example_complex.py for tasks to queue
[2023-12-03T15:18:33.219+0000] {logging_mixin.py:154} INFO - [2023-12-03T15:18:33.219+0000] {dagbag.py:536} INFO - Filling up the DagBag from /home/airflow/.local/lib/python3.8/site-packages/airflow/example_dags/example_complex.py
[2023-12-03T15:18:33.229+0000] {processor.py:839} INFO - DAG(s) dict_keys(['example_complex']) retrieved from /home/airflow/.local/lib/python3.8/site-packages/airflow/example_dags/example_complex.py
[2023-12-03T15:18:33.258+0000] {logging_mixin.py:154} INFO - [2023-12-03T15:18:33.258+0000] {dag.py:2941} INFO - Sync 1 DAGs
[2023-12-03T15:18:33.268+0000] {logging_mixin.py:154} INFO - [2023-12-03T15:18:33.268+0000] {dag.py:3722} INFO - Setting next_dagrun for example_complex to None, run_after=None
[2023-12-03T15:18:33.281+0000] {processor.py:179} INFO - Processing /home/airflow/.local/lib/python3.8/site-packages/airflow/example_dags/example_complex.py took 0.068 seconds
[2023-12-03T16:07:33.351+0000] {processor.py:157} INFO - Started process (PID=3317) to work on /home/airflow/.local/lib/python3.8/site-packages/airflow/example_dags/example_complex.py
[2023-12-03T16:07:33.353+0000] {processor.py:829} INFO - Processing file /home/airflow/.local/lib/python3.8/site-packages/airflow/example_dags/example_complex.py for tasks to queue
[2023-12-03T16:07:33.356+0000] {logging_mixin.py:154} INFO - [2023-12-03T16:07:33.356+0000] {dagbag.py:536} INFO - Filling up the DagBag from /home/airflow/.local/lib/python3.8/site-packages/airflow/example_dags/example_complex.py
[2023-12-03T16:07:33.366+0000] {processor.py:839} INFO - DAG(s) dict_keys(['example_complex']) retrieved from /home/airflow/.local/lib/python3.8/site-packages/airflow/example_dags/example_complex.py
[2023-12-03T16:07:33.391+0000] {logging_mixin.py:154} INFO - [2023-12-03T16:07:33.391+0000] {dag.py:2941} INFO - Sync 1 DAGs
[2023-12-03T16:07:33.400+0000] {logging_mixin.py:154} INFO - [2023-12-03T16:07:33.400+0000] {dag.py:3722} INFO - Setting next_dagrun for example_complex to None, run_after=None
[2023-12-03T16:07:33.412+0000] {processor.py:179} INFO - Processing /home/airflow/.local/lib/python3.8/site-packages/airflow/example_dags/example_complex.py took 0.065 seconds
[2023-12-03T16:58:04.365+0000] {processor.py:157} INFO - Started process (PID=3375) to work on /home/airflow/.local/lib/python3.8/site-packages/airflow/example_dags/example_complex.py
[2023-12-03T16:58:04.366+0000] {processor.py:829} INFO - Processing file /home/airflow/.local/lib/python3.8/site-packages/airflow/example_dags/example_complex.py for tasks to queue
[2023-12-03T16:58:04.368+0000] {logging_mixin.py:154} INFO - [2023-12-03T16:58:04.367+0000] {dagbag.py:536} INFO - Filling up the DagBag from /home/airflow/.local/lib/python3.8/site-packages/airflow/example_dags/example_complex.py
[2023-12-03T16:58:04.375+0000] {processor.py:839} INFO - DAG(s) dict_keys(['example_complex']) retrieved from /home/airflow/.local/lib/python3.8/site-packages/airflow/example_dags/example_complex.py
[2023-12-03T16:58:04.394+0000] {logging_mixin.py:154} INFO - [2023-12-03T16:58:04.394+0000] {dag.py:2941} INFO - Sync 1 DAGs
[2023-12-03T16:58:04.402+0000] {logging_mixin.py:154} INFO - [2023-12-03T16:58:04.402+0000] {dag.py:3722} INFO - Setting next_dagrun for example_complex to None, run_after=None
[2023-12-03T16:58:04.413+0000] {processor.py:179} INFO - Processing /home/airflow/.local/lib/python3.8/site-packages/airflow/example_dags/example_complex.py took 0.050 seconds
[2023-12-03T17:46:22.596+0000] {processor.py:157} INFO - Started process (PID=3433) to work on /home/airflow/.local/lib/python3.8/site-packages/airflow/example_dags/example_complex.py
[2023-12-03T17:46:22.597+0000] {processor.py:829} INFO - Processing file /home/airflow/.local/lib/python3.8/site-packages/airflow/example_dags/example_complex.py for tasks to queue
[2023-12-03T17:46:22.599+0000] {logging_mixin.py:154} INFO - [2023-12-03T17:46:22.599+0000] {dagbag.py:536} INFO - Filling up the DagBag from /home/airflow/.local/lib/python3.8/site-packages/airflow/example_dags/example_complex.py
[2023-12-03T17:46:22.607+0000] {processor.py:839} INFO - DAG(s) dict_keys(['example_complex']) retrieved from /home/airflow/.local/lib/python3.8/site-packages/airflow/example_dags/example_complex.py
[2023-12-03T17:46:22.628+0000] {logging_mixin.py:154} INFO - [2023-12-03T17:46:22.627+0000] {dag.py:2941} INFO - Sync 1 DAGs
[2023-12-03T17:46:22.635+0000] {logging_mixin.py:154} INFO - [2023-12-03T17:46:22.635+0000] {dag.py:3722} INFO - Setting next_dagrun for example_complex to None, run_after=None
[2023-12-03T17:46:22.646+0000] {processor.py:179} INFO - Processing /home/airflow/.local/lib/python3.8/site-packages/airflow/example_dags/example_complex.py took 0.053 seconds
[2023-12-03T18:33:42.164+0000] {processor.py:157} INFO - Started process (PID=3484) to work on /home/airflow/.local/lib/python3.8/site-packages/airflow/example_dags/example_complex.py
[2023-12-03T18:33:42.165+0000] {processor.py:829} INFO - Processing file /home/airflow/.local/lib/python3.8/site-packages/airflow/example_dags/example_complex.py for tasks to queue
[2023-12-03T18:33:42.167+0000] {logging_mixin.py:154} INFO - [2023-12-03T18:33:42.167+0000] {dagbag.py:536} INFO - Filling up the DagBag from /home/airflow/.local/lib/python3.8/site-packages/airflow/example_dags/example_complex.py
[2023-12-03T18:33:42.177+0000] {processor.py:839} INFO - DAG(s) dict_keys(['example_complex']) retrieved from /home/airflow/.local/lib/python3.8/site-packages/airflow/example_dags/example_complex.py
[2023-12-03T18:33:42.202+0000] {logging_mixin.py:154} INFO - [2023-12-03T18:33:42.202+0000] {dag.py:2941} INFO - Sync 1 DAGs
[2023-12-03T18:33:42.212+0000] {logging_mixin.py:154} INFO - [2023-12-03T18:33:42.211+0000] {dag.py:3722} INFO - Setting next_dagrun for example_complex to None, run_after=None
[2023-12-03T18:33:42.228+0000] {processor.py:179} INFO - Processing /home/airflow/.local/lib/python3.8/site-packages/airflow/example_dags/example_complex.py took 0.068 seconds
[2023-12-03T19:06:26.662+0000] {processor.py:157} INFO - Started process (PID=3549) to work on /home/airflow/.local/lib/python3.8/site-packages/airflow/example_dags/example_complex.py
[2023-12-03T19:06:26.664+0000] {processor.py:829} INFO - Processing file /home/airflow/.local/lib/python3.8/site-packages/airflow/example_dags/example_complex.py for tasks to queue
[2023-12-03T19:06:26.666+0000] {logging_mixin.py:154} INFO - [2023-12-03T19:06:26.666+0000] {dagbag.py:536} INFO - Filling up the DagBag from /home/airflow/.local/lib/python3.8/site-packages/airflow/example_dags/example_complex.py
[2023-12-03T19:06:26.676+0000] {processor.py:839} INFO - DAG(s) dict_keys(['example_complex']) retrieved from /home/airflow/.local/lib/python3.8/site-packages/airflow/example_dags/example_complex.py
[2023-12-03T19:06:26.705+0000] {logging_mixin.py:154} INFO - [2023-12-03T19:06:26.705+0000] {dag.py:2941} INFO - Sync 1 DAGs
[2023-12-03T19:06:26.714+0000] {logging_mixin.py:154} INFO - [2023-12-03T19:06:26.714+0000] {dag.py:3722} INFO - Setting next_dagrun for example_complex to None, run_after=None
[2023-12-03T19:06:26.729+0000] {processor.py:179} INFO - Processing /home/airflow/.local/lib/python3.8/site-packages/airflow/example_dags/example_complex.py took 0.069 seconds
[2023-12-03T19:22:01.895+0000] {processor.py:157} INFO - Started process (PID=3606) to work on /home/airflow/.local/lib/python3.8/site-packages/airflow/example_dags/example_complex.py
[2023-12-03T19:22:01.896+0000] {processor.py:829} INFO - Processing file /home/airflow/.local/lib/python3.8/site-packages/airflow/example_dags/example_complex.py for tasks to queue
[2023-12-03T19:22:01.898+0000] {logging_mixin.py:154} INFO - [2023-12-03T19:22:01.898+0000] {dagbag.py:536} INFO - Filling up the DagBag from /home/airflow/.local/lib/python3.8/site-packages/airflow/example_dags/example_complex.py
[2023-12-03T19:22:01.909+0000] {processor.py:839} INFO - DAG(s) dict_keys(['example_complex']) retrieved from /home/airflow/.local/lib/python3.8/site-packages/airflow/example_dags/example_complex.py
[2023-12-03T19:22:01.937+0000] {logging_mixin.py:154} INFO - [2023-12-03T19:22:01.937+0000] {dag.py:2941} INFO - Sync 1 DAGs
[2023-12-03T19:22:01.946+0000] {logging_mixin.py:154} INFO - [2023-12-03T19:22:01.946+0000] {dag.py:3722} INFO - Setting next_dagrun for example_complex to None, run_after=None
[2023-12-03T19:22:01.959+0000] {processor.py:179} INFO - Processing /home/airflow/.local/lib/python3.8/site-packages/airflow/example_dags/example_complex.py took 0.067 seconds
[2023-12-03T20:11:34.059+0000] {processor.py:157} INFO - Started process (PID=3664) to work on /home/airflow/.local/lib/python3.8/site-packages/airflow/example_dags/example_complex.py
[2023-12-03T20:11:34.060+0000] {processor.py:829} INFO - Processing file /home/airflow/.local/lib/python3.8/site-packages/airflow/example_dags/example_complex.py for tasks to queue
[2023-12-03T20:11:34.062+0000] {logging_mixin.py:154} INFO - [2023-12-03T20:11:34.062+0000] {dagbag.py:536} INFO - Filling up the DagBag from /home/airflow/.local/lib/python3.8/site-packages/airflow/example_dags/example_complex.py
[2023-12-03T20:11:34.072+0000] {processor.py:839} INFO - DAG(s) dict_keys(['example_complex']) retrieved from /home/airflow/.local/lib/python3.8/site-packages/airflow/example_dags/example_complex.py
[2023-12-03T20:11:34.100+0000] {logging_mixin.py:154} INFO - [2023-12-03T20:11:34.100+0000] {dag.py:2941} INFO - Sync 1 DAGs
[2023-12-03T20:11:34.112+0000] {logging_mixin.py:154} INFO - [2023-12-03T20:11:34.112+0000] {dag.py:3722} INFO - Setting next_dagrun for example_complex to None, run_after=None
[2023-12-03T20:11:34.126+0000] {processor.py:179} INFO - Processing /home/airflow/.local/lib/python3.8/site-packages/airflow/example_dags/example_complex.py took 0.070 seconds
[2023-12-03T21:36:33.571+0000] {processor.py:157} INFO - Started process (PID=3715) to work on /home/airflow/.local/lib/python3.8/site-packages/airflow/example_dags/example_complex.py
[2023-12-03T21:36:33.572+0000] {processor.py:829} INFO - Processing file /home/airflow/.local/lib/python3.8/site-packages/airflow/example_dags/example_complex.py for tasks to queue
[2023-12-03T21:36:33.575+0000] {logging_mixin.py:154} INFO - [2023-12-03T21:36:33.575+0000] {dagbag.py:536} INFO - Filling up the DagBag from /home/airflow/.local/lib/python3.8/site-packages/airflow/example_dags/example_complex.py
[2023-12-03T21:36:33.584+0000] {processor.py:839} INFO - DAG(s) dict_keys(['example_complex']) retrieved from /home/airflow/.local/lib/python3.8/site-packages/airflow/example_dags/example_complex.py
[2023-12-03T21:36:33.614+0000] {logging_mixin.py:154} INFO - [2023-12-03T21:36:33.613+0000] {dag.py:2941} INFO - Sync 1 DAGs
[2023-12-03T21:36:33.623+0000] {logging_mixin.py:154} INFO - [2023-12-03T21:36:33.622+0000] {dag.py:3722} INFO - Setting next_dagrun for example_complex to None, run_after=None
[2023-12-03T21:36:33.638+0000] {processor.py:179} INFO - Processing /home/airflow/.local/lib/python3.8/site-packages/airflow/example_dags/example_complex.py took 0.070 seconds
[2023-12-03T22:57:31.598+0000] {processor.py:157} INFO - Started process (PID=3773) to work on /home/airflow/.local/lib/python3.8/site-packages/airflow/example_dags/example_complex.py
[2023-12-03T22:57:31.600+0000] {processor.py:829} INFO - Processing file /home/airflow/.local/lib/python3.8/site-packages/airflow/example_dags/example_complex.py for tasks to queue
[2023-12-03T22:57:31.603+0000] {logging_mixin.py:154} INFO - [2023-12-03T22:57:31.603+0000] {dagbag.py:536} INFO - Filling up the DagBag from /home/airflow/.local/lib/python3.8/site-packages/airflow/example_dags/example_complex.py
[2023-12-03T22:57:31.613+0000] {processor.py:839} INFO - DAG(s) dict_keys(['example_complex']) retrieved from /home/airflow/.local/lib/python3.8/site-packages/airflow/example_dags/example_complex.py
[2023-12-03T22:57:31.638+0000] {logging_mixin.py:154} INFO - [2023-12-03T22:57:31.637+0000] {dag.py:2941} INFO - Sync 1 DAGs
[2023-12-03T22:57:31.646+0000] {logging_mixin.py:154} INFO - [2023-12-03T22:57:31.646+0000] {dag.py:3722} INFO - Setting next_dagrun for example_complex to None, run_after=None
[2023-12-03T22:57:31.659+0000] {processor.py:179} INFO - Processing /home/airflow/.local/lib/python3.8/site-packages/airflow/example_dags/example_complex.py took 0.064 seconds
[2023-12-03T23:13:10.504+0000] {processor.py:157} INFO - Started process (PID=3831) to work on /home/airflow/.local/lib/python3.8/site-packages/airflow/example_dags/example_complex.py
[2023-12-03T23:13:10.505+0000] {processor.py:829} INFO - Processing file /home/airflow/.local/lib/python3.8/site-packages/airflow/example_dags/example_complex.py for tasks to queue
[2023-12-03T23:13:10.507+0000] {logging_mixin.py:154} INFO - [2023-12-03T23:13:10.507+0000] {dagbag.py:536} INFO - Filling up the DagBag from /home/airflow/.local/lib/python3.8/site-packages/airflow/example_dags/example_complex.py
[2023-12-03T23:13:10.518+0000] {processor.py:839} INFO - DAG(s) dict_keys(['example_complex']) retrieved from /home/airflow/.local/lib/python3.8/site-packages/airflow/example_dags/example_complex.py
[2023-12-03T23:13:10.542+0000] {logging_mixin.py:154} INFO - [2023-12-03T23:13:10.542+0000] {dag.py:2941} INFO - Sync 1 DAGs
[2023-12-03T23:13:10.551+0000] {logging_mixin.py:154} INFO - [2023-12-03T23:13:10.550+0000] {dag.py:3722} INFO - Setting next_dagrun for example_complex to None, run_after=None
[2023-12-03T23:13:10.562+0000] {processor.py:179} INFO - Processing /home/airflow/.local/lib/python3.8/site-packages/airflow/example_dags/example_complex.py took 0.062 seconds
[2023-12-03T23:22:18.908+0000] {processor.py:157} INFO - Started process (PID=3889) to work on /home/airflow/.local/lib/python3.8/site-packages/airflow/example_dags/example_complex.py
[2023-12-03T23:22:18.910+0000] {processor.py:829} INFO - Processing file /home/airflow/.local/lib/python3.8/site-packages/airflow/example_dags/example_complex.py for tasks to queue
[2023-12-03T23:22:18.913+0000] {logging_mixin.py:154} INFO - [2023-12-03T23:22:18.912+0000] {dagbag.py:536} INFO - Filling up the DagBag from /home/airflow/.local/lib/python3.8/site-packages/airflow/example_dags/example_complex.py
[2023-12-03T23:22:18.928+0000] {processor.py:839} INFO - DAG(s) dict_keys(['example_complex']) retrieved from /home/airflow/.local/lib/python3.8/site-packages/airflow/example_dags/example_complex.py
[2023-12-03T23:22:18.973+0000] {logging_mixin.py:154} INFO - [2023-12-03T23:22:18.973+0000] {dag.py:2941} INFO - Sync 1 DAGs
[2023-12-03T23:22:18.988+0000] {logging_mixin.py:154} INFO - [2023-12-03T23:22:18.988+0000] {dag.py:3722} INFO - Setting next_dagrun for example_complex to None, run_after=None
[2023-12-03T23:22:19.006+0000] {processor.py:179} INFO - Processing /home/airflow/.local/lib/python3.8/site-packages/airflow/example_dags/example_complex.py took 0.102 seconds
