[2023-12-03T09:43:22.603+0000] {processor.py:157} INFO - Started process (PID=42) to work on /home/airflow/.local/lib/python3.8/site-packages/airflow/example_dags/example_branch_day_of_week_operator.py
[2023-12-03T09:43:22.604+0000] {processor.py:829} INFO - Processing file /home/airflow/.local/lib/python3.8/site-packages/airflow/example_dags/example_branch_day_of_week_operator.py for tasks to queue
[2023-12-03T09:43:22.610+0000] {logging_mixin.py:154} INFO - [2023-12-03T09:43:22.609+0000] {dagbag.py:536} INFO - Filling up the DagBag from /home/airflow/.local/lib/python3.8/site-packages/airflow/example_dags/example_branch_day_of_week_operator.py
[2023-12-03T09:43:22.625+0000] {processor.py:839} INFO - DAG(s) dict_keys(['example_weekday_branch_operator']) retrieved from /home/airflow/.local/lib/python3.8/site-packages/airflow/example_dags/example_branch_day_of_week_operator.py
[2023-12-03T09:43:22.643+0000] {logging_mixin.py:154} INFO - [2023-12-03T09:43:22.642+0000] {dag.py:2941} INFO - Sync 1 DAGs
[2023-12-03T09:43:22.677+0000] {logging_mixin.py:154} INFO - [2023-12-03T09:43:22.677+0000] {dag.py:3722} INFO - Setting next_dagrun for example_weekday_branch_operator to 2023-12-02T00:00:00+00:00, run_after=2023-12-03T00:00:00+00:00
[2023-12-03T09:43:22.702+0000] {processor.py:179} INFO - Processing /home/airflow/.local/lib/python3.8/site-packages/airflow/example_dags/example_branch_day_of_week_operator.py took 0.104 seconds
[2023-12-03T09:43:53.501+0000] {processor.py:157} INFO - Started process (PID=100) to work on /home/airflow/.local/lib/python3.8/site-packages/airflow/example_dags/example_branch_day_of_week_operator.py
[2023-12-03T09:43:53.502+0000] {processor.py:829} INFO - Processing file /home/airflow/.local/lib/python3.8/site-packages/airflow/example_dags/example_branch_day_of_week_operator.py for tasks to queue
[2023-12-03T09:43:53.505+0000] {logging_mixin.py:154} INFO - [2023-12-03T09:43:53.505+0000] {dagbag.py:536} INFO - Filling up the DagBag from /home/airflow/.local/lib/python3.8/site-packages/airflow/example_dags/example_branch_day_of_week_operator.py
[2023-12-03T09:43:53.514+0000] {processor.py:839} INFO - DAG(s) dict_keys(['example_weekday_branch_operator']) retrieved from /home/airflow/.local/lib/python3.8/site-packages/airflow/example_dags/example_branch_day_of_week_operator.py
[2023-12-03T09:43:53.535+0000] {logging_mixin.py:154} INFO - [2023-12-03T09:43:53.535+0000] {dag.py:2941} INFO - Sync 1 DAGs
[2023-12-03T09:43:53.555+0000] {logging_mixin.py:154} INFO - [2023-12-03T09:43:53.555+0000] {dag.py:3722} INFO - Setting next_dagrun for example_weekday_branch_operator to 2023-12-02T00:00:00+00:00, run_after=2023-12-03T00:00:00+00:00
[2023-12-03T09:43:53.571+0000] {processor.py:179} INFO - Processing /home/airflow/.local/lib/python3.8/site-packages/airflow/example_dags/example_branch_day_of_week_operator.py took 0.073 seconds
[2023-12-03T09:44:24.522+0000] {processor.py:157} INFO - Started process (PID=157) to work on /home/airflow/.local/lib/python3.8/site-packages/airflow/example_dags/example_branch_day_of_week_operator.py
[2023-12-03T09:44:24.523+0000] {processor.py:829} INFO - Processing file /home/airflow/.local/lib/python3.8/site-packages/airflow/example_dags/example_branch_day_of_week_operator.py for tasks to queue
[2023-12-03T09:44:24.526+0000] {logging_mixin.py:154} INFO - [2023-12-03T09:44:24.525+0000] {dagbag.py:536} INFO - Filling up the DagBag from /home/airflow/.local/lib/python3.8/site-packages/airflow/example_dags/example_branch_day_of_week_operator.py
[2023-12-03T09:44:24.534+0000] {processor.py:839} INFO - DAG(s) dict_keys(['example_weekday_branch_operator']) retrieved from /home/airflow/.local/lib/python3.8/site-packages/airflow/example_dags/example_branch_day_of_week_operator.py
[2023-12-03T09:44:24.554+0000] {logging_mixin.py:154} INFO - [2023-12-03T09:44:24.554+0000] {dag.py:2941} INFO - Sync 1 DAGs
[2023-12-03T09:44:24.576+0000] {logging_mixin.py:154} INFO - [2023-12-03T09:44:24.576+0000] {dag.py:3722} INFO - Setting next_dagrun for example_weekday_branch_operator to 2023-12-02T00:00:00+00:00, run_after=2023-12-03T00:00:00+00:00
[2023-12-03T09:44:24.594+0000] {processor.py:179} INFO - Processing /home/airflow/.local/lib/python3.8/site-packages/airflow/example_dags/example_branch_day_of_week_operator.py took 0.076 seconds
[2023-12-03T09:44:55.623+0000] {processor.py:157} INFO - Started process (PID=215) to work on /home/airflow/.local/lib/python3.8/site-packages/airflow/example_dags/example_branch_day_of_week_operator.py
[2023-12-03T09:44:55.624+0000] {processor.py:829} INFO - Processing file /home/airflow/.local/lib/python3.8/site-packages/airflow/example_dags/example_branch_day_of_week_operator.py for tasks to queue
[2023-12-03T09:44:55.626+0000] {logging_mixin.py:154} INFO - [2023-12-03T09:44:55.626+0000] {dagbag.py:536} INFO - Filling up the DagBag from /home/airflow/.local/lib/python3.8/site-packages/airflow/example_dags/example_branch_day_of_week_operator.py
[2023-12-03T09:44:55.635+0000] {processor.py:839} INFO - DAG(s) dict_keys(['example_weekday_branch_operator']) retrieved from /home/airflow/.local/lib/python3.8/site-packages/airflow/example_dags/example_branch_day_of_week_operator.py
[2023-12-03T09:44:55.656+0000] {logging_mixin.py:154} INFO - [2023-12-03T09:44:55.656+0000] {dag.py:2941} INFO - Sync 1 DAGs
[2023-12-03T09:44:55.677+0000] {logging_mixin.py:154} INFO - [2023-12-03T09:44:55.677+0000] {dag.py:3722} INFO - Setting next_dagrun for example_weekday_branch_operator to 2023-12-02T00:00:00+00:00, run_after=2023-12-03T00:00:00+00:00
[2023-12-03T09:44:55.693+0000] {processor.py:179} INFO - Processing /home/airflow/.local/lib/python3.8/site-packages/airflow/example_dags/example_branch_day_of_week_operator.py took 0.075 seconds
[2023-12-03T09:45:25.883+0000] {processor.py:157} INFO - Started process (PID=272) to work on /home/airflow/.local/lib/python3.8/site-packages/airflow/example_dags/example_branch_day_of_week_operator.py
[2023-12-03T09:45:25.885+0000] {processor.py:829} INFO - Processing file /home/airflow/.local/lib/python3.8/site-packages/airflow/example_dags/example_branch_day_of_week_operator.py for tasks to queue
[2023-12-03T09:45:25.888+0000] {logging_mixin.py:154} INFO - [2023-12-03T09:45:25.887+0000] {dagbag.py:536} INFO - Filling up the DagBag from /home/airflow/.local/lib/python3.8/site-packages/airflow/example_dags/example_branch_day_of_week_operator.py
[2023-12-03T09:45:25.895+0000] {processor.py:839} INFO - DAG(s) dict_keys(['example_weekday_branch_operator']) retrieved from /home/airflow/.local/lib/python3.8/site-packages/airflow/example_dags/example_branch_day_of_week_operator.py
[2023-12-03T09:45:25.920+0000] {logging_mixin.py:154} INFO - [2023-12-03T09:45:25.919+0000] {dag.py:2941} INFO - Sync 1 DAGs
[2023-12-03T09:45:25.954+0000] {logging_mixin.py:154} INFO - [2023-12-03T09:45:25.954+0000] {dag.py:3722} INFO - Setting next_dagrun for example_weekday_branch_operator to 2023-12-02T00:00:00+00:00, run_after=2023-12-03T00:00:00+00:00
[2023-12-03T09:45:26.024+0000] {processor.py:179} INFO - Processing /home/airflow/.local/lib/python3.8/site-packages/airflow/example_dags/example_branch_day_of_week_operator.py took 0.145 seconds
[2023-12-03T09:45:56.224+0000] {processor.py:157} INFO - Started process (PID=330) to work on /home/airflow/.local/lib/python3.8/site-packages/airflow/example_dags/example_branch_day_of_week_operator.py
[2023-12-03T09:45:56.225+0000] {processor.py:829} INFO - Processing file /home/airflow/.local/lib/python3.8/site-packages/airflow/example_dags/example_branch_day_of_week_operator.py for tasks to queue
[2023-12-03T09:45:56.228+0000] {logging_mixin.py:154} INFO - [2023-12-03T09:45:56.228+0000] {dagbag.py:536} INFO - Filling up the DagBag from /home/airflow/.local/lib/python3.8/site-packages/airflow/example_dags/example_branch_day_of_week_operator.py
[2023-12-03T09:45:56.240+0000] {processor.py:839} INFO - DAG(s) dict_keys(['example_weekday_branch_operator']) retrieved from /home/airflow/.local/lib/python3.8/site-packages/airflow/example_dags/example_branch_day_of_week_operator.py
[2023-12-03T09:45:56.268+0000] {logging_mixin.py:154} INFO - [2023-12-03T09:45:56.268+0000] {dag.py:2941} INFO - Sync 1 DAGs
[2023-12-03T09:45:56.303+0000] {logging_mixin.py:154} INFO - [2023-12-03T09:45:56.303+0000] {dag.py:3722} INFO - Setting next_dagrun for example_weekday_branch_operator to 2023-12-02T00:00:00+00:00, run_after=2023-12-03T00:00:00+00:00
[2023-12-03T09:45:56.331+0000] {processor.py:179} INFO - Processing /home/airflow/.local/lib/python3.8/site-packages/airflow/example_dags/example_branch_day_of_week_operator.py took 0.112 seconds
[2023-12-03T09:46:26.854+0000] {processor.py:157} INFO - Started process (PID=388) to work on /home/airflow/.local/lib/python3.8/site-packages/airflow/example_dags/example_branch_day_of_week_operator.py
[2023-12-03T09:46:26.855+0000] {processor.py:829} INFO - Processing file /home/airflow/.local/lib/python3.8/site-packages/airflow/example_dags/example_branch_day_of_week_operator.py for tasks to queue
[2023-12-03T09:46:26.858+0000] {logging_mixin.py:154} INFO - [2023-12-03T09:46:26.858+0000] {dagbag.py:536} INFO - Filling up the DagBag from /home/airflow/.local/lib/python3.8/site-packages/airflow/example_dags/example_branch_day_of_week_operator.py
[2023-12-03T09:46:26.869+0000] {processor.py:839} INFO - DAG(s) dict_keys(['example_weekday_branch_operator']) retrieved from /home/airflow/.local/lib/python3.8/site-packages/airflow/example_dags/example_branch_day_of_week_operator.py
[2023-12-03T09:46:26.896+0000] {logging_mixin.py:154} INFO - [2023-12-03T09:46:26.896+0000] {dag.py:2941} INFO - Sync 1 DAGs
[2023-12-03T09:46:26.924+0000] {logging_mixin.py:154} INFO - [2023-12-03T09:46:26.923+0000] {dag.py:3722} INFO - Setting next_dagrun for example_weekday_branch_operator to 2023-12-02T00:00:00+00:00, run_after=2023-12-03T00:00:00+00:00
[2023-12-03T09:46:26.950+0000] {processor.py:179} INFO - Processing /home/airflow/.local/lib/python3.8/site-packages/airflow/example_dags/example_branch_day_of_week_operator.py took 0.102 seconds
[2023-12-03T09:46:57.186+0000] {processor.py:157} INFO - Started process (PID=446) to work on /home/airflow/.local/lib/python3.8/site-packages/airflow/example_dags/example_branch_day_of_week_operator.py
[2023-12-03T09:46:57.187+0000] {processor.py:829} INFO - Processing file /home/airflow/.local/lib/python3.8/site-packages/airflow/example_dags/example_branch_day_of_week_operator.py for tasks to queue
[2023-12-03T09:46:57.191+0000] {logging_mixin.py:154} INFO - [2023-12-03T09:46:57.190+0000] {dagbag.py:536} INFO - Filling up the DagBag from /home/airflow/.local/lib/python3.8/site-packages/airflow/example_dags/example_branch_day_of_week_operator.py
[2023-12-03T09:46:57.200+0000] {processor.py:839} INFO - DAG(s) dict_keys(['example_weekday_branch_operator']) retrieved from /home/airflow/.local/lib/python3.8/site-packages/airflow/example_dags/example_branch_day_of_week_operator.py
[2023-12-03T09:46:57.226+0000] {logging_mixin.py:154} INFO - [2023-12-03T09:46:57.226+0000] {dag.py:2941} INFO - Sync 1 DAGs
[2023-12-03T09:46:57.255+0000] {logging_mixin.py:154} INFO - [2023-12-03T09:46:57.255+0000] {dag.py:3722} INFO - Setting next_dagrun for example_weekday_branch_operator to 2023-12-02T00:00:00+00:00, run_after=2023-12-03T00:00:00+00:00
[2023-12-03T09:46:57.274+0000] {processor.py:179} INFO - Processing /home/airflow/.local/lib/python3.8/site-packages/airflow/example_dags/example_branch_day_of_week_operator.py took 0.093 seconds
[2023-12-03T09:47:28.054+0000] {processor.py:157} INFO - Started process (PID=504) to work on /home/airflow/.local/lib/python3.8/site-packages/airflow/example_dags/example_branch_day_of_week_operator.py
[2023-12-03T09:47:28.055+0000] {processor.py:829} INFO - Processing file /home/airflow/.local/lib/python3.8/site-packages/airflow/example_dags/example_branch_day_of_week_operator.py for tasks to queue
[2023-12-03T09:47:28.060+0000] {logging_mixin.py:154} INFO - [2023-12-03T09:47:28.059+0000] {dagbag.py:536} INFO - Filling up the DagBag from /home/airflow/.local/lib/python3.8/site-packages/airflow/example_dags/example_branch_day_of_week_operator.py
[2023-12-03T09:47:28.069+0000] {processor.py:839} INFO - DAG(s) dict_keys(['example_weekday_branch_operator']) retrieved from /home/airflow/.local/lib/python3.8/site-packages/airflow/example_dags/example_branch_day_of_week_operator.py
[2023-12-03T09:47:28.096+0000] {logging_mixin.py:154} INFO - [2023-12-03T09:47:28.096+0000] {dag.py:2941} INFO - Sync 1 DAGs
[2023-12-03T09:47:28.122+0000] {logging_mixin.py:154} INFO - [2023-12-03T09:47:28.121+0000] {dag.py:3722} INFO - Setting next_dagrun for example_weekday_branch_operator to 2023-12-02T00:00:00+00:00, run_after=2023-12-03T00:00:00+00:00
[2023-12-03T09:47:28.141+0000] {processor.py:179} INFO - Processing /home/airflow/.local/lib/python3.8/site-packages/airflow/example_dags/example_branch_day_of_week_operator.py took 0.091 seconds
[2023-12-03T09:47:58.220+0000] {processor.py:157} INFO - Started process (PID=562) to work on /home/airflow/.local/lib/python3.8/site-packages/airflow/example_dags/example_branch_day_of_week_operator.py
[2023-12-03T09:47:58.222+0000] {processor.py:829} INFO - Processing file /home/airflow/.local/lib/python3.8/site-packages/airflow/example_dags/example_branch_day_of_week_operator.py for tasks to queue
[2023-12-03T09:47:58.225+0000] {logging_mixin.py:154} INFO - [2023-12-03T09:47:58.225+0000] {dagbag.py:536} INFO - Filling up the DagBag from /home/airflow/.local/lib/python3.8/site-packages/airflow/example_dags/example_branch_day_of_week_operator.py
[2023-12-03T09:47:58.233+0000] {processor.py:839} INFO - DAG(s) dict_keys(['example_weekday_branch_operator']) retrieved from /home/airflow/.local/lib/python3.8/site-packages/airflow/example_dags/example_branch_day_of_week_operator.py
[2023-12-03T09:47:58.257+0000] {logging_mixin.py:154} INFO - [2023-12-03T09:47:58.257+0000] {dag.py:2941} INFO - Sync 1 DAGs
[2023-12-03T09:47:58.285+0000] {logging_mixin.py:154} INFO - [2023-12-03T09:47:58.285+0000] {dag.py:3722} INFO - Setting next_dagrun for example_weekday_branch_operator to 2023-12-02T00:00:00+00:00, run_after=2023-12-03T00:00:00+00:00
[2023-12-03T09:47:58.310+0000] {processor.py:179} INFO - Processing /home/airflow/.local/lib/python3.8/site-packages/airflow/example_dags/example_branch_day_of_week_operator.py took 0.093 seconds
[2023-12-03T09:48:28.414+0000] {processor.py:157} INFO - Started process (PID=619) to work on /home/airflow/.local/lib/python3.8/site-packages/airflow/example_dags/example_branch_day_of_week_operator.py
[2023-12-03T09:48:28.415+0000] {processor.py:829} INFO - Processing file /home/airflow/.local/lib/python3.8/site-packages/airflow/example_dags/example_branch_day_of_week_operator.py for tasks to queue
[2023-12-03T09:48:28.418+0000] {logging_mixin.py:154} INFO - [2023-12-03T09:48:28.417+0000] {dagbag.py:536} INFO - Filling up the DagBag from /home/airflow/.local/lib/python3.8/site-packages/airflow/example_dags/example_branch_day_of_week_operator.py
[2023-12-03T09:48:28.425+0000] {processor.py:839} INFO - DAG(s) dict_keys(['example_weekday_branch_operator']) retrieved from /home/airflow/.local/lib/python3.8/site-packages/airflow/example_dags/example_branch_day_of_week_operator.py
[2023-12-03T09:48:28.442+0000] {logging_mixin.py:154} INFO - [2023-12-03T09:48:28.442+0000] {dag.py:2941} INFO - Sync 1 DAGs
[2023-12-03T09:48:28.460+0000] {logging_mixin.py:154} INFO - [2023-12-03T09:48:28.460+0000] {dag.py:3722} INFO - Setting next_dagrun for example_weekday_branch_operator to 2023-12-02T00:00:00+00:00, run_after=2023-12-03T00:00:00+00:00
[2023-12-03T09:48:28.473+0000] {processor.py:179} INFO - Processing /home/airflow/.local/lib/python3.8/site-packages/airflow/example_dags/example_branch_day_of_week_operator.py took 0.063 seconds
[2023-12-03T09:48:59.254+0000] {processor.py:157} INFO - Started process (PID=677) to work on /home/airflow/.local/lib/python3.8/site-packages/airflow/example_dags/example_branch_day_of_week_operator.py
[2023-12-03T09:48:59.254+0000] {processor.py:829} INFO - Processing file /home/airflow/.local/lib/python3.8/site-packages/airflow/example_dags/example_branch_day_of_week_operator.py for tasks to queue
[2023-12-03T09:48:59.257+0000] {logging_mixin.py:154} INFO - [2023-12-03T09:48:59.257+0000] {dagbag.py:536} INFO - Filling up the DagBag from /home/airflow/.local/lib/python3.8/site-packages/airflow/example_dags/example_branch_day_of_week_operator.py
[2023-12-03T09:48:59.264+0000] {processor.py:839} INFO - DAG(s) dict_keys(['example_weekday_branch_operator']) retrieved from /home/airflow/.local/lib/python3.8/site-packages/airflow/example_dags/example_branch_day_of_week_operator.py
[2023-12-03T09:48:59.285+0000] {logging_mixin.py:154} INFO - [2023-12-03T09:48:59.284+0000] {dag.py:2941} INFO - Sync 1 DAGs
[2023-12-03T09:48:59.307+0000] {logging_mixin.py:154} INFO - [2023-12-03T09:48:59.306+0000] {dag.py:3722} INFO - Setting next_dagrun for example_weekday_branch_operator to 2023-12-02T00:00:00+00:00, run_after=2023-12-03T00:00:00+00:00
[2023-12-03T09:48:59.321+0000] {processor.py:179} INFO - Processing /home/airflow/.local/lib/python3.8/site-packages/airflow/example_dags/example_branch_day_of_week_operator.py took 0.071 seconds
[2023-12-03T09:49:30.219+0000] {processor.py:157} INFO - Started process (PID=735) to work on /home/airflow/.local/lib/python3.8/site-packages/airflow/example_dags/example_branch_day_of_week_operator.py
[2023-12-03T09:49:30.220+0000] {processor.py:829} INFO - Processing file /home/airflow/.local/lib/python3.8/site-packages/airflow/example_dags/example_branch_day_of_week_operator.py for tasks to queue
[2023-12-03T09:49:30.222+0000] {logging_mixin.py:154} INFO - [2023-12-03T09:49:30.222+0000] {dagbag.py:536} INFO - Filling up the DagBag from /home/airflow/.local/lib/python3.8/site-packages/airflow/example_dags/example_branch_day_of_week_operator.py
[2023-12-03T09:49:30.229+0000] {processor.py:839} INFO - DAG(s) dict_keys(['example_weekday_branch_operator']) retrieved from /home/airflow/.local/lib/python3.8/site-packages/airflow/example_dags/example_branch_day_of_week_operator.py
[2023-12-03T09:49:30.254+0000] {logging_mixin.py:154} INFO - [2023-12-03T09:49:30.253+0000] {dag.py:2941} INFO - Sync 1 DAGs
[2023-12-03T09:49:30.273+0000] {logging_mixin.py:154} INFO - [2023-12-03T09:49:30.272+0000] {dag.py:3722} INFO - Setting next_dagrun for example_weekday_branch_operator to 2023-12-02T00:00:00+00:00, run_after=2023-12-03T00:00:00+00:00
[2023-12-03T09:49:30.287+0000] {processor.py:179} INFO - Processing /home/airflow/.local/lib/python3.8/site-packages/airflow/example_dags/example_branch_day_of_week_operator.py took 0.072 seconds
[2023-12-03T09:50:00.555+0000] {processor.py:157} INFO - Started process (PID=793) to work on /home/airflow/.local/lib/python3.8/site-packages/airflow/example_dags/example_branch_day_of_week_operator.py
[2023-12-03T09:50:00.556+0000] {processor.py:829} INFO - Processing file /home/airflow/.local/lib/python3.8/site-packages/airflow/example_dags/example_branch_day_of_week_operator.py for tasks to queue
[2023-12-03T09:50:00.559+0000] {logging_mixin.py:154} INFO - [2023-12-03T09:50:00.559+0000] {dagbag.py:536} INFO - Filling up the DagBag from /home/airflow/.local/lib/python3.8/site-packages/airflow/example_dags/example_branch_day_of_week_operator.py
[2023-12-03T09:50:00.568+0000] {processor.py:839} INFO - DAG(s) dict_keys(['example_weekday_branch_operator']) retrieved from /home/airflow/.local/lib/python3.8/site-packages/airflow/example_dags/example_branch_day_of_week_operator.py
[2023-12-03T09:50:00.595+0000] {logging_mixin.py:154} INFO - [2023-12-03T09:50:00.594+0000] {dag.py:2941} INFO - Sync 1 DAGs
[2023-12-03T09:50:00.621+0000] {logging_mixin.py:154} INFO - [2023-12-03T09:50:00.621+0000] {dag.py:3722} INFO - Setting next_dagrun for example_weekday_branch_operator to 2023-12-02T00:00:00+00:00, run_after=2023-12-03T00:00:00+00:00
[2023-12-03T09:50:00.643+0000] {processor.py:179} INFO - Processing /home/airflow/.local/lib/python3.8/site-packages/airflow/example_dags/example_branch_day_of_week_operator.py took 0.093 seconds
[2023-12-03T09:50:31.158+0000] {processor.py:157} INFO - Started process (PID=851) to work on /home/airflow/.local/lib/python3.8/site-packages/airflow/example_dags/example_branch_day_of_week_operator.py
[2023-12-03T09:50:31.159+0000] {processor.py:829} INFO - Processing file /home/airflow/.local/lib/python3.8/site-packages/airflow/example_dags/example_branch_day_of_week_operator.py for tasks to queue
[2023-12-03T09:50:31.162+0000] {logging_mixin.py:154} INFO - [2023-12-03T09:50:31.162+0000] {dagbag.py:536} INFO - Filling up the DagBag from /home/airflow/.local/lib/python3.8/site-packages/airflow/example_dags/example_branch_day_of_week_operator.py
[2023-12-03T09:50:31.172+0000] {processor.py:839} INFO - DAG(s) dict_keys(['example_weekday_branch_operator']) retrieved from /home/airflow/.local/lib/python3.8/site-packages/airflow/example_dags/example_branch_day_of_week_operator.py
[2023-12-03T09:50:31.361+0000] {logging_mixin.py:154} INFO - [2023-12-03T09:50:31.360+0000] {dag.py:2941} INFO - Sync 1 DAGs
[2023-12-03T09:50:31.386+0000] {logging_mixin.py:154} INFO - [2023-12-03T09:50:31.386+0000] {dag.py:3722} INFO - Setting next_dagrun for example_weekday_branch_operator to 2023-12-02T00:00:00+00:00, run_after=2023-12-03T00:00:00+00:00
[2023-12-03T09:50:31.406+0000] {processor.py:179} INFO - Processing /home/airflow/.local/lib/python3.8/site-packages/airflow/example_dags/example_branch_day_of_week_operator.py took 0.253 seconds
[2023-12-03T09:51:01.753+0000] {processor.py:157} INFO - Started process (PID=909) to work on /home/airflow/.local/lib/python3.8/site-packages/airflow/example_dags/example_branch_day_of_week_operator.py
[2023-12-03T09:51:01.754+0000] {processor.py:829} INFO - Processing file /home/airflow/.local/lib/python3.8/site-packages/airflow/example_dags/example_branch_day_of_week_operator.py for tasks to queue
[2023-12-03T09:51:01.758+0000] {logging_mixin.py:154} INFO - [2023-12-03T09:51:01.757+0000] {dagbag.py:536} INFO - Filling up the DagBag from /home/airflow/.local/lib/python3.8/site-packages/airflow/example_dags/example_branch_day_of_week_operator.py
[2023-12-03T09:51:01.766+0000] {processor.py:839} INFO - DAG(s) dict_keys(['example_weekday_branch_operator']) retrieved from /home/airflow/.local/lib/python3.8/site-packages/airflow/example_dags/example_branch_day_of_week_operator.py
[2023-12-03T09:51:01.790+0000] {logging_mixin.py:154} INFO - [2023-12-03T09:51:01.790+0000] {dag.py:2941} INFO - Sync 1 DAGs
[2023-12-03T09:51:01.818+0000] {logging_mixin.py:154} INFO - [2023-12-03T09:51:01.817+0000] {dag.py:3722} INFO - Setting next_dagrun for example_weekday_branch_operator to 2023-12-02T00:00:00+00:00, run_after=2023-12-03T00:00:00+00:00
[2023-12-03T09:51:01.838+0000] {processor.py:179} INFO - Processing /home/airflow/.local/lib/python3.8/site-packages/airflow/example_dags/example_branch_day_of_week_operator.py took 0.089 seconds
[2023-12-03T09:51:32.024+0000] {processor.py:157} INFO - Started process (PID=967) to work on /home/airflow/.local/lib/python3.8/site-packages/airflow/example_dags/example_branch_day_of_week_operator.py
[2023-12-03T09:51:32.025+0000] {processor.py:829} INFO - Processing file /home/airflow/.local/lib/python3.8/site-packages/airflow/example_dags/example_branch_day_of_week_operator.py for tasks to queue
[2023-12-03T09:51:32.028+0000] {logging_mixin.py:154} INFO - [2023-12-03T09:51:32.028+0000] {dagbag.py:536} INFO - Filling up the DagBag from /home/airflow/.local/lib/python3.8/site-packages/airflow/example_dags/example_branch_day_of_week_operator.py
[2023-12-03T09:51:32.036+0000] {processor.py:839} INFO - DAG(s) dict_keys(['example_weekday_branch_operator']) retrieved from /home/airflow/.local/lib/python3.8/site-packages/airflow/example_dags/example_branch_day_of_week_operator.py
[2023-12-03T09:51:32.056+0000] {logging_mixin.py:154} INFO - [2023-12-03T09:51:32.056+0000] {dag.py:2941} INFO - Sync 1 DAGs
[2023-12-03T09:51:32.076+0000] {logging_mixin.py:154} INFO - [2023-12-03T09:51:32.076+0000] {dag.py:3722} INFO - Setting next_dagrun for example_weekday_branch_operator to 2023-12-02T00:00:00+00:00, run_after=2023-12-03T00:00:00+00:00
[2023-12-03T09:51:32.092+0000] {processor.py:179} INFO - Processing /home/airflow/.local/lib/python3.8/site-packages/airflow/example_dags/example_branch_day_of_week_operator.py took 0.073 seconds
[2023-12-03T09:52:02.900+0000] {processor.py:157} INFO - Started process (PID=1025) to work on /home/airflow/.local/lib/python3.8/site-packages/airflow/example_dags/example_branch_day_of_week_operator.py
[2023-12-03T09:52:02.901+0000] {processor.py:829} INFO - Processing file /home/airflow/.local/lib/python3.8/site-packages/airflow/example_dags/example_branch_day_of_week_operator.py for tasks to queue
[2023-12-03T09:52:02.904+0000] {logging_mixin.py:154} INFO - [2023-12-03T09:52:02.904+0000] {dagbag.py:536} INFO - Filling up the DagBag from /home/airflow/.local/lib/python3.8/site-packages/airflow/example_dags/example_branch_day_of_week_operator.py
[2023-12-03T09:52:02.912+0000] {processor.py:839} INFO - DAG(s) dict_keys(['example_weekday_branch_operator']) retrieved from /home/airflow/.local/lib/python3.8/site-packages/airflow/example_dags/example_branch_day_of_week_operator.py
[2023-12-03T09:52:02.932+0000] {logging_mixin.py:154} INFO - [2023-12-03T09:52:02.932+0000] {dag.py:2941} INFO - Sync 1 DAGs
[2023-12-03T09:52:02.954+0000] {logging_mixin.py:154} INFO - [2023-12-03T09:52:02.954+0000] {dag.py:3722} INFO - Setting next_dagrun for example_weekday_branch_operator to 2023-12-02T00:00:00+00:00, run_after=2023-12-03T00:00:00+00:00
[2023-12-03T09:52:02.970+0000] {processor.py:179} INFO - Processing /home/airflow/.local/lib/python3.8/site-packages/airflow/example_dags/example_branch_day_of_week_operator.py took 0.075 seconds
[2023-12-03T09:52:33.032+0000] {processor.py:157} INFO - Started process (PID=1083) to work on /home/airflow/.local/lib/python3.8/site-packages/airflow/example_dags/example_branch_day_of_week_operator.py
[2023-12-03T09:52:33.033+0000] {processor.py:829} INFO - Processing file /home/airflow/.local/lib/python3.8/site-packages/airflow/example_dags/example_branch_day_of_week_operator.py for tasks to queue
[2023-12-03T09:52:33.036+0000] {logging_mixin.py:154} INFO - [2023-12-03T09:52:33.036+0000] {dagbag.py:536} INFO - Filling up the DagBag from /home/airflow/.local/lib/python3.8/site-packages/airflow/example_dags/example_branch_day_of_week_operator.py
[2023-12-03T09:52:33.043+0000] {processor.py:839} INFO - DAG(s) dict_keys(['example_weekday_branch_operator']) retrieved from /home/airflow/.local/lib/python3.8/site-packages/airflow/example_dags/example_branch_day_of_week_operator.py
[2023-12-03T09:52:33.063+0000] {logging_mixin.py:154} INFO - [2023-12-03T09:52:33.063+0000] {dag.py:2941} INFO - Sync 1 DAGs
[2023-12-03T09:52:33.082+0000] {logging_mixin.py:154} INFO - [2023-12-03T09:52:33.081+0000] {dag.py:3722} INFO - Setting next_dagrun for example_weekday_branch_operator to 2023-12-02T00:00:00+00:00, run_after=2023-12-03T00:00:00+00:00
[2023-12-03T09:52:33.096+0000] {processor.py:179} INFO - Processing /home/airflow/.local/lib/python3.8/site-packages/airflow/example_dags/example_branch_day_of_week_operator.py took 0.069 seconds
[2023-12-03T09:53:03.412+0000] {processor.py:157} INFO - Started process (PID=1141) to work on /home/airflow/.local/lib/python3.8/site-packages/airflow/example_dags/example_branch_day_of_week_operator.py
[2023-12-03T09:53:03.413+0000] {processor.py:829} INFO - Processing file /home/airflow/.local/lib/python3.8/site-packages/airflow/example_dags/example_branch_day_of_week_operator.py for tasks to queue
[2023-12-03T09:53:03.416+0000] {logging_mixin.py:154} INFO - [2023-12-03T09:53:03.416+0000] {dagbag.py:536} INFO - Filling up the DagBag from /home/airflow/.local/lib/python3.8/site-packages/airflow/example_dags/example_branch_day_of_week_operator.py
[2023-12-03T09:53:03.425+0000] {processor.py:839} INFO - DAG(s) dict_keys(['example_weekday_branch_operator']) retrieved from /home/airflow/.local/lib/python3.8/site-packages/airflow/example_dags/example_branch_day_of_week_operator.py
[2023-12-03T09:53:03.444+0000] {logging_mixin.py:154} INFO - [2023-12-03T09:53:03.443+0000] {dag.py:2941} INFO - Sync 1 DAGs
[2023-12-03T09:53:03.465+0000] {logging_mixin.py:154} INFO - [2023-12-03T09:53:03.465+0000] {dag.py:3722} INFO - Setting next_dagrun for example_weekday_branch_operator to 2023-12-02T00:00:00+00:00, run_after=2023-12-03T00:00:00+00:00
[2023-12-03T09:53:03.481+0000] {processor.py:179} INFO - Processing /home/airflow/.local/lib/python3.8/site-packages/airflow/example_dags/example_branch_day_of_week_operator.py took 0.073 seconds
[2023-12-03T09:53:33.674+0000] {processor.py:157} INFO - Started process (PID=1199) to work on /home/airflow/.local/lib/python3.8/site-packages/airflow/example_dags/example_branch_day_of_week_operator.py
[2023-12-03T09:53:33.675+0000] {processor.py:829} INFO - Processing file /home/airflow/.local/lib/python3.8/site-packages/airflow/example_dags/example_branch_day_of_week_operator.py for tasks to queue
[2023-12-03T09:53:33.679+0000] {logging_mixin.py:154} INFO - [2023-12-03T09:53:33.678+0000] {dagbag.py:536} INFO - Filling up the DagBag from /home/airflow/.local/lib/python3.8/site-packages/airflow/example_dags/example_branch_day_of_week_operator.py
[2023-12-03T09:53:33.688+0000] {processor.py:839} INFO - DAG(s) dict_keys(['example_weekday_branch_operator']) retrieved from /home/airflow/.local/lib/python3.8/site-packages/airflow/example_dags/example_branch_day_of_week_operator.py
[2023-12-03T09:53:33.713+0000] {logging_mixin.py:154} INFO - [2023-12-03T09:53:33.713+0000] {dag.py:2941} INFO - Sync 1 DAGs
[2023-12-03T09:53:33.738+0000] {logging_mixin.py:154} INFO - [2023-12-03T09:53:33.737+0000] {dag.py:3722} INFO - Setting next_dagrun for example_weekday_branch_operator to 2023-12-02T00:00:00+00:00, run_after=2023-12-03T00:00:00+00:00
[2023-12-03T09:53:33.755+0000] {processor.py:179} INFO - Processing /home/airflow/.local/lib/python3.8/site-packages/airflow/example_dags/example_branch_day_of_week_operator.py took 0.085 seconds
[2023-12-03T09:54:03.966+0000] {processor.py:157} INFO - Started process (PID=1264) to work on /home/airflow/.local/lib/python3.8/site-packages/airflow/example_dags/example_branch_day_of_week_operator.py
[2023-12-03T09:54:03.967+0000] {processor.py:829} INFO - Processing file /home/airflow/.local/lib/python3.8/site-packages/airflow/example_dags/example_branch_day_of_week_operator.py for tasks to queue
[2023-12-03T09:54:03.969+0000] {logging_mixin.py:154} INFO - [2023-12-03T09:54:03.969+0000] {dagbag.py:536} INFO - Filling up the DagBag from /home/airflow/.local/lib/python3.8/site-packages/airflow/example_dags/example_branch_day_of_week_operator.py
[2023-12-03T09:54:03.978+0000] {processor.py:839} INFO - DAG(s) dict_keys(['example_weekday_branch_operator']) retrieved from /home/airflow/.local/lib/python3.8/site-packages/airflow/example_dags/example_branch_day_of_week_operator.py
[2023-12-03T09:54:04.001+0000] {logging_mixin.py:154} INFO - [2023-12-03T09:54:04.001+0000] {dag.py:2941} INFO - Sync 1 DAGs
[2023-12-03T09:54:04.035+0000] {logging_mixin.py:154} INFO - [2023-12-03T09:54:04.034+0000] {dag.py:3722} INFO - Setting next_dagrun for example_weekday_branch_operator to 2023-12-02T00:00:00+00:00, run_after=2023-12-03T00:00:00+00:00
[2023-12-03T09:54:04.058+0000] {processor.py:179} INFO - Processing /home/airflow/.local/lib/python3.8/site-packages/airflow/example_dags/example_branch_day_of_week_operator.py took 0.096 seconds
[2023-12-03T09:54:34.395+0000] {processor.py:157} INFO - Started process (PID=1322) to work on /home/airflow/.local/lib/python3.8/site-packages/airflow/example_dags/example_branch_day_of_week_operator.py
[2023-12-03T09:54:34.397+0000] {processor.py:829} INFO - Processing file /home/airflow/.local/lib/python3.8/site-packages/airflow/example_dags/example_branch_day_of_week_operator.py for tasks to queue
[2023-12-03T09:54:34.400+0000] {logging_mixin.py:154} INFO - [2023-12-03T09:54:34.400+0000] {dagbag.py:536} INFO - Filling up the DagBag from /home/airflow/.local/lib/python3.8/site-packages/airflow/example_dags/example_branch_day_of_week_operator.py
[2023-12-03T09:54:34.409+0000] {processor.py:839} INFO - DAG(s) dict_keys(['example_weekday_branch_operator']) retrieved from /home/airflow/.local/lib/python3.8/site-packages/airflow/example_dags/example_branch_day_of_week_operator.py
[2023-12-03T09:54:34.431+0000] {logging_mixin.py:154} INFO - [2023-12-03T09:54:34.431+0000] {dag.py:2941} INFO - Sync 1 DAGs
[2023-12-03T09:54:34.451+0000] {logging_mixin.py:154} INFO - [2023-12-03T09:54:34.451+0000] {dag.py:3722} INFO - Setting next_dagrun for example_weekday_branch_operator to 2023-12-02T00:00:00+00:00, run_after=2023-12-03T00:00:00+00:00
[2023-12-03T09:54:34.471+0000] {processor.py:179} INFO - Processing /home/airflow/.local/lib/python3.8/site-packages/airflow/example_dags/example_branch_day_of_week_operator.py took 0.081 seconds
[2023-12-03T09:55:04.766+0000] {processor.py:157} INFO - Started process (PID=1380) to work on /home/airflow/.local/lib/python3.8/site-packages/airflow/example_dags/example_branch_day_of_week_operator.py
[2023-12-03T09:55:04.767+0000] {processor.py:829} INFO - Processing file /home/airflow/.local/lib/python3.8/site-packages/airflow/example_dags/example_branch_day_of_week_operator.py for tasks to queue
[2023-12-03T09:55:04.770+0000] {logging_mixin.py:154} INFO - [2023-12-03T09:55:04.770+0000] {dagbag.py:536} INFO - Filling up the DagBag from /home/airflow/.local/lib/python3.8/site-packages/airflow/example_dags/example_branch_day_of_week_operator.py
[2023-12-03T09:55:04.778+0000] {processor.py:839} INFO - DAG(s) dict_keys(['example_weekday_branch_operator']) retrieved from /home/airflow/.local/lib/python3.8/site-packages/airflow/example_dags/example_branch_day_of_week_operator.py
[2023-12-03T09:55:04.799+0000] {logging_mixin.py:154} INFO - [2023-12-03T09:55:04.799+0000] {dag.py:2941} INFO - Sync 1 DAGs
[2023-12-03T09:55:04.820+0000] {logging_mixin.py:154} INFO - [2023-12-03T09:55:04.820+0000] {dag.py:3722} INFO - Setting next_dagrun for example_weekday_branch_operator to 2023-12-02T00:00:00+00:00, run_after=2023-12-03T00:00:00+00:00
[2023-12-03T09:55:04.837+0000] {processor.py:179} INFO - Processing /home/airflow/.local/lib/python3.8/site-packages/airflow/example_dags/example_branch_day_of_week_operator.py took 0.075 seconds
[2023-12-03T09:55:35.220+0000] {processor.py:157} INFO - Started process (PID=1438) to work on /home/airflow/.local/lib/python3.8/site-packages/airflow/example_dags/example_branch_day_of_week_operator.py
[2023-12-03T09:55:35.221+0000] {processor.py:829} INFO - Processing file /home/airflow/.local/lib/python3.8/site-packages/airflow/example_dags/example_branch_day_of_week_operator.py for tasks to queue
[2023-12-03T09:55:35.224+0000] {logging_mixin.py:154} INFO - [2023-12-03T09:55:35.224+0000] {dagbag.py:536} INFO - Filling up the DagBag from /home/airflow/.local/lib/python3.8/site-packages/airflow/example_dags/example_branch_day_of_week_operator.py
[2023-12-03T09:55:35.233+0000] {processor.py:839} INFO - DAG(s) dict_keys(['example_weekday_branch_operator']) retrieved from /home/airflow/.local/lib/python3.8/site-packages/airflow/example_dags/example_branch_day_of_week_operator.py
[2023-12-03T09:55:35.266+0000] {logging_mixin.py:154} INFO - [2023-12-03T09:55:35.265+0000] {dag.py:2941} INFO - Sync 1 DAGs
[2023-12-03T09:55:35.297+0000] {logging_mixin.py:154} INFO - [2023-12-03T09:55:35.297+0000] {dag.py:3722} INFO - Setting next_dagrun for example_weekday_branch_operator to 2023-12-02T00:00:00+00:00, run_after=2023-12-03T00:00:00+00:00
[2023-12-03T09:55:35.326+0000] {processor.py:179} INFO - Processing /home/airflow/.local/lib/python3.8/site-packages/airflow/example_dags/example_branch_day_of_week_operator.py took 0.111 seconds
[2023-12-03T09:56:05.549+0000] {processor.py:157} INFO - Started process (PID=1501) to work on /home/airflow/.local/lib/python3.8/site-packages/airflow/example_dags/example_branch_day_of_week_operator.py
[2023-12-03T09:56:05.550+0000] {processor.py:829} INFO - Processing file /home/airflow/.local/lib/python3.8/site-packages/airflow/example_dags/example_branch_day_of_week_operator.py for tasks to queue
[2023-12-03T09:56:05.554+0000] {logging_mixin.py:154} INFO - [2023-12-03T09:56:05.554+0000] {dagbag.py:536} INFO - Filling up the DagBag from /home/airflow/.local/lib/python3.8/site-packages/airflow/example_dags/example_branch_day_of_week_operator.py
[2023-12-03T09:56:05.563+0000] {processor.py:839} INFO - DAG(s) dict_keys(['example_weekday_branch_operator']) retrieved from /home/airflow/.local/lib/python3.8/site-packages/airflow/example_dags/example_branch_day_of_week_operator.py
[2023-12-03T09:56:05.589+0000] {logging_mixin.py:154} INFO - [2023-12-03T09:56:05.589+0000] {dag.py:2941} INFO - Sync 1 DAGs
[2023-12-03T09:56:05.612+0000] {logging_mixin.py:154} INFO - [2023-12-03T09:56:05.611+0000] {dag.py:3722} INFO - Setting next_dagrun for example_weekday_branch_operator to 2023-12-02T00:00:00+00:00, run_after=2023-12-03T00:00:00+00:00
[2023-12-03T09:56:05.630+0000] {processor.py:179} INFO - Processing /home/airflow/.local/lib/python3.8/site-packages/airflow/example_dags/example_branch_day_of_week_operator.py took 0.086 seconds
[2023-12-03T09:56:36.472+0000] {processor.py:157} INFO - Started process (PID=1559) to work on /home/airflow/.local/lib/python3.8/site-packages/airflow/example_dags/example_branch_day_of_week_operator.py
[2023-12-03T09:56:36.474+0000] {processor.py:829} INFO - Processing file /home/airflow/.local/lib/python3.8/site-packages/airflow/example_dags/example_branch_day_of_week_operator.py for tasks to queue
[2023-12-03T09:56:36.477+0000] {logging_mixin.py:154} INFO - [2023-12-03T09:56:36.476+0000] {dagbag.py:536} INFO - Filling up the DagBag from /home/airflow/.local/lib/python3.8/site-packages/airflow/example_dags/example_branch_day_of_week_operator.py
[2023-12-03T09:56:36.484+0000] {processor.py:839} INFO - DAG(s) dict_keys(['example_weekday_branch_operator']) retrieved from /home/airflow/.local/lib/python3.8/site-packages/airflow/example_dags/example_branch_day_of_week_operator.py
[2023-12-03T09:56:36.506+0000] {logging_mixin.py:154} INFO - [2023-12-03T09:56:36.506+0000] {dag.py:2941} INFO - Sync 1 DAGs
[2023-12-03T09:56:36.527+0000] {logging_mixin.py:154} INFO - [2023-12-03T09:56:36.526+0000] {dag.py:3722} INFO - Setting next_dagrun for example_weekday_branch_operator to 2023-12-02T00:00:00+00:00, run_after=2023-12-03T00:00:00+00:00
[2023-12-03T09:56:36.545+0000] {processor.py:179} INFO - Processing /home/airflow/.local/lib/python3.8/site-packages/airflow/example_dags/example_branch_day_of_week_operator.py took 0.077 seconds
[2023-12-03T09:57:07.272+0000] {processor.py:157} INFO - Started process (PID=1617) to work on /home/airflow/.local/lib/python3.8/site-packages/airflow/example_dags/example_branch_day_of_week_operator.py
[2023-12-03T09:57:07.273+0000] {processor.py:829} INFO - Processing file /home/airflow/.local/lib/python3.8/site-packages/airflow/example_dags/example_branch_day_of_week_operator.py for tasks to queue
[2023-12-03T09:57:07.275+0000] {logging_mixin.py:154} INFO - [2023-12-03T09:57:07.275+0000] {dagbag.py:536} INFO - Filling up the DagBag from /home/airflow/.local/lib/python3.8/site-packages/airflow/example_dags/example_branch_day_of_week_operator.py
[2023-12-03T09:57:07.283+0000] {processor.py:839} INFO - DAG(s) dict_keys(['example_weekday_branch_operator']) retrieved from /home/airflow/.local/lib/python3.8/site-packages/airflow/example_dags/example_branch_day_of_week_operator.py
[2023-12-03T09:57:07.304+0000] {logging_mixin.py:154} INFO - [2023-12-03T09:57:07.304+0000] {dag.py:2941} INFO - Sync 1 DAGs
[2023-12-03T09:57:07.326+0000] {logging_mixin.py:154} INFO - [2023-12-03T09:57:07.326+0000] {dag.py:3722} INFO - Setting next_dagrun for example_weekday_branch_operator to 2023-12-02T00:00:00+00:00, run_after=2023-12-03T00:00:00+00:00
[2023-12-03T09:57:07.342+0000] {processor.py:179} INFO - Processing /home/airflow/.local/lib/python3.8/site-packages/airflow/example_dags/example_branch_day_of_week_operator.py took 0.075 seconds
[2023-12-03T09:57:37.408+0000] {processor.py:157} INFO - Started process (PID=1677) to work on /home/airflow/.local/lib/python3.8/site-packages/airflow/example_dags/example_branch_day_of_week_operator.py
[2023-12-03T09:57:37.409+0000] {processor.py:829} INFO - Processing file /home/airflow/.local/lib/python3.8/site-packages/airflow/example_dags/example_branch_day_of_week_operator.py for tasks to queue
[2023-12-03T09:57:37.412+0000] {logging_mixin.py:154} INFO - [2023-12-03T09:57:37.412+0000] {dagbag.py:536} INFO - Filling up the DagBag from /home/airflow/.local/lib/python3.8/site-packages/airflow/example_dags/example_branch_day_of_week_operator.py
[2023-12-03T09:57:37.418+0000] {processor.py:839} INFO - DAG(s) dict_keys(['example_weekday_branch_operator']) retrieved from /home/airflow/.local/lib/python3.8/site-packages/airflow/example_dags/example_branch_day_of_week_operator.py
[2023-12-03T09:57:37.437+0000] {logging_mixin.py:154} INFO - [2023-12-03T09:57:37.436+0000] {dag.py:2941} INFO - Sync 1 DAGs
[2023-12-03T09:57:37.453+0000] {logging_mixin.py:154} INFO - [2023-12-03T09:57:37.453+0000] {dag.py:3722} INFO - Setting next_dagrun for example_weekday_branch_operator to 2023-12-02T00:00:00+00:00, run_after=2023-12-03T00:00:00+00:00
[2023-12-03T09:57:37.467+0000] {processor.py:179} INFO - Processing /home/airflow/.local/lib/python3.8/site-packages/airflow/example_dags/example_branch_day_of_week_operator.py took 0.061 seconds
[2023-12-03T09:58:07.679+0000] {processor.py:157} INFO - Started process (PID=1735) to work on /home/airflow/.local/lib/python3.8/site-packages/airflow/example_dags/example_branch_day_of_week_operator.py
[2023-12-03T09:58:07.680+0000] {processor.py:829} INFO - Processing file /home/airflow/.local/lib/python3.8/site-packages/airflow/example_dags/example_branch_day_of_week_operator.py for tasks to queue
[2023-12-03T09:58:07.683+0000] {logging_mixin.py:154} INFO - [2023-12-03T09:58:07.683+0000] {dagbag.py:536} INFO - Filling up the DagBag from /home/airflow/.local/lib/python3.8/site-packages/airflow/example_dags/example_branch_day_of_week_operator.py
[2023-12-03T09:58:07.691+0000] {processor.py:839} INFO - DAG(s) dict_keys(['example_weekday_branch_operator']) retrieved from /home/airflow/.local/lib/python3.8/site-packages/airflow/example_dags/example_branch_day_of_week_operator.py
[2023-12-03T09:58:07.712+0000] {logging_mixin.py:154} INFO - [2023-12-03T09:58:07.712+0000] {dag.py:2941} INFO - Sync 1 DAGs
[2023-12-03T09:58:07.733+0000] {logging_mixin.py:154} INFO - [2023-12-03T09:58:07.733+0000] {dag.py:3722} INFO - Setting next_dagrun for example_weekday_branch_operator to 2023-12-02T00:00:00+00:00, run_after=2023-12-03T00:00:00+00:00
[2023-12-03T09:58:07.749+0000] {processor.py:179} INFO - Processing /home/airflow/.local/lib/python3.8/site-packages/airflow/example_dags/example_branch_day_of_week_operator.py took 0.074 seconds
[2023-12-03T09:58:38.160+0000] {processor.py:157} INFO - Started process (PID=1792) to work on /home/airflow/.local/lib/python3.8/site-packages/airflow/example_dags/example_branch_day_of_week_operator.py
[2023-12-03T09:58:38.161+0000] {processor.py:829} INFO - Processing file /home/airflow/.local/lib/python3.8/site-packages/airflow/example_dags/example_branch_day_of_week_operator.py for tasks to queue
[2023-12-03T09:58:38.164+0000] {logging_mixin.py:154} INFO - [2023-12-03T09:58:38.164+0000] {dagbag.py:536} INFO - Filling up the DagBag from /home/airflow/.local/lib/python3.8/site-packages/airflow/example_dags/example_branch_day_of_week_operator.py
[2023-12-03T09:58:38.172+0000] {processor.py:839} INFO - DAG(s) dict_keys(['example_weekday_branch_operator']) retrieved from /home/airflow/.local/lib/python3.8/site-packages/airflow/example_dags/example_branch_day_of_week_operator.py
[2023-12-03T09:58:38.193+0000] {logging_mixin.py:154} INFO - [2023-12-03T09:58:38.193+0000] {dag.py:2941} INFO - Sync 1 DAGs
[2023-12-03T09:58:38.214+0000] {logging_mixin.py:154} INFO - [2023-12-03T09:58:38.214+0000] {dag.py:3722} INFO - Setting next_dagrun for example_weekday_branch_operator to 2023-12-02T00:00:00+00:00, run_after=2023-12-03T00:00:00+00:00
[2023-12-03T09:58:38.230+0000] {processor.py:179} INFO - Processing /home/airflow/.local/lib/python3.8/site-packages/airflow/example_dags/example_branch_day_of_week_operator.py took 0.074 seconds
[2023-12-03T09:59:08.808+0000] {processor.py:157} INFO - Started process (PID=1850) to work on /home/airflow/.local/lib/python3.8/site-packages/airflow/example_dags/example_branch_day_of_week_operator.py
[2023-12-03T09:59:08.810+0000] {processor.py:829} INFO - Processing file /home/airflow/.local/lib/python3.8/site-packages/airflow/example_dags/example_branch_day_of_week_operator.py for tasks to queue
[2023-12-03T09:59:08.813+0000] {logging_mixin.py:154} INFO - [2023-12-03T09:59:08.812+0000] {dagbag.py:536} INFO - Filling up the DagBag from /home/airflow/.local/lib/python3.8/site-packages/airflow/example_dags/example_branch_day_of_week_operator.py
[2023-12-03T09:59:08.822+0000] {processor.py:839} INFO - DAG(s) dict_keys(['example_weekday_branch_operator']) retrieved from /home/airflow/.local/lib/python3.8/site-packages/airflow/example_dags/example_branch_day_of_week_operator.py
[2023-12-03T09:59:08.842+0000] {logging_mixin.py:154} INFO - [2023-12-03T09:59:08.842+0000] {dag.py:2941} INFO - Sync 1 DAGs
[2023-12-03T09:59:08.862+0000] {logging_mixin.py:154} INFO - [2023-12-03T09:59:08.862+0000] {dag.py:3722} INFO - Setting next_dagrun for example_weekday_branch_operator to 2023-12-02T00:00:00+00:00, run_after=2023-12-03T00:00:00+00:00
[2023-12-03T09:59:08.878+0000] {processor.py:179} INFO - Processing /home/airflow/.local/lib/python3.8/site-packages/airflow/example_dags/example_branch_day_of_week_operator.py took 0.073 seconds
[2023-12-03T09:59:39.729+0000] {processor.py:157} INFO - Started process (PID=1909) to work on /home/airflow/.local/lib/python3.8/site-packages/airflow/example_dags/example_branch_day_of_week_operator.py
[2023-12-03T09:59:39.730+0000] {processor.py:829} INFO - Processing file /home/airflow/.local/lib/python3.8/site-packages/airflow/example_dags/example_branch_day_of_week_operator.py for tasks to queue
[2023-12-03T09:59:39.732+0000] {logging_mixin.py:154} INFO - [2023-12-03T09:59:39.732+0000] {dagbag.py:536} INFO - Filling up the DagBag from /home/airflow/.local/lib/python3.8/site-packages/airflow/example_dags/example_branch_day_of_week_operator.py
[2023-12-03T09:59:39.740+0000] {processor.py:839} INFO - DAG(s) dict_keys(['example_weekday_branch_operator']) retrieved from /home/airflow/.local/lib/python3.8/site-packages/airflow/example_dags/example_branch_day_of_week_operator.py
[2023-12-03T09:59:39.763+0000] {logging_mixin.py:154} INFO - [2023-12-03T09:59:39.762+0000] {dag.py:2941} INFO - Sync 1 DAGs
[2023-12-03T09:59:39.784+0000] {logging_mixin.py:154} INFO - [2023-12-03T09:59:39.783+0000] {dag.py:3722} INFO - Setting next_dagrun for example_weekday_branch_operator to 2023-12-02T00:00:00+00:00, run_after=2023-12-03T00:00:00+00:00
[2023-12-03T09:59:39.800+0000] {processor.py:179} INFO - Processing /home/airflow/.local/lib/python3.8/site-packages/airflow/example_dags/example_branch_day_of_week_operator.py took 0.075 seconds
[2023-12-03T10:00:09.917+0000] {processor.py:157} INFO - Started process (PID=1969) to work on /home/airflow/.local/lib/python3.8/site-packages/airflow/example_dags/example_branch_day_of_week_operator.py
[2023-12-03T10:00:09.919+0000] {processor.py:829} INFO - Processing file /home/airflow/.local/lib/python3.8/site-packages/airflow/example_dags/example_branch_day_of_week_operator.py for tasks to queue
[2023-12-03T10:00:09.922+0000] {logging_mixin.py:154} INFO - [2023-12-03T10:00:09.922+0000] {dagbag.py:536} INFO - Filling up the DagBag from /home/airflow/.local/lib/python3.8/site-packages/airflow/example_dags/example_branch_day_of_week_operator.py
[2023-12-03T10:00:09.931+0000] {processor.py:839} INFO - DAG(s) dict_keys(['example_weekday_branch_operator']) retrieved from /home/airflow/.local/lib/python3.8/site-packages/airflow/example_dags/example_branch_day_of_week_operator.py
[2023-12-03T10:00:09.958+0000] {logging_mixin.py:154} INFO - [2023-12-03T10:00:09.957+0000] {dag.py:2941} INFO - Sync 1 DAGs
[2023-12-03T10:00:09.989+0000] {logging_mixin.py:154} INFO - [2023-12-03T10:00:09.989+0000] {dag.py:3722} INFO - Setting next_dagrun for example_weekday_branch_operator to 2023-12-02T00:00:00+00:00, run_after=2023-12-03T00:00:00+00:00
[2023-12-03T10:00:10.010+0000] {processor.py:179} INFO - Processing /home/airflow/.local/lib/python3.8/site-packages/airflow/example_dags/example_branch_day_of_week_operator.py took 0.097 seconds
[2023-12-03T10:00:40.179+0000] {processor.py:157} INFO - Started process (PID=2027) to work on /home/airflow/.local/lib/python3.8/site-packages/airflow/example_dags/example_branch_day_of_week_operator.py
[2023-12-03T10:00:40.180+0000] {processor.py:829} INFO - Processing file /home/airflow/.local/lib/python3.8/site-packages/airflow/example_dags/example_branch_day_of_week_operator.py for tasks to queue
[2023-12-03T10:00:40.183+0000] {logging_mixin.py:154} INFO - [2023-12-03T10:00:40.183+0000] {dagbag.py:536} INFO - Filling up the DagBag from /home/airflow/.local/lib/python3.8/site-packages/airflow/example_dags/example_branch_day_of_week_operator.py
[2023-12-03T10:00:40.192+0000] {processor.py:839} INFO - DAG(s) dict_keys(['example_weekday_branch_operator']) retrieved from /home/airflow/.local/lib/python3.8/site-packages/airflow/example_dags/example_branch_day_of_week_operator.py
[2023-12-03T10:00:40.212+0000] {logging_mixin.py:154} INFO - [2023-12-03T10:00:40.212+0000] {dag.py:2941} INFO - Sync 1 DAGs
[2023-12-03T10:00:40.233+0000] {logging_mixin.py:154} INFO - [2023-12-03T10:00:40.232+0000] {dag.py:3722} INFO - Setting next_dagrun for example_weekday_branch_operator to 2023-12-02T00:00:00+00:00, run_after=2023-12-03T00:00:00+00:00
[2023-12-03T10:00:40.250+0000] {processor.py:179} INFO - Processing /home/airflow/.local/lib/python3.8/site-packages/airflow/example_dags/example_branch_day_of_week_operator.py took 0.074 seconds
[2023-12-03T10:01:10.475+0000] {processor.py:157} INFO - Started process (PID=2085) to work on /home/airflow/.local/lib/python3.8/site-packages/airflow/example_dags/example_branch_day_of_week_operator.py
[2023-12-03T10:01:10.475+0000] {processor.py:829} INFO - Processing file /home/airflow/.local/lib/python3.8/site-packages/airflow/example_dags/example_branch_day_of_week_operator.py for tasks to queue
[2023-12-03T10:01:10.478+0000] {logging_mixin.py:154} INFO - [2023-12-03T10:01:10.478+0000] {dagbag.py:536} INFO - Filling up the DagBag from /home/airflow/.local/lib/python3.8/site-packages/airflow/example_dags/example_branch_day_of_week_operator.py
[2023-12-03T10:01:10.487+0000] {processor.py:839} INFO - DAG(s) dict_keys(['example_weekday_branch_operator']) retrieved from /home/airflow/.local/lib/python3.8/site-packages/airflow/example_dags/example_branch_day_of_week_operator.py
[2023-12-03T10:01:10.508+0000] {logging_mixin.py:154} INFO - [2023-12-03T10:01:10.508+0000] {dag.py:2941} INFO - Sync 1 DAGs
[2023-12-03T10:01:10.529+0000] {logging_mixin.py:154} INFO - [2023-12-03T10:01:10.528+0000] {dag.py:3722} INFO - Setting next_dagrun for example_weekday_branch_operator to 2023-12-02T00:00:00+00:00, run_after=2023-12-03T00:00:00+00:00
[2023-12-03T10:01:10.545+0000] {processor.py:179} INFO - Processing /home/airflow/.local/lib/python3.8/site-packages/airflow/example_dags/example_branch_day_of_week_operator.py took 0.075 seconds
[2023-12-03T10:01:40.618+0000] {processor.py:157} INFO - Started process (PID=2143) to work on /home/airflow/.local/lib/python3.8/site-packages/airflow/example_dags/example_branch_day_of_week_operator.py
[2023-12-03T10:01:40.619+0000] {processor.py:829} INFO - Processing file /home/airflow/.local/lib/python3.8/site-packages/airflow/example_dags/example_branch_day_of_week_operator.py for tasks to queue
[2023-12-03T10:01:40.622+0000] {logging_mixin.py:154} INFO - [2023-12-03T10:01:40.622+0000] {dagbag.py:536} INFO - Filling up the DagBag from /home/airflow/.local/lib/python3.8/site-packages/airflow/example_dags/example_branch_day_of_week_operator.py
[2023-12-03T10:01:40.632+0000] {processor.py:839} INFO - DAG(s) dict_keys(['example_weekday_branch_operator']) retrieved from /home/airflow/.local/lib/python3.8/site-packages/airflow/example_dags/example_branch_day_of_week_operator.py
[2023-12-03T10:01:40.659+0000] {logging_mixin.py:154} INFO - [2023-12-03T10:01:40.659+0000] {dag.py:2941} INFO - Sync 1 DAGs
[2023-12-03T10:01:40.689+0000] {logging_mixin.py:154} INFO - [2023-12-03T10:01:40.689+0000] {dag.py:3722} INFO - Setting next_dagrun for example_weekday_branch_operator to 2023-12-02T00:00:00+00:00, run_after=2023-12-03T00:00:00+00:00
[2023-12-03T10:01:40.711+0000] {processor.py:179} INFO - Processing /home/airflow/.local/lib/python3.8/site-packages/airflow/example_dags/example_branch_day_of_week_operator.py took 0.097 seconds
[2023-12-03T10:02:11.741+0000] {processor.py:157} INFO - Started process (PID=2203) to work on /home/airflow/.local/lib/python3.8/site-packages/airflow/example_dags/example_branch_day_of_week_operator.py
[2023-12-03T10:02:11.743+0000] {processor.py:829} INFO - Processing file /home/airflow/.local/lib/python3.8/site-packages/airflow/example_dags/example_branch_day_of_week_operator.py for tasks to queue
[2023-12-03T10:02:11.746+0000] {logging_mixin.py:154} INFO - [2023-12-03T10:02:11.746+0000] {dagbag.py:536} INFO - Filling up the DagBag from /home/airflow/.local/lib/python3.8/site-packages/airflow/example_dags/example_branch_day_of_week_operator.py
[2023-12-03T10:02:11.757+0000] {processor.py:839} INFO - DAG(s) dict_keys(['example_weekday_branch_operator']) retrieved from /home/airflow/.local/lib/python3.8/site-packages/airflow/example_dags/example_branch_day_of_week_operator.py
[2023-12-03T10:02:11.782+0000] {logging_mixin.py:154} INFO - [2023-12-03T10:02:11.782+0000] {dag.py:2941} INFO - Sync 1 DAGs
[2023-12-03T10:02:11.807+0000] {logging_mixin.py:154} INFO - [2023-12-03T10:02:11.807+0000] {dag.py:3722} INFO - Setting next_dagrun for example_weekday_branch_operator to 2023-12-02T00:00:00+00:00, run_after=2023-12-03T00:00:00+00:00
[2023-12-03T10:02:11.824+0000] {processor.py:179} INFO - Processing /home/airflow/.local/lib/python3.8/site-packages/airflow/example_dags/example_branch_day_of_week_operator.py took 0.089 seconds
[2023-12-03T10:02:42.097+0000] {processor.py:157} INFO - Started process (PID=2261) to work on /home/airflow/.local/lib/python3.8/site-packages/airflow/example_dags/example_branch_day_of_week_operator.py
[2023-12-03T10:02:42.098+0000] {processor.py:829} INFO - Processing file /home/airflow/.local/lib/python3.8/site-packages/airflow/example_dags/example_branch_day_of_week_operator.py for tasks to queue
[2023-12-03T10:02:42.101+0000] {logging_mixin.py:154} INFO - [2023-12-03T10:02:42.101+0000] {dagbag.py:536} INFO - Filling up the DagBag from /home/airflow/.local/lib/python3.8/site-packages/airflow/example_dags/example_branch_day_of_week_operator.py
[2023-12-03T10:02:42.110+0000] {processor.py:839} INFO - DAG(s) dict_keys(['example_weekday_branch_operator']) retrieved from /home/airflow/.local/lib/python3.8/site-packages/airflow/example_dags/example_branch_day_of_week_operator.py
[2023-12-03T10:02:42.131+0000] {logging_mixin.py:154} INFO - [2023-12-03T10:02:42.131+0000] {dag.py:2941} INFO - Sync 1 DAGs
[2023-12-03T10:02:42.152+0000] {logging_mixin.py:154} INFO - [2023-12-03T10:02:42.152+0000] {dag.py:3722} INFO - Setting next_dagrun for example_weekday_branch_operator to 2023-12-02T00:00:00+00:00, run_after=2023-12-03T00:00:00+00:00
[2023-12-03T10:02:42.169+0000] {processor.py:179} INFO - Processing /home/airflow/.local/lib/python3.8/site-packages/airflow/example_dags/example_branch_day_of_week_operator.py took 0.076 seconds
[2023-12-03T10:03:12.369+0000] {processor.py:157} INFO - Started process (PID=2319) to work on /home/airflow/.local/lib/python3.8/site-packages/airflow/example_dags/example_branch_day_of_week_operator.py
[2023-12-03T10:03:12.370+0000] {processor.py:829} INFO - Processing file /home/airflow/.local/lib/python3.8/site-packages/airflow/example_dags/example_branch_day_of_week_operator.py for tasks to queue
[2023-12-03T10:03:12.373+0000] {logging_mixin.py:154} INFO - [2023-12-03T10:03:12.373+0000] {dagbag.py:536} INFO - Filling up the DagBag from /home/airflow/.local/lib/python3.8/site-packages/airflow/example_dags/example_branch_day_of_week_operator.py
[2023-12-03T10:03:12.382+0000] {processor.py:839} INFO - DAG(s) dict_keys(['example_weekday_branch_operator']) retrieved from /home/airflow/.local/lib/python3.8/site-packages/airflow/example_dags/example_branch_day_of_week_operator.py
[2023-12-03T10:03:12.402+0000] {logging_mixin.py:154} INFO - [2023-12-03T10:03:12.402+0000] {dag.py:2941} INFO - Sync 1 DAGs
[2023-12-03T10:03:12.424+0000] {logging_mixin.py:154} INFO - [2023-12-03T10:03:12.424+0000] {dag.py:3722} INFO - Setting next_dagrun for example_weekday_branch_operator to 2023-12-02T00:00:00+00:00, run_after=2023-12-03T00:00:00+00:00
[2023-12-03T10:03:12.440+0000] {processor.py:179} INFO - Processing /home/airflow/.local/lib/python3.8/site-packages/airflow/example_dags/example_branch_day_of_week_operator.py took 0.077 seconds
[2023-12-03T10:03:42.743+0000] {processor.py:157} INFO - Started process (PID=2377) to work on /home/airflow/.local/lib/python3.8/site-packages/airflow/example_dags/example_branch_day_of_week_operator.py
[2023-12-03T10:03:42.745+0000] {processor.py:829} INFO - Processing file /home/airflow/.local/lib/python3.8/site-packages/airflow/example_dags/example_branch_day_of_week_operator.py for tasks to queue
[2023-12-03T10:03:42.747+0000] {logging_mixin.py:154} INFO - [2023-12-03T10:03:42.747+0000] {dagbag.py:536} INFO - Filling up the DagBag from /home/airflow/.local/lib/python3.8/site-packages/airflow/example_dags/example_branch_day_of_week_operator.py
[2023-12-03T10:03:42.756+0000] {processor.py:839} INFO - DAG(s) dict_keys(['example_weekday_branch_operator']) retrieved from /home/airflow/.local/lib/python3.8/site-packages/airflow/example_dags/example_branch_day_of_week_operator.py
[2023-12-03T10:03:42.779+0000] {logging_mixin.py:154} INFO - [2023-12-03T10:03:42.779+0000] {dag.py:2941} INFO - Sync 1 DAGs
[2023-12-03T10:03:42.801+0000] {logging_mixin.py:154} INFO - [2023-12-03T10:03:42.801+0000] {dag.py:3722} INFO - Setting next_dagrun for example_weekday_branch_operator to 2023-12-02T00:00:00+00:00, run_after=2023-12-03T00:00:00+00:00
[2023-12-03T10:03:42.816+0000] {processor.py:179} INFO - Processing /home/airflow/.local/lib/python3.8/site-packages/airflow/example_dags/example_branch_day_of_week_operator.py took 0.077 seconds
[2023-12-03T10:04:13.491+0000] {processor.py:157} INFO - Started process (PID=2435) to work on /home/airflow/.local/lib/python3.8/site-packages/airflow/example_dags/example_branch_day_of_week_operator.py
[2023-12-03T10:04:13.493+0000] {processor.py:829} INFO - Processing file /home/airflow/.local/lib/python3.8/site-packages/airflow/example_dags/example_branch_day_of_week_operator.py for tasks to queue
[2023-12-03T10:04:13.495+0000] {logging_mixin.py:154} INFO - [2023-12-03T10:04:13.495+0000] {dagbag.py:536} INFO - Filling up the DagBag from /home/airflow/.local/lib/python3.8/site-packages/airflow/example_dags/example_branch_day_of_week_operator.py
[2023-12-03T10:04:13.504+0000] {processor.py:839} INFO - DAG(s) dict_keys(['example_weekday_branch_operator']) retrieved from /home/airflow/.local/lib/python3.8/site-packages/airflow/example_dags/example_branch_day_of_week_operator.py
[2023-12-03T10:04:13.524+0000] {logging_mixin.py:154} INFO - [2023-12-03T10:04:13.524+0000] {dag.py:2941} INFO - Sync 1 DAGs
[2023-12-03T10:04:13.546+0000] {logging_mixin.py:154} INFO - [2023-12-03T10:04:13.546+0000] {dag.py:3722} INFO - Setting next_dagrun for example_weekday_branch_operator to 2023-12-02T00:00:00+00:00, run_after=2023-12-03T00:00:00+00:00
[2023-12-03T10:04:13.564+0000] {processor.py:179} INFO - Processing /home/airflow/.local/lib/python3.8/site-packages/airflow/example_dags/example_branch_day_of_week_operator.py took 0.078 seconds
[2023-12-03T10:04:44.082+0000] {processor.py:157} INFO - Started process (PID=2493) to work on /home/airflow/.local/lib/python3.8/site-packages/airflow/example_dags/example_branch_day_of_week_operator.py
[2023-12-03T10:04:44.084+0000] {processor.py:829} INFO - Processing file /home/airflow/.local/lib/python3.8/site-packages/airflow/example_dags/example_branch_day_of_week_operator.py for tasks to queue
[2023-12-03T10:04:44.086+0000] {logging_mixin.py:154} INFO - [2023-12-03T10:04:44.086+0000] {dagbag.py:536} INFO - Filling up the DagBag from /home/airflow/.local/lib/python3.8/site-packages/airflow/example_dags/example_branch_day_of_week_operator.py
[2023-12-03T10:04:44.095+0000] {processor.py:839} INFO - DAG(s) dict_keys(['example_weekday_branch_operator']) retrieved from /home/airflow/.local/lib/python3.8/site-packages/airflow/example_dags/example_branch_day_of_week_operator.py
[2023-12-03T10:04:44.115+0000] {logging_mixin.py:154} INFO - [2023-12-03T10:04:44.115+0000] {dag.py:2941} INFO - Sync 1 DAGs
[2023-12-03T10:04:44.135+0000] {logging_mixin.py:154} INFO - [2023-12-03T10:04:44.135+0000] {dag.py:3722} INFO - Setting next_dagrun for example_weekday_branch_operator to 2023-12-02T00:00:00+00:00, run_after=2023-12-03T00:00:00+00:00
[2023-12-03T10:04:44.155+0000] {processor.py:179} INFO - Processing /home/airflow/.local/lib/python3.8/site-packages/airflow/example_dags/example_branch_day_of_week_operator.py took 0.078 seconds
[2023-12-03T10:05:14.198+0000] {processor.py:157} INFO - Started process (PID=2551) to work on /home/airflow/.local/lib/python3.8/site-packages/airflow/example_dags/example_branch_day_of_week_operator.py
[2023-12-03T10:05:14.199+0000] {processor.py:829} INFO - Processing file /home/airflow/.local/lib/python3.8/site-packages/airflow/example_dags/example_branch_day_of_week_operator.py for tasks to queue
[2023-12-03T10:05:14.202+0000] {logging_mixin.py:154} INFO - [2023-12-03T10:05:14.201+0000] {dagbag.py:536} INFO - Filling up the DagBag from /home/airflow/.local/lib/python3.8/site-packages/airflow/example_dags/example_branch_day_of_week_operator.py
[2023-12-03T10:05:14.211+0000] {processor.py:839} INFO - DAG(s) dict_keys(['example_weekday_branch_operator']) retrieved from /home/airflow/.local/lib/python3.8/site-packages/airflow/example_dags/example_branch_day_of_week_operator.py
[2023-12-03T10:05:14.236+0000] {logging_mixin.py:154} INFO - [2023-12-03T10:05:14.235+0000] {dag.py:2941} INFO - Sync 1 DAGs
[2023-12-03T10:05:14.263+0000] {logging_mixin.py:154} INFO - [2023-12-03T10:05:14.263+0000] {dag.py:3722} INFO - Setting next_dagrun for example_weekday_branch_operator to 2023-12-02T00:00:00+00:00, run_after=2023-12-03T00:00:00+00:00
[2023-12-03T10:05:14.286+0000] {processor.py:179} INFO - Processing /home/airflow/.local/lib/python3.8/site-packages/airflow/example_dags/example_branch_day_of_week_operator.py took 0.094 seconds
[2023-12-03T10:05:44.409+0000] {processor.py:157} INFO - Started process (PID=2608) to work on /home/airflow/.local/lib/python3.8/site-packages/airflow/example_dags/example_branch_day_of_week_operator.py
[2023-12-03T10:05:44.411+0000] {processor.py:829} INFO - Processing file /home/airflow/.local/lib/python3.8/site-packages/airflow/example_dags/example_branch_day_of_week_operator.py for tasks to queue
[2023-12-03T10:05:44.413+0000] {logging_mixin.py:154} INFO - [2023-12-03T10:05:44.413+0000] {dagbag.py:536} INFO - Filling up the DagBag from /home/airflow/.local/lib/python3.8/site-packages/airflow/example_dags/example_branch_day_of_week_operator.py
[2023-12-03T10:05:44.422+0000] {processor.py:839} INFO - DAG(s) dict_keys(['example_weekday_branch_operator']) retrieved from /home/airflow/.local/lib/python3.8/site-packages/airflow/example_dags/example_branch_day_of_week_operator.py
[2023-12-03T10:05:44.443+0000] {logging_mixin.py:154} INFO - [2023-12-03T10:05:44.443+0000] {dag.py:2941} INFO - Sync 1 DAGs
[2023-12-03T10:05:44.463+0000] {logging_mixin.py:154} INFO - [2023-12-03T10:05:44.463+0000] {dag.py:3722} INFO - Setting next_dagrun for example_weekday_branch_operator to 2023-12-02T00:00:00+00:00, run_after=2023-12-03T00:00:00+00:00
[2023-12-03T10:05:44.482+0000] {processor.py:179} INFO - Processing /home/airflow/.local/lib/python3.8/site-packages/airflow/example_dags/example_branch_day_of_week_operator.py took 0.077 seconds
[2023-12-03T10:06:14.676+0000] {processor.py:157} INFO - Started process (PID=2666) to work on /home/airflow/.local/lib/python3.8/site-packages/airflow/example_dags/example_branch_day_of_week_operator.py
[2023-12-03T10:06:14.677+0000] {processor.py:829} INFO - Processing file /home/airflow/.local/lib/python3.8/site-packages/airflow/example_dags/example_branch_day_of_week_operator.py for tasks to queue
[2023-12-03T10:06:14.679+0000] {logging_mixin.py:154} INFO - [2023-12-03T10:06:14.679+0000] {dagbag.py:536} INFO - Filling up the DagBag from /home/airflow/.local/lib/python3.8/site-packages/airflow/example_dags/example_branch_day_of_week_operator.py
[2023-12-03T10:06:14.688+0000] {processor.py:839} INFO - DAG(s) dict_keys(['example_weekday_branch_operator']) retrieved from /home/airflow/.local/lib/python3.8/site-packages/airflow/example_dags/example_branch_day_of_week_operator.py
[2023-12-03T10:06:14.707+0000] {logging_mixin.py:154} INFO - [2023-12-03T10:06:14.707+0000] {dag.py:2941} INFO - Sync 1 DAGs
[2023-12-03T10:06:14.729+0000] {logging_mixin.py:154} INFO - [2023-12-03T10:06:14.728+0000] {dag.py:3722} INFO - Setting next_dagrun for example_weekday_branch_operator to 2023-12-02T00:00:00+00:00, run_after=2023-12-03T00:00:00+00:00
[2023-12-03T10:06:14.747+0000] {processor.py:179} INFO - Processing /home/airflow/.local/lib/python3.8/site-packages/airflow/example_dags/example_branch_day_of_week_operator.py took 0.075 seconds
[2023-12-03T10:06:45.068+0000] {processor.py:157} INFO - Started process (PID=2724) to work on /home/airflow/.local/lib/python3.8/site-packages/airflow/example_dags/example_branch_day_of_week_operator.py
[2023-12-03T10:06:45.070+0000] {processor.py:829} INFO - Processing file /home/airflow/.local/lib/python3.8/site-packages/airflow/example_dags/example_branch_day_of_week_operator.py for tasks to queue
[2023-12-03T10:06:45.072+0000] {logging_mixin.py:154} INFO - [2023-12-03T10:06:45.072+0000] {dagbag.py:536} INFO - Filling up the DagBag from /home/airflow/.local/lib/python3.8/site-packages/airflow/example_dags/example_branch_day_of_week_operator.py
[2023-12-03T10:06:45.080+0000] {processor.py:839} INFO - DAG(s) dict_keys(['example_weekday_branch_operator']) retrieved from /home/airflow/.local/lib/python3.8/site-packages/airflow/example_dags/example_branch_day_of_week_operator.py
[2023-12-03T10:06:45.101+0000] {logging_mixin.py:154} INFO - [2023-12-03T10:06:45.101+0000] {dag.py:2941} INFO - Sync 1 DAGs
[2023-12-03T10:06:45.121+0000] {logging_mixin.py:154} INFO - [2023-12-03T10:06:45.120+0000] {dag.py:3722} INFO - Setting next_dagrun for example_weekday_branch_operator to 2023-12-02T00:00:00+00:00, run_after=2023-12-03T00:00:00+00:00
[2023-12-03T10:06:45.138+0000] {processor.py:179} INFO - Processing /home/airflow/.local/lib/python3.8/site-packages/airflow/example_dags/example_branch_day_of_week_operator.py took 0.074 seconds
[2023-12-03T10:07:15.224+0000] {processor.py:157} INFO - Started process (PID=2782) to work on /home/airflow/.local/lib/python3.8/site-packages/airflow/example_dags/example_branch_day_of_week_operator.py
[2023-12-03T10:07:15.225+0000] {processor.py:829} INFO - Processing file /home/airflow/.local/lib/python3.8/site-packages/airflow/example_dags/example_branch_day_of_week_operator.py for tasks to queue
[2023-12-03T10:07:15.228+0000] {logging_mixin.py:154} INFO - [2023-12-03T10:07:15.228+0000] {dagbag.py:536} INFO - Filling up the DagBag from /home/airflow/.local/lib/python3.8/site-packages/airflow/example_dags/example_branch_day_of_week_operator.py
[2023-12-03T10:07:15.237+0000] {processor.py:839} INFO - DAG(s) dict_keys(['example_weekday_branch_operator']) retrieved from /home/airflow/.local/lib/python3.8/site-packages/airflow/example_dags/example_branch_day_of_week_operator.py
[2023-12-03T10:07:15.258+0000] {logging_mixin.py:154} INFO - [2023-12-03T10:07:15.258+0000] {dag.py:2941} INFO - Sync 1 DAGs
[2023-12-03T10:07:15.279+0000] {logging_mixin.py:154} INFO - [2023-12-03T10:07:15.278+0000] {dag.py:3722} INFO - Setting next_dagrun for example_weekday_branch_operator to 2023-12-02T00:00:00+00:00, run_after=2023-12-03T00:00:00+00:00
[2023-12-03T10:07:15.296+0000] {processor.py:179} INFO - Processing /home/airflow/.local/lib/python3.8/site-packages/airflow/example_dags/example_branch_day_of_week_operator.py took 0.078 seconds
[2023-12-03T10:07:45.628+0000] {processor.py:157} INFO - Started process (PID=2840) to work on /home/airflow/.local/lib/python3.8/site-packages/airflow/example_dags/example_branch_day_of_week_operator.py
[2023-12-03T10:07:45.630+0000] {processor.py:829} INFO - Processing file /home/airflow/.local/lib/python3.8/site-packages/airflow/example_dags/example_branch_day_of_week_operator.py for tasks to queue
[2023-12-03T10:07:45.635+0000] {logging_mixin.py:154} INFO - [2023-12-03T10:07:45.634+0000] {dagbag.py:536} INFO - Filling up the DagBag from /home/airflow/.local/lib/python3.8/site-packages/airflow/example_dags/example_branch_day_of_week_operator.py
[2023-12-03T10:07:45.645+0000] {processor.py:839} INFO - DAG(s) dict_keys(['example_weekday_branch_operator']) retrieved from /home/airflow/.local/lib/python3.8/site-packages/airflow/example_dags/example_branch_day_of_week_operator.py
[2023-12-03T10:07:45.669+0000] {logging_mixin.py:154} INFO - [2023-12-03T10:07:45.669+0000] {dag.py:2941} INFO - Sync 1 DAGs
[2023-12-03T10:07:45.697+0000] {logging_mixin.py:154} INFO - [2023-12-03T10:07:45.697+0000] {dag.py:3722} INFO - Setting next_dagrun for example_weekday_branch_operator to 2023-12-02T00:00:00+00:00, run_after=2023-12-03T00:00:00+00:00
[2023-12-03T10:07:45.712+0000] {processor.py:179} INFO - Processing /home/airflow/.local/lib/python3.8/site-packages/airflow/example_dags/example_branch_day_of_week_operator.py took 0.090 seconds
[2023-12-03T11:28:19.418+0000] {processor.py:157} INFO - Started process (PID=2896) to work on /home/airflow/.local/lib/python3.8/site-packages/airflow/example_dags/example_branch_day_of_week_operator.py
[2023-12-03T11:28:19.419+0000] {processor.py:829} INFO - Processing file /home/airflow/.local/lib/python3.8/site-packages/airflow/example_dags/example_branch_day_of_week_operator.py for tasks to queue
[2023-12-03T11:28:19.422+0000] {logging_mixin.py:154} INFO - [2023-12-03T11:28:19.422+0000] {dagbag.py:536} INFO - Filling up the DagBag from /home/airflow/.local/lib/python3.8/site-packages/airflow/example_dags/example_branch_day_of_week_operator.py
[2023-12-03T11:28:19.430+0000] {processor.py:839} INFO - DAG(s) dict_keys(['example_weekday_branch_operator']) retrieved from /home/airflow/.local/lib/python3.8/site-packages/airflow/example_dags/example_branch_day_of_week_operator.py
[2023-12-03T11:28:19.448+0000] {logging_mixin.py:154} INFO - [2023-12-03T11:28:19.448+0000] {dag.py:2941} INFO - Sync 1 DAGs
[2023-12-03T11:28:19.464+0000] {logging_mixin.py:154} INFO - [2023-12-03T11:28:19.464+0000] {dag.py:3722} INFO - Setting next_dagrun for example_weekday_branch_operator to 2023-12-02T00:00:00+00:00, run_after=2023-12-03T00:00:00+00:00
[2023-12-03T11:28:19.477+0000] {processor.py:179} INFO - Processing /home/airflow/.local/lib/python3.8/site-packages/airflow/example_dags/example_branch_day_of_week_operator.py took 0.061 seconds
[2023-12-03T12:09:28.710+0000] {processor.py:157} INFO - Started process (PID=2953) to work on /home/airflow/.local/lib/python3.8/site-packages/airflow/example_dags/example_branch_day_of_week_operator.py
[2023-12-03T12:09:28.711+0000] {processor.py:829} INFO - Processing file /home/airflow/.local/lib/python3.8/site-packages/airflow/example_dags/example_branch_day_of_week_operator.py for tasks to queue
[2023-12-03T12:09:28.716+0000] {logging_mixin.py:154} INFO - [2023-12-03T12:09:28.715+0000] {dagbag.py:536} INFO - Filling up the DagBag from /home/airflow/.local/lib/python3.8/site-packages/airflow/example_dags/example_branch_day_of_week_operator.py
[2023-12-03T12:09:28.736+0000] {processor.py:839} INFO - DAG(s) dict_keys(['example_weekday_branch_operator']) retrieved from /home/airflow/.local/lib/python3.8/site-packages/airflow/example_dags/example_branch_day_of_week_operator.py
[2023-12-03T12:09:28.780+0000] {logging_mixin.py:154} INFO - [2023-12-03T12:09:28.780+0000] {dag.py:2941} INFO - Sync 1 DAGs
[2023-12-03T12:09:28.799+0000] {logging_mixin.py:154} INFO - [2023-12-03T12:09:28.799+0000] {dag.py:3722} INFO - Setting next_dagrun for example_weekday_branch_operator to 2023-12-02T00:00:00+00:00, run_after=2023-12-03T00:00:00+00:00
[2023-12-03T12:09:28.812+0000] {processor.py:179} INFO - Processing /home/airflow/.local/lib/python3.8/site-packages/airflow/example_dags/example_branch_day_of_week_operator.py took 0.107 seconds
[2023-12-03T12:27:30.713+0000] {processor.py:157} INFO - Started process (PID=3011) to work on /home/airflow/.local/lib/python3.8/site-packages/airflow/example_dags/example_branch_day_of_week_operator.py
[2023-12-03T12:27:30.716+0000] {processor.py:829} INFO - Processing file /home/airflow/.local/lib/python3.8/site-packages/airflow/example_dags/example_branch_day_of_week_operator.py for tasks to queue
[2023-12-03T12:27:30.720+0000] {logging_mixin.py:154} INFO - [2023-12-03T12:27:30.720+0000] {dagbag.py:536} INFO - Filling up the DagBag from /home/airflow/.local/lib/python3.8/site-packages/airflow/example_dags/example_branch_day_of_week_operator.py
[2023-12-03T12:27:30.729+0000] {processor.py:839} INFO - DAG(s) dict_keys(['example_weekday_branch_operator']) retrieved from /home/airflow/.local/lib/python3.8/site-packages/airflow/example_dags/example_branch_day_of_week_operator.py
[2023-12-03T12:27:30.756+0000] {logging_mixin.py:154} INFO - [2023-12-03T12:27:30.756+0000] {dag.py:2941} INFO - Sync 1 DAGs
[2023-12-03T12:27:30.779+0000] {logging_mixin.py:154} INFO - [2023-12-03T12:27:30.779+0000] {dag.py:3722} INFO - Setting next_dagrun for example_weekday_branch_operator to 2023-12-02T00:00:00+00:00, run_after=2023-12-03T00:00:00+00:00
[2023-12-03T12:27:30.809+0000] {processor.py:179} INFO - Processing /home/airflow/.local/lib/python3.8/site-packages/airflow/example_dags/example_branch_day_of_week_operator.py took 0.099 seconds
[2023-12-03T12:44:53.745+0000] {processor.py:157} INFO - Started process (PID=3062) to work on /home/airflow/.local/lib/python3.8/site-packages/airflow/example_dags/example_branch_day_of_week_operator.py
[2023-12-03T12:44:53.746+0000] {processor.py:829} INFO - Processing file /home/airflow/.local/lib/python3.8/site-packages/airflow/example_dags/example_branch_day_of_week_operator.py for tasks to queue
[2023-12-03T12:44:53.750+0000] {logging_mixin.py:154} INFO - [2023-12-03T12:44:53.750+0000] {dagbag.py:536} INFO - Filling up the DagBag from /home/airflow/.local/lib/python3.8/site-packages/airflow/example_dags/example_branch_day_of_week_operator.py
[2023-12-03T12:44:53.758+0000] {processor.py:839} INFO - DAG(s) dict_keys(['example_weekday_branch_operator']) retrieved from /home/airflow/.local/lib/python3.8/site-packages/airflow/example_dags/example_branch_day_of_week_operator.py
[2023-12-03T12:44:53.776+0000] {logging_mixin.py:154} INFO - [2023-12-03T12:44:53.776+0000] {dag.py:2941} INFO - Sync 1 DAGs
[2023-12-03T12:44:53.792+0000] {logging_mixin.py:154} INFO - [2023-12-03T12:44:53.792+0000] {dag.py:3722} INFO - Setting next_dagrun for example_weekday_branch_operator to 2023-12-02T00:00:00+00:00, run_after=2023-12-03T00:00:00+00:00
[2023-12-03T12:44:53.805+0000] {processor.py:179} INFO - Processing /home/airflow/.local/lib/python3.8/site-packages/airflow/example_dags/example_branch_day_of_week_operator.py took 0.064 seconds
[2023-12-03T13:35:09.908+0000] {processor.py:157} INFO - Started process (PID=3120) to work on /home/airflow/.local/lib/python3.8/site-packages/airflow/example_dags/example_branch_day_of_week_operator.py
[2023-12-03T13:35:09.916+0000] {processor.py:829} INFO - Processing file /home/airflow/.local/lib/python3.8/site-packages/airflow/example_dags/example_branch_day_of_week_operator.py for tasks to queue
[2023-12-03T13:35:09.919+0000] {logging_mixin.py:154} INFO - [2023-12-03T13:35:09.919+0000] {dagbag.py:536} INFO - Filling up the DagBag from /home/airflow/.local/lib/python3.8/site-packages/airflow/example_dags/example_branch_day_of_week_operator.py
[2023-12-03T13:35:09.936+0000] {processor.py:839} INFO - DAG(s) dict_keys(['example_weekday_branch_operator']) retrieved from /home/airflow/.local/lib/python3.8/site-packages/airflow/example_dags/example_branch_day_of_week_operator.py
[2023-12-03T13:35:09.966+0000] {logging_mixin.py:154} INFO - [2023-12-03T13:35:09.966+0000] {dag.py:2941} INFO - Sync 1 DAGs
[2023-12-03T13:35:09.989+0000] {logging_mixin.py:154} INFO - [2023-12-03T13:35:09.989+0000] {dag.py:3722} INFO - Setting next_dagrun for example_weekday_branch_operator to 2023-12-02T00:00:00+00:00, run_after=2023-12-03T00:00:00+00:00
[2023-12-03T13:35:10.001+0000] {processor.py:179} INFO - Processing /home/airflow/.local/lib/python3.8/site-packages/airflow/example_dags/example_branch_day_of_week_operator.py took 0.096 seconds
[2023-12-03T14:27:23.020+0000] {processor.py:157} INFO - Started process (PID=3178) to work on /home/airflow/.local/lib/python3.8/site-packages/airflow/example_dags/example_branch_day_of_week_operator.py
[2023-12-03T14:27:23.021+0000] {processor.py:829} INFO - Processing file /home/airflow/.local/lib/python3.8/site-packages/airflow/example_dags/example_branch_day_of_week_operator.py for tasks to queue
[2023-12-03T14:27:23.024+0000] {logging_mixin.py:154} INFO - [2023-12-03T14:27:23.023+0000] {dagbag.py:536} INFO - Filling up the DagBag from /home/airflow/.local/lib/python3.8/site-packages/airflow/example_dags/example_branch_day_of_week_operator.py
[2023-12-03T14:27:23.032+0000] {processor.py:839} INFO - DAG(s) dict_keys(['example_weekday_branch_operator']) retrieved from /home/airflow/.local/lib/python3.8/site-packages/airflow/example_dags/example_branch_day_of_week_operator.py
[2023-12-03T14:27:23.088+0000] {logging_mixin.py:154} INFO - [2023-12-03T14:27:23.087+0000] {dag.py:2941} INFO - Sync 1 DAGs
[2023-12-03T14:27:23.149+0000] {logging_mixin.py:154} INFO - [2023-12-03T14:27:23.149+0000] {dag.py:3722} INFO - Setting next_dagrun for example_weekday_branch_operator to 2023-12-02T00:00:00+00:00, run_after=2023-12-03T00:00:00+00:00
[2023-12-03T14:27:23.206+0000] {processor.py:179} INFO - Processing /home/airflow/.local/lib/python3.8/site-packages/airflow/example_dags/example_branch_day_of_week_operator.py took 0.190 seconds
[2023-12-03T15:18:32.433+0000] {processor.py:157} INFO - Started process (PID=3236) to work on /home/airflow/.local/lib/python3.8/site-packages/airflow/example_dags/example_branch_day_of_week_operator.py
[2023-12-03T15:18:32.434+0000] {processor.py:829} INFO - Processing file /home/airflow/.local/lib/python3.8/site-packages/airflow/example_dags/example_branch_day_of_week_operator.py for tasks to queue
[2023-12-03T15:18:32.437+0000] {logging_mixin.py:154} INFO - [2023-12-03T15:18:32.436+0000] {dagbag.py:536} INFO - Filling up the DagBag from /home/airflow/.local/lib/python3.8/site-packages/airflow/example_dags/example_branch_day_of_week_operator.py
[2023-12-03T15:18:32.444+0000] {processor.py:839} INFO - DAG(s) dict_keys(['example_weekday_branch_operator']) retrieved from /home/airflow/.local/lib/python3.8/site-packages/airflow/example_dags/example_branch_day_of_week_operator.py
[2023-12-03T15:18:32.465+0000] {logging_mixin.py:154} INFO - [2023-12-03T15:18:32.464+0000] {dag.py:2941} INFO - Sync 1 DAGs
[2023-12-03T15:18:32.483+0000] {logging_mixin.py:154} INFO - [2023-12-03T15:18:32.483+0000] {dag.py:3722} INFO - Setting next_dagrun for example_weekday_branch_operator to 2023-12-02T00:00:00+00:00, run_after=2023-12-03T00:00:00+00:00
[2023-12-03T15:18:32.495+0000] {processor.py:179} INFO - Processing /home/airflow/.local/lib/python3.8/site-packages/airflow/example_dags/example_branch_day_of_week_operator.py took 0.066 seconds
[2023-12-03T16:07:32.441+0000] {processor.py:157} INFO - Started process (PID=3294) to work on /home/airflow/.local/lib/python3.8/site-packages/airflow/example_dags/example_branch_day_of_week_operator.py
[2023-12-03T16:07:32.443+0000] {processor.py:829} INFO - Processing file /home/airflow/.local/lib/python3.8/site-packages/airflow/example_dags/example_branch_day_of_week_operator.py for tasks to queue
[2023-12-03T16:07:32.445+0000] {logging_mixin.py:154} INFO - [2023-12-03T16:07:32.445+0000] {dagbag.py:536} INFO - Filling up the DagBag from /home/airflow/.local/lib/python3.8/site-packages/airflow/example_dags/example_branch_day_of_week_operator.py
[2023-12-03T16:07:32.454+0000] {processor.py:839} INFO - DAG(s) dict_keys(['example_weekday_branch_operator']) retrieved from /home/airflow/.local/lib/python3.8/site-packages/airflow/example_dags/example_branch_day_of_week_operator.py
[2023-12-03T16:07:32.472+0000] {logging_mixin.py:154} INFO - [2023-12-03T16:07:32.471+0000] {dag.py:2941} INFO - Sync 1 DAGs
[2023-12-03T16:07:32.488+0000] {logging_mixin.py:154} INFO - [2023-12-03T16:07:32.488+0000] {dag.py:3722} INFO - Setting next_dagrun for example_weekday_branch_operator to 2023-12-02T00:00:00+00:00, run_after=2023-12-03T00:00:00+00:00
[2023-12-03T16:07:32.502+0000] {processor.py:179} INFO - Processing /home/airflow/.local/lib/python3.8/site-packages/airflow/example_dags/example_branch_day_of_week_operator.py took 0.064 seconds
[2023-12-03T16:58:03.548+0000] {processor.py:157} INFO - Started process (PID=3352) to work on /home/airflow/.local/lib/python3.8/site-packages/airflow/example_dags/example_branch_day_of_week_operator.py
[2023-12-03T16:58:03.549+0000] {processor.py:829} INFO - Processing file /home/airflow/.local/lib/python3.8/site-packages/airflow/example_dags/example_branch_day_of_week_operator.py for tasks to queue
[2023-12-03T16:58:03.552+0000] {logging_mixin.py:154} INFO - [2023-12-03T16:58:03.551+0000] {dagbag.py:536} INFO - Filling up the DagBag from /home/airflow/.local/lib/python3.8/site-packages/airflow/example_dags/example_branch_day_of_week_operator.py
[2023-12-03T16:58:03.562+0000] {processor.py:839} INFO - DAG(s) dict_keys(['example_weekday_branch_operator']) retrieved from /home/airflow/.local/lib/python3.8/site-packages/airflow/example_dags/example_branch_day_of_week_operator.py
[2023-12-03T16:58:03.581+0000] {logging_mixin.py:154} INFO - [2023-12-03T16:58:03.580+0000] {dag.py:2941} INFO - Sync 1 DAGs
[2023-12-03T16:58:03.597+0000] {logging_mixin.py:154} INFO - [2023-12-03T16:58:03.597+0000] {dag.py:3722} INFO - Setting next_dagrun for example_weekday_branch_operator to 2023-12-02T00:00:00+00:00, run_after=2023-12-03T00:00:00+00:00
[2023-12-03T16:58:03.612+0000] {processor.py:179} INFO - Processing /home/airflow/.local/lib/python3.8/site-packages/airflow/example_dags/example_branch_day_of_week_operator.py took 0.066 seconds
[2023-12-03T17:46:21.553+0000] {processor.py:157} INFO - Started process (PID=3410) to work on /home/airflow/.local/lib/python3.8/site-packages/airflow/example_dags/example_branch_day_of_week_operator.py
[2023-12-03T17:46:21.554+0000] {processor.py:829} INFO - Processing file /home/airflow/.local/lib/python3.8/site-packages/airflow/example_dags/example_branch_day_of_week_operator.py for tasks to queue
[2023-12-03T17:46:21.557+0000] {logging_mixin.py:154} INFO - [2023-12-03T17:46:21.557+0000] {dagbag.py:536} INFO - Filling up the DagBag from /home/airflow/.local/lib/python3.8/site-packages/airflow/example_dags/example_branch_day_of_week_operator.py
[2023-12-03T17:46:21.566+0000] {processor.py:839} INFO - DAG(s) dict_keys(['example_weekday_branch_operator']) retrieved from /home/airflow/.local/lib/python3.8/site-packages/airflow/example_dags/example_branch_day_of_week_operator.py
[2023-12-03T17:46:21.584+0000] {logging_mixin.py:154} INFO - [2023-12-03T17:46:21.584+0000] {dag.py:2941} INFO - Sync 1 DAGs
[2023-12-03T17:46:21.601+0000] {logging_mixin.py:154} INFO - [2023-12-03T17:46:21.601+0000] {dag.py:3722} INFO - Setting next_dagrun for example_weekday_branch_operator to 2023-12-02T00:00:00+00:00, run_after=2023-12-03T00:00:00+00:00
[2023-12-03T17:46:21.615+0000] {processor.py:179} INFO - Processing /home/airflow/.local/lib/python3.8/site-packages/airflow/example_dags/example_branch_day_of_week_operator.py took 0.064 seconds
[2023-12-03T18:33:41.347+0000] {processor.py:157} INFO - Started process (PID=3468) to work on /home/airflow/.local/lib/python3.8/site-packages/airflow/example_dags/example_branch_day_of_week_operator.py
[2023-12-03T18:33:41.348+0000] {processor.py:829} INFO - Processing file /home/airflow/.local/lib/python3.8/site-packages/airflow/example_dags/example_branch_day_of_week_operator.py for tasks to queue
[2023-12-03T18:33:41.350+0000] {logging_mixin.py:154} INFO - [2023-12-03T18:33:41.350+0000] {dagbag.py:536} INFO - Filling up the DagBag from /home/airflow/.local/lib/python3.8/site-packages/airflow/example_dags/example_branch_day_of_week_operator.py
[2023-12-03T18:33:41.364+0000] {processor.py:839} INFO - DAG(s) dict_keys(['example_weekday_branch_operator']) retrieved from /home/airflow/.local/lib/python3.8/site-packages/airflow/example_dags/example_branch_day_of_week_operator.py
[2023-12-03T18:33:41.399+0000] {logging_mixin.py:154} INFO - [2023-12-03T18:33:41.398+0000] {dag.py:2941} INFO - Sync 1 DAGs
[2023-12-03T18:33:41.429+0000] {logging_mixin.py:154} INFO - [2023-12-03T18:33:41.429+0000] {dag.py:3722} INFO - Setting next_dagrun for example_weekday_branch_operator to 2023-12-02T00:00:00+00:00, run_after=2023-12-03T00:00:00+00:00
[2023-12-03T18:33:41.457+0000] {processor.py:179} INFO - Processing /home/airflow/.local/lib/python3.8/site-packages/airflow/example_dags/example_branch_day_of_week_operator.py took 0.114 seconds
[2023-12-03T19:06:25.692+0000] {processor.py:157} INFO - Started process (PID=3526) to work on /home/airflow/.local/lib/python3.8/site-packages/airflow/example_dags/example_branch_day_of_week_operator.py
[2023-12-03T19:06:25.693+0000] {processor.py:829} INFO - Processing file /home/airflow/.local/lib/python3.8/site-packages/airflow/example_dags/example_branch_day_of_week_operator.py for tasks to queue
[2023-12-03T19:06:25.696+0000] {logging_mixin.py:154} INFO - [2023-12-03T19:06:25.696+0000] {dagbag.py:536} INFO - Filling up the DagBag from /home/airflow/.local/lib/python3.8/site-packages/airflow/example_dags/example_branch_day_of_week_operator.py
[2023-12-03T19:06:25.704+0000] {processor.py:839} INFO - DAG(s) dict_keys(['example_weekday_branch_operator']) retrieved from /home/airflow/.local/lib/python3.8/site-packages/airflow/example_dags/example_branch_day_of_week_operator.py
[2023-12-03T19:06:25.730+0000] {logging_mixin.py:154} INFO - [2023-12-03T19:06:25.730+0000] {dag.py:2941} INFO - Sync 1 DAGs
[2023-12-03T19:06:25.745+0000] {logging_mixin.py:154} INFO - [2023-12-03T19:06:25.745+0000] {dag.py:3722} INFO - Setting next_dagrun for example_weekday_branch_operator to 2023-12-02T00:00:00+00:00, run_after=2023-12-03T00:00:00+00:00
[2023-12-03T19:06:25.761+0000] {processor.py:179} INFO - Processing /home/airflow/.local/lib/python3.8/site-packages/airflow/example_dags/example_branch_day_of_week_operator.py took 0.074 seconds
[2023-12-03T19:22:01.095+0000] {processor.py:157} INFO - Started process (PID=3584) to work on /home/airflow/.local/lib/python3.8/site-packages/airflow/example_dags/example_branch_day_of_week_operator.py
[2023-12-03T19:22:01.098+0000] {processor.py:829} INFO - Processing file /home/airflow/.local/lib/python3.8/site-packages/airflow/example_dags/example_branch_day_of_week_operator.py for tasks to queue
[2023-12-03T19:22:01.100+0000] {logging_mixin.py:154} INFO - [2023-12-03T19:22:01.100+0000] {dagbag.py:536} INFO - Filling up the DagBag from /home/airflow/.local/lib/python3.8/site-packages/airflow/example_dags/example_branch_day_of_week_operator.py
[2023-12-03T19:22:01.108+0000] {processor.py:839} INFO - DAG(s) dict_keys(['example_weekday_branch_operator']) retrieved from /home/airflow/.local/lib/python3.8/site-packages/airflow/example_dags/example_branch_day_of_week_operator.py
[2023-12-03T19:22:01.126+0000] {logging_mixin.py:154} INFO - [2023-12-03T19:22:01.126+0000] {dag.py:2941} INFO - Sync 1 DAGs
[2023-12-03T19:22:01.145+0000] {logging_mixin.py:154} INFO - [2023-12-03T19:22:01.145+0000] {dag.py:3722} INFO - Setting next_dagrun for example_weekday_branch_operator to 2023-12-02T00:00:00+00:00, run_after=2023-12-03T00:00:00+00:00
[2023-12-03T19:22:01.162+0000] {processor.py:179} INFO - Processing /home/airflow/.local/lib/python3.8/site-packages/airflow/example_dags/example_branch_day_of_week_operator.py took 0.070 seconds
[2023-12-03T20:11:32.648+0000] {processor.py:157} INFO - Started process (PID=3641) to work on /home/airflow/.local/lib/python3.8/site-packages/airflow/example_dags/example_branch_day_of_week_operator.py
[2023-12-03T20:11:32.649+0000] {processor.py:829} INFO - Processing file /home/airflow/.local/lib/python3.8/site-packages/airflow/example_dags/example_branch_day_of_week_operator.py for tasks to queue
[2023-12-03T20:11:32.651+0000] {logging_mixin.py:154} INFO - [2023-12-03T20:11:32.651+0000] {dagbag.py:536} INFO - Filling up the DagBag from /home/airflow/.local/lib/python3.8/site-packages/airflow/example_dags/example_branch_day_of_week_operator.py
[2023-12-03T20:11:32.659+0000] {processor.py:839} INFO - DAG(s) dict_keys(['example_weekday_branch_operator']) retrieved from /home/airflow/.local/lib/python3.8/site-packages/airflow/example_dags/example_branch_day_of_week_operator.py
[2023-12-03T20:11:32.679+0000] {logging_mixin.py:154} INFO - [2023-12-03T20:11:32.678+0000] {dag.py:2941} INFO - Sync 1 DAGs
[2023-12-03T20:11:32.700+0000] {logging_mixin.py:154} INFO - [2023-12-03T20:11:32.700+0000] {dag.py:3722} INFO - Setting next_dagrun for example_weekday_branch_operator to 2023-12-02T00:00:00+00:00, run_after=2023-12-03T00:00:00+00:00
[2023-12-03T20:11:32.714+0000] {processor.py:179} INFO - Processing /home/airflow/.local/lib/python3.8/site-packages/airflow/example_dags/example_branch_day_of_week_operator.py took 0.069 seconds
[2023-12-03T21:36:32.871+0000] {processor.py:157} INFO - Started process (PID=3699) to work on /home/airflow/.local/lib/python3.8/site-packages/airflow/example_dags/example_branch_day_of_week_operator.py
[2023-12-03T21:36:32.872+0000] {processor.py:829} INFO - Processing file /home/airflow/.local/lib/python3.8/site-packages/airflow/example_dags/example_branch_day_of_week_operator.py for tasks to queue
[2023-12-03T21:36:32.875+0000] {logging_mixin.py:154} INFO - [2023-12-03T21:36:32.875+0000] {dagbag.py:536} INFO - Filling up the DagBag from /home/airflow/.local/lib/python3.8/site-packages/airflow/example_dags/example_branch_day_of_week_operator.py
[2023-12-03T21:36:32.883+0000] {processor.py:839} INFO - DAG(s) dict_keys(['example_weekday_branch_operator']) retrieved from /home/airflow/.local/lib/python3.8/site-packages/airflow/example_dags/example_branch_day_of_week_operator.py
[2023-12-03T21:36:32.911+0000] {logging_mixin.py:154} INFO - [2023-12-03T21:36:32.911+0000] {dag.py:2941} INFO - Sync 1 DAGs
[2023-12-03T21:36:32.927+0000] {logging_mixin.py:154} INFO - [2023-12-03T21:36:32.927+0000] {dag.py:3722} INFO - Setting next_dagrun for example_weekday_branch_operator to 2023-12-02T00:00:00+00:00, run_after=2023-12-03T00:00:00+00:00
[2023-12-03T21:36:32.940+0000] {processor.py:179} INFO - Processing /home/airflow/.local/lib/python3.8/site-packages/airflow/example_dags/example_branch_day_of_week_operator.py took 0.072 seconds
[2023-12-03T22:57:30.680+0000] {processor.py:157} INFO - Started process (PID=3757) to work on /home/airflow/.local/lib/python3.8/site-packages/airflow/example_dags/example_branch_day_of_week_operator.py
[2023-12-03T22:57:30.682+0000] {processor.py:829} INFO - Processing file /home/airflow/.local/lib/python3.8/site-packages/airflow/example_dags/example_branch_day_of_week_operator.py for tasks to queue
[2023-12-03T22:57:30.684+0000] {logging_mixin.py:154} INFO - [2023-12-03T22:57:30.684+0000] {dagbag.py:536} INFO - Filling up the DagBag from /home/airflow/.local/lib/python3.8/site-packages/airflow/example_dags/example_branch_day_of_week_operator.py
[2023-12-03T22:57:30.691+0000] {processor.py:839} INFO - DAG(s) dict_keys(['example_weekday_branch_operator']) retrieved from /home/airflow/.local/lib/python3.8/site-packages/airflow/example_dags/example_branch_day_of_week_operator.py
[2023-12-03T22:57:30.709+0000] {logging_mixin.py:154} INFO - [2023-12-03T22:57:30.709+0000] {dag.py:2941} INFO - Sync 1 DAGs
[2023-12-03T22:57:30.726+0000] {logging_mixin.py:154} INFO - [2023-12-03T22:57:30.726+0000] {dag.py:3722} INFO - Setting next_dagrun for example_weekday_branch_operator to 2023-12-02T00:00:00+00:00, run_after=2023-12-03T00:00:00+00:00
[2023-12-03T22:57:30.739+0000] {processor.py:179} INFO - Processing /home/airflow/.local/lib/python3.8/site-packages/airflow/example_dags/example_branch_day_of_week_operator.py took 0.062 seconds
[2023-12-03T23:13:09.735+0000] {processor.py:157} INFO - Started process (PID=3815) to work on /home/airflow/.local/lib/python3.8/site-packages/airflow/example_dags/example_branch_day_of_week_operator.py
[2023-12-03T23:13:09.738+0000] {processor.py:829} INFO - Processing file /home/airflow/.local/lib/python3.8/site-packages/airflow/example_dags/example_branch_day_of_week_operator.py for tasks to queue
[2023-12-03T23:13:09.740+0000] {logging_mixin.py:154} INFO - [2023-12-03T23:13:09.740+0000] {dagbag.py:536} INFO - Filling up the DagBag from /home/airflow/.local/lib/python3.8/site-packages/airflow/example_dags/example_branch_day_of_week_operator.py
[2023-12-03T23:13:09.748+0000] {processor.py:839} INFO - DAG(s) dict_keys(['example_weekday_branch_operator']) retrieved from /home/airflow/.local/lib/python3.8/site-packages/airflow/example_dags/example_branch_day_of_week_operator.py
[2023-12-03T23:13:09.764+0000] {logging_mixin.py:154} INFO - [2023-12-03T23:13:09.764+0000] {dag.py:2941} INFO - Sync 1 DAGs
[2023-12-03T23:13:09.782+0000] {logging_mixin.py:154} INFO - [2023-12-03T23:13:09.782+0000] {dag.py:3722} INFO - Setting next_dagrun for example_weekday_branch_operator to 2023-12-02T00:00:00+00:00, run_after=2023-12-03T00:00:00+00:00
[2023-12-03T23:13:09.797+0000] {processor.py:179} INFO - Processing /home/airflow/.local/lib/python3.8/site-packages/airflow/example_dags/example_branch_day_of_week_operator.py took 0.066 seconds
[2023-12-03T23:22:17.526+0000] {processor.py:157} INFO - Started process (PID=3873) to work on /home/airflow/.local/lib/python3.8/site-packages/airflow/example_dags/example_branch_day_of_week_operator.py
[2023-12-03T23:22:17.527+0000] {processor.py:829} INFO - Processing file /home/airflow/.local/lib/python3.8/site-packages/airflow/example_dags/example_branch_day_of_week_operator.py for tasks to queue
[2023-12-03T23:22:17.529+0000] {logging_mixin.py:154} INFO - [2023-12-03T23:22:17.529+0000] {dagbag.py:536} INFO - Filling up the DagBag from /home/airflow/.local/lib/python3.8/site-packages/airflow/example_dags/example_branch_day_of_week_operator.py
[2023-12-03T23:22:17.629+0000] {processor.py:839} INFO - DAG(s) dict_keys(['example_weekday_branch_operator']) retrieved from /home/airflow/.local/lib/python3.8/site-packages/airflow/example_dags/example_branch_day_of_week_operator.py
[2023-12-03T23:22:17.669+0000] {logging_mixin.py:154} INFO - [2023-12-03T23:22:17.669+0000] {dag.py:2941} INFO - Sync 1 DAGs
[2023-12-03T23:22:17.708+0000] {logging_mixin.py:154} INFO - [2023-12-03T23:22:17.708+0000] {dag.py:3722} INFO - Setting next_dagrun for example_weekday_branch_operator to 2023-12-02T00:00:00+00:00, run_after=2023-12-03T00:00:00+00:00
[2023-12-03T23:22:17.752+0000] {processor.py:179} INFO - Processing /home/airflow/.local/lib/python3.8/site-packages/airflow/example_dags/example_branch_day_of_week_operator.py took 0.231 seconds
