[2023-12-03T09:43:24.211+0000] {processor.py:157} INFO - Started process (PID=66) to work on /home/airflow/.local/lib/python3.8/site-packages/airflow/example_dags/example_latest_only_with_trigger.py
[2023-12-03T09:43:24.213+0000] {processor.py:829} INFO - Processing file /home/airflow/.local/lib/python3.8/site-packages/airflow/example_dags/example_latest_only_with_trigger.py for tasks to queue
[2023-12-03T09:43:24.216+0000] {logging_mixin.py:154} INFO - [2023-12-03T09:43:24.216+0000] {dagbag.py:536} INFO - Filling up the DagBag from /home/airflow/.local/lib/python3.8/site-packages/airflow/example_dags/example_latest_only_with_trigger.py
[2023-12-03T09:43:24.226+0000] {processor.py:839} INFO - DAG(s) dict_keys(['latest_only_with_trigger']) retrieved from /home/airflow/.local/lib/python3.8/site-packages/airflow/example_dags/example_latest_only_with_trigger.py
[2023-12-03T09:43:24.241+0000] {logging_mixin.py:154} INFO - [2023-12-03T09:43:24.241+0000] {dag.py:2941} INFO - Sync 1 DAGs
[2023-12-03T09:43:24.265+0000] {logging_mixin.py:154} INFO - [2023-12-03T09:43:24.265+0000] {dag.py:3722} INFO - Setting next_dagrun for latest_only_with_trigger to 2023-12-03T05:43:24.265488+00:00, run_after=2023-12-03T09:43:24.265488+00:00
[2023-12-03T09:43:24.289+0000] {processor.py:179} INFO - Processing /home/airflow/.local/lib/python3.8/site-packages/airflow/example_dags/example_latest_only_with_trigger.py took 0.083 seconds
[2023-12-03T09:43:54.725+0000] {processor.py:157} INFO - Started process (PID=124) to work on /home/airflow/.local/lib/python3.8/site-packages/airflow/example_dags/example_latest_only_with_trigger.py
[2023-12-03T09:43:54.728+0000] {processor.py:829} INFO - Processing file /home/airflow/.local/lib/python3.8/site-packages/airflow/example_dags/example_latest_only_with_trigger.py for tasks to queue
[2023-12-03T09:43:54.743+0000] {logging_mixin.py:154} INFO - [2023-12-03T09:43:54.732+0000] {dagbag.py:536} INFO - Filling up the DagBag from /home/airflow/.local/lib/python3.8/site-packages/airflow/example_dags/example_latest_only_with_trigger.py
[2023-12-03T09:43:54.754+0000] {processor.py:839} INFO - DAG(s) dict_keys(['latest_only_with_trigger']) retrieved from /home/airflow/.local/lib/python3.8/site-packages/airflow/example_dags/example_latest_only_with_trigger.py
[2023-12-03T09:43:54.796+0000] {logging_mixin.py:154} INFO - [2023-12-03T09:43:54.796+0000] {dag.py:2941} INFO - Sync 1 DAGs
[2023-12-03T09:43:54.850+0000] {logging_mixin.py:154} INFO - [2023-12-03T09:43:54.850+0000] {dag.py:3722} INFO - Setting next_dagrun for latest_only_with_trigger to 2023-12-03T05:43:54.850122+00:00, run_after=2023-12-03T09:43:54.850122+00:00
[2023-12-03T09:43:54.903+0000] {processor.py:179} INFO - Processing /home/airflow/.local/lib/python3.8/site-packages/airflow/example_dags/example_latest_only_with_trigger.py took 0.184 seconds
[2023-12-03T09:44:25.654+0000] {processor.py:157} INFO - Started process (PID=181) to work on /home/airflow/.local/lib/python3.8/site-packages/airflow/example_dags/example_latest_only_with_trigger.py
[2023-12-03T09:44:25.655+0000] {processor.py:829} INFO - Processing file /home/airflow/.local/lib/python3.8/site-packages/airflow/example_dags/example_latest_only_with_trigger.py for tasks to queue
[2023-12-03T09:44:25.657+0000] {logging_mixin.py:154} INFO - [2023-12-03T09:44:25.657+0000] {dagbag.py:536} INFO - Filling up the DagBag from /home/airflow/.local/lib/python3.8/site-packages/airflow/example_dags/example_latest_only_with_trigger.py
[2023-12-03T09:44:25.663+0000] {processor.py:839} INFO - DAG(s) dict_keys(['latest_only_with_trigger']) retrieved from /home/airflow/.local/lib/python3.8/site-packages/airflow/example_dags/example_latest_only_with_trigger.py
[2023-12-03T09:44:25.682+0000] {logging_mixin.py:154} INFO - [2023-12-03T09:44:25.681+0000] {dag.py:2941} INFO - Sync 1 DAGs
[2023-12-03T09:44:25.701+0000] {logging_mixin.py:154} INFO - [2023-12-03T09:44:25.701+0000] {dag.py:3722} INFO - Setting next_dagrun for latest_only_with_trigger to 2023-12-03T05:44:25.701548+00:00, run_after=2023-12-03T09:44:25.701548+00:00
[2023-12-03T09:44:25.718+0000] {processor.py:179} INFO - Processing /home/airflow/.local/lib/python3.8/site-packages/airflow/example_dags/example_latest_only_with_trigger.py took 0.068 seconds
[2023-12-03T09:44:56.746+0000] {processor.py:157} INFO - Started process (PID=239) to work on /home/airflow/.local/lib/python3.8/site-packages/airflow/example_dags/example_latest_only_with_trigger.py
[2023-12-03T09:44:56.747+0000] {processor.py:829} INFO - Processing file /home/airflow/.local/lib/python3.8/site-packages/airflow/example_dags/example_latest_only_with_trigger.py for tasks to queue
[2023-12-03T09:44:56.750+0000] {logging_mixin.py:154} INFO - [2023-12-03T09:44:56.750+0000] {dagbag.py:536} INFO - Filling up the DagBag from /home/airflow/.local/lib/python3.8/site-packages/airflow/example_dags/example_latest_only_with_trigger.py
[2023-12-03T09:44:56.756+0000] {processor.py:839} INFO - DAG(s) dict_keys(['latest_only_with_trigger']) retrieved from /home/airflow/.local/lib/python3.8/site-packages/airflow/example_dags/example_latest_only_with_trigger.py
[2023-12-03T09:44:56.775+0000] {logging_mixin.py:154} INFO - [2023-12-03T09:44:56.775+0000] {dag.py:2941} INFO - Sync 1 DAGs
[2023-12-03T09:44:56.797+0000] {logging_mixin.py:154} INFO - [2023-12-03T09:44:56.797+0000] {dag.py:3722} INFO - Setting next_dagrun for latest_only_with_trigger to 2023-12-03T05:44:56.796752+00:00, run_after=2023-12-03T09:44:56.796752+00:00
[2023-12-03T09:44:56.812+0000] {processor.py:179} INFO - Processing /home/airflow/.local/lib/python3.8/site-packages/airflow/example_dags/example_latest_only_with_trigger.py took 0.069 seconds
[2023-12-03T09:45:27.683+0000] {processor.py:157} INFO - Started process (PID=295) to work on /home/airflow/.local/lib/python3.8/site-packages/airflow/example_dags/example_latest_only_with_trigger.py
[2023-12-03T09:45:27.687+0000] {processor.py:829} INFO - Processing file /home/airflow/.local/lib/python3.8/site-packages/airflow/example_dags/example_latest_only_with_trigger.py for tasks to queue
[2023-12-03T09:45:27.691+0000] {logging_mixin.py:154} INFO - [2023-12-03T09:45:27.690+0000] {dagbag.py:536} INFO - Filling up the DagBag from /home/airflow/.local/lib/python3.8/site-packages/airflow/example_dags/example_latest_only_with_trigger.py
[2023-12-03T09:45:27.700+0000] {processor.py:839} INFO - DAG(s) dict_keys(['latest_only_with_trigger']) retrieved from /home/airflow/.local/lib/python3.8/site-packages/airflow/example_dags/example_latest_only_with_trigger.py
[2023-12-03T09:45:27.733+0000] {logging_mixin.py:154} INFO - [2023-12-03T09:45:27.733+0000] {dag.py:2941} INFO - Sync 1 DAGs
[2023-12-03T09:45:27.761+0000] {logging_mixin.py:154} INFO - [2023-12-03T09:45:27.761+0000] {dag.py:3722} INFO - Setting next_dagrun for latest_only_with_trigger to 2023-12-03T05:45:27.760731+00:00, run_after=2023-12-03T09:45:27.760731+00:00
[2023-12-03T09:45:27.787+0000] {processor.py:179} INFO - Processing /home/airflow/.local/lib/python3.8/site-packages/airflow/example_dags/example_latest_only_with_trigger.py took 0.108 seconds
[2023-12-03T09:45:57.942+0000] {processor.py:157} INFO - Started process (PID=355) to work on /home/airflow/.local/lib/python3.8/site-packages/airflow/example_dags/example_latest_only_with_trigger.py
[2023-12-03T09:45:57.944+0000] {processor.py:829} INFO - Processing file /home/airflow/.local/lib/python3.8/site-packages/airflow/example_dags/example_latest_only_with_trigger.py for tasks to queue
[2023-12-03T09:45:57.947+0000] {logging_mixin.py:154} INFO - [2023-12-03T09:45:57.947+0000] {dagbag.py:536} INFO - Filling up the DagBag from /home/airflow/.local/lib/python3.8/site-packages/airflow/example_dags/example_latest_only_with_trigger.py
[2023-12-03T09:45:57.954+0000] {processor.py:839} INFO - DAG(s) dict_keys(['latest_only_with_trigger']) retrieved from /home/airflow/.local/lib/python3.8/site-packages/airflow/example_dags/example_latest_only_with_trigger.py
[2023-12-03T09:45:57.974+0000] {logging_mixin.py:154} INFO - [2023-12-03T09:45:57.974+0000] {dag.py:2941} INFO - Sync 1 DAGs
[2023-12-03T09:45:57.994+0000] {logging_mixin.py:154} INFO - [2023-12-03T09:45:57.994+0000] {dag.py:3722} INFO - Setting next_dagrun for latest_only_with_trigger to 2023-12-03T05:45:57.993762+00:00, run_after=2023-12-03T09:45:57.993762+00:00
[2023-12-03T09:45:58.009+0000] {processor.py:179} INFO - Processing /home/airflow/.local/lib/python3.8/site-packages/airflow/example_dags/example_latest_only_with_trigger.py took 0.071 seconds
[2023-12-03T09:46:28.655+0000] {processor.py:157} INFO - Started process (PID=413) to work on /home/airflow/.local/lib/python3.8/site-packages/airflow/example_dags/example_latest_only_with_trigger.py
[2023-12-03T09:46:28.656+0000] {processor.py:829} INFO - Processing file /home/airflow/.local/lib/python3.8/site-packages/airflow/example_dags/example_latest_only_with_trigger.py for tasks to queue
[2023-12-03T09:46:28.658+0000] {logging_mixin.py:154} INFO - [2023-12-03T09:46:28.658+0000] {dagbag.py:536} INFO - Filling up the DagBag from /home/airflow/.local/lib/python3.8/site-packages/airflow/example_dags/example_latest_only_with_trigger.py
[2023-12-03T09:46:28.667+0000] {processor.py:839} INFO - DAG(s) dict_keys(['latest_only_with_trigger']) retrieved from /home/airflow/.local/lib/python3.8/site-packages/airflow/example_dags/example_latest_only_with_trigger.py
[2023-12-03T09:46:28.692+0000] {logging_mixin.py:154} INFO - [2023-12-03T09:46:28.691+0000] {dag.py:2941} INFO - Sync 1 DAGs
[2023-12-03T09:46:28.715+0000] {logging_mixin.py:154} INFO - [2023-12-03T09:46:28.715+0000] {dag.py:3722} INFO - Setting next_dagrun for latest_only_with_trigger to 2023-12-03T05:46:28.715501+00:00, run_after=2023-12-03T09:46:28.715501+00:00
[2023-12-03T09:46:28.730+0000] {processor.py:179} INFO - Processing /home/airflow/.local/lib/python3.8/site-packages/airflow/example_dags/example_latest_only_with_trigger.py took 0.080 seconds
[2023-12-03T09:46:59.919+0000] {processor.py:157} INFO - Started process (PID=471) to work on /home/airflow/.local/lib/python3.8/site-packages/airflow/example_dags/example_latest_only_with_trigger.py
[2023-12-03T09:46:59.920+0000] {processor.py:829} INFO - Processing file /home/airflow/.local/lib/python3.8/site-packages/airflow/example_dags/example_latest_only_with_trigger.py for tasks to queue
[2023-12-03T09:46:59.922+0000] {logging_mixin.py:154} INFO - [2023-12-03T09:46:59.922+0000] {dagbag.py:536} INFO - Filling up the DagBag from /home/airflow/.local/lib/python3.8/site-packages/airflow/example_dags/example_latest_only_with_trigger.py
[2023-12-03T09:46:59.930+0000] {processor.py:839} INFO - DAG(s) dict_keys(['latest_only_with_trigger']) retrieved from /home/airflow/.local/lib/python3.8/site-packages/airflow/example_dags/example_latest_only_with_trigger.py
[2023-12-03T09:46:59.957+0000] {logging_mixin.py:154} INFO - [2023-12-03T09:46:59.956+0000] {dag.py:2941} INFO - Sync 1 DAGs
[2023-12-03T09:46:59.980+0000] {logging_mixin.py:154} INFO - [2023-12-03T09:46:59.980+0000] {dag.py:3722} INFO - Setting next_dagrun for latest_only_with_trigger to 2023-12-03T05:46:59.980103+00:00, run_after=2023-12-03T09:46:59.980103+00:00
[2023-12-03T09:47:00.002+0000] {processor.py:179} INFO - Processing /home/airflow/.local/lib/python3.8/site-packages/airflow/example_dags/example_latest_only_with_trigger.py took 0.086 seconds
[2023-12-03T09:47:30.619+0000] {processor.py:157} INFO - Started process (PID=529) to work on /home/airflow/.local/lib/python3.8/site-packages/airflow/example_dags/example_latest_only_with_trigger.py
[2023-12-03T09:47:30.621+0000] {processor.py:829} INFO - Processing file /home/airflow/.local/lib/python3.8/site-packages/airflow/example_dags/example_latest_only_with_trigger.py for tasks to queue
[2023-12-03T09:47:30.623+0000] {logging_mixin.py:154} INFO - [2023-12-03T09:47:30.623+0000] {dagbag.py:536} INFO - Filling up the DagBag from /home/airflow/.local/lib/python3.8/site-packages/airflow/example_dags/example_latest_only_with_trigger.py
[2023-12-03T09:47:30.631+0000] {processor.py:839} INFO - DAG(s) dict_keys(['latest_only_with_trigger']) retrieved from /home/airflow/.local/lib/python3.8/site-packages/airflow/example_dags/example_latest_only_with_trigger.py
[2023-12-03T09:47:30.663+0000] {logging_mixin.py:154} INFO - [2023-12-03T09:47:30.663+0000] {dag.py:2941} INFO - Sync 1 DAGs
[2023-12-03T09:47:30.691+0000] {logging_mixin.py:154} INFO - [2023-12-03T09:47:30.690+0000] {dag.py:3722} INFO - Setting next_dagrun for latest_only_with_trigger to 2023-12-03T05:47:30.690723+00:00, run_after=2023-12-03T09:47:30.690723+00:00
[2023-12-03T09:47:30.718+0000] {processor.py:179} INFO - Processing /home/airflow/.local/lib/python3.8/site-packages/airflow/example_dags/example_latest_only_with_trigger.py took 0.104 seconds
[2023-12-03T09:48:02.095+0000] {processor.py:157} INFO - Started process (PID=587) to work on /home/airflow/.local/lib/python3.8/site-packages/airflow/example_dags/example_latest_only_with_trigger.py
[2023-12-03T09:48:02.100+0000] {processor.py:829} INFO - Processing file /home/airflow/.local/lib/python3.8/site-packages/airflow/example_dags/example_latest_only_with_trigger.py for tasks to queue
[2023-12-03T09:48:02.107+0000] {logging_mixin.py:154} INFO - [2023-12-03T09:48:02.107+0000] {dagbag.py:536} INFO - Filling up the DagBag from /home/airflow/.local/lib/python3.8/site-packages/airflow/example_dags/example_latest_only_with_trigger.py
[2023-12-03T09:48:02.122+0000] {processor.py:839} INFO - DAG(s) dict_keys(['latest_only_with_trigger']) retrieved from /home/airflow/.local/lib/python3.8/site-packages/airflow/example_dags/example_latest_only_with_trigger.py
[2023-12-03T09:48:02.153+0000] {logging_mixin.py:154} INFO - [2023-12-03T09:48:02.152+0000] {dag.py:2941} INFO - Sync 1 DAGs
[2023-12-03T09:48:02.175+0000] {logging_mixin.py:154} INFO - [2023-12-03T09:48:02.175+0000] {dag.py:3722} INFO - Setting next_dagrun for latest_only_with_trigger to 2023-12-03T05:48:02.175206+00:00, run_after=2023-12-03T09:48:02.175206+00:00
[2023-12-03T09:48:02.193+0000] {processor.py:179} INFO - Processing /home/airflow/.local/lib/python3.8/site-packages/airflow/example_dags/example_latest_only_with_trigger.py took 0.105 seconds
[2023-12-03T09:48:32.741+0000] {processor.py:157} INFO - Started process (PID=645) to work on /home/airflow/.local/lib/python3.8/site-packages/airflow/example_dags/example_latest_only_with_trigger.py
[2023-12-03T09:48:32.742+0000] {processor.py:829} INFO - Processing file /home/airflow/.local/lib/python3.8/site-packages/airflow/example_dags/example_latest_only_with_trigger.py for tasks to queue
[2023-12-03T09:48:32.745+0000] {logging_mixin.py:154} INFO - [2023-12-03T09:48:32.744+0000] {dagbag.py:536} INFO - Filling up the DagBag from /home/airflow/.local/lib/python3.8/site-packages/airflow/example_dags/example_latest_only_with_trigger.py
[2023-12-03T09:48:32.750+0000] {processor.py:839} INFO - DAG(s) dict_keys(['latest_only_with_trigger']) retrieved from /home/airflow/.local/lib/python3.8/site-packages/airflow/example_dags/example_latest_only_with_trigger.py
[2023-12-03T09:48:32.771+0000] {logging_mixin.py:154} INFO - [2023-12-03T09:48:32.770+0000] {dag.py:2941} INFO - Sync 1 DAGs
[2023-12-03T09:48:32.791+0000] {logging_mixin.py:154} INFO - [2023-12-03T09:48:32.791+0000] {dag.py:3722} INFO - Setting next_dagrun for latest_only_with_trigger to 2023-12-03T05:48:32.791204+00:00, run_after=2023-12-03T09:48:32.791204+00:00
[2023-12-03T09:48:32.808+0000] {processor.py:179} INFO - Processing /home/airflow/.local/lib/python3.8/site-packages/airflow/example_dags/example_latest_only_with_trigger.py took 0.071 seconds
[2023-12-03T09:49:04.223+0000] {processor.py:157} INFO - Started process (PID=709) to work on /home/airflow/.local/lib/python3.8/site-packages/airflow/example_dags/example_latest_only_with_trigger.py
[2023-12-03T09:49:04.225+0000] {processor.py:829} INFO - Processing file /home/airflow/.local/lib/python3.8/site-packages/airflow/example_dags/example_latest_only_with_trigger.py for tasks to queue
[2023-12-03T09:49:04.228+0000] {logging_mixin.py:154} INFO - [2023-12-03T09:49:04.228+0000] {dagbag.py:536} INFO - Filling up the DagBag from /home/airflow/.local/lib/python3.8/site-packages/airflow/example_dags/example_latest_only_with_trigger.py
[2023-12-03T09:49:04.236+0000] {processor.py:839} INFO - DAG(s) dict_keys(['latest_only_with_trigger']) retrieved from /home/airflow/.local/lib/python3.8/site-packages/airflow/example_dags/example_latest_only_with_trigger.py
[2023-12-03T09:49:04.258+0000] {logging_mixin.py:154} INFO - [2023-12-03T09:49:04.258+0000] {dag.py:2941} INFO - Sync 1 DAGs
[2023-12-03T09:49:04.281+0000] {logging_mixin.py:154} INFO - [2023-12-03T09:49:04.281+0000] {dag.py:3722} INFO - Setting next_dagrun for latest_only_with_trigger to 2023-12-03T05:49:04.280892+00:00, run_after=2023-12-03T09:49:04.280892+00:00
[2023-12-03T09:49:04.445+0000] {processor.py:179} INFO - Processing /home/airflow/.local/lib/python3.8/site-packages/airflow/example_dags/example_latest_only_with_trigger.py took 0.225 seconds
[2023-12-03T09:49:35.312+0000] {processor.py:157} INFO - Started process (PID=768) to work on /home/airflow/.local/lib/python3.8/site-packages/airflow/example_dags/example_latest_only_with_trigger.py
[2023-12-03T09:49:35.313+0000] {processor.py:829} INFO - Processing file /home/airflow/.local/lib/python3.8/site-packages/airflow/example_dags/example_latest_only_with_trigger.py for tasks to queue
[2023-12-03T09:49:35.316+0000] {logging_mixin.py:154} INFO - [2023-12-03T09:49:35.315+0000] {dagbag.py:536} INFO - Filling up the DagBag from /home/airflow/.local/lib/python3.8/site-packages/airflow/example_dags/example_latest_only_with_trigger.py
[2023-12-03T09:49:35.321+0000] {processor.py:839} INFO - DAG(s) dict_keys(['latest_only_with_trigger']) retrieved from /home/airflow/.local/lib/python3.8/site-packages/airflow/example_dags/example_latest_only_with_trigger.py
[2023-12-03T09:49:35.343+0000] {logging_mixin.py:154} INFO - [2023-12-03T09:49:35.343+0000] {dag.py:2941} INFO - Sync 1 DAGs
[2023-12-03T09:49:35.508+0000] {logging_mixin.py:154} INFO - [2023-12-03T09:49:35.508+0000] {dag.py:3722} INFO - Setting next_dagrun for latest_only_with_trigger to 2023-12-03T05:49:35.508293+00:00, run_after=2023-12-03T09:49:35.508293+00:00
[2023-12-03T09:49:35.524+0000] {processor.py:179} INFO - Processing /home/airflow/.local/lib/python3.8/site-packages/airflow/example_dags/example_latest_only_with_trigger.py took 0.217 seconds
[2023-12-03T09:50:06.493+0000] {processor.py:157} INFO - Started process (PID=826) to work on /home/airflow/.local/lib/python3.8/site-packages/airflow/example_dags/example_latest_only_with_trigger.py
[2023-12-03T09:50:06.494+0000] {processor.py:829} INFO - Processing file /home/airflow/.local/lib/python3.8/site-packages/airflow/example_dags/example_latest_only_with_trigger.py for tasks to queue
[2023-12-03T09:50:06.496+0000] {logging_mixin.py:154} INFO - [2023-12-03T09:50:06.496+0000] {dagbag.py:536} INFO - Filling up the DagBag from /home/airflow/.local/lib/python3.8/site-packages/airflow/example_dags/example_latest_only_with_trigger.py
[2023-12-03T09:50:06.503+0000] {processor.py:839} INFO - DAG(s) dict_keys(['latest_only_with_trigger']) retrieved from /home/airflow/.local/lib/python3.8/site-packages/airflow/example_dags/example_latest_only_with_trigger.py
[2023-12-03T09:50:06.526+0000] {logging_mixin.py:154} INFO - [2023-12-03T09:50:06.526+0000] {dag.py:2941} INFO - Sync 1 DAGs
[2023-12-03T09:50:06.548+0000] {logging_mixin.py:154} INFO - [2023-12-03T09:50:06.548+0000] {dag.py:3722} INFO - Setting next_dagrun for latest_only_with_trigger to 2023-12-03T05:50:06.548196+00:00, run_after=2023-12-03T09:50:06.548196+00:00
[2023-12-03T09:50:06.703+0000] {processor.py:179} INFO - Processing /home/airflow/.local/lib/python3.8/site-packages/airflow/example_dags/example_latest_only_with_trigger.py took 0.213 seconds
[2023-12-03T09:50:37.248+0000] {processor.py:157} INFO - Started process (PID=884) to work on /home/airflow/.local/lib/python3.8/site-packages/airflow/example_dags/example_latest_only_with_trigger.py
[2023-12-03T09:50:37.249+0000] {processor.py:829} INFO - Processing file /home/airflow/.local/lib/python3.8/site-packages/airflow/example_dags/example_latest_only_with_trigger.py for tasks to queue
[2023-12-03T09:50:37.251+0000] {logging_mixin.py:154} INFO - [2023-12-03T09:50:37.251+0000] {dagbag.py:536} INFO - Filling up the DagBag from /home/airflow/.local/lib/python3.8/site-packages/airflow/example_dags/example_latest_only_with_trigger.py
[2023-12-03T09:50:37.258+0000] {processor.py:839} INFO - DAG(s) dict_keys(['latest_only_with_trigger']) retrieved from /home/airflow/.local/lib/python3.8/site-packages/airflow/example_dags/example_latest_only_with_trigger.py
[2023-12-03T09:50:37.279+0000] {logging_mixin.py:154} INFO - [2023-12-03T09:50:37.278+0000] {dag.py:2941} INFO - Sync 1 DAGs
[2023-12-03T09:50:37.300+0000] {logging_mixin.py:154} INFO - [2023-12-03T09:50:37.300+0000] {dag.py:3722} INFO - Setting next_dagrun for latest_only_with_trigger to 2023-12-03T05:50:37.300320+00:00, run_after=2023-12-03T09:50:37.300320+00:00
[2023-12-03T09:50:37.316+0000] {processor.py:179} INFO - Processing /home/airflow/.local/lib/python3.8/site-packages/airflow/example_dags/example_latest_only_with_trigger.py took 0.071 seconds
[2023-12-03T09:51:08.467+0000] {processor.py:157} INFO - Started process (PID=942) to work on /home/airflow/.local/lib/python3.8/site-packages/airflow/example_dags/example_latest_only_with_trigger.py
[2023-12-03T09:51:08.468+0000] {processor.py:829} INFO - Processing file /home/airflow/.local/lib/python3.8/site-packages/airflow/example_dags/example_latest_only_with_trigger.py for tasks to queue
[2023-12-03T09:51:08.471+0000] {logging_mixin.py:154} INFO - [2023-12-03T09:51:08.470+0000] {dagbag.py:536} INFO - Filling up the DagBag from /home/airflow/.local/lib/python3.8/site-packages/airflow/example_dags/example_latest_only_with_trigger.py
[2023-12-03T09:51:08.477+0000] {processor.py:839} INFO - DAG(s) dict_keys(['latest_only_with_trigger']) retrieved from /home/airflow/.local/lib/python3.8/site-packages/airflow/example_dags/example_latest_only_with_trigger.py
[2023-12-03T09:51:08.498+0000] {logging_mixin.py:154} INFO - [2023-12-03T09:51:08.498+0000] {dag.py:2941} INFO - Sync 1 DAGs
[2023-12-03T09:51:08.520+0000] {logging_mixin.py:154} INFO - [2023-12-03T09:51:08.519+0000] {dag.py:3722} INFO - Setting next_dagrun for latest_only_with_trigger to 2023-12-03T05:51:08.519577+00:00, run_after=2023-12-03T09:51:08.519577+00:00
[2023-12-03T09:51:08.535+0000] {processor.py:179} INFO - Processing /home/airflow/.local/lib/python3.8/site-packages/airflow/example_dags/example_latest_only_with_trigger.py took 0.073 seconds
[2023-12-03T09:51:39.369+0000] {processor.py:157} INFO - Started process (PID=1000) to work on /home/airflow/.local/lib/python3.8/site-packages/airflow/example_dags/example_latest_only_with_trigger.py
[2023-12-03T09:51:39.370+0000] {processor.py:829} INFO - Processing file /home/airflow/.local/lib/python3.8/site-packages/airflow/example_dags/example_latest_only_with_trigger.py for tasks to queue
[2023-12-03T09:51:39.373+0000] {logging_mixin.py:154} INFO - [2023-12-03T09:51:39.372+0000] {dagbag.py:536} INFO - Filling up the DagBag from /home/airflow/.local/lib/python3.8/site-packages/airflow/example_dags/example_latest_only_with_trigger.py
[2023-12-03T09:51:39.379+0000] {processor.py:839} INFO - DAG(s) dict_keys(['latest_only_with_trigger']) retrieved from /home/airflow/.local/lib/python3.8/site-packages/airflow/example_dags/example_latest_only_with_trigger.py
[2023-12-03T09:51:39.400+0000] {logging_mixin.py:154} INFO - [2023-12-03T09:51:39.399+0000] {dag.py:2941} INFO - Sync 1 DAGs
[2023-12-03T09:51:39.418+0000] {logging_mixin.py:154} INFO - [2023-12-03T09:51:39.418+0000] {dag.py:3722} INFO - Setting next_dagrun for latest_only_with_trigger to 2023-12-03T05:51:39.417806+00:00, run_after=2023-12-03T09:51:39.417806+00:00
[2023-12-03T09:51:39.434+0000] {processor.py:179} INFO - Processing /home/airflow/.local/lib/python3.8/site-packages/airflow/example_dags/example_latest_only_with_trigger.py took 0.070 seconds
[2023-12-03T09:52:10.373+0000] {processor.py:157} INFO - Started process (PID=1058) to work on /home/airflow/.local/lib/python3.8/site-packages/airflow/example_dags/example_latest_only_with_trigger.py
[2023-12-03T09:52:10.374+0000] {processor.py:829} INFO - Processing file /home/airflow/.local/lib/python3.8/site-packages/airflow/example_dags/example_latest_only_with_trigger.py for tasks to queue
[2023-12-03T09:52:10.377+0000] {logging_mixin.py:154} INFO - [2023-12-03T09:52:10.377+0000] {dagbag.py:536} INFO - Filling up the DagBag from /home/airflow/.local/lib/python3.8/site-packages/airflow/example_dags/example_latest_only_with_trigger.py
[2023-12-03T09:52:10.383+0000] {processor.py:839} INFO - DAG(s) dict_keys(['latest_only_with_trigger']) retrieved from /home/airflow/.local/lib/python3.8/site-packages/airflow/example_dags/example_latest_only_with_trigger.py
[2023-12-03T09:52:10.407+0000] {logging_mixin.py:154} INFO - [2023-12-03T09:52:10.407+0000] {dag.py:2941} INFO - Sync 1 DAGs
[2023-12-03T09:52:10.429+0000] {logging_mixin.py:154} INFO - [2023-12-03T09:52:10.429+0000] {dag.py:3722} INFO - Setting next_dagrun for latest_only_with_trigger to 2023-12-03T05:52:10.429407+00:00, run_after=2023-12-03T09:52:10.429407+00:00
[2023-12-03T09:52:10.451+0000] {processor.py:179} INFO - Processing /home/airflow/.local/lib/python3.8/site-packages/airflow/example_dags/example_latest_only_with_trigger.py took 0.082 seconds
[2023-12-03T09:52:41.670+0000] {processor.py:157} INFO - Started process (PID=1116) to work on /home/airflow/.local/lib/python3.8/site-packages/airflow/example_dags/example_latest_only_with_trigger.py
[2023-12-03T09:52:41.671+0000] {processor.py:829} INFO - Processing file /home/airflow/.local/lib/python3.8/site-packages/airflow/example_dags/example_latest_only_with_trigger.py for tasks to queue
[2023-12-03T09:52:41.674+0000] {logging_mixin.py:154} INFO - [2023-12-03T09:52:41.674+0000] {dagbag.py:536} INFO - Filling up the DagBag from /home/airflow/.local/lib/python3.8/site-packages/airflow/example_dags/example_latest_only_with_trigger.py
[2023-12-03T09:52:41.681+0000] {processor.py:839} INFO - DAG(s) dict_keys(['latest_only_with_trigger']) retrieved from /home/airflow/.local/lib/python3.8/site-packages/airflow/example_dags/example_latest_only_with_trigger.py
[2023-12-03T09:52:41.708+0000] {logging_mixin.py:154} INFO - [2023-12-03T09:52:41.707+0000] {dag.py:2941} INFO - Sync 1 DAGs
[2023-12-03T09:52:41.735+0000] {logging_mixin.py:154} INFO - [2023-12-03T09:52:41.735+0000] {dag.py:3722} INFO - Setting next_dagrun for latest_only_with_trigger to 2023-12-03T05:52:41.735248+00:00, run_after=2023-12-03T09:52:41.735248+00:00
[2023-12-03T09:52:41.754+0000] {processor.py:179} INFO - Processing /home/airflow/.local/lib/python3.8/site-packages/airflow/example_dags/example_latest_only_with_trigger.py took 0.088 seconds
[2023-12-03T09:53:12.662+0000] {processor.py:157} INFO - Started process (PID=1174) to work on /home/airflow/.local/lib/python3.8/site-packages/airflow/example_dags/example_latest_only_with_trigger.py
[2023-12-03T09:53:12.663+0000] {processor.py:829} INFO - Processing file /home/airflow/.local/lib/python3.8/site-packages/airflow/example_dags/example_latest_only_with_trigger.py for tasks to queue
[2023-12-03T09:53:12.665+0000] {logging_mixin.py:154} INFO - [2023-12-03T09:53:12.665+0000] {dagbag.py:536} INFO - Filling up the DagBag from /home/airflow/.local/lib/python3.8/site-packages/airflow/example_dags/example_latest_only_with_trigger.py
[2023-12-03T09:53:12.671+0000] {processor.py:839} INFO - DAG(s) dict_keys(['latest_only_with_trigger']) retrieved from /home/airflow/.local/lib/python3.8/site-packages/airflow/example_dags/example_latest_only_with_trigger.py
[2023-12-03T09:53:12.697+0000] {logging_mixin.py:154} INFO - [2023-12-03T09:53:12.697+0000] {dag.py:2941} INFO - Sync 1 DAGs
[2023-12-03T09:53:12.726+0000] {logging_mixin.py:154} INFO - [2023-12-03T09:53:12.726+0000] {dag.py:3722} INFO - Setting next_dagrun for latest_only_with_trigger to 2023-12-03T05:53:12.725865+00:00, run_after=2023-12-03T09:53:12.725865+00:00
[2023-12-03T09:53:12.746+0000] {processor.py:179} INFO - Processing /home/airflow/.local/lib/python3.8/site-packages/airflow/example_dags/example_latest_only_with_trigger.py took 0.089 seconds
[2023-12-03T09:53:42.846+0000] {processor.py:157} INFO - Started process (PID=1230) to work on /home/airflow/.local/lib/python3.8/site-packages/airflow/example_dags/example_latest_only_with_trigger.py
[2023-12-03T09:53:42.848+0000] {processor.py:829} INFO - Processing file /home/airflow/.local/lib/python3.8/site-packages/airflow/example_dags/example_latest_only_with_trigger.py for tasks to queue
[2023-12-03T09:53:42.852+0000] {logging_mixin.py:154} INFO - [2023-12-03T09:53:42.852+0000] {dagbag.py:536} INFO - Filling up the DagBag from /home/airflow/.local/lib/python3.8/site-packages/airflow/example_dags/example_latest_only_with_trigger.py
[2023-12-03T09:53:42.860+0000] {processor.py:839} INFO - DAG(s) dict_keys(['latest_only_with_trigger']) retrieved from /home/airflow/.local/lib/python3.8/site-packages/airflow/example_dags/example_latest_only_with_trigger.py
[2023-12-03T09:53:42.888+0000] {logging_mixin.py:154} INFO - [2023-12-03T09:53:42.888+0000] {dag.py:2941} INFO - Sync 1 DAGs
[2023-12-03T09:53:42.915+0000] {logging_mixin.py:154} INFO - [2023-12-03T09:53:42.915+0000] {dag.py:3722} INFO - Setting next_dagrun for latest_only_with_trigger to 2023-12-03T05:53:42.915503+00:00, run_after=2023-12-03T09:53:42.915503+00:00
[2023-12-03T09:53:42.939+0000] {processor.py:179} INFO - Processing /home/airflow/.local/lib/python3.8/site-packages/airflow/example_dags/example_latest_only_with_trigger.py took 0.098 seconds
[2023-12-03T09:54:13.096+0000] {processor.py:157} INFO - Started process (PID=1288) to work on /home/airflow/.local/lib/python3.8/site-packages/airflow/example_dags/example_latest_only_with_trigger.py
[2023-12-03T09:54:13.097+0000] {processor.py:829} INFO - Processing file /home/airflow/.local/lib/python3.8/site-packages/airflow/example_dags/example_latest_only_with_trigger.py for tasks to queue
[2023-12-03T09:54:13.100+0000] {logging_mixin.py:154} INFO - [2023-12-03T09:54:13.100+0000] {dagbag.py:536} INFO - Filling up the DagBag from /home/airflow/.local/lib/python3.8/site-packages/airflow/example_dags/example_latest_only_with_trigger.py
[2023-12-03T09:54:13.106+0000] {processor.py:839} INFO - DAG(s) dict_keys(['latest_only_with_trigger']) retrieved from /home/airflow/.local/lib/python3.8/site-packages/airflow/example_dags/example_latest_only_with_trigger.py
[2023-12-03T09:54:13.127+0000] {logging_mixin.py:154} INFO - [2023-12-03T09:54:13.127+0000] {dag.py:2941} INFO - Sync 1 DAGs
[2023-12-03T09:54:13.147+0000] {logging_mixin.py:154} INFO - [2023-12-03T09:54:13.147+0000] {dag.py:3722} INFO - Setting next_dagrun for latest_only_with_trigger to 2023-12-03T05:54:13.147513+00:00, run_after=2023-12-03T09:54:13.147513+00:00
[2023-12-03T09:54:13.166+0000] {processor.py:179} INFO - Processing /home/airflow/.local/lib/python3.8/site-packages/airflow/example_dags/example_latest_only_with_trigger.py took 0.074 seconds
[2023-12-03T09:54:43.478+0000] {processor.py:157} INFO - Started process (PID=1346) to work on /home/airflow/.local/lib/python3.8/site-packages/airflow/example_dags/example_latest_only_with_trigger.py
[2023-12-03T09:54:43.479+0000] {processor.py:829} INFO - Processing file /home/airflow/.local/lib/python3.8/site-packages/airflow/example_dags/example_latest_only_with_trigger.py for tasks to queue
[2023-12-03T09:54:43.481+0000] {logging_mixin.py:154} INFO - [2023-12-03T09:54:43.481+0000] {dagbag.py:536} INFO - Filling up the DagBag from /home/airflow/.local/lib/python3.8/site-packages/airflow/example_dags/example_latest_only_with_trigger.py
[2023-12-03T09:54:43.487+0000] {processor.py:839} INFO - DAG(s) dict_keys(['latest_only_with_trigger']) retrieved from /home/airflow/.local/lib/python3.8/site-packages/airflow/example_dags/example_latest_only_with_trigger.py
[2023-12-03T09:54:43.508+0000] {logging_mixin.py:154} INFO - [2023-12-03T09:54:43.508+0000] {dag.py:2941} INFO - Sync 1 DAGs
[2023-12-03T09:54:43.539+0000] {logging_mixin.py:154} INFO - [2023-12-03T09:54:43.538+0000] {dag.py:3722} INFO - Setting next_dagrun for latest_only_with_trigger to 2023-12-03T05:54:43.538391+00:00, run_after=2023-12-03T09:54:43.538391+00:00
[2023-12-03T09:54:43.556+0000] {processor.py:179} INFO - Processing /home/airflow/.local/lib/python3.8/site-packages/airflow/example_dags/example_latest_only_with_trigger.py took 0.083 seconds
[2023-12-03T09:55:13.861+0000] {processor.py:157} INFO - Started process (PID=1404) to work on /home/airflow/.local/lib/python3.8/site-packages/airflow/example_dags/example_latest_only_with_trigger.py
[2023-12-03T09:55:13.862+0000] {processor.py:829} INFO - Processing file /home/airflow/.local/lib/python3.8/site-packages/airflow/example_dags/example_latest_only_with_trigger.py for tasks to queue
[2023-12-03T09:55:13.864+0000] {logging_mixin.py:154} INFO - [2023-12-03T09:55:13.864+0000] {dagbag.py:536} INFO - Filling up the DagBag from /home/airflow/.local/lib/python3.8/site-packages/airflow/example_dags/example_latest_only_with_trigger.py
[2023-12-03T09:55:13.869+0000] {processor.py:839} INFO - DAG(s) dict_keys(['latest_only_with_trigger']) retrieved from /home/airflow/.local/lib/python3.8/site-packages/airflow/example_dags/example_latest_only_with_trigger.py
[2023-12-03T09:55:13.890+0000] {logging_mixin.py:154} INFO - [2023-12-03T09:55:13.890+0000] {dag.py:2941} INFO - Sync 1 DAGs
[2023-12-03T09:55:13.910+0000] {logging_mixin.py:154} INFO - [2023-12-03T09:55:13.910+0000] {dag.py:3722} INFO - Setting next_dagrun for latest_only_with_trigger to 2023-12-03T05:55:13.910383+00:00, run_after=2023-12-03T09:55:13.910383+00:00
[2023-12-03T09:55:13.929+0000] {processor.py:179} INFO - Processing /home/airflow/.local/lib/python3.8/site-packages/airflow/example_dags/example_latest_only_with_trigger.py took 0.072 seconds
[2023-12-03T09:55:44.357+0000] {processor.py:157} INFO - Started process (PID=1463) to work on /home/airflow/.local/lib/python3.8/site-packages/airflow/example_dags/example_latest_only_with_trigger.py
[2023-12-03T09:55:44.358+0000] {processor.py:829} INFO - Processing file /home/airflow/.local/lib/python3.8/site-packages/airflow/example_dags/example_latest_only_with_trigger.py for tasks to queue
[2023-12-03T09:55:44.361+0000] {logging_mixin.py:154} INFO - [2023-12-03T09:55:44.361+0000] {dagbag.py:536} INFO - Filling up the DagBag from /home/airflow/.local/lib/python3.8/site-packages/airflow/example_dags/example_latest_only_with_trigger.py
[2023-12-03T09:55:44.367+0000] {processor.py:839} INFO - DAG(s) dict_keys(['latest_only_with_trigger']) retrieved from /home/airflow/.local/lib/python3.8/site-packages/airflow/example_dags/example_latest_only_with_trigger.py
[2023-12-03T09:55:44.402+0000] {logging_mixin.py:154} INFO - [2023-12-03T09:55:44.401+0000] {dag.py:2941} INFO - Sync 1 DAGs
[2023-12-03T09:55:44.437+0000] {logging_mixin.py:154} INFO - [2023-12-03T09:55:44.437+0000] {dag.py:3722} INFO - Setting next_dagrun for latest_only_with_trigger to 2023-12-03T05:55:44.437088+00:00, run_after=2023-12-03T09:55:44.437088+00:00
[2023-12-03T09:55:44.457+0000] {processor.py:179} INFO - Processing /home/airflow/.local/lib/python3.8/site-packages/airflow/example_dags/example_latest_only_with_trigger.py took 0.104 seconds
[2023-12-03T09:56:14.688+0000] {processor.py:157} INFO - Started process (PID=1525) to work on /home/airflow/.local/lib/python3.8/site-packages/airflow/example_dags/example_latest_only_with_trigger.py
[2023-12-03T09:56:14.689+0000] {processor.py:829} INFO - Processing file /home/airflow/.local/lib/python3.8/site-packages/airflow/example_dags/example_latest_only_with_trigger.py for tasks to queue
[2023-12-03T09:56:14.693+0000] {logging_mixin.py:154} INFO - [2023-12-03T09:56:14.692+0000] {dagbag.py:536} INFO - Filling up the DagBag from /home/airflow/.local/lib/python3.8/site-packages/airflow/example_dags/example_latest_only_with_trigger.py
[2023-12-03T09:56:14.698+0000] {processor.py:839} INFO - DAG(s) dict_keys(['latest_only_with_trigger']) retrieved from /home/airflow/.local/lib/python3.8/site-packages/airflow/example_dags/example_latest_only_with_trigger.py
[2023-12-03T09:56:14.719+0000] {logging_mixin.py:154} INFO - [2023-12-03T09:56:14.719+0000] {dag.py:2941} INFO - Sync 1 DAGs
[2023-12-03T09:56:14.739+0000] {logging_mixin.py:154} INFO - [2023-12-03T09:56:14.739+0000] {dag.py:3722} INFO - Setting next_dagrun for latest_only_with_trigger to 2023-12-03T05:56:14.739020+00:00, run_after=2023-12-03T09:56:14.739020+00:00
[2023-12-03T09:56:14.756+0000] {processor.py:179} INFO - Processing /home/airflow/.local/lib/python3.8/site-packages/airflow/example_dags/example_latest_only_with_trigger.py took 0.071 seconds
[2023-12-03T09:56:45.602+0000] {processor.py:157} INFO - Started process (PID=1583) to work on /home/airflow/.local/lib/python3.8/site-packages/airflow/example_dags/example_latest_only_with_trigger.py
[2023-12-03T09:56:45.603+0000] {processor.py:829} INFO - Processing file /home/airflow/.local/lib/python3.8/site-packages/airflow/example_dags/example_latest_only_with_trigger.py for tasks to queue
[2023-12-03T09:56:45.606+0000] {logging_mixin.py:154} INFO - [2023-12-03T09:56:45.606+0000] {dagbag.py:536} INFO - Filling up the DagBag from /home/airflow/.local/lib/python3.8/site-packages/airflow/example_dags/example_latest_only_with_trigger.py
[2023-12-03T09:56:45.611+0000] {processor.py:839} INFO - DAG(s) dict_keys(['latest_only_with_trigger']) retrieved from /home/airflow/.local/lib/python3.8/site-packages/airflow/example_dags/example_latest_only_with_trigger.py
[2023-12-03T09:56:45.631+0000] {logging_mixin.py:154} INFO - [2023-12-03T09:56:45.631+0000] {dag.py:2941} INFO - Sync 1 DAGs
[2023-12-03T09:56:45.648+0000] {logging_mixin.py:154} INFO - [2023-12-03T09:56:45.648+0000] {dag.py:3722} INFO - Setting next_dagrun for latest_only_with_trigger to 2023-12-03T05:56:45.648039+00:00, run_after=2023-12-03T09:56:45.648039+00:00
[2023-12-03T09:56:45.664+0000] {processor.py:179} INFO - Processing /home/airflow/.local/lib/python3.8/site-packages/airflow/example_dags/example_latest_only_with_trigger.py took 0.066 seconds
[2023-12-03T09:57:16.370+0000] {processor.py:157} INFO - Started process (PID=1641) to work on /home/airflow/.local/lib/python3.8/site-packages/airflow/example_dags/example_latest_only_with_trigger.py
[2023-12-03T09:57:16.371+0000] {processor.py:829} INFO - Processing file /home/airflow/.local/lib/python3.8/site-packages/airflow/example_dags/example_latest_only_with_trigger.py for tasks to queue
[2023-12-03T09:57:16.374+0000] {logging_mixin.py:154} INFO - [2023-12-03T09:57:16.373+0000] {dagbag.py:536} INFO - Filling up the DagBag from /home/airflow/.local/lib/python3.8/site-packages/airflow/example_dags/example_latest_only_with_trigger.py
[2023-12-03T09:57:16.379+0000] {processor.py:839} INFO - DAG(s) dict_keys(['latest_only_with_trigger']) retrieved from /home/airflow/.local/lib/python3.8/site-packages/airflow/example_dags/example_latest_only_with_trigger.py
[2023-12-03T09:57:16.399+0000] {logging_mixin.py:154} INFO - [2023-12-03T09:57:16.399+0000] {dag.py:2941} INFO - Sync 1 DAGs
[2023-12-03T09:57:16.420+0000] {logging_mixin.py:154} INFO - [2023-12-03T09:57:16.420+0000] {dag.py:3722} INFO - Setting next_dagrun for latest_only_with_trigger to 2023-12-03T05:57:16.420135+00:00, run_after=2023-12-03T09:57:16.420135+00:00
[2023-12-03T09:57:16.436+0000] {processor.py:179} INFO - Processing /home/airflow/.local/lib/python3.8/site-packages/airflow/example_dags/example_latest_only_with_trigger.py took 0.070 seconds
[2023-12-03T09:57:46.630+0000] {processor.py:157} INFO - Started process (PID=1701) to work on /home/airflow/.local/lib/python3.8/site-packages/airflow/example_dags/example_latest_only_with_trigger.py
[2023-12-03T09:57:46.631+0000] {processor.py:829} INFO - Processing file /home/airflow/.local/lib/python3.8/site-packages/airflow/example_dags/example_latest_only_with_trigger.py for tasks to queue
[2023-12-03T09:57:46.634+0000] {logging_mixin.py:154} INFO - [2023-12-03T09:57:46.634+0000] {dagbag.py:536} INFO - Filling up the DagBag from /home/airflow/.local/lib/python3.8/site-packages/airflow/example_dags/example_latest_only_with_trigger.py
[2023-12-03T09:57:46.640+0000] {processor.py:839} INFO - DAG(s) dict_keys(['latest_only_with_trigger']) retrieved from /home/airflow/.local/lib/python3.8/site-packages/airflow/example_dags/example_latest_only_with_trigger.py
[2023-12-03T09:57:46.660+0000] {logging_mixin.py:154} INFO - [2023-12-03T09:57:46.660+0000] {dag.py:2941} INFO - Sync 1 DAGs
[2023-12-03T09:57:46.680+0000] {logging_mixin.py:154} INFO - [2023-12-03T09:57:46.680+0000] {dag.py:3722} INFO - Setting next_dagrun for latest_only_with_trigger to 2023-12-03T05:57:46.680154+00:00, run_after=2023-12-03T09:57:46.680154+00:00
[2023-12-03T09:57:46.697+0000] {processor.py:179} INFO - Processing /home/airflow/.local/lib/python3.8/site-packages/airflow/example_dags/example_latest_only_with_trigger.py took 0.071 seconds
[2023-12-03T09:58:16.775+0000] {processor.py:157} INFO - Started process (PID=1758) to work on /home/airflow/.local/lib/python3.8/site-packages/airflow/example_dags/example_latest_only_with_trigger.py
[2023-12-03T09:58:16.777+0000] {processor.py:829} INFO - Processing file /home/airflow/.local/lib/python3.8/site-packages/airflow/example_dags/example_latest_only_with_trigger.py for tasks to queue
[2023-12-03T09:58:16.780+0000] {logging_mixin.py:154} INFO - [2023-12-03T09:58:16.780+0000] {dagbag.py:536} INFO - Filling up the DagBag from /home/airflow/.local/lib/python3.8/site-packages/airflow/example_dags/example_latest_only_with_trigger.py
[2023-12-03T09:58:16.786+0000] {processor.py:839} INFO - DAG(s) dict_keys(['latest_only_with_trigger']) retrieved from /home/airflow/.local/lib/python3.8/site-packages/airflow/example_dags/example_latest_only_with_trigger.py
[2023-12-03T09:58:16.805+0000] {logging_mixin.py:154} INFO - [2023-12-03T09:58:16.805+0000] {dag.py:2941} INFO - Sync 1 DAGs
[2023-12-03T09:58:16.825+0000] {logging_mixin.py:154} INFO - [2023-12-03T09:58:16.825+0000] {dag.py:3722} INFO - Setting next_dagrun for latest_only_with_trigger to 2023-12-03T05:58:16.824977+00:00, run_after=2023-12-03T09:58:16.824977+00:00
[2023-12-03T09:58:16.842+0000] {processor.py:179} INFO - Processing /home/airflow/.local/lib/python3.8/site-packages/airflow/example_dags/example_latest_only_with_trigger.py took 0.071 seconds
[2023-12-03T09:58:47.185+0000] {processor.py:157} INFO - Started process (PID=1816) to work on /home/airflow/.local/lib/python3.8/site-packages/airflow/example_dags/example_latest_only_with_trigger.py
[2023-12-03T09:58:47.186+0000] {processor.py:829} INFO - Processing file /home/airflow/.local/lib/python3.8/site-packages/airflow/example_dags/example_latest_only_with_trigger.py for tasks to queue
[2023-12-03T09:58:47.190+0000] {logging_mixin.py:154} INFO - [2023-12-03T09:58:47.190+0000] {dagbag.py:536} INFO - Filling up the DagBag from /home/airflow/.local/lib/python3.8/site-packages/airflow/example_dags/example_latest_only_with_trigger.py
[2023-12-03T09:58:47.195+0000] {processor.py:839} INFO - DAG(s) dict_keys(['latest_only_with_trigger']) retrieved from /home/airflow/.local/lib/python3.8/site-packages/airflow/example_dags/example_latest_only_with_trigger.py
[2023-12-03T09:58:47.215+0000] {logging_mixin.py:154} INFO - [2023-12-03T09:58:47.215+0000] {dag.py:2941} INFO - Sync 1 DAGs
[2023-12-03T09:58:47.237+0000] {logging_mixin.py:154} INFO - [2023-12-03T09:58:47.237+0000] {dag.py:3722} INFO - Setting next_dagrun for latest_only_with_trigger to 2023-12-03T05:58:47.237245+00:00, run_after=2023-12-03T09:58:47.237245+00:00
[2023-12-03T09:58:47.254+0000] {processor.py:179} INFO - Processing /home/airflow/.local/lib/python3.8/site-packages/airflow/example_dags/example_latest_only_with_trigger.py took 0.072 seconds
[2023-12-03T09:59:17.832+0000] {processor.py:157} INFO - Started process (PID=1874) to work on /home/airflow/.local/lib/python3.8/site-packages/airflow/example_dags/example_latest_only_with_trigger.py
[2023-12-03T09:59:17.833+0000] {processor.py:829} INFO - Processing file /home/airflow/.local/lib/python3.8/site-packages/airflow/example_dags/example_latest_only_with_trigger.py for tasks to queue
[2023-12-03T09:59:17.836+0000] {logging_mixin.py:154} INFO - [2023-12-03T09:59:17.836+0000] {dagbag.py:536} INFO - Filling up the DagBag from /home/airflow/.local/lib/python3.8/site-packages/airflow/example_dags/example_latest_only_with_trigger.py
[2023-12-03T09:59:17.842+0000] {processor.py:839} INFO - DAG(s) dict_keys(['latest_only_with_trigger']) retrieved from /home/airflow/.local/lib/python3.8/site-packages/airflow/example_dags/example_latest_only_with_trigger.py
[2023-12-03T09:59:17.864+0000] {logging_mixin.py:154} INFO - [2023-12-03T09:59:17.864+0000] {dag.py:2941} INFO - Sync 1 DAGs
[2023-12-03T09:59:17.887+0000] {logging_mixin.py:154} INFO - [2023-12-03T09:59:17.887+0000] {dag.py:3722} INFO - Setting next_dagrun for latest_only_with_trigger to 2023-12-03T05:59:17.886783+00:00, run_after=2023-12-03T09:59:17.886783+00:00
[2023-12-03T09:59:17.904+0000] {processor.py:179} INFO - Processing /home/airflow/.local/lib/python3.8/site-packages/airflow/example_dags/example_latest_only_with_trigger.py took 0.077 seconds
[2023-12-03T09:59:48.739+0000] {processor.py:157} INFO - Started process (PID=1933) to work on /home/airflow/.local/lib/python3.8/site-packages/airflow/example_dags/example_latest_only_with_trigger.py
[2023-12-03T09:59:48.740+0000] {processor.py:829} INFO - Processing file /home/airflow/.local/lib/python3.8/site-packages/airflow/example_dags/example_latest_only_with_trigger.py for tasks to queue
[2023-12-03T09:59:48.743+0000] {logging_mixin.py:154} INFO - [2023-12-03T09:59:48.743+0000] {dagbag.py:536} INFO - Filling up the DagBag from /home/airflow/.local/lib/python3.8/site-packages/airflow/example_dags/example_latest_only_with_trigger.py
[2023-12-03T09:59:48.749+0000] {processor.py:839} INFO - DAG(s) dict_keys(['latest_only_with_trigger']) retrieved from /home/airflow/.local/lib/python3.8/site-packages/airflow/example_dags/example_latest_only_with_trigger.py
[2023-12-03T09:59:48.771+0000] {logging_mixin.py:154} INFO - [2023-12-03T09:59:48.771+0000] {dag.py:2941} INFO - Sync 1 DAGs
[2023-12-03T09:59:48.792+0000] {logging_mixin.py:154} INFO - [2023-12-03T09:59:48.792+0000] {dag.py:3722} INFO - Setting next_dagrun for latest_only_with_trigger to 2023-12-03T05:59:48.791835+00:00, run_after=2023-12-03T09:59:48.791835+00:00
[2023-12-03T09:59:48.812+0000] {processor.py:179} INFO - Processing /home/airflow/.local/lib/python3.8/site-packages/airflow/example_dags/example_latest_only_with_trigger.py took 0.078 seconds
[2023-12-03T10:00:19.269+0000] {processor.py:157} INFO - Started process (PID=1995) to work on /home/airflow/.local/lib/python3.8/site-packages/airflow/example_dags/example_latest_only_with_trigger.py
[2023-12-03T10:00:19.270+0000] {processor.py:829} INFO - Processing file /home/airflow/.local/lib/python3.8/site-packages/airflow/example_dags/example_latest_only_with_trigger.py for tasks to queue
[2023-12-03T10:00:19.274+0000] {logging_mixin.py:154} INFO - [2023-12-03T10:00:19.274+0000] {dagbag.py:536} INFO - Filling up the DagBag from /home/airflow/.local/lib/python3.8/site-packages/airflow/example_dags/example_latest_only_with_trigger.py
[2023-12-03T10:00:19.280+0000] {processor.py:839} INFO - DAG(s) dict_keys(['latest_only_with_trigger']) retrieved from /home/airflow/.local/lib/python3.8/site-packages/airflow/example_dags/example_latest_only_with_trigger.py
[2023-12-03T10:00:19.301+0000] {logging_mixin.py:154} INFO - [2023-12-03T10:00:19.301+0000] {dag.py:2941} INFO - Sync 1 DAGs
[2023-12-03T10:00:19.322+0000] {logging_mixin.py:154} INFO - [2023-12-03T10:00:19.322+0000] {dag.py:3722} INFO - Setting next_dagrun for latest_only_with_trigger to 2023-12-03T06:00:19.321842+00:00, run_after=2023-12-03T10:00:19.321842+00:00
[2023-12-03T10:00:19.339+0000] {processor.py:179} INFO - Processing /home/airflow/.local/lib/python3.8/site-packages/airflow/example_dags/example_latest_only_with_trigger.py took 0.074 seconds
[2023-12-03T10:00:49.826+0000] {processor.py:157} INFO - Started process (PID=2053) to work on /home/airflow/.local/lib/python3.8/site-packages/airflow/example_dags/example_latest_only_with_trigger.py
[2023-12-03T10:00:49.828+0000] {processor.py:829} INFO - Processing file /home/airflow/.local/lib/python3.8/site-packages/airflow/example_dags/example_latest_only_with_trigger.py for tasks to queue
[2023-12-03T10:00:49.832+0000] {logging_mixin.py:154} INFO - [2023-12-03T10:00:49.832+0000] {dagbag.py:536} INFO - Filling up the DagBag from /home/airflow/.local/lib/python3.8/site-packages/airflow/example_dags/example_latest_only_with_trigger.py
[2023-12-03T10:00:49.839+0000] {processor.py:839} INFO - DAG(s) dict_keys(['latest_only_with_trigger']) retrieved from /home/airflow/.local/lib/python3.8/site-packages/airflow/example_dags/example_latest_only_with_trigger.py
[2023-12-03T10:00:49.861+0000] {logging_mixin.py:154} INFO - [2023-12-03T10:00:49.860+0000] {dag.py:2941} INFO - Sync 1 DAGs
[2023-12-03T10:00:49.887+0000] {logging_mixin.py:154} INFO - [2023-12-03T10:00:49.887+0000] {dag.py:3722} INFO - Setting next_dagrun for latest_only_with_trigger to 2023-12-03T06:00:49.887339+00:00, run_after=2023-12-03T10:00:49.887339+00:00
[2023-12-03T10:00:49.909+0000] {processor.py:179} INFO - Processing /home/airflow/.local/lib/python3.8/site-packages/airflow/example_dags/example_latest_only_with_trigger.py took 0.086 seconds
[2023-12-03T10:01:19.973+0000] {processor.py:157} INFO - Started process (PID=2110) to work on /home/airflow/.local/lib/python3.8/site-packages/airflow/example_dags/example_latest_only_with_trigger.py
[2023-12-03T10:01:19.974+0000] {processor.py:829} INFO - Processing file /home/airflow/.local/lib/python3.8/site-packages/airflow/example_dags/example_latest_only_with_trigger.py for tasks to queue
[2023-12-03T10:01:19.979+0000] {logging_mixin.py:154} INFO - [2023-12-03T10:01:19.978+0000] {dagbag.py:536} INFO - Filling up the DagBag from /home/airflow/.local/lib/python3.8/site-packages/airflow/example_dags/example_latest_only_with_trigger.py
[2023-12-03T10:01:19.985+0000] {processor.py:839} INFO - DAG(s) dict_keys(['latest_only_with_trigger']) retrieved from /home/airflow/.local/lib/python3.8/site-packages/airflow/example_dags/example_latest_only_with_trigger.py
[2023-12-03T10:01:20.005+0000] {logging_mixin.py:154} INFO - [2023-12-03T10:01:20.005+0000] {dag.py:2941} INFO - Sync 1 DAGs
[2023-12-03T10:01:20.025+0000] {logging_mixin.py:154} INFO - [2023-12-03T10:01:20.025+0000] {dag.py:3722} INFO - Setting next_dagrun for latest_only_with_trigger to 2023-12-03T06:01:20.024812+00:00, run_after=2023-12-03T10:01:20.024812+00:00
[2023-12-03T10:01:20.039+0000] {processor.py:179} INFO - Processing /home/airflow/.local/lib/python3.8/site-packages/airflow/example_dags/example_latest_only_with_trigger.py took 0.070 seconds
[2023-12-03T10:01:50.133+0000] {processor.py:157} INFO - Started process (PID=2168) to work on /home/airflow/.local/lib/python3.8/site-packages/airflow/example_dags/example_latest_only_with_trigger.py
[2023-12-03T10:01:50.134+0000] {processor.py:829} INFO - Processing file /home/airflow/.local/lib/python3.8/site-packages/airflow/example_dags/example_latest_only_with_trigger.py for tasks to queue
[2023-12-03T10:01:50.139+0000] {logging_mixin.py:154} INFO - [2023-12-03T10:01:50.138+0000] {dagbag.py:536} INFO - Filling up the DagBag from /home/airflow/.local/lib/python3.8/site-packages/airflow/example_dags/example_latest_only_with_trigger.py
[2023-12-03T10:01:50.144+0000] {processor.py:839} INFO - DAG(s) dict_keys(['latest_only_with_trigger']) retrieved from /home/airflow/.local/lib/python3.8/site-packages/airflow/example_dags/example_latest_only_with_trigger.py
[2023-12-03T10:01:50.164+0000] {logging_mixin.py:154} INFO - [2023-12-03T10:01:50.164+0000] {dag.py:2941} INFO - Sync 1 DAGs
[2023-12-03T10:01:50.184+0000] {logging_mixin.py:154} INFO - [2023-12-03T10:01:50.184+0000] {dag.py:3722} INFO - Setting next_dagrun for latest_only_with_trigger to 2023-12-03T06:01:50.183753+00:00, run_after=2023-12-03T10:01:50.183753+00:00
[2023-12-03T10:01:50.199+0000] {processor.py:179} INFO - Processing /home/airflow/.local/lib/python3.8/site-packages/airflow/example_dags/example_latest_only_with_trigger.py took 0.071 seconds
[2023-12-03T10:02:21.115+0000] {processor.py:157} INFO - Started process (PID=2226) to work on /home/airflow/.local/lib/python3.8/site-packages/airflow/example_dags/example_latest_only_with_trigger.py
[2023-12-03T10:02:21.117+0000] {processor.py:829} INFO - Processing file /home/airflow/.local/lib/python3.8/site-packages/airflow/example_dags/example_latest_only_with_trigger.py for tasks to queue
[2023-12-03T10:02:21.120+0000] {logging_mixin.py:154} INFO - [2023-12-03T10:02:21.120+0000] {dagbag.py:536} INFO - Filling up the DagBag from /home/airflow/.local/lib/python3.8/site-packages/airflow/example_dags/example_latest_only_with_trigger.py
[2023-12-03T10:02:21.126+0000] {processor.py:839} INFO - DAG(s) dict_keys(['latest_only_with_trigger']) retrieved from /home/airflow/.local/lib/python3.8/site-packages/airflow/example_dags/example_latest_only_with_trigger.py
[2023-12-03T10:02:21.144+0000] {logging_mixin.py:154} INFO - [2023-12-03T10:02:21.144+0000] {dag.py:2941} INFO - Sync 1 DAGs
[2023-12-03T10:02:21.163+0000] {logging_mixin.py:154} INFO - [2023-12-03T10:02:21.163+0000] {dag.py:3722} INFO - Setting next_dagrun for latest_only_with_trigger to 2023-12-03T06:02:21.162992+00:00, run_after=2023-12-03T10:02:21.162992+00:00
[2023-12-03T10:02:21.177+0000] {processor.py:179} INFO - Processing /home/airflow/.local/lib/python3.8/site-packages/airflow/example_dags/example_latest_only_with_trigger.py took 0.067 seconds
[2023-12-03T10:02:51.311+0000] {processor.py:157} INFO - Started process (PID=2284) to work on /home/airflow/.local/lib/python3.8/site-packages/airflow/example_dags/example_latest_only_with_trigger.py
[2023-12-03T10:02:51.313+0000] {processor.py:829} INFO - Processing file /home/airflow/.local/lib/python3.8/site-packages/airflow/example_dags/example_latest_only_with_trigger.py for tasks to queue
[2023-12-03T10:02:51.317+0000] {logging_mixin.py:154} INFO - [2023-12-03T10:02:51.316+0000] {dagbag.py:536} INFO - Filling up the DagBag from /home/airflow/.local/lib/python3.8/site-packages/airflow/example_dags/example_latest_only_with_trigger.py
[2023-12-03T10:02:51.323+0000] {processor.py:839} INFO - DAG(s) dict_keys(['latest_only_with_trigger']) retrieved from /home/airflow/.local/lib/python3.8/site-packages/airflow/example_dags/example_latest_only_with_trigger.py
[2023-12-03T10:02:51.343+0000] {logging_mixin.py:154} INFO - [2023-12-03T10:02:51.343+0000] {dag.py:2941} INFO - Sync 1 DAGs
[2023-12-03T10:02:51.361+0000] {logging_mixin.py:154} INFO - [2023-12-03T10:02:51.361+0000] {dag.py:3722} INFO - Setting next_dagrun for latest_only_with_trigger to 2023-12-03T06:02:51.361225+00:00, run_after=2023-12-03T10:02:51.361225+00:00
[2023-12-03T10:02:51.376+0000] {processor.py:179} INFO - Processing /home/airflow/.local/lib/python3.8/site-packages/airflow/example_dags/example_latest_only_with_trigger.py took 0.069 seconds
[2023-12-03T10:03:21.489+0000] {processor.py:157} INFO - Started process (PID=2342) to work on /home/airflow/.local/lib/python3.8/site-packages/airflow/example_dags/example_latest_only_with_trigger.py
[2023-12-03T10:03:21.490+0000] {processor.py:829} INFO - Processing file /home/airflow/.local/lib/python3.8/site-packages/airflow/example_dags/example_latest_only_with_trigger.py for tasks to queue
[2023-12-03T10:03:21.493+0000] {logging_mixin.py:154} INFO - [2023-12-03T10:03:21.492+0000] {dagbag.py:536} INFO - Filling up the DagBag from /home/airflow/.local/lib/python3.8/site-packages/airflow/example_dags/example_latest_only_with_trigger.py
[2023-12-03T10:03:21.498+0000] {processor.py:839} INFO - DAG(s) dict_keys(['latest_only_with_trigger']) retrieved from /home/airflow/.local/lib/python3.8/site-packages/airflow/example_dags/example_latest_only_with_trigger.py
[2023-12-03T10:03:21.520+0000] {logging_mixin.py:154} INFO - [2023-12-03T10:03:21.520+0000] {dag.py:2941} INFO - Sync 1 DAGs
[2023-12-03T10:03:21.539+0000] {logging_mixin.py:154} INFO - [2023-12-03T10:03:21.539+0000] {dag.py:3722} INFO - Setting next_dagrun for latest_only_with_trigger to 2023-12-03T06:03:21.539439+00:00, run_after=2023-12-03T10:03:21.539439+00:00
[2023-12-03T10:03:21.554+0000] {processor.py:179} INFO - Processing /home/airflow/.local/lib/python3.8/site-packages/airflow/example_dags/example_latest_only_with_trigger.py took 0.068 seconds
[2023-12-03T10:03:51.753+0000] {processor.py:157} INFO - Started process (PID=2400) to work on /home/airflow/.local/lib/python3.8/site-packages/airflow/example_dags/example_latest_only_with_trigger.py
[2023-12-03T10:03:51.754+0000] {processor.py:829} INFO - Processing file /home/airflow/.local/lib/python3.8/site-packages/airflow/example_dags/example_latest_only_with_trigger.py for tasks to queue
[2023-12-03T10:03:51.756+0000] {logging_mixin.py:154} INFO - [2023-12-03T10:03:51.756+0000] {dagbag.py:536} INFO - Filling up the DagBag from /home/airflow/.local/lib/python3.8/site-packages/airflow/example_dags/example_latest_only_with_trigger.py
[2023-12-03T10:03:51.761+0000] {processor.py:839} INFO - DAG(s) dict_keys(['latest_only_with_trigger']) retrieved from /home/airflow/.local/lib/python3.8/site-packages/airflow/example_dags/example_latest_only_with_trigger.py
[2023-12-03T10:03:51.779+0000] {logging_mixin.py:154} INFO - [2023-12-03T10:03:51.779+0000] {dag.py:2941} INFO - Sync 1 DAGs
[2023-12-03T10:03:51.798+0000] {logging_mixin.py:154} INFO - [2023-12-03T10:03:51.798+0000] {dag.py:3722} INFO - Setting next_dagrun for latest_only_with_trigger to 2023-12-03T06:03:51.797966+00:00, run_after=2023-12-03T10:03:51.797966+00:00
[2023-12-03T10:03:51.811+0000] {processor.py:179} INFO - Processing /home/airflow/.local/lib/python3.8/site-packages/airflow/example_dags/example_latest_only_with_trigger.py took 0.062 seconds
[2023-12-03T10:04:22.479+0000] {processor.py:157} INFO - Started process (PID=2458) to work on /home/airflow/.local/lib/python3.8/site-packages/airflow/example_dags/example_latest_only_with_trigger.py
[2023-12-03T10:04:22.480+0000] {processor.py:829} INFO - Processing file /home/airflow/.local/lib/python3.8/site-packages/airflow/example_dags/example_latest_only_with_trigger.py for tasks to queue
[2023-12-03T10:04:22.484+0000] {logging_mixin.py:154} INFO - [2023-12-03T10:04:22.484+0000] {dagbag.py:536} INFO - Filling up the DagBag from /home/airflow/.local/lib/python3.8/site-packages/airflow/example_dags/example_latest_only_with_trigger.py
[2023-12-03T10:04:22.491+0000] {processor.py:839} INFO - DAG(s) dict_keys(['latest_only_with_trigger']) retrieved from /home/airflow/.local/lib/python3.8/site-packages/airflow/example_dags/example_latest_only_with_trigger.py
[2023-12-03T10:04:22.511+0000] {logging_mixin.py:154} INFO - [2023-12-03T10:04:22.511+0000] {dag.py:2941} INFO - Sync 1 DAGs
[2023-12-03T10:04:22.531+0000] {logging_mixin.py:154} INFO - [2023-12-03T10:04:22.530+0000] {dag.py:3722} INFO - Setting next_dagrun for latest_only_with_trigger to 2023-12-03T06:04:22.530642+00:00, run_after=2023-12-03T10:04:22.530642+00:00
[2023-12-03T10:04:22.545+0000] {processor.py:179} INFO - Processing /home/airflow/.local/lib/python3.8/site-packages/airflow/example_dags/example_latest_only_with_trigger.py took 0.072 seconds
[2023-12-03T10:04:53.178+0000] {processor.py:157} INFO - Started process (PID=2516) to work on /home/airflow/.local/lib/python3.8/site-packages/airflow/example_dags/example_latest_only_with_trigger.py
[2023-12-03T10:04:53.179+0000] {processor.py:829} INFO - Processing file /home/airflow/.local/lib/python3.8/site-packages/airflow/example_dags/example_latest_only_with_trigger.py for tasks to queue
[2023-12-03T10:04:53.182+0000] {logging_mixin.py:154} INFO - [2023-12-03T10:04:53.181+0000] {dagbag.py:536} INFO - Filling up the DagBag from /home/airflow/.local/lib/python3.8/site-packages/airflow/example_dags/example_latest_only_with_trigger.py
[2023-12-03T10:04:53.186+0000] {processor.py:839} INFO - DAG(s) dict_keys(['latest_only_with_trigger']) retrieved from /home/airflow/.local/lib/python3.8/site-packages/airflow/example_dags/example_latest_only_with_trigger.py
[2023-12-03T10:04:53.206+0000] {logging_mixin.py:154} INFO - [2023-12-03T10:04:53.205+0000] {dag.py:2941} INFO - Sync 1 DAGs
[2023-12-03T10:04:53.224+0000] {logging_mixin.py:154} INFO - [2023-12-03T10:04:53.223+0000] {dag.py:3722} INFO - Setting next_dagrun for latest_only_with_trigger to 2023-12-03T06:04:53.223719+00:00, run_after=2023-12-03T10:04:53.223719+00:00
[2023-12-03T10:04:53.237+0000] {processor.py:179} INFO - Processing /home/airflow/.local/lib/python3.8/site-packages/airflow/example_dags/example_latest_only_with_trigger.py took 0.063 seconds
[2023-12-03T10:05:23.398+0000] {processor.py:157} INFO - Started process (PID=2574) to work on /home/airflow/.local/lib/python3.8/site-packages/airflow/example_dags/example_latest_only_with_trigger.py
[2023-12-03T10:05:23.399+0000] {processor.py:829} INFO - Processing file /home/airflow/.local/lib/python3.8/site-packages/airflow/example_dags/example_latest_only_with_trigger.py for tasks to queue
[2023-12-03T10:05:23.402+0000] {logging_mixin.py:154} INFO - [2023-12-03T10:05:23.401+0000] {dagbag.py:536} INFO - Filling up the DagBag from /home/airflow/.local/lib/python3.8/site-packages/airflow/example_dags/example_latest_only_with_trigger.py
[2023-12-03T10:05:23.407+0000] {processor.py:839} INFO - DAG(s) dict_keys(['latest_only_with_trigger']) retrieved from /home/airflow/.local/lib/python3.8/site-packages/airflow/example_dags/example_latest_only_with_trigger.py
[2023-12-03T10:05:23.428+0000] {logging_mixin.py:154} INFO - [2023-12-03T10:05:23.428+0000] {dag.py:2941} INFO - Sync 1 DAGs
[2023-12-03T10:05:23.447+0000] {logging_mixin.py:154} INFO - [2023-12-03T10:05:23.446+0000] {dag.py:3722} INFO - Setting next_dagrun for latest_only_with_trigger to 2023-12-03T06:05:23.446760+00:00, run_after=2023-12-03T10:05:23.446760+00:00
[2023-12-03T10:05:23.464+0000] {processor.py:179} INFO - Processing /home/airflow/.local/lib/python3.8/site-packages/airflow/example_dags/example_latest_only_with_trigger.py took 0.069 seconds
[2023-12-03T10:05:53.519+0000] {processor.py:157} INFO - Started process (PID=2631) to work on /home/airflow/.local/lib/python3.8/site-packages/airflow/example_dags/example_latest_only_with_trigger.py
[2023-12-03T10:05:53.520+0000] {processor.py:829} INFO - Processing file /home/airflow/.local/lib/python3.8/site-packages/airflow/example_dags/example_latest_only_with_trigger.py for tasks to queue
[2023-12-03T10:05:53.523+0000] {logging_mixin.py:154} INFO - [2023-12-03T10:05:53.523+0000] {dagbag.py:536} INFO - Filling up the DagBag from /home/airflow/.local/lib/python3.8/site-packages/airflow/example_dags/example_latest_only_with_trigger.py
[2023-12-03T10:05:53.528+0000] {processor.py:839} INFO - DAG(s) dict_keys(['latest_only_with_trigger']) retrieved from /home/airflow/.local/lib/python3.8/site-packages/airflow/example_dags/example_latest_only_with_trigger.py
[2023-12-03T10:05:53.548+0000] {logging_mixin.py:154} INFO - [2023-12-03T10:05:53.547+0000] {dag.py:2941} INFO - Sync 1 DAGs
[2023-12-03T10:05:53.565+0000] {logging_mixin.py:154} INFO - [2023-12-03T10:05:53.565+0000] {dag.py:3722} INFO - Setting next_dagrun for latest_only_with_trigger to 2023-12-03T06:05:53.565366+00:00, run_after=2023-12-03T10:05:53.565366+00:00
[2023-12-03T10:05:53.578+0000] {processor.py:179} INFO - Processing /home/airflow/.local/lib/python3.8/site-packages/airflow/example_dags/example_latest_only_with_trigger.py took 0.064 seconds
[2023-12-03T10:06:23.666+0000] {processor.py:157} INFO - Started process (PID=2689) to work on /home/airflow/.local/lib/python3.8/site-packages/airflow/example_dags/example_latest_only_with_trigger.py
[2023-12-03T10:06:23.667+0000] {processor.py:829} INFO - Processing file /home/airflow/.local/lib/python3.8/site-packages/airflow/example_dags/example_latest_only_with_trigger.py for tasks to queue
[2023-12-03T10:06:23.670+0000] {logging_mixin.py:154} INFO - [2023-12-03T10:06:23.670+0000] {dagbag.py:536} INFO - Filling up the DagBag from /home/airflow/.local/lib/python3.8/site-packages/airflow/example_dags/example_latest_only_with_trigger.py
[2023-12-03T10:06:23.676+0000] {processor.py:839} INFO - DAG(s) dict_keys(['latest_only_with_trigger']) retrieved from /home/airflow/.local/lib/python3.8/site-packages/airflow/example_dags/example_latest_only_with_trigger.py
[2023-12-03T10:06:23.694+0000] {logging_mixin.py:154} INFO - [2023-12-03T10:06:23.694+0000] {dag.py:2941} INFO - Sync 1 DAGs
[2023-12-03T10:06:23.712+0000] {logging_mixin.py:154} INFO - [2023-12-03T10:06:23.712+0000] {dag.py:3722} INFO - Setting next_dagrun for latest_only_with_trigger to 2023-12-03T06:06:23.712091+00:00, run_after=2023-12-03T10:06:23.712091+00:00
[2023-12-03T10:06:23.726+0000] {processor.py:179} INFO - Processing /home/airflow/.local/lib/python3.8/site-packages/airflow/example_dags/example_latest_only_with_trigger.py took 0.065 seconds
[2023-12-03T10:06:54.140+0000] {processor.py:157} INFO - Started process (PID=2747) to work on /home/airflow/.local/lib/python3.8/site-packages/airflow/example_dags/example_latest_only_with_trigger.py
[2023-12-03T10:06:54.142+0000] {processor.py:829} INFO - Processing file /home/airflow/.local/lib/python3.8/site-packages/airflow/example_dags/example_latest_only_with_trigger.py for tasks to queue
[2023-12-03T10:06:54.145+0000] {logging_mixin.py:154} INFO - [2023-12-03T10:06:54.144+0000] {dagbag.py:536} INFO - Filling up the DagBag from /home/airflow/.local/lib/python3.8/site-packages/airflow/example_dags/example_latest_only_with_trigger.py
[2023-12-03T10:06:54.149+0000] {processor.py:839} INFO - DAG(s) dict_keys(['latest_only_with_trigger']) retrieved from /home/airflow/.local/lib/python3.8/site-packages/airflow/example_dags/example_latest_only_with_trigger.py
[2023-12-03T10:06:54.169+0000] {logging_mixin.py:154} INFO - [2023-12-03T10:06:54.169+0000] {dag.py:2941} INFO - Sync 1 DAGs
[2023-12-03T10:06:54.187+0000] {logging_mixin.py:154} INFO - [2023-12-03T10:06:54.187+0000] {dag.py:3722} INFO - Setting next_dagrun for latest_only_with_trigger to 2023-12-03T06:06:54.187384+00:00, run_after=2023-12-03T10:06:54.187384+00:00
[2023-12-03T10:06:54.201+0000] {processor.py:179} INFO - Processing /home/airflow/.local/lib/python3.8/site-packages/airflow/example_dags/example_latest_only_with_trigger.py took 0.065 seconds
[2023-12-03T10:07:24.248+0000] {processor.py:157} INFO - Started process (PID=2805) to work on /home/airflow/.local/lib/python3.8/site-packages/airflow/example_dags/example_latest_only_with_trigger.py
[2023-12-03T10:07:24.249+0000] {processor.py:829} INFO - Processing file /home/airflow/.local/lib/python3.8/site-packages/airflow/example_dags/example_latest_only_with_trigger.py for tasks to queue
[2023-12-03T10:07:24.252+0000] {logging_mixin.py:154} INFO - [2023-12-03T10:07:24.252+0000] {dagbag.py:536} INFO - Filling up the DagBag from /home/airflow/.local/lib/python3.8/site-packages/airflow/example_dags/example_latest_only_with_trigger.py
[2023-12-03T10:07:24.257+0000] {processor.py:839} INFO - DAG(s) dict_keys(['latest_only_with_trigger']) retrieved from /home/airflow/.local/lib/python3.8/site-packages/airflow/example_dags/example_latest_only_with_trigger.py
[2023-12-03T10:07:24.275+0000] {logging_mixin.py:154} INFO - [2023-12-03T10:07:24.275+0000] {dag.py:2941} INFO - Sync 1 DAGs
[2023-12-03T10:07:24.293+0000] {logging_mixin.py:154} INFO - [2023-12-03T10:07:24.293+0000] {dag.py:3722} INFO - Setting next_dagrun for latest_only_with_trigger to 2023-12-03T06:07:24.292914+00:00, run_after=2023-12-03T10:07:24.292914+00:00
[2023-12-03T10:07:24.305+0000] {processor.py:179} INFO - Processing /home/airflow/.local/lib/python3.8/site-packages/airflow/example_dags/example_latest_only_with_trigger.py took 0.062 seconds
[2023-12-03T10:07:54.762+0000] {processor.py:157} INFO - Started process (PID=2863) to work on /home/airflow/.local/lib/python3.8/site-packages/airflow/example_dags/example_latest_only_with_trigger.py
[2023-12-03T10:07:54.764+0000] {processor.py:829} INFO - Processing file /home/airflow/.local/lib/python3.8/site-packages/airflow/example_dags/example_latest_only_with_trigger.py for tasks to queue
[2023-12-03T10:07:54.767+0000] {logging_mixin.py:154} INFO - [2023-12-03T10:07:54.767+0000] {dagbag.py:536} INFO - Filling up the DagBag from /home/airflow/.local/lib/python3.8/site-packages/airflow/example_dags/example_latest_only_with_trigger.py
[2023-12-03T10:07:54.772+0000] {processor.py:839} INFO - DAG(s) dict_keys(['latest_only_with_trigger']) retrieved from /home/airflow/.local/lib/python3.8/site-packages/airflow/example_dags/example_latest_only_with_trigger.py
[2023-12-03T10:07:54.787+0000] {logging_mixin.py:154} INFO - [2023-12-03T10:07:54.787+0000] {dag.py:2941} INFO - Sync 1 DAGs
[2023-12-03T10:07:54.801+0000] {logging_mixin.py:154} INFO - [2023-12-03T10:07:54.800+0000] {dag.py:3722} INFO - Setting next_dagrun for latest_only_with_trigger to 2023-12-03T06:07:54.800824+00:00, run_after=2023-12-03T10:07:54.800824+00:00
[2023-12-03T10:07:54.811+0000] {processor.py:179} INFO - Processing /home/airflow/.local/lib/python3.8/site-packages/airflow/example_dags/example_latest_only_with_trigger.py took 0.053 seconds
[2023-12-03T11:28:20.506+0000] {processor.py:157} INFO - Started process (PID=2920) to work on /home/airflow/.local/lib/python3.8/site-packages/airflow/example_dags/example_latest_only_with_trigger.py
[2023-12-03T11:28:20.507+0000] {processor.py:829} INFO - Processing file /home/airflow/.local/lib/python3.8/site-packages/airflow/example_dags/example_latest_only_with_trigger.py for tasks to queue
[2023-12-03T11:28:20.510+0000] {logging_mixin.py:154} INFO - [2023-12-03T11:28:20.509+0000] {dagbag.py:536} INFO - Filling up the DagBag from /home/airflow/.local/lib/python3.8/site-packages/airflow/example_dags/example_latest_only_with_trigger.py
[2023-12-03T11:28:20.515+0000] {processor.py:839} INFO - DAG(s) dict_keys(['latest_only_with_trigger']) retrieved from /home/airflow/.local/lib/python3.8/site-packages/airflow/example_dags/example_latest_only_with_trigger.py
[2023-12-03T11:28:20.532+0000] {logging_mixin.py:154} INFO - [2023-12-03T11:28:20.532+0000] {dag.py:2941} INFO - Sync 1 DAGs
[2023-12-03T11:28:20.547+0000] {logging_mixin.py:154} INFO - [2023-12-03T11:28:20.547+0000] {dag.py:3722} INFO - Setting next_dagrun for latest_only_with_trigger to 2023-12-03T07:28:20.547240+00:00, run_after=2023-12-03T11:28:20.547240+00:00
[2023-12-03T11:28:20.560+0000] {processor.py:179} INFO - Processing /home/airflow/.local/lib/python3.8/site-packages/airflow/example_dags/example_latest_only_with_trigger.py took 0.058 seconds
[2023-12-03T12:09:30.061+0000] {processor.py:157} INFO - Started process (PID=2977) to work on /home/airflow/.local/lib/python3.8/site-packages/airflow/example_dags/example_latest_only_with_trigger.py
[2023-12-03T12:09:30.063+0000] {processor.py:829} INFO - Processing file /home/airflow/.local/lib/python3.8/site-packages/airflow/example_dags/example_latest_only_with_trigger.py for tasks to queue
[2023-12-03T12:09:30.066+0000] {logging_mixin.py:154} INFO - [2023-12-03T12:09:30.066+0000] {dagbag.py:536} INFO - Filling up the DagBag from /home/airflow/.local/lib/python3.8/site-packages/airflow/example_dags/example_latest_only_with_trigger.py
[2023-12-03T12:09:30.071+0000] {processor.py:839} INFO - DAG(s) dict_keys(['latest_only_with_trigger']) retrieved from /home/airflow/.local/lib/python3.8/site-packages/airflow/example_dags/example_latest_only_with_trigger.py
[2023-12-03T12:09:30.088+0000] {logging_mixin.py:154} INFO - [2023-12-03T12:09:30.088+0000] {dag.py:2941} INFO - Sync 1 DAGs
[2023-12-03T12:09:30.105+0000] {logging_mixin.py:154} INFO - [2023-12-03T12:09:30.105+0000] {dag.py:3722} INFO - Setting next_dagrun for latest_only_with_trigger to 2023-12-03T08:09:30.105522+00:00, run_after=2023-12-03T12:09:30.105522+00:00
[2023-12-03T12:09:30.121+0000] {processor.py:179} INFO - Processing /home/airflow/.local/lib/python3.8/site-packages/airflow/example_dags/example_latest_only_with_trigger.py took 0.063 seconds
[2023-12-03T12:27:32.328+0000] {processor.py:157} INFO - Started process (PID=3035) to work on /home/airflow/.local/lib/python3.8/site-packages/airflow/example_dags/example_latest_only_with_trigger.py
[2023-12-03T12:27:32.329+0000] {processor.py:829} INFO - Processing file /home/airflow/.local/lib/python3.8/site-packages/airflow/example_dags/example_latest_only_with_trigger.py for tasks to queue
[2023-12-03T12:27:32.331+0000] {logging_mixin.py:154} INFO - [2023-12-03T12:27:32.331+0000] {dagbag.py:536} INFO - Filling up the DagBag from /home/airflow/.local/lib/python3.8/site-packages/airflow/example_dags/example_latest_only_with_trigger.py
[2023-12-03T12:27:32.339+0000] {processor.py:839} INFO - DAG(s) dict_keys(['latest_only_with_trigger']) retrieved from /home/airflow/.local/lib/python3.8/site-packages/airflow/example_dags/example_latest_only_with_trigger.py
[2023-12-03T12:27:32.366+0000] {logging_mixin.py:154} INFO - [2023-12-03T12:27:32.366+0000] {dag.py:2941} INFO - Sync 1 DAGs
[2023-12-03T12:27:32.383+0000] {logging_mixin.py:154} INFO - [2023-12-03T12:27:32.383+0000] {dag.py:3722} INFO - Setting next_dagrun for latest_only_with_trigger to 2023-12-03T08:27:32.383117+00:00, run_after=2023-12-03T12:27:32.383117+00:00
[2023-12-03T12:27:32.409+0000] {processor.py:179} INFO - Processing /home/airflow/.local/lib/python3.8/site-packages/airflow/example_dags/example_latest_only_with_trigger.py took 0.085 seconds
[2023-12-03T12:44:55.735+0000] {processor.py:157} INFO - Started process (PID=3093) to work on /home/airflow/.local/lib/python3.8/site-packages/airflow/example_dags/example_latest_only_with_trigger.py
[2023-12-03T12:44:55.736+0000] {processor.py:829} INFO - Processing file /home/airflow/.local/lib/python3.8/site-packages/airflow/example_dags/example_latest_only_with_trigger.py for tasks to queue
[2023-12-03T12:44:55.739+0000] {logging_mixin.py:154} INFO - [2023-12-03T12:44:55.739+0000] {dagbag.py:536} INFO - Filling up the DagBag from /home/airflow/.local/lib/python3.8/site-packages/airflow/example_dags/example_latest_only_with_trigger.py
[2023-12-03T12:44:55.746+0000] {processor.py:839} INFO - DAG(s) dict_keys(['latest_only_with_trigger']) retrieved from /home/airflow/.local/lib/python3.8/site-packages/airflow/example_dags/example_latest_only_with_trigger.py
[2023-12-03T12:44:55.765+0000] {logging_mixin.py:154} INFO - [2023-12-03T12:44:55.764+0000] {dag.py:2941} INFO - Sync 1 DAGs
[2023-12-03T12:44:55.782+0000] {logging_mixin.py:154} INFO - [2023-12-03T12:44:55.781+0000] {dag.py:3722} INFO - Setting next_dagrun for latest_only_with_trigger to 2023-12-03T08:44:55.781686+00:00, run_after=2023-12-03T12:44:55.781686+00:00
[2023-12-03T12:44:55.794+0000] {processor.py:179} INFO - Processing /home/airflow/.local/lib/python3.8/site-packages/airflow/example_dags/example_latest_only_with_trigger.py took 0.063 seconds
[2023-12-03T13:35:11.082+0000] {processor.py:157} INFO - Started process (PID=3151) to work on /home/airflow/.local/lib/python3.8/site-packages/airflow/example_dags/example_latest_only_with_trigger.py
[2023-12-03T13:35:11.083+0000] {processor.py:829} INFO - Processing file /home/airflow/.local/lib/python3.8/site-packages/airflow/example_dags/example_latest_only_with_trigger.py for tasks to queue
[2023-12-03T13:35:11.087+0000] {logging_mixin.py:154} INFO - [2023-12-03T13:35:11.087+0000] {dagbag.py:536} INFO - Filling up the DagBag from /home/airflow/.local/lib/python3.8/site-packages/airflow/example_dags/example_latest_only_with_trigger.py
[2023-12-03T13:35:11.092+0000] {processor.py:839} INFO - DAG(s) dict_keys(['latest_only_with_trigger']) retrieved from /home/airflow/.local/lib/python3.8/site-packages/airflow/example_dags/example_latest_only_with_trigger.py
[2023-12-03T13:35:11.108+0000] {logging_mixin.py:154} INFO - [2023-12-03T13:35:11.107+0000] {dag.py:2941} INFO - Sync 1 DAGs
[2023-12-03T13:35:11.123+0000] {logging_mixin.py:154} INFO - [2023-12-03T13:35:11.122+0000] {dag.py:3722} INFO - Setting next_dagrun for latest_only_with_trigger to 2023-12-03T09:35:11.122418+00:00, run_after=2023-12-03T13:35:11.122418+00:00
[2023-12-03T13:35:11.137+0000] {processor.py:179} INFO - Processing /home/airflow/.local/lib/python3.8/site-packages/airflow/example_dags/example_latest_only_with_trigger.py took 0.058 seconds
[2023-12-03T14:27:24.974+0000] {processor.py:157} INFO - Started process (PID=3209) to work on /home/airflow/.local/lib/python3.8/site-packages/airflow/example_dags/example_latest_only_with_trigger.py
[2023-12-03T14:27:24.975+0000] {processor.py:829} INFO - Processing file /home/airflow/.local/lib/python3.8/site-packages/airflow/example_dags/example_latest_only_with_trigger.py for tasks to queue
[2023-12-03T14:27:24.978+0000] {logging_mixin.py:154} INFO - [2023-12-03T14:27:24.977+0000] {dagbag.py:536} INFO - Filling up the DagBag from /home/airflow/.local/lib/python3.8/site-packages/airflow/example_dags/example_latest_only_with_trigger.py
[2023-12-03T14:27:24.983+0000] {processor.py:839} INFO - DAG(s) dict_keys(['latest_only_with_trigger']) retrieved from /home/airflow/.local/lib/python3.8/site-packages/airflow/example_dags/example_latest_only_with_trigger.py
[2023-12-03T14:27:25.002+0000] {logging_mixin.py:154} INFO - [2023-12-03T14:27:25.002+0000] {dag.py:2941} INFO - Sync 1 DAGs
[2023-12-03T14:27:25.026+0000] {logging_mixin.py:154} INFO - [2023-12-03T14:27:25.026+0000] {dag.py:3722} INFO - Setting next_dagrun for latest_only_with_trigger to 2023-12-03T10:27:25.026021+00:00, run_after=2023-12-03T14:27:25.026021+00:00
[2023-12-03T14:27:25.040+0000] {processor.py:179} INFO - Processing /home/airflow/.local/lib/python3.8/site-packages/airflow/example_dags/example_latest_only_with_trigger.py took 0.069 seconds
[2023-12-03T15:18:33.544+0000] {processor.py:157} INFO - Started process (PID=3267) to work on /home/airflow/.local/lib/python3.8/site-packages/airflow/example_dags/example_latest_only_with_trigger.py
[2023-12-03T15:18:33.546+0000] {processor.py:829} INFO - Processing file /home/airflow/.local/lib/python3.8/site-packages/airflow/example_dags/example_latest_only_with_trigger.py for tasks to queue
[2023-12-03T15:18:33.548+0000] {logging_mixin.py:154} INFO - [2023-12-03T15:18:33.548+0000] {dagbag.py:536} INFO - Filling up the DagBag from /home/airflow/.local/lib/python3.8/site-packages/airflow/example_dags/example_latest_only_with_trigger.py
[2023-12-03T15:18:33.554+0000] {processor.py:839} INFO - DAG(s) dict_keys(['latest_only_with_trigger']) retrieved from /home/airflow/.local/lib/python3.8/site-packages/airflow/example_dags/example_latest_only_with_trigger.py
[2023-12-03T15:18:33.571+0000] {logging_mixin.py:154} INFO - [2023-12-03T15:18:33.571+0000] {dag.py:2941} INFO - Sync 1 DAGs
[2023-12-03T15:18:33.587+0000] {logging_mixin.py:154} INFO - [2023-12-03T15:18:33.587+0000] {dag.py:3722} INFO - Setting next_dagrun for latest_only_with_trigger to 2023-12-03T11:18:33.586992+00:00, run_after=2023-12-03T15:18:33.586992+00:00
[2023-12-03T15:18:33.600+0000] {processor.py:179} INFO - Processing /home/airflow/.local/lib/python3.8/site-packages/airflow/example_dags/example_latest_only_with_trigger.py took 0.060 seconds
[2023-12-03T16:07:33.737+0000] {processor.py:157} INFO - Started process (PID=3325) to work on /home/airflow/.local/lib/python3.8/site-packages/airflow/example_dags/example_latest_only_with_trigger.py
[2023-12-03T16:07:33.739+0000] {processor.py:829} INFO - Processing file /home/airflow/.local/lib/python3.8/site-packages/airflow/example_dags/example_latest_only_with_trigger.py for tasks to queue
[2023-12-03T16:07:33.741+0000] {logging_mixin.py:154} INFO - [2023-12-03T16:07:33.740+0000] {dagbag.py:536} INFO - Filling up the DagBag from /home/airflow/.local/lib/python3.8/site-packages/airflow/example_dags/example_latest_only_with_trigger.py
[2023-12-03T16:07:33.746+0000] {processor.py:839} INFO - DAG(s) dict_keys(['latest_only_with_trigger']) retrieved from /home/airflow/.local/lib/python3.8/site-packages/airflow/example_dags/example_latest_only_with_trigger.py
[2023-12-03T16:07:33.767+0000] {logging_mixin.py:154} INFO - [2023-12-03T16:07:33.767+0000] {dag.py:2941} INFO - Sync 1 DAGs
[2023-12-03T16:07:33.787+0000] {logging_mixin.py:154} INFO - [2023-12-03T16:07:33.786+0000] {dag.py:3722} INFO - Setting next_dagrun for latest_only_with_trigger to 2023-12-03T12:07:33.786271+00:00, run_after=2023-12-03T16:07:33.786271+00:00
[2023-12-03T16:07:33.801+0000] {processor.py:179} INFO - Processing /home/airflow/.local/lib/python3.8/site-packages/airflow/example_dags/example_latest_only_with_trigger.py took 0.066 seconds
[2023-12-03T16:58:04.703+0000] {processor.py:157} INFO - Started process (PID=3383) to work on /home/airflow/.local/lib/python3.8/site-packages/airflow/example_dags/example_latest_only_with_trigger.py
[2023-12-03T16:58:04.704+0000] {processor.py:829} INFO - Processing file /home/airflow/.local/lib/python3.8/site-packages/airflow/example_dags/example_latest_only_with_trigger.py for tasks to queue
[2023-12-03T16:58:04.707+0000] {logging_mixin.py:154} INFO - [2023-12-03T16:58:04.707+0000] {dagbag.py:536} INFO - Filling up the DagBag from /home/airflow/.local/lib/python3.8/site-packages/airflow/example_dags/example_latest_only_with_trigger.py
[2023-12-03T16:58:04.712+0000] {processor.py:839} INFO - DAG(s) dict_keys(['latest_only_with_trigger']) retrieved from /home/airflow/.local/lib/python3.8/site-packages/airflow/example_dags/example_latest_only_with_trigger.py
[2023-12-03T16:58:04.731+0000] {logging_mixin.py:154} INFO - [2023-12-03T16:58:04.730+0000] {dag.py:2941} INFO - Sync 1 DAGs
[2023-12-03T16:58:04.745+0000] {logging_mixin.py:154} INFO - [2023-12-03T16:58:04.744+0000] {dag.py:3722} INFO - Setting next_dagrun for latest_only_with_trigger to 2023-12-03T12:58:04.744604+00:00, run_after=2023-12-03T16:58:04.744604+00:00
[2023-12-03T16:58:04.758+0000] {processor.py:179} INFO - Processing /home/airflow/.local/lib/python3.8/site-packages/airflow/example_dags/example_latest_only_with_trigger.py took 0.059 seconds
[2023-12-03T17:46:22.990+0000] {processor.py:157} INFO - Started process (PID=3441) to work on /home/airflow/.local/lib/python3.8/site-packages/airflow/example_dags/example_latest_only_with_trigger.py
[2023-12-03T17:46:22.992+0000] {processor.py:829} INFO - Processing file /home/airflow/.local/lib/python3.8/site-packages/airflow/example_dags/example_latest_only_with_trigger.py for tasks to queue
[2023-12-03T17:46:22.994+0000] {logging_mixin.py:154} INFO - [2023-12-03T17:46:22.994+0000] {dagbag.py:536} INFO - Filling up the DagBag from /home/airflow/.local/lib/python3.8/site-packages/airflow/example_dags/example_latest_only_with_trigger.py
[2023-12-03T17:46:23.000+0000] {processor.py:839} INFO - DAG(s) dict_keys(['latest_only_with_trigger']) retrieved from /home/airflow/.local/lib/python3.8/site-packages/airflow/example_dags/example_latest_only_with_trigger.py
[2023-12-03T17:46:23.017+0000] {logging_mixin.py:154} INFO - [2023-12-03T17:46:23.017+0000] {dag.py:2941} INFO - Sync 1 DAGs
[2023-12-03T17:46:23.031+0000] {logging_mixin.py:154} INFO - [2023-12-03T17:46:23.031+0000] {dag.py:3722} INFO - Setting next_dagrun for latest_only_with_trigger to 2023-12-03T13:46:23.031502+00:00, run_after=2023-12-03T17:46:23.031502+00:00
[2023-12-03T17:46:23.045+0000] {processor.py:179} INFO - Processing /home/airflow/.local/lib/python3.8/site-packages/airflow/example_dags/example_latest_only_with_trigger.py took 0.058 seconds
[2023-12-03T18:33:42.545+0000] {processor.py:157} INFO - Started process (PID=3499) to work on /home/airflow/.local/lib/python3.8/site-packages/airflow/example_dags/example_latest_only_with_trigger.py
[2023-12-03T18:33:42.546+0000] {processor.py:829} INFO - Processing file /home/airflow/.local/lib/python3.8/site-packages/airflow/example_dags/example_latest_only_with_trigger.py for tasks to queue
[2023-12-03T18:33:42.548+0000] {logging_mixin.py:154} INFO - [2023-12-03T18:33:42.548+0000] {dagbag.py:536} INFO - Filling up the DagBag from /home/airflow/.local/lib/python3.8/site-packages/airflow/example_dags/example_latest_only_with_trigger.py
[2023-12-03T18:33:42.553+0000] {processor.py:839} INFO - DAG(s) dict_keys(['latest_only_with_trigger']) retrieved from /home/airflow/.local/lib/python3.8/site-packages/airflow/example_dags/example_latest_only_with_trigger.py
[2023-12-03T18:33:42.570+0000] {logging_mixin.py:154} INFO - [2023-12-03T18:33:42.570+0000] {dag.py:2941} INFO - Sync 1 DAGs
[2023-12-03T18:33:42.586+0000] {logging_mixin.py:154} INFO - [2023-12-03T18:33:42.586+0000] {dag.py:3722} INFO - Setting next_dagrun for latest_only_with_trigger to 2023-12-03T14:33:42.586155+00:00, run_after=2023-12-03T18:33:42.586155+00:00
[2023-12-03T18:33:42.600+0000] {processor.py:179} INFO - Processing /home/airflow/.local/lib/python3.8/site-packages/airflow/example_dags/example_latest_only_with_trigger.py took 0.058 seconds
[2023-12-03T19:06:27.280+0000] {processor.py:157} INFO - Started process (PID=3557) to work on /home/airflow/.local/lib/python3.8/site-packages/airflow/example_dags/example_latest_only_with_trigger.py
[2023-12-03T19:06:27.282+0000] {processor.py:829} INFO - Processing file /home/airflow/.local/lib/python3.8/site-packages/airflow/example_dags/example_latest_only_with_trigger.py for tasks to queue
[2023-12-03T19:06:27.284+0000] {logging_mixin.py:154} INFO - [2023-12-03T19:06:27.283+0000] {dagbag.py:536} INFO - Filling up the DagBag from /home/airflow/.local/lib/python3.8/site-packages/airflow/example_dags/example_latest_only_with_trigger.py
[2023-12-03T19:06:27.289+0000] {processor.py:839} INFO - DAG(s) dict_keys(['latest_only_with_trigger']) retrieved from /home/airflow/.local/lib/python3.8/site-packages/airflow/example_dags/example_latest_only_with_trigger.py
[2023-12-03T19:06:27.308+0000] {logging_mixin.py:154} INFO - [2023-12-03T19:06:27.307+0000] {dag.py:2941} INFO - Sync 1 DAGs
[2023-12-03T19:06:27.327+0000] {logging_mixin.py:154} INFO - [2023-12-03T19:06:27.327+0000] {dag.py:3722} INFO - Setting next_dagrun for latest_only_with_trigger to 2023-12-03T15:06:27.327212+00:00, run_after=2023-12-03T19:06:27.327212+00:00
[2023-12-03T19:06:27.341+0000] {processor.py:179} INFO - Processing /home/airflow/.local/lib/python3.8/site-packages/airflow/example_dags/example_latest_only_with_trigger.py took 0.064 seconds
[2023-12-03T19:22:02.214+0000] {processor.py:157} INFO - Started process (PID=3614) to work on /home/airflow/.local/lib/python3.8/site-packages/airflow/example_dags/example_latest_only_with_trigger.py
[2023-12-03T19:22:02.215+0000] {processor.py:829} INFO - Processing file /home/airflow/.local/lib/python3.8/site-packages/airflow/example_dags/example_latest_only_with_trigger.py for tasks to queue
[2023-12-03T19:22:02.218+0000] {logging_mixin.py:154} INFO - [2023-12-03T19:22:02.217+0000] {dagbag.py:536} INFO - Filling up the DagBag from /home/airflow/.local/lib/python3.8/site-packages/airflow/example_dags/example_latest_only_with_trigger.py
[2023-12-03T19:22:02.223+0000] {processor.py:839} INFO - DAG(s) dict_keys(['latest_only_with_trigger']) retrieved from /home/airflow/.local/lib/python3.8/site-packages/airflow/example_dags/example_latest_only_with_trigger.py
[2023-12-03T19:22:02.241+0000] {logging_mixin.py:154} INFO - [2023-12-03T19:22:02.241+0000] {dag.py:2941} INFO - Sync 1 DAGs
[2023-12-03T19:22:02.257+0000] {logging_mixin.py:154} INFO - [2023-12-03T19:22:02.257+0000] {dag.py:3722} INFO - Setting next_dagrun for latest_only_with_trigger to 2023-12-03T15:22:02.257510+00:00, run_after=2023-12-03T19:22:02.257510+00:00
[2023-12-03T19:22:02.271+0000] {processor.py:179} INFO - Processing /home/airflow/.local/lib/python3.8/site-packages/airflow/example_dags/example_latest_only_with_trigger.py took 0.060 seconds
[2023-12-03T20:11:34.439+0000] {processor.py:157} INFO - Started process (PID=3672) to work on /home/airflow/.local/lib/python3.8/site-packages/airflow/example_dags/example_latest_only_with_trigger.py
[2023-12-03T20:11:34.440+0000] {processor.py:829} INFO - Processing file /home/airflow/.local/lib/python3.8/site-packages/airflow/example_dags/example_latest_only_with_trigger.py for tasks to queue
[2023-12-03T20:11:34.443+0000] {logging_mixin.py:154} INFO - [2023-12-03T20:11:34.443+0000] {dagbag.py:536} INFO - Filling up the DagBag from /home/airflow/.local/lib/python3.8/site-packages/airflow/example_dags/example_latest_only_with_trigger.py
[2023-12-03T20:11:34.449+0000] {processor.py:839} INFO - DAG(s) dict_keys(['latest_only_with_trigger']) retrieved from /home/airflow/.local/lib/python3.8/site-packages/airflow/example_dags/example_latest_only_with_trigger.py
[2023-12-03T20:11:34.468+0000] {logging_mixin.py:154} INFO - [2023-12-03T20:11:34.468+0000] {dag.py:2941} INFO - Sync 1 DAGs
[2023-12-03T20:11:34.492+0000] {logging_mixin.py:154} INFO - [2023-12-03T20:11:34.491+0000] {dag.py:3722} INFO - Setting next_dagrun for latest_only_with_trigger to 2023-12-03T16:11:34.491705+00:00, run_after=2023-12-03T20:11:34.491705+00:00
[2023-12-03T20:11:34.509+0000] {processor.py:179} INFO - Processing /home/airflow/.local/lib/python3.8/site-packages/airflow/example_dags/example_latest_only_with_trigger.py took 0.073 seconds
[2023-12-03T21:36:34.357+0000] {processor.py:157} INFO - Started process (PID=3730) to work on /home/airflow/.local/lib/python3.8/site-packages/airflow/example_dags/example_latest_only_with_trigger.py
[2023-12-03T21:36:34.369+0000] {processor.py:829} INFO - Processing file /home/airflow/.local/lib/python3.8/site-packages/airflow/example_dags/example_latest_only_with_trigger.py for tasks to queue
[2023-12-03T21:36:34.371+0000] {logging_mixin.py:154} INFO - [2023-12-03T21:36:34.371+0000] {dagbag.py:536} INFO - Filling up the DagBag from /home/airflow/.local/lib/python3.8/site-packages/airflow/example_dags/example_latest_only_with_trigger.py
[2023-12-03T21:36:34.379+0000] {processor.py:839} INFO - DAG(s) dict_keys(['latest_only_with_trigger']) retrieved from /home/airflow/.local/lib/python3.8/site-packages/airflow/example_dags/example_latest_only_with_trigger.py
[2023-12-03T21:36:34.409+0000] {logging_mixin.py:154} INFO - [2023-12-03T21:36:34.409+0000] {dag.py:2941} INFO - Sync 1 DAGs
[2023-12-03T21:36:34.430+0000] {logging_mixin.py:154} INFO - [2023-12-03T21:36:34.430+0000] {dag.py:3722} INFO - Setting next_dagrun for latest_only_with_trigger to 2023-12-03T17:36:34.430073+00:00, run_after=2023-12-03T21:36:34.430073+00:00
[2023-12-03T21:36:34.453+0000] {processor.py:179} INFO - Processing /home/airflow/.local/lib/python3.8/site-packages/airflow/example_dags/example_latest_only_with_trigger.py took 0.101 seconds
[2023-12-03T22:57:31.967+0000] {processor.py:157} INFO - Started process (PID=3781) to work on /home/airflow/.local/lib/python3.8/site-packages/airflow/example_dags/example_latest_only_with_trigger.py
[2023-12-03T22:57:31.968+0000] {processor.py:829} INFO - Processing file /home/airflow/.local/lib/python3.8/site-packages/airflow/example_dags/example_latest_only_with_trigger.py for tasks to queue
[2023-12-03T22:57:31.970+0000] {logging_mixin.py:154} INFO - [2023-12-03T22:57:31.970+0000] {dagbag.py:536} INFO - Filling up the DagBag from /home/airflow/.local/lib/python3.8/site-packages/airflow/example_dags/example_latest_only_with_trigger.py
[2023-12-03T22:57:31.976+0000] {processor.py:839} INFO - DAG(s) dict_keys(['latest_only_with_trigger']) retrieved from /home/airflow/.local/lib/python3.8/site-packages/airflow/example_dags/example_latest_only_with_trigger.py
[2023-12-03T22:57:31.993+0000] {logging_mixin.py:154} INFO - [2023-12-03T22:57:31.993+0000] {dag.py:2941} INFO - Sync 1 DAGs
[2023-12-03T22:57:32.008+0000] {logging_mixin.py:154} INFO - [2023-12-03T22:57:32.008+0000] {dag.py:3722} INFO - Setting next_dagrun for latest_only_with_trigger to 2023-12-03T18:57:32.008286+00:00, run_after=2023-12-03T22:57:32.008286+00:00
[2023-12-03T22:57:32.021+0000] {processor.py:179} INFO - Processing /home/airflow/.local/lib/python3.8/site-packages/airflow/example_dags/example_latest_only_with_trigger.py took 0.058 seconds
[2023-12-03T23:13:10.877+0000] {processor.py:157} INFO - Started process (PID=3839) to work on /home/airflow/.local/lib/python3.8/site-packages/airflow/example_dags/example_latest_only_with_trigger.py
[2023-12-03T23:13:10.878+0000] {processor.py:829} INFO - Processing file /home/airflow/.local/lib/python3.8/site-packages/airflow/example_dags/example_latest_only_with_trigger.py for tasks to queue
[2023-12-03T23:13:10.880+0000] {logging_mixin.py:154} INFO - [2023-12-03T23:13:10.880+0000] {dagbag.py:536} INFO - Filling up the DagBag from /home/airflow/.local/lib/python3.8/site-packages/airflow/example_dags/example_latest_only_with_trigger.py
[2023-12-03T23:13:10.886+0000] {processor.py:839} INFO - DAG(s) dict_keys(['latest_only_with_trigger']) retrieved from /home/airflow/.local/lib/python3.8/site-packages/airflow/example_dags/example_latest_only_with_trigger.py
[2023-12-03T23:13:10.904+0000] {logging_mixin.py:154} INFO - [2023-12-03T23:13:10.904+0000] {dag.py:2941} INFO - Sync 1 DAGs
[2023-12-03T23:13:10.922+0000] {logging_mixin.py:154} INFO - [2023-12-03T23:13:10.922+0000] {dag.py:3722} INFO - Setting next_dagrun for latest_only_with_trigger to 2023-12-03T19:13:10.922115+00:00, run_after=2023-12-03T23:13:10.922115+00:00
[2023-12-03T23:13:10.936+0000] {processor.py:179} INFO - Processing /home/airflow/.local/lib/python3.8/site-packages/airflow/example_dags/example_latest_only_with_trigger.py took 0.063 seconds
[2023-12-03T23:22:19.288+0000] {processor.py:157} INFO - Started process (PID=3897) to work on /home/airflow/.local/lib/python3.8/site-packages/airflow/example_dags/example_latest_only_with_trigger.py
[2023-12-03T23:22:19.290+0000] {processor.py:829} INFO - Processing file /home/airflow/.local/lib/python3.8/site-packages/airflow/example_dags/example_latest_only_with_trigger.py for tasks to queue
[2023-12-03T23:22:19.292+0000] {logging_mixin.py:154} INFO - [2023-12-03T23:22:19.292+0000] {dagbag.py:536} INFO - Filling up the DagBag from /home/airflow/.local/lib/python3.8/site-packages/airflow/example_dags/example_latest_only_with_trigger.py
[2023-12-03T23:22:19.298+0000] {processor.py:839} INFO - DAG(s) dict_keys(['latest_only_with_trigger']) retrieved from /home/airflow/.local/lib/python3.8/site-packages/airflow/example_dags/example_latest_only_with_trigger.py
[2023-12-03T23:22:19.314+0000] {logging_mixin.py:154} INFO - [2023-12-03T23:22:19.313+0000] {dag.py:2941} INFO - Sync 1 DAGs
[2023-12-03T23:22:19.330+0000] {logging_mixin.py:154} INFO - [2023-12-03T23:22:19.330+0000] {dag.py:3722} INFO - Setting next_dagrun for latest_only_with_trigger to 2023-12-03T19:22:19.330231+00:00, run_after=2023-12-03T23:22:19.330231+00:00
[2023-12-03T23:22:19.342+0000] {processor.py:179} INFO - Processing /home/airflow/.local/lib/python3.8/site-packages/airflow/example_dags/example_latest_only_with_trigger.py took 0.057 seconds
