[2023-12-03T09:43:23.003+0000] {processor.py:157} INFO - Started process (PID=48) to work on /home/airflow/.local/lib/python3.8/site-packages/airflow/example_dags/example_bash_operator.py
[2023-12-03T09:43:23.004+0000] {processor.py:829} INFO - Processing file /home/airflow/.local/lib/python3.8/site-packages/airflow/example_dags/example_bash_operator.py for tasks to queue
[2023-12-03T09:43:23.008+0000] {logging_mixin.py:154} INFO - [2023-12-03T09:43:23.008+0000] {dagbag.py:536} INFO - Filling up the DagBag from /home/airflow/.local/lib/python3.8/site-packages/airflow/example_dags/example_bash_operator.py
[2023-12-03T09:43:23.029+0000] {processor.py:839} INFO - DAG(s) dict_keys(['example_bash_operator']) retrieved from /home/airflow/.local/lib/python3.8/site-packages/airflow/example_dags/example_bash_operator.py
[2023-12-03T09:43:23.046+0000] {logging_mixin.py:154} INFO - [2023-12-03T09:43:23.046+0000] {dag.py:2941} INFO - Sync 1 DAGs
[2023-12-03T09:43:23.085+0000] {logging_mixin.py:154} INFO - [2023-12-03T09:43:23.085+0000] {dag.py:3722} INFO - Setting next_dagrun for example_bash_operator to 2023-12-02T00:00:00+00:00, run_after=2023-12-03T00:00:00+00:00
[2023-12-03T09:43:23.113+0000] {processor.py:179} INFO - Processing /home/airflow/.local/lib/python3.8/site-packages/airflow/example_dags/example_bash_operator.py took 0.114 seconds
[2023-12-03T09:43:53.776+0000] {processor.py:157} INFO - Started process (PID=106) to work on /home/airflow/.local/lib/python3.8/site-packages/airflow/example_dags/example_bash_operator.py
[2023-12-03T09:43:53.777+0000] {processor.py:829} INFO - Processing file /home/airflow/.local/lib/python3.8/site-packages/airflow/example_dags/example_bash_operator.py for tasks to queue
[2023-12-03T09:43:53.780+0000] {logging_mixin.py:154} INFO - [2023-12-03T09:43:53.780+0000] {dagbag.py:536} INFO - Filling up the DagBag from /home/airflow/.local/lib/python3.8/site-packages/airflow/example_dags/example_bash_operator.py
[2023-12-03T09:43:53.791+0000] {processor.py:839} INFO - DAG(s) dict_keys(['example_bash_operator']) retrieved from /home/airflow/.local/lib/python3.8/site-packages/airflow/example_dags/example_bash_operator.py
[2023-12-03T09:43:53.820+0000] {logging_mixin.py:154} INFO - [2023-12-03T09:43:53.820+0000] {dag.py:2941} INFO - Sync 1 DAGs
[2023-12-03T09:43:53.851+0000] {logging_mixin.py:154} INFO - [2023-12-03T09:43:53.851+0000] {dag.py:3722} INFO - Setting next_dagrun for example_bash_operator to 2023-12-02T00:00:00+00:00, run_after=2023-12-03T00:00:00+00:00
[2023-12-03T09:43:53.875+0000] {processor.py:179} INFO - Processing /home/airflow/.local/lib/python3.8/site-packages/airflow/example_dags/example_bash_operator.py took 0.102 seconds
[2023-12-03T09:44:24.796+0000] {processor.py:157} INFO - Started process (PID=163) to work on /home/airflow/.local/lib/python3.8/site-packages/airflow/example_dags/example_bash_operator.py
[2023-12-03T09:44:24.797+0000] {processor.py:829} INFO - Processing file /home/airflow/.local/lib/python3.8/site-packages/airflow/example_dags/example_bash_operator.py for tasks to queue
[2023-12-03T09:44:24.800+0000] {logging_mixin.py:154} INFO - [2023-12-03T09:44:24.800+0000] {dagbag.py:536} INFO - Filling up the DagBag from /home/airflow/.local/lib/python3.8/site-packages/airflow/example_dags/example_bash_operator.py
[2023-12-03T09:44:24.810+0000] {processor.py:839} INFO - DAG(s) dict_keys(['example_bash_operator']) retrieved from /home/airflow/.local/lib/python3.8/site-packages/airflow/example_dags/example_bash_operator.py
[2023-12-03T09:44:24.835+0000] {logging_mixin.py:154} INFO - [2023-12-03T09:44:24.835+0000] {dag.py:2941} INFO - Sync 1 DAGs
[2023-12-03T09:44:24.857+0000] {logging_mixin.py:154} INFO - [2023-12-03T09:44:24.857+0000] {dag.py:3722} INFO - Setting next_dagrun for example_bash_operator to 2023-12-02T00:00:00+00:00, run_after=2023-12-03T00:00:00+00:00
[2023-12-03T09:44:24.873+0000] {processor.py:179} INFO - Processing /home/airflow/.local/lib/python3.8/site-packages/airflow/example_dags/example_bash_operator.py took 0.081 seconds
[2023-12-03T09:44:55.896+0000] {processor.py:157} INFO - Started process (PID=221) to work on /home/airflow/.local/lib/python3.8/site-packages/airflow/example_dags/example_bash_operator.py
[2023-12-03T09:44:55.897+0000] {processor.py:829} INFO - Processing file /home/airflow/.local/lib/python3.8/site-packages/airflow/example_dags/example_bash_operator.py for tasks to queue
[2023-12-03T09:44:55.899+0000] {logging_mixin.py:154} INFO - [2023-12-03T09:44:55.899+0000] {dagbag.py:536} INFO - Filling up the DagBag from /home/airflow/.local/lib/python3.8/site-packages/airflow/example_dags/example_bash_operator.py
[2023-12-03T09:44:55.909+0000] {processor.py:839} INFO - DAG(s) dict_keys(['example_bash_operator']) retrieved from /home/airflow/.local/lib/python3.8/site-packages/airflow/example_dags/example_bash_operator.py
[2023-12-03T09:44:55.934+0000] {logging_mixin.py:154} INFO - [2023-12-03T09:44:55.933+0000] {dag.py:2941} INFO - Sync 1 DAGs
[2023-12-03T09:44:55.956+0000] {logging_mixin.py:154} INFO - [2023-12-03T09:44:55.956+0000] {dag.py:3722} INFO - Setting next_dagrun for example_bash_operator to 2023-12-02T00:00:00+00:00, run_after=2023-12-03T00:00:00+00:00
[2023-12-03T09:44:55.972+0000] {processor.py:179} INFO - Processing /home/airflow/.local/lib/python3.8/site-packages/airflow/example_dags/example_bash_operator.py took 0.080 seconds
[2023-12-03T09:45:26.470+0000] {processor.py:157} INFO - Started process (PID=278) to work on /home/airflow/.local/lib/python3.8/site-packages/airflow/example_dags/example_bash_operator.py
[2023-12-03T09:45:26.472+0000] {processor.py:829} INFO - Processing file /home/airflow/.local/lib/python3.8/site-packages/airflow/example_dags/example_bash_operator.py for tasks to queue
[2023-12-03T09:45:26.475+0000] {logging_mixin.py:154} INFO - [2023-12-03T09:45:26.474+0000] {dagbag.py:536} INFO - Filling up the DagBag from /home/airflow/.local/lib/python3.8/site-packages/airflow/example_dags/example_bash_operator.py
[2023-12-03T09:45:26.486+0000] {processor.py:839} INFO - DAG(s) dict_keys(['example_bash_operator']) retrieved from /home/airflow/.local/lib/python3.8/site-packages/airflow/example_dags/example_bash_operator.py
[2023-12-03T09:45:26.515+0000] {logging_mixin.py:154} INFO - [2023-12-03T09:45:26.515+0000] {dag.py:2941} INFO - Sync 1 DAGs
[2023-12-03T09:45:26.539+0000] {logging_mixin.py:154} INFO - [2023-12-03T09:45:26.539+0000] {dag.py:3722} INFO - Setting next_dagrun for example_bash_operator to 2023-12-02T00:00:00+00:00, run_after=2023-12-03T00:00:00+00:00
[2023-12-03T09:45:26.561+0000] {processor.py:179} INFO - Processing /home/airflow/.local/lib/python3.8/site-packages/airflow/example_dags/example_bash_operator.py took 0.094 seconds
[2023-12-03T09:45:56.918+0000] {processor.py:157} INFO - Started process (PID=338) to work on /home/airflow/.local/lib/python3.8/site-packages/airflow/example_dags/example_bash_operator.py
[2023-12-03T09:45:56.920+0000] {processor.py:829} INFO - Processing file /home/airflow/.local/lib/python3.8/site-packages/airflow/example_dags/example_bash_operator.py for tasks to queue
[2023-12-03T09:45:56.923+0000] {logging_mixin.py:154} INFO - [2023-12-03T09:45:56.923+0000] {dagbag.py:536} INFO - Filling up the DagBag from /home/airflow/.local/lib/python3.8/site-packages/airflow/example_dags/example_bash_operator.py
[2023-12-03T09:45:56.937+0000] {processor.py:839} INFO - DAG(s) dict_keys(['example_bash_operator']) retrieved from /home/airflow/.local/lib/python3.8/site-packages/airflow/example_dags/example_bash_operator.py
[2023-12-03T09:45:56.970+0000] {logging_mixin.py:154} INFO - [2023-12-03T09:45:56.969+0000] {dag.py:2941} INFO - Sync 1 DAGs
[2023-12-03T09:45:57.011+0000] {logging_mixin.py:154} INFO - [2023-12-03T09:45:57.011+0000] {dag.py:3722} INFO - Setting next_dagrun for example_bash_operator to 2023-12-02T00:00:00+00:00, run_after=2023-12-03T00:00:00+00:00
[2023-12-03T09:45:57.038+0000] {processor.py:179} INFO - Processing /home/airflow/.local/lib/python3.8/site-packages/airflow/example_dags/example_bash_operator.py took 0.125 seconds
[2023-12-03T09:46:27.423+0000] {processor.py:157} INFO - Started process (PID=396) to work on /home/airflow/.local/lib/python3.8/site-packages/airflow/example_dags/example_bash_operator.py
[2023-12-03T09:46:27.425+0000] {processor.py:829} INFO - Processing file /home/airflow/.local/lib/python3.8/site-packages/airflow/example_dags/example_bash_operator.py for tasks to queue
[2023-12-03T09:46:27.429+0000] {logging_mixin.py:154} INFO - [2023-12-03T09:46:27.428+0000] {dagbag.py:536} INFO - Filling up the DagBag from /home/airflow/.local/lib/python3.8/site-packages/airflow/example_dags/example_bash_operator.py
[2023-12-03T09:46:27.442+0000] {processor.py:839} INFO - DAG(s) dict_keys(['example_bash_operator']) retrieved from /home/airflow/.local/lib/python3.8/site-packages/airflow/example_dags/example_bash_operator.py
[2023-12-03T09:46:27.475+0000] {logging_mixin.py:154} INFO - [2023-12-03T09:46:27.475+0000] {dag.py:2941} INFO - Sync 1 DAGs
[2023-12-03T09:46:27.503+0000] {logging_mixin.py:154} INFO - [2023-12-03T09:46:27.503+0000] {dag.py:3722} INFO - Setting next_dagrun for example_bash_operator to 2023-12-02T00:00:00+00:00, run_after=2023-12-03T00:00:00+00:00
[2023-12-03T09:46:27.523+0000] {processor.py:179} INFO - Processing /home/airflow/.local/lib/python3.8/site-packages/airflow/example_dags/example_bash_operator.py took 0.106 seconds
[2023-12-03T09:46:57.639+0000] {processor.py:157} INFO - Started process (PID=452) to work on /home/airflow/.local/lib/python3.8/site-packages/airflow/example_dags/example_bash_operator.py
[2023-12-03T09:46:57.640+0000] {processor.py:829} INFO - Processing file /home/airflow/.local/lib/python3.8/site-packages/airflow/example_dags/example_bash_operator.py for tasks to queue
[2023-12-03T09:46:57.643+0000] {logging_mixin.py:154} INFO - [2023-12-03T09:46:57.643+0000] {dagbag.py:536} INFO - Filling up the DagBag from /home/airflow/.local/lib/python3.8/site-packages/airflow/example_dags/example_bash_operator.py
[2023-12-03T09:46:57.657+0000] {processor.py:839} INFO - DAG(s) dict_keys(['example_bash_operator']) retrieved from /home/airflow/.local/lib/python3.8/site-packages/airflow/example_dags/example_bash_operator.py
[2023-12-03T09:46:57.694+0000] {logging_mixin.py:154} INFO - [2023-12-03T09:46:57.694+0000] {dag.py:2941} INFO - Sync 1 DAGs
[2023-12-03T09:46:57.726+0000] {logging_mixin.py:154} INFO - [2023-12-03T09:46:57.726+0000] {dag.py:3722} INFO - Setting next_dagrun for example_bash_operator to 2023-12-02T00:00:00+00:00, run_after=2023-12-03T00:00:00+00:00
[2023-12-03T09:46:57.746+0000] {processor.py:179} INFO - Processing /home/airflow/.local/lib/python3.8/site-packages/airflow/example_dags/example_bash_operator.py took 0.111 seconds
[2023-12-03T09:47:28.414+0000] {processor.py:157} INFO - Started process (PID=510) to work on /home/airflow/.local/lib/python3.8/site-packages/airflow/example_dags/example_bash_operator.py
[2023-12-03T09:47:28.416+0000] {processor.py:829} INFO - Processing file /home/airflow/.local/lib/python3.8/site-packages/airflow/example_dags/example_bash_operator.py for tasks to queue
[2023-12-03T09:47:28.418+0000] {logging_mixin.py:154} INFO - [2023-12-03T09:47:28.418+0000] {dagbag.py:536} INFO - Filling up the DagBag from /home/airflow/.local/lib/python3.8/site-packages/airflow/example_dags/example_bash_operator.py
[2023-12-03T09:47:28.432+0000] {processor.py:839} INFO - DAG(s) dict_keys(['example_bash_operator']) retrieved from /home/airflow/.local/lib/python3.8/site-packages/airflow/example_dags/example_bash_operator.py
[2023-12-03T09:47:28.467+0000] {logging_mixin.py:154} INFO - [2023-12-03T09:47:28.466+0000] {dag.py:2941} INFO - Sync 1 DAGs
[2023-12-03T09:47:28.498+0000] {logging_mixin.py:154} INFO - [2023-12-03T09:47:28.498+0000] {dag.py:3722} INFO - Setting next_dagrun for example_bash_operator to 2023-12-02T00:00:00+00:00, run_after=2023-12-03T00:00:00+00:00
[2023-12-03T09:47:28.518+0000] {processor.py:179} INFO - Processing /home/airflow/.local/lib/python3.8/site-packages/airflow/example_dags/example_bash_operator.py took 0.109 seconds
[2023-12-03T09:47:58.663+0000] {processor.py:157} INFO - Started process (PID=568) to work on /home/airflow/.local/lib/python3.8/site-packages/airflow/example_dags/example_bash_operator.py
[2023-12-03T09:47:58.664+0000] {processor.py:829} INFO - Processing file /home/airflow/.local/lib/python3.8/site-packages/airflow/example_dags/example_bash_operator.py for tasks to queue
[2023-12-03T09:47:58.667+0000] {logging_mixin.py:154} INFO - [2023-12-03T09:47:58.667+0000] {dagbag.py:536} INFO - Filling up the DagBag from /home/airflow/.local/lib/python3.8/site-packages/airflow/example_dags/example_bash_operator.py
[2023-12-03T09:47:58.678+0000] {processor.py:839} INFO - DAG(s) dict_keys(['example_bash_operator']) retrieved from /home/airflow/.local/lib/python3.8/site-packages/airflow/example_dags/example_bash_operator.py
[2023-12-03T09:47:58.709+0000] {logging_mixin.py:154} INFO - [2023-12-03T09:47:58.709+0000] {dag.py:2941} INFO - Sync 1 DAGs
[2023-12-03T09:47:58.734+0000] {logging_mixin.py:154} INFO - [2023-12-03T09:47:58.734+0000] {dag.py:3722} INFO - Setting next_dagrun for example_bash_operator to 2023-12-02T00:00:00+00:00, run_after=2023-12-03T00:00:00+00:00
[2023-12-03T09:47:58.750+0000] {processor.py:179} INFO - Processing /home/airflow/.local/lib/python3.8/site-packages/airflow/example_dags/example_bash_operator.py took 0.091 seconds
[2023-12-03T09:48:29.675+0000] {processor.py:157} INFO - Started process (PID=625) to work on /home/airflow/.local/lib/python3.8/site-packages/airflow/example_dags/example_bash_operator.py
[2023-12-03T09:48:29.677+0000] {processor.py:829} INFO - Processing file /home/airflow/.local/lib/python3.8/site-packages/airflow/example_dags/example_bash_operator.py for tasks to queue
[2023-12-03T09:48:29.679+0000] {logging_mixin.py:154} INFO - [2023-12-03T09:48:29.678+0000] {dagbag.py:536} INFO - Filling up the DagBag from /home/airflow/.local/lib/python3.8/site-packages/airflow/example_dags/example_bash_operator.py
[2023-12-03T09:48:29.689+0000] {processor.py:839} INFO - DAG(s) dict_keys(['example_bash_operator']) retrieved from /home/airflow/.local/lib/python3.8/site-packages/airflow/example_dags/example_bash_operator.py
[2023-12-03T09:48:29.715+0000] {logging_mixin.py:154} INFO - [2023-12-03T09:48:29.714+0000] {dag.py:2941} INFO - Sync 1 DAGs
[2023-12-03T09:48:29.732+0000] {logging_mixin.py:154} INFO - [2023-12-03T09:48:29.732+0000] {dag.py:3722} INFO - Setting next_dagrun for example_bash_operator to 2023-12-02T00:00:00+00:00, run_after=2023-12-03T00:00:00+00:00
[2023-12-03T09:48:29.745+0000] {processor.py:179} INFO - Processing /home/airflow/.local/lib/python3.8/site-packages/airflow/example_dags/example_bash_operator.py took 0.073 seconds
[2023-12-03T09:49:00.613+0000] {processor.py:157} INFO - Started process (PID=683) to work on /home/airflow/.local/lib/python3.8/site-packages/airflow/example_dags/example_bash_operator.py
[2023-12-03T09:49:00.615+0000] {processor.py:829} INFO - Processing file /home/airflow/.local/lib/python3.8/site-packages/airflow/example_dags/example_bash_operator.py for tasks to queue
[2023-12-03T09:49:00.618+0000] {logging_mixin.py:154} INFO - [2023-12-03T09:49:00.618+0000] {dagbag.py:536} INFO - Filling up the DagBag from /home/airflow/.local/lib/python3.8/site-packages/airflow/example_dags/example_bash_operator.py
[2023-12-03T09:49:00.631+0000] {processor.py:839} INFO - DAG(s) dict_keys(['example_bash_operator']) retrieved from /home/airflow/.local/lib/python3.8/site-packages/airflow/example_dags/example_bash_operator.py
[2023-12-03T09:49:00.659+0000] {logging_mixin.py:154} INFO - [2023-12-03T09:49:00.659+0000] {dag.py:2941} INFO - Sync 1 DAGs
[2023-12-03T09:49:00.681+0000] {logging_mixin.py:154} INFO - [2023-12-03T09:49:00.681+0000] {dag.py:3722} INFO - Setting next_dagrun for example_bash_operator to 2023-12-02T00:00:00+00:00, run_after=2023-12-03T00:00:00+00:00
[2023-12-03T09:49:00.696+0000] {processor.py:179} INFO - Processing /home/airflow/.local/lib/python3.8/site-packages/airflow/example_dags/example_bash_operator.py took 0.088 seconds
[2023-12-03T09:49:31.511+0000] {processor.py:157} INFO - Started process (PID=741) to work on /home/airflow/.local/lib/python3.8/site-packages/airflow/example_dags/example_bash_operator.py
[2023-12-03T09:49:31.512+0000] {processor.py:829} INFO - Processing file /home/airflow/.local/lib/python3.8/site-packages/airflow/example_dags/example_bash_operator.py for tasks to queue
[2023-12-03T09:49:31.515+0000] {logging_mixin.py:154} INFO - [2023-12-03T09:49:31.515+0000] {dagbag.py:536} INFO - Filling up the DagBag from /home/airflow/.local/lib/python3.8/site-packages/airflow/example_dags/example_bash_operator.py
[2023-12-03T09:49:31.526+0000] {processor.py:839} INFO - DAG(s) dict_keys(['example_bash_operator']) retrieved from /home/airflow/.local/lib/python3.8/site-packages/airflow/example_dags/example_bash_operator.py
[2023-12-03T09:49:31.553+0000] {logging_mixin.py:154} INFO - [2023-12-03T09:49:31.553+0000] {dag.py:2941} INFO - Sync 1 DAGs
[2023-12-03T09:49:31.578+0000] {logging_mixin.py:154} INFO - [2023-12-03T09:49:31.577+0000] {dag.py:3722} INFO - Setting next_dagrun for example_bash_operator to 2023-12-02T00:00:00+00:00, run_after=2023-12-03T00:00:00+00:00
[2023-12-03T09:49:31.592+0000] {processor.py:179} INFO - Processing /home/airflow/.local/lib/python3.8/site-packages/airflow/example_dags/example_bash_operator.py took 0.085 seconds
[2023-12-03T09:50:01.861+0000] {processor.py:157} INFO - Started process (PID=799) to work on /home/airflow/.local/lib/python3.8/site-packages/airflow/example_dags/example_bash_operator.py
[2023-12-03T09:50:01.862+0000] {processor.py:829} INFO - Processing file /home/airflow/.local/lib/python3.8/site-packages/airflow/example_dags/example_bash_operator.py for tasks to queue
[2023-12-03T09:50:01.864+0000] {logging_mixin.py:154} INFO - [2023-12-03T09:50:01.864+0000] {dagbag.py:536} INFO - Filling up the DagBag from /home/airflow/.local/lib/python3.8/site-packages/airflow/example_dags/example_bash_operator.py
[2023-12-03T09:50:01.876+0000] {processor.py:839} INFO - DAG(s) dict_keys(['example_bash_operator']) retrieved from /home/airflow/.local/lib/python3.8/site-packages/airflow/example_dags/example_bash_operator.py
[2023-12-03T09:50:01.904+0000] {logging_mixin.py:154} INFO - [2023-12-03T09:50:01.903+0000] {dag.py:2941} INFO - Sync 1 DAGs
[2023-12-03T09:50:01.926+0000] {logging_mixin.py:154} INFO - [2023-12-03T09:50:01.926+0000] {dag.py:3722} INFO - Setting next_dagrun for example_bash_operator to 2023-12-02T00:00:00+00:00, run_after=2023-12-03T00:00:00+00:00
[2023-12-03T09:50:01.943+0000] {processor.py:179} INFO - Processing /home/airflow/.local/lib/python3.8/site-packages/airflow/example_dags/example_bash_operator.py took 0.087 seconds
[2023-12-03T09:50:32.880+0000] {processor.py:157} INFO - Started process (PID=857) to work on /home/airflow/.local/lib/python3.8/site-packages/airflow/example_dags/example_bash_operator.py
[2023-12-03T09:50:32.882+0000] {processor.py:829} INFO - Processing file /home/airflow/.local/lib/python3.8/site-packages/airflow/example_dags/example_bash_operator.py for tasks to queue
[2023-12-03T09:50:32.885+0000] {logging_mixin.py:154} INFO - [2023-12-03T09:50:32.884+0000] {dagbag.py:536} INFO - Filling up the DagBag from /home/airflow/.local/lib/python3.8/site-packages/airflow/example_dags/example_bash_operator.py
[2023-12-03T09:50:32.900+0000] {processor.py:839} INFO - DAG(s) dict_keys(['example_bash_operator']) retrieved from /home/airflow/.local/lib/python3.8/site-packages/airflow/example_dags/example_bash_operator.py
[2023-12-03T09:50:32.938+0000] {logging_mixin.py:154} INFO - [2023-12-03T09:50:32.938+0000] {dag.py:2941} INFO - Sync 1 DAGs
[2023-12-03T09:50:32.968+0000] {logging_mixin.py:154} INFO - [2023-12-03T09:50:32.968+0000] {dag.py:3722} INFO - Setting next_dagrun for example_bash_operator to 2023-12-02T00:00:00+00:00, run_after=2023-12-03T00:00:00+00:00
[2023-12-03T09:50:32.993+0000] {processor.py:179} INFO - Processing /home/airflow/.local/lib/python3.8/site-packages/airflow/example_dags/example_bash_operator.py took 0.117 seconds
[2023-12-03T09:51:03.091+0000] {processor.py:157} INFO - Started process (PID=915) to work on /home/airflow/.local/lib/python3.8/site-packages/airflow/example_dags/example_bash_operator.py
[2023-12-03T09:51:03.093+0000] {processor.py:829} INFO - Processing file /home/airflow/.local/lib/python3.8/site-packages/airflow/example_dags/example_bash_operator.py for tasks to queue
[2023-12-03T09:51:03.096+0000] {logging_mixin.py:154} INFO - [2023-12-03T09:51:03.095+0000] {dagbag.py:536} INFO - Filling up the DagBag from /home/airflow/.local/lib/python3.8/site-packages/airflow/example_dags/example_bash_operator.py
[2023-12-03T09:51:03.112+0000] {processor.py:839} INFO - DAG(s) dict_keys(['example_bash_operator']) retrieved from /home/airflow/.local/lib/python3.8/site-packages/airflow/example_dags/example_bash_operator.py
[2023-12-03T09:51:03.150+0000] {logging_mixin.py:154} INFO - [2023-12-03T09:51:03.150+0000] {dag.py:2941} INFO - Sync 1 DAGs
[2023-12-03T09:51:03.178+0000] {logging_mixin.py:154} INFO - [2023-12-03T09:51:03.177+0000] {dag.py:3722} INFO - Setting next_dagrun for example_bash_operator to 2023-12-02T00:00:00+00:00, run_after=2023-12-03T00:00:00+00:00
[2023-12-03T09:51:03.200+0000] {processor.py:179} INFO - Processing /home/airflow/.local/lib/python3.8/site-packages/airflow/example_dags/example_bash_operator.py took 0.114 seconds
[2023-12-03T09:51:33.294+0000] {processor.py:157} INFO - Started process (PID=973) to work on /home/airflow/.local/lib/python3.8/site-packages/airflow/example_dags/example_bash_operator.py
[2023-12-03T09:51:33.295+0000] {processor.py:829} INFO - Processing file /home/airflow/.local/lib/python3.8/site-packages/airflow/example_dags/example_bash_operator.py for tasks to queue
[2023-12-03T09:51:33.298+0000] {logging_mixin.py:154} INFO - [2023-12-03T09:51:33.297+0000] {dagbag.py:536} INFO - Filling up the DagBag from /home/airflow/.local/lib/python3.8/site-packages/airflow/example_dags/example_bash_operator.py
[2023-12-03T09:51:33.310+0000] {processor.py:839} INFO - DAG(s) dict_keys(['example_bash_operator']) retrieved from /home/airflow/.local/lib/python3.8/site-packages/airflow/example_dags/example_bash_operator.py
[2023-12-03T09:51:33.340+0000] {logging_mixin.py:154} INFO - [2023-12-03T09:51:33.340+0000] {dag.py:2941} INFO - Sync 1 DAGs
[2023-12-03T09:51:33.361+0000] {logging_mixin.py:154} INFO - [2023-12-03T09:51:33.361+0000] {dag.py:3722} INFO - Setting next_dagrun for example_bash_operator to 2023-12-02T00:00:00+00:00, run_after=2023-12-03T00:00:00+00:00
[2023-12-03T09:51:33.379+0000] {processor.py:179} INFO - Processing /home/airflow/.local/lib/python3.8/site-packages/airflow/example_dags/example_bash_operator.py took 0.089 seconds
[2023-12-03T09:52:04.185+0000] {processor.py:157} INFO - Started process (PID=1038) to work on /home/airflow/.local/lib/python3.8/site-packages/airflow/example_dags/example_bash_operator.py
[2023-12-03T09:52:04.186+0000] {processor.py:829} INFO - Processing file /home/airflow/.local/lib/python3.8/site-packages/airflow/example_dags/example_bash_operator.py for tasks to queue
[2023-12-03T09:52:04.189+0000] {logging_mixin.py:154} INFO - [2023-12-03T09:52:04.188+0000] {dagbag.py:536} INFO - Filling up the DagBag from /home/airflow/.local/lib/python3.8/site-packages/airflow/example_dags/example_bash_operator.py
[2023-12-03T09:52:04.202+0000] {processor.py:839} INFO - DAG(s) dict_keys(['example_bash_operator']) retrieved from /home/airflow/.local/lib/python3.8/site-packages/airflow/example_dags/example_bash_operator.py
[2023-12-03T09:52:04.228+0000] {logging_mixin.py:154} INFO - [2023-12-03T09:52:04.228+0000] {dag.py:2941} INFO - Sync 1 DAGs
[2023-12-03T09:52:04.250+0000] {logging_mixin.py:154} INFO - [2023-12-03T09:52:04.250+0000] {dag.py:3722} INFO - Setting next_dagrun for example_bash_operator to 2023-12-02T00:00:00+00:00, run_after=2023-12-03T00:00:00+00:00
[2023-12-03T09:52:04.268+0000] {processor.py:179} INFO - Processing /home/airflow/.local/lib/python3.8/site-packages/airflow/example_dags/example_bash_operator.py took 0.088 seconds
[2023-12-03T09:52:34.392+0000] {processor.py:157} INFO - Started process (PID=1096) to work on /home/airflow/.local/lib/python3.8/site-packages/airflow/example_dags/example_bash_operator.py
[2023-12-03T09:52:34.394+0000] {processor.py:829} INFO - Processing file /home/airflow/.local/lib/python3.8/site-packages/airflow/example_dags/example_bash_operator.py for tasks to queue
[2023-12-03T09:52:34.396+0000] {logging_mixin.py:154} INFO - [2023-12-03T09:52:34.396+0000] {dagbag.py:536} INFO - Filling up the DagBag from /home/airflow/.local/lib/python3.8/site-packages/airflow/example_dags/example_bash_operator.py
[2023-12-03T09:52:34.409+0000] {processor.py:839} INFO - DAG(s) dict_keys(['example_bash_operator']) retrieved from /home/airflow/.local/lib/python3.8/site-packages/airflow/example_dags/example_bash_operator.py
[2023-12-03T09:52:34.435+0000] {logging_mixin.py:154} INFO - [2023-12-03T09:52:34.434+0000] {dag.py:2941} INFO - Sync 1 DAGs
[2023-12-03T09:52:34.459+0000] {logging_mixin.py:154} INFO - [2023-12-03T09:52:34.458+0000] {dag.py:3722} INFO - Setting next_dagrun for example_bash_operator to 2023-12-02T00:00:00+00:00, run_after=2023-12-03T00:00:00+00:00
[2023-12-03T09:52:34.477+0000] {processor.py:179} INFO - Processing /home/airflow/.local/lib/python3.8/site-packages/airflow/example_dags/example_bash_operator.py took 0.089 seconds
[2023-12-03T09:53:04.707+0000] {processor.py:157} INFO - Started process (PID=1154) to work on /home/airflow/.local/lib/python3.8/site-packages/airflow/example_dags/example_bash_operator.py
[2023-12-03T09:53:04.711+0000] {processor.py:829} INFO - Processing file /home/airflow/.local/lib/python3.8/site-packages/airflow/example_dags/example_bash_operator.py for tasks to queue
[2023-12-03T09:53:04.714+0000] {logging_mixin.py:154} INFO - [2023-12-03T09:53:04.714+0000] {dagbag.py:536} INFO - Filling up the DagBag from /home/airflow/.local/lib/python3.8/site-packages/airflow/example_dags/example_bash_operator.py
[2023-12-03T09:53:04.727+0000] {processor.py:839} INFO - DAG(s) dict_keys(['example_bash_operator']) retrieved from /home/airflow/.local/lib/python3.8/site-packages/airflow/example_dags/example_bash_operator.py
[2023-12-03T09:53:04.756+0000] {logging_mixin.py:154} INFO - [2023-12-03T09:53:04.756+0000] {dag.py:2941} INFO - Sync 1 DAGs
[2023-12-03T09:53:04.780+0000] {logging_mixin.py:154} INFO - [2023-12-03T09:53:04.780+0000] {dag.py:3722} INFO - Setting next_dagrun for example_bash_operator to 2023-12-02T00:00:00+00:00, run_after=2023-12-03T00:00:00+00:00
[2023-12-03T09:53:04.797+0000] {processor.py:179} INFO - Processing /home/airflow/.local/lib/python3.8/site-packages/airflow/example_dags/example_bash_operator.py took 0.094 seconds
[2023-12-03T09:53:34.979+0000] {processor.py:157} INFO - Started process (PID=1212) to work on /home/airflow/.local/lib/python3.8/site-packages/airflow/example_dags/example_bash_operator.py
[2023-12-03T09:53:34.980+0000] {processor.py:829} INFO - Processing file /home/airflow/.local/lib/python3.8/site-packages/airflow/example_dags/example_bash_operator.py for tasks to queue
[2023-12-03T09:53:34.983+0000] {logging_mixin.py:154} INFO - [2023-12-03T09:53:34.983+0000] {dagbag.py:536} INFO - Filling up the DagBag from /home/airflow/.local/lib/python3.8/site-packages/airflow/example_dags/example_bash_operator.py
[2023-12-03T09:53:34.996+0000] {processor.py:839} INFO - DAG(s) dict_keys(['example_bash_operator']) retrieved from /home/airflow/.local/lib/python3.8/site-packages/airflow/example_dags/example_bash_operator.py
[2023-12-03T09:53:35.028+0000] {logging_mixin.py:154} INFO - [2023-12-03T09:53:35.028+0000] {dag.py:2941} INFO - Sync 1 DAGs
[2023-12-03T09:53:35.051+0000] {logging_mixin.py:154} INFO - [2023-12-03T09:53:35.051+0000] {dag.py:3722} INFO - Setting next_dagrun for example_bash_operator to 2023-12-02T00:00:00+00:00, run_after=2023-12-03T00:00:00+00:00
[2023-12-03T09:53:35.065+0000] {processor.py:179} INFO - Processing /home/airflow/.local/lib/python3.8/site-packages/airflow/example_dags/example_bash_operator.py took 0.090 seconds
[2023-12-03T09:54:05.300+0000] {processor.py:157} INFO - Started process (PID=1270) to work on /home/airflow/.local/lib/python3.8/site-packages/airflow/example_dags/example_bash_operator.py
[2023-12-03T09:54:05.301+0000] {processor.py:829} INFO - Processing file /home/airflow/.local/lib/python3.8/site-packages/airflow/example_dags/example_bash_operator.py for tasks to queue
[2023-12-03T09:54:05.303+0000] {logging_mixin.py:154} INFO - [2023-12-03T09:54:05.303+0000] {dagbag.py:536} INFO - Filling up the DagBag from /home/airflow/.local/lib/python3.8/site-packages/airflow/example_dags/example_bash_operator.py
[2023-12-03T09:54:05.314+0000] {processor.py:839} INFO - DAG(s) dict_keys(['example_bash_operator']) retrieved from /home/airflow/.local/lib/python3.8/site-packages/airflow/example_dags/example_bash_operator.py
[2023-12-03T09:54:05.340+0000] {logging_mixin.py:154} INFO - [2023-12-03T09:54:05.340+0000] {dag.py:2941} INFO - Sync 1 DAGs
[2023-12-03T09:54:05.362+0000] {logging_mixin.py:154} INFO - [2023-12-03T09:54:05.362+0000] {dag.py:3722} INFO - Setting next_dagrun for example_bash_operator to 2023-12-02T00:00:00+00:00, run_after=2023-12-03T00:00:00+00:00
[2023-12-03T09:54:05.378+0000] {processor.py:179} INFO - Processing /home/airflow/.local/lib/python3.8/site-packages/airflow/example_dags/example_bash_operator.py took 0.083 seconds
[2023-12-03T09:54:35.700+0000] {processor.py:157} INFO - Started process (PID=1328) to work on /home/airflow/.local/lib/python3.8/site-packages/airflow/example_dags/example_bash_operator.py
[2023-12-03T09:54:35.701+0000] {processor.py:829} INFO - Processing file /home/airflow/.local/lib/python3.8/site-packages/airflow/example_dags/example_bash_operator.py for tasks to queue
[2023-12-03T09:54:35.704+0000] {logging_mixin.py:154} INFO - [2023-12-03T09:54:35.703+0000] {dagbag.py:536} INFO - Filling up the DagBag from /home/airflow/.local/lib/python3.8/site-packages/airflow/example_dags/example_bash_operator.py
[2023-12-03T09:54:35.714+0000] {processor.py:839} INFO - DAG(s) dict_keys(['example_bash_operator']) retrieved from /home/airflow/.local/lib/python3.8/site-packages/airflow/example_dags/example_bash_operator.py
[2023-12-03T09:54:35.750+0000] {logging_mixin.py:154} INFO - [2023-12-03T09:54:35.749+0000] {dag.py:2941} INFO - Sync 1 DAGs
[2023-12-03T09:54:35.774+0000] {logging_mixin.py:154} INFO - [2023-12-03T09:54:35.774+0000] {dag.py:3722} INFO - Setting next_dagrun for example_bash_operator to 2023-12-02T00:00:00+00:00, run_after=2023-12-03T00:00:00+00:00
[2023-12-03T09:54:35.791+0000] {processor.py:179} INFO - Processing /home/airflow/.local/lib/python3.8/site-packages/airflow/example_dags/example_bash_operator.py took 0.095 seconds
[2023-12-03T09:55:06.056+0000] {processor.py:157} INFO - Started process (PID=1386) to work on /home/airflow/.local/lib/python3.8/site-packages/airflow/example_dags/example_bash_operator.py
[2023-12-03T09:55:06.057+0000] {processor.py:829} INFO - Processing file /home/airflow/.local/lib/python3.8/site-packages/airflow/example_dags/example_bash_operator.py for tasks to queue
[2023-12-03T09:55:06.059+0000] {logging_mixin.py:154} INFO - [2023-12-03T09:55:06.059+0000] {dagbag.py:536} INFO - Filling up the DagBag from /home/airflow/.local/lib/python3.8/site-packages/airflow/example_dags/example_bash_operator.py
[2023-12-03T09:55:06.070+0000] {processor.py:839} INFO - DAG(s) dict_keys(['example_bash_operator']) retrieved from /home/airflow/.local/lib/python3.8/site-packages/airflow/example_dags/example_bash_operator.py
[2023-12-03T09:55:06.095+0000] {logging_mixin.py:154} INFO - [2023-12-03T09:55:06.095+0000] {dag.py:2941} INFO - Sync 1 DAGs
[2023-12-03T09:55:06.114+0000] {logging_mixin.py:154} INFO - [2023-12-03T09:55:06.114+0000] {dag.py:3722} INFO - Setting next_dagrun for example_bash_operator to 2023-12-02T00:00:00+00:00, run_after=2023-12-03T00:00:00+00:00
[2023-12-03T09:55:06.128+0000] {processor.py:179} INFO - Processing /home/airflow/.local/lib/python3.8/site-packages/airflow/example_dags/example_bash_operator.py took 0.076 seconds
[2023-12-03T09:55:36.555+0000] {processor.py:157} INFO - Started process (PID=1444) to work on /home/airflow/.local/lib/python3.8/site-packages/airflow/example_dags/example_bash_operator.py
[2023-12-03T09:55:36.556+0000] {processor.py:829} INFO - Processing file /home/airflow/.local/lib/python3.8/site-packages/airflow/example_dags/example_bash_operator.py for tasks to queue
[2023-12-03T09:55:36.558+0000] {logging_mixin.py:154} INFO - [2023-12-03T09:55:36.558+0000] {dagbag.py:536} INFO - Filling up the DagBag from /home/airflow/.local/lib/python3.8/site-packages/airflow/example_dags/example_bash_operator.py
[2023-12-03T09:55:36.570+0000] {processor.py:839} INFO - DAG(s) dict_keys(['example_bash_operator']) retrieved from /home/airflow/.local/lib/python3.8/site-packages/airflow/example_dags/example_bash_operator.py
[2023-12-03T09:55:36.598+0000] {logging_mixin.py:154} INFO - [2023-12-03T09:55:36.597+0000] {dag.py:2941} INFO - Sync 1 DAGs
[2023-12-03T09:55:36.622+0000] {logging_mixin.py:154} INFO - [2023-12-03T09:55:36.621+0000] {dag.py:3722} INFO - Setting next_dagrun for example_bash_operator to 2023-12-02T00:00:00+00:00, run_after=2023-12-03T00:00:00+00:00
[2023-12-03T09:55:36.638+0000] {processor.py:179} INFO - Processing /home/airflow/.local/lib/python3.8/site-packages/airflow/example_dags/example_bash_operator.py took 0.087 seconds
[2023-12-03T09:56:06.961+0000] {processor.py:157} INFO - Started process (PID=1507) to work on /home/airflow/.local/lib/python3.8/site-packages/airflow/example_dags/example_bash_operator.py
[2023-12-03T09:56:06.963+0000] {processor.py:829} INFO - Processing file /home/airflow/.local/lib/python3.8/site-packages/airflow/example_dags/example_bash_operator.py for tasks to queue
[2023-12-03T09:56:06.965+0000] {logging_mixin.py:154} INFO - [2023-12-03T09:56:06.965+0000] {dagbag.py:536} INFO - Filling up the DagBag from /home/airflow/.local/lib/python3.8/site-packages/airflow/example_dags/example_bash_operator.py
[2023-12-03T09:56:06.978+0000] {processor.py:839} INFO - DAG(s) dict_keys(['example_bash_operator']) retrieved from /home/airflow/.local/lib/python3.8/site-packages/airflow/example_dags/example_bash_operator.py
[2023-12-03T09:56:07.005+0000] {logging_mixin.py:154} INFO - [2023-12-03T09:56:07.005+0000] {dag.py:2941} INFO - Sync 1 DAGs
[2023-12-03T09:56:07.026+0000] {logging_mixin.py:154} INFO - [2023-12-03T09:56:07.026+0000] {dag.py:3722} INFO - Setting next_dagrun for example_bash_operator to 2023-12-02T00:00:00+00:00, run_after=2023-12-03T00:00:00+00:00
[2023-12-03T09:56:07.041+0000] {processor.py:179} INFO - Processing /home/airflow/.local/lib/python3.8/site-packages/airflow/example_dags/example_bash_operator.py took 0.084 seconds
[2023-12-03T09:56:37.863+0000] {processor.py:157} INFO - Started process (PID=1565) to work on /home/airflow/.local/lib/python3.8/site-packages/airflow/example_dags/example_bash_operator.py
[2023-12-03T09:56:37.865+0000] {processor.py:829} INFO - Processing file /home/airflow/.local/lib/python3.8/site-packages/airflow/example_dags/example_bash_operator.py for tasks to queue
[2023-12-03T09:56:37.867+0000] {logging_mixin.py:154} INFO - [2023-12-03T09:56:37.867+0000] {dagbag.py:536} INFO - Filling up the DagBag from /home/airflow/.local/lib/python3.8/site-packages/airflow/example_dags/example_bash_operator.py
[2023-12-03T09:56:37.881+0000] {processor.py:839} INFO - DAG(s) dict_keys(['example_bash_operator']) retrieved from /home/airflow/.local/lib/python3.8/site-packages/airflow/example_dags/example_bash_operator.py
[2023-12-03T09:56:37.909+0000] {logging_mixin.py:154} INFO - [2023-12-03T09:56:37.908+0000] {dag.py:2941} INFO - Sync 1 DAGs
[2023-12-03T09:56:37.931+0000] {logging_mixin.py:154} INFO - [2023-12-03T09:56:37.931+0000] {dag.py:3722} INFO - Setting next_dagrun for example_bash_operator to 2023-12-02T00:00:00+00:00, run_after=2023-12-03T00:00:00+00:00
[2023-12-03T09:56:37.946+0000] {processor.py:179} INFO - Processing /home/airflow/.local/lib/python3.8/site-packages/airflow/example_dags/example_bash_operator.py took 0.087 seconds
[2023-12-03T09:57:08.646+0000] {processor.py:157} INFO - Started process (PID=1623) to work on /home/airflow/.local/lib/python3.8/site-packages/airflow/example_dags/example_bash_operator.py
[2023-12-03T09:57:08.647+0000] {processor.py:829} INFO - Processing file /home/airflow/.local/lib/python3.8/site-packages/airflow/example_dags/example_bash_operator.py for tasks to queue
[2023-12-03T09:57:08.650+0000] {logging_mixin.py:154} INFO - [2023-12-03T09:57:08.650+0000] {dagbag.py:536} INFO - Filling up the DagBag from /home/airflow/.local/lib/python3.8/site-packages/airflow/example_dags/example_bash_operator.py
[2023-12-03T09:57:08.663+0000] {processor.py:839} INFO - DAG(s) dict_keys(['example_bash_operator']) retrieved from /home/airflow/.local/lib/python3.8/site-packages/airflow/example_dags/example_bash_operator.py
[2023-12-03T09:57:08.690+0000] {logging_mixin.py:154} INFO - [2023-12-03T09:57:08.690+0000] {dag.py:2941} INFO - Sync 1 DAGs
[2023-12-03T09:57:08.713+0000] {logging_mixin.py:154} INFO - [2023-12-03T09:57:08.713+0000] {dag.py:3722} INFO - Setting next_dagrun for example_bash_operator to 2023-12-02T00:00:00+00:00, run_after=2023-12-03T00:00:00+00:00
[2023-12-03T09:57:08.728+0000] {processor.py:179} INFO - Processing /home/airflow/.local/lib/python3.8/site-packages/airflow/example_dags/example_bash_operator.py took 0.086 seconds
[2023-12-03T09:57:38.836+0000] {processor.py:157} INFO - Started process (PID=1683) to work on /home/airflow/.local/lib/python3.8/site-packages/airflow/example_dags/example_bash_operator.py
[2023-12-03T09:57:38.837+0000] {processor.py:829} INFO - Processing file /home/airflow/.local/lib/python3.8/site-packages/airflow/example_dags/example_bash_operator.py for tasks to queue
[2023-12-03T09:57:38.840+0000] {logging_mixin.py:154} INFO - [2023-12-03T09:57:38.840+0000] {dagbag.py:536} INFO - Filling up the DagBag from /home/airflow/.local/lib/python3.8/site-packages/airflow/example_dags/example_bash_operator.py
[2023-12-03T09:57:38.852+0000] {processor.py:839} INFO - DAG(s) dict_keys(['example_bash_operator']) retrieved from /home/airflow/.local/lib/python3.8/site-packages/airflow/example_dags/example_bash_operator.py
[2023-12-03T09:57:38.877+0000] {logging_mixin.py:154} INFO - [2023-12-03T09:57:38.877+0000] {dag.py:2941} INFO - Sync 1 DAGs
[2023-12-03T09:57:38.898+0000] {logging_mixin.py:154} INFO - [2023-12-03T09:57:38.898+0000] {dag.py:3722} INFO - Setting next_dagrun for example_bash_operator to 2023-12-02T00:00:00+00:00, run_after=2023-12-03T00:00:00+00:00
[2023-12-03T09:57:38.916+0000] {processor.py:179} INFO - Processing /home/airflow/.local/lib/python3.8/site-packages/airflow/example_dags/example_bash_operator.py took 0.084 seconds
[2023-12-03T09:58:08.969+0000] {processor.py:157} INFO - Started process (PID=1741) to work on /home/airflow/.local/lib/python3.8/site-packages/airflow/example_dags/example_bash_operator.py
[2023-12-03T09:58:08.970+0000] {processor.py:829} INFO - Processing file /home/airflow/.local/lib/python3.8/site-packages/airflow/example_dags/example_bash_operator.py for tasks to queue
[2023-12-03T09:58:08.973+0000] {logging_mixin.py:154} INFO - [2023-12-03T09:58:08.973+0000] {dagbag.py:536} INFO - Filling up the DagBag from /home/airflow/.local/lib/python3.8/site-packages/airflow/example_dags/example_bash_operator.py
[2023-12-03T09:58:08.985+0000] {processor.py:839} INFO - DAG(s) dict_keys(['example_bash_operator']) retrieved from /home/airflow/.local/lib/python3.8/site-packages/airflow/example_dags/example_bash_operator.py
[2023-12-03T09:58:09.012+0000] {logging_mixin.py:154} INFO - [2023-12-03T09:58:09.012+0000] {dag.py:2941} INFO - Sync 1 DAGs
[2023-12-03T09:58:09.037+0000] {logging_mixin.py:154} INFO - [2023-12-03T09:58:09.037+0000] {dag.py:3722} INFO - Setting next_dagrun for example_bash_operator to 2023-12-02T00:00:00+00:00, run_after=2023-12-03T00:00:00+00:00
[2023-12-03T09:58:09.055+0000] {processor.py:179} INFO - Processing /home/airflow/.local/lib/python3.8/site-packages/airflow/example_dags/example_bash_operator.py took 0.091 seconds
[2023-12-03T09:58:39.442+0000] {processor.py:157} INFO - Started process (PID=1798) to work on /home/airflow/.local/lib/python3.8/site-packages/airflow/example_dags/example_bash_operator.py
[2023-12-03T09:58:39.444+0000] {processor.py:829} INFO - Processing file /home/airflow/.local/lib/python3.8/site-packages/airflow/example_dags/example_bash_operator.py for tasks to queue
[2023-12-03T09:58:39.446+0000] {logging_mixin.py:154} INFO - [2023-12-03T09:58:39.446+0000] {dagbag.py:536} INFO - Filling up the DagBag from /home/airflow/.local/lib/python3.8/site-packages/airflow/example_dags/example_bash_operator.py
[2023-12-03T09:58:39.457+0000] {processor.py:839} INFO - DAG(s) dict_keys(['example_bash_operator']) retrieved from /home/airflow/.local/lib/python3.8/site-packages/airflow/example_dags/example_bash_operator.py
[2023-12-03T09:58:39.484+0000] {logging_mixin.py:154} INFO - [2023-12-03T09:58:39.484+0000] {dag.py:2941} INFO - Sync 1 DAGs
[2023-12-03T09:58:39.506+0000] {logging_mixin.py:154} INFO - [2023-12-03T09:58:39.506+0000] {dag.py:3722} INFO - Setting next_dagrun for example_bash_operator to 2023-12-02T00:00:00+00:00, run_after=2023-12-03T00:00:00+00:00
[2023-12-03T09:58:39.523+0000] {processor.py:179} INFO - Processing /home/airflow/.local/lib/python3.8/site-packages/airflow/example_dags/example_bash_operator.py took 0.085 seconds
[2023-12-03T09:59:10.078+0000] {processor.py:157} INFO - Started process (PID=1856) to work on /home/airflow/.local/lib/python3.8/site-packages/airflow/example_dags/example_bash_operator.py
[2023-12-03T09:59:10.079+0000] {processor.py:829} INFO - Processing file /home/airflow/.local/lib/python3.8/site-packages/airflow/example_dags/example_bash_operator.py for tasks to queue
[2023-12-03T09:59:10.082+0000] {logging_mixin.py:154} INFO - [2023-12-03T09:59:10.082+0000] {dagbag.py:536} INFO - Filling up the DagBag from /home/airflow/.local/lib/python3.8/site-packages/airflow/example_dags/example_bash_operator.py
[2023-12-03T09:59:10.096+0000] {processor.py:839} INFO - DAG(s) dict_keys(['example_bash_operator']) retrieved from /home/airflow/.local/lib/python3.8/site-packages/airflow/example_dags/example_bash_operator.py
[2023-12-03T09:59:10.125+0000] {logging_mixin.py:154} INFO - [2023-12-03T09:59:10.124+0000] {dag.py:2941} INFO - Sync 1 DAGs
[2023-12-03T09:59:10.145+0000] {logging_mixin.py:154} INFO - [2023-12-03T09:59:10.145+0000] {dag.py:3722} INFO - Setting next_dagrun for example_bash_operator to 2023-12-02T00:00:00+00:00, run_after=2023-12-03T00:00:00+00:00
[2023-12-03T09:59:10.159+0000] {processor.py:179} INFO - Processing /home/airflow/.local/lib/python3.8/site-packages/airflow/example_dags/example_bash_operator.py took 0.085 seconds
[2023-12-03T09:59:41.012+0000] {processor.py:157} INFO - Started process (PID=1915) to work on /home/airflow/.local/lib/python3.8/site-packages/airflow/example_dags/example_bash_operator.py
[2023-12-03T09:59:41.014+0000] {processor.py:829} INFO - Processing file /home/airflow/.local/lib/python3.8/site-packages/airflow/example_dags/example_bash_operator.py for tasks to queue
[2023-12-03T09:59:41.016+0000] {logging_mixin.py:154} INFO - [2023-12-03T09:59:41.016+0000] {dagbag.py:536} INFO - Filling up the DagBag from /home/airflow/.local/lib/python3.8/site-packages/airflow/example_dags/example_bash_operator.py
[2023-12-03T09:59:41.029+0000] {processor.py:839} INFO - DAG(s) dict_keys(['example_bash_operator']) retrieved from /home/airflow/.local/lib/python3.8/site-packages/airflow/example_dags/example_bash_operator.py
[2023-12-03T09:59:41.057+0000] {logging_mixin.py:154} INFO - [2023-12-03T09:59:41.057+0000] {dag.py:2941} INFO - Sync 1 DAGs
[2023-12-03T09:59:41.078+0000] {logging_mixin.py:154} INFO - [2023-12-03T09:59:41.078+0000] {dag.py:3722} INFO - Setting next_dagrun for example_bash_operator to 2023-12-02T00:00:00+00:00, run_after=2023-12-03T00:00:00+00:00
[2023-12-03T09:59:41.093+0000] {processor.py:179} INFO - Processing /home/airflow/.local/lib/python3.8/site-packages/airflow/example_dags/example_bash_operator.py took 0.084 seconds
[2023-12-03T10:00:11.312+0000] {processor.py:157} INFO - Started process (PID=1975) to work on /home/airflow/.local/lib/python3.8/site-packages/airflow/example_dags/example_bash_operator.py
[2023-12-03T10:00:11.314+0000] {processor.py:829} INFO - Processing file /home/airflow/.local/lib/python3.8/site-packages/airflow/example_dags/example_bash_operator.py for tasks to queue
[2023-12-03T10:00:11.318+0000] {logging_mixin.py:154} INFO - [2023-12-03T10:00:11.317+0000] {dagbag.py:536} INFO - Filling up the DagBag from /home/airflow/.local/lib/python3.8/site-packages/airflow/example_dags/example_bash_operator.py
[2023-12-03T10:00:11.334+0000] {processor.py:839} INFO - DAG(s) dict_keys(['example_bash_operator']) retrieved from /home/airflow/.local/lib/python3.8/site-packages/airflow/example_dags/example_bash_operator.py
[2023-12-03T10:00:11.370+0000] {logging_mixin.py:154} INFO - [2023-12-03T10:00:11.369+0000] {dag.py:2941} INFO - Sync 1 DAGs
[2023-12-03T10:00:11.399+0000] {logging_mixin.py:154} INFO - [2023-12-03T10:00:11.398+0000] {dag.py:3722} INFO - Setting next_dagrun for example_bash_operator to 2023-12-02T00:00:00+00:00, run_after=2023-12-03T00:00:00+00:00
[2023-12-03T10:00:11.417+0000] {processor.py:179} INFO - Processing /home/airflow/.local/lib/python3.8/site-packages/airflow/example_dags/example_bash_operator.py took 0.112 seconds
[2023-12-03T10:00:41.483+0000] {processor.py:157} INFO - Started process (PID=2033) to work on /home/airflow/.local/lib/python3.8/site-packages/airflow/example_dags/example_bash_operator.py
[2023-12-03T10:00:41.484+0000] {processor.py:829} INFO - Processing file /home/airflow/.local/lib/python3.8/site-packages/airflow/example_dags/example_bash_operator.py for tasks to queue
[2023-12-03T10:00:41.486+0000] {logging_mixin.py:154} INFO - [2023-12-03T10:00:41.486+0000] {dagbag.py:536} INFO - Filling up the DagBag from /home/airflow/.local/lib/python3.8/site-packages/airflow/example_dags/example_bash_operator.py
[2023-12-03T10:00:41.499+0000] {processor.py:839} INFO - DAG(s) dict_keys(['example_bash_operator']) retrieved from /home/airflow/.local/lib/python3.8/site-packages/airflow/example_dags/example_bash_operator.py
[2023-12-03T10:00:41.528+0000] {logging_mixin.py:154} INFO - [2023-12-03T10:00:41.528+0000] {dag.py:2941} INFO - Sync 1 DAGs
[2023-12-03T10:00:41.553+0000] {logging_mixin.py:154} INFO - [2023-12-03T10:00:41.553+0000] {dag.py:3722} INFO - Setting next_dagrun for example_bash_operator to 2023-12-02T00:00:00+00:00, run_after=2023-12-03T00:00:00+00:00
[2023-12-03T10:00:41.572+0000] {processor.py:179} INFO - Processing /home/airflow/.local/lib/python3.8/site-packages/airflow/example_dags/example_bash_operator.py took 0.094 seconds
[2023-12-03T10:01:11.760+0000] {processor.py:157} INFO - Started process (PID=2091) to work on /home/airflow/.local/lib/python3.8/site-packages/airflow/example_dags/example_bash_operator.py
[2023-12-03T10:01:11.761+0000] {processor.py:829} INFO - Processing file /home/airflow/.local/lib/python3.8/site-packages/airflow/example_dags/example_bash_operator.py for tasks to queue
[2023-12-03T10:01:11.764+0000] {logging_mixin.py:154} INFO - [2023-12-03T10:01:11.763+0000] {dagbag.py:536} INFO - Filling up the DagBag from /home/airflow/.local/lib/python3.8/site-packages/airflow/example_dags/example_bash_operator.py
[2023-12-03T10:01:11.776+0000] {processor.py:839} INFO - DAG(s) dict_keys(['example_bash_operator']) retrieved from /home/airflow/.local/lib/python3.8/site-packages/airflow/example_dags/example_bash_operator.py
[2023-12-03T10:01:11.803+0000] {logging_mixin.py:154} INFO - [2023-12-03T10:01:11.803+0000] {dag.py:2941} INFO - Sync 1 DAGs
[2023-12-03T10:01:11.824+0000] {logging_mixin.py:154} INFO - [2023-12-03T10:01:11.824+0000] {dag.py:3722} INFO - Setting next_dagrun for example_bash_operator to 2023-12-02T00:00:00+00:00, run_after=2023-12-03T00:00:00+00:00
[2023-12-03T10:01:11.840+0000] {processor.py:179} INFO - Processing /home/airflow/.local/lib/python3.8/site-packages/airflow/example_dags/example_bash_operator.py took 0.084 seconds
[2023-12-03T10:01:41.976+0000] {processor.py:157} INFO - Started process (PID=2149) to work on /home/airflow/.local/lib/python3.8/site-packages/airflow/example_dags/example_bash_operator.py
[2023-12-03T10:01:41.977+0000] {processor.py:829} INFO - Processing file /home/airflow/.local/lib/python3.8/site-packages/airflow/example_dags/example_bash_operator.py for tasks to queue
[2023-12-03T10:01:41.980+0000] {logging_mixin.py:154} INFO - [2023-12-03T10:01:41.980+0000] {dagbag.py:536} INFO - Filling up the DagBag from /home/airflow/.local/lib/python3.8/site-packages/airflow/example_dags/example_bash_operator.py
[2023-12-03T10:01:41.997+0000] {processor.py:839} INFO - DAG(s) dict_keys(['example_bash_operator']) retrieved from /home/airflow/.local/lib/python3.8/site-packages/airflow/example_dags/example_bash_operator.py
[2023-12-03T10:01:42.038+0000] {logging_mixin.py:154} INFO - [2023-12-03T10:01:42.037+0000] {dag.py:2941} INFO - Sync 1 DAGs
[2023-12-03T10:01:42.065+0000] {logging_mixin.py:154} INFO - [2023-12-03T10:01:42.065+0000] {dag.py:3722} INFO - Setting next_dagrun for example_bash_operator to 2023-12-02T00:00:00+00:00, run_after=2023-12-03T00:00:00+00:00
[2023-12-03T10:01:42.087+0000] {processor.py:179} INFO - Processing /home/airflow/.local/lib/python3.8/site-packages/airflow/example_dags/example_bash_operator.py took 0.117 seconds
[2023-12-03T10:02:13.067+0000] {processor.py:157} INFO - Started process (PID=2209) to work on /home/airflow/.local/lib/python3.8/site-packages/airflow/example_dags/example_bash_operator.py
[2023-12-03T10:02:13.069+0000] {processor.py:829} INFO - Processing file /home/airflow/.local/lib/python3.8/site-packages/airflow/example_dags/example_bash_operator.py for tasks to queue
[2023-12-03T10:02:13.072+0000] {logging_mixin.py:154} INFO - [2023-12-03T10:02:13.071+0000] {dagbag.py:536} INFO - Filling up the DagBag from /home/airflow/.local/lib/python3.8/site-packages/airflow/example_dags/example_bash_operator.py
[2023-12-03T10:02:13.087+0000] {processor.py:839} INFO - DAG(s) dict_keys(['example_bash_operator']) retrieved from /home/airflow/.local/lib/python3.8/site-packages/airflow/example_dags/example_bash_operator.py
[2023-12-03T10:02:13.125+0000] {logging_mixin.py:154} INFO - [2023-12-03T10:02:13.125+0000] {dag.py:2941} INFO - Sync 1 DAGs
[2023-12-03T10:02:13.153+0000] {logging_mixin.py:154} INFO - [2023-12-03T10:02:13.152+0000] {dag.py:3722} INFO - Setting next_dagrun for example_bash_operator to 2023-12-02T00:00:00+00:00, run_after=2023-12-03T00:00:00+00:00
[2023-12-03T10:02:13.174+0000] {processor.py:179} INFO - Processing /home/airflow/.local/lib/python3.8/site-packages/airflow/example_dags/example_bash_operator.py took 0.112 seconds
[2023-12-03T10:02:43.381+0000] {processor.py:157} INFO - Started process (PID=2267) to work on /home/airflow/.local/lib/python3.8/site-packages/airflow/example_dags/example_bash_operator.py
[2023-12-03T10:02:43.382+0000] {processor.py:829} INFO - Processing file /home/airflow/.local/lib/python3.8/site-packages/airflow/example_dags/example_bash_operator.py for tasks to queue
[2023-12-03T10:02:43.384+0000] {logging_mixin.py:154} INFO - [2023-12-03T10:02:43.384+0000] {dagbag.py:536} INFO - Filling up the DagBag from /home/airflow/.local/lib/python3.8/site-packages/airflow/example_dags/example_bash_operator.py
[2023-12-03T10:02:43.397+0000] {processor.py:839} INFO - DAG(s) dict_keys(['example_bash_operator']) retrieved from /home/airflow/.local/lib/python3.8/site-packages/airflow/example_dags/example_bash_operator.py
[2023-12-03T10:02:43.425+0000] {logging_mixin.py:154} INFO - [2023-12-03T10:02:43.425+0000] {dag.py:2941} INFO - Sync 1 DAGs
[2023-12-03T10:02:43.447+0000] {logging_mixin.py:154} INFO - [2023-12-03T10:02:43.447+0000] {dag.py:3722} INFO - Setting next_dagrun for example_bash_operator to 2023-12-02T00:00:00+00:00, run_after=2023-12-03T00:00:00+00:00
[2023-12-03T10:02:43.462+0000] {processor.py:179} INFO - Processing /home/airflow/.local/lib/python3.8/site-packages/airflow/example_dags/example_bash_operator.py took 0.085 seconds
[2023-12-03T10:03:13.648+0000] {processor.py:157} INFO - Started process (PID=2325) to work on /home/airflow/.local/lib/python3.8/site-packages/airflow/example_dags/example_bash_operator.py
[2023-12-03T10:03:13.649+0000] {processor.py:829} INFO - Processing file /home/airflow/.local/lib/python3.8/site-packages/airflow/example_dags/example_bash_operator.py for tasks to queue
[2023-12-03T10:03:13.652+0000] {logging_mixin.py:154} INFO - [2023-12-03T10:03:13.652+0000] {dagbag.py:536} INFO - Filling up the DagBag from /home/airflow/.local/lib/python3.8/site-packages/airflow/example_dags/example_bash_operator.py
[2023-12-03T10:03:13.664+0000] {processor.py:839} INFO - DAG(s) dict_keys(['example_bash_operator']) retrieved from /home/airflow/.local/lib/python3.8/site-packages/airflow/example_dags/example_bash_operator.py
[2023-12-03T10:03:13.693+0000] {logging_mixin.py:154} INFO - [2023-12-03T10:03:13.692+0000] {dag.py:2941} INFO - Sync 1 DAGs
[2023-12-03T10:03:13.715+0000] {logging_mixin.py:154} INFO - [2023-12-03T10:03:13.715+0000] {dag.py:3722} INFO - Setting next_dagrun for example_bash_operator to 2023-12-02T00:00:00+00:00, run_after=2023-12-03T00:00:00+00:00
[2023-12-03T10:03:13.729+0000] {processor.py:179} INFO - Processing /home/airflow/.local/lib/python3.8/site-packages/airflow/example_dags/example_bash_operator.py took 0.086 seconds
[2023-12-03T10:03:44.034+0000] {processor.py:157} INFO - Started process (PID=2383) to work on /home/airflow/.local/lib/python3.8/site-packages/airflow/example_dags/example_bash_operator.py
[2023-12-03T10:03:44.035+0000] {processor.py:829} INFO - Processing file /home/airflow/.local/lib/python3.8/site-packages/airflow/example_dags/example_bash_operator.py for tasks to queue
[2023-12-03T10:03:44.037+0000] {logging_mixin.py:154} INFO - [2023-12-03T10:03:44.037+0000] {dagbag.py:536} INFO - Filling up the DagBag from /home/airflow/.local/lib/python3.8/site-packages/airflow/example_dags/example_bash_operator.py
[2023-12-03T10:03:44.049+0000] {processor.py:839} INFO - DAG(s) dict_keys(['example_bash_operator']) retrieved from /home/airflow/.local/lib/python3.8/site-packages/airflow/example_dags/example_bash_operator.py
[2023-12-03T10:03:44.074+0000] {logging_mixin.py:154} INFO - [2023-12-03T10:03:44.074+0000] {dag.py:2941} INFO - Sync 1 DAGs
[2023-12-03T10:03:44.093+0000] {logging_mixin.py:154} INFO - [2023-12-03T10:03:44.093+0000] {dag.py:3722} INFO - Setting next_dagrun for example_bash_operator to 2023-12-02T00:00:00+00:00, run_after=2023-12-03T00:00:00+00:00
[2023-12-03T10:03:44.106+0000] {processor.py:179} INFO - Processing /home/airflow/.local/lib/python3.8/site-packages/airflow/example_dags/example_bash_operator.py took 0.077 seconds
[2023-12-03T10:04:14.769+0000] {processor.py:157} INFO - Started process (PID=2441) to work on /home/airflow/.local/lib/python3.8/site-packages/airflow/example_dags/example_bash_operator.py
[2023-12-03T10:04:14.771+0000] {processor.py:829} INFO - Processing file /home/airflow/.local/lib/python3.8/site-packages/airflow/example_dags/example_bash_operator.py for tasks to queue
[2023-12-03T10:04:14.773+0000] {logging_mixin.py:154} INFO - [2023-12-03T10:04:14.773+0000] {dagbag.py:536} INFO - Filling up the DagBag from /home/airflow/.local/lib/python3.8/site-packages/airflow/example_dags/example_bash_operator.py
[2023-12-03T10:04:14.784+0000] {processor.py:839} INFO - DAG(s) dict_keys(['example_bash_operator']) retrieved from /home/airflow/.local/lib/python3.8/site-packages/airflow/example_dags/example_bash_operator.py
[2023-12-03T10:04:14.812+0000] {logging_mixin.py:154} INFO - [2023-12-03T10:04:14.812+0000] {dag.py:2941} INFO - Sync 1 DAGs
[2023-12-03T10:04:14.834+0000] {logging_mixin.py:154} INFO - [2023-12-03T10:04:14.834+0000] {dag.py:3722} INFO - Setting next_dagrun for example_bash_operator to 2023-12-02T00:00:00+00:00, run_after=2023-12-03T00:00:00+00:00
[2023-12-03T10:04:14.849+0000] {processor.py:179} INFO - Processing /home/airflow/.local/lib/python3.8/site-packages/airflow/example_dags/example_bash_operator.py took 0.084 seconds
[2023-12-03T10:04:45.371+0000] {processor.py:157} INFO - Started process (PID=2499) to work on /home/airflow/.local/lib/python3.8/site-packages/airflow/example_dags/example_bash_operator.py
[2023-12-03T10:04:45.372+0000] {processor.py:829} INFO - Processing file /home/airflow/.local/lib/python3.8/site-packages/airflow/example_dags/example_bash_operator.py for tasks to queue
[2023-12-03T10:04:45.374+0000] {logging_mixin.py:154} INFO - [2023-12-03T10:04:45.374+0000] {dagbag.py:536} INFO - Filling up the DagBag from /home/airflow/.local/lib/python3.8/site-packages/airflow/example_dags/example_bash_operator.py
[2023-12-03T10:04:45.387+0000] {processor.py:839} INFO - DAG(s) dict_keys(['example_bash_operator']) retrieved from /home/airflow/.local/lib/python3.8/site-packages/airflow/example_dags/example_bash_operator.py
[2023-12-03T10:04:45.415+0000] {logging_mixin.py:154} INFO - [2023-12-03T10:04:45.415+0000] {dag.py:2941} INFO - Sync 1 DAGs
[2023-12-03T10:04:45.438+0000] {logging_mixin.py:154} INFO - [2023-12-03T10:04:45.438+0000] {dag.py:3722} INFO - Setting next_dagrun for example_bash_operator to 2023-12-02T00:00:00+00:00, run_after=2023-12-03T00:00:00+00:00
[2023-12-03T10:04:45.454+0000] {processor.py:179} INFO - Processing /home/airflow/.local/lib/python3.8/site-packages/airflow/example_dags/example_bash_operator.py took 0.088 seconds
[2023-12-03T10:05:15.531+0000] {processor.py:157} INFO - Started process (PID=2557) to work on /home/airflow/.local/lib/python3.8/site-packages/airflow/example_dags/example_bash_operator.py
[2023-12-03T10:05:15.533+0000] {processor.py:829} INFO - Processing file /home/airflow/.local/lib/python3.8/site-packages/airflow/example_dags/example_bash_operator.py for tasks to queue
[2023-12-03T10:05:15.535+0000] {logging_mixin.py:154} INFO - [2023-12-03T10:05:15.535+0000] {dagbag.py:536} INFO - Filling up the DagBag from /home/airflow/.local/lib/python3.8/site-packages/airflow/example_dags/example_bash_operator.py
[2023-12-03T10:05:15.547+0000] {processor.py:839} INFO - DAG(s) dict_keys(['example_bash_operator']) retrieved from /home/airflow/.local/lib/python3.8/site-packages/airflow/example_dags/example_bash_operator.py
[2023-12-03T10:05:15.576+0000] {logging_mixin.py:154} INFO - [2023-12-03T10:05:15.576+0000] {dag.py:2941} INFO - Sync 1 DAGs
[2023-12-03T10:05:15.599+0000] {logging_mixin.py:154} INFO - [2023-12-03T10:05:15.599+0000] {dag.py:3722} INFO - Setting next_dagrun for example_bash_operator to 2023-12-02T00:00:00+00:00, run_after=2023-12-03T00:00:00+00:00
[2023-12-03T10:05:15.616+0000] {processor.py:179} INFO - Processing /home/airflow/.local/lib/python3.8/site-packages/airflow/example_dags/example_bash_operator.py took 0.089 seconds
[2023-12-03T10:05:45.703+0000] {processor.py:157} INFO - Started process (PID=2614) to work on /home/airflow/.local/lib/python3.8/site-packages/airflow/example_dags/example_bash_operator.py
[2023-12-03T10:05:45.705+0000] {processor.py:829} INFO - Processing file /home/airflow/.local/lib/python3.8/site-packages/airflow/example_dags/example_bash_operator.py for tasks to queue
[2023-12-03T10:05:45.707+0000] {logging_mixin.py:154} INFO - [2023-12-03T10:05:45.707+0000] {dagbag.py:536} INFO - Filling up the DagBag from /home/airflow/.local/lib/python3.8/site-packages/airflow/example_dags/example_bash_operator.py
[2023-12-03T10:05:45.719+0000] {processor.py:839} INFO - DAG(s) dict_keys(['example_bash_operator']) retrieved from /home/airflow/.local/lib/python3.8/site-packages/airflow/example_dags/example_bash_operator.py
[2023-12-03T10:05:45.747+0000] {logging_mixin.py:154} INFO - [2023-12-03T10:05:45.747+0000] {dag.py:2941} INFO - Sync 1 DAGs
[2023-12-03T10:05:45.769+0000] {logging_mixin.py:154} INFO - [2023-12-03T10:05:45.769+0000] {dag.py:3722} INFO - Setting next_dagrun for example_bash_operator to 2023-12-02T00:00:00+00:00, run_after=2023-12-03T00:00:00+00:00
[2023-12-03T10:05:45.785+0000] {processor.py:179} INFO - Processing /home/airflow/.local/lib/python3.8/site-packages/airflow/example_dags/example_bash_operator.py took 0.085 seconds
[2023-12-03T10:06:15.956+0000] {processor.py:157} INFO - Started process (PID=2672) to work on /home/airflow/.local/lib/python3.8/site-packages/airflow/example_dags/example_bash_operator.py
[2023-12-03T10:06:15.957+0000] {processor.py:829} INFO - Processing file /home/airflow/.local/lib/python3.8/site-packages/airflow/example_dags/example_bash_operator.py for tasks to queue
[2023-12-03T10:06:15.959+0000] {logging_mixin.py:154} INFO - [2023-12-03T10:06:15.959+0000] {dagbag.py:536} INFO - Filling up the DagBag from /home/airflow/.local/lib/python3.8/site-packages/airflow/example_dags/example_bash_operator.py
[2023-12-03T10:06:15.971+0000] {processor.py:839} INFO - DAG(s) dict_keys(['example_bash_operator']) retrieved from /home/airflow/.local/lib/python3.8/site-packages/airflow/example_dags/example_bash_operator.py
[2023-12-03T10:06:15.998+0000] {logging_mixin.py:154} INFO - [2023-12-03T10:06:15.998+0000] {dag.py:2941} INFO - Sync 1 DAGs
[2023-12-03T10:06:16.020+0000] {logging_mixin.py:154} INFO - [2023-12-03T10:06:16.020+0000] {dag.py:3722} INFO - Setting next_dagrun for example_bash_operator to 2023-12-02T00:00:00+00:00, run_after=2023-12-03T00:00:00+00:00
[2023-12-03T10:06:16.036+0000] {processor.py:179} INFO - Processing /home/airflow/.local/lib/python3.8/site-packages/airflow/example_dags/example_bash_operator.py took 0.084 seconds
[2023-12-03T10:06:46.344+0000] {processor.py:157} INFO - Started process (PID=2730) to work on /home/airflow/.local/lib/python3.8/site-packages/airflow/example_dags/example_bash_operator.py
[2023-12-03T10:06:46.345+0000] {processor.py:829} INFO - Processing file /home/airflow/.local/lib/python3.8/site-packages/airflow/example_dags/example_bash_operator.py for tasks to queue
[2023-12-03T10:06:46.348+0000] {logging_mixin.py:154} INFO - [2023-12-03T10:06:46.348+0000] {dagbag.py:536} INFO - Filling up the DagBag from /home/airflow/.local/lib/python3.8/site-packages/airflow/example_dags/example_bash_operator.py
[2023-12-03T10:06:46.360+0000] {processor.py:839} INFO - DAG(s) dict_keys(['example_bash_operator']) retrieved from /home/airflow/.local/lib/python3.8/site-packages/airflow/example_dags/example_bash_operator.py
[2023-12-03T10:06:46.387+0000] {logging_mixin.py:154} INFO - [2023-12-03T10:06:46.387+0000] {dag.py:2941} INFO - Sync 1 DAGs
[2023-12-03T10:06:46.409+0000] {logging_mixin.py:154} INFO - [2023-12-03T10:06:46.409+0000] {dag.py:3722} INFO - Setting next_dagrun for example_bash_operator to 2023-12-02T00:00:00+00:00, run_after=2023-12-03T00:00:00+00:00
[2023-12-03T10:06:46.424+0000] {processor.py:179} INFO - Processing /home/airflow/.local/lib/python3.8/site-packages/airflow/example_dags/example_bash_operator.py took 0.084 seconds
[2023-12-03T10:07:16.504+0000] {processor.py:157} INFO - Started process (PID=2788) to work on /home/airflow/.local/lib/python3.8/site-packages/airflow/example_dags/example_bash_operator.py
[2023-12-03T10:07:16.505+0000] {processor.py:829} INFO - Processing file /home/airflow/.local/lib/python3.8/site-packages/airflow/example_dags/example_bash_operator.py for tasks to queue
[2023-12-03T10:07:16.507+0000] {logging_mixin.py:154} INFO - [2023-12-03T10:07:16.507+0000] {dagbag.py:536} INFO - Filling up the DagBag from /home/airflow/.local/lib/python3.8/site-packages/airflow/example_dags/example_bash_operator.py
[2023-12-03T10:07:16.520+0000] {processor.py:839} INFO - DAG(s) dict_keys(['example_bash_operator']) retrieved from /home/airflow/.local/lib/python3.8/site-packages/airflow/example_dags/example_bash_operator.py
[2023-12-03T10:07:16.545+0000] {logging_mixin.py:154} INFO - [2023-12-03T10:07:16.544+0000] {dag.py:2941} INFO - Sync 1 DAGs
[2023-12-03T10:07:16.564+0000] {logging_mixin.py:154} INFO - [2023-12-03T10:07:16.564+0000] {dag.py:3722} INFO - Setting next_dagrun for example_bash_operator to 2023-12-02T00:00:00+00:00, run_after=2023-12-03T00:00:00+00:00
[2023-12-03T10:07:16.578+0000] {processor.py:179} INFO - Processing /home/airflow/.local/lib/python3.8/site-packages/airflow/example_dags/example_bash_operator.py took 0.078 seconds
[2023-12-03T10:07:46.903+0000] {processor.py:157} INFO - Started process (PID=2846) to work on /home/airflow/.local/lib/python3.8/site-packages/airflow/example_dags/example_bash_operator.py
[2023-12-03T10:07:46.903+0000] {processor.py:829} INFO - Processing file /home/airflow/.local/lib/python3.8/site-packages/airflow/example_dags/example_bash_operator.py for tasks to queue
[2023-12-03T10:07:46.905+0000] {logging_mixin.py:154} INFO - [2023-12-03T10:07:46.905+0000] {dagbag.py:536} INFO - Filling up the DagBag from /home/airflow/.local/lib/python3.8/site-packages/airflow/example_dags/example_bash_operator.py
[2023-12-03T10:07:46.915+0000] {processor.py:839} INFO - DAG(s) dict_keys(['example_bash_operator']) retrieved from /home/airflow/.local/lib/python3.8/site-packages/airflow/example_dags/example_bash_operator.py
[2023-12-03T10:07:46.936+0000] {logging_mixin.py:154} INFO - [2023-12-03T10:07:46.936+0000] {dag.py:2941} INFO - Sync 1 DAGs
[2023-12-03T10:07:46.951+0000] {logging_mixin.py:154} INFO - [2023-12-03T10:07:46.951+0000] {dag.py:3722} INFO - Setting next_dagrun for example_bash_operator to 2023-12-02T00:00:00+00:00, run_after=2023-12-03T00:00:00+00:00
[2023-12-03T10:07:46.964+0000] {processor.py:179} INFO - Processing /home/airflow/.local/lib/python3.8/site-packages/airflow/example_dags/example_bash_operator.py took 0.063 seconds
[2023-12-03T11:28:19.688+0000] {processor.py:157} INFO - Started process (PID=2902) to work on /home/airflow/.local/lib/python3.8/site-packages/airflow/example_dags/example_bash_operator.py
[2023-12-03T11:28:19.689+0000] {processor.py:829} INFO - Processing file /home/airflow/.local/lib/python3.8/site-packages/airflow/example_dags/example_bash_operator.py for tasks to queue
[2023-12-03T11:28:19.691+0000] {logging_mixin.py:154} INFO - [2023-12-03T11:28:19.691+0000] {dagbag.py:536} INFO - Filling up the DagBag from /home/airflow/.local/lib/python3.8/site-packages/airflow/example_dags/example_bash_operator.py
[2023-12-03T11:28:19.699+0000] {processor.py:839} INFO - DAG(s) dict_keys(['example_bash_operator']) retrieved from /home/airflow/.local/lib/python3.8/site-packages/airflow/example_dags/example_bash_operator.py
[2023-12-03T11:28:19.717+0000] {logging_mixin.py:154} INFO - [2023-12-03T11:28:19.717+0000] {dag.py:2941} INFO - Sync 1 DAGs
[2023-12-03T11:28:19.732+0000] {logging_mixin.py:154} INFO - [2023-12-03T11:28:19.732+0000] {dag.py:3722} INFO - Setting next_dagrun for example_bash_operator to 2023-12-02T00:00:00+00:00, run_after=2023-12-03T00:00:00+00:00
[2023-12-03T11:28:19.745+0000] {processor.py:179} INFO - Processing /home/airflow/.local/lib/python3.8/site-packages/airflow/example_dags/example_bash_operator.py took 0.060 seconds
[2023-12-03T12:09:29.222+0000] {processor.py:157} INFO - Started process (PID=2959) to work on /home/airflow/.local/lib/python3.8/site-packages/airflow/example_dags/example_bash_operator.py
[2023-12-03T12:09:29.224+0000] {processor.py:829} INFO - Processing file /home/airflow/.local/lib/python3.8/site-packages/airflow/example_dags/example_bash_operator.py for tasks to queue
[2023-12-03T12:09:29.226+0000] {logging_mixin.py:154} INFO - [2023-12-03T12:09:29.226+0000] {dagbag.py:536} INFO - Filling up the DagBag from /home/airflow/.local/lib/python3.8/site-packages/airflow/example_dags/example_bash_operator.py
[2023-12-03T12:09:29.236+0000] {processor.py:839} INFO - DAG(s) dict_keys(['example_bash_operator']) retrieved from /home/airflow/.local/lib/python3.8/site-packages/airflow/example_dags/example_bash_operator.py
[2023-12-03T12:09:29.259+0000] {logging_mixin.py:154} INFO - [2023-12-03T12:09:29.259+0000] {dag.py:2941} INFO - Sync 1 DAGs
[2023-12-03T12:09:29.278+0000] {logging_mixin.py:154} INFO - [2023-12-03T12:09:29.278+0000] {dag.py:3722} INFO - Setting next_dagrun for example_bash_operator to 2023-12-02T00:00:00+00:00, run_after=2023-12-03T00:00:00+00:00
[2023-12-03T12:09:29.294+0000] {processor.py:179} INFO - Processing /home/airflow/.local/lib/python3.8/site-packages/airflow/example_dags/example_bash_operator.py took 0.075 seconds
[2023-12-03T12:27:31.212+0000] {processor.py:157} INFO - Started process (PID=3017) to work on /home/airflow/.local/lib/python3.8/site-packages/airflow/example_dags/example_bash_operator.py
[2023-12-03T12:27:31.215+0000] {processor.py:829} INFO - Processing file /home/airflow/.local/lib/python3.8/site-packages/airflow/example_dags/example_bash_operator.py for tasks to queue
[2023-12-03T12:27:31.219+0000] {logging_mixin.py:154} INFO - [2023-12-03T12:27:31.219+0000] {dagbag.py:536} INFO - Filling up the DagBag from /home/airflow/.local/lib/python3.8/site-packages/airflow/example_dags/example_bash_operator.py
[2023-12-03T12:27:31.233+0000] {processor.py:839} INFO - DAG(s) dict_keys(['example_bash_operator']) retrieved from /home/airflow/.local/lib/python3.8/site-packages/airflow/example_dags/example_bash_operator.py
[2023-12-03T12:27:31.263+0000] {logging_mixin.py:154} INFO - [2023-12-03T12:27:31.263+0000] {dag.py:2941} INFO - Sync 1 DAGs
[2023-12-03T12:27:31.283+0000] {logging_mixin.py:154} INFO - [2023-12-03T12:27:31.283+0000] {dag.py:3722} INFO - Setting next_dagrun for example_bash_operator to 2023-12-02T00:00:00+00:00, run_after=2023-12-03T00:00:00+00:00
[2023-12-03T12:27:31.300+0000] {processor.py:179} INFO - Processing /home/airflow/.local/lib/python3.8/site-packages/airflow/example_dags/example_bash_operator.py took 0.092 seconds
[2023-12-03T12:44:54.160+0000] {processor.py:157} INFO - Started process (PID=3068) to work on /home/airflow/.local/lib/python3.8/site-packages/airflow/example_dags/example_bash_operator.py
[2023-12-03T12:44:54.164+0000] {processor.py:829} INFO - Processing file /home/airflow/.local/lib/python3.8/site-packages/airflow/example_dags/example_bash_operator.py for tasks to queue
[2023-12-03T12:44:54.173+0000] {logging_mixin.py:154} INFO - [2023-12-03T12:44:54.173+0000] {dagbag.py:536} INFO - Filling up the DagBag from /home/airflow/.local/lib/python3.8/site-packages/airflow/example_dags/example_bash_operator.py
[2023-12-03T12:44:54.207+0000] {processor.py:839} INFO - DAG(s) dict_keys(['example_bash_operator']) retrieved from /home/airflow/.local/lib/python3.8/site-packages/airflow/example_dags/example_bash_operator.py
[2023-12-03T12:44:54.327+0000] {logging_mixin.py:154} INFO - [2023-12-03T12:44:54.327+0000] {dag.py:2941} INFO - Sync 1 DAGs
[2023-12-03T12:44:54.404+0000] {logging_mixin.py:154} INFO - [2023-12-03T12:44:54.404+0000] {dag.py:3722} INFO - Setting next_dagrun for example_bash_operator to 2023-12-02T00:00:00+00:00, run_after=2023-12-03T00:00:00+00:00
[2023-12-03T12:44:54.447+0000] {processor.py:179} INFO - Processing /home/airflow/.local/lib/python3.8/site-packages/airflow/example_dags/example_bash_operator.py took 0.292 seconds
[2023-12-03T13:35:10.257+0000] {processor.py:157} INFO - Started process (PID=3126) to work on /home/airflow/.local/lib/python3.8/site-packages/airflow/example_dags/example_bash_operator.py
[2023-12-03T13:35:10.259+0000] {processor.py:829} INFO - Processing file /home/airflow/.local/lib/python3.8/site-packages/airflow/example_dags/example_bash_operator.py for tasks to queue
[2023-12-03T13:35:10.261+0000] {logging_mixin.py:154} INFO - [2023-12-03T13:35:10.261+0000] {dagbag.py:536} INFO - Filling up the DagBag from /home/airflow/.local/lib/python3.8/site-packages/airflow/example_dags/example_bash_operator.py
[2023-12-03T13:35:10.272+0000] {processor.py:839} INFO - DAG(s) dict_keys(['example_bash_operator']) retrieved from /home/airflow/.local/lib/python3.8/site-packages/airflow/example_dags/example_bash_operator.py
[2023-12-03T13:35:10.296+0000] {logging_mixin.py:154} INFO - [2023-12-03T13:35:10.295+0000] {dag.py:2941} INFO - Sync 1 DAGs
[2023-12-03T13:35:10.314+0000] {logging_mixin.py:154} INFO - [2023-12-03T13:35:10.314+0000] {dag.py:3722} INFO - Setting next_dagrun for example_bash_operator to 2023-12-02T00:00:00+00:00, run_after=2023-12-03T00:00:00+00:00
[2023-12-03T13:35:10.327+0000] {processor.py:179} INFO - Processing /home/airflow/.local/lib/python3.8/site-packages/airflow/example_dags/example_bash_operator.py took 0.073 seconds
[2023-12-03T14:27:23.748+0000] {processor.py:157} INFO - Started process (PID=3184) to work on /home/airflow/.local/lib/python3.8/site-packages/airflow/example_dags/example_bash_operator.py
[2023-12-03T14:27:23.750+0000] {processor.py:829} INFO - Processing file /home/airflow/.local/lib/python3.8/site-packages/airflow/example_dags/example_bash_operator.py for tasks to queue
[2023-12-03T14:27:23.753+0000] {logging_mixin.py:154} INFO - [2023-12-03T14:27:23.753+0000] {dagbag.py:536} INFO - Filling up the DagBag from /home/airflow/.local/lib/python3.8/site-packages/airflow/example_dags/example_bash_operator.py
[2023-12-03T14:27:23.777+0000] {processor.py:839} INFO - DAG(s) dict_keys(['example_bash_operator']) retrieved from /home/airflow/.local/lib/python3.8/site-packages/airflow/example_dags/example_bash_operator.py
[2023-12-03T14:27:23.827+0000] {logging_mixin.py:154} INFO - [2023-12-03T14:27:23.827+0000] {dag.py:2941} INFO - Sync 1 DAGs
[2023-12-03T14:27:23.860+0000] {logging_mixin.py:154} INFO - [2023-12-03T14:27:23.860+0000] {dag.py:3722} INFO - Setting next_dagrun for example_bash_operator to 2023-12-02T00:00:00+00:00, run_after=2023-12-03T00:00:00+00:00
[2023-12-03T14:27:23.902+0000] {processor.py:179} INFO - Processing /home/airflow/.local/lib/python3.8/site-packages/airflow/example_dags/example_bash_operator.py took 0.157 seconds
[2023-12-03T15:18:32.748+0000] {processor.py:157} INFO - Started process (PID=3242) to work on /home/airflow/.local/lib/python3.8/site-packages/airflow/example_dags/example_bash_operator.py
[2023-12-03T15:18:32.749+0000] {processor.py:829} INFO - Processing file /home/airflow/.local/lib/python3.8/site-packages/airflow/example_dags/example_bash_operator.py for tasks to queue
[2023-12-03T15:18:32.753+0000] {logging_mixin.py:154} INFO - [2023-12-03T15:18:32.753+0000] {dagbag.py:536} INFO - Filling up the DagBag from /home/airflow/.local/lib/python3.8/site-packages/airflow/example_dags/example_bash_operator.py
[2023-12-03T15:18:32.764+0000] {processor.py:839} INFO - DAG(s) dict_keys(['example_bash_operator']) retrieved from /home/airflow/.local/lib/python3.8/site-packages/airflow/example_dags/example_bash_operator.py
[2023-12-03T15:18:32.787+0000] {logging_mixin.py:154} INFO - [2023-12-03T15:18:32.786+0000] {dag.py:2941} INFO - Sync 1 DAGs
[2023-12-03T15:18:32.802+0000] {logging_mixin.py:154} INFO - [2023-12-03T15:18:32.802+0000] {dag.py:3722} INFO - Setting next_dagrun for example_bash_operator to 2023-12-02T00:00:00+00:00, run_after=2023-12-03T00:00:00+00:00
[2023-12-03T15:18:32.817+0000] {processor.py:179} INFO - Processing /home/airflow/.local/lib/python3.8/site-packages/airflow/example_dags/example_bash_operator.py took 0.071 seconds
[2023-12-03T16:07:32.714+0000] {processor.py:157} INFO - Started process (PID=3307) to work on /home/airflow/.local/lib/python3.8/site-packages/airflow/example_dags/example_bash_operator.py
[2023-12-03T16:07:32.717+0000] {processor.py:829} INFO - Processing file /home/airflow/.local/lib/python3.8/site-packages/airflow/example_dags/example_bash_operator.py for tasks to queue
[2023-12-03T16:07:32.721+0000] {logging_mixin.py:154} INFO - [2023-12-03T16:07:32.721+0000] {dagbag.py:536} INFO - Filling up the DagBag from /home/airflow/.local/lib/python3.8/site-packages/airflow/example_dags/example_bash_operator.py
[2023-12-03T16:07:32.732+0000] {processor.py:839} INFO - DAG(s) dict_keys(['example_bash_operator']) retrieved from /home/airflow/.local/lib/python3.8/site-packages/airflow/example_dags/example_bash_operator.py
[2023-12-03T16:07:32.755+0000] {logging_mixin.py:154} INFO - [2023-12-03T16:07:32.755+0000] {dag.py:2941} INFO - Sync 1 DAGs
[2023-12-03T16:07:32.775+0000] {logging_mixin.py:154} INFO - [2023-12-03T16:07:32.775+0000] {dag.py:3722} INFO - Setting next_dagrun for example_bash_operator to 2023-12-02T00:00:00+00:00, run_after=2023-12-03T00:00:00+00:00
[2023-12-03T16:07:32.791+0000] {processor.py:179} INFO - Processing /home/airflow/.local/lib/python3.8/site-packages/airflow/example_dags/example_bash_operator.py took 0.080 seconds
[2023-12-03T16:58:03.856+0000] {processor.py:157} INFO - Started process (PID=3358) to work on /home/airflow/.local/lib/python3.8/site-packages/airflow/example_dags/example_bash_operator.py
[2023-12-03T16:58:03.857+0000] {processor.py:829} INFO - Processing file /home/airflow/.local/lib/python3.8/site-packages/airflow/example_dags/example_bash_operator.py for tasks to queue
[2023-12-03T16:58:03.861+0000] {logging_mixin.py:154} INFO - [2023-12-03T16:58:03.860+0000] {dagbag.py:536} INFO - Filling up the DagBag from /home/airflow/.local/lib/python3.8/site-packages/airflow/example_dags/example_bash_operator.py
[2023-12-03T16:58:03.872+0000] {processor.py:839} INFO - DAG(s) dict_keys(['example_bash_operator']) retrieved from /home/airflow/.local/lib/python3.8/site-packages/airflow/example_dags/example_bash_operator.py
[2023-12-03T16:58:03.897+0000] {logging_mixin.py:154} INFO - [2023-12-03T16:58:03.897+0000] {dag.py:2941} INFO - Sync 1 DAGs
[2023-12-03T16:58:03.915+0000] {logging_mixin.py:154} INFO - [2023-12-03T16:58:03.915+0000] {dag.py:3722} INFO - Setting next_dagrun for example_bash_operator to 2023-12-02T00:00:00+00:00, run_after=2023-12-03T00:00:00+00:00
[2023-12-03T16:58:03.932+0000] {processor.py:179} INFO - Processing /home/airflow/.local/lib/python3.8/site-packages/airflow/example_dags/example_bash_operator.py took 0.079 seconds
[2023-12-03T17:46:21.856+0000] {processor.py:157} INFO - Started process (PID=3416) to work on /home/airflow/.local/lib/python3.8/site-packages/airflow/example_dags/example_bash_operator.py
[2023-12-03T17:46:21.857+0000] {processor.py:829} INFO - Processing file /home/airflow/.local/lib/python3.8/site-packages/airflow/example_dags/example_bash_operator.py for tasks to queue
[2023-12-03T17:46:21.860+0000] {logging_mixin.py:154} INFO - [2023-12-03T17:46:21.860+0000] {dagbag.py:536} INFO - Filling up the DagBag from /home/airflow/.local/lib/python3.8/site-packages/airflow/example_dags/example_bash_operator.py
[2023-12-03T17:46:21.874+0000] {processor.py:839} INFO - DAG(s) dict_keys(['example_bash_operator']) retrieved from /home/airflow/.local/lib/python3.8/site-packages/airflow/example_dags/example_bash_operator.py
[2023-12-03T17:46:21.918+0000] {logging_mixin.py:154} INFO - [2023-12-03T17:46:21.917+0000] {dag.py:2941} INFO - Sync 1 DAGs
[2023-12-03T17:46:21.976+0000] {logging_mixin.py:154} INFO - [2023-12-03T17:46:21.975+0000] {dag.py:3722} INFO - Setting next_dagrun for example_bash_operator to 2023-12-02T00:00:00+00:00, run_after=2023-12-03T00:00:00+00:00
[2023-12-03T17:46:22.059+0000] {processor.py:179} INFO - Processing /home/airflow/.local/lib/python3.8/site-packages/airflow/example_dags/example_bash_operator.py took 0.205 seconds
[2023-12-03T18:33:41.700+0000] {processor.py:157} INFO - Started process (PID=3474) to work on /home/airflow/.local/lib/python3.8/site-packages/airflow/example_dags/example_bash_operator.py
[2023-12-03T18:33:41.702+0000] {processor.py:829} INFO - Processing file /home/airflow/.local/lib/python3.8/site-packages/airflow/example_dags/example_bash_operator.py for tasks to queue
[2023-12-03T18:33:41.704+0000] {logging_mixin.py:154} INFO - [2023-12-03T18:33:41.704+0000] {dagbag.py:536} INFO - Filling up the DagBag from /home/airflow/.local/lib/python3.8/site-packages/airflow/example_dags/example_bash_operator.py
[2023-12-03T18:33:41.715+0000] {processor.py:839} INFO - DAG(s) dict_keys(['example_bash_operator']) retrieved from /home/airflow/.local/lib/python3.8/site-packages/airflow/example_dags/example_bash_operator.py
[2023-12-03T18:33:41.742+0000] {logging_mixin.py:154} INFO - [2023-12-03T18:33:41.742+0000] {dag.py:2941} INFO - Sync 1 DAGs
[2023-12-03T18:33:41.762+0000] {logging_mixin.py:154} INFO - [2023-12-03T18:33:41.762+0000] {dag.py:3722} INFO - Setting next_dagrun for example_bash_operator to 2023-12-02T00:00:00+00:00, run_after=2023-12-03T00:00:00+00:00
[2023-12-03T18:33:41.774+0000] {processor.py:179} INFO - Processing /home/airflow/.local/lib/python3.8/site-packages/airflow/example_dags/example_bash_operator.py took 0.078 seconds
[2023-12-03T19:06:26.019+0000] {processor.py:157} INFO - Started process (PID=3532) to work on /home/airflow/.local/lib/python3.8/site-packages/airflow/example_dags/example_bash_operator.py
[2023-12-03T19:06:26.021+0000] {processor.py:829} INFO - Processing file /home/airflow/.local/lib/python3.8/site-packages/airflow/example_dags/example_bash_operator.py for tasks to queue
[2023-12-03T19:06:26.024+0000] {logging_mixin.py:154} INFO - [2023-12-03T19:06:26.024+0000] {dagbag.py:536} INFO - Filling up the DagBag from /home/airflow/.local/lib/python3.8/site-packages/airflow/example_dags/example_bash_operator.py
[2023-12-03T19:06:26.034+0000] {processor.py:839} INFO - DAG(s) dict_keys(['example_bash_operator']) retrieved from /home/airflow/.local/lib/python3.8/site-packages/airflow/example_dags/example_bash_operator.py
[2023-12-03T19:06:26.129+0000] {logging_mixin.py:154} INFO - [2023-12-03T19:06:26.128+0000] {dag.py:2941} INFO - Sync 1 DAGs
[2023-12-03T19:06:26.182+0000] {logging_mixin.py:154} INFO - [2023-12-03T19:06:26.180+0000] {dag.py:3722} INFO - Setting next_dagrun for example_bash_operator to 2023-12-02T00:00:00+00:00, run_after=2023-12-03T00:00:00+00:00
[2023-12-03T19:06:26.222+0000] {processor.py:179} INFO - Processing /home/airflow/.local/lib/python3.8/site-packages/airflow/example_dags/example_bash_operator.py took 0.206 seconds
[2023-12-03T19:22:01.378+0000] {processor.py:157} INFO - Started process (PID=3590) to work on /home/airflow/.local/lib/python3.8/site-packages/airflow/example_dags/example_bash_operator.py
[2023-12-03T19:22:01.380+0000] {processor.py:829} INFO - Processing file /home/airflow/.local/lib/python3.8/site-packages/airflow/example_dags/example_bash_operator.py for tasks to queue
[2023-12-03T19:22:01.382+0000] {logging_mixin.py:154} INFO - [2023-12-03T19:22:01.382+0000] {dagbag.py:536} INFO - Filling up the DagBag from /home/airflow/.local/lib/python3.8/site-packages/airflow/example_dags/example_bash_operator.py
[2023-12-03T19:22:01.393+0000] {processor.py:839} INFO - DAG(s) dict_keys(['example_bash_operator']) retrieved from /home/airflow/.local/lib/python3.8/site-packages/airflow/example_dags/example_bash_operator.py
[2023-12-03T19:22:01.416+0000] {logging_mixin.py:154} INFO - [2023-12-03T19:22:01.415+0000] {dag.py:2941} INFO - Sync 1 DAGs
[2023-12-03T19:22:01.431+0000] {logging_mixin.py:154} INFO - [2023-12-03T19:22:01.431+0000] {dag.py:3722} INFO - Setting next_dagrun for example_bash_operator to 2023-12-02T00:00:00+00:00, run_after=2023-12-03T00:00:00+00:00
[2023-12-03T19:22:01.444+0000] {processor.py:179} INFO - Processing /home/airflow/.local/lib/python3.8/site-packages/airflow/example_dags/example_bash_operator.py took 0.071 seconds
[2023-12-03T20:11:32.900+0000] {processor.py:157} INFO - Started process (PID=3647) to work on /home/airflow/.local/lib/python3.8/site-packages/airflow/example_dags/example_bash_operator.py
[2023-12-03T20:11:32.901+0000] {processor.py:829} INFO - Processing file /home/airflow/.local/lib/python3.8/site-packages/airflow/example_dags/example_bash_operator.py for tasks to queue
[2023-12-03T20:11:32.904+0000] {logging_mixin.py:154} INFO - [2023-12-03T20:11:32.904+0000] {dagbag.py:536} INFO - Filling up the DagBag from /home/airflow/.local/lib/python3.8/site-packages/airflow/example_dags/example_bash_operator.py
[2023-12-03T20:11:32.914+0000] {processor.py:839} INFO - DAG(s) dict_keys(['example_bash_operator']) retrieved from /home/airflow/.local/lib/python3.8/site-packages/airflow/example_dags/example_bash_operator.py
[2023-12-03T20:11:32.937+0000] {logging_mixin.py:154} INFO - [2023-12-03T20:11:32.937+0000] {dag.py:2941} INFO - Sync 1 DAGs
[2023-12-03T20:11:32.957+0000] {logging_mixin.py:154} INFO - [2023-12-03T20:11:32.957+0000] {dag.py:3722} INFO - Setting next_dagrun for example_bash_operator to 2023-12-02T00:00:00+00:00, run_after=2023-12-03T00:00:00+00:00
[2023-12-03T20:11:32.972+0000] {processor.py:179} INFO - Processing /home/airflow/.local/lib/python3.8/site-packages/airflow/example_dags/example_bash_operator.py took 0.076 seconds
[2023-12-03T21:36:33.116+0000] {processor.py:157} INFO - Started process (PID=3705) to work on /home/airflow/.local/lib/python3.8/site-packages/airflow/example_dags/example_bash_operator.py
[2023-12-03T21:36:33.118+0000] {processor.py:829} INFO - Processing file /home/airflow/.local/lib/python3.8/site-packages/airflow/example_dags/example_bash_operator.py for tasks to queue
[2023-12-03T21:36:33.121+0000] {logging_mixin.py:154} INFO - [2023-12-03T21:36:33.120+0000] {dagbag.py:536} INFO - Filling up the DagBag from /home/airflow/.local/lib/python3.8/site-packages/airflow/example_dags/example_bash_operator.py
[2023-12-03T21:36:33.131+0000] {processor.py:839} INFO - DAG(s) dict_keys(['example_bash_operator']) retrieved from /home/airflow/.local/lib/python3.8/site-packages/airflow/example_dags/example_bash_operator.py
[2023-12-03T21:36:33.158+0000] {logging_mixin.py:154} INFO - [2023-12-03T21:36:33.158+0000] {dag.py:2941} INFO - Sync 1 DAGs
[2023-12-03T21:36:33.175+0000] {logging_mixin.py:154} INFO - [2023-12-03T21:36:33.175+0000] {dag.py:3722} INFO - Setting next_dagrun for example_bash_operator to 2023-12-02T00:00:00+00:00, run_after=2023-12-03T00:00:00+00:00
[2023-12-03T21:36:33.190+0000] {processor.py:179} INFO - Processing /home/airflow/.local/lib/python3.8/site-packages/airflow/example_dags/example_bash_operator.py took 0.077 seconds
[2023-12-03T22:57:30.954+0000] {processor.py:157} INFO - Started process (PID=3763) to work on /home/airflow/.local/lib/python3.8/site-packages/airflow/example_dags/example_bash_operator.py
[2023-12-03T22:57:30.959+0000] {processor.py:829} INFO - Processing file /home/airflow/.local/lib/python3.8/site-packages/airflow/example_dags/example_bash_operator.py for tasks to queue
[2023-12-03T22:57:30.968+0000] {logging_mixin.py:154} INFO - [2023-12-03T22:57:30.967+0000] {dagbag.py:536} INFO - Filling up the DagBag from /home/airflow/.local/lib/python3.8/site-packages/airflow/example_dags/example_bash_operator.py
[2023-12-03T22:57:31.056+0000] {processor.py:839} INFO - DAG(s) dict_keys(['example_bash_operator']) retrieved from /home/airflow/.local/lib/python3.8/site-packages/airflow/example_dags/example_bash_operator.py
[2023-12-03T22:57:31.113+0000] {logging_mixin.py:154} INFO - [2023-12-03T22:57:31.113+0000] {dag.py:2941} INFO - Sync 1 DAGs
[2023-12-03T22:57:31.145+0000] {logging_mixin.py:154} INFO - [2023-12-03T22:57:31.145+0000] {dag.py:3722} INFO - Setting next_dagrun for example_bash_operator to 2023-12-02T00:00:00+00:00, run_after=2023-12-03T00:00:00+00:00
[2023-12-03T22:57:31.172+0000] {processor.py:179} INFO - Processing /home/airflow/.local/lib/python3.8/site-packages/airflow/example_dags/example_bash_operator.py took 0.233 seconds
[2023-12-03T23:13:10.000+0000] {processor.py:157} INFO - Started process (PID=3821) to work on /home/airflow/.local/lib/python3.8/site-packages/airflow/example_dags/example_bash_operator.py
[2023-12-03T23:13:10.002+0000] {processor.py:829} INFO - Processing file /home/airflow/.local/lib/python3.8/site-packages/airflow/example_dags/example_bash_operator.py for tasks to queue
[2023-12-03T23:13:10.004+0000] {logging_mixin.py:154} INFO - [2023-12-03T23:13:10.004+0000] {dagbag.py:536} INFO - Filling up the DagBag from /home/airflow/.local/lib/python3.8/site-packages/airflow/example_dags/example_bash_operator.py
[2023-12-03T23:13:10.014+0000] {processor.py:839} INFO - DAG(s) dict_keys(['example_bash_operator']) retrieved from /home/airflow/.local/lib/python3.8/site-packages/airflow/example_dags/example_bash_operator.py
[2023-12-03T23:13:10.035+0000] {logging_mixin.py:154} INFO - [2023-12-03T23:13:10.035+0000] {dag.py:2941} INFO - Sync 1 DAGs
[2023-12-03T23:13:10.050+0000] {logging_mixin.py:154} INFO - [2023-12-03T23:13:10.050+0000] {dag.py:3722} INFO - Setting next_dagrun for example_bash_operator to 2023-12-02T00:00:00+00:00, run_after=2023-12-03T00:00:00+00:00
[2023-12-03T23:13:10.064+0000] {processor.py:179} INFO - Processing /home/airflow/.local/lib/python3.8/site-packages/airflow/example_dags/example_bash_operator.py took 0.068 seconds
[2023-12-03T23:22:18.128+0000] {processor.py:157} INFO - Started process (PID=3879) to work on /home/airflow/.local/lib/python3.8/site-packages/airflow/example_dags/example_bash_operator.py
[2023-12-03T23:22:18.130+0000] {processor.py:829} INFO - Processing file /home/airflow/.local/lib/python3.8/site-packages/airflow/example_dags/example_bash_operator.py for tasks to queue
[2023-12-03T23:22:18.134+0000] {logging_mixin.py:154} INFO - [2023-12-03T23:22:18.133+0000] {dagbag.py:536} INFO - Filling up the DagBag from /home/airflow/.local/lib/python3.8/site-packages/airflow/example_dags/example_bash_operator.py
[2023-12-03T23:22:18.145+0000] {processor.py:839} INFO - DAG(s) dict_keys(['example_bash_operator']) retrieved from /home/airflow/.local/lib/python3.8/site-packages/airflow/example_dags/example_bash_operator.py
[2023-12-03T23:22:18.185+0000] {logging_mixin.py:154} INFO - [2023-12-03T23:22:18.185+0000] {dag.py:2941} INFO - Sync 1 DAGs
[2023-12-03T23:22:18.209+0000] {logging_mixin.py:154} INFO - [2023-12-03T23:22:18.209+0000] {dag.py:3722} INFO - Setting next_dagrun for example_bash_operator to 2023-12-02T00:00:00+00:00, run_after=2023-12-03T00:00:00+00:00
[2023-12-03T23:22:18.229+0000] {processor.py:179} INFO - Processing /home/airflow/.local/lib/python3.8/site-packages/airflow/example_dags/example_bash_operator.py took 0.105 seconds
