[2023-12-03T09:43:22.320+0000] {processor.py:157} INFO - Started process (PID=40) to work on /home/airflow/.local/lib/python3.8/site-packages/airflow/example_dags/example_skip_dag.py
[2023-12-03T09:43:22.321+0000] {processor.py:829} INFO - Processing file /home/airflow/.local/lib/python3.8/site-packages/airflow/example_dags/example_skip_dag.py for tasks to queue
[2023-12-03T09:43:22.324+0000] {logging_mixin.py:154} INFO - [2023-12-03T09:43:22.323+0000] {dagbag.py:536} INFO - Filling up the DagBag from /home/airflow/.local/lib/python3.8/site-packages/airflow/example_dags/example_skip_dag.py
[2023-12-03T09:43:22.338+0000] {processor.py:839} INFO - DAG(s) dict_keys(['example_skip_dag']) retrieved from /home/airflow/.local/lib/python3.8/site-packages/airflow/example_dags/example_skip_dag.py
[2023-12-03T09:43:22.353+0000] {logging_mixin.py:154} INFO - [2023-12-03T09:43:22.353+0000] {dag.py:2941} INFO - Sync 1 DAGs
[2023-12-03T09:43:22.389+0000] {logging_mixin.py:154} INFO - [2023-12-03T09:43:22.389+0000] {dag.py:3722} INFO - Setting next_dagrun for example_skip_dag to 2023-12-02T09:43:22.389119+00:00, run_after=2023-12-03T09:43:22.389119+00:00
[2023-12-03T09:43:22.412+0000] {processor.py:179} INFO - Processing /home/airflow/.local/lib/python3.8/site-packages/airflow/example_dags/example_skip_dag.py took 0.096 seconds
[2023-12-03T09:43:53.411+0000] {processor.py:157} INFO - Started process (PID=98) to work on /home/airflow/.local/lib/python3.8/site-packages/airflow/example_dags/example_skip_dag.py
[2023-12-03T09:43:53.412+0000] {processor.py:829} INFO - Processing file /home/airflow/.local/lib/python3.8/site-packages/airflow/example_dags/example_skip_dag.py for tasks to queue
[2023-12-03T09:43:53.415+0000] {logging_mixin.py:154} INFO - [2023-12-03T09:43:53.415+0000] {dagbag.py:536} INFO - Filling up the DagBag from /home/airflow/.local/lib/python3.8/site-packages/airflow/example_dags/example_skip_dag.py
[2023-12-03T09:43:53.422+0000] {processor.py:839} INFO - DAG(s) dict_keys(['example_skip_dag']) retrieved from /home/airflow/.local/lib/python3.8/site-packages/airflow/example_dags/example_skip_dag.py
[2023-12-03T09:43:53.442+0000] {logging_mixin.py:154} INFO - [2023-12-03T09:43:53.442+0000] {dag.py:2941} INFO - Sync 1 DAGs
[2023-12-03T09:43:53.462+0000] {logging_mixin.py:154} INFO - [2023-12-03T09:43:53.462+0000] {dag.py:3722} INFO - Setting next_dagrun for example_skip_dag to 2023-12-02T09:43:53.462272+00:00, run_after=2023-12-03T09:43:53.462272+00:00
[2023-12-03T09:43:53.480+0000] {processor.py:179} INFO - Processing /home/airflow/.local/lib/python3.8/site-packages/airflow/example_dags/example_skip_dag.py took 0.074 seconds
[2023-12-03T09:44:24.435+0000] {processor.py:157} INFO - Started process (PID=155) to work on /home/airflow/.local/lib/python3.8/site-packages/airflow/example_dags/example_skip_dag.py
[2023-12-03T09:44:24.436+0000] {processor.py:829} INFO - Processing file /home/airflow/.local/lib/python3.8/site-packages/airflow/example_dags/example_skip_dag.py for tasks to queue
[2023-12-03T09:44:24.439+0000] {logging_mixin.py:154} INFO - [2023-12-03T09:44:24.439+0000] {dagbag.py:536} INFO - Filling up the DagBag from /home/airflow/.local/lib/python3.8/site-packages/airflow/example_dags/example_skip_dag.py
[2023-12-03T09:44:24.447+0000] {processor.py:839} INFO - DAG(s) dict_keys(['example_skip_dag']) retrieved from /home/airflow/.local/lib/python3.8/site-packages/airflow/example_dags/example_skip_dag.py
[2023-12-03T09:44:24.466+0000] {logging_mixin.py:154} INFO - [2023-12-03T09:44:24.465+0000] {dag.py:2941} INFO - Sync 1 DAGs
[2023-12-03T09:44:24.485+0000] {logging_mixin.py:154} INFO - [2023-12-03T09:44:24.485+0000] {dag.py:3722} INFO - Setting next_dagrun for example_skip_dag to 2023-12-02T09:44:24.485126+00:00, run_after=2023-12-03T09:44:24.485126+00:00
[2023-12-03T09:44:24.501+0000] {processor.py:179} INFO - Processing /home/airflow/.local/lib/python3.8/site-packages/airflow/example_dags/example_skip_dag.py took 0.070 seconds
[2023-12-03T09:44:55.528+0000] {processor.py:157} INFO - Started process (PID=213) to work on /home/airflow/.local/lib/python3.8/site-packages/airflow/example_dags/example_skip_dag.py
[2023-12-03T09:44:55.530+0000] {processor.py:829} INFO - Processing file /home/airflow/.local/lib/python3.8/site-packages/airflow/example_dags/example_skip_dag.py for tasks to queue
[2023-12-03T09:44:55.532+0000] {logging_mixin.py:154} INFO - [2023-12-03T09:44:55.532+0000] {dagbag.py:536} INFO - Filling up the DagBag from /home/airflow/.local/lib/python3.8/site-packages/airflow/example_dags/example_skip_dag.py
[2023-12-03T09:44:55.540+0000] {processor.py:839} INFO - DAG(s) dict_keys(['example_skip_dag']) retrieved from /home/airflow/.local/lib/python3.8/site-packages/airflow/example_dags/example_skip_dag.py
[2023-12-03T09:44:55.562+0000] {logging_mixin.py:154} INFO - [2023-12-03T09:44:55.562+0000] {dag.py:2941} INFO - Sync 1 DAGs
[2023-12-03T09:44:55.584+0000] {logging_mixin.py:154} INFO - [2023-12-03T09:44:55.584+0000] {dag.py:3722} INFO - Setting next_dagrun for example_skip_dag to 2023-12-02T09:44:55.584184+00:00, run_after=2023-12-03T09:44:55.584184+00:00
[2023-12-03T09:44:55.601+0000] {processor.py:179} INFO - Processing /home/airflow/.local/lib/python3.8/site-packages/airflow/example_dags/example_skip_dag.py took 0.077 seconds
[2023-12-03T09:45:25.658+0000] {processor.py:157} INFO - Started process (PID=270) to work on /home/airflow/.local/lib/python3.8/site-packages/airflow/example_dags/example_skip_dag.py
[2023-12-03T09:45:25.659+0000] {processor.py:829} INFO - Processing file /home/airflow/.local/lib/python3.8/site-packages/airflow/example_dags/example_skip_dag.py for tasks to queue
[2023-12-03T09:45:25.662+0000] {logging_mixin.py:154} INFO - [2023-12-03T09:45:25.662+0000] {dagbag.py:536} INFO - Filling up the DagBag from /home/airflow/.local/lib/python3.8/site-packages/airflow/example_dags/example_skip_dag.py
[2023-12-03T09:45:25.670+0000] {processor.py:839} INFO - DAG(s) dict_keys(['example_skip_dag']) retrieved from /home/airflow/.local/lib/python3.8/site-packages/airflow/example_dags/example_skip_dag.py
[2023-12-03T09:45:25.695+0000] {logging_mixin.py:154} INFO - [2023-12-03T09:45:25.695+0000] {dag.py:2941} INFO - Sync 1 DAGs
[2023-12-03T09:45:25.722+0000] {logging_mixin.py:154} INFO - [2023-12-03T09:45:25.722+0000] {dag.py:3722} INFO - Setting next_dagrun for example_skip_dag to 2023-12-02T09:45:25.721990+00:00, run_after=2023-12-03T09:45:25.721990+00:00
[2023-12-03T09:45:25.741+0000] {processor.py:179} INFO - Processing /home/airflow/.local/lib/python3.8/site-packages/airflow/example_dags/example_skip_dag.py took 0.086 seconds
[2023-12-03T09:45:55.961+0000] {processor.py:157} INFO - Started process (PID=328) to work on /home/airflow/.local/lib/python3.8/site-packages/airflow/example_dags/example_skip_dag.py
[2023-12-03T09:45:55.962+0000] {processor.py:829} INFO - Processing file /home/airflow/.local/lib/python3.8/site-packages/airflow/example_dags/example_skip_dag.py for tasks to queue
[2023-12-03T09:45:55.966+0000] {logging_mixin.py:154} INFO - [2023-12-03T09:45:55.966+0000] {dagbag.py:536} INFO - Filling up the DagBag from /home/airflow/.local/lib/python3.8/site-packages/airflow/example_dags/example_skip_dag.py
[2023-12-03T09:45:55.976+0000] {processor.py:839} INFO - DAG(s) dict_keys(['example_skip_dag']) retrieved from /home/airflow/.local/lib/python3.8/site-packages/airflow/example_dags/example_skip_dag.py
[2023-12-03T09:45:56.007+0000] {logging_mixin.py:154} INFO - [2023-12-03T09:45:56.006+0000] {dag.py:2941} INFO - Sync 1 DAGs
[2023-12-03T09:45:56.040+0000] {logging_mixin.py:154} INFO - [2023-12-03T09:45:56.039+0000] {dag.py:3722} INFO - Setting next_dagrun for example_skip_dag to 2023-12-02T09:45:56.039452+00:00, run_after=2023-12-03T09:45:56.039452+00:00
[2023-12-03T09:45:56.067+0000] {processor.py:179} INFO - Processing /home/airflow/.local/lib/python3.8/site-packages/airflow/example_dags/example_skip_dag.py took 0.111 seconds
[2023-12-03T09:46:26.652+0000] {processor.py:157} INFO - Started process (PID=386) to work on /home/airflow/.local/lib/python3.8/site-packages/airflow/example_dags/example_skip_dag.py
[2023-12-03T09:46:26.654+0000] {processor.py:829} INFO - Processing file /home/airflow/.local/lib/python3.8/site-packages/airflow/example_dags/example_skip_dag.py for tasks to queue
[2023-12-03T09:46:26.657+0000] {logging_mixin.py:154} INFO - [2023-12-03T09:46:26.657+0000] {dagbag.py:536} INFO - Filling up the DagBag from /home/airflow/.local/lib/python3.8/site-packages/airflow/example_dags/example_skip_dag.py
[2023-12-03T09:46:26.665+0000] {processor.py:839} INFO - DAG(s) dict_keys(['example_skip_dag']) retrieved from /home/airflow/.local/lib/python3.8/site-packages/airflow/example_dags/example_skip_dag.py
[2023-12-03T09:46:26.689+0000] {logging_mixin.py:154} INFO - [2023-12-03T09:46:26.689+0000] {dag.py:2941} INFO - Sync 1 DAGs
[2023-12-03T09:46:26.713+0000] {logging_mixin.py:154} INFO - [2023-12-03T09:46:26.712+0000] {dag.py:3722} INFO - Setting next_dagrun for example_skip_dag to 2023-12-02T09:46:26.712663+00:00, run_after=2023-12-03T09:46:26.712663+00:00
[2023-12-03T09:46:26.729+0000] {processor.py:179} INFO - Processing /home/airflow/.local/lib/python3.8/site-packages/airflow/example_dags/example_skip_dag.py took 0.081 seconds
[2023-12-03T09:46:57.080+0000] {processor.py:157} INFO - Started process (PID=444) to work on /home/airflow/.local/lib/python3.8/site-packages/airflow/example_dags/example_skip_dag.py
[2023-12-03T09:46:57.081+0000] {processor.py:829} INFO - Processing file /home/airflow/.local/lib/python3.8/site-packages/airflow/example_dags/example_skip_dag.py for tasks to queue
[2023-12-03T09:46:57.084+0000] {logging_mixin.py:154} INFO - [2023-12-03T09:46:57.083+0000] {dagbag.py:536} INFO - Filling up the DagBag from /home/airflow/.local/lib/python3.8/site-packages/airflow/example_dags/example_skip_dag.py
[2023-12-03T09:46:57.091+0000] {processor.py:839} INFO - DAG(s) dict_keys(['example_skip_dag']) retrieved from /home/airflow/.local/lib/python3.8/site-packages/airflow/example_dags/example_skip_dag.py
[2023-12-03T09:46:57.114+0000] {logging_mixin.py:154} INFO - [2023-12-03T09:46:57.114+0000] {dag.py:2941} INFO - Sync 1 DAGs
[2023-12-03T09:46:57.138+0000] {logging_mixin.py:154} INFO - [2023-12-03T09:46:57.138+0000] {dag.py:3722} INFO - Setting next_dagrun for example_skip_dag to 2023-12-02T09:46:57.137992+00:00, run_after=2023-12-03T09:46:57.137992+00:00
[2023-12-03T09:46:57.156+0000] {processor.py:179} INFO - Processing /home/airflow/.local/lib/python3.8/site-packages/airflow/example_dags/example_skip_dag.py took 0.081 seconds
[2023-12-03T09:47:27.875+0000] {processor.py:157} INFO - Started process (PID=502) to work on /home/airflow/.local/lib/python3.8/site-packages/airflow/example_dags/example_skip_dag.py
[2023-12-03T09:47:27.876+0000] {processor.py:829} INFO - Processing file /home/airflow/.local/lib/python3.8/site-packages/airflow/example_dags/example_skip_dag.py for tasks to queue
[2023-12-03T09:47:27.879+0000] {logging_mixin.py:154} INFO - [2023-12-03T09:47:27.878+0000] {dagbag.py:536} INFO - Filling up the DagBag from /home/airflow/.local/lib/python3.8/site-packages/airflow/example_dags/example_skip_dag.py
[2023-12-03T09:47:27.885+0000] {processor.py:839} INFO - DAG(s) dict_keys(['example_skip_dag']) retrieved from /home/airflow/.local/lib/python3.8/site-packages/airflow/example_dags/example_skip_dag.py
[2023-12-03T09:47:27.904+0000] {logging_mixin.py:154} INFO - [2023-12-03T09:47:27.904+0000] {dag.py:2941} INFO - Sync 1 DAGs
[2023-12-03T09:47:27.925+0000] {logging_mixin.py:154} INFO - [2023-12-03T09:47:27.925+0000] {dag.py:3722} INFO - Setting next_dagrun for example_skip_dag to 2023-12-02T09:47:27.925311+00:00, run_after=2023-12-03T09:47:27.925311+00:00
[2023-12-03T09:47:27.941+0000] {processor.py:179} INFO - Processing /home/airflow/.local/lib/python3.8/site-packages/airflow/example_dags/example_skip_dag.py took 0.070 seconds
[2023-12-03T09:47:58.057+0000] {processor.py:157} INFO - Started process (PID=560) to work on /home/airflow/.local/lib/python3.8/site-packages/airflow/example_dags/example_skip_dag.py
[2023-12-03T09:47:58.058+0000] {processor.py:829} INFO - Processing file /home/airflow/.local/lib/python3.8/site-packages/airflow/example_dags/example_skip_dag.py for tasks to queue
[2023-12-03T09:47:58.061+0000] {logging_mixin.py:154} INFO - [2023-12-03T09:47:58.061+0000] {dagbag.py:536} INFO - Filling up the DagBag from /home/airflow/.local/lib/python3.8/site-packages/airflow/example_dags/example_skip_dag.py
[2023-12-03T09:47:58.068+0000] {processor.py:839} INFO - DAG(s) dict_keys(['example_skip_dag']) retrieved from /home/airflow/.local/lib/python3.8/site-packages/airflow/example_dags/example_skip_dag.py
[2023-12-03T09:47:58.086+0000] {logging_mixin.py:154} INFO - [2023-12-03T09:47:58.086+0000] {dag.py:2941} INFO - Sync 1 DAGs
[2023-12-03T09:47:58.105+0000] {logging_mixin.py:154} INFO - [2023-12-03T09:47:58.104+0000] {dag.py:3722} INFO - Setting next_dagrun for example_skip_dag to 2023-12-02T09:47:58.104658+00:00, run_after=2023-12-03T09:47:58.104658+00:00
[2023-12-03T09:47:58.118+0000] {processor.py:179} INFO - Processing /home/airflow/.local/lib/python3.8/site-packages/airflow/example_dags/example_skip_dag.py took 0.065 seconds
[2023-12-03T09:48:28.253+0000] {processor.py:157} INFO - Started process (PID=617) to work on /home/airflow/.local/lib/python3.8/site-packages/airflow/example_dags/example_skip_dag.py
[2023-12-03T09:48:28.254+0000] {processor.py:829} INFO - Processing file /home/airflow/.local/lib/python3.8/site-packages/airflow/example_dags/example_skip_dag.py for tasks to queue
[2023-12-03T09:48:28.256+0000] {logging_mixin.py:154} INFO - [2023-12-03T09:48:28.256+0000] {dagbag.py:536} INFO - Filling up the DagBag from /home/airflow/.local/lib/python3.8/site-packages/airflow/example_dags/example_skip_dag.py
[2023-12-03T09:48:28.263+0000] {processor.py:839} INFO - DAG(s) dict_keys(['example_skip_dag']) retrieved from /home/airflow/.local/lib/python3.8/site-packages/airflow/example_dags/example_skip_dag.py
[2023-12-03T09:48:28.283+0000] {logging_mixin.py:154} INFO - [2023-12-03T09:48:28.283+0000] {dag.py:2941} INFO - Sync 1 DAGs
[2023-12-03T09:48:28.302+0000] {logging_mixin.py:154} INFO - [2023-12-03T09:48:28.302+0000] {dag.py:3722} INFO - Setting next_dagrun for example_skip_dag to 2023-12-02T09:48:28.302437+00:00, run_after=2023-12-03T09:48:28.302437+00:00
[2023-12-03T09:48:28.316+0000] {processor.py:179} INFO - Processing /home/airflow/.local/lib/python3.8/site-packages/airflow/example_dags/example_skip_dag.py took 0.067 seconds
[2023-12-03T09:48:59.170+0000] {processor.py:157} INFO - Started process (PID=675) to work on /home/airflow/.local/lib/python3.8/site-packages/airflow/example_dags/example_skip_dag.py
[2023-12-03T09:48:59.171+0000] {processor.py:829} INFO - Processing file /home/airflow/.local/lib/python3.8/site-packages/airflow/example_dags/example_skip_dag.py for tasks to queue
[2023-12-03T09:48:59.173+0000] {logging_mixin.py:154} INFO - [2023-12-03T09:48:59.173+0000] {dagbag.py:536} INFO - Filling up the DagBag from /home/airflow/.local/lib/python3.8/site-packages/airflow/example_dags/example_skip_dag.py
[2023-12-03T09:48:59.179+0000] {processor.py:839} INFO - DAG(s) dict_keys(['example_skip_dag']) retrieved from /home/airflow/.local/lib/python3.8/site-packages/airflow/example_dags/example_skip_dag.py
[2023-12-03T09:48:59.196+0000] {logging_mixin.py:154} INFO - [2023-12-03T09:48:59.196+0000] {dag.py:2941} INFO - Sync 1 DAGs
[2023-12-03T09:48:59.215+0000] {logging_mixin.py:154} INFO - [2023-12-03T09:48:59.215+0000] {dag.py:3722} INFO - Setting next_dagrun for example_skip_dag to 2023-12-02T09:48:59.214925+00:00, run_after=2023-12-03T09:48:59.214925+00:00
[2023-12-03T09:48:59.231+0000] {processor.py:179} INFO - Processing /home/airflow/.local/lib/python3.8/site-packages/airflow/example_dags/example_skip_dag.py took 0.064 seconds
[2023-12-03T09:49:30.049+0000] {processor.py:157} INFO - Started process (PID=733) to work on /home/airflow/.local/lib/python3.8/site-packages/airflow/example_dags/example_skip_dag.py
[2023-12-03T09:49:30.051+0000] {processor.py:829} INFO - Processing file /home/airflow/.local/lib/python3.8/site-packages/airflow/example_dags/example_skip_dag.py for tasks to queue
[2023-12-03T09:49:30.055+0000] {logging_mixin.py:154} INFO - [2023-12-03T09:49:30.054+0000] {dagbag.py:536} INFO - Filling up the DagBag from /home/airflow/.local/lib/python3.8/site-packages/airflow/example_dags/example_skip_dag.py
[2023-12-03T09:49:30.062+0000] {processor.py:839} INFO - DAG(s) dict_keys(['example_skip_dag']) retrieved from /home/airflow/.local/lib/python3.8/site-packages/airflow/example_dags/example_skip_dag.py
[2023-12-03T09:49:30.084+0000] {logging_mixin.py:154} INFO - [2023-12-03T09:49:30.084+0000] {dag.py:2941} INFO - Sync 1 DAGs
[2023-12-03T09:49:30.103+0000] {logging_mixin.py:154} INFO - [2023-12-03T09:49:30.103+0000] {dag.py:3722} INFO - Setting next_dagrun for example_skip_dag to 2023-12-02T09:49:30.103352+00:00, run_after=2023-12-03T09:49:30.103352+00:00
[2023-12-03T09:49:30.118+0000] {processor.py:179} INFO - Processing /home/airflow/.local/lib/python3.8/site-packages/airflow/example_dags/example_skip_dag.py took 0.073 seconds
[2023-12-03T09:50:00.352+0000] {processor.py:157} INFO - Started process (PID=791) to work on /home/airflow/.local/lib/python3.8/site-packages/airflow/example_dags/example_skip_dag.py
[2023-12-03T09:50:00.353+0000] {processor.py:829} INFO - Processing file /home/airflow/.local/lib/python3.8/site-packages/airflow/example_dags/example_skip_dag.py for tasks to queue
[2023-12-03T09:50:00.356+0000] {logging_mixin.py:154} INFO - [2023-12-03T09:50:00.356+0000] {dagbag.py:536} INFO - Filling up the DagBag from /home/airflow/.local/lib/python3.8/site-packages/airflow/example_dags/example_skip_dag.py
[2023-12-03T09:50:00.363+0000] {processor.py:839} INFO - DAG(s) dict_keys(['example_skip_dag']) retrieved from /home/airflow/.local/lib/python3.8/site-packages/airflow/example_dags/example_skip_dag.py
[2023-12-03T09:50:00.386+0000] {logging_mixin.py:154} INFO - [2023-12-03T09:50:00.386+0000] {dag.py:2941} INFO - Sync 1 DAGs
[2023-12-03T09:50:00.409+0000] {logging_mixin.py:154} INFO - [2023-12-03T09:50:00.409+0000] {dag.py:3722} INFO - Setting next_dagrun for example_skip_dag to 2023-12-02T09:50:00.409097+00:00, run_after=2023-12-03T09:50:00.409097+00:00
[2023-12-03T09:50:00.430+0000] {processor.py:179} INFO - Processing /home/airflow/.local/lib/python3.8/site-packages/airflow/example_dags/example_skip_dag.py took 0.082 seconds
[2023-12-03T09:50:30.618+0000] {processor.py:157} INFO - Started process (PID=849) to work on /home/airflow/.local/lib/python3.8/site-packages/airflow/example_dags/example_skip_dag.py
[2023-12-03T09:50:30.620+0000] {processor.py:829} INFO - Processing file /home/airflow/.local/lib/python3.8/site-packages/airflow/example_dags/example_skip_dag.py for tasks to queue
[2023-12-03T09:50:30.623+0000] {logging_mixin.py:154} INFO - [2023-12-03T09:50:30.622+0000] {dagbag.py:536} INFO - Filling up the DagBag from /home/airflow/.local/lib/python3.8/site-packages/airflow/example_dags/example_skip_dag.py
[2023-12-03T09:50:30.820+0000] {processor.py:839} INFO - DAG(s) dict_keys(['example_skip_dag']) retrieved from /home/airflow/.local/lib/python3.8/site-packages/airflow/example_dags/example_skip_dag.py
[2023-12-03T09:50:30.844+0000] {logging_mixin.py:154} INFO - [2023-12-03T09:50:30.844+0000] {dag.py:2941} INFO - Sync 1 DAGs
[2023-12-03T09:50:30.868+0000] {logging_mixin.py:154} INFO - [2023-12-03T09:50:30.868+0000] {dag.py:3722} INFO - Setting next_dagrun for example_skip_dag to 2023-12-02T09:50:30.867617+00:00, run_after=2023-12-03T09:50:30.867617+00:00
[2023-12-03T09:50:30.887+0000] {processor.py:179} INFO - Processing /home/airflow/.local/lib/python3.8/site-packages/airflow/example_dags/example_skip_dag.py took 0.272 seconds
[2023-12-03T09:51:01.589+0000] {processor.py:157} INFO - Started process (PID=907) to work on /home/airflow/.local/lib/python3.8/site-packages/airflow/example_dags/example_skip_dag.py
[2023-12-03T09:51:01.590+0000] {processor.py:829} INFO - Processing file /home/airflow/.local/lib/python3.8/site-packages/airflow/example_dags/example_skip_dag.py for tasks to queue
[2023-12-03T09:51:01.593+0000] {logging_mixin.py:154} INFO - [2023-12-03T09:51:01.593+0000] {dagbag.py:536} INFO - Filling up the DagBag from /home/airflow/.local/lib/python3.8/site-packages/airflow/example_dags/example_skip_dag.py
[2023-12-03T09:51:01.599+0000] {processor.py:839} INFO - DAG(s) dict_keys(['example_skip_dag']) retrieved from /home/airflow/.local/lib/python3.8/site-packages/airflow/example_dags/example_skip_dag.py
[2023-12-03T09:51:01.617+0000] {logging_mixin.py:154} INFO - [2023-12-03T09:51:01.617+0000] {dag.py:2941} INFO - Sync 1 DAGs
[2023-12-03T09:51:01.636+0000] {logging_mixin.py:154} INFO - [2023-12-03T09:51:01.636+0000] {dag.py:3722} INFO - Setting next_dagrun for example_skip_dag to 2023-12-02T09:51:01.636218+00:00, run_after=2023-12-03T09:51:01.636218+00:00
[2023-12-03T09:51:01.651+0000] {processor.py:179} INFO - Processing /home/airflow/.local/lib/python3.8/site-packages/airflow/example_dags/example_skip_dag.py took 0.065 seconds
[2023-12-03T09:51:31.855+0000] {processor.py:157} INFO - Started process (PID=965) to work on /home/airflow/.local/lib/python3.8/site-packages/airflow/example_dags/example_skip_dag.py
[2023-12-03T09:51:31.856+0000] {processor.py:829} INFO - Processing file /home/airflow/.local/lib/python3.8/site-packages/airflow/example_dags/example_skip_dag.py for tasks to queue
[2023-12-03T09:51:31.858+0000] {logging_mixin.py:154} INFO - [2023-12-03T09:51:31.858+0000] {dagbag.py:536} INFO - Filling up the DagBag from /home/airflow/.local/lib/python3.8/site-packages/airflow/example_dags/example_skip_dag.py
[2023-12-03T09:51:31.864+0000] {processor.py:839} INFO - DAG(s) dict_keys(['example_skip_dag']) retrieved from /home/airflow/.local/lib/python3.8/site-packages/airflow/example_dags/example_skip_dag.py
[2023-12-03T09:51:31.882+0000] {logging_mixin.py:154} INFO - [2023-12-03T09:51:31.882+0000] {dag.py:2941} INFO - Sync 1 DAGs
[2023-12-03T09:51:31.902+0000] {logging_mixin.py:154} INFO - [2023-12-03T09:51:31.902+0000] {dag.py:3722} INFO - Setting next_dagrun for example_skip_dag to 2023-12-02T09:51:31.902003+00:00, run_after=2023-12-03T09:51:31.902003+00:00
[2023-12-03T09:51:31.917+0000] {processor.py:179} INFO - Processing /home/airflow/.local/lib/python3.8/site-packages/airflow/example_dags/example_skip_dag.py took 0.066 seconds
[2023-12-03T09:52:02.731+0000] {processor.py:157} INFO - Started process (PID=1023) to work on /home/airflow/.local/lib/python3.8/site-packages/airflow/example_dags/example_skip_dag.py
[2023-12-03T09:52:02.732+0000] {processor.py:829} INFO - Processing file /home/airflow/.local/lib/python3.8/site-packages/airflow/example_dags/example_skip_dag.py for tasks to queue
[2023-12-03T09:52:02.735+0000] {logging_mixin.py:154} INFO - [2023-12-03T09:52:02.735+0000] {dagbag.py:536} INFO - Filling up the DagBag from /home/airflow/.local/lib/python3.8/site-packages/airflow/example_dags/example_skip_dag.py
[2023-12-03T09:52:02.741+0000] {processor.py:839} INFO - DAG(s) dict_keys(['example_skip_dag']) retrieved from /home/airflow/.local/lib/python3.8/site-packages/airflow/example_dags/example_skip_dag.py
[2023-12-03T09:52:02.762+0000] {logging_mixin.py:154} INFO - [2023-12-03T09:52:02.762+0000] {dag.py:2941} INFO - Sync 1 DAGs
[2023-12-03T09:52:02.782+0000] {logging_mixin.py:154} INFO - [2023-12-03T09:52:02.782+0000] {dag.py:3722} INFO - Setting next_dagrun for example_skip_dag to 2023-12-02T09:52:02.781844+00:00, run_after=2023-12-03T09:52:02.781844+00:00
[2023-12-03T09:52:02.798+0000] {processor.py:179} INFO - Processing /home/airflow/.local/lib/python3.8/site-packages/airflow/example_dags/example_skip_dag.py took 0.071 seconds
[2023-12-03T09:52:32.863+0000] {processor.py:157} INFO - Started process (PID=1081) to work on /home/airflow/.local/lib/python3.8/site-packages/airflow/example_dags/example_skip_dag.py
[2023-12-03T09:52:32.864+0000] {processor.py:829} INFO - Processing file /home/airflow/.local/lib/python3.8/site-packages/airflow/example_dags/example_skip_dag.py for tasks to queue
[2023-12-03T09:52:32.867+0000] {logging_mixin.py:154} INFO - [2023-12-03T09:52:32.867+0000] {dagbag.py:536} INFO - Filling up the DagBag from /home/airflow/.local/lib/python3.8/site-packages/airflow/example_dags/example_skip_dag.py
[2023-12-03T09:52:32.873+0000] {processor.py:839} INFO - DAG(s) dict_keys(['example_skip_dag']) retrieved from /home/airflow/.local/lib/python3.8/site-packages/airflow/example_dags/example_skip_dag.py
[2023-12-03T09:52:32.893+0000] {logging_mixin.py:154} INFO - [2023-12-03T09:52:32.893+0000] {dag.py:2941} INFO - Sync 1 DAGs
[2023-12-03T09:52:32.910+0000] {logging_mixin.py:154} INFO - [2023-12-03T09:52:32.910+0000] {dag.py:3722} INFO - Setting next_dagrun for example_skip_dag to 2023-12-02T09:52:32.910322+00:00, run_after=2023-12-03T09:52:32.910322+00:00
[2023-12-03T09:52:32.925+0000] {processor.py:179} INFO - Processing /home/airflow/.local/lib/python3.8/site-packages/airflow/example_dags/example_skip_dag.py took 0.066 seconds
[2023-12-03T09:53:03.243+0000] {processor.py:157} INFO - Started process (PID=1139) to work on /home/airflow/.local/lib/python3.8/site-packages/airflow/example_dags/example_skip_dag.py
[2023-12-03T09:53:03.245+0000] {processor.py:829} INFO - Processing file /home/airflow/.local/lib/python3.8/site-packages/airflow/example_dags/example_skip_dag.py for tasks to queue
[2023-12-03T09:53:03.248+0000] {logging_mixin.py:154} INFO - [2023-12-03T09:53:03.247+0000] {dagbag.py:536} INFO - Filling up the DagBag from /home/airflow/.local/lib/python3.8/site-packages/airflow/example_dags/example_skip_dag.py
[2023-12-03T09:53:03.255+0000] {processor.py:839} INFO - DAG(s) dict_keys(['example_skip_dag']) retrieved from /home/airflow/.local/lib/python3.8/site-packages/airflow/example_dags/example_skip_dag.py
[2023-12-03T09:53:03.277+0000] {logging_mixin.py:154} INFO - [2023-12-03T09:53:03.276+0000] {dag.py:2941} INFO - Sync 1 DAGs
[2023-12-03T09:53:03.297+0000] {logging_mixin.py:154} INFO - [2023-12-03T09:53:03.296+0000] {dag.py:3722} INFO - Setting next_dagrun for example_skip_dag to 2023-12-02T09:53:03.296507+00:00, run_after=2023-12-03T09:53:03.296507+00:00
[2023-12-03T09:53:03.314+0000] {processor.py:179} INFO - Processing /home/airflow/.local/lib/python3.8/site-packages/airflow/example_dags/example_skip_dag.py took 0.075 seconds
[2023-12-03T09:53:33.487+0000] {processor.py:157} INFO - Started process (PID=1197) to work on /home/airflow/.local/lib/python3.8/site-packages/airflow/example_dags/example_skip_dag.py
[2023-12-03T09:53:33.487+0000] {processor.py:829} INFO - Processing file /home/airflow/.local/lib/python3.8/site-packages/airflow/example_dags/example_skip_dag.py for tasks to queue
[2023-12-03T09:53:33.490+0000] {logging_mixin.py:154} INFO - [2023-12-03T09:53:33.490+0000] {dagbag.py:536} INFO - Filling up the DagBag from /home/airflow/.local/lib/python3.8/site-packages/airflow/example_dags/example_skip_dag.py
[2023-12-03T09:53:33.498+0000] {processor.py:839} INFO - DAG(s) dict_keys(['example_skip_dag']) retrieved from /home/airflow/.local/lib/python3.8/site-packages/airflow/example_dags/example_skip_dag.py
[2023-12-03T09:53:33.520+0000] {logging_mixin.py:154} INFO - [2023-12-03T09:53:33.520+0000] {dag.py:2941} INFO - Sync 1 DAGs
[2023-12-03T09:53:33.542+0000] {logging_mixin.py:154} INFO - [2023-12-03T09:53:33.542+0000] {dag.py:3722} INFO - Setting next_dagrun for example_skip_dag to 2023-12-02T09:53:33.542034+00:00, run_after=2023-12-03T09:53:33.542034+00:00
[2023-12-03T09:53:33.564+0000] {processor.py:179} INFO - Processing /home/airflow/.local/lib/python3.8/site-packages/airflow/example_dags/example_skip_dag.py took 0.081 seconds
[2023-12-03T09:54:03.779+0000] {processor.py:157} INFO - Started process (PID=1255) to work on /home/airflow/.local/lib/python3.8/site-packages/airflow/example_dags/example_skip_dag.py
[2023-12-03T09:54:03.780+0000] {processor.py:829} INFO - Processing file /home/airflow/.local/lib/python3.8/site-packages/airflow/example_dags/example_skip_dag.py for tasks to queue
[2023-12-03T09:54:03.782+0000] {logging_mixin.py:154} INFO - [2023-12-03T09:54:03.782+0000] {dagbag.py:536} INFO - Filling up the DagBag from /home/airflow/.local/lib/python3.8/site-packages/airflow/example_dags/example_skip_dag.py
[2023-12-03T09:54:03.791+0000] {processor.py:839} INFO - DAG(s) dict_keys(['example_skip_dag']) retrieved from /home/airflow/.local/lib/python3.8/site-packages/airflow/example_dags/example_skip_dag.py
[2023-12-03T09:54:03.820+0000] {logging_mixin.py:154} INFO - [2023-12-03T09:54:03.820+0000] {dag.py:2941} INFO - Sync 1 DAGs
[2023-12-03T09:54:03.839+0000] {logging_mixin.py:154} INFO - [2023-12-03T09:54:03.839+0000] {dag.py:3722} INFO - Setting next_dagrun for example_skip_dag to 2023-12-02T09:54:03.839205+00:00, run_after=2023-12-03T09:54:03.839205+00:00
[2023-12-03T09:54:03.865+0000] {processor.py:179} INFO - Processing /home/airflow/.local/lib/python3.8/site-packages/airflow/example_dags/example_skip_dag.py took 0.090 seconds
[2023-12-03T09:54:34.099+0000] {processor.py:157} INFO - Started process (PID=1320) to work on /home/airflow/.local/lib/python3.8/site-packages/airflow/example_dags/example_skip_dag.py
[2023-12-03T09:54:34.100+0000] {processor.py:829} INFO - Processing file /home/airflow/.local/lib/python3.8/site-packages/airflow/example_dags/example_skip_dag.py for tasks to queue
[2023-12-03T09:54:34.103+0000] {logging_mixin.py:154} INFO - [2023-12-03T09:54:34.103+0000] {dagbag.py:536} INFO - Filling up the DagBag from /home/airflow/.local/lib/python3.8/site-packages/airflow/example_dags/example_skip_dag.py
[2023-12-03T09:54:34.113+0000] {processor.py:839} INFO - DAG(s) dict_keys(['example_skip_dag']) retrieved from /home/airflow/.local/lib/python3.8/site-packages/airflow/example_dags/example_skip_dag.py
[2023-12-03T09:54:34.141+0000] {logging_mixin.py:154} INFO - [2023-12-03T09:54:34.141+0000] {dag.py:2941} INFO - Sync 1 DAGs
[2023-12-03T09:54:34.164+0000] {logging_mixin.py:154} INFO - [2023-12-03T09:54:34.164+0000] {dag.py:3722} INFO - Setting next_dagrun for example_skip_dag to 2023-12-02T09:54:34.163923+00:00, run_after=2023-12-03T09:54:34.163923+00:00
[2023-12-03T09:54:34.178+0000] {processor.py:179} INFO - Processing /home/airflow/.local/lib/python3.8/site-packages/airflow/example_dags/example_skip_dag.py took 0.085 seconds
[2023-12-03T09:55:04.596+0000] {processor.py:157} INFO - Started process (PID=1378) to work on /home/airflow/.local/lib/python3.8/site-packages/airflow/example_dags/example_skip_dag.py
[2023-12-03T09:55:04.597+0000] {processor.py:829} INFO - Processing file /home/airflow/.local/lib/python3.8/site-packages/airflow/example_dags/example_skip_dag.py for tasks to queue
[2023-12-03T09:55:04.600+0000] {logging_mixin.py:154} INFO - [2023-12-03T09:55:04.600+0000] {dagbag.py:536} INFO - Filling up the DagBag from /home/airflow/.local/lib/python3.8/site-packages/airflow/example_dags/example_skip_dag.py
[2023-12-03T09:55:04.607+0000] {processor.py:839} INFO - DAG(s) dict_keys(['example_skip_dag']) retrieved from /home/airflow/.local/lib/python3.8/site-packages/airflow/example_dags/example_skip_dag.py
[2023-12-03T09:55:04.627+0000] {logging_mixin.py:154} INFO - [2023-12-03T09:55:04.627+0000] {dag.py:2941} INFO - Sync 1 DAGs
[2023-12-03T09:55:04.645+0000] {logging_mixin.py:154} INFO - [2023-12-03T09:55:04.645+0000] {dag.py:3722} INFO - Setting next_dagrun for example_skip_dag to 2023-12-02T09:55:04.645537+00:00, run_after=2023-12-03T09:55:04.645537+00:00
[2023-12-03T09:55:04.662+0000] {processor.py:179} INFO - Processing /home/airflow/.local/lib/python3.8/site-packages/airflow/example_dags/example_skip_dag.py took 0.070 seconds
[2023-12-03T09:55:34.992+0000] {processor.py:157} INFO - Started process (PID=1436) to work on /home/airflow/.local/lib/python3.8/site-packages/airflow/example_dags/example_skip_dag.py
[2023-12-03T09:55:34.993+0000] {processor.py:829} INFO - Processing file /home/airflow/.local/lib/python3.8/site-packages/airflow/example_dags/example_skip_dag.py for tasks to queue
[2023-12-03T09:55:34.998+0000] {logging_mixin.py:154} INFO - [2023-12-03T09:55:34.998+0000] {dagbag.py:536} INFO - Filling up the DagBag from /home/airflow/.local/lib/python3.8/site-packages/airflow/example_dags/example_skip_dag.py
[2023-12-03T09:55:35.008+0000] {processor.py:839} INFO - DAG(s) dict_keys(['example_skip_dag']) retrieved from /home/airflow/.local/lib/python3.8/site-packages/airflow/example_dags/example_skip_dag.py
[2023-12-03T09:55:35.035+0000] {logging_mixin.py:154} INFO - [2023-12-03T09:55:35.035+0000] {dag.py:2941} INFO - Sync 1 DAGs
[2023-12-03T09:55:35.055+0000] {logging_mixin.py:154} INFO - [2023-12-03T09:55:35.055+0000] {dag.py:3722} INFO - Setting next_dagrun for example_skip_dag to 2023-12-02T09:55:35.055018+00:00, run_after=2023-12-03T09:55:35.055018+00:00
[2023-12-03T09:55:35.073+0000] {processor.py:179} INFO - Processing /home/airflow/.local/lib/python3.8/site-packages/airflow/example_dags/example_skip_dag.py took 0.086 seconds
[2023-12-03T09:56:05.349+0000] {processor.py:157} INFO - Started process (PID=1498) to work on /home/airflow/.local/lib/python3.8/site-packages/airflow/example_dags/example_skip_dag.py
[2023-12-03T09:56:05.350+0000] {processor.py:829} INFO - Processing file /home/airflow/.local/lib/python3.8/site-packages/airflow/example_dags/example_skip_dag.py for tasks to queue
[2023-12-03T09:56:05.354+0000] {logging_mixin.py:154} INFO - [2023-12-03T09:56:05.353+0000] {dagbag.py:536} INFO - Filling up the DagBag from /home/airflow/.local/lib/python3.8/site-packages/airflow/example_dags/example_skip_dag.py
[2023-12-03T09:56:05.361+0000] {processor.py:839} INFO - DAG(s) dict_keys(['example_skip_dag']) retrieved from /home/airflow/.local/lib/python3.8/site-packages/airflow/example_dags/example_skip_dag.py
[2023-12-03T09:56:05.387+0000] {logging_mixin.py:154} INFO - [2023-12-03T09:56:05.387+0000] {dag.py:2941} INFO - Sync 1 DAGs
[2023-12-03T09:56:05.407+0000] {logging_mixin.py:154} INFO - [2023-12-03T09:56:05.407+0000] {dag.py:3722} INFO - Setting next_dagrun for example_skip_dag to 2023-12-02T09:56:05.406807+00:00, run_after=2023-12-03T09:56:05.406807+00:00
[2023-12-03T09:56:05.424+0000] {processor.py:179} INFO - Processing /home/airflow/.local/lib/python3.8/site-packages/airflow/example_dags/example_skip_dag.py took 0.080 seconds
[2023-12-03T09:56:36.270+0000] {processor.py:157} INFO - Started process (PID=1556) to work on /home/airflow/.local/lib/python3.8/site-packages/airflow/example_dags/example_skip_dag.py
[2023-12-03T09:56:36.271+0000] {processor.py:829} INFO - Processing file /home/airflow/.local/lib/python3.8/site-packages/airflow/example_dags/example_skip_dag.py for tasks to queue
[2023-12-03T09:56:36.274+0000] {logging_mixin.py:154} INFO - [2023-12-03T09:56:36.273+0000] {dagbag.py:536} INFO - Filling up the DagBag from /home/airflow/.local/lib/python3.8/site-packages/airflow/example_dags/example_skip_dag.py
[2023-12-03T09:56:36.282+0000] {processor.py:839} INFO - DAG(s) dict_keys(['example_skip_dag']) retrieved from /home/airflow/.local/lib/python3.8/site-packages/airflow/example_dags/example_skip_dag.py
[2023-12-03T09:56:36.304+0000] {logging_mixin.py:154} INFO - [2023-12-03T09:56:36.303+0000] {dag.py:2941} INFO - Sync 1 DAGs
[2023-12-03T09:56:36.326+0000] {logging_mixin.py:154} INFO - [2023-12-03T09:56:36.325+0000] {dag.py:3722} INFO - Setting next_dagrun for example_skip_dag to 2023-12-02T09:56:36.325669+00:00, run_after=2023-12-03T09:56:36.325669+00:00
[2023-12-03T09:56:36.344+0000] {processor.py:179} INFO - Processing /home/airflow/.local/lib/python3.8/site-packages/airflow/example_dags/example_skip_dag.py took 0.077 seconds
[2023-12-03T09:57:07.083+0000] {processor.py:157} INFO - Started process (PID=1614) to work on /home/airflow/.local/lib/python3.8/site-packages/airflow/example_dags/example_skip_dag.py
[2023-12-03T09:57:07.084+0000] {processor.py:829} INFO - Processing file /home/airflow/.local/lib/python3.8/site-packages/airflow/example_dags/example_skip_dag.py for tasks to queue
[2023-12-03T09:57:07.087+0000] {logging_mixin.py:154} INFO - [2023-12-03T09:57:07.087+0000] {dagbag.py:536} INFO - Filling up the DagBag from /home/airflow/.local/lib/python3.8/site-packages/airflow/example_dags/example_skip_dag.py
[2023-12-03T09:57:07.095+0000] {processor.py:839} INFO - DAG(s) dict_keys(['example_skip_dag']) retrieved from /home/airflow/.local/lib/python3.8/site-packages/airflow/example_dags/example_skip_dag.py
[2023-12-03T09:57:07.116+0000] {logging_mixin.py:154} INFO - [2023-12-03T09:57:07.115+0000] {dag.py:2941} INFO - Sync 1 DAGs
[2023-12-03T09:57:07.136+0000] {logging_mixin.py:154} INFO - [2023-12-03T09:57:07.136+0000] {dag.py:3722} INFO - Setting next_dagrun for example_skip_dag to 2023-12-02T09:57:07.135992+00:00, run_after=2023-12-03T09:57:07.135992+00:00
[2023-12-03T09:57:07.153+0000] {processor.py:179} INFO - Processing /home/airflow/.local/lib/python3.8/site-packages/airflow/example_dags/example_skip_dag.py took 0.072 seconds
[2023-12-03T09:57:37.230+0000] {processor.py:157} INFO - Started process (PID=1675) to work on /home/airflow/.local/lib/python3.8/site-packages/airflow/example_dags/example_skip_dag.py
[2023-12-03T09:57:37.231+0000] {processor.py:829} INFO - Processing file /home/airflow/.local/lib/python3.8/site-packages/airflow/example_dags/example_skip_dag.py for tasks to queue
[2023-12-03T09:57:37.234+0000] {logging_mixin.py:154} INFO - [2023-12-03T09:57:37.234+0000] {dagbag.py:536} INFO - Filling up the DagBag from /home/airflow/.local/lib/python3.8/site-packages/airflow/example_dags/example_skip_dag.py
[2023-12-03T09:57:37.244+0000] {processor.py:839} INFO - DAG(s) dict_keys(['example_skip_dag']) retrieved from /home/airflow/.local/lib/python3.8/site-packages/airflow/example_dags/example_skip_dag.py
[2023-12-03T09:57:37.270+0000] {logging_mixin.py:154} INFO - [2023-12-03T09:57:37.269+0000] {dag.py:2941} INFO - Sync 1 DAGs
[2023-12-03T09:57:37.296+0000] {logging_mixin.py:154} INFO - [2023-12-03T09:57:37.296+0000] {dag.py:3722} INFO - Setting next_dagrun for example_skip_dag to 2023-12-02T09:57:37.295969+00:00, run_after=2023-12-03T09:57:37.295969+00:00
[2023-12-03T09:57:37.315+0000] {processor.py:179} INFO - Processing /home/airflow/.local/lib/python3.8/site-packages/airflow/example_dags/example_skip_dag.py took 0.091 seconds
[2023-12-03T09:58:07.497+0000] {processor.py:157} INFO - Started process (PID=1733) to work on /home/airflow/.local/lib/python3.8/site-packages/airflow/example_dags/example_skip_dag.py
[2023-12-03T09:58:07.498+0000] {processor.py:829} INFO - Processing file /home/airflow/.local/lib/python3.8/site-packages/airflow/example_dags/example_skip_dag.py for tasks to queue
[2023-12-03T09:58:07.501+0000] {logging_mixin.py:154} INFO - [2023-12-03T09:58:07.501+0000] {dagbag.py:536} INFO - Filling up the DagBag from /home/airflow/.local/lib/python3.8/site-packages/airflow/example_dags/example_skip_dag.py
[2023-12-03T09:58:07.512+0000] {processor.py:839} INFO - DAG(s) dict_keys(['example_skip_dag']) retrieved from /home/airflow/.local/lib/python3.8/site-packages/airflow/example_dags/example_skip_dag.py
[2023-12-03T09:58:07.536+0000] {logging_mixin.py:154} INFO - [2023-12-03T09:58:07.536+0000] {dag.py:2941} INFO - Sync 1 DAGs
[2023-12-03T09:58:07.558+0000] {logging_mixin.py:154} INFO - [2023-12-03T09:58:07.558+0000] {dag.py:3722} INFO - Setting next_dagrun for example_skip_dag to 2023-12-02T09:58:07.558131+00:00, run_after=2023-12-03T09:58:07.558131+00:00
[2023-12-03T09:58:07.576+0000] {processor.py:179} INFO - Processing /home/airflow/.local/lib/python3.8/site-packages/airflow/example_dags/example_skip_dag.py took 0.085 seconds
[2023-12-03T09:58:37.983+0000] {processor.py:157} INFO - Started process (PID=1790) to work on /home/airflow/.local/lib/python3.8/site-packages/airflow/example_dags/example_skip_dag.py
[2023-12-03T09:58:37.985+0000] {processor.py:829} INFO - Processing file /home/airflow/.local/lib/python3.8/site-packages/airflow/example_dags/example_skip_dag.py for tasks to queue
[2023-12-03T09:58:37.987+0000] {logging_mixin.py:154} INFO - [2023-12-03T09:58:37.987+0000] {dagbag.py:536} INFO - Filling up the DagBag from /home/airflow/.local/lib/python3.8/site-packages/airflow/example_dags/example_skip_dag.py
[2023-12-03T09:58:37.995+0000] {processor.py:839} INFO - DAG(s) dict_keys(['example_skip_dag']) retrieved from /home/airflow/.local/lib/python3.8/site-packages/airflow/example_dags/example_skip_dag.py
[2023-12-03T09:58:38.015+0000] {logging_mixin.py:154} INFO - [2023-12-03T09:58:38.015+0000] {dag.py:2941} INFO - Sync 1 DAGs
[2023-12-03T09:58:38.035+0000] {logging_mixin.py:154} INFO - [2023-12-03T09:58:38.035+0000] {dag.py:3722} INFO - Setting next_dagrun for example_skip_dag to 2023-12-02T09:58:38.034982+00:00, run_after=2023-12-03T09:58:38.034982+00:00
[2023-12-03T09:58:38.051+0000] {processor.py:179} INFO - Processing /home/airflow/.local/lib/python3.8/site-packages/airflow/example_dags/example_skip_dag.py took 0.073 seconds
[2023-12-03T09:59:08.650+0000] {processor.py:157} INFO - Started process (PID=1848) to work on /home/airflow/.local/lib/python3.8/site-packages/airflow/example_dags/example_skip_dag.py
[2023-12-03T09:59:08.652+0000] {processor.py:829} INFO - Processing file /home/airflow/.local/lib/python3.8/site-packages/airflow/example_dags/example_skip_dag.py for tasks to queue
[2023-12-03T09:59:08.655+0000] {logging_mixin.py:154} INFO - [2023-12-03T09:59:08.655+0000] {dagbag.py:536} INFO - Filling up the DagBag from /home/airflow/.local/lib/python3.8/site-packages/airflow/example_dags/example_skip_dag.py
[2023-12-03T09:59:08.662+0000] {processor.py:839} INFO - DAG(s) dict_keys(['example_skip_dag']) retrieved from /home/airflow/.local/lib/python3.8/site-packages/airflow/example_dags/example_skip_dag.py
[2023-12-03T09:59:08.680+0000] {logging_mixin.py:154} INFO - [2023-12-03T09:59:08.680+0000] {dag.py:2941} INFO - Sync 1 DAGs
[2023-12-03T09:59:08.697+0000] {logging_mixin.py:154} INFO - [2023-12-03T09:59:08.697+0000] {dag.py:3722} INFO - Setting next_dagrun for example_skip_dag to 2023-12-02T09:59:08.696921+00:00, run_after=2023-12-03T09:59:08.696921+00:00
[2023-12-03T09:59:08.712+0000] {processor.py:179} INFO - Processing /home/airflow/.local/lib/python3.8/site-packages/airflow/example_dags/example_skip_dag.py took 0.065 seconds
[2023-12-03T09:59:39.561+0000] {processor.py:157} INFO - Started process (PID=1907) to work on /home/airflow/.local/lib/python3.8/site-packages/airflow/example_dags/example_skip_dag.py
[2023-12-03T09:59:39.563+0000] {processor.py:829} INFO - Processing file /home/airflow/.local/lib/python3.8/site-packages/airflow/example_dags/example_skip_dag.py for tasks to queue
[2023-12-03T09:59:39.565+0000] {logging_mixin.py:154} INFO - [2023-12-03T09:59:39.565+0000] {dagbag.py:536} INFO - Filling up the DagBag from /home/airflow/.local/lib/python3.8/site-packages/airflow/example_dags/example_skip_dag.py
[2023-12-03T09:59:39.572+0000] {processor.py:839} INFO - DAG(s) dict_keys(['example_skip_dag']) retrieved from /home/airflow/.local/lib/python3.8/site-packages/airflow/example_dags/example_skip_dag.py
[2023-12-03T09:59:39.592+0000] {logging_mixin.py:154} INFO - [2023-12-03T09:59:39.592+0000] {dag.py:2941} INFO - Sync 1 DAGs
[2023-12-03T09:59:39.612+0000] {logging_mixin.py:154} INFO - [2023-12-03T09:59:39.612+0000] {dag.py:3722} INFO - Setting next_dagrun for example_skip_dag to 2023-12-02T09:59:39.612026+00:00, run_after=2023-12-03T09:59:39.612026+00:00
[2023-12-03T09:59:39.629+0000] {processor.py:179} INFO - Processing /home/airflow/.local/lib/python3.8/site-packages/airflow/example_dags/example_skip_dag.py took 0.071 seconds
[2023-12-03T10:00:09.695+0000] {processor.py:157} INFO - Started process (PID=1967) to work on /home/airflow/.local/lib/python3.8/site-packages/airflow/example_dags/example_skip_dag.py
[2023-12-03T10:00:09.696+0000] {processor.py:829} INFO - Processing file /home/airflow/.local/lib/python3.8/site-packages/airflow/example_dags/example_skip_dag.py for tasks to queue
[2023-12-03T10:00:09.699+0000] {logging_mixin.py:154} INFO - [2023-12-03T10:00:09.699+0000] {dagbag.py:536} INFO - Filling up the DagBag from /home/airflow/.local/lib/python3.8/site-packages/airflow/example_dags/example_skip_dag.py
[2023-12-03T10:00:09.707+0000] {processor.py:839} INFO - DAG(s) dict_keys(['example_skip_dag']) retrieved from /home/airflow/.local/lib/python3.8/site-packages/airflow/example_dags/example_skip_dag.py
[2023-12-03T10:00:09.731+0000] {logging_mixin.py:154} INFO - [2023-12-03T10:00:09.731+0000] {dag.py:2941} INFO - Sync 1 DAGs
[2023-12-03T10:00:09.759+0000] {logging_mixin.py:154} INFO - [2023-12-03T10:00:09.759+0000] {dag.py:3722} INFO - Setting next_dagrun for example_skip_dag to 2023-12-02T10:00:09.759141+00:00, run_after=2023-12-03T10:00:09.759141+00:00
[2023-12-03T10:00:09.780+0000] {processor.py:179} INFO - Processing /home/airflow/.local/lib/python3.8/site-packages/airflow/example_dags/example_skip_dag.py took 0.090 seconds
[2023-12-03T10:00:40.008+0000] {processor.py:157} INFO - Started process (PID=2025) to work on /home/airflow/.local/lib/python3.8/site-packages/airflow/example_dags/example_skip_dag.py
[2023-12-03T10:00:40.009+0000] {processor.py:829} INFO - Processing file /home/airflow/.local/lib/python3.8/site-packages/airflow/example_dags/example_skip_dag.py for tasks to queue
[2023-12-03T10:00:40.011+0000] {logging_mixin.py:154} INFO - [2023-12-03T10:00:40.011+0000] {dagbag.py:536} INFO - Filling up the DagBag from /home/airflow/.local/lib/python3.8/site-packages/airflow/example_dags/example_skip_dag.py
[2023-12-03T10:00:40.019+0000] {processor.py:839} INFO - DAG(s) dict_keys(['example_skip_dag']) retrieved from /home/airflow/.local/lib/python3.8/site-packages/airflow/example_dags/example_skip_dag.py
[2023-12-03T10:00:40.039+0000] {logging_mixin.py:154} INFO - [2023-12-03T10:00:40.038+0000] {dag.py:2941} INFO - Sync 1 DAGs
[2023-12-03T10:00:40.058+0000] {logging_mixin.py:154} INFO - [2023-12-03T10:00:40.058+0000] {dag.py:3722} INFO - Setting next_dagrun for example_skip_dag to 2023-12-02T10:00:40.058246+00:00, run_after=2023-12-03T10:00:40.058246+00:00
[2023-12-03T10:00:40.073+0000] {processor.py:179} INFO - Processing /home/airflow/.local/lib/python3.8/site-packages/airflow/example_dags/example_skip_dag.py took 0.069 seconds
[2023-12-03T10:01:10.310+0000] {processor.py:157} INFO - Started process (PID=2083) to work on /home/airflow/.local/lib/python3.8/site-packages/airflow/example_dags/example_skip_dag.py
[2023-12-03T10:01:10.311+0000] {processor.py:829} INFO - Processing file /home/airflow/.local/lib/python3.8/site-packages/airflow/example_dags/example_skip_dag.py for tasks to queue
[2023-12-03T10:01:10.313+0000] {logging_mixin.py:154} INFO - [2023-12-03T10:01:10.313+0000] {dagbag.py:536} INFO - Filling up the DagBag from /home/airflow/.local/lib/python3.8/site-packages/airflow/example_dags/example_skip_dag.py
[2023-12-03T10:01:10.319+0000] {processor.py:839} INFO - DAG(s) dict_keys(['example_skip_dag']) retrieved from /home/airflow/.local/lib/python3.8/site-packages/airflow/example_dags/example_skip_dag.py
[2023-12-03T10:01:10.339+0000] {logging_mixin.py:154} INFO - [2023-12-03T10:01:10.338+0000] {dag.py:2941} INFO - Sync 1 DAGs
[2023-12-03T10:01:10.358+0000] {logging_mixin.py:154} INFO - [2023-12-03T10:01:10.357+0000] {dag.py:3722} INFO - Setting next_dagrun for example_skip_dag to 2023-12-02T10:01:10.357713+00:00, run_after=2023-12-03T10:01:10.357713+00:00
[2023-12-03T10:01:10.372+0000] {processor.py:179} INFO - Processing /home/airflow/.local/lib/python3.8/site-packages/airflow/example_dags/example_skip_dag.py took 0.065 seconds
[2023-12-03T10:01:40.397+0000] {processor.py:157} INFO - Started process (PID=2140) to work on /home/airflow/.local/lib/python3.8/site-packages/airflow/example_dags/example_skip_dag.py
[2023-12-03T10:01:40.398+0000] {processor.py:829} INFO - Processing file /home/airflow/.local/lib/python3.8/site-packages/airflow/example_dags/example_skip_dag.py for tasks to queue
[2023-12-03T10:01:40.402+0000] {logging_mixin.py:154} INFO - [2023-12-03T10:01:40.401+0000] {dagbag.py:536} INFO - Filling up the DagBag from /home/airflow/.local/lib/python3.8/site-packages/airflow/example_dags/example_skip_dag.py
[2023-12-03T10:01:40.411+0000] {processor.py:839} INFO - DAG(s) dict_keys(['example_skip_dag']) retrieved from /home/airflow/.local/lib/python3.8/site-packages/airflow/example_dags/example_skip_dag.py
[2023-12-03T10:01:40.437+0000] {logging_mixin.py:154} INFO - [2023-12-03T10:01:40.437+0000] {dag.py:2941} INFO - Sync 1 DAGs
[2023-12-03T10:01:40.460+0000] {logging_mixin.py:154} INFO - [2023-12-03T10:01:40.459+0000] {dag.py:3722} INFO - Setting next_dagrun for example_skip_dag to 2023-12-02T10:01:40.459697+00:00, run_after=2023-12-03T10:01:40.459697+00:00
[2023-12-03T10:01:40.476+0000] {processor.py:179} INFO - Processing /home/airflow/.local/lib/python3.8/site-packages/airflow/example_dags/example_skip_dag.py took 0.084 seconds
[2023-12-03T10:02:10.543+0000] {processor.py:157} INFO - Started process (PID=2200) to work on /home/airflow/.local/lib/python3.8/site-packages/airflow/example_dags/example_skip_dag.py
[2023-12-03T10:02:10.544+0000] {processor.py:829} INFO - Processing file /home/airflow/.local/lib/python3.8/site-packages/airflow/example_dags/example_skip_dag.py for tasks to queue
[2023-12-03T10:02:10.546+0000] {logging_mixin.py:154} INFO - [2023-12-03T10:02:10.546+0000] {dagbag.py:536} INFO - Filling up the DagBag from /home/airflow/.local/lib/python3.8/site-packages/airflow/example_dags/example_skip_dag.py
[2023-12-03T10:02:10.553+0000] {processor.py:839} INFO - DAG(s) dict_keys(['example_skip_dag']) retrieved from /home/airflow/.local/lib/python3.8/site-packages/airflow/example_dags/example_skip_dag.py
[2023-12-03T10:02:10.574+0000] {logging_mixin.py:154} INFO - [2023-12-03T10:02:10.574+0000] {dag.py:2941} INFO - Sync 1 DAGs
[2023-12-03T10:02:10.590+0000] {logging_mixin.py:154} INFO - [2023-12-03T10:02:10.590+0000] {dag.py:3722} INFO - Setting next_dagrun for example_skip_dag to 2023-12-02T10:02:10.590514+00:00, run_after=2023-12-03T10:02:10.590514+00:00
[2023-12-03T10:02:10.604+0000] {processor.py:179} INFO - Processing /home/airflow/.local/lib/python3.8/site-packages/airflow/example_dags/example_skip_dag.py took 0.066 seconds
[2023-12-03T10:02:40.983+0000] {processor.py:157} INFO - Started process (PID=2259) to work on /home/airflow/.local/lib/python3.8/site-packages/airflow/example_dags/example_skip_dag.py
[2023-12-03T10:02:40.985+0000] {processor.py:829} INFO - Processing file /home/airflow/.local/lib/python3.8/site-packages/airflow/example_dags/example_skip_dag.py for tasks to queue
[2023-12-03T10:02:40.988+0000] {logging_mixin.py:154} INFO - [2023-12-03T10:02:40.988+0000] {dagbag.py:536} INFO - Filling up the DagBag from /home/airflow/.local/lib/python3.8/site-packages/airflow/example_dags/example_skip_dag.py
[2023-12-03T10:02:40.996+0000] {processor.py:839} INFO - DAG(s) dict_keys(['example_skip_dag']) retrieved from /home/airflow/.local/lib/python3.8/site-packages/airflow/example_dags/example_skip_dag.py
[2023-12-03T10:02:41.017+0000] {logging_mixin.py:154} INFO - [2023-12-03T10:02:41.017+0000] {dag.py:2941} INFO - Sync 1 DAGs
[2023-12-03T10:02:41.039+0000] {logging_mixin.py:154} INFO - [2023-12-03T10:02:41.039+0000] {dag.py:3722} INFO - Setting next_dagrun for example_skip_dag to 2023-12-02T10:02:41.039499+00:00, run_after=2023-12-03T10:02:41.039499+00:00
[2023-12-03T10:02:41.056+0000] {processor.py:179} INFO - Processing /home/airflow/.local/lib/python3.8/site-packages/airflow/example_dags/example_skip_dag.py took 0.078 seconds
[2023-12-03T10:03:11.272+0000] {processor.py:157} INFO - Started process (PID=2317) to work on /home/airflow/.local/lib/python3.8/site-packages/airflow/example_dags/example_skip_dag.py
[2023-12-03T10:03:11.273+0000] {processor.py:829} INFO - Processing file /home/airflow/.local/lib/python3.8/site-packages/airflow/example_dags/example_skip_dag.py for tasks to queue
[2023-12-03T10:03:11.275+0000] {logging_mixin.py:154} INFO - [2023-12-03T10:03:11.275+0000] {dagbag.py:536} INFO - Filling up the DagBag from /home/airflow/.local/lib/python3.8/site-packages/airflow/example_dags/example_skip_dag.py
[2023-12-03T10:03:11.282+0000] {processor.py:839} INFO - DAG(s) dict_keys(['example_skip_dag']) retrieved from /home/airflow/.local/lib/python3.8/site-packages/airflow/example_dags/example_skip_dag.py
[2023-12-03T10:03:11.302+0000] {logging_mixin.py:154} INFO - [2023-12-03T10:03:11.302+0000] {dag.py:2941} INFO - Sync 1 DAGs
[2023-12-03T10:03:11.321+0000] {logging_mixin.py:154} INFO - [2023-12-03T10:03:11.321+0000] {dag.py:3722} INFO - Setting next_dagrun for example_skip_dag to 2023-12-02T10:03:11.321562+00:00, run_after=2023-12-03T10:03:11.321562+00:00
[2023-12-03T10:03:11.336+0000] {processor.py:179} INFO - Processing /home/airflow/.local/lib/python3.8/site-packages/airflow/example_dags/example_skip_dag.py took 0.067 seconds
[2023-12-03T10:03:41.627+0000] {processor.py:157} INFO - Started process (PID=2375) to work on /home/airflow/.local/lib/python3.8/site-packages/airflow/example_dags/example_skip_dag.py
[2023-12-03T10:03:41.628+0000] {processor.py:829} INFO - Processing file /home/airflow/.local/lib/python3.8/site-packages/airflow/example_dags/example_skip_dag.py for tasks to queue
[2023-12-03T10:03:41.631+0000] {logging_mixin.py:154} INFO - [2023-12-03T10:03:41.630+0000] {dagbag.py:536} INFO - Filling up the DagBag from /home/airflow/.local/lib/python3.8/site-packages/airflow/example_dags/example_skip_dag.py
[2023-12-03T10:03:41.638+0000] {processor.py:839} INFO - DAG(s) dict_keys(['example_skip_dag']) retrieved from /home/airflow/.local/lib/python3.8/site-packages/airflow/example_dags/example_skip_dag.py
[2023-12-03T10:03:41.664+0000] {logging_mixin.py:154} INFO - [2023-12-03T10:03:41.664+0000] {dag.py:2941} INFO - Sync 1 DAGs
[2023-12-03T10:03:41.687+0000] {logging_mixin.py:154} INFO - [2023-12-03T10:03:41.687+0000] {dag.py:3722} INFO - Setting next_dagrun for example_skip_dag to 2023-12-02T10:03:41.687222+00:00, run_after=2023-12-03T10:03:41.687222+00:00
[2023-12-03T10:03:41.702+0000] {processor.py:179} INFO - Processing /home/airflow/.local/lib/python3.8/site-packages/airflow/example_dags/example_skip_dag.py took 0.079 seconds
[2023-12-03T10:04:12.388+0000] {processor.py:157} INFO - Started process (PID=2433) to work on /home/airflow/.local/lib/python3.8/site-packages/airflow/example_dags/example_skip_dag.py
[2023-12-03T10:04:12.389+0000] {processor.py:829} INFO - Processing file /home/airflow/.local/lib/python3.8/site-packages/airflow/example_dags/example_skip_dag.py for tasks to queue
[2023-12-03T10:04:12.392+0000] {logging_mixin.py:154} INFO - [2023-12-03T10:04:12.391+0000] {dagbag.py:536} INFO - Filling up the DagBag from /home/airflow/.local/lib/python3.8/site-packages/airflow/example_dags/example_skip_dag.py
[2023-12-03T10:04:12.398+0000] {processor.py:839} INFO - DAG(s) dict_keys(['example_skip_dag']) retrieved from /home/airflow/.local/lib/python3.8/site-packages/airflow/example_dags/example_skip_dag.py
[2023-12-03T10:04:12.419+0000] {logging_mixin.py:154} INFO - [2023-12-03T10:04:12.418+0000] {dag.py:2941} INFO - Sync 1 DAGs
[2023-12-03T10:04:12.437+0000] {logging_mixin.py:154} INFO - [2023-12-03T10:04:12.437+0000] {dag.py:3722} INFO - Setting next_dagrun for example_skip_dag to 2023-12-02T10:04:12.437320+00:00, run_after=2023-12-03T10:04:12.437320+00:00
[2023-12-03T10:04:12.454+0000] {processor.py:179} INFO - Processing /home/airflow/.local/lib/python3.8/site-packages/airflow/example_dags/example_skip_dag.py took 0.069 seconds
[2023-12-03T10:04:42.972+0000] {processor.py:157} INFO - Started process (PID=2491) to work on /home/airflow/.local/lib/python3.8/site-packages/airflow/example_dags/example_skip_dag.py
[2023-12-03T10:04:42.973+0000] {processor.py:829} INFO - Processing file /home/airflow/.local/lib/python3.8/site-packages/airflow/example_dags/example_skip_dag.py for tasks to queue
[2023-12-03T10:04:42.976+0000] {logging_mixin.py:154} INFO - [2023-12-03T10:04:42.976+0000] {dagbag.py:536} INFO - Filling up the DagBag from /home/airflow/.local/lib/python3.8/site-packages/airflow/example_dags/example_skip_dag.py
[2023-12-03T10:04:42.984+0000] {processor.py:839} INFO - DAG(s) dict_keys(['example_skip_dag']) retrieved from /home/airflow/.local/lib/python3.8/site-packages/airflow/example_dags/example_skip_dag.py
[2023-12-03T10:04:43.004+0000] {logging_mixin.py:154} INFO - [2023-12-03T10:04:43.004+0000] {dag.py:2941} INFO - Sync 1 DAGs
[2023-12-03T10:04:43.024+0000] {logging_mixin.py:154} INFO - [2023-12-03T10:04:43.024+0000] {dag.py:3722} INFO - Setting next_dagrun for example_skip_dag to 2023-12-02T10:04:43.023784+00:00, run_after=2023-12-03T10:04:43.023784+00:00
[2023-12-03T10:04:43.040+0000] {processor.py:179} INFO - Processing /home/airflow/.local/lib/python3.8/site-packages/airflow/example_dags/example_skip_dag.py took 0.073 seconds
[2023-12-03T10:05:13.087+0000] {processor.py:157} INFO - Started process (PID=2549) to work on /home/airflow/.local/lib/python3.8/site-packages/airflow/example_dags/example_skip_dag.py
[2023-12-03T10:05:13.088+0000] {processor.py:829} INFO - Processing file /home/airflow/.local/lib/python3.8/site-packages/airflow/example_dags/example_skip_dag.py for tasks to queue
[2023-12-03T10:05:13.091+0000] {logging_mixin.py:154} INFO - [2023-12-03T10:05:13.090+0000] {dagbag.py:536} INFO - Filling up the DagBag from /home/airflow/.local/lib/python3.8/site-packages/airflow/example_dags/example_skip_dag.py
[2023-12-03T10:05:13.096+0000] {processor.py:839} INFO - DAG(s) dict_keys(['example_skip_dag']) retrieved from /home/airflow/.local/lib/python3.8/site-packages/airflow/example_dags/example_skip_dag.py
[2023-12-03T10:05:13.116+0000] {logging_mixin.py:154} INFO - [2023-12-03T10:05:13.115+0000] {dag.py:2941} INFO - Sync 1 DAGs
[2023-12-03T10:05:13.134+0000] {logging_mixin.py:154} INFO - [2023-12-03T10:05:13.134+0000] {dag.py:3722} INFO - Setting next_dagrun for example_skip_dag to 2023-12-02T10:05:13.133743+00:00, run_after=2023-12-03T10:05:13.133743+00:00
[2023-12-03T10:05:13.150+0000] {processor.py:179} INFO - Processing /home/airflow/.local/lib/python3.8/site-packages/airflow/example_dags/example_skip_dag.py took 0.066 seconds
[2023-12-03T10:05:43.308+0000] {processor.py:157} INFO - Started process (PID=2606) to work on /home/airflow/.local/lib/python3.8/site-packages/airflow/example_dags/example_skip_dag.py
[2023-12-03T10:05:43.309+0000] {processor.py:829} INFO - Processing file /home/airflow/.local/lib/python3.8/site-packages/airflow/example_dags/example_skip_dag.py for tasks to queue
[2023-12-03T10:05:43.312+0000] {logging_mixin.py:154} INFO - [2023-12-03T10:05:43.312+0000] {dagbag.py:536} INFO - Filling up the DagBag from /home/airflow/.local/lib/python3.8/site-packages/airflow/example_dags/example_skip_dag.py
[2023-12-03T10:05:43.320+0000] {processor.py:839} INFO - DAG(s) dict_keys(['example_skip_dag']) retrieved from /home/airflow/.local/lib/python3.8/site-packages/airflow/example_dags/example_skip_dag.py
[2023-12-03T10:05:43.343+0000] {logging_mixin.py:154} INFO - [2023-12-03T10:05:43.342+0000] {dag.py:2941} INFO - Sync 1 DAGs
[2023-12-03T10:05:43.363+0000] {logging_mixin.py:154} INFO - [2023-12-03T10:05:43.362+0000] {dag.py:3722} INFO - Setting next_dagrun for example_skip_dag to 2023-12-02T10:05:43.362694+00:00, run_after=2023-12-03T10:05:43.362694+00:00
[2023-12-03T10:05:43.379+0000] {processor.py:179} INFO - Processing /home/airflow/.local/lib/python3.8/site-packages/airflow/example_dags/example_skip_dag.py took 0.076 seconds
[2023-12-03T10:06:13.574+0000] {processor.py:157} INFO - Started process (PID=2664) to work on /home/airflow/.local/lib/python3.8/site-packages/airflow/example_dags/example_skip_dag.py
[2023-12-03T10:06:13.575+0000] {processor.py:829} INFO - Processing file /home/airflow/.local/lib/python3.8/site-packages/airflow/example_dags/example_skip_dag.py for tasks to queue
[2023-12-03T10:06:13.578+0000] {logging_mixin.py:154} INFO - [2023-12-03T10:06:13.578+0000] {dagbag.py:536} INFO - Filling up the DagBag from /home/airflow/.local/lib/python3.8/site-packages/airflow/example_dags/example_skip_dag.py
[2023-12-03T10:06:13.586+0000] {processor.py:839} INFO - DAG(s) dict_keys(['example_skip_dag']) retrieved from /home/airflow/.local/lib/python3.8/site-packages/airflow/example_dags/example_skip_dag.py
[2023-12-03T10:06:13.605+0000] {logging_mixin.py:154} INFO - [2023-12-03T10:06:13.605+0000] {dag.py:2941} INFO - Sync 1 DAGs
[2023-12-03T10:06:13.624+0000] {logging_mixin.py:154} INFO - [2023-12-03T10:06:13.624+0000] {dag.py:3722} INFO - Setting next_dagrun for example_skip_dag to 2023-12-02T10:06:13.624481+00:00, run_after=2023-12-03T10:06:13.624481+00:00
[2023-12-03T10:06:13.640+0000] {processor.py:179} INFO - Processing /home/airflow/.local/lib/python3.8/site-packages/airflow/example_dags/example_skip_dag.py took 0.071 seconds
[2023-12-03T10:06:43.944+0000] {processor.py:157} INFO - Started process (PID=2722) to work on /home/airflow/.local/lib/python3.8/site-packages/airflow/example_dags/example_skip_dag.py
[2023-12-03T10:06:43.945+0000] {processor.py:829} INFO - Processing file /home/airflow/.local/lib/python3.8/site-packages/airflow/example_dags/example_skip_dag.py for tasks to queue
[2023-12-03T10:06:43.948+0000] {logging_mixin.py:154} INFO - [2023-12-03T10:06:43.948+0000] {dagbag.py:536} INFO - Filling up the DagBag from /home/airflow/.local/lib/python3.8/site-packages/airflow/example_dags/example_skip_dag.py
[2023-12-03T10:06:43.957+0000] {processor.py:839} INFO - DAG(s) dict_keys(['example_skip_dag']) retrieved from /home/airflow/.local/lib/python3.8/site-packages/airflow/example_dags/example_skip_dag.py
[2023-12-03T10:06:43.996+0000] {logging_mixin.py:154} INFO - [2023-12-03T10:06:43.996+0000] {dag.py:2941} INFO - Sync 1 DAGs
[2023-12-03T10:06:44.015+0000] {logging_mixin.py:154} INFO - [2023-12-03T10:06:44.015+0000] {dag.py:3722} INFO - Setting next_dagrun for example_skip_dag to 2023-12-02T10:06:44.015115+00:00, run_after=2023-12-03T10:06:44.015115+00:00
[2023-12-03T10:06:44.032+0000] {processor.py:179} INFO - Processing /home/airflow/.local/lib/python3.8/site-packages/airflow/example_dags/example_skip_dag.py took 0.092 seconds
[2023-12-03T10:07:14.116+0000] {processor.py:157} INFO - Started process (PID=2780) to work on /home/airflow/.local/lib/python3.8/site-packages/airflow/example_dags/example_skip_dag.py
[2023-12-03T10:07:14.118+0000] {processor.py:829} INFO - Processing file /home/airflow/.local/lib/python3.8/site-packages/airflow/example_dags/example_skip_dag.py for tasks to queue
[2023-12-03T10:07:14.122+0000] {logging_mixin.py:154} INFO - [2023-12-03T10:07:14.121+0000] {dagbag.py:536} INFO - Filling up the DagBag from /home/airflow/.local/lib/python3.8/site-packages/airflow/example_dags/example_skip_dag.py
[2023-12-03T10:07:14.130+0000] {processor.py:839} INFO - DAG(s) dict_keys(['example_skip_dag']) retrieved from /home/airflow/.local/lib/python3.8/site-packages/airflow/example_dags/example_skip_dag.py
[2023-12-03T10:07:14.152+0000] {logging_mixin.py:154} INFO - [2023-12-03T10:07:14.152+0000] {dag.py:2941} INFO - Sync 1 DAGs
[2023-12-03T10:07:14.171+0000] {logging_mixin.py:154} INFO - [2023-12-03T10:07:14.171+0000] {dag.py:3722} INFO - Setting next_dagrun for example_skip_dag to 2023-12-02T10:07:14.171322+00:00, run_after=2023-12-03T10:07:14.171322+00:00
[2023-12-03T10:07:14.188+0000] {processor.py:179} INFO - Processing /home/airflow/.local/lib/python3.8/site-packages/airflow/example_dags/example_skip_dag.py took 0.076 seconds
[2023-12-03T10:07:44.534+0000] {processor.py:157} INFO - Started process (PID=2838) to work on /home/airflow/.local/lib/python3.8/site-packages/airflow/example_dags/example_skip_dag.py
[2023-12-03T10:07:44.535+0000] {processor.py:829} INFO - Processing file /home/airflow/.local/lib/python3.8/site-packages/airflow/example_dags/example_skip_dag.py for tasks to queue
[2023-12-03T10:07:44.538+0000] {logging_mixin.py:154} INFO - [2023-12-03T10:07:44.538+0000] {dagbag.py:536} INFO - Filling up the DagBag from /home/airflow/.local/lib/python3.8/site-packages/airflow/example_dags/example_skip_dag.py
[2023-12-03T10:07:44.547+0000] {processor.py:839} INFO - DAG(s) dict_keys(['example_skip_dag']) retrieved from /home/airflow/.local/lib/python3.8/site-packages/airflow/example_dags/example_skip_dag.py
[2023-12-03T10:07:44.566+0000] {logging_mixin.py:154} INFO - [2023-12-03T10:07:44.565+0000] {dag.py:2941} INFO - Sync 1 DAGs
[2023-12-03T10:07:44.579+0000] {logging_mixin.py:154} INFO - [2023-12-03T10:07:44.579+0000] {dag.py:3722} INFO - Setting next_dagrun for example_skip_dag to 2023-12-02T10:07:44.579559+00:00, run_after=2023-12-03T10:07:44.579559+00:00
[2023-12-03T10:07:44.591+0000] {processor.py:179} INFO - Processing /home/airflow/.local/lib/python3.8/site-packages/airflow/example_dags/example_skip_dag.py took 0.063 seconds
[2023-12-03T11:28:19.228+0000] {processor.py:157} INFO - Started process (PID=2894) to work on /home/airflow/.local/lib/python3.8/site-packages/airflow/example_dags/example_skip_dag.py
[2023-12-03T11:28:19.231+0000] {processor.py:829} INFO - Processing file /home/airflow/.local/lib/python3.8/site-packages/airflow/example_dags/example_skip_dag.py for tasks to queue
[2023-12-03T11:28:19.235+0000] {logging_mixin.py:154} INFO - [2023-12-03T11:28:19.235+0000] {dagbag.py:536} INFO - Filling up the DagBag from /home/airflow/.local/lib/python3.8/site-packages/airflow/example_dags/example_skip_dag.py
[2023-12-03T11:28:19.244+0000] {processor.py:839} INFO - DAG(s) dict_keys(['example_skip_dag']) retrieved from /home/airflow/.local/lib/python3.8/site-packages/airflow/example_dags/example_skip_dag.py
[2023-12-03T11:28:19.275+0000] {logging_mixin.py:154} INFO - [2023-12-03T11:28:19.275+0000] {dag.py:2941} INFO - Sync 1 DAGs
[2023-12-03T11:28:19.305+0000] {logging_mixin.py:154} INFO - [2023-12-03T11:28:19.305+0000] {dag.py:3722} INFO - Setting next_dagrun for example_skip_dag to 2023-12-02T11:28:19.305245+00:00, run_after=2023-12-03T11:28:19.305245+00:00
[2023-12-03T11:28:19.327+0000] {processor.py:179} INFO - Processing /home/airflow/.local/lib/python3.8/site-packages/airflow/example_dags/example_skip_dag.py took 0.103 seconds
[2023-12-03T12:09:28.609+0000] {processor.py:157} INFO - Started process (PID=2951) to work on /home/airflow/.local/lib/python3.8/site-packages/airflow/example_dags/example_skip_dag.py
[2023-12-03T12:09:28.610+0000] {processor.py:829} INFO - Processing file /home/airflow/.local/lib/python3.8/site-packages/airflow/example_dags/example_skip_dag.py for tasks to queue
[2023-12-03T12:09:28.613+0000] {logging_mixin.py:154} INFO - [2023-12-03T12:09:28.612+0000] {dagbag.py:536} INFO - Filling up the DagBag from /home/airflow/.local/lib/python3.8/site-packages/airflow/example_dags/example_skip_dag.py
[2023-12-03T12:09:28.621+0000] {processor.py:839} INFO - DAG(s) dict_keys(['example_skip_dag']) retrieved from /home/airflow/.local/lib/python3.8/site-packages/airflow/example_dags/example_skip_dag.py
[2023-12-03T12:09:28.649+0000] {logging_mixin.py:154} INFO - [2023-12-03T12:09:28.649+0000] {dag.py:2941} INFO - Sync 1 DAGs
[2023-12-03T12:09:28.671+0000] {logging_mixin.py:154} INFO - [2023-12-03T12:09:28.671+0000] {dag.py:3722} INFO - Setting next_dagrun for example_skip_dag to 2023-12-02T12:09:28.670798+00:00, run_after=2023-12-03T12:09:28.670798+00:00
[2023-12-03T12:09:28.689+0000] {processor.py:179} INFO - Processing /home/airflow/.local/lib/python3.8/site-packages/airflow/example_dags/example_skip_dag.py took 0.085 seconds
[2023-12-03T12:27:30.539+0000] {processor.py:157} INFO - Started process (PID=3009) to work on /home/airflow/.local/lib/python3.8/site-packages/airflow/example_dags/example_skip_dag.py
[2023-12-03T12:27:30.541+0000] {processor.py:829} INFO - Processing file /home/airflow/.local/lib/python3.8/site-packages/airflow/example_dags/example_skip_dag.py for tasks to queue
[2023-12-03T12:27:30.544+0000] {logging_mixin.py:154} INFO - [2023-12-03T12:27:30.543+0000] {dagbag.py:536} INFO - Filling up the DagBag from /home/airflow/.local/lib/python3.8/site-packages/airflow/example_dags/example_skip_dag.py
[2023-12-03T12:27:30.551+0000] {processor.py:839} INFO - DAG(s) dict_keys(['example_skip_dag']) retrieved from /home/airflow/.local/lib/python3.8/site-packages/airflow/example_dags/example_skip_dag.py
[2023-12-03T12:27:30.581+0000] {logging_mixin.py:154} INFO - [2023-12-03T12:27:30.581+0000] {dag.py:2941} INFO - Sync 1 DAGs
[2023-12-03T12:27:30.658+0000] {logging_mixin.py:154} INFO - [2023-12-03T12:27:30.658+0000] {dag.py:3722} INFO - Setting next_dagrun for example_skip_dag to 2023-12-02T12:27:30.658009+00:00, run_after=2023-12-03T12:27:30.658009+00:00
[2023-12-03T12:27:30.687+0000] {processor.py:179} INFO - Processing /home/airflow/.local/lib/python3.8/site-packages/airflow/example_dags/example_skip_dag.py took 0.153 seconds
[2023-12-03T12:44:53.647+0000] {processor.py:157} INFO - Started process (PID=3060) to work on /home/airflow/.local/lib/python3.8/site-packages/airflow/example_dags/example_skip_dag.py
[2023-12-03T12:44:53.649+0000] {processor.py:829} INFO - Processing file /home/airflow/.local/lib/python3.8/site-packages/airflow/example_dags/example_skip_dag.py for tasks to queue
[2023-12-03T12:44:53.651+0000] {logging_mixin.py:154} INFO - [2023-12-03T12:44:53.651+0000] {dagbag.py:536} INFO - Filling up the DagBag from /home/airflow/.local/lib/python3.8/site-packages/airflow/example_dags/example_skip_dag.py
[2023-12-03T12:44:53.658+0000] {processor.py:839} INFO - DAG(s) dict_keys(['example_skip_dag']) retrieved from /home/airflow/.local/lib/python3.8/site-packages/airflow/example_dags/example_skip_dag.py
[2023-12-03T12:44:53.687+0000] {logging_mixin.py:154} INFO - [2023-12-03T12:44:53.687+0000] {dag.py:2941} INFO - Sync 1 DAGs
[2023-12-03T12:44:53.708+0000] {logging_mixin.py:154} INFO - [2023-12-03T12:44:53.708+0000] {dag.py:3722} INFO - Setting next_dagrun for example_skip_dag to 2023-12-02T12:44:53.707841+00:00, run_after=2023-12-03T12:44:53.707841+00:00
[2023-12-03T12:44:53.724+0000] {processor.py:179} INFO - Processing /home/airflow/.local/lib/python3.8/site-packages/airflow/example_dags/example_skip_dag.py took 0.080 seconds
[2023-12-03T13:35:09.604+0000] {processor.py:157} INFO - Started process (PID=3118) to work on /home/airflow/.local/lib/python3.8/site-packages/airflow/example_dags/example_skip_dag.py
[2023-12-03T13:35:09.669+0000] {processor.py:829} INFO - Processing file /home/airflow/.local/lib/python3.8/site-packages/airflow/example_dags/example_skip_dag.py for tasks to queue
[2023-12-03T13:35:09.708+0000] {logging_mixin.py:154} INFO - [2023-12-03T13:35:09.707+0000] {dagbag.py:536} INFO - Filling up the DagBag from /home/airflow/.local/lib/python3.8/site-packages/airflow/example_dags/example_skip_dag.py
[2023-12-03T13:35:09.724+0000] {processor.py:839} INFO - DAG(s) dict_keys(['example_skip_dag']) retrieved from /home/airflow/.local/lib/python3.8/site-packages/airflow/example_dags/example_skip_dag.py
[2023-12-03T13:35:09.750+0000] {logging_mixin.py:154} INFO - [2023-12-03T13:35:09.750+0000] {dag.py:2941} INFO - Sync 1 DAGs
[2023-12-03T13:35:09.770+0000] {logging_mixin.py:154} INFO - [2023-12-03T13:35:09.770+0000] {dag.py:3722} INFO - Setting next_dagrun for example_skip_dag to 2023-12-02T13:35:09.770601+00:00, run_after=2023-12-03T13:35:09.770601+00:00
[2023-12-03T13:35:09.786+0000] {processor.py:179} INFO - Processing /home/airflow/.local/lib/python3.8/site-packages/airflow/example_dags/example_skip_dag.py took 0.190 seconds
[2023-12-03T14:27:22.932+0000] {processor.py:157} INFO - Started process (PID=3176) to work on /home/airflow/.local/lib/python3.8/site-packages/airflow/example_dags/example_skip_dag.py
[2023-12-03T14:27:22.933+0000] {processor.py:829} INFO - Processing file /home/airflow/.local/lib/python3.8/site-packages/airflow/example_dags/example_skip_dag.py for tasks to queue
[2023-12-03T14:27:22.936+0000] {logging_mixin.py:154} INFO - [2023-12-03T14:27:22.936+0000] {dagbag.py:536} INFO - Filling up the DagBag from /home/airflow/.local/lib/python3.8/site-packages/airflow/example_dags/example_skip_dag.py
[2023-12-03T14:27:22.942+0000] {processor.py:839} INFO - DAG(s) dict_keys(['example_skip_dag']) retrieved from /home/airflow/.local/lib/python3.8/site-packages/airflow/example_dags/example_skip_dag.py
[2023-12-03T14:27:22.959+0000] {logging_mixin.py:154} INFO - [2023-12-03T14:27:22.959+0000] {dag.py:2941} INFO - Sync 1 DAGs
[2023-12-03T14:27:22.978+0000] {logging_mixin.py:154} INFO - [2023-12-03T14:27:22.978+0000] {dag.py:3722} INFO - Setting next_dagrun for example_skip_dag to 2023-12-02T14:27:22.978399+00:00, run_after=2023-12-03T14:27:22.978399+00:00
[2023-12-03T14:27:22.998+0000] {processor.py:179} INFO - Processing /home/airflow/.local/lib/python3.8/site-packages/airflow/example_dags/example_skip_dag.py took 0.070 seconds
[2023-12-03T15:18:32.231+0000] {processor.py:157} INFO - Started process (PID=3234) to work on /home/airflow/.local/lib/python3.8/site-packages/airflow/example_dags/example_skip_dag.py
[2023-12-03T15:18:32.232+0000] {processor.py:829} INFO - Processing file /home/airflow/.local/lib/python3.8/site-packages/airflow/example_dags/example_skip_dag.py for tasks to queue
[2023-12-03T15:18:32.243+0000] {logging_mixin.py:154} INFO - [2023-12-03T15:18:32.243+0000] {dagbag.py:536} INFO - Filling up the DagBag from /home/airflow/.local/lib/python3.8/site-packages/airflow/example_dags/example_skip_dag.py
[2023-12-03T15:18:32.255+0000] {processor.py:839} INFO - DAG(s) dict_keys(['example_skip_dag']) retrieved from /home/airflow/.local/lib/python3.8/site-packages/airflow/example_dags/example_skip_dag.py
[2023-12-03T15:18:32.284+0000] {logging_mixin.py:154} INFO - [2023-12-03T15:18:32.284+0000] {dag.py:2941} INFO - Sync 1 DAGs
[2023-12-03T15:18:32.305+0000] {logging_mixin.py:154} INFO - [2023-12-03T15:18:32.305+0000] {dag.py:3722} INFO - Setting next_dagrun for example_skip_dag to 2023-12-02T15:18:32.305443+00:00, run_after=2023-12-03T15:18:32.305443+00:00
[2023-12-03T15:18:32.337+0000] {processor.py:179} INFO - Processing /home/airflow/.local/lib/python3.8/site-packages/airflow/example_dags/example_skip_dag.py took 0.116 seconds
[2023-12-03T16:07:32.357+0000] {processor.py:157} INFO - Started process (PID=3292) to work on /home/airflow/.local/lib/python3.8/site-packages/airflow/example_dags/example_skip_dag.py
[2023-12-03T16:07:32.358+0000] {processor.py:829} INFO - Processing file /home/airflow/.local/lib/python3.8/site-packages/airflow/example_dags/example_skip_dag.py for tasks to queue
[2023-12-03T16:07:32.361+0000] {logging_mixin.py:154} INFO - [2023-12-03T16:07:32.361+0000] {dagbag.py:536} INFO - Filling up the DagBag from /home/airflow/.local/lib/python3.8/site-packages/airflow/example_dags/example_skip_dag.py
[2023-12-03T16:07:32.367+0000] {processor.py:839} INFO - DAG(s) dict_keys(['example_skip_dag']) retrieved from /home/airflow/.local/lib/python3.8/site-packages/airflow/example_dags/example_skip_dag.py
[2023-12-03T16:07:32.386+0000] {logging_mixin.py:154} INFO - [2023-12-03T16:07:32.386+0000] {dag.py:2941} INFO - Sync 1 DAGs
[2023-12-03T16:07:32.403+0000] {logging_mixin.py:154} INFO - [2023-12-03T16:07:32.403+0000] {dag.py:3722} INFO - Setting next_dagrun for example_skip_dag to 2023-12-02T16:07:32.403024+00:00, run_after=2023-12-03T16:07:32.403024+00:00
[2023-12-03T16:07:32.419+0000] {processor.py:179} INFO - Processing /home/airflow/.local/lib/python3.8/site-packages/airflow/example_dags/example_skip_dag.py took 0.065 seconds
[2023-12-03T16:58:03.469+0000] {processor.py:157} INFO - Started process (PID=3350) to work on /home/airflow/.local/lib/python3.8/site-packages/airflow/example_dags/example_skip_dag.py
[2023-12-03T16:58:03.470+0000] {processor.py:829} INFO - Processing file /home/airflow/.local/lib/python3.8/site-packages/airflow/example_dags/example_skip_dag.py for tasks to queue
[2023-12-03T16:58:03.473+0000] {logging_mixin.py:154} INFO - [2023-12-03T16:58:03.473+0000] {dagbag.py:536} INFO - Filling up the DagBag from /home/airflow/.local/lib/python3.8/site-packages/airflow/example_dags/example_skip_dag.py
[2023-12-03T16:58:03.480+0000] {processor.py:839} INFO - DAG(s) dict_keys(['example_skip_dag']) retrieved from /home/airflow/.local/lib/python3.8/site-packages/airflow/example_dags/example_skip_dag.py
[2023-12-03T16:58:03.497+0000] {logging_mixin.py:154} INFO - [2023-12-03T16:58:03.497+0000] {dag.py:2941} INFO - Sync 1 DAGs
[2023-12-03T16:58:03.513+0000] {logging_mixin.py:154} INFO - [2023-12-03T16:58:03.512+0000] {dag.py:3722} INFO - Setting next_dagrun for example_skip_dag to 2023-12-02T16:58:03.512820+00:00, run_after=2023-12-03T16:58:03.512820+00:00
[2023-12-03T16:58:03.528+0000] {processor.py:179} INFO - Processing /home/airflow/.local/lib/python3.8/site-packages/airflow/example_dags/example_skip_dag.py took 0.062 seconds
[2023-12-03T17:46:21.415+0000] {processor.py:157} INFO - Started process (PID=3408) to work on /home/airflow/.local/lib/python3.8/site-packages/airflow/example_dags/example_skip_dag.py
[2023-12-03T17:46:21.417+0000] {processor.py:829} INFO - Processing file /home/airflow/.local/lib/python3.8/site-packages/airflow/example_dags/example_skip_dag.py for tasks to queue
[2023-12-03T17:46:21.419+0000] {logging_mixin.py:154} INFO - [2023-12-03T17:46:21.419+0000] {dagbag.py:536} INFO - Filling up the DagBag from /home/airflow/.local/lib/python3.8/site-packages/airflow/example_dags/example_skip_dag.py
[2023-12-03T17:46:21.426+0000] {processor.py:839} INFO - DAG(s) dict_keys(['example_skip_dag']) retrieved from /home/airflow/.local/lib/python3.8/site-packages/airflow/example_dags/example_skip_dag.py
[2023-12-03T17:46:21.444+0000] {logging_mixin.py:154} INFO - [2023-12-03T17:46:21.444+0000] {dag.py:2941} INFO - Sync 1 DAGs
[2023-12-03T17:46:21.459+0000] {logging_mixin.py:154} INFO - [2023-12-03T17:46:21.459+0000] {dag.py:3722} INFO - Setting next_dagrun for example_skip_dag to 2023-12-02T17:46:21.459213+00:00, run_after=2023-12-03T17:46:21.459213+00:00
[2023-12-03T17:46:21.473+0000] {processor.py:179} INFO - Processing /home/airflow/.local/lib/python3.8/site-packages/airflow/example_dags/example_skip_dag.py took 0.062 seconds
[2023-12-03T18:33:41.266+0000] {processor.py:157} INFO - Started process (PID=3466) to work on /home/airflow/.local/lib/python3.8/site-packages/airflow/example_dags/example_skip_dag.py
[2023-12-03T18:33:41.268+0000] {processor.py:829} INFO - Processing file /home/airflow/.local/lib/python3.8/site-packages/airflow/example_dags/example_skip_dag.py for tasks to queue
[2023-12-03T18:33:41.270+0000] {logging_mixin.py:154} INFO - [2023-12-03T18:33:41.270+0000] {dagbag.py:536} INFO - Filling up the DagBag from /home/airflow/.local/lib/python3.8/site-packages/airflow/example_dags/example_skip_dag.py
[2023-12-03T18:33:41.277+0000] {processor.py:839} INFO - DAG(s) dict_keys(['example_skip_dag']) retrieved from /home/airflow/.local/lib/python3.8/site-packages/airflow/example_dags/example_skip_dag.py
[2023-12-03T18:33:41.295+0000] {logging_mixin.py:154} INFO - [2023-12-03T18:33:41.295+0000] {dag.py:2941} INFO - Sync 1 DAGs
[2023-12-03T18:33:41.311+0000] {logging_mixin.py:154} INFO - [2023-12-03T18:33:41.311+0000] {dag.py:3722} INFO - Setting next_dagrun for example_skip_dag to 2023-12-02T18:33:41.310939+00:00, run_after=2023-12-03T18:33:41.310939+00:00
[2023-12-03T18:33:41.324+0000] {processor.py:179} INFO - Processing /home/airflow/.local/lib/python3.8/site-packages/airflow/example_dags/example_skip_dag.py took 0.061 seconds
[2023-12-03T19:06:25.607+0000] {processor.py:157} INFO - Started process (PID=3524) to work on /home/airflow/.local/lib/python3.8/site-packages/airflow/example_dags/example_skip_dag.py
[2023-12-03T19:06:25.609+0000] {processor.py:829} INFO - Processing file /home/airflow/.local/lib/python3.8/site-packages/airflow/example_dags/example_skip_dag.py for tasks to queue
[2023-12-03T19:06:25.612+0000] {logging_mixin.py:154} INFO - [2023-12-03T19:06:25.611+0000] {dagbag.py:536} INFO - Filling up the DagBag from /home/airflow/.local/lib/python3.8/site-packages/airflow/example_dags/example_skip_dag.py
[2023-12-03T19:06:25.618+0000] {processor.py:839} INFO - DAG(s) dict_keys(['example_skip_dag']) retrieved from /home/airflow/.local/lib/python3.8/site-packages/airflow/example_dags/example_skip_dag.py
[2023-12-03T19:06:25.635+0000] {logging_mixin.py:154} INFO - [2023-12-03T19:06:25.635+0000] {dag.py:2941} INFO - Sync 1 DAGs
[2023-12-03T19:06:25.651+0000] {logging_mixin.py:154} INFO - [2023-12-03T19:06:25.651+0000] {dag.py:3722} INFO - Setting next_dagrun for example_skip_dag to 2023-12-02T19:06:25.651471+00:00, run_after=2023-12-03T19:06:25.651471+00:00
[2023-12-03T19:06:25.668+0000] {processor.py:179} INFO - Processing /home/airflow/.local/lib/python3.8/site-packages/airflow/example_dags/example_skip_dag.py took 0.065 seconds
[2023-12-03T19:22:01.008+0000] {processor.py:157} INFO - Started process (PID=3582) to work on /home/airflow/.local/lib/python3.8/site-packages/airflow/example_dags/example_skip_dag.py
[2023-12-03T19:22:01.014+0000] {processor.py:829} INFO - Processing file /home/airflow/.local/lib/python3.8/site-packages/airflow/example_dags/example_skip_dag.py for tasks to queue
[2023-12-03T19:22:01.018+0000] {logging_mixin.py:154} INFO - [2023-12-03T19:22:01.017+0000] {dagbag.py:536} INFO - Filling up the DagBag from /home/airflow/.local/lib/python3.8/site-packages/airflow/example_dags/example_skip_dag.py
[2023-12-03T19:22:01.024+0000] {processor.py:839} INFO - DAG(s) dict_keys(['example_skip_dag']) retrieved from /home/airflow/.local/lib/python3.8/site-packages/airflow/example_dags/example_skip_dag.py
[2023-12-03T19:22:01.043+0000] {logging_mixin.py:154} INFO - [2023-12-03T19:22:01.043+0000] {dag.py:2941} INFO - Sync 1 DAGs
[2023-12-03T19:22:01.061+0000] {logging_mixin.py:154} INFO - [2023-12-03T19:22:01.060+0000] {dag.py:3722} INFO - Setting next_dagrun for example_skip_dag to 2023-12-02T19:22:01.060558+00:00, run_after=2023-12-03T19:22:01.060558+00:00
[2023-12-03T19:22:01.075+0000] {processor.py:179} INFO - Processing /home/airflow/.local/lib/python3.8/site-packages/airflow/example_dags/example_skip_dag.py took 0.074 seconds
[2023-12-03T20:11:32.560+0000] {processor.py:157} INFO - Started process (PID=3639) to work on /home/airflow/.local/lib/python3.8/site-packages/airflow/example_dags/example_skip_dag.py
[2023-12-03T20:11:32.562+0000] {processor.py:829} INFO - Processing file /home/airflow/.local/lib/python3.8/site-packages/airflow/example_dags/example_skip_dag.py for tasks to queue
[2023-12-03T20:11:32.564+0000] {logging_mixin.py:154} INFO - [2023-12-03T20:11:32.564+0000] {dagbag.py:536} INFO - Filling up the DagBag from /home/airflow/.local/lib/python3.8/site-packages/airflow/example_dags/example_skip_dag.py
[2023-12-03T20:11:32.571+0000] {processor.py:839} INFO - DAG(s) dict_keys(['example_skip_dag']) retrieved from /home/airflow/.local/lib/python3.8/site-packages/airflow/example_dags/example_skip_dag.py
[2023-12-03T20:11:32.592+0000] {logging_mixin.py:154} INFO - [2023-12-03T20:11:32.591+0000] {dag.py:2941} INFO - Sync 1 DAGs
[2023-12-03T20:11:32.612+0000] {logging_mixin.py:154} INFO - [2023-12-03T20:11:32.611+0000] {dag.py:3722} INFO - Setting next_dagrun for example_skip_dag to 2023-12-02T20:11:32.611684+00:00, run_after=2023-12-03T20:11:32.611684+00:00
[2023-12-03T20:11:32.626+0000] {processor.py:179} INFO - Processing /home/airflow/.local/lib/python3.8/site-packages/airflow/example_dags/example_skip_dag.py took 0.069 seconds
[2023-12-03T21:36:32.718+0000] {processor.py:157} INFO - Started process (PID=3697) to work on /home/airflow/.local/lib/python3.8/site-packages/airflow/example_dags/example_skip_dag.py
[2023-12-03T21:36:32.719+0000] {processor.py:829} INFO - Processing file /home/airflow/.local/lib/python3.8/site-packages/airflow/example_dags/example_skip_dag.py for tasks to queue
[2023-12-03T21:36:32.722+0000] {logging_mixin.py:154} INFO - [2023-12-03T21:36:32.722+0000] {dagbag.py:536} INFO - Filling up the DagBag from /home/airflow/.local/lib/python3.8/site-packages/airflow/example_dags/example_skip_dag.py
[2023-12-03T21:36:32.732+0000] {processor.py:839} INFO - DAG(s) dict_keys(['example_skip_dag']) retrieved from /home/airflow/.local/lib/python3.8/site-packages/airflow/example_dags/example_skip_dag.py
[2023-12-03T21:36:32.751+0000] {logging_mixin.py:154} INFO - [2023-12-03T21:36:32.751+0000] {dag.py:2941} INFO - Sync 1 DAGs
[2023-12-03T21:36:32.770+0000] {logging_mixin.py:154} INFO - [2023-12-03T21:36:32.770+0000] {dag.py:3722} INFO - Setting next_dagrun for example_skip_dag to 2023-12-02T21:36:32.770019+00:00, run_after=2023-12-03T21:36:32.770019+00:00
[2023-12-03T21:36:32.785+0000] {processor.py:179} INFO - Processing /home/airflow/.local/lib/python3.8/site-packages/airflow/example_dags/example_skip_dag.py took 0.071 seconds
[2023-12-03T22:57:30.601+0000] {processor.py:157} INFO - Started process (PID=3755) to work on /home/airflow/.local/lib/python3.8/site-packages/airflow/example_dags/example_skip_dag.py
[2023-12-03T22:57:30.602+0000] {processor.py:829} INFO - Processing file /home/airflow/.local/lib/python3.8/site-packages/airflow/example_dags/example_skip_dag.py for tasks to queue
[2023-12-03T22:57:30.605+0000] {logging_mixin.py:154} INFO - [2023-12-03T22:57:30.605+0000] {dagbag.py:536} INFO - Filling up the DagBag from /home/airflow/.local/lib/python3.8/site-packages/airflow/example_dags/example_skip_dag.py
[2023-12-03T22:57:30.612+0000] {processor.py:839} INFO - DAG(s) dict_keys(['example_skip_dag']) retrieved from /home/airflow/.local/lib/python3.8/site-packages/airflow/example_dags/example_skip_dag.py
[2023-12-03T22:57:30.629+0000] {logging_mixin.py:154} INFO - [2023-12-03T22:57:30.629+0000] {dag.py:2941} INFO - Sync 1 DAGs
[2023-12-03T22:57:30.646+0000] {logging_mixin.py:154} INFO - [2023-12-03T22:57:30.646+0000] {dag.py:3722} INFO - Setting next_dagrun for example_skip_dag to 2023-12-02T22:57:30.646255+00:00, run_after=2023-12-03T22:57:30.646255+00:00
[2023-12-03T22:57:30.661+0000] {processor.py:179} INFO - Processing /home/airflow/.local/lib/python3.8/site-packages/airflow/example_dags/example_skip_dag.py took 0.063 seconds
[2023-12-03T23:13:09.654+0000] {processor.py:157} INFO - Started process (PID=3813) to work on /home/airflow/.local/lib/python3.8/site-packages/airflow/example_dags/example_skip_dag.py
[2023-12-03T23:13:09.655+0000] {processor.py:829} INFO - Processing file /home/airflow/.local/lib/python3.8/site-packages/airflow/example_dags/example_skip_dag.py for tasks to queue
[2023-12-03T23:13:09.658+0000] {logging_mixin.py:154} INFO - [2023-12-03T23:13:09.658+0000] {dagbag.py:536} INFO - Filling up the DagBag from /home/airflow/.local/lib/python3.8/site-packages/airflow/example_dags/example_skip_dag.py
[2023-12-03T23:13:09.664+0000] {processor.py:839} INFO - DAG(s) dict_keys(['example_skip_dag']) retrieved from /home/airflow/.local/lib/python3.8/site-packages/airflow/example_dags/example_skip_dag.py
[2023-12-03T23:13:09.682+0000] {logging_mixin.py:154} INFO - [2023-12-03T23:13:09.682+0000] {dag.py:2941} INFO - Sync 1 DAGs
[2023-12-03T23:13:09.700+0000] {logging_mixin.py:154} INFO - [2023-12-03T23:13:09.700+0000] {dag.py:3722} INFO - Setting next_dagrun for example_skip_dag to 2023-12-02T23:13:09.700242+00:00, run_after=2023-12-03T23:13:09.700242+00:00
[2023-12-03T23:13:09.715+0000] {processor.py:179} INFO - Processing /home/airflow/.local/lib/python3.8/site-packages/airflow/example_dags/example_skip_dag.py took 0.065 seconds
[2023-12-03T23:22:17.361+0000] {processor.py:157} INFO - Started process (PID=3871) to work on /home/airflow/.local/lib/python3.8/site-packages/airflow/example_dags/example_skip_dag.py
[2023-12-03T23:22:17.366+0000] {processor.py:829} INFO - Processing file /home/airflow/.local/lib/python3.8/site-packages/airflow/example_dags/example_skip_dag.py for tasks to queue
[2023-12-03T23:22:17.371+0000] {logging_mixin.py:154} INFO - [2023-12-03T23:22:17.370+0000] {dagbag.py:536} INFO - Filling up the DagBag from /home/airflow/.local/lib/python3.8/site-packages/airflow/example_dags/example_skip_dag.py
[2023-12-03T23:22:17.399+0000] {processor.py:839} INFO - DAG(s) dict_keys(['example_skip_dag']) retrieved from /home/airflow/.local/lib/python3.8/site-packages/airflow/example_dags/example_skip_dag.py
[2023-12-03T23:22:17.431+0000] {logging_mixin.py:154} INFO - [2023-12-03T23:22:17.430+0000] {dag.py:2941} INFO - Sync 1 DAGs
[2023-12-03T23:22:17.461+0000] {logging_mixin.py:154} INFO - [2023-12-03T23:22:17.461+0000] {dag.py:3722} INFO - Setting next_dagrun for example_skip_dag to 2023-12-02T23:22:17.461424+00:00, run_after=2023-12-03T23:22:17.461424+00:00
[2023-12-03T23:22:17.481+0000] {processor.py:179} INFO - Processing /home/airflow/.local/lib/python3.8/site-packages/airflow/example_dags/example_skip_dag.py took 0.129 seconds
