[2023-12-03T09:43:22.900+0000] {processor.py:157} INFO - Started process (PID=47) to work on /home/airflow/.local/lib/python3.8/site-packages/airflow/example_dags/example_params_trigger_ui.py
[2023-12-03T09:43:22.901+0000] {processor.py:829} INFO - Processing file /home/airflow/.local/lib/python3.8/site-packages/airflow/example_dags/example_params_trigger_ui.py for tasks to queue
[2023-12-03T09:43:22.905+0000] {logging_mixin.py:154} INFO - [2023-12-03T09:43:22.905+0000] {dagbag.py:536} INFO - Filling up the DagBag from /home/airflow/.local/lib/python3.8/site-packages/airflow/example_dags/example_params_trigger_ui.py
[2023-12-03T09:43:22.947+0000] {processor.py:839} INFO - DAG(s) dict_keys(['example_params_trigger_ui']) retrieved from /home/airflow/.local/lib/python3.8/site-packages/airflow/example_dags/example_params_trigger_ui.py
[2023-12-03T09:43:22.968+0000] {logging_mixin.py:154} INFO - [2023-12-03T09:43:22.968+0000] {dag.py:2941} INFO - Sync 1 DAGs
[2023-12-03T09:43:22.989+0000] {logging_mixin.py:154} INFO - [2023-12-03T09:43:22.989+0000] {dag.py:3722} INFO - Setting next_dagrun for example_params_trigger_ui to None, run_after=None
[2023-12-03T09:43:23.019+0000] {processor.py:179} INFO - Processing /home/airflow/.local/lib/python3.8/site-packages/airflow/example_dags/example_params_trigger_ui.py took 0.124 seconds
[2023-12-03T09:43:53.737+0000] {processor.py:157} INFO - Started process (PID=105) to work on /home/airflow/.local/lib/python3.8/site-packages/airflow/example_dags/example_params_trigger_ui.py
[2023-12-03T09:43:53.738+0000] {processor.py:829} INFO - Processing file /home/airflow/.local/lib/python3.8/site-packages/airflow/example_dags/example_params_trigger_ui.py for tasks to queue
[2023-12-03T09:43:53.741+0000] {logging_mixin.py:154} INFO - [2023-12-03T09:43:53.741+0000] {dagbag.py:536} INFO - Filling up the DagBag from /home/airflow/.local/lib/python3.8/site-packages/airflow/example_dags/example_params_trigger_ui.py
[2023-12-03T09:43:53.760+0000] {processor.py:839} INFO - DAG(s) dict_keys(['example_params_trigger_ui']) retrieved from /home/airflow/.local/lib/python3.8/site-packages/airflow/example_dags/example_params_trigger_ui.py
[2023-12-03T09:43:53.804+0000] {logging_mixin.py:154} INFO - [2023-12-03T09:43:53.804+0000] {dag.py:2941} INFO - Sync 1 DAGs
[2023-12-03T09:43:53.818+0000] {logging_mixin.py:154} INFO - [2023-12-03T09:43:53.817+0000] {dag.py:3722} INFO - Setting next_dagrun for example_params_trigger_ui to None, run_after=None
[2023-12-03T09:43:53.843+0000] {processor.py:179} INFO - Processing /home/airflow/.local/lib/python3.8/site-packages/airflow/example_dags/example_params_trigger_ui.py took 0.110 seconds
[2023-12-03T09:44:24.748+0000] {processor.py:157} INFO - Started process (PID=162) to work on /home/airflow/.local/lib/python3.8/site-packages/airflow/example_dags/example_params_trigger_ui.py
[2023-12-03T09:44:24.749+0000] {processor.py:829} INFO - Processing file /home/airflow/.local/lib/python3.8/site-packages/airflow/example_dags/example_params_trigger_ui.py for tasks to queue
[2023-12-03T09:44:24.751+0000] {logging_mixin.py:154} INFO - [2023-12-03T09:44:24.751+0000] {dagbag.py:536} INFO - Filling up the DagBag from /home/airflow/.local/lib/python3.8/site-packages/airflow/example_dags/example_params_trigger_ui.py
[2023-12-03T09:44:24.767+0000] {processor.py:839} INFO - DAG(s) dict_keys(['example_params_trigger_ui']) retrieved from /home/airflow/.local/lib/python3.8/site-packages/airflow/example_dags/example_params_trigger_ui.py
[2023-12-03T09:44:24.810+0000] {logging_mixin.py:154} INFO - [2023-12-03T09:44:24.809+0000] {dag.py:2941} INFO - Sync 1 DAGs
[2023-12-03T09:44:24.820+0000] {logging_mixin.py:154} INFO - [2023-12-03T09:44:24.820+0000] {dag.py:3722} INFO - Setting next_dagrun for example_params_trigger_ui to None, run_after=None
[2023-12-03T09:44:24.836+0000] {processor.py:179} INFO - Processing /home/airflow/.local/lib/python3.8/site-packages/airflow/example_dags/example_params_trigger_ui.py took 0.091 seconds
[2023-12-03T09:44:55.848+0000] {processor.py:157} INFO - Started process (PID=220) to work on /home/airflow/.local/lib/python3.8/site-packages/airflow/example_dags/example_params_trigger_ui.py
[2023-12-03T09:44:55.849+0000] {processor.py:829} INFO - Processing file /home/airflow/.local/lib/python3.8/site-packages/airflow/example_dags/example_params_trigger_ui.py for tasks to queue
[2023-12-03T09:44:55.851+0000] {logging_mixin.py:154} INFO - [2023-12-03T09:44:55.851+0000] {dagbag.py:536} INFO - Filling up the DagBag from /home/airflow/.local/lib/python3.8/site-packages/airflow/example_dags/example_params_trigger_ui.py
[2023-12-03T09:44:55.866+0000] {processor.py:839} INFO - DAG(s) dict_keys(['example_params_trigger_ui']) retrieved from /home/airflow/.local/lib/python3.8/site-packages/airflow/example_dags/example_params_trigger_ui.py
[2023-12-03T09:44:55.909+0000] {logging_mixin.py:154} INFO - [2023-12-03T09:44:55.909+0000] {dag.py:2941} INFO - Sync 1 DAGs
[2023-12-03T09:44:55.920+0000] {logging_mixin.py:154} INFO - [2023-12-03T09:44:55.920+0000] {dag.py:3722} INFO - Setting next_dagrun for example_params_trigger_ui to None, run_after=None
[2023-12-03T09:44:55.935+0000] {processor.py:179} INFO - Processing /home/airflow/.local/lib/python3.8/site-packages/airflow/example_dags/example_params_trigger_ui.py took 0.091 seconds
[2023-12-03T09:45:26.420+0000] {processor.py:157} INFO - Started process (PID=277) to work on /home/airflow/.local/lib/python3.8/site-packages/airflow/example_dags/example_params_trigger_ui.py
[2023-12-03T09:45:26.422+0000] {processor.py:829} INFO - Processing file /home/airflow/.local/lib/python3.8/site-packages/airflow/example_dags/example_params_trigger_ui.py for tasks to queue
[2023-12-03T09:45:26.424+0000] {logging_mixin.py:154} INFO - [2023-12-03T09:45:26.424+0000] {dagbag.py:536} INFO - Filling up the DagBag from /home/airflow/.local/lib/python3.8/site-packages/airflow/example_dags/example_params_trigger_ui.py
[2023-12-03T09:45:26.442+0000] {processor.py:839} INFO - DAG(s) dict_keys(['example_params_trigger_ui']) retrieved from /home/airflow/.local/lib/python3.8/site-packages/airflow/example_dags/example_params_trigger_ui.py
[2023-12-03T09:45:26.491+0000] {logging_mixin.py:154} INFO - [2023-12-03T09:45:26.491+0000] {dag.py:2941} INFO - Sync 1 DAGs
[2023-12-03T09:45:26.502+0000] {logging_mixin.py:154} INFO - [2023-12-03T09:45:26.501+0000] {dag.py:3722} INFO - Setting next_dagrun for example_params_trigger_ui to None, run_after=None
[2023-12-03T09:45:26.517+0000] {processor.py:179} INFO - Processing /home/airflow/.local/lib/python3.8/site-packages/airflow/example_dags/example_params_trigger_ui.py took 0.101 seconds
[2023-12-03T09:45:56.786+0000] {processor.py:157} INFO - Started process (PID=337) to work on /home/airflow/.local/lib/python3.8/site-packages/airflow/example_dags/example_params_trigger_ui.py
[2023-12-03T09:45:56.788+0000] {processor.py:829} INFO - Processing file /home/airflow/.local/lib/python3.8/site-packages/airflow/example_dags/example_params_trigger_ui.py for tasks to queue
[2023-12-03T09:45:56.790+0000] {logging_mixin.py:154} INFO - [2023-12-03T09:45:56.790+0000] {dagbag.py:536} INFO - Filling up the DagBag from /home/airflow/.local/lib/python3.8/site-packages/airflow/example_dags/example_params_trigger_ui.py
[2023-12-03T09:45:56.805+0000] {processor.py:839} INFO - DAG(s) dict_keys(['example_params_trigger_ui']) retrieved from /home/airflow/.local/lib/python3.8/site-packages/airflow/example_dags/example_params_trigger_ui.py
[2023-12-03T09:45:56.858+0000] {logging_mixin.py:154} INFO - [2023-12-03T09:45:56.858+0000] {dag.py:2941} INFO - Sync 1 DAGs
[2023-12-03T09:45:56.873+0000] {logging_mixin.py:154} INFO - [2023-12-03T09:45:56.873+0000] {dag.py:3722} INFO - Setting next_dagrun for example_params_trigger_ui to None, run_after=None
[2023-12-03T09:45:56.891+0000] {processor.py:179} INFO - Processing /home/airflow/.local/lib/python3.8/site-packages/airflow/example_dags/example_params_trigger_ui.py took 0.111 seconds
[2023-12-03T09:46:27.156+0000] {processor.py:157} INFO - Started process (PID=393) to work on /home/airflow/.local/lib/python3.8/site-packages/airflow/example_dags/example_params_trigger_ui.py
[2023-12-03T09:46:27.158+0000] {processor.py:829} INFO - Processing file /home/airflow/.local/lib/python3.8/site-packages/airflow/example_dags/example_params_trigger_ui.py for tasks to queue
[2023-12-03T09:46:27.160+0000] {logging_mixin.py:154} INFO - [2023-12-03T09:46:27.160+0000] {dagbag.py:536} INFO - Filling up the DagBag from /home/airflow/.local/lib/python3.8/site-packages/airflow/example_dags/example_params_trigger_ui.py
[2023-12-03T09:46:27.184+0000] {processor.py:839} INFO - DAG(s) dict_keys(['example_params_trigger_ui']) retrieved from /home/airflow/.local/lib/python3.8/site-packages/airflow/example_dags/example_params_trigger_ui.py
[2023-12-03T09:46:27.356+0000] {logging_mixin.py:154} INFO - [2023-12-03T09:46:27.356+0000] {dag.py:2941} INFO - Sync 1 DAGs
[2023-12-03T09:46:27.375+0000] {logging_mixin.py:154} INFO - [2023-12-03T09:46:27.375+0000] {dag.py:3722} INFO - Setting next_dagrun for example_params_trigger_ui to None, run_after=None
[2023-12-03T09:46:27.395+0000] {processor.py:179} INFO - Processing /home/airflow/.local/lib/python3.8/site-packages/airflow/example_dags/example_params_trigger_ui.py took 0.243 seconds
[2023-12-03T09:46:57.542+0000] {processor.py:157} INFO - Started process (PID=451) to work on /home/airflow/.local/lib/python3.8/site-packages/airflow/example_dags/example_params_trigger_ui.py
[2023-12-03T09:46:57.544+0000] {processor.py:829} INFO - Processing file /home/airflow/.local/lib/python3.8/site-packages/airflow/example_dags/example_params_trigger_ui.py for tasks to queue
[2023-12-03T09:46:57.547+0000] {logging_mixin.py:154} INFO - [2023-12-03T09:46:57.546+0000] {dagbag.py:536} INFO - Filling up the DagBag from /home/airflow/.local/lib/python3.8/site-packages/airflow/example_dags/example_params_trigger_ui.py
[2023-12-03T09:46:57.565+0000] {processor.py:839} INFO - DAG(s) dict_keys(['example_params_trigger_ui']) retrieved from /home/airflow/.local/lib/python3.8/site-packages/airflow/example_dags/example_params_trigger_ui.py
[2023-12-03T09:46:57.623+0000] {logging_mixin.py:154} INFO - [2023-12-03T09:46:57.623+0000] {dag.py:2941} INFO - Sync 1 DAGs
[2023-12-03T09:46:57.640+0000] {logging_mixin.py:154} INFO - [2023-12-03T09:46:57.640+0000] {dag.py:3722} INFO - Setting next_dagrun for example_params_trigger_ui to None, run_after=None
[2023-12-03T09:46:57.661+0000] {processor.py:179} INFO - Processing /home/airflow/.local/lib/python3.8/site-packages/airflow/example_dags/example_params_trigger_ui.py took 0.123 seconds
[2023-12-03T09:47:28.316+0000] {processor.py:157} INFO - Started process (PID=509) to work on /home/airflow/.local/lib/python3.8/site-packages/airflow/example_dags/example_params_trigger_ui.py
[2023-12-03T09:47:28.318+0000] {processor.py:829} INFO - Processing file /home/airflow/.local/lib/python3.8/site-packages/airflow/example_dags/example_params_trigger_ui.py for tasks to queue
[2023-12-03T09:47:28.321+0000] {logging_mixin.py:154} INFO - [2023-12-03T09:47:28.321+0000] {dagbag.py:536} INFO - Filling up the DagBag from /home/airflow/.local/lib/python3.8/site-packages/airflow/example_dags/example_params_trigger_ui.py
[2023-12-03T09:47:28.346+0000] {processor.py:839} INFO - DAG(s) dict_keys(['example_params_trigger_ui']) retrieved from /home/airflow/.local/lib/python3.8/site-packages/airflow/example_dags/example_params_trigger_ui.py
[2023-12-03T09:47:28.419+0000] {logging_mixin.py:154} INFO - [2023-12-03T09:47:28.419+0000] {dag.py:2941} INFO - Sync 1 DAGs
[2023-12-03T09:47:28.435+0000] {logging_mixin.py:154} INFO - [2023-12-03T09:47:28.435+0000] {dag.py:3722} INFO - Setting next_dagrun for example_params_trigger_ui to None, run_after=None
[2023-12-03T09:47:28.459+0000] {processor.py:179} INFO - Processing /home/airflow/.local/lib/python3.8/site-packages/airflow/example_dags/example_params_trigger_ui.py took 0.146 seconds
[2023-12-03T09:47:58.566+0000] {processor.py:157} INFO - Started process (PID=567) to work on /home/airflow/.local/lib/python3.8/site-packages/airflow/example_dags/example_params_trigger_ui.py
[2023-12-03T09:47:58.567+0000] {processor.py:829} INFO - Processing file /home/airflow/.local/lib/python3.8/site-packages/airflow/example_dags/example_params_trigger_ui.py for tasks to queue
[2023-12-03T09:47:58.570+0000] {logging_mixin.py:154} INFO - [2023-12-03T09:47:58.570+0000] {dagbag.py:536} INFO - Filling up the DagBag from /home/airflow/.local/lib/python3.8/site-packages/airflow/example_dags/example_params_trigger_ui.py
[2023-12-03T09:47:58.592+0000] {processor.py:839} INFO - DAG(s) dict_keys(['example_params_trigger_ui']) retrieved from /home/airflow/.local/lib/python3.8/site-packages/airflow/example_dags/example_params_trigger_ui.py
[2023-12-03T09:47:58.638+0000] {logging_mixin.py:154} INFO - [2023-12-03T09:47:58.638+0000] {dag.py:2941} INFO - Sync 1 DAGs
[2023-12-03T09:47:58.650+0000] {logging_mixin.py:154} INFO - [2023-12-03T09:47:58.650+0000] {dag.py:3722} INFO - Setting next_dagrun for example_params_trigger_ui to None, run_after=None
[2023-12-03T09:47:58.667+0000] {processor.py:179} INFO - Processing /home/airflow/.local/lib/python3.8/site-packages/airflow/example_dags/example_params_trigger_ui.py took 0.106 seconds
[2023-12-03T09:48:29.595+0000] {processor.py:157} INFO - Started process (PID=624) to work on /home/airflow/.local/lib/python3.8/site-packages/airflow/example_dags/example_params_trigger_ui.py
[2023-12-03T09:48:29.596+0000] {processor.py:829} INFO - Processing file /home/airflow/.local/lib/python3.8/site-packages/airflow/example_dags/example_params_trigger_ui.py for tasks to queue
[2023-12-03T09:48:29.598+0000] {logging_mixin.py:154} INFO - [2023-12-03T09:48:29.598+0000] {dagbag.py:536} INFO - Filling up the DagBag from /home/airflow/.local/lib/python3.8/site-packages/airflow/example_dags/example_params_trigger_ui.py
[2023-12-03T09:48:29.613+0000] {processor.py:839} INFO - DAG(s) dict_keys(['example_params_trigger_ui']) retrieved from /home/airflow/.local/lib/python3.8/site-packages/airflow/example_dags/example_params_trigger_ui.py
[2023-12-03T09:48:29.655+0000] {logging_mixin.py:154} INFO - [2023-12-03T09:48:29.655+0000] {dag.py:2941} INFO - Sync 1 DAGs
[2023-12-03T09:48:29.667+0000] {logging_mixin.py:154} INFO - [2023-12-03T09:48:29.666+0000] {dag.py:3722} INFO - Setting next_dagrun for example_params_trigger_ui to None, run_after=None
[2023-12-03T09:48:29.682+0000] {processor.py:179} INFO - Processing /home/airflow/.local/lib/python3.8/site-packages/airflow/example_dags/example_params_trigger_ui.py took 0.091 seconds
[2023-12-03T09:49:00.532+0000] {processor.py:157} INFO - Started process (PID=682) to work on /home/airflow/.local/lib/python3.8/site-packages/airflow/example_dags/example_params_trigger_ui.py
[2023-12-03T09:49:00.533+0000] {processor.py:829} INFO - Processing file /home/airflow/.local/lib/python3.8/site-packages/airflow/example_dags/example_params_trigger_ui.py for tasks to queue
[2023-12-03T09:49:00.535+0000] {logging_mixin.py:154} INFO - [2023-12-03T09:49:00.534+0000] {dagbag.py:536} INFO - Filling up the DagBag from /home/airflow/.local/lib/python3.8/site-packages/airflow/example_dags/example_params_trigger_ui.py
[2023-12-03T09:49:00.550+0000] {processor.py:839} INFO - DAG(s) dict_keys(['example_params_trigger_ui']) retrieved from /home/airflow/.local/lib/python3.8/site-packages/airflow/example_dags/example_params_trigger_ui.py
[2023-12-03T09:49:00.591+0000] {logging_mixin.py:154} INFO - [2023-12-03T09:49:00.591+0000] {dag.py:2941} INFO - Sync 1 DAGs
[2023-12-03T09:49:00.603+0000] {logging_mixin.py:154} INFO - [2023-12-03T09:49:00.602+0000] {dag.py:3722} INFO - Setting next_dagrun for example_params_trigger_ui to None, run_after=None
[2023-12-03T09:49:00.627+0000] {processor.py:179} INFO - Processing /home/airflow/.local/lib/python3.8/site-packages/airflow/example_dags/example_params_trigger_ui.py took 0.098 seconds
[2023-12-03T09:49:31.405+0000] {processor.py:157} INFO - Started process (PID=740) to work on /home/airflow/.local/lib/python3.8/site-packages/airflow/example_dags/example_params_trigger_ui.py
[2023-12-03T09:49:31.406+0000] {processor.py:829} INFO - Processing file /home/airflow/.local/lib/python3.8/site-packages/airflow/example_dags/example_params_trigger_ui.py for tasks to queue
[2023-12-03T09:49:31.408+0000] {logging_mixin.py:154} INFO - [2023-12-03T09:49:31.408+0000] {dagbag.py:536} INFO - Filling up the DagBag from /home/airflow/.local/lib/python3.8/site-packages/airflow/example_dags/example_params_trigger_ui.py
[2023-12-03T09:49:31.424+0000] {processor.py:839} INFO - DAG(s) dict_keys(['example_params_trigger_ui']) retrieved from /home/airflow/.local/lib/python3.8/site-packages/airflow/example_dags/example_params_trigger_ui.py
[2023-12-03T09:49:31.465+0000] {logging_mixin.py:154} INFO - [2023-12-03T09:49:31.465+0000] {dag.py:2941} INFO - Sync 1 DAGs
[2023-12-03T09:49:31.478+0000] {logging_mixin.py:154} INFO - [2023-12-03T09:49:31.478+0000] {dag.py:3722} INFO - Setting next_dagrun for example_params_trigger_ui to None, run_after=None
[2023-12-03T09:49:31.493+0000] {processor.py:179} INFO - Processing /home/airflow/.local/lib/python3.8/site-packages/airflow/example_dags/example_params_trigger_ui.py took 0.092 seconds
[2023-12-03T09:50:01.782+0000] {processor.py:157} INFO - Started process (PID=798) to work on /home/airflow/.local/lib/python3.8/site-packages/airflow/example_dags/example_params_trigger_ui.py
[2023-12-03T09:50:01.782+0000] {processor.py:829} INFO - Processing file /home/airflow/.local/lib/python3.8/site-packages/airflow/example_dags/example_params_trigger_ui.py for tasks to queue
[2023-12-03T09:50:01.785+0000] {logging_mixin.py:154} INFO - [2023-12-03T09:50:01.784+0000] {dagbag.py:536} INFO - Filling up the DagBag from /home/airflow/.local/lib/python3.8/site-packages/airflow/example_dags/example_params_trigger_ui.py
[2023-12-03T09:50:01.801+0000] {processor.py:839} INFO - DAG(s) dict_keys(['example_params_trigger_ui']) retrieved from /home/airflow/.local/lib/python3.8/site-packages/airflow/example_dags/example_params_trigger_ui.py
[2023-12-03T09:50:01.839+0000] {logging_mixin.py:154} INFO - [2023-12-03T09:50:01.839+0000] {dag.py:2941} INFO - Sync 1 DAGs
[2023-12-03T09:50:01.850+0000] {logging_mixin.py:154} INFO - [2023-12-03T09:50:01.850+0000] {dag.py:3722} INFO - Setting next_dagrun for example_params_trigger_ui to None, run_after=None
[2023-12-03T09:50:01.869+0000] {processor.py:179} INFO - Processing /home/airflow/.local/lib/python3.8/site-packages/airflow/example_dags/example_params_trigger_ui.py took 0.091 seconds
[2023-12-03T09:50:32.764+0000] {processor.py:157} INFO - Started process (PID=856) to work on /home/airflow/.local/lib/python3.8/site-packages/airflow/example_dags/example_params_trigger_ui.py
[2023-12-03T09:50:32.765+0000] {processor.py:829} INFO - Processing file /home/airflow/.local/lib/python3.8/site-packages/airflow/example_dags/example_params_trigger_ui.py for tasks to queue
[2023-12-03T09:50:32.769+0000] {logging_mixin.py:154} INFO - [2023-12-03T09:50:32.768+0000] {dagbag.py:536} INFO - Filling up the DagBag from /home/airflow/.local/lib/python3.8/site-packages/airflow/example_dags/example_params_trigger_ui.py
[2023-12-03T09:50:32.789+0000] {processor.py:839} INFO - DAG(s) dict_keys(['example_params_trigger_ui']) retrieved from /home/airflow/.local/lib/python3.8/site-packages/airflow/example_dags/example_params_trigger_ui.py
[2023-12-03T09:50:32.846+0000] {logging_mixin.py:154} INFO - [2023-12-03T09:50:32.846+0000] {dag.py:2941} INFO - Sync 1 DAGs
[2023-12-03T09:50:32.862+0000] {logging_mixin.py:154} INFO - [2023-12-03T09:50:32.862+0000] {dag.py:3722} INFO - Setting next_dagrun for example_params_trigger_ui to None, run_after=None
[2023-12-03T09:50:32.887+0000] {processor.py:179} INFO - Processing /home/airflow/.local/lib/python3.8/site-packages/airflow/example_dags/example_params_trigger_ui.py took 0.127 seconds
[2023-12-03T09:51:02.986+0000] {processor.py:157} INFO - Started process (PID=914) to work on /home/airflow/.local/lib/python3.8/site-packages/airflow/example_dags/example_params_trigger_ui.py
[2023-12-03T09:51:02.987+0000] {processor.py:829} INFO - Processing file /home/airflow/.local/lib/python3.8/site-packages/airflow/example_dags/example_params_trigger_ui.py for tasks to queue
[2023-12-03T09:51:02.990+0000] {logging_mixin.py:154} INFO - [2023-12-03T09:51:02.990+0000] {dagbag.py:536} INFO - Filling up the DagBag from /home/airflow/.local/lib/python3.8/site-packages/airflow/example_dags/example_params_trigger_ui.py
[2023-12-03T09:51:03.012+0000] {processor.py:839} INFO - DAG(s) dict_keys(['example_params_trigger_ui']) retrieved from /home/airflow/.local/lib/python3.8/site-packages/airflow/example_dags/example_params_trigger_ui.py
[2023-12-03T09:51:03.069+0000] {logging_mixin.py:154} INFO - [2023-12-03T09:51:03.069+0000] {dag.py:2941} INFO - Sync 1 DAGs
[2023-12-03T09:51:03.085+0000] {logging_mixin.py:154} INFO - [2023-12-03T09:51:03.085+0000] {dag.py:3722} INFO - Setting next_dagrun for example_params_trigger_ui to None, run_after=None
[2023-12-03T09:51:03.111+0000] {processor.py:179} INFO - Processing /home/airflow/.local/lib/python3.8/site-packages/airflow/example_dags/example_params_trigger_ui.py took 0.129 seconds
[2023-12-03T09:51:33.214+0000] {processor.py:157} INFO - Started process (PID=972) to work on /home/airflow/.local/lib/python3.8/site-packages/airflow/example_dags/example_params_trigger_ui.py
[2023-12-03T09:51:33.215+0000] {processor.py:829} INFO - Processing file /home/airflow/.local/lib/python3.8/site-packages/airflow/example_dags/example_params_trigger_ui.py for tasks to queue
[2023-12-03T09:51:33.217+0000] {logging_mixin.py:154} INFO - [2023-12-03T09:51:33.217+0000] {dagbag.py:536} INFO - Filling up the DagBag from /home/airflow/.local/lib/python3.8/site-packages/airflow/example_dags/example_params_trigger_ui.py
[2023-12-03T09:51:33.234+0000] {processor.py:839} INFO - DAG(s) dict_keys(['example_params_trigger_ui']) retrieved from /home/airflow/.local/lib/python3.8/site-packages/airflow/example_dags/example_params_trigger_ui.py
[2023-12-03T09:51:33.279+0000] {logging_mixin.py:154} INFO - [2023-12-03T09:51:33.279+0000] {dag.py:2941} INFO - Sync 1 DAGs
[2023-12-03T09:51:33.291+0000] {logging_mixin.py:154} INFO - [2023-12-03T09:51:33.290+0000] {dag.py:3722} INFO - Setting next_dagrun for example_params_trigger_ui to None, run_after=None
[2023-12-03T09:51:33.309+0000] {processor.py:179} INFO - Processing /home/airflow/.local/lib/python3.8/site-packages/airflow/example_dags/example_params_trigger_ui.py took 0.099 seconds
[2023-12-03T09:52:04.095+0000] {processor.py:157} INFO - Started process (PID=1037) to work on /home/airflow/.local/lib/python3.8/site-packages/airflow/example_dags/example_params_trigger_ui.py
[2023-12-03T09:52:04.096+0000] {processor.py:829} INFO - Processing file /home/airflow/.local/lib/python3.8/site-packages/airflow/example_dags/example_params_trigger_ui.py for tasks to queue
[2023-12-03T09:52:04.098+0000] {logging_mixin.py:154} INFO - [2023-12-03T09:52:04.098+0000] {dagbag.py:536} INFO - Filling up the DagBag from /home/airflow/.local/lib/python3.8/site-packages/airflow/example_dags/example_params_trigger_ui.py
[2023-12-03T09:52:04.118+0000] {processor.py:839} INFO - DAG(s) dict_keys(['example_params_trigger_ui']) retrieved from /home/airflow/.local/lib/python3.8/site-packages/airflow/example_dags/example_params_trigger_ui.py
[2023-12-03T09:52:04.162+0000] {logging_mixin.py:154} INFO - [2023-12-03T09:52:04.162+0000] {dag.py:2941} INFO - Sync 1 DAGs
[2023-12-03T09:52:04.174+0000] {logging_mixin.py:154} INFO - [2023-12-03T09:52:04.174+0000] {dag.py:3722} INFO - Setting next_dagrun for example_params_trigger_ui to None, run_after=None
[2023-12-03T09:52:04.193+0000] {processor.py:179} INFO - Processing /home/airflow/.local/lib/python3.8/site-packages/airflow/example_dags/example_params_trigger_ui.py took 0.102 seconds
[2023-12-03T09:52:34.285+0000] {processor.py:157} INFO - Started process (PID=1095) to work on /home/airflow/.local/lib/python3.8/site-packages/airflow/example_dags/example_params_trigger_ui.py
[2023-12-03T09:52:34.286+0000] {processor.py:829} INFO - Processing file /home/airflow/.local/lib/python3.8/site-packages/airflow/example_dags/example_params_trigger_ui.py for tasks to queue
[2023-12-03T09:52:34.288+0000] {logging_mixin.py:154} INFO - [2023-12-03T09:52:34.288+0000] {dagbag.py:536} INFO - Filling up the DagBag from /home/airflow/.local/lib/python3.8/site-packages/airflow/example_dags/example_params_trigger_ui.py
[2023-12-03T09:52:34.305+0000] {processor.py:839} INFO - DAG(s) dict_keys(['example_params_trigger_ui']) retrieved from /home/airflow/.local/lib/python3.8/site-packages/airflow/example_dags/example_params_trigger_ui.py
[2023-12-03T09:52:34.344+0000] {logging_mixin.py:154} INFO - [2023-12-03T09:52:34.344+0000] {dag.py:2941} INFO - Sync 1 DAGs
[2023-12-03T09:52:34.355+0000] {logging_mixin.py:154} INFO - [2023-12-03T09:52:34.355+0000] {dag.py:3722} INFO - Setting next_dagrun for example_params_trigger_ui to None, run_after=None
[2023-12-03T09:52:34.372+0000] {processor.py:179} INFO - Processing /home/airflow/.local/lib/python3.8/site-packages/airflow/example_dags/example_params_trigger_ui.py took 0.090 seconds
[2023-12-03T09:53:04.616+0000] {processor.py:157} INFO - Started process (PID=1153) to work on /home/airflow/.local/lib/python3.8/site-packages/airflow/example_dags/example_params_trigger_ui.py
[2023-12-03T09:53:04.617+0000] {processor.py:829} INFO - Processing file /home/airflow/.local/lib/python3.8/site-packages/airflow/example_dags/example_params_trigger_ui.py for tasks to queue
[2023-12-03T09:53:04.620+0000] {logging_mixin.py:154} INFO - [2023-12-03T09:53:04.619+0000] {dagbag.py:536} INFO - Filling up the DagBag from /home/airflow/.local/lib/python3.8/site-packages/airflow/example_dags/example_params_trigger_ui.py
[2023-12-03T09:53:04.640+0000] {processor.py:839} INFO - DAG(s) dict_keys(['example_params_trigger_ui']) retrieved from /home/airflow/.local/lib/python3.8/site-packages/airflow/example_dags/example_params_trigger_ui.py
[2023-12-03T09:53:04.684+0000] {logging_mixin.py:154} INFO - [2023-12-03T09:53:04.684+0000] {dag.py:2941} INFO - Sync 1 DAGs
[2023-12-03T09:53:04.698+0000] {logging_mixin.py:154} INFO - [2023-12-03T09:53:04.698+0000] {dag.py:3722} INFO - Setting next_dagrun for example_params_trigger_ui to None, run_after=None
[2023-12-03T09:53:04.720+0000] {processor.py:179} INFO - Processing /home/airflow/.local/lib/python3.8/site-packages/airflow/example_dags/example_params_trigger_ui.py took 0.108 seconds
[2023-12-03T09:53:34.894+0000] {processor.py:157} INFO - Started process (PID=1211) to work on /home/airflow/.local/lib/python3.8/site-packages/airflow/example_dags/example_params_trigger_ui.py
[2023-12-03T09:53:34.895+0000] {processor.py:829} INFO - Processing file /home/airflow/.local/lib/python3.8/site-packages/airflow/example_dags/example_params_trigger_ui.py for tasks to queue
[2023-12-03T09:53:34.898+0000] {logging_mixin.py:154} INFO - [2023-12-03T09:53:34.898+0000] {dagbag.py:536} INFO - Filling up the DagBag from /home/airflow/.local/lib/python3.8/site-packages/airflow/example_dags/example_params_trigger_ui.py
[2023-12-03T09:53:34.915+0000] {processor.py:839} INFO - DAG(s) dict_keys(['example_params_trigger_ui']) retrieved from /home/airflow/.local/lib/python3.8/site-packages/airflow/example_dags/example_params_trigger_ui.py
[2023-12-03T09:53:34.958+0000] {logging_mixin.py:154} INFO - [2023-12-03T09:53:34.958+0000] {dag.py:2941} INFO - Sync 1 DAGs
[2023-12-03T09:53:34.972+0000] {logging_mixin.py:154} INFO - [2023-12-03T09:53:34.971+0000] {dag.py:3722} INFO - Setting next_dagrun for example_params_trigger_ui to None, run_after=None
[2023-12-03T09:53:34.992+0000] {processor.py:179} INFO - Processing /home/airflow/.local/lib/python3.8/site-packages/airflow/example_dags/example_params_trigger_ui.py took 0.102 seconds
[2023-12-03T09:54:05.206+0000] {processor.py:157} INFO - Started process (PID=1269) to work on /home/airflow/.local/lib/python3.8/site-packages/airflow/example_dags/example_params_trigger_ui.py
[2023-12-03T09:54:05.207+0000] {processor.py:829} INFO - Processing file /home/airflow/.local/lib/python3.8/site-packages/airflow/example_dags/example_params_trigger_ui.py for tasks to queue
[2023-12-03T09:54:05.209+0000] {logging_mixin.py:154} INFO - [2023-12-03T09:54:05.209+0000] {dagbag.py:536} INFO - Filling up the DagBag from /home/airflow/.local/lib/python3.8/site-packages/airflow/example_dags/example_params_trigger_ui.py
[2023-12-03T09:54:05.226+0000] {processor.py:839} INFO - DAG(s) dict_keys(['example_params_trigger_ui']) retrieved from /home/airflow/.local/lib/python3.8/site-packages/airflow/example_dags/example_params_trigger_ui.py
[2023-12-03T09:54:05.273+0000] {logging_mixin.py:154} INFO - [2023-12-03T09:54:05.272+0000] {dag.py:2941} INFO - Sync 1 DAGs
[2023-12-03T09:54:05.288+0000] {logging_mixin.py:154} INFO - [2023-12-03T09:54:05.288+0000] {dag.py:3722} INFO - Setting next_dagrun for example_params_trigger_ui to None, run_after=None
[2023-12-03T09:54:05.307+0000] {processor.py:179} INFO - Processing /home/airflow/.local/lib/python3.8/site-packages/airflow/example_dags/example_params_trigger_ui.py took 0.105 seconds
[2023-12-03T09:54:35.619+0000] {processor.py:157} INFO - Started process (PID=1327) to work on /home/airflow/.local/lib/python3.8/site-packages/airflow/example_dags/example_params_trigger_ui.py
[2023-12-03T09:54:35.620+0000] {processor.py:829} INFO - Processing file /home/airflow/.local/lib/python3.8/site-packages/airflow/example_dags/example_params_trigger_ui.py for tasks to queue
[2023-12-03T09:54:35.623+0000] {logging_mixin.py:154} INFO - [2023-12-03T09:54:35.622+0000] {dagbag.py:536} INFO - Filling up the DagBag from /home/airflow/.local/lib/python3.8/site-packages/airflow/example_dags/example_params_trigger_ui.py
[2023-12-03T09:54:35.638+0000] {processor.py:839} INFO - DAG(s) dict_keys(['example_params_trigger_ui']) retrieved from /home/airflow/.local/lib/python3.8/site-packages/airflow/example_dags/example_params_trigger_ui.py
[2023-12-03T09:54:35.681+0000] {logging_mixin.py:154} INFO - [2023-12-03T09:54:35.680+0000] {dag.py:2941} INFO - Sync 1 DAGs
[2023-12-03T09:54:35.694+0000] {logging_mixin.py:154} INFO - [2023-12-03T09:54:35.694+0000] {dag.py:3722} INFO - Setting next_dagrun for example_params_trigger_ui to None, run_after=None
[2023-12-03T09:54:35.711+0000] {processor.py:179} INFO - Processing /home/airflow/.local/lib/python3.8/site-packages/airflow/example_dags/example_params_trigger_ui.py took 0.096 seconds
[2023-12-03T09:55:05.972+0000] {processor.py:157} INFO - Started process (PID=1385) to work on /home/airflow/.local/lib/python3.8/site-packages/airflow/example_dags/example_params_trigger_ui.py
[2023-12-03T09:55:05.973+0000] {processor.py:829} INFO - Processing file /home/airflow/.local/lib/python3.8/site-packages/airflow/example_dags/example_params_trigger_ui.py for tasks to queue
[2023-12-03T09:55:05.976+0000] {logging_mixin.py:154} INFO - [2023-12-03T09:55:05.975+0000] {dagbag.py:536} INFO - Filling up the DagBag from /home/airflow/.local/lib/python3.8/site-packages/airflow/example_dags/example_params_trigger_ui.py
[2023-12-03T09:55:05.992+0000] {processor.py:839} INFO - DAG(s) dict_keys(['example_params_trigger_ui']) retrieved from /home/airflow/.local/lib/python3.8/site-packages/airflow/example_dags/example_params_trigger_ui.py
[2023-12-03T09:55:06.034+0000] {logging_mixin.py:154} INFO - [2023-12-03T09:55:06.034+0000] {dag.py:2941} INFO - Sync 1 DAGs
[2023-12-03T09:55:06.048+0000] {logging_mixin.py:154} INFO - [2023-12-03T09:55:06.047+0000] {dag.py:3722} INFO - Setting next_dagrun for example_params_trigger_ui to None, run_after=None
[2023-12-03T09:55:06.064+0000] {processor.py:179} INFO - Processing /home/airflow/.local/lib/python3.8/site-packages/airflow/example_dags/example_params_trigger_ui.py took 0.095 seconds
[2023-12-03T09:55:36.468+0000] {processor.py:157} INFO - Started process (PID=1443) to work on /home/airflow/.local/lib/python3.8/site-packages/airflow/example_dags/example_params_trigger_ui.py
[2023-12-03T09:55:36.469+0000] {processor.py:829} INFO - Processing file /home/airflow/.local/lib/python3.8/site-packages/airflow/example_dags/example_params_trigger_ui.py for tasks to queue
[2023-12-03T09:55:36.471+0000] {logging_mixin.py:154} INFO - [2023-12-03T09:55:36.471+0000] {dagbag.py:536} INFO - Filling up the DagBag from /home/airflow/.local/lib/python3.8/site-packages/airflow/example_dags/example_params_trigger_ui.py
[2023-12-03T09:55:36.488+0000] {processor.py:839} INFO - DAG(s) dict_keys(['example_params_trigger_ui']) retrieved from /home/airflow/.local/lib/python3.8/site-packages/airflow/example_dags/example_params_trigger_ui.py
[2023-12-03T09:55:36.530+0000] {logging_mixin.py:154} INFO - [2023-12-03T09:55:36.529+0000] {dag.py:2941} INFO - Sync 1 DAGs
[2023-12-03T09:55:36.543+0000] {logging_mixin.py:154} INFO - [2023-12-03T09:55:36.542+0000] {dag.py:3722} INFO - Setting next_dagrun for example_params_trigger_ui to None, run_after=None
[2023-12-03T09:55:36.561+0000] {processor.py:179} INFO - Processing /home/airflow/.local/lib/python3.8/site-packages/airflow/example_dags/example_params_trigger_ui.py took 0.097 seconds
[2023-12-03T09:56:06.851+0000] {processor.py:157} INFO - Started process (PID=1506) to work on /home/airflow/.local/lib/python3.8/site-packages/airflow/example_dags/example_params_trigger_ui.py
[2023-12-03T09:56:06.852+0000] {processor.py:829} INFO - Processing file /home/airflow/.local/lib/python3.8/site-packages/airflow/example_dags/example_params_trigger_ui.py for tasks to queue
[2023-12-03T09:56:06.854+0000] {logging_mixin.py:154} INFO - [2023-12-03T09:56:06.854+0000] {dagbag.py:536} INFO - Filling up the DagBag from /home/airflow/.local/lib/python3.8/site-packages/airflow/example_dags/example_params_trigger_ui.py
[2023-12-03T09:56:06.870+0000] {processor.py:839} INFO - DAG(s) dict_keys(['example_params_trigger_ui']) retrieved from /home/airflow/.local/lib/python3.8/site-packages/airflow/example_dags/example_params_trigger_ui.py
[2023-12-03T09:56:06.909+0000] {logging_mixin.py:154} INFO - [2023-12-03T09:56:06.908+0000] {dag.py:2941} INFO - Sync 1 DAGs
[2023-12-03T09:56:06.922+0000] {logging_mixin.py:154} INFO - [2023-12-03T09:56:06.921+0000] {dag.py:3722} INFO - Setting next_dagrun for example_params_trigger_ui to None, run_after=None
[2023-12-03T09:56:06.942+0000] {processor.py:179} INFO - Processing /home/airflow/.local/lib/python3.8/site-packages/airflow/example_dags/example_params_trigger_ui.py took 0.094 seconds
[2023-12-03T09:56:37.777+0000] {processor.py:157} INFO - Started process (PID=1564) to work on /home/airflow/.local/lib/python3.8/site-packages/airflow/example_dags/example_params_trigger_ui.py
[2023-12-03T09:56:37.778+0000] {processor.py:829} INFO - Processing file /home/airflow/.local/lib/python3.8/site-packages/airflow/example_dags/example_params_trigger_ui.py for tasks to queue
[2023-12-03T09:56:37.780+0000] {logging_mixin.py:154} INFO - [2023-12-03T09:56:37.780+0000] {dagbag.py:536} INFO - Filling up the DagBag from /home/airflow/.local/lib/python3.8/site-packages/airflow/example_dags/example_params_trigger_ui.py
[2023-12-03T09:56:37.800+0000] {processor.py:839} INFO - DAG(s) dict_keys(['example_params_trigger_ui']) retrieved from /home/airflow/.local/lib/python3.8/site-packages/airflow/example_dags/example_params_trigger_ui.py
[2023-12-03T09:56:37.844+0000] {logging_mixin.py:154} INFO - [2023-12-03T09:56:37.844+0000] {dag.py:2941} INFO - Sync 1 DAGs
[2023-12-03T09:56:37.857+0000] {logging_mixin.py:154} INFO - [2023-12-03T09:56:37.857+0000] {dag.py:3722} INFO - Setting next_dagrun for example_params_trigger_ui to None, run_after=None
[2023-12-03T09:56:37.875+0000] {processor.py:179} INFO - Processing /home/airflow/.local/lib/python3.8/site-packages/airflow/example_dags/example_params_trigger_ui.py took 0.102 seconds
[2023-12-03T09:57:08.562+0000] {processor.py:157} INFO - Started process (PID=1622) to work on /home/airflow/.local/lib/python3.8/site-packages/airflow/example_dags/example_params_trigger_ui.py
[2023-12-03T09:57:08.563+0000] {processor.py:829} INFO - Processing file /home/airflow/.local/lib/python3.8/site-packages/airflow/example_dags/example_params_trigger_ui.py for tasks to queue
[2023-12-03T09:57:08.565+0000] {logging_mixin.py:154} INFO - [2023-12-03T09:57:08.565+0000] {dagbag.py:536} INFO - Filling up the DagBag from /home/airflow/.local/lib/python3.8/site-packages/airflow/example_dags/example_params_trigger_ui.py
[2023-12-03T09:57:08.582+0000] {processor.py:839} INFO - DAG(s) dict_keys(['example_params_trigger_ui']) retrieved from /home/airflow/.local/lib/python3.8/site-packages/airflow/example_dags/example_params_trigger_ui.py
[2023-12-03T09:57:08.624+0000] {logging_mixin.py:154} INFO - [2023-12-03T09:57:08.624+0000] {dag.py:2941} INFO - Sync 1 DAGs
[2023-12-03T09:57:08.636+0000] {logging_mixin.py:154} INFO - [2023-12-03T09:57:08.636+0000] {dag.py:3722} INFO - Setting next_dagrun for example_params_trigger_ui to None, run_after=None
[2023-12-03T09:57:08.654+0000] {processor.py:179} INFO - Processing /home/airflow/.local/lib/python3.8/site-packages/airflow/example_dags/example_params_trigger_ui.py took 0.097 seconds
[2023-12-03T09:57:38.736+0000] {processor.py:157} INFO - Started process (PID=1682) to work on /home/airflow/.local/lib/python3.8/site-packages/airflow/example_dags/example_params_trigger_ui.py
[2023-12-03T09:57:38.737+0000] {processor.py:829} INFO - Processing file /home/airflow/.local/lib/python3.8/site-packages/airflow/example_dags/example_params_trigger_ui.py for tasks to queue
[2023-12-03T09:57:38.739+0000] {logging_mixin.py:154} INFO - [2023-12-03T09:57:38.738+0000] {dagbag.py:536} INFO - Filling up the DagBag from /home/airflow/.local/lib/python3.8/site-packages/airflow/example_dags/example_params_trigger_ui.py
[2023-12-03T09:57:38.754+0000] {processor.py:839} INFO - DAG(s) dict_keys(['example_params_trigger_ui']) retrieved from /home/airflow/.local/lib/python3.8/site-packages/airflow/example_dags/example_params_trigger_ui.py
[2023-12-03T09:57:38.789+0000] {logging_mixin.py:154} INFO - [2023-12-03T09:57:38.789+0000] {dag.py:2941} INFO - Sync 1 DAGs
[2023-12-03T09:57:38.800+0000] {logging_mixin.py:154} INFO - [2023-12-03T09:57:38.800+0000] {dag.py:3722} INFO - Setting next_dagrun for example_params_trigger_ui to None, run_after=None
[2023-12-03T09:57:38.816+0000] {processor.py:179} INFO - Processing /home/airflow/.local/lib/python3.8/site-packages/airflow/example_dags/example_params_trigger_ui.py took 0.083 seconds
[2023-12-03T09:58:08.885+0000] {processor.py:157} INFO - Started process (PID=1740) to work on /home/airflow/.local/lib/python3.8/site-packages/airflow/example_dags/example_params_trigger_ui.py
[2023-12-03T09:58:08.886+0000] {processor.py:829} INFO - Processing file /home/airflow/.local/lib/python3.8/site-packages/airflow/example_dags/example_params_trigger_ui.py for tasks to queue
[2023-12-03T09:58:08.889+0000] {logging_mixin.py:154} INFO - [2023-12-03T09:58:08.889+0000] {dagbag.py:536} INFO - Filling up the DagBag from /home/airflow/.local/lib/python3.8/site-packages/airflow/example_dags/example_params_trigger_ui.py
[2023-12-03T09:58:08.906+0000] {processor.py:839} INFO - DAG(s) dict_keys(['example_params_trigger_ui']) retrieved from /home/airflow/.local/lib/python3.8/site-packages/airflow/example_dags/example_params_trigger_ui.py
[2023-12-03T09:58:08.950+0000] {logging_mixin.py:154} INFO - [2023-12-03T09:58:08.949+0000] {dag.py:2941} INFO - Sync 1 DAGs
[2023-12-03T09:58:08.960+0000] {logging_mixin.py:154} INFO - [2023-12-03T09:58:08.960+0000] {dag.py:3722} INFO - Setting next_dagrun for example_params_trigger_ui to None, run_after=None
[2023-12-03T09:58:08.980+0000] {processor.py:179} INFO - Processing /home/airflow/.local/lib/python3.8/site-packages/airflow/example_dags/example_params_trigger_ui.py took 0.099 seconds
[2023-12-03T09:58:39.356+0000] {processor.py:157} INFO - Started process (PID=1797) to work on /home/airflow/.local/lib/python3.8/site-packages/airflow/example_dags/example_params_trigger_ui.py
[2023-12-03T09:58:39.357+0000] {processor.py:829} INFO - Processing file /home/airflow/.local/lib/python3.8/site-packages/airflow/example_dags/example_params_trigger_ui.py for tasks to queue
[2023-12-03T09:58:39.360+0000] {logging_mixin.py:154} INFO - [2023-12-03T09:58:39.359+0000] {dagbag.py:536} INFO - Filling up the DagBag from /home/airflow/.local/lib/python3.8/site-packages/airflow/example_dags/example_params_trigger_ui.py
[2023-12-03T09:58:39.377+0000] {processor.py:839} INFO - DAG(s) dict_keys(['example_params_trigger_ui']) retrieved from /home/airflow/.local/lib/python3.8/site-packages/airflow/example_dags/example_params_trigger_ui.py
[2023-12-03T09:58:39.420+0000] {logging_mixin.py:154} INFO - [2023-12-03T09:58:39.420+0000] {dag.py:2941} INFO - Sync 1 DAGs
[2023-12-03T09:58:39.432+0000] {logging_mixin.py:154} INFO - [2023-12-03T09:58:39.432+0000] {dag.py:3722} INFO - Setting next_dagrun for example_params_trigger_ui to None, run_after=None
[2023-12-03T09:58:39.451+0000] {processor.py:179} INFO - Processing /home/airflow/.local/lib/python3.8/site-packages/airflow/example_dags/example_params_trigger_ui.py took 0.099 seconds
[2023-12-03T09:59:09.998+0000] {processor.py:157} INFO - Started process (PID=1855) to work on /home/airflow/.local/lib/python3.8/site-packages/airflow/example_dags/example_params_trigger_ui.py
[2023-12-03T09:59:09.999+0000] {processor.py:829} INFO - Processing file /home/airflow/.local/lib/python3.8/site-packages/airflow/example_dags/example_params_trigger_ui.py for tasks to queue
[2023-12-03T09:59:10.002+0000] {logging_mixin.py:154} INFO - [2023-12-03T09:59:10.001+0000] {dagbag.py:536} INFO - Filling up the DagBag from /home/airflow/.local/lib/python3.8/site-packages/airflow/example_dags/example_params_trigger_ui.py
[2023-12-03T09:59:10.018+0000] {processor.py:839} INFO - DAG(s) dict_keys(['example_params_trigger_ui']) retrieved from /home/airflow/.local/lib/python3.8/site-packages/airflow/example_dags/example_params_trigger_ui.py
[2023-12-03T09:59:10.061+0000] {logging_mixin.py:154} INFO - [2023-12-03T09:59:10.061+0000] {dag.py:2941} INFO - Sync 1 DAGs
[2023-12-03T09:59:10.073+0000] {logging_mixin.py:154} INFO - [2023-12-03T09:59:10.073+0000] {dag.py:3722} INFO - Setting next_dagrun for example_params_trigger_ui to None, run_after=None
[2023-12-03T09:59:10.092+0000] {processor.py:179} INFO - Processing /home/airflow/.local/lib/python3.8/site-packages/airflow/example_dags/example_params_trigger_ui.py took 0.097 seconds
[2023-12-03T09:59:40.929+0000] {processor.py:157} INFO - Started process (PID=1914) to work on /home/airflow/.local/lib/python3.8/site-packages/airflow/example_dags/example_params_trigger_ui.py
[2023-12-03T09:59:40.930+0000] {processor.py:829} INFO - Processing file /home/airflow/.local/lib/python3.8/site-packages/airflow/example_dags/example_params_trigger_ui.py for tasks to queue
[2023-12-03T09:59:40.932+0000] {logging_mixin.py:154} INFO - [2023-12-03T09:59:40.932+0000] {dagbag.py:536} INFO - Filling up the DagBag from /home/airflow/.local/lib/python3.8/site-packages/airflow/example_dags/example_params_trigger_ui.py
[2023-12-03T09:59:40.949+0000] {processor.py:839} INFO - DAG(s) dict_keys(['example_params_trigger_ui']) retrieved from /home/airflow/.local/lib/python3.8/site-packages/airflow/example_dags/example_params_trigger_ui.py
[2023-12-03T09:59:40.992+0000] {logging_mixin.py:154} INFO - [2023-12-03T09:59:40.992+0000] {dag.py:2941} INFO - Sync 1 DAGs
[2023-12-03T09:59:41.005+0000] {logging_mixin.py:154} INFO - [2023-12-03T09:59:41.004+0000] {dag.py:3722} INFO - Setting next_dagrun for example_params_trigger_ui to None, run_after=None
[2023-12-03T09:59:41.023+0000] {processor.py:179} INFO - Processing /home/airflow/.local/lib/python3.8/site-packages/airflow/example_dags/example_params_trigger_ui.py took 0.098 seconds
[2023-12-03T10:00:11.164+0000] {processor.py:157} INFO - Started process (PID=1974) to work on /home/airflow/.local/lib/python3.8/site-packages/airflow/example_dags/example_params_trigger_ui.py
[2023-12-03T10:00:11.166+0000] {processor.py:829} INFO - Processing file /home/airflow/.local/lib/python3.8/site-packages/airflow/example_dags/example_params_trigger_ui.py for tasks to queue
[2023-12-03T10:00:11.177+0000] {logging_mixin.py:154} INFO - [2023-12-03T10:00:11.176+0000] {dagbag.py:536} INFO - Filling up the DagBag from /home/airflow/.local/lib/python3.8/site-packages/airflow/example_dags/example_params_trigger_ui.py
[2023-12-03T10:00:11.207+0000] {processor.py:839} INFO - DAG(s) dict_keys(['example_params_trigger_ui']) retrieved from /home/airflow/.local/lib/python3.8/site-packages/airflow/example_dags/example_params_trigger_ui.py
[2023-12-03T10:00:11.287+0000] {logging_mixin.py:154} INFO - [2023-12-03T10:00:11.287+0000] {dag.py:2941} INFO - Sync 1 DAGs
[2023-12-03T10:00:11.304+0000] {logging_mixin.py:154} INFO - [2023-12-03T10:00:11.304+0000] {dag.py:3722} INFO - Setting next_dagrun for example_params_trigger_ui to None, run_after=None
[2023-12-03T10:00:11.329+0000] {processor.py:179} INFO - Processing /home/airflow/.local/lib/python3.8/site-packages/airflow/example_dags/example_params_trigger_ui.py took 0.169 seconds
[2023-12-03T10:00:41.381+0000] {processor.py:157} INFO - Started process (PID=2032) to work on /home/airflow/.local/lib/python3.8/site-packages/airflow/example_dags/example_params_trigger_ui.py
[2023-12-03T10:00:41.382+0000] {processor.py:829} INFO - Processing file /home/airflow/.local/lib/python3.8/site-packages/airflow/example_dags/example_params_trigger_ui.py for tasks to queue
[2023-12-03T10:00:41.384+0000] {logging_mixin.py:154} INFO - [2023-12-03T10:00:41.384+0000] {dagbag.py:536} INFO - Filling up the DagBag from /home/airflow/.local/lib/python3.8/site-packages/airflow/example_dags/example_params_trigger_ui.py
[2023-12-03T10:00:41.407+0000] {processor.py:839} INFO - DAG(s) dict_keys(['example_params_trigger_ui']) retrieved from /home/airflow/.local/lib/python3.8/site-packages/airflow/example_dags/example_params_trigger_ui.py
[2023-12-03T10:00:41.462+0000] {logging_mixin.py:154} INFO - [2023-12-03T10:00:41.462+0000] {dag.py:2941} INFO - Sync 1 DAGs
[2023-12-03T10:00:41.477+0000] {logging_mixin.py:154} INFO - [2023-12-03T10:00:41.477+0000] {dag.py:3722} INFO - Setting next_dagrun for example_params_trigger_ui to None, run_after=None
[2023-12-03T10:00:41.498+0000] {processor.py:179} INFO - Processing /home/airflow/.local/lib/python3.8/site-packages/airflow/example_dags/example_params_trigger_ui.py took 0.121 seconds
[2023-12-03T10:01:11.675+0000] {processor.py:157} INFO - Started process (PID=2090) to work on /home/airflow/.local/lib/python3.8/site-packages/airflow/example_dags/example_params_trigger_ui.py
[2023-12-03T10:01:11.676+0000] {processor.py:829} INFO - Processing file /home/airflow/.local/lib/python3.8/site-packages/airflow/example_dags/example_params_trigger_ui.py for tasks to queue
[2023-12-03T10:01:11.679+0000] {logging_mixin.py:154} INFO - [2023-12-03T10:01:11.678+0000] {dagbag.py:536} INFO - Filling up the DagBag from /home/airflow/.local/lib/python3.8/site-packages/airflow/example_dags/example_params_trigger_ui.py
[2023-12-03T10:01:11.696+0000] {processor.py:839} INFO - DAG(s) dict_keys(['example_params_trigger_ui']) retrieved from /home/airflow/.local/lib/python3.8/site-packages/airflow/example_dags/example_params_trigger_ui.py
[2023-12-03T10:01:11.738+0000] {logging_mixin.py:154} INFO - [2023-12-03T10:01:11.737+0000] {dag.py:2941} INFO - Sync 1 DAGs
[2023-12-03T10:01:11.749+0000] {logging_mixin.py:154} INFO - [2023-12-03T10:01:11.749+0000] {dag.py:3722} INFO - Setting next_dagrun for example_params_trigger_ui to None, run_after=None
[2023-12-03T10:01:11.767+0000] {processor.py:179} INFO - Processing /home/airflow/.local/lib/python3.8/site-packages/airflow/example_dags/example_params_trigger_ui.py took 0.095 seconds
[2023-12-03T10:01:41.863+0000] {processor.py:157} INFO - Started process (PID=2148) to work on /home/airflow/.local/lib/python3.8/site-packages/airflow/example_dags/example_params_trigger_ui.py
[2023-12-03T10:01:41.864+0000] {processor.py:829} INFO - Processing file /home/airflow/.local/lib/python3.8/site-packages/airflow/example_dags/example_params_trigger_ui.py for tasks to queue
[2023-12-03T10:01:41.867+0000] {logging_mixin.py:154} INFO - [2023-12-03T10:01:41.867+0000] {dagbag.py:536} INFO - Filling up the DagBag from /home/airflow/.local/lib/python3.8/site-packages/airflow/example_dags/example_params_trigger_ui.py
[2023-12-03T10:01:41.892+0000] {processor.py:839} INFO - DAG(s) dict_keys(['example_params_trigger_ui']) retrieved from /home/airflow/.local/lib/python3.8/site-packages/airflow/example_dags/example_params_trigger_ui.py
[2023-12-03T10:01:41.949+0000] {logging_mixin.py:154} INFO - [2023-12-03T10:01:41.948+0000] {dag.py:2941} INFO - Sync 1 DAGs
[2023-12-03T10:01:41.965+0000] {logging_mixin.py:154} INFO - [2023-12-03T10:01:41.964+0000] {dag.py:3722} INFO - Setting next_dagrun for example_params_trigger_ui to None, run_after=None
[2023-12-03T10:01:41.989+0000] {processor.py:179} INFO - Processing /home/airflow/.local/lib/python3.8/site-packages/airflow/example_dags/example_params_trigger_ui.py took 0.130 seconds
[2023-12-03T10:02:12.954+0000] {processor.py:157} INFO - Started process (PID=2208) to work on /home/airflow/.local/lib/python3.8/site-packages/airflow/example_dags/example_params_trigger_ui.py
[2023-12-03T10:02:12.956+0000] {processor.py:829} INFO - Processing file /home/airflow/.local/lib/python3.8/site-packages/airflow/example_dags/example_params_trigger_ui.py for tasks to queue
[2023-12-03T10:02:12.958+0000] {logging_mixin.py:154} INFO - [2023-12-03T10:02:12.958+0000] {dagbag.py:536} INFO - Filling up the DagBag from /home/airflow/.local/lib/python3.8/site-packages/airflow/example_dags/example_params_trigger_ui.py
[2023-12-03T10:02:12.981+0000] {processor.py:839} INFO - DAG(s) dict_keys(['example_params_trigger_ui']) retrieved from /home/airflow/.local/lib/python3.8/site-packages/airflow/example_dags/example_params_trigger_ui.py
[2023-12-03T10:02:13.037+0000] {logging_mixin.py:154} INFO - [2023-12-03T10:02:13.036+0000] {dag.py:2941} INFO - Sync 1 DAGs
[2023-12-03T10:02:13.051+0000] {logging_mixin.py:154} INFO - [2023-12-03T10:02:13.051+0000] {dag.py:3722} INFO - Setting next_dagrun for example_params_trigger_ui to None, run_after=None
[2023-12-03T10:02:13.074+0000] {processor.py:179} INFO - Processing /home/airflow/.local/lib/python3.8/site-packages/airflow/example_dags/example_params_trigger_ui.py took 0.123 seconds
[2023-12-03T10:02:43.298+0000] {processor.py:157} INFO - Started process (PID=2266) to work on /home/airflow/.local/lib/python3.8/site-packages/airflow/example_dags/example_params_trigger_ui.py
[2023-12-03T10:02:43.299+0000] {processor.py:829} INFO - Processing file /home/airflow/.local/lib/python3.8/site-packages/airflow/example_dags/example_params_trigger_ui.py for tasks to queue
[2023-12-03T10:02:43.301+0000] {logging_mixin.py:154} INFO - [2023-12-03T10:02:43.301+0000] {dagbag.py:536} INFO - Filling up the DagBag from /home/airflow/.local/lib/python3.8/site-packages/airflow/example_dags/example_params_trigger_ui.py
[2023-12-03T10:02:43.318+0000] {processor.py:839} INFO - DAG(s) dict_keys(['example_params_trigger_ui']) retrieved from /home/airflow/.local/lib/python3.8/site-packages/airflow/example_dags/example_params_trigger_ui.py
[2023-12-03T10:02:43.360+0000] {logging_mixin.py:154} INFO - [2023-12-03T10:02:43.360+0000] {dag.py:2941} INFO - Sync 1 DAGs
[2023-12-03T10:02:43.372+0000] {logging_mixin.py:154} INFO - [2023-12-03T10:02:43.372+0000] {dag.py:3722} INFO - Setting next_dagrun for example_params_trigger_ui to None, run_after=None
[2023-12-03T10:02:43.389+0000] {processor.py:179} INFO - Processing /home/airflow/.local/lib/python3.8/site-packages/airflow/example_dags/example_params_trigger_ui.py took 0.094 seconds
[2023-12-03T10:03:13.565+0000] {processor.py:157} INFO - Started process (PID=2324) to work on /home/airflow/.local/lib/python3.8/site-packages/airflow/example_dags/example_params_trigger_ui.py
[2023-12-03T10:03:13.566+0000] {processor.py:829} INFO - Processing file /home/airflow/.local/lib/python3.8/site-packages/airflow/example_dags/example_params_trigger_ui.py for tasks to queue
[2023-12-03T10:03:13.569+0000] {logging_mixin.py:154} INFO - [2023-12-03T10:03:13.569+0000] {dagbag.py:536} INFO - Filling up the DagBag from /home/airflow/.local/lib/python3.8/site-packages/airflow/example_dags/example_params_trigger_ui.py
[2023-12-03T10:03:13.585+0000] {processor.py:839} INFO - DAG(s) dict_keys(['example_params_trigger_ui']) retrieved from /home/airflow/.local/lib/python3.8/site-packages/airflow/example_dags/example_params_trigger_ui.py
[2023-12-03T10:03:13.629+0000] {logging_mixin.py:154} INFO - [2023-12-03T10:03:13.629+0000] {dag.py:2941} INFO - Sync 1 DAGs
[2023-12-03T10:03:13.641+0000] {logging_mixin.py:154} INFO - [2023-12-03T10:03:13.641+0000] {dag.py:3722} INFO - Setting next_dagrun for example_params_trigger_ui to None, run_after=None
[2023-12-03T10:03:13.658+0000] {processor.py:179} INFO - Processing /home/airflow/.local/lib/python3.8/site-packages/airflow/example_dags/example_params_trigger_ui.py took 0.096 seconds
[2023-12-03T10:03:43.948+0000] {processor.py:157} INFO - Started process (PID=2382) to work on /home/airflow/.local/lib/python3.8/site-packages/airflow/example_dags/example_params_trigger_ui.py
[2023-12-03T10:03:43.949+0000] {processor.py:829} INFO - Processing file /home/airflow/.local/lib/python3.8/site-packages/airflow/example_dags/example_params_trigger_ui.py for tasks to queue
[2023-12-03T10:03:43.952+0000] {logging_mixin.py:154} INFO - [2023-12-03T10:03:43.952+0000] {dagbag.py:536} INFO - Filling up the DagBag from /home/airflow/.local/lib/python3.8/site-packages/airflow/example_dags/example_params_trigger_ui.py
[2023-12-03T10:03:43.971+0000] {processor.py:839} INFO - DAG(s) dict_keys(['example_params_trigger_ui']) retrieved from /home/airflow/.local/lib/python3.8/site-packages/airflow/example_dags/example_params_trigger_ui.py
[2023-12-03T10:03:44.014+0000] {logging_mixin.py:154} INFO - [2023-12-03T10:03:44.013+0000] {dag.py:2941} INFO - Sync 1 DAGs
[2023-12-03T10:03:44.025+0000] {logging_mixin.py:154} INFO - [2023-12-03T10:03:44.025+0000] {dag.py:3722} INFO - Setting next_dagrun for example_params_trigger_ui to None, run_after=None
[2023-12-03T10:03:44.043+0000] {processor.py:179} INFO - Processing /home/airflow/.local/lib/python3.8/site-packages/airflow/example_dags/example_params_trigger_ui.py took 0.098 seconds
[2023-12-03T10:04:14.687+0000] {processor.py:157} INFO - Started process (PID=2440) to work on /home/airflow/.local/lib/python3.8/site-packages/airflow/example_dags/example_params_trigger_ui.py
[2023-12-03T10:04:14.688+0000] {processor.py:829} INFO - Processing file /home/airflow/.local/lib/python3.8/site-packages/airflow/example_dags/example_params_trigger_ui.py for tasks to queue
[2023-12-03T10:04:14.691+0000] {logging_mixin.py:154} INFO - [2023-12-03T10:04:14.691+0000] {dagbag.py:536} INFO - Filling up the DagBag from /home/airflow/.local/lib/python3.8/site-packages/airflow/example_dags/example_params_trigger_ui.py
[2023-12-03T10:04:14.708+0000] {processor.py:839} INFO - DAG(s) dict_keys(['example_params_trigger_ui']) retrieved from /home/airflow/.local/lib/python3.8/site-packages/airflow/example_dags/example_params_trigger_ui.py
[2023-12-03T10:04:14.753+0000] {logging_mixin.py:154} INFO - [2023-12-03T10:04:14.753+0000] {dag.py:2941} INFO - Sync 1 DAGs
[2023-12-03T10:04:14.766+0000] {logging_mixin.py:154} INFO - [2023-12-03T10:04:14.765+0000] {dag.py:3722} INFO - Setting next_dagrun for example_params_trigger_ui to None, run_after=None
[2023-12-03T10:04:14.783+0000] {processor.py:179} INFO - Processing /home/airflow/.local/lib/python3.8/site-packages/airflow/example_dags/example_params_trigger_ui.py took 0.099 seconds
[2023-12-03T10:04:45.286+0000] {processor.py:157} INFO - Started process (PID=2498) to work on /home/airflow/.local/lib/python3.8/site-packages/airflow/example_dags/example_params_trigger_ui.py
[2023-12-03T10:04:45.288+0000] {processor.py:829} INFO - Processing file /home/airflow/.local/lib/python3.8/site-packages/airflow/example_dags/example_params_trigger_ui.py for tasks to queue
[2023-12-03T10:04:45.290+0000] {logging_mixin.py:154} INFO - [2023-12-03T10:04:45.290+0000] {dagbag.py:536} INFO - Filling up the DagBag from /home/airflow/.local/lib/python3.8/site-packages/airflow/example_dags/example_params_trigger_ui.py
[2023-12-03T10:04:45.306+0000] {processor.py:839} INFO - DAG(s) dict_keys(['example_params_trigger_ui']) retrieved from /home/airflow/.local/lib/python3.8/site-packages/airflow/example_dags/example_params_trigger_ui.py
[2023-12-03T10:04:45.348+0000] {logging_mixin.py:154} INFO - [2023-12-03T10:04:45.348+0000] {dag.py:2941} INFO - Sync 1 DAGs
[2023-12-03T10:04:45.361+0000] {logging_mixin.py:154} INFO - [2023-12-03T10:04:45.361+0000] {dag.py:3722} INFO - Setting next_dagrun for example_params_trigger_ui to None, run_after=None
[2023-12-03T10:04:45.379+0000] {processor.py:179} INFO - Processing /home/airflow/.local/lib/python3.8/site-packages/airflow/example_dags/example_params_trigger_ui.py took 0.096 seconds
[2023-12-03T10:05:15.444+0000] {processor.py:157} INFO - Started process (PID=2556) to work on /home/airflow/.local/lib/python3.8/site-packages/airflow/example_dags/example_params_trigger_ui.py
[2023-12-03T10:05:15.445+0000] {processor.py:829} INFO - Processing file /home/airflow/.local/lib/python3.8/site-packages/airflow/example_dags/example_params_trigger_ui.py for tasks to queue
[2023-12-03T10:05:15.448+0000] {logging_mixin.py:154} INFO - [2023-12-03T10:05:15.447+0000] {dagbag.py:536} INFO - Filling up the DagBag from /home/airflow/.local/lib/python3.8/site-packages/airflow/example_dags/example_params_trigger_ui.py
[2023-12-03T10:05:15.464+0000] {processor.py:839} INFO - DAG(s) dict_keys(['example_params_trigger_ui']) retrieved from /home/airflow/.local/lib/python3.8/site-packages/airflow/example_dags/example_params_trigger_ui.py
[2023-12-03T10:05:15.505+0000] {logging_mixin.py:154} INFO - [2023-12-03T10:05:15.505+0000] {dag.py:2941} INFO - Sync 1 DAGs
[2023-12-03T10:05:15.517+0000] {logging_mixin.py:154} INFO - [2023-12-03T10:05:15.517+0000] {dag.py:3722} INFO - Setting next_dagrun for example_params_trigger_ui to None, run_after=None
[2023-12-03T10:05:15.536+0000] {processor.py:179} INFO - Processing /home/airflow/.local/lib/python3.8/site-packages/airflow/example_dags/example_params_trigger_ui.py took 0.096 seconds
[2023-12-03T10:05:45.617+0000] {processor.py:157} INFO - Started process (PID=2613) to work on /home/airflow/.local/lib/python3.8/site-packages/airflow/example_dags/example_params_trigger_ui.py
[2023-12-03T10:05:45.618+0000] {processor.py:829} INFO - Processing file /home/airflow/.local/lib/python3.8/site-packages/airflow/example_dags/example_params_trigger_ui.py for tasks to queue
[2023-12-03T10:05:45.621+0000] {logging_mixin.py:154} INFO - [2023-12-03T10:05:45.621+0000] {dagbag.py:536} INFO - Filling up the DagBag from /home/airflow/.local/lib/python3.8/site-packages/airflow/example_dags/example_params_trigger_ui.py
[2023-12-03T10:05:45.639+0000] {processor.py:839} INFO - DAG(s) dict_keys(['example_params_trigger_ui']) retrieved from /home/airflow/.local/lib/python3.8/site-packages/airflow/example_dags/example_params_trigger_ui.py
[2023-12-03T10:05:45.684+0000] {logging_mixin.py:154} INFO - [2023-12-03T10:05:45.684+0000] {dag.py:2941} INFO - Sync 1 DAGs
[2023-12-03T10:05:45.697+0000] {logging_mixin.py:154} INFO - [2023-12-03T10:05:45.697+0000] {dag.py:3722} INFO - Setting next_dagrun for example_params_trigger_ui to None, run_after=None
[2023-12-03T10:05:45.716+0000] {processor.py:179} INFO - Processing /home/airflow/.local/lib/python3.8/site-packages/airflow/example_dags/example_params_trigger_ui.py took 0.102 seconds
[2023-12-03T10:06:15.876+0000] {processor.py:157} INFO - Started process (PID=2671) to work on /home/airflow/.local/lib/python3.8/site-packages/airflow/example_dags/example_params_trigger_ui.py
[2023-12-03T10:06:15.877+0000] {processor.py:829} INFO - Processing file /home/airflow/.local/lib/python3.8/site-packages/airflow/example_dags/example_params_trigger_ui.py for tasks to queue
[2023-12-03T10:06:15.879+0000] {logging_mixin.py:154} INFO - [2023-12-03T10:06:15.879+0000] {dagbag.py:536} INFO - Filling up the DagBag from /home/airflow/.local/lib/python3.8/site-packages/airflow/example_dags/example_params_trigger_ui.py
[2023-12-03T10:06:15.896+0000] {processor.py:839} INFO - DAG(s) dict_keys(['example_params_trigger_ui']) retrieved from /home/airflow/.local/lib/python3.8/site-packages/airflow/example_dags/example_params_trigger_ui.py
[2023-12-03T10:06:15.939+0000] {logging_mixin.py:154} INFO - [2023-12-03T10:06:15.939+0000] {dag.py:2941} INFO - Sync 1 DAGs
[2023-12-03T10:06:15.952+0000] {logging_mixin.py:154} INFO - [2023-12-03T10:06:15.952+0000] {dag.py:3722} INFO - Setting next_dagrun for example_params_trigger_ui to None, run_after=None
[2023-12-03T10:06:15.971+0000] {processor.py:179} INFO - Processing /home/airflow/.local/lib/python3.8/site-packages/airflow/example_dags/example_params_trigger_ui.py took 0.098 seconds
[2023-12-03T10:06:46.259+0000] {processor.py:157} INFO - Started process (PID=2729) to work on /home/airflow/.local/lib/python3.8/site-packages/airflow/example_dags/example_params_trigger_ui.py
[2023-12-03T10:06:46.260+0000] {processor.py:829} INFO - Processing file /home/airflow/.local/lib/python3.8/site-packages/airflow/example_dags/example_params_trigger_ui.py for tasks to queue
[2023-12-03T10:06:46.263+0000] {logging_mixin.py:154} INFO - [2023-12-03T10:06:46.262+0000] {dagbag.py:536} INFO - Filling up the DagBag from /home/airflow/.local/lib/python3.8/site-packages/airflow/example_dags/example_params_trigger_ui.py
[2023-12-03T10:06:46.280+0000] {processor.py:839} INFO - DAG(s) dict_keys(['example_params_trigger_ui']) retrieved from /home/airflow/.local/lib/python3.8/site-packages/airflow/example_dags/example_params_trigger_ui.py
[2023-12-03T10:06:46.322+0000] {logging_mixin.py:154} INFO - [2023-12-03T10:06:46.322+0000] {dag.py:2941} INFO - Sync 1 DAGs
[2023-12-03T10:06:46.335+0000] {logging_mixin.py:154} INFO - [2023-12-03T10:06:46.335+0000] {dag.py:3722} INFO - Setting next_dagrun for example_params_trigger_ui to None, run_after=None
[2023-12-03T10:06:46.353+0000] {processor.py:179} INFO - Processing /home/airflow/.local/lib/python3.8/site-packages/airflow/example_dags/example_params_trigger_ui.py took 0.097 seconds
[2023-12-03T10:07:16.418+0000] {processor.py:157} INFO - Started process (PID=2787) to work on /home/airflow/.local/lib/python3.8/site-packages/airflow/example_dags/example_params_trigger_ui.py
[2023-12-03T10:07:16.420+0000] {processor.py:829} INFO - Processing file /home/airflow/.local/lib/python3.8/site-packages/airflow/example_dags/example_params_trigger_ui.py for tasks to queue
[2023-12-03T10:07:16.422+0000] {logging_mixin.py:154} INFO - [2023-12-03T10:07:16.422+0000] {dagbag.py:536} INFO - Filling up the DagBag from /home/airflow/.local/lib/python3.8/site-packages/airflow/example_dags/example_params_trigger_ui.py
[2023-12-03T10:07:16.439+0000] {processor.py:839} INFO - DAG(s) dict_keys(['example_params_trigger_ui']) retrieved from /home/airflow/.local/lib/python3.8/site-packages/airflow/example_dags/example_params_trigger_ui.py
[2023-12-03T10:07:16.482+0000] {logging_mixin.py:154} INFO - [2023-12-03T10:07:16.482+0000] {dag.py:2941} INFO - Sync 1 DAGs
[2023-12-03T10:07:16.494+0000] {logging_mixin.py:154} INFO - [2023-12-03T10:07:16.493+0000] {dag.py:3722} INFO - Setting next_dagrun for example_params_trigger_ui to None, run_after=None
[2023-12-03T10:07:16.512+0000] {processor.py:179} INFO - Processing /home/airflow/.local/lib/python3.8/site-packages/airflow/example_dags/example_params_trigger_ui.py took 0.097 seconds
[2023-12-03T10:07:46.840+0000] {processor.py:157} INFO - Started process (PID=2845) to work on /home/airflow/.local/lib/python3.8/site-packages/airflow/example_dags/example_params_trigger_ui.py
[2023-12-03T10:07:46.841+0000] {processor.py:829} INFO - Processing file /home/airflow/.local/lib/python3.8/site-packages/airflow/example_dags/example_params_trigger_ui.py for tasks to queue
[2023-12-03T10:07:46.844+0000] {logging_mixin.py:154} INFO - [2023-12-03T10:07:46.844+0000] {dagbag.py:536} INFO - Filling up the DagBag from /home/airflow/.local/lib/python3.8/site-packages/airflow/example_dags/example_params_trigger_ui.py
[2023-12-03T10:07:46.857+0000] {processor.py:839} INFO - DAG(s) dict_keys(['example_params_trigger_ui']) retrieved from /home/airflow/.local/lib/python3.8/site-packages/airflow/example_dags/example_params_trigger_ui.py
[2023-12-03T10:07:46.888+0000] {logging_mixin.py:154} INFO - [2023-12-03T10:07:46.888+0000] {dag.py:2941} INFO - Sync 1 DAGs
[2023-12-03T10:07:46.897+0000] {logging_mixin.py:154} INFO - [2023-12-03T10:07:46.897+0000] {dag.py:3722} INFO - Setting next_dagrun for example_params_trigger_ui to None, run_after=None
[2023-12-03T10:07:46.910+0000] {processor.py:179} INFO - Processing /home/airflow/.local/lib/python3.8/site-packages/airflow/example_dags/example_params_trigger_ui.py took 0.074 seconds
[2023-12-03T11:28:19.625+0000] {processor.py:157} INFO - Started process (PID=2901) to work on /home/airflow/.local/lib/python3.8/site-packages/airflow/example_dags/example_params_trigger_ui.py
[2023-12-03T11:28:19.627+0000] {processor.py:829} INFO - Processing file /home/airflow/.local/lib/python3.8/site-packages/airflow/example_dags/example_params_trigger_ui.py for tasks to queue
[2023-12-03T11:28:19.629+0000] {logging_mixin.py:154} INFO - [2023-12-03T11:28:19.629+0000] {dagbag.py:536} INFO - Filling up the DagBag from /home/airflow/.local/lib/python3.8/site-packages/airflow/example_dags/example_params_trigger_ui.py
[2023-12-03T11:28:19.650+0000] {processor.py:839} INFO - DAG(s) dict_keys(['example_params_trigger_ui']) retrieved from /home/airflow/.local/lib/python3.8/site-packages/airflow/example_dags/example_params_trigger_ui.py
[2023-12-03T11:28:19.732+0000] {logging_mixin.py:154} INFO - [2023-12-03T11:28:19.732+0000] {dag.py:2941} INFO - Sync 1 DAGs
[2023-12-03T11:28:19.742+0000] {logging_mixin.py:154} INFO - [2023-12-03T11:28:19.741+0000] {dag.py:3722} INFO - Setting next_dagrun for example_params_trigger_ui to None, run_after=None
[2023-12-03T11:28:19.757+0000] {processor.py:179} INFO - Processing /home/airflow/.local/lib/python3.8/site-packages/airflow/example_dags/example_params_trigger_ui.py took 0.136 seconds
[2023-12-03T12:09:29.177+0000] {processor.py:157} INFO - Started process (PID=2958) to work on /home/airflow/.local/lib/python3.8/site-packages/airflow/example_dags/example_params_trigger_ui.py
[2023-12-03T12:09:29.178+0000] {processor.py:829} INFO - Processing file /home/airflow/.local/lib/python3.8/site-packages/airflow/example_dags/example_params_trigger_ui.py for tasks to queue
[2023-12-03T12:09:29.181+0000] {logging_mixin.py:154} INFO - [2023-12-03T12:09:29.181+0000] {dagbag.py:536} INFO - Filling up the DagBag from /home/airflow/.local/lib/python3.8/site-packages/airflow/example_dags/example_params_trigger_ui.py
[2023-12-03T12:09:29.196+0000] {processor.py:839} INFO - DAG(s) dict_keys(['example_params_trigger_ui']) retrieved from /home/airflow/.local/lib/python3.8/site-packages/airflow/example_dags/example_params_trigger_ui.py
[2023-12-03T12:09:29.233+0000] {logging_mixin.py:154} INFO - [2023-12-03T12:09:29.233+0000] {dag.py:2941} INFO - Sync 1 DAGs
[2023-12-03T12:09:29.243+0000] {logging_mixin.py:154} INFO - [2023-12-03T12:09:29.243+0000] {dag.py:3722} INFO - Setting next_dagrun for example_params_trigger_ui to None, run_after=None
[2023-12-03T12:09:29.256+0000] {processor.py:179} INFO - Processing /home/airflow/.local/lib/python3.8/site-packages/airflow/example_dags/example_params_trigger_ui.py took 0.082 seconds
[2023-12-03T12:27:31.117+0000] {processor.py:157} INFO - Started process (PID=3016) to work on /home/airflow/.local/lib/python3.8/site-packages/airflow/example_dags/example_params_trigger_ui.py
[2023-12-03T12:27:31.118+0000] {processor.py:829} INFO - Processing file /home/airflow/.local/lib/python3.8/site-packages/airflow/example_dags/example_params_trigger_ui.py for tasks to queue
[2023-12-03T12:27:31.120+0000] {logging_mixin.py:154} INFO - [2023-12-03T12:27:31.120+0000] {dagbag.py:536} INFO - Filling up the DagBag from /home/airflow/.local/lib/python3.8/site-packages/airflow/example_dags/example_params_trigger_ui.py
[2023-12-03T12:27:31.134+0000] {processor.py:839} INFO - DAG(s) dict_keys(['example_params_trigger_ui']) retrieved from /home/airflow/.local/lib/python3.8/site-packages/airflow/example_dags/example_params_trigger_ui.py
[2023-12-03T12:27:31.168+0000] {logging_mixin.py:154} INFO - [2023-12-03T12:27:31.168+0000] {dag.py:2941} INFO - Sync 1 DAGs
[2023-12-03T12:27:31.178+0000] {logging_mixin.py:154} INFO - [2023-12-03T12:27:31.178+0000] {dag.py:3722} INFO - Setting next_dagrun for example_params_trigger_ui to None, run_after=None
[2023-12-03T12:27:31.193+0000] {processor.py:179} INFO - Processing /home/airflow/.local/lib/python3.8/site-packages/airflow/example_dags/example_params_trigger_ui.py took 0.079 seconds
[2023-12-03T12:44:53.991+0000] {processor.py:157} INFO - Started process (PID=3067) to work on /home/airflow/.local/lib/python3.8/site-packages/airflow/example_dags/example_params_trigger_ui.py
[2023-12-03T12:44:53.998+0000] {processor.py:829} INFO - Processing file /home/airflow/.local/lib/python3.8/site-packages/airflow/example_dags/example_params_trigger_ui.py for tasks to queue
[2023-12-03T12:44:54.002+0000] {logging_mixin.py:154} INFO - [2023-12-03T12:44:54.002+0000] {dagbag.py:536} INFO - Filling up the DagBag from /home/airflow/.local/lib/python3.8/site-packages/airflow/example_dags/example_params_trigger_ui.py
[2023-12-03T12:44:54.060+0000] {processor.py:839} INFO - DAG(s) dict_keys(['example_params_trigger_ui']) retrieved from /home/airflow/.local/lib/python3.8/site-packages/airflow/example_dags/example_params_trigger_ui.py
[2023-12-03T12:44:54.198+0000] {logging_mixin.py:154} INFO - [2023-12-03T12:44:54.194+0000] {dag.py:2941} INFO - Sync 1 DAGs
[2023-12-03T12:44:54.231+0000] {logging_mixin.py:154} INFO - [2023-12-03T12:44:54.231+0000] {dag.py:3722} INFO - Setting next_dagrun for example_params_trigger_ui to None, run_after=None
[2023-12-03T12:44:54.374+0000] {processor.py:179} INFO - Processing /home/airflow/.local/lib/python3.8/site-packages/airflow/example_dags/example_params_trigger_ui.py took 0.398 seconds
[2023-12-03T13:35:10.201+0000] {processor.py:157} INFO - Started process (PID=3125) to work on /home/airflow/.local/lib/python3.8/site-packages/airflow/example_dags/example_params_trigger_ui.py
[2023-12-03T13:35:10.202+0000] {processor.py:829} INFO - Processing file /home/airflow/.local/lib/python3.8/site-packages/airflow/example_dags/example_params_trigger_ui.py for tasks to queue
[2023-12-03T13:35:10.205+0000] {logging_mixin.py:154} INFO - [2023-12-03T13:35:10.204+0000] {dagbag.py:536} INFO - Filling up the DagBag from /home/airflow/.local/lib/python3.8/site-packages/airflow/example_dags/example_params_trigger_ui.py
[2023-12-03T13:35:10.219+0000] {processor.py:839} INFO - DAG(s) dict_keys(['example_params_trigger_ui']) retrieved from /home/airflow/.local/lib/python3.8/site-packages/airflow/example_dags/example_params_trigger_ui.py
[2023-12-03T13:35:10.253+0000] {logging_mixin.py:154} INFO - [2023-12-03T13:35:10.253+0000] {dag.py:2941} INFO - Sync 1 DAGs
[2023-12-03T13:35:10.264+0000] {logging_mixin.py:154} INFO - [2023-12-03T13:35:10.264+0000] {dag.py:3722} INFO - Setting next_dagrun for example_params_trigger_ui to None, run_after=None
[2023-12-03T13:35:10.278+0000] {processor.py:179} INFO - Processing /home/airflow/.local/lib/python3.8/site-packages/airflow/example_dags/example_params_trigger_ui.py took 0.081 seconds
[2023-12-03T14:27:23.566+0000] {processor.py:157} INFO - Started process (PID=3183) to work on /home/airflow/.local/lib/python3.8/site-packages/airflow/example_dags/example_params_trigger_ui.py
[2023-12-03T14:27:23.568+0000] {processor.py:829} INFO - Processing file /home/airflow/.local/lib/python3.8/site-packages/airflow/example_dags/example_params_trigger_ui.py for tasks to queue
[2023-12-03T14:27:23.570+0000] {logging_mixin.py:154} INFO - [2023-12-03T14:27:23.569+0000] {dagbag.py:536} INFO - Filling up the DagBag from /home/airflow/.local/lib/python3.8/site-packages/airflow/example_dags/example_params_trigger_ui.py
[2023-12-03T14:27:23.645+0000] {processor.py:839} INFO - DAG(s) dict_keys(['example_params_trigger_ui']) retrieved from /home/airflow/.local/lib/python3.8/site-packages/airflow/example_dags/example_params_trigger_ui.py
[2023-12-03T14:27:23.710+0000] {logging_mixin.py:154} INFO - [2023-12-03T14:27:23.709+0000] {dag.py:2941} INFO - Sync 1 DAGs
[2023-12-03T14:27:23.736+0000] {logging_mixin.py:154} INFO - [2023-12-03T14:27:23.735+0000] {dag.py:3722} INFO - Setting next_dagrun for example_params_trigger_ui to None, run_after=None
[2023-12-03T14:27:23.769+0000] {processor.py:179} INFO - Processing /home/airflow/.local/lib/python3.8/site-packages/airflow/example_dags/example_params_trigger_ui.py took 0.207 seconds
[2023-12-03T15:18:32.670+0000] {processor.py:157} INFO - Started process (PID=3241) to work on /home/airflow/.local/lib/python3.8/site-packages/airflow/example_dags/example_params_trigger_ui.py
[2023-12-03T15:18:32.671+0000] {processor.py:829} INFO - Processing file /home/airflow/.local/lib/python3.8/site-packages/airflow/example_dags/example_params_trigger_ui.py for tasks to queue
[2023-12-03T15:18:32.673+0000] {logging_mixin.py:154} INFO - [2023-12-03T15:18:32.673+0000] {dagbag.py:536} INFO - Filling up the DagBag from /home/airflow/.local/lib/python3.8/site-packages/airflow/example_dags/example_params_trigger_ui.py
[2023-12-03T15:18:32.686+0000] {processor.py:839} INFO - DAG(s) dict_keys(['example_params_trigger_ui']) retrieved from /home/airflow/.local/lib/python3.8/site-packages/airflow/example_dags/example_params_trigger_ui.py
[2023-12-03T15:18:32.715+0000] {logging_mixin.py:154} INFO - [2023-12-03T15:18:32.714+0000] {dag.py:2941} INFO - Sync 1 DAGs
[2023-12-03T15:18:32.722+0000] {logging_mixin.py:154} INFO - [2023-12-03T15:18:32.722+0000] {dag.py:3722} INFO - Setting next_dagrun for example_params_trigger_ui to None, run_after=None
[2023-12-03T15:18:32.733+0000] {processor.py:179} INFO - Processing /home/airflow/.local/lib/python3.8/site-packages/airflow/example_dags/example_params_trigger_ui.py took 0.065 seconds
[2023-12-03T16:07:32.667+0000] {processor.py:157} INFO - Started process (PID=3306) to work on /home/airflow/.local/lib/python3.8/site-packages/airflow/example_dags/example_params_trigger_ui.py
[2023-12-03T16:07:32.668+0000] {processor.py:829} INFO - Processing file /home/airflow/.local/lib/python3.8/site-packages/airflow/example_dags/example_params_trigger_ui.py for tasks to queue
[2023-12-03T16:07:32.670+0000] {logging_mixin.py:154} INFO - [2023-12-03T16:07:32.670+0000] {dagbag.py:536} INFO - Filling up the DagBag from /home/airflow/.local/lib/python3.8/site-packages/airflow/example_dags/example_params_trigger_ui.py
[2023-12-03T16:07:32.684+0000] {processor.py:839} INFO - DAG(s) dict_keys(['example_params_trigger_ui']) retrieved from /home/airflow/.local/lib/python3.8/site-packages/airflow/example_dags/example_params_trigger_ui.py
[2023-12-03T16:07:32.725+0000] {logging_mixin.py:154} INFO - [2023-12-03T16:07:32.725+0000] {dag.py:2941} INFO - Sync 1 DAGs
[2023-12-03T16:07:32.737+0000] {logging_mixin.py:154} INFO - [2023-12-03T16:07:32.736+0000] {dag.py:3722} INFO - Setting next_dagrun for example_params_trigger_ui to None, run_after=None
[2023-12-03T16:07:32.750+0000] {processor.py:179} INFO - Processing /home/airflow/.local/lib/python3.8/site-packages/airflow/example_dags/example_params_trigger_ui.py took 0.087 seconds
[2023-12-03T16:58:03.784+0000] {processor.py:157} INFO - Started process (PID=3357) to work on /home/airflow/.local/lib/python3.8/site-packages/airflow/example_dags/example_params_trigger_ui.py
[2023-12-03T16:58:03.785+0000] {processor.py:829} INFO - Processing file /home/airflow/.local/lib/python3.8/site-packages/airflow/example_dags/example_params_trigger_ui.py for tasks to queue
[2023-12-03T16:58:03.788+0000] {logging_mixin.py:154} INFO - [2023-12-03T16:58:03.787+0000] {dagbag.py:536} INFO - Filling up the DagBag from /home/airflow/.local/lib/python3.8/site-packages/airflow/example_dags/example_params_trigger_ui.py
[2023-12-03T16:58:03.802+0000] {processor.py:839} INFO - DAG(s) dict_keys(['example_params_trigger_ui']) retrieved from /home/airflow/.local/lib/python3.8/site-packages/airflow/example_dags/example_params_trigger_ui.py
[2023-12-03T16:58:03.833+0000] {logging_mixin.py:154} INFO - [2023-12-03T16:58:03.833+0000] {dag.py:2941} INFO - Sync 1 DAGs
[2023-12-03T16:58:03.843+0000] {logging_mixin.py:154} INFO - [2023-12-03T16:58:03.843+0000] {dag.py:3722} INFO - Setting next_dagrun for example_params_trigger_ui to None, run_after=None
[2023-12-03T16:58:03.858+0000] {processor.py:179} INFO - Processing /home/airflow/.local/lib/python3.8/site-packages/airflow/example_dags/example_params_trigger_ui.py took 0.078 seconds
[2023-12-03T17:46:21.776+0000] {processor.py:157} INFO - Started process (PID=3415) to work on /home/airflow/.local/lib/python3.8/site-packages/airflow/example_dags/example_params_trigger_ui.py
[2023-12-03T17:46:21.777+0000] {processor.py:829} INFO - Processing file /home/airflow/.local/lib/python3.8/site-packages/airflow/example_dags/example_params_trigger_ui.py for tasks to queue
[2023-12-03T17:46:21.780+0000] {logging_mixin.py:154} INFO - [2023-12-03T17:46:21.779+0000] {dagbag.py:536} INFO - Filling up the DagBag from /home/airflow/.local/lib/python3.8/site-packages/airflow/example_dags/example_params_trigger_ui.py
[2023-12-03T17:46:21.792+0000] {processor.py:839} INFO - DAG(s) dict_keys(['example_params_trigger_ui']) retrieved from /home/airflow/.local/lib/python3.8/site-packages/airflow/example_dags/example_params_trigger_ui.py
[2023-12-03T17:46:21.822+0000] {logging_mixin.py:154} INFO - [2023-12-03T17:46:21.822+0000] {dag.py:2941} INFO - Sync 1 DAGs
[2023-12-03T17:46:21.830+0000] {logging_mixin.py:154} INFO - [2023-12-03T17:46:21.830+0000] {dag.py:3722} INFO - Setting next_dagrun for example_params_trigger_ui to None, run_after=None
[2023-12-03T17:46:21.841+0000] {processor.py:179} INFO - Processing /home/airflow/.local/lib/python3.8/site-packages/airflow/example_dags/example_params_trigger_ui.py took 0.067 seconds
[2023-12-03T18:33:41.642+0000] {processor.py:157} INFO - Started process (PID=3473) to work on /home/airflow/.local/lib/python3.8/site-packages/airflow/example_dags/example_params_trigger_ui.py
[2023-12-03T18:33:41.643+0000] {processor.py:829} INFO - Processing file /home/airflow/.local/lib/python3.8/site-packages/airflow/example_dags/example_params_trigger_ui.py for tasks to queue
[2023-12-03T18:33:41.645+0000] {logging_mixin.py:154} INFO - [2023-12-03T18:33:41.645+0000] {dagbag.py:536} INFO - Filling up the DagBag from /home/airflow/.local/lib/python3.8/site-packages/airflow/example_dags/example_params_trigger_ui.py
[2023-12-03T18:33:41.659+0000] {processor.py:839} INFO - DAG(s) dict_keys(['example_params_trigger_ui']) retrieved from /home/airflow/.local/lib/python3.8/site-packages/airflow/example_dags/example_params_trigger_ui.py
[2023-12-03T18:33:41.692+0000] {logging_mixin.py:154} INFO - [2023-12-03T18:33:41.692+0000] {dag.py:2941} INFO - Sync 1 DAGs
[2023-12-03T18:33:41.705+0000] {logging_mixin.py:154} INFO - [2023-12-03T18:33:41.704+0000] {dag.py:3722} INFO - Setting next_dagrun for example_params_trigger_ui to None, run_after=None
[2023-12-03T18:33:41.719+0000] {processor.py:179} INFO - Processing /home/airflow/.local/lib/python3.8/site-packages/airflow/example_dags/example_params_trigger_ui.py took 0.081 seconds
[2023-12-03T19:06:25.943+0000] {processor.py:157} INFO - Started process (PID=3531) to work on /home/airflow/.local/lib/python3.8/site-packages/airflow/example_dags/example_params_trigger_ui.py
[2023-12-03T19:06:25.944+0000] {processor.py:829} INFO - Processing file /home/airflow/.local/lib/python3.8/site-packages/airflow/example_dags/example_params_trigger_ui.py for tasks to queue
[2023-12-03T19:06:25.946+0000] {logging_mixin.py:154} INFO - [2023-12-03T19:06:25.945+0000] {dagbag.py:536} INFO - Filling up the DagBag from /home/airflow/.local/lib/python3.8/site-packages/airflow/example_dags/example_params_trigger_ui.py
[2023-12-03T19:06:25.958+0000] {processor.py:839} INFO - DAG(s) dict_keys(['example_params_trigger_ui']) retrieved from /home/airflow/.local/lib/python3.8/site-packages/airflow/example_dags/example_params_trigger_ui.py
[2023-12-03T19:06:25.986+0000] {logging_mixin.py:154} INFO - [2023-12-03T19:06:25.985+0000] {dag.py:2941} INFO - Sync 1 DAGs
[2023-12-03T19:06:25.994+0000] {logging_mixin.py:154} INFO - [2023-12-03T19:06:25.994+0000] {dag.py:3722} INFO - Setting next_dagrun for example_params_trigger_ui to None, run_after=None
[2023-12-03T19:06:26.004+0000] {processor.py:179} INFO - Processing /home/airflow/.local/lib/python3.8/site-packages/airflow/example_dags/example_params_trigger_ui.py took 0.065 seconds
[2023-12-03T19:22:01.359+0000] {processor.py:157} INFO - Started process (PID=3589) to work on /home/airflow/.local/lib/python3.8/site-packages/airflow/example_dags/example_params_trigger_ui.py
[2023-12-03T19:22:01.361+0000] {processor.py:829} INFO - Processing file /home/airflow/.local/lib/python3.8/site-packages/airflow/example_dags/example_params_trigger_ui.py for tasks to queue
[2023-12-03T19:22:01.364+0000] {logging_mixin.py:154} INFO - [2023-12-03T19:22:01.363+0000] {dagbag.py:536} INFO - Filling up the DagBag from /home/airflow/.local/lib/python3.8/site-packages/airflow/example_dags/example_params_trigger_ui.py
[2023-12-03T19:22:01.379+0000] {processor.py:839} INFO - DAG(s) dict_keys(['example_params_trigger_ui']) retrieved from /home/airflow/.local/lib/python3.8/site-packages/airflow/example_dags/example_params_trigger_ui.py
[2023-12-03T19:22:01.415+0000] {logging_mixin.py:154} INFO - [2023-12-03T19:22:01.415+0000] {dag.py:2941} INFO - Sync 1 DAGs
[2023-12-03T19:22:01.424+0000] {logging_mixin.py:154} INFO - [2023-12-03T19:22:01.424+0000] {dag.py:3722} INFO - Setting next_dagrun for example_params_trigger_ui to None, run_after=None
[2023-12-03T19:22:01.439+0000] {processor.py:179} INFO - Processing /home/airflow/.local/lib/python3.8/site-packages/airflow/example_dags/example_params_trigger_ui.py took 0.083 seconds
[2023-12-03T20:11:32.872+0000] {processor.py:157} INFO - Started process (PID=3646) to work on /home/airflow/.local/lib/python3.8/site-packages/airflow/example_dags/example_params_trigger_ui.py
[2023-12-03T20:11:32.874+0000] {processor.py:829} INFO - Processing file /home/airflow/.local/lib/python3.8/site-packages/airflow/example_dags/example_params_trigger_ui.py for tasks to queue
[2023-12-03T20:11:32.876+0000] {logging_mixin.py:154} INFO - [2023-12-03T20:11:32.876+0000] {dagbag.py:536} INFO - Filling up the DagBag from /home/airflow/.local/lib/python3.8/site-packages/airflow/example_dags/example_params_trigger_ui.py
[2023-12-03T20:11:32.891+0000] {processor.py:839} INFO - DAG(s) dict_keys(['example_params_trigger_ui']) retrieved from /home/airflow/.local/lib/python3.8/site-packages/airflow/example_dags/example_params_trigger_ui.py
[2023-12-03T20:11:32.929+0000] {logging_mixin.py:154} INFO - [2023-12-03T20:11:32.929+0000] {dag.py:2941} INFO - Sync 1 DAGs
[2023-12-03T20:11:32.939+0000] {logging_mixin.py:154} INFO - [2023-12-03T20:11:32.939+0000] {dag.py:3722} INFO - Setting next_dagrun for example_params_trigger_ui to None, run_after=None
[2023-12-03T20:11:32.953+0000] {processor.py:179} INFO - Processing /home/airflow/.local/lib/python3.8/site-packages/airflow/example_dags/example_params_trigger_ui.py took 0.085 seconds
[2023-12-03T21:36:33.057+0000] {processor.py:157} INFO - Started process (PID=3704) to work on /home/airflow/.local/lib/python3.8/site-packages/airflow/example_dags/example_params_trigger_ui.py
[2023-12-03T21:36:33.058+0000] {processor.py:829} INFO - Processing file /home/airflow/.local/lib/python3.8/site-packages/airflow/example_dags/example_params_trigger_ui.py for tasks to queue
[2023-12-03T21:36:33.060+0000] {logging_mixin.py:154} INFO - [2023-12-03T21:36:33.060+0000] {dagbag.py:536} INFO - Filling up the DagBag from /home/airflow/.local/lib/python3.8/site-packages/airflow/example_dags/example_params_trigger_ui.py
[2023-12-03T21:36:33.075+0000] {processor.py:839} INFO - DAG(s) dict_keys(['example_params_trigger_ui']) retrieved from /home/airflow/.local/lib/python3.8/site-packages/airflow/example_dags/example_params_trigger_ui.py
[2023-12-03T21:36:33.109+0000] {logging_mixin.py:154} INFO - [2023-12-03T21:36:33.108+0000] {dag.py:2941} INFO - Sync 1 DAGs
[2023-12-03T21:36:33.120+0000] {logging_mixin.py:154} INFO - [2023-12-03T21:36:33.119+0000] {dag.py:3722} INFO - Setting next_dagrun for example_params_trigger_ui to None, run_after=None
[2023-12-03T21:36:33.134+0000] {processor.py:179} INFO - Processing /home/airflow/.local/lib/python3.8/site-packages/airflow/example_dags/example_params_trigger_ui.py took 0.080 seconds
[2023-12-03T22:57:30.877+0000] {processor.py:157} INFO - Started process (PID=3762) to work on /home/airflow/.local/lib/python3.8/site-packages/airflow/example_dags/example_params_trigger_ui.py
[2023-12-03T22:57:30.879+0000] {processor.py:829} INFO - Processing file /home/airflow/.local/lib/python3.8/site-packages/airflow/example_dags/example_params_trigger_ui.py for tasks to queue
[2023-12-03T22:57:30.881+0000] {logging_mixin.py:154} INFO - [2023-12-03T22:57:30.881+0000] {dagbag.py:536} INFO - Filling up the DagBag from /home/airflow/.local/lib/python3.8/site-packages/airflow/example_dags/example_params_trigger_ui.py
[2023-12-03T22:57:30.896+0000] {processor.py:839} INFO - DAG(s) dict_keys(['example_params_trigger_ui']) retrieved from /home/airflow/.local/lib/python3.8/site-packages/airflow/example_dags/example_params_trigger_ui.py
[2023-12-03T22:57:31.082+0000] {logging_mixin.py:154} INFO - [2023-12-03T22:57:31.081+0000] {dag.py:2941} INFO - Sync 1 DAGs
[2023-12-03T22:57:31.099+0000] {logging_mixin.py:154} INFO - [2023-12-03T22:57:31.098+0000] {dag.py:3722} INFO - Setting next_dagrun for example_params_trigger_ui to None, run_after=None
[2023-12-03T22:57:31.126+0000] {processor.py:179} INFO - Processing /home/airflow/.local/lib/python3.8/site-packages/airflow/example_dags/example_params_trigger_ui.py took 0.253 seconds
[2023-12-03T23:13:09.977+0000] {processor.py:157} INFO - Started process (PID=3820) to work on /home/airflow/.local/lib/python3.8/site-packages/airflow/example_dags/example_params_trigger_ui.py
[2023-12-03T23:13:09.978+0000] {processor.py:829} INFO - Processing file /home/airflow/.local/lib/python3.8/site-packages/airflow/example_dags/example_params_trigger_ui.py for tasks to queue
[2023-12-03T23:13:09.982+0000] {logging_mixin.py:154} INFO - [2023-12-03T23:13:09.982+0000] {dagbag.py:536} INFO - Filling up the DagBag from /home/airflow/.local/lib/python3.8/site-packages/airflow/example_dags/example_params_trigger_ui.py
[2023-12-03T23:13:09.997+0000] {processor.py:839} INFO - DAG(s) dict_keys(['example_params_trigger_ui']) retrieved from /home/airflow/.local/lib/python3.8/site-packages/airflow/example_dags/example_params_trigger_ui.py
[2023-12-03T23:13:10.032+0000] {logging_mixin.py:154} INFO - [2023-12-03T23:13:10.032+0000] {dag.py:2941} INFO - Sync 1 DAGs
[2023-12-03T23:13:10.041+0000] {logging_mixin.py:154} INFO - [2023-12-03T23:13:10.041+0000] {dag.py:3722} INFO - Setting next_dagrun for example_params_trigger_ui to None, run_after=None
[2023-12-03T23:13:10.055+0000] {processor.py:179} INFO - Processing /home/airflow/.local/lib/python3.8/site-packages/airflow/example_dags/example_params_trigger_ui.py took 0.081 seconds
[2023-12-03T23:22:18.033+0000] {processor.py:157} INFO - Started process (PID=3878) to work on /home/airflow/.local/lib/python3.8/site-packages/airflow/example_dags/example_params_trigger_ui.py
[2023-12-03T23:22:18.036+0000] {processor.py:829} INFO - Processing file /home/airflow/.local/lib/python3.8/site-packages/airflow/example_dags/example_params_trigger_ui.py for tasks to queue
[2023-12-03T23:22:18.038+0000] {logging_mixin.py:154} INFO - [2023-12-03T23:22:18.038+0000] {dagbag.py:536} INFO - Filling up the DagBag from /home/airflow/.local/lib/python3.8/site-packages/airflow/example_dags/example_params_trigger_ui.py
[2023-12-03T23:22:18.056+0000] {processor.py:839} INFO - DAG(s) dict_keys(['example_params_trigger_ui']) retrieved from /home/airflow/.local/lib/python3.8/site-packages/airflow/example_dags/example_params_trigger_ui.py
[2023-12-03T23:22:18.108+0000] {logging_mixin.py:154} INFO - [2023-12-03T23:22:18.108+0000] {dag.py:2941} INFO - Sync 1 DAGs
[2023-12-03T23:22:18.121+0000] {logging_mixin.py:154} INFO - [2023-12-03T23:22:18.121+0000] {dag.py:3722} INFO - Setting next_dagrun for example_params_trigger_ui to None, run_after=None
[2023-12-03T23:22:18.146+0000] {processor.py:179} INFO - Processing /home/airflow/.local/lib/python3.8/site-packages/airflow/example_dags/example_params_trigger_ui.py took 0.117 seconds
