[2023-12-03T09:43:23.917+0000] {processor.py:157} INFO - Started process (PID=61) to work on /home/airflow/.local/lib/python3.8/site-packages/airflow/example_dags/example_branch_python_dop_operator_3.py
[2023-12-03T09:43:23.918+0000] {processor.py:829} INFO - Processing file /home/airflow/.local/lib/python3.8/site-packages/airflow/example_dags/example_branch_python_dop_operator_3.py for tasks to queue
[2023-12-03T09:43:23.921+0000] {logging_mixin.py:154} INFO - [2023-12-03T09:43:23.921+0000] {dagbag.py:536} INFO - Filling up the DagBag from /home/airflow/.local/lib/python3.8/site-packages/airflow/example_dags/example_branch_python_dop_operator_3.py
[2023-12-03T09:43:23.936+0000] {processor.py:839} INFO - DAG(s) dict_keys(['example_branch_dop_operator_v3']) retrieved from /home/airflow/.local/lib/python3.8/site-packages/airflow/example_dags/example_branch_python_dop_operator_3.py
[2023-12-03T09:43:23.949+0000] {logging_mixin.py:154} INFO - [2023-12-03T09:43:23.949+0000] {dag.py:2941} INFO - Sync 1 DAGs
[2023-12-03T09:43:23.984+0000] {logging_mixin.py:154} INFO - [2023-12-03T09:43:23.984+0000] {dag.py:3722} INFO - Setting next_dagrun for example_branch_dop_operator_v3 to 2023-12-03T09:42:00+00:00, run_after=2023-12-03T09:43:00+00:00
[2023-12-03T09:43:24.006+0000] {processor.py:179} INFO - Processing /home/airflow/.local/lib/python3.8/site-packages/airflow/example_dags/example_branch_python_dop_operator_3.py took 0.093 seconds
[2023-12-03T09:43:54.429+0000] {processor.py:157} INFO - Started process (PID=119) to work on /home/airflow/.local/lib/python3.8/site-packages/airflow/example_dags/example_branch_python_dop_operator_3.py
[2023-12-03T09:43:54.431+0000] {processor.py:829} INFO - Processing file /home/airflow/.local/lib/python3.8/site-packages/airflow/example_dags/example_branch_python_dop_operator_3.py for tasks to queue
[2023-12-03T09:43:54.433+0000] {logging_mixin.py:154} INFO - [2023-12-03T09:43:54.433+0000] {dagbag.py:536} INFO - Filling up the DagBag from /home/airflow/.local/lib/python3.8/site-packages/airflow/example_dags/example_branch_python_dop_operator_3.py
[2023-12-03T09:43:54.442+0000] {processor.py:839} INFO - DAG(s) dict_keys(['example_branch_dop_operator_v3']) retrieved from /home/airflow/.local/lib/python3.8/site-packages/airflow/example_dags/example_branch_python_dop_operator_3.py
[2023-12-03T09:43:54.462+0000] {logging_mixin.py:154} INFO - [2023-12-03T09:43:54.461+0000] {dag.py:2941} INFO - Sync 1 DAGs
[2023-12-03T09:43:54.489+0000] {logging_mixin.py:154} INFO - [2023-12-03T09:43:54.488+0000] {dag.py:3722} INFO - Setting next_dagrun for example_branch_dop_operator_v3 to 2023-12-03T09:42:00+00:00, run_after=2023-12-03T09:43:00+00:00
[2023-12-03T09:43:54.508+0000] {processor.py:179} INFO - Processing /home/airflow/.local/lib/python3.8/site-packages/airflow/example_dags/example_branch_python_dop_operator_3.py took 0.083 seconds
[2023-12-03T09:44:25.396+0000] {processor.py:157} INFO - Started process (PID=176) to work on /home/airflow/.local/lib/python3.8/site-packages/airflow/example_dags/example_branch_python_dop_operator_3.py
[2023-12-03T09:44:25.397+0000] {processor.py:829} INFO - Processing file /home/airflow/.local/lib/python3.8/site-packages/airflow/example_dags/example_branch_python_dop_operator_3.py for tasks to queue
[2023-12-03T09:44:25.399+0000] {logging_mixin.py:154} INFO - [2023-12-03T09:44:25.399+0000] {dagbag.py:536} INFO - Filling up the DagBag from /home/airflow/.local/lib/python3.8/site-packages/airflow/example_dags/example_branch_python_dop_operator_3.py
[2023-12-03T09:44:25.407+0000] {processor.py:839} INFO - DAG(s) dict_keys(['example_branch_dop_operator_v3']) retrieved from /home/airflow/.local/lib/python3.8/site-packages/airflow/example_dags/example_branch_python_dop_operator_3.py
[2023-12-03T09:44:25.427+0000] {logging_mixin.py:154} INFO - [2023-12-03T09:44:25.427+0000] {dag.py:2941} INFO - Sync 1 DAGs
[2023-12-03T09:44:25.451+0000] {logging_mixin.py:154} INFO - [2023-12-03T09:44:25.450+0000] {dag.py:3722} INFO - Setting next_dagrun for example_branch_dop_operator_v3 to 2023-12-03T09:43:00+00:00, run_after=2023-12-03T09:44:00+00:00
[2023-12-03T09:44:25.472+0000] {processor.py:179} INFO - Processing /home/airflow/.local/lib/python3.8/site-packages/airflow/example_dags/example_branch_python_dop_operator_3.py took 0.079 seconds
[2023-12-03T09:44:56.474+0000] {processor.py:157} INFO - Started process (PID=234) to work on /home/airflow/.local/lib/python3.8/site-packages/airflow/example_dags/example_branch_python_dop_operator_3.py
[2023-12-03T09:44:56.475+0000] {processor.py:829} INFO - Processing file /home/airflow/.local/lib/python3.8/site-packages/airflow/example_dags/example_branch_python_dop_operator_3.py for tasks to queue
[2023-12-03T09:44:56.478+0000] {logging_mixin.py:154} INFO - [2023-12-03T09:44:56.477+0000] {dagbag.py:536} INFO - Filling up the DagBag from /home/airflow/.local/lib/python3.8/site-packages/airflow/example_dags/example_branch_python_dop_operator_3.py
[2023-12-03T09:44:56.487+0000] {processor.py:839} INFO - DAG(s) dict_keys(['example_branch_dop_operator_v3']) retrieved from /home/airflow/.local/lib/python3.8/site-packages/airflow/example_dags/example_branch_python_dop_operator_3.py
[2023-12-03T09:44:56.506+0000] {logging_mixin.py:154} INFO - [2023-12-03T09:44:56.505+0000] {dag.py:2941} INFO - Sync 1 DAGs
[2023-12-03T09:44:56.529+0000] {logging_mixin.py:154} INFO - [2023-12-03T09:44:56.529+0000] {dag.py:3722} INFO - Setting next_dagrun for example_branch_dop_operator_v3 to 2023-12-03T09:43:00+00:00, run_after=2023-12-03T09:44:00+00:00
[2023-12-03T09:44:56.548+0000] {processor.py:179} INFO - Processing /home/airflow/.local/lib/python3.8/site-packages/airflow/example_dags/example_branch_python_dop_operator_3.py took 0.078 seconds
[2023-12-03T09:45:27.234+0000] {processor.py:157} INFO - Started process (PID=291) to work on /home/airflow/.local/lib/python3.8/site-packages/airflow/example_dags/example_branch_python_dop_operator_3.py
[2023-12-03T09:45:27.237+0000] {processor.py:829} INFO - Processing file /home/airflow/.local/lib/python3.8/site-packages/airflow/example_dags/example_branch_python_dop_operator_3.py for tasks to queue
[2023-12-03T09:45:27.244+0000] {logging_mixin.py:154} INFO - [2023-12-03T09:45:27.244+0000] {dagbag.py:536} INFO - Filling up the DagBag from /home/airflow/.local/lib/python3.8/site-packages/airflow/example_dags/example_branch_python_dop_operator_3.py
[2023-12-03T09:45:27.263+0000] {processor.py:839} INFO - DAG(s) dict_keys(['example_branch_dop_operator_v3']) retrieved from /home/airflow/.local/lib/python3.8/site-packages/airflow/example_dags/example_branch_python_dop_operator_3.py
[2023-12-03T09:45:27.353+0000] {logging_mixin.py:154} INFO - [2023-12-03T09:45:27.351+0000] {dag.py:2941} INFO - Sync 1 DAGs
[2023-12-03T09:45:27.468+0000] {logging_mixin.py:154} INFO - [2023-12-03T09:45:27.468+0000] {dag.py:3722} INFO - Setting next_dagrun for example_branch_dop_operator_v3 to 2023-12-03T09:44:00+00:00, run_after=2023-12-03T09:45:00+00:00
[2023-12-03T09:45:27.506+0000] {processor.py:179} INFO - Processing /home/airflow/.local/lib/python3.8/site-packages/airflow/example_dags/example_branch_python_dop_operator_3.py took 0.279 seconds
[2023-12-03T09:45:57.739+0000] {processor.py:157} INFO - Started process (PID=351) to work on /home/airflow/.local/lib/python3.8/site-packages/airflow/example_dags/example_branch_python_dop_operator_3.py
[2023-12-03T09:45:57.740+0000] {processor.py:829} INFO - Processing file /home/airflow/.local/lib/python3.8/site-packages/airflow/example_dags/example_branch_python_dop_operator_3.py for tasks to queue
[2023-12-03T09:45:57.743+0000] {logging_mixin.py:154} INFO - [2023-12-03T09:45:57.742+0000] {dagbag.py:536} INFO - Filling up the DagBag from /home/airflow/.local/lib/python3.8/site-packages/airflow/example_dags/example_branch_python_dop_operator_3.py
[2023-12-03T09:45:57.751+0000] {processor.py:839} INFO - DAG(s) dict_keys(['example_branch_dop_operator_v3']) retrieved from /home/airflow/.local/lib/python3.8/site-packages/airflow/example_dags/example_branch_python_dop_operator_3.py
[2023-12-03T09:45:57.769+0000] {logging_mixin.py:154} INFO - [2023-12-03T09:45:57.769+0000] {dag.py:2941} INFO - Sync 1 DAGs
[2023-12-03T09:45:57.799+0000] {logging_mixin.py:154} INFO - [2023-12-03T09:45:57.799+0000] {dag.py:3722} INFO - Setting next_dagrun for example_branch_dop_operator_v3 to 2023-12-03T09:44:00+00:00, run_after=2023-12-03T09:45:00+00:00
[2023-12-03T09:45:57.816+0000] {processor.py:179} INFO - Processing /home/airflow/.local/lib/python3.8/site-packages/airflow/example_dags/example_branch_python_dop_operator_3.py took 0.081 seconds
[2023-12-03T09:46:28.414+0000] {processor.py:157} INFO - Started process (PID=409) to work on /home/airflow/.local/lib/python3.8/site-packages/airflow/example_dags/example_branch_python_dop_operator_3.py
[2023-12-03T09:46:28.415+0000] {processor.py:829} INFO - Processing file /home/airflow/.local/lib/python3.8/site-packages/airflow/example_dags/example_branch_python_dop_operator_3.py for tasks to queue
[2023-12-03T09:46:28.418+0000] {logging_mixin.py:154} INFO - [2023-12-03T09:46:28.417+0000] {dagbag.py:536} INFO - Filling up the DagBag from /home/airflow/.local/lib/python3.8/site-packages/airflow/example_dags/example_branch_python_dop_operator_3.py
[2023-12-03T09:46:28.425+0000] {processor.py:839} INFO - DAG(s) dict_keys(['example_branch_dop_operator_v3']) retrieved from /home/airflow/.local/lib/python3.8/site-packages/airflow/example_dags/example_branch_python_dop_operator_3.py
[2023-12-03T09:46:28.451+0000] {logging_mixin.py:154} INFO - [2023-12-03T09:46:28.451+0000] {dag.py:2941} INFO - Sync 1 DAGs
[2023-12-03T09:46:28.479+0000] {logging_mixin.py:154} INFO - [2023-12-03T09:46:28.478+0000] {dag.py:3722} INFO - Setting next_dagrun for example_branch_dop_operator_v3 to 2023-12-03T09:45:00+00:00, run_after=2023-12-03T09:46:00+00:00
[2023-12-03T09:46:28.497+0000] {processor.py:179} INFO - Processing /home/airflow/.local/lib/python3.8/site-packages/airflow/example_dags/example_branch_python_dop_operator_3.py took 0.087 seconds
[2023-12-03T09:46:59.669+0000] {processor.py:157} INFO - Started process (PID=467) to work on /home/airflow/.local/lib/python3.8/site-packages/airflow/example_dags/example_branch_python_dop_operator_3.py
[2023-12-03T09:46:59.670+0000] {processor.py:829} INFO - Processing file /home/airflow/.local/lib/python3.8/site-packages/airflow/example_dags/example_branch_python_dop_operator_3.py for tasks to queue
[2023-12-03T09:46:59.672+0000] {logging_mixin.py:154} INFO - [2023-12-03T09:46:59.672+0000] {dagbag.py:536} INFO - Filling up the DagBag from /home/airflow/.local/lib/python3.8/site-packages/airflow/example_dags/example_branch_python_dop_operator_3.py
[2023-12-03T09:46:59.683+0000] {processor.py:839} INFO - DAG(s) dict_keys(['example_branch_dop_operator_v3']) retrieved from /home/airflow/.local/lib/python3.8/site-packages/airflow/example_dags/example_branch_python_dop_operator_3.py
[2023-12-03T09:46:59.705+0000] {logging_mixin.py:154} INFO - [2023-12-03T09:46:59.705+0000] {dag.py:2941} INFO - Sync 1 DAGs
[2023-12-03T09:46:59.734+0000] {logging_mixin.py:154} INFO - [2023-12-03T09:46:59.734+0000] {dag.py:3722} INFO - Setting next_dagrun for example_branch_dop_operator_v3 to 2023-12-03T09:45:00+00:00, run_after=2023-12-03T09:46:00+00:00
[2023-12-03T09:46:59.759+0000] {processor.py:179} INFO - Processing /home/airflow/.local/lib/python3.8/site-packages/airflow/example_dags/example_branch_python_dop_operator_3.py took 0.096 seconds
[2023-12-03T09:47:30.401+0000] {processor.py:157} INFO - Started process (PID=525) to work on /home/airflow/.local/lib/python3.8/site-packages/airflow/example_dags/example_branch_python_dop_operator_3.py
[2023-12-03T09:47:30.402+0000] {processor.py:829} INFO - Processing file /home/airflow/.local/lib/python3.8/site-packages/airflow/example_dags/example_branch_python_dop_operator_3.py for tasks to queue
[2023-12-03T09:47:30.405+0000] {logging_mixin.py:154} INFO - [2023-12-03T09:47:30.405+0000] {dagbag.py:536} INFO - Filling up the DagBag from /home/airflow/.local/lib/python3.8/site-packages/airflow/example_dags/example_branch_python_dop_operator_3.py
[2023-12-03T09:47:30.414+0000] {processor.py:839} INFO - DAG(s) dict_keys(['example_branch_dop_operator_v3']) retrieved from /home/airflow/.local/lib/python3.8/site-packages/airflow/example_dags/example_branch_python_dop_operator_3.py
[2023-12-03T09:47:30.437+0000] {logging_mixin.py:154} INFO - [2023-12-03T09:47:30.436+0000] {dag.py:2941} INFO - Sync 1 DAGs
[2023-12-03T09:47:30.468+0000] {logging_mixin.py:154} INFO - [2023-12-03T09:47:30.468+0000] {dag.py:3722} INFO - Setting next_dagrun for example_branch_dop_operator_v3 to 2023-12-03T09:46:00+00:00, run_after=2023-12-03T09:47:00+00:00
[2023-12-03T09:47:30.493+0000] {processor.py:179} INFO - Processing /home/airflow/.local/lib/python3.8/site-packages/airflow/example_dags/example_branch_python_dop_operator_3.py took 0.096 seconds
[2023-12-03T09:48:01.667+0000] {processor.py:157} INFO - Started process (PID=583) to work on /home/airflow/.local/lib/python3.8/site-packages/airflow/example_dags/example_branch_python_dop_operator_3.py
[2023-12-03T09:48:01.668+0000] {processor.py:829} INFO - Processing file /home/airflow/.local/lib/python3.8/site-packages/airflow/example_dags/example_branch_python_dop_operator_3.py for tasks to queue
[2023-12-03T09:48:01.671+0000] {logging_mixin.py:154} INFO - [2023-12-03T09:48:01.670+0000] {dagbag.py:536} INFO - Filling up the DagBag from /home/airflow/.local/lib/python3.8/site-packages/airflow/example_dags/example_branch_python_dop_operator_3.py
[2023-12-03T09:48:01.680+0000] {processor.py:839} INFO - DAG(s) dict_keys(['example_branch_dop_operator_v3']) retrieved from /home/airflow/.local/lib/python3.8/site-packages/airflow/example_dags/example_branch_python_dop_operator_3.py
[2023-12-03T09:48:01.701+0000] {logging_mixin.py:154} INFO - [2023-12-03T09:48:01.701+0000] {dag.py:2941} INFO - Sync 1 DAGs
[2023-12-03T09:48:01.727+0000] {logging_mixin.py:154} INFO - [2023-12-03T09:48:01.727+0000] {dag.py:3722} INFO - Setting next_dagrun for example_branch_dop_operator_v3 to 2023-12-03T09:47:00+00:00, run_after=2023-12-03T09:48:00+00:00
[2023-12-03T09:48:01.745+0000] {processor.py:179} INFO - Processing /home/airflow/.local/lib/python3.8/site-packages/airflow/example_dags/example_branch_python_dop_operator_3.py took 0.082 seconds
[2023-12-03T09:48:32.514+0000] {processor.py:157} INFO - Started process (PID=640) to work on /home/airflow/.local/lib/python3.8/site-packages/airflow/example_dags/example_branch_python_dop_operator_3.py
[2023-12-03T09:48:32.515+0000] {processor.py:829} INFO - Processing file /home/airflow/.local/lib/python3.8/site-packages/airflow/example_dags/example_branch_python_dop_operator_3.py for tasks to queue
[2023-12-03T09:48:32.517+0000] {logging_mixin.py:154} INFO - [2023-12-03T09:48:32.517+0000] {dagbag.py:536} INFO - Filling up the DagBag from /home/airflow/.local/lib/python3.8/site-packages/airflow/example_dags/example_branch_python_dop_operator_3.py
[2023-12-03T09:48:32.525+0000] {processor.py:839} INFO - DAG(s) dict_keys(['example_branch_dop_operator_v3']) retrieved from /home/airflow/.local/lib/python3.8/site-packages/airflow/example_dags/example_branch_python_dop_operator_3.py
[2023-12-03T09:48:32.545+0000] {logging_mixin.py:154} INFO - [2023-12-03T09:48:32.544+0000] {dag.py:2941} INFO - Sync 1 DAGs
[2023-12-03T09:48:32.570+0000] {logging_mixin.py:154} INFO - [2023-12-03T09:48:32.570+0000] {dag.py:3722} INFO - Setting next_dagrun for example_branch_dop_operator_v3 to 2023-12-03T09:47:00+00:00, run_after=2023-12-03T09:48:00+00:00
[2023-12-03T09:48:32.587+0000] {processor.py:179} INFO - Processing /home/airflow/.local/lib/python3.8/site-packages/airflow/example_dags/example_branch_python_dop_operator_3.py took 0.077 seconds
[2023-12-03T09:49:03.677+0000] {processor.py:157} INFO - Started process (PID=705) to work on /home/airflow/.local/lib/python3.8/site-packages/airflow/example_dags/example_branch_python_dop_operator_3.py
[2023-12-03T09:49:03.678+0000] {processor.py:829} INFO - Processing file /home/airflow/.local/lib/python3.8/site-packages/airflow/example_dags/example_branch_python_dop_operator_3.py for tasks to queue
[2023-12-03T09:49:03.680+0000] {logging_mixin.py:154} INFO - [2023-12-03T09:49:03.680+0000] {dagbag.py:536} INFO - Filling up the DagBag from /home/airflow/.local/lib/python3.8/site-packages/airflow/example_dags/example_branch_python_dop_operator_3.py
[2023-12-03T09:49:03.689+0000] {processor.py:839} INFO - DAG(s) dict_keys(['example_branch_dop_operator_v3']) retrieved from /home/airflow/.local/lib/python3.8/site-packages/airflow/example_dags/example_branch_python_dop_operator_3.py
[2023-12-03T09:49:03.710+0000] {logging_mixin.py:154} INFO - [2023-12-03T09:49:03.710+0000] {dag.py:2941} INFO - Sync 1 DAGs
[2023-12-03T09:49:03.736+0000] {logging_mixin.py:154} INFO - [2023-12-03T09:49:03.736+0000] {dag.py:3722} INFO - Setting next_dagrun for example_branch_dop_operator_v3 to 2023-12-03T09:48:00+00:00, run_after=2023-12-03T09:49:00+00:00
[2023-12-03T09:49:03.929+0000] {processor.py:179} INFO - Processing /home/airflow/.local/lib/python3.8/site-packages/airflow/example_dags/example_branch_python_dop_operator_3.py took 0.256 seconds
[2023-12-03T09:49:34.707+0000] {processor.py:157} INFO - Started process (PID=763) to work on /home/airflow/.local/lib/python3.8/site-packages/airflow/example_dags/example_branch_python_dop_operator_3.py
[2023-12-03T09:49:34.709+0000] {processor.py:829} INFO - Processing file /home/airflow/.local/lib/python3.8/site-packages/airflow/example_dags/example_branch_python_dop_operator_3.py for tasks to queue
[2023-12-03T09:49:34.711+0000] {logging_mixin.py:154} INFO - [2023-12-03T09:49:34.711+0000] {dagbag.py:536} INFO - Filling up the DagBag from /home/airflow/.local/lib/python3.8/site-packages/airflow/example_dags/example_branch_python_dop_operator_3.py
[2023-12-03T09:49:34.724+0000] {processor.py:839} INFO - DAG(s) dict_keys(['example_branch_dop_operator_v3']) retrieved from /home/airflow/.local/lib/python3.8/site-packages/airflow/example_dags/example_branch_python_dop_operator_3.py
[2023-12-03T09:49:34.744+0000] {logging_mixin.py:154} INFO - [2023-12-03T09:49:34.744+0000] {dag.py:2941} INFO - Sync 1 DAGs
[2023-12-03T09:49:34.771+0000] {logging_mixin.py:154} INFO - [2023-12-03T09:49:34.771+0000] {dag.py:3722} INFO - Setting next_dagrun for example_branch_dop_operator_v3 to 2023-12-03T09:48:00+00:00, run_after=2023-12-03T09:49:00+00:00
[2023-12-03T09:49:34.947+0000] {processor.py:179} INFO - Processing /home/airflow/.local/lib/python3.8/site-packages/airflow/example_dags/example_branch_python_dop_operator_3.py took 0.243 seconds
[2023-12-03T09:50:05.807+0000] {processor.py:157} INFO - Started process (PID=821) to work on /home/airflow/.local/lib/python3.8/site-packages/airflow/example_dags/example_branch_python_dop_operator_3.py
[2023-12-03T09:50:05.808+0000] {processor.py:829} INFO - Processing file /home/airflow/.local/lib/python3.8/site-packages/airflow/example_dags/example_branch_python_dop_operator_3.py for tasks to queue
[2023-12-03T09:50:05.810+0000] {logging_mixin.py:154} INFO - [2023-12-03T09:50:05.810+0000] {dagbag.py:536} INFO - Filling up the DagBag from /home/airflow/.local/lib/python3.8/site-packages/airflow/example_dags/example_branch_python_dop_operator_3.py
[2023-12-03T09:50:05.819+0000] {processor.py:839} INFO - DAG(s) dict_keys(['example_branch_dop_operator_v3']) retrieved from /home/airflow/.local/lib/python3.8/site-packages/airflow/example_dags/example_branch_python_dop_operator_3.py
[2023-12-03T09:50:05.859+0000] {logging_mixin.py:154} INFO - [2023-12-03T09:50:05.859+0000] {dag.py:2941} INFO - Sync 1 DAGs
[2023-12-03T09:50:05.886+0000] {logging_mixin.py:154} INFO - [2023-12-03T09:50:05.886+0000] {dag.py:3722} INFO - Setting next_dagrun for example_branch_dop_operator_v3 to 2023-12-03T09:49:00+00:00, run_after=2023-12-03T09:50:00+00:00
[2023-12-03T09:50:06.031+0000] {processor.py:179} INFO - Processing /home/airflow/.local/lib/python3.8/site-packages/airflow/example_dags/example_branch_python_dop_operator_3.py took 0.229 seconds
[2023-12-03T09:50:36.889+0000] {processor.py:157} INFO - Started process (PID=879) to work on /home/airflow/.local/lib/python3.8/site-packages/airflow/example_dags/example_branch_python_dop_operator_3.py
[2023-12-03T09:50:36.891+0000] {processor.py:829} INFO - Processing file /home/airflow/.local/lib/python3.8/site-packages/airflow/example_dags/example_branch_python_dop_operator_3.py for tasks to queue
[2023-12-03T09:50:36.894+0000] {logging_mixin.py:154} INFO - [2023-12-03T09:50:36.893+0000] {dagbag.py:536} INFO - Filling up the DagBag from /home/airflow/.local/lib/python3.8/site-packages/airflow/example_dags/example_branch_python_dop_operator_3.py
[2023-12-03T09:50:36.903+0000] {processor.py:839} INFO - DAG(s) dict_keys(['example_branch_dop_operator_v3']) retrieved from /home/airflow/.local/lib/python3.8/site-packages/airflow/example_dags/example_branch_python_dop_operator_3.py
[2023-12-03T09:50:36.923+0000] {logging_mixin.py:154} INFO - [2023-12-03T09:50:36.923+0000] {dag.py:2941} INFO - Sync 1 DAGs
[2023-12-03T09:50:36.982+0000] {logging_mixin.py:154} INFO - [2023-12-03T09:50:36.981+0000] {dag.py:3722} INFO - Setting next_dagrun for example_branch_dop_operator_v3 to 2023-12-03T09:49:00+00:00, run_after=2023-12-03T09:50:00+00:00
[2023-12-03T09:50:36.999+0000] {processor.py:179} INFO - Processing /home/airflow/.local/lib/python3.8/site-packages/airflow/example_dags/example_branch_python_dop_operator_3.py took 0.113 seconds
[2023-12-03T09:51:07.975+0000] {processor.py:157} INFO - Started process (PID=936) to work on /home/airflow/.local/lib/python3.8/site-packages/airflow/example_dags/example_branch_python_dop_operator_3.py
[2023-12-03T09:51:07.976+0000] {processor.py:829} INFO - Processing file /home/airflow/.local/lib/python3.8/site-packages/airflow/example_dags/example_branch_python_dop_operator_3.py for tasks to queue
[2023-12-03T09:51:07.978+0000] {logging_mixin.py:154} INFO - [2023-12-03T09:51:07.977+0000] {dagbag.py:536} INFO - Filling up the DagBag from /home/airflow/.local/lib/python3.8/site-packages/airflow/example_dags/example_branch_python_dop_operator_3.py
[2023-12-03T09:51:07.986+0000] {processor.py:839} INFO - DAG(s) dict_keys(['example_branch_dop_operator_v3']) retrieved from /home/airflow/.local/lib/python3.8/site-packages/airflow/example_dags/example_branch_python_dop_operator_3.py
[2023-12-03T09:51:08.004+0000] {logging_mixin.py:154} INFO - [2023-12-03T09:51:08.004+0000] {dag.py:2941} INFO - Sync 1 DAGs
[2023-12-03T09:51:08.028+0000] {logging_mixin.py:154} INFO - [2023-12-03T09:51:08.028+0000] {dag.py:3722} INFO - Setting next_dagrun for example_branch_dop_operator_v3 to 2023-12-03T09:50:00+00:00, run_after=2023-12-03T09:51:00+00:00
[2023-12-03T09:51:08.044+0000] {processor.py:179} INFO - Processing /home/airflow/.local/lib/python3.8/site-packages/airflow/example_dags/example_branch_python_dop_operator_3.py took 0.073 seconds
[2023-12-03T09:51:38.898+0000] {processor.py:157} INFO - Started process (PID=994) to work on /home/airflow/.local/lib/python3.8/site-packages/airflow/example_dags/example_branch_python_dop_operator_3.py
[2023-12-03T09:51:38.899+0000] {processor.py:829} INFO - Processing file /home/airflow/.local/lib/python3.8/site-packages/airflow/example_dags/example_branch_python_dop_operator_3.py for tasks to queue
[2023-12-03T09:51:38.901+0000] {logging_mixin.py:154} INFO - [2023-12-03T09:51:38.900+0000] {dagbag.py:536} INFO - Filling up the DagBag from /home/airflow/.local/lib/python3.8/site-packages/airflow/example_dags/example_branch_python_dop_operator_3.py
[2023-12-03T09:51:38.910+0000] {processor.py:839} INFO - DAG(s) dict_keys(['example_branch_dop_operator_v3']) retrieved from /home/airflow/.local/lib/python3.8/site-packages/airflow/example_dags/example_branch_python_dop_operator_3.py
[2023-12-03T09:51:38.932+0000] {logging_mixin.py:154} INFO - [2023-12-03T09:51:38.932+0000] {dag.py:2941} INFO - Sync 1 DAGs
[2023-12-03T09:51:38.958+0000] {logging_mixin.py:154} INFO - [2023-12-03T09:51:38.958+0000] {dag.py:3722} INFO - Setting next_dagrun for example_branch_dop_operator_v3 to 2023-12-03T09:50:00+00:00, run_after=2023-12-03T09:51:00+00:00
[2023-12-03T09:51:38.974+0000] {processor.py:179} INFO - Processing /home/airflow/.local/lib/python3.8/site-packages/airflow/example_dags/example_branch_python_dop_operator_3.py took 0.080 seconds
[2023-12-03T09:52:09.800+0000] {processor.py:157} INFO - Started process (PID=1052) to work on /home/airflow/.local/lib/python3.8/site-packages/airflow/example_dags/example_branch_python_dop_operator_3.py
[2023-12-03T09:52:09.801+0000] {processor.py:829} INFO - Processing file /home/airflow/.local/lib/python3.8/site-packages/airflow/example_dags/example_branch_python_dop_operator_3.py for tasks to queue
[2023-12-03T09:52:09.804+0000] {logging_mixin.py:154} INFO - [2023-12-03T09:52:09.804+0000] {dagbag.py:536} INFO - Filling up the DagBag from /home/airflow/.local/lib/python3.8/site-packages/airflow/example_dags/example_branch_python_dop_operator_3.py
[2023-12-03T09:52:09.815+0000] {processor.py:839} INFO - DAG(s) dict_keys(['example_branch_dop_operator_v3']) retrieved from /home/airflow/.local/lib/python3.8/site-packages/airflow/example_dags/example_branch_python_dop_operator_3.py
[2023-12-03T09:52:09.841+0000] {logging_mixin.py:154} INFO - [2023-12-03T09:52:09.841+0000] {dag.py:2941} INFO - Sync 1 DAGs
[2023-12-03T09:52:09.876+0000] {logging_mixin.py:154} INFO - [2023-12-03T09:52:09.876+0000] {dag.py:3722} INFO - Setting next_dagrun for example_branch_dop_operator_v3 to 2023-12-03T09:51:00+00:00, run_after=2023-12-03T09:52:00+00:00
[2023-12-03T09:52:09.899+0000] {processor.py:179} INFO - Processing /home/airflow/.local/lib/python3.8/site-packages/airflow/example_dags/example_branch_python_dop_operator_3.py took 0.102 seconds
[2023-12-03T09:52:39.965+0000] {processor.py:157} INFO - Started process (PID=1109) to work on /home/airflow/.local/lib/python3.8/site-packages/airflow/example_dags/example_branch_python_dop_operator_3.py
[2023-12-03T09:52:39.966+0000] {processor.py:829} INFO - Processing file /home/airflow/.local/lib/python3.8/site-packages/airflow/example_dags/example_branch_python_dop_operator_3.py for tasks to queue
[2023-12-03T09:52:39.969+0000] {logging_mixin.py:154} INFO - [2023-12-03T09:52:39.968+0000] {dagbag.py:536} INFO - Filling up the DagBag from /home/airflow/.local/lib/python3.8/site-packages/airflow/example_dags/example_branch_python_dop_operator_3.py
[2023-12-03T09:52:39.977+0000] {processor.py:839} INFO - DAG(s) dict_keys(['example_branch_dop_operator_v3']) retrieved from /home/airflow/.local/lib/python3.8/site-packages/airflow/example_dags/example_branch_python_dop_operator_3.py
[2023-12-03T09:52:39.994+0000] {logging_mixin.py:154} INFO - [2023-12-03T09:52:39.993+0000] {dag.py:2941} INFO - Sync 1 DAGs
[2023-12-03T09:52:40.014+0000] {logging_mixin.py:154} INFO - [2023-12-03T09:52:40.014+0000] {dag.py:3722} INFO - Setting next_dagrun for example_branch_dop_operator_v3 to 2023-12-03T09:51:00+00:00, run_after=2023-12-03T09:52:00+00:00
[2023-12-03T09:52:40.029+0000] {processor.py:179} INFO - Processing /home/airflow/.local/lib/python3.8/site-packages/airflow/example_dags/example_branch_python_dop_operator_3.py took 0.070 seconds
[2023-12-03T09:53:10.272+0000] {processor.py:157} INFO - Started process (PID=1167) to work on /home/airflow/.local/lib/python3.8/site-packages/airflow/example_dags/example_branch_python_dop_operator_3.py
[2023-12-03T09:53:10.273+0000] {processor.py:829} INFO - Processing file /home/airflow/.local/lib/python3.8/site-packages/airflow/example_dags/example_branch_python_dop_operator_3.py for tasks to queue
[2023-12-03T09:53:10.275+0000] {logging_mixin.py:154} INFO - [2023-12-03T09:53:10.275+0000] {dagbag.py:536} INFO - Filling up the DagBag from /home/airflow/.local/lib/python3.8/site-packages/airflow/example_dags/example_branch_python_dop_operator_3.py
[2023-12-03T09:53:10.285+0000] {processor.py:839} INFO - DAG(s) dict_keys(['example_branch_dop_operator_v3']) retrieved from /home/airflow/.local/lib/python3.8/site-packages/airflow/example_dags/example_branch_python_dop_operator_3.py
[2023-12-03T09:53:10.306+0000] {logging_mixin.py:154} INFO - [2023-12-03T09:53:10.306+0000] {dag.py:2941} INFO - Sync 1 DAGs
[2023-12-03T09:53:10.332+0000] {logging_mixin.py:154} INFO - [2023-12-03T09:53:10.332+0000] {dag.py:3722} INFO - Setting next_dagrun for example_branch_dop_operator_v3 to 2023-12-03T09:52:00+00:00, run_after=2023-12-03T09:53:00+00:00
[2023-12-03T09:53:10.349+0000] {processor.py:179} INFO - Processing /home/airflow/.local/lib/python3.8/site-packages/airflow/example_dags/example_branch_python_dop_operator_3.py took 0.081 seconds
[2023-12-03T09:53:40.541+0000] {processor.py:157} INFO - Started process (PID=1225) to work on /home/airflow/.local/lib/python3.8/site-packages/airflow/example_dags/example_branch_python_dop_operator_3.py
[2023-12-03T09:53:40.543+0000] {processor.py:829} INFO - Processing file /home/airflow/.local/lib/python3.8/site-packages/airflow/example_dags/example_branch_python_dop_operator_3.py for tasks to queue
[2023-12-03T09:53:40.546+0000] {logging_mixin.py:154} INFO - [2023-12-03T09:53:40.545+0000] {dagbag.py:536} INFO - Filling up the DagBag from /home/airflow/.local/lib/python3.8/site-packages/airflow/example_dags/example_branch_python_dop_operator_3.py
[2023-12-03T09:53:40.554+0000] {processor.py:839} INFO - DAG(s) dict_keys(['example_branch_dop_operator_v3']) retrieved from /home/airflow/.local/lib/python3.8/site-packages/airflow/example_dags/example_branch_python_dop_operator_3.py
[2023-12-03T09:53:40.572+0000] {logging_mixin.py:154} INFO - [2023-12-03T09:53:40.572+0000] {dag.py:2941} INFO - Sync 1 DAGs
[2023-12-03T09:53:40.596+0000] {logging_mixin.py:154} INFO - [2023-12-03T09:53:40.596+0000] {dag.py:3722} INFO - Setting next_dagrun for example_branch_dop_operator_v3 to 2023-12-03T09:52:00+00:00, run_after=2023-12-03T09:53:00+00:00
[2023-12-03T09:53:40.609+0000] {processor.py:179} INFO - Processing /home/airflow/.local/lib/python3.8/site-packages/airflow/example_dags/example_branch_python_dop_operator_3.py took 0.073 seconds
[2023-12-03T09:54:10.845+0000] {processor.py:157} INFO - Started process (PID=1283) to work on /home/airflow/.local/lib/python3.8/site-packages/airflow/example_dags/example_branch_python_dop_operator_3.py
[2023-12-03T09:54:10.847+0000] {processor.py:829} INFO - Processing file /home/airflow/.local/lib/python3.8/site-packages/airflow/example_dags/example_branch_python_dop_operator_3.py for tasks to queue
[2023-12-03T09:54:10.849+0000] {logging_mixin.py:154} INFO - [2023-12-03T09:54:10.848+0000] {dagbag.py:536} INFO - Filling up the DagBag from /home/airflow/.local/lib/python3.8/site-packages/airflow/example_dags/example_branch_python_dop_operator_3.py
[2023-12-03T09:54:10.858+0000] {processor.py:839} INFO - DAG(s) dict_keys(['example_branch_dop_operator_v3']) retrieved from /home/airflow/.local/lib/python3.8/site-packages/airflow/example_dags/example_branch_python_dop_operator_3.py
[2023-12-03T09:54:10.875+0000] {logging_mixin.py:154} INFO - [2023-12-03T09:54:10.875+0000] {dag.py:2941} INFO - Sync 1 DAGs
[2023-12-03T09:54:10.896+0000] {logging_mixin.py:154} INFO - [2023-12-03T09:54:10.895+0000] {dag.py:3722} INFO - Setting next_dagrun for example_branch_dop_operator_v3 to 2023-12-03T09:53:00+00:00, run_after=2023-12-03T09:54:00+00:00
[2023-12-03T09:54:10.908+0000] {processor.py:179} INFO - Processing /home/airflow/.local/lib/python3.8/site-packages/airflow/example_dags/example_branch_python_dop_operator_3.py took 0.066 seconds
[2023-12-03T09:54:41.295+0000] {processor.py:157} INFO - Started process (PID=1341) to work on /home/airflow/.local/lib/python3.8/site-packages/airflow/example_dags/example_branch_python_dop_operator_3.py
[2023-12-03T09:54:41.296+0000] {processor.py:829} INFO - Processing file /home/airflow/.local/lib/python3.8/site-packages/airflow/example_dags/example_branch_python_dop_operator_3.py for tasks to queue
[2023-12-03T09:54:41.298+0000] {logging_mixin.py:154} INFO - [2023-12-03T09:54:41.298+0000] {dagbag.py:536} INFO - Filling up the DagBag from /home/airflow/.local/lib/python3.8/site-packages/airflow/example_dags/example_branch_python_dop_operator_3.py
[2023-12-03T09:54:41.309+0000] {processor.py:839} INFO - DAG(s) dict_keys(['example_branch_dop_operator_v3']) retrieved from /home/airflow/.local/lib/python3.8/site-packages/airflow/example_dags/example_branch_python_dop_operator_3.py
[2023-12-03T09:54:41.329+0000] {logging_mixin.py:154} INFO - [2023-12-03T09:54:41.328+0000] {dag.py:2941} INFO - Sync 1 DAGs
[2023-12-03T09:54:41.351+0000] {logging_mixin.py:154} INFO - [2023-12-03T09:54:41.351+0000] {dag.py:3722} INFO - Setting next_dagrun for example_branch_dop_operator_v3 to 2023-12-03T09:53:00+00:00, run_after=2023-12-03T09:54:00+00:00
[2023-12-03T09:54:41.366+0000] {processor.py:179} INFO - Processing /home/airflow/.local/lib/python3.8/site-packages/airflow/example_dags/example_branch_python_dop_operator_3.py took 0.075 seconds
[2023-12-03T09:55:11.641+0000] {processor.py:157} INFO - Started process (PID=1399) to work on /home/airflow/.local/lib/python3.8/site-packages/airflow/example_dags/example_branch_python_dop_operator_3.py
[2023-12-03T09:55:11.642+0000] {processor.py:829} INFO - Processing file /home/airflow/.local/lib/python3.8/site-packages/airflow/example_dags/example_branch_python_dop_operator_3.py for tasks to queue
[2023-12-03T09:55:11.646+0000] {logging_mixin.py:154} INFO - [2023-12-03T09:55:11.645+0000] {dagbag.py:536} INFO - Filling up the DagBag from /home/airflow/.local/lib/python3.8/site-packages/airflow/example_dags/example_branch_python_dop_operator_3.py
[2023-12-03T09:55:11.655+0000] {processor.py:839} INFO - DAG(s) dict_keys(['example_branch_dop_operator_v3']) retrieved from /home/airflow/.local/lib/python3.8/site-packages/airflow/example_dags/example_branch_python_dop_operator_3.py
[2023-12-03T09:55:11.674+0000] {logging_mixin.py:154} INFO - [2023-12-03T09:55:11.674+0000] {dag.py:2941} INFO - Sync 1 DAGs
[2023-12-03T09:55:11.697+0000] {logging_mixin.py:154} INFO - [2023-12-03T09:55:11.697+0000] {dag.py:3722} INFO - Setting next_dagrun for example_branch_dop_operator_v3 to 2023-12-03T09:54:00+00:00, run_after=2023-12-03T09:55:00+00:00
[2023-12-03T09:55:11.716+0000] {processor.py:179} INFO - Processing /home/airflow/.local/lib/python3.8/site-packages/airflow/example_dags/example_branch_python_dop_operator_3.py took 0.080 seconds
[2023-12-03T09:55:42.165+0000] {processor.py:157} INFO - Started process (PID=1458) to work on /home/airflow/.local/lib/python3.8/site-packages/airflow/example_dags/example_branch_python_dop_operator_3.py
[2023-12-03T09:55:42.167+0000] {processor.py:829} INFO - Processing file /home/airflow/.local/lib/python3.8/site-packages/airflow/example_dags/example_branch_python_dop_operator_3.py for tasks to queue
[2023-12-03T09:55:42.170+0000] {logging_mixin.py:154} INFO - [2023-12-03T09:55:42.170+0000] {dagbag.py:536} INFO - Filling up the DagBag from /home/airflow/.local/lib/python3.8/site-packages/airflow/example_dags/example_branch_python_dop_operator_3.py
[2023-12-03T09:55:42.181+0000] {processor.py:839} INFO - DAG(s) dict_keys(['example_branch_dop_operator_v3']) retrieved from /home/airflow/.local/lib/python3.8/site-packages/airflow/example_dags/example_branch_python_dop_operator_3.py
[2023-12-03T09:55:42.204+0000] {logging_mixin.py:154} INFO - [2023-12-03T09:55:42.204+0000] {dag.py:2941} INFO - Sync 1 DAGs
[2023-12-03T09:55:42.228+0000] {logging_mixin.py:154} INFO - [2023-12-03T09:55:42.228+0000] {dag.py:3722} INFO - Setting next_dagrun for example_branch_dop_operator_v3 to 2023-12-03T09:54:00+00:00, run_after=2023-12-03T09:55:00+00:00
[2023-12-03T09:55:42.245+0000] {processor.py:179} INFO - Processing /home/airflow/.local/lib/python3.8/site-packages/airflow/example_dags/example_branch_python_dop_operator_3.py took 0.085 seconds
[2023-12-03T09:56:12.510+0000] {processor.py:157} INFO - Started process (PID=1520) to work on /home/airflow/.local/lib/python3.8/site-packages/airflow/example_dags/example_branch_python_dop_operator_3.py
[2023-12-03T09:56:12.512+0000] {processor.py:829} INFO - Processing file /home/airflow/.local/lib/python3.8/site-packages/airflow/example_dags/example_branch_python_dop_operator_3.py for tasks to queue
[2023-12-03T09:56:12.516+0000] {logging_mixin.py:154} INFO - [2023-12-03T09:56:12.515+0000] {dagbag.py:536} INFO - Filling up the DagBag from /home/airflow/.local/lib/python3.8/site-packages/airflow/example_dags/example_branch_python_dop_operator_3.py
[2023-12-03T09:56:12.528+0000] {processor.py:839} INFO - DAG(s) dict_keys(['example_branch_dop_operator_v3']) retrieved from /home/airflow/.local/lib/python3.8/site-packages/airflow/example_dags/example_branch_python_dop_operator_3.py
[2023-12-03T09:56:12.552+0000] {logging_mixin.py:154} INFO - [2023-12-03T09:56:12.552+0000] {dag.py:2941} INFO - Sync 1 DAGs
[2023-12-03T09:56:12.578+0000] {logging_mixin.py:154} INFO - [2023-12-03T09:56:12.578+0000] {dag.py:3722} INFO - Setting next_dagrun for example_branch_dop_operator_v3 to 2023-12-03T09:55:00+00:00, run_after=2023-12-03T09:56:00+00:00
[2023-12-03T09:56:12.597+0000] {processor.py:179} INFO - Processing /home/airflow/.local/lib/python3.8/site-packages/airflow/example_dags/example_branch_python_dop_operator_3.py took 0.093 seconds
[2023-12-03T09:56:43.417+0000] {processor.py:157} INFO - Started process (PID=1578) to work on /home/airflow/.local/lib/python3.8/site-packages/airflow/example_dags/example_branch_python_dop_operator_3.py
[2023-12-03T09:56:43.418+0000] {processor.py:829} INFO - Processing file /home/airflow/.local/lib/python3.8/site-packages/airflow/example_dags/example_branch_python_dop_operator_3.py for tasks to queue
[2023-12-03T09:56:43.421+0000] {logging_mixin.py:154} INFO - [2023-12-03T09:56:43.421+0000] {dagbag.py:536} INFO - Filling up the DagBag from /home/airflow/.local/lib/python3.8/site-packages/airflow/example_dags/example_branch_python_dop_operator_3.py
[2023-12-03T09:56:43.430+0000] {processor.py:839} INFO - DAG(s) dict_keys(['example_branch_dop_operator_v3']) retrieved from /home/airflow/.local/lib/python3.8/site-packages/airflow/example_dags/example_branch_python_dop_operator_3.py
[2023-12-03T09:56:43.448+0000] {logging_mixin.py:154} INFO - [2023-12-03T09:56:43.447+0000] {dag.py:2941} INFO - Sync 1 DAGs
[2023-12-03T09:56:43.470+0000] {logging_mixin.py:154} INFO - [2023-12-03T09:56:43.470+0000] {dag.py:3722} INFO - Setting next_dagrun for example_branch_dop_operator_v3 to 2023-12-03T09:55:00+00:00, run_after=2023-12-03T09:56:00+00:00
[2023-12-03T09:56:43.484+0000] {processor.py:179} INFO - Processing /home/airflow/.local/lib/python3.8/site-packages/airflow/example_dags/example_branch_python_dop_operator_3.py took 0.071 seconds
[2023-12-03T09:57:14.189+0000] {processor.py:157} INFO - Started process (PID=1636) to work on /home/airflow/.local/lib/python3.8/site-packages/airflow/example_dags/example_branch_python_dop_operator_3.py
[2023-12-03T09:57:14.190+0000] {processor.py:829} INFO - Processing file /home/airflow/.local/lib/python3.8/site-packages/airflow/example_dags/example_branch_python_dop_operator_3.py for tasks to queue
[2023-12-03T09:57:14.193+0000] {logging_mixin.py:154} INFO - [2023-12-03T09:57:14.193+0000] {dagbag.py:536} INFO - Filling up the DagBag from /home/airflow/.local/lib/python3.8/site-packages/airflow/example_dags/example_branch_python_dop_operator_3.py
[2023-12-03T09:57:14.202+0000] {processor.py:839} INFO - DAG(s) dict_keys(['example_branch_dop_operator_v3']) retrieved from /home/airflow/.local/lib/python3.8/site-packages/airflow/example_dags/example_branch_python_dop_operator_3.py
[2023-12-03T09:57:14.219+0000] {logging_mixin.py:154} INFO - [2023-12-03T09:57:14.218+0000] {dag.py:2941} INFO - Sync 1 DAGs
[2023-12-03T09:57:14.240+0000] {logging_mixin.py:154} INFO - [2023-12-03T09:57:14.239+0000] {dag.py:3722} INFO - Setting next_dagrun for example_branch_dop_operator_v3 to 2023-12-03T09:56:00+00:00, run_after=2023-12-03T09:57:00+00:00
[2023-12-03T09:57:14.251+0000] {processor.py:179} INFO - Processing /home/airflow/.local/lib/python3.8/site-packages/airflow/example_dags/example_branch_python_dop_operator_3.py took 0.067 seconds
[2023-12-03T09:57:44.436+0000] {processor.py:157} INFO - Started process (PID=1696) to work on /home/airflow/.local/lib/python3.8/site-packages/airflow/example_dags/example_branch_python_dop_operator_3.py
[2023-12-03T09:57:44.438+0000] {processor.py:829} INFO - Processing file /home/airflow/.local/lib/python3.8/site-packages/airflow/example_dags/example_branch_python_dop_operator_3.py for tasks to queue
[2023-12-03T09:57:44.441+0000] {logging_mixin.py:154} INFO - [2023-12-03T09:57:44.441+0000] {dagbag.py:536} INFO - Filling up the DagBag from /home/airflow/.local/lib/python3.8/site-packages/airflow/example_dags/example_branch_python_dop_operator_3.py
[2023-12-03T09:57:44.452+0000] {processor.py:839} INFO - DAG(s) dict_keys(['example_branch_dop_operator_v3']) retrieved from /home/airflow/.local/lib/python3.8/site-packages/airflow/example_dags/example_branch_python_dop_operator_3.py
[2023-12-03T09:57:44.472+0000] {logging_mixin.py:154} INFO - [2023-12-03T09:57:44.472+0000] {dag.py:2941} INFO - Sync 1 DAGs
[2023-12-03T09:57:44.500+0000] {logging_mixin.py:154} INFO - [2023-12-03T09:57:44.499+0000] {dag.py:3722} INFO - Setting next_dagrun for example_branch_dop_operator_v3 to 2023-12-03T09:56:00+00:00, run_after=2023-12-03T09:57:00+00:00
[2023-12-03T09:57:44.517+0000] {processor.py:179} INFO - Processing /home/airflow/.local/lib/python3.8/site-packages/airflow/example_dags/example_branch_python_dop_operator_3.py took 0.085 seconds
[2023-12-03T09:58:14.605+0000] {processor.py:157} INFO - Started process (PID=1754) to work on /home/airflow/.local/lib/python3.8/site-packages/airflow/example_dags/example_branch_python_dop_operator_3.py
[2023-12-03T09:58:14.606+0000] {processor.py:829} INFO - Processing file /home/airflow/.local/lib/python3.8/site-packages/airflow/example_dags/example_branch_python_dop_operator_3.py for tasks to queue
[2023-12-03T09:58:14.609+0000] {logging_mixin.py:154} INFO - [2023-12-03T09:58:14.609+0000] {dagbag.py:536} INFO - Filling up the DagBag from /home/airflow/.local/lib/python3.8/site-packages/airflow/example_dags/example_branch_python_dop_operator_3.py
[2023-12-03T09:58:14.618+0000] {processor.py:839} INFO - DAG(s) dict_keys(['example_branch_dop_operator_v3']) retrieved from /home/airflow/.local/lib/python3.8/site-packages/airflow/example_dags/example_branch_python_dop_operator_3.py
[2023-12-03T09:58:14.637+0000] {logging_mixin.py:154} INFO - [2023-12-03T09:58:14.637+0000] {dag.py:2941} INFO - Sync 1 DAGs
[2023-12-03T09:58:14.659+0000] {logging_mixin.py:154} INFO - [2023-12-03T09:58:14.659+0000] {dag.py:3722} INFO - Setting next_dagrun for example_branch_dop_operator_v3 to 2023-12-03T09:57:00+00:00, run_after=2023-12-03T09:58:00+00:00
[2023-12-03T09:58:14.674+0000] {processor.py:179} INFO - Processing /home/airflow/.local/lib/python3.8/site-packages/airflow/example_dags/example_branch_python_dop_operator_3.py took 0.073 seconds
[2023-12-03T09:58:44.992+0000] {processor.py:157} INFO - Started process (PID=1811) to work on /home/airflow/.local/lib/python3.8/site-packages/airflow/example_dags/example_branch_python_dop_operator_3.py
[2023-12-03T09:58:44.994+0000] {processor.py:829} INFO - Processing file /home/airflow/.local/lib/python3.8/site-packages/airflow/example_dags/example_branch_python_dop_operator_3.py for tasks to queue
[2023-12-03T09:58:44.997+0000] {logging_mixin.py:154} INFO - [2023-12-03T09:58:44.996+0000] {dagbag.py:536} INFO - Filling up the DagBag from /home/airflow/.local/lib/python3.8/site-packages/airflow/example_dags/example_branch_python_dop_operator_3.py
[2023-12-03T09:58:45.006+0000] {processor.py:839} INFO - DAG(s) dict_keys(['example_branch_dop_operator_v3']) retrieved from /home/airflow/.local/lib/python3.8/site-packages/airflow/example_dags/example_branch_python_dop_operator_3.py
[2023-12-03T09:58:45.024+0000] {logging_mixin.py:154} INFO - [2023-12-03T09:58:45.023+0000] {dag.py:2941} INFO - Sync 1 DAGs
[2023-12-03T09:58:45.046+0000] {logging_mixin.py:154} INFO - [2023-12-03T09:58:45.046+0000] {dag.py:3722} INFO - Setting next_dagrun for example_branch_dop_operator_v3 to 2023-12-03T09:57:00+00:00, run_after=2023-12-03T09:58:00+00:00
[2023-12-03T09:58:45.060+0000] {processor.py:179} INFO - Processing /home/airflow/.local/lib/python3.8/site-packages/airflow/example_dags/example_branch_python_dop_operator_3.py took 0.072 seconds
[2023-12-03T09:59:15.654+0000] {processor.py:157} INFO - Started process (PID=1869) to work on /home/airflow/.local/lib/python3.8/site-packages/airflow/example_dags/example_branch_python_dop_operator_3.py
[2023-12-03T09:59:15.655+0000] {processor.py:829} INFO - Processing file /home/airflow/.local/lib/python3.8/site-packages/airflow/example_dags/example_branch_python_dop_operator_3.py for tasks to queue
[2023-12-03T09:59:15.658+0000] {logging_mixin.py:154} INFO - [2023-12-03T09:59:15.658+0000] {dagbag.py:536} INFO - Filling up the DagBag from /home/airflow/.local/lib/python3.8/site-packages/airflow/example_dags/example_branch_python_dop_operator_3.py
[2023-12-03T09:59:15.667+0000] {processor.py:839} INFO - DAG(s) dict_keys(['example_branch_dop_operator_v3']) retrieved from /home/airflow/.local/lib/python3.8/site-packages/airflow/example_dags/example_branch_python_dop_operator_3.py
[2023-12-03T09:59:15.685+0000] {logging_mixin.py:154} INFO - [2023-12-03T09:59:15.685+0000] {dag.py:2941} INFO - Sync 1 DAGs
[2023-12-03T09:59:15.707+0000] {logging_mixin.py:154} INFO - [2023-12-03T09:59:15.707+0000] {dag.py:3722} INFO - Setting next_dagrun for example_branch_dop_operator_v3 to 2023-12-03T09:58:00+00:00, run_after=2023-12-03T09:59:00+00:00
[2023-12-03T09:59:15.722+0000] {processor.py:179} INFO - Processing /home/airflow/.local/lib/python3.8/site-packages/airflow/example_dags/example_branch_python_dop_operator_3.py took 0.073 seconds
[2023-12-03T09:59:46.565+0000] {processor.py:157} INFO - Started process (PID=1928) to work on /home/airflow/.local/lib/python3.8/site-packages/airflow/example_dags/example_branch_python_dop_operator_3.py
[2023-12-03T09:59:46.567+0000] {processor.py:829} INFO - Processing file /home/airflow/.local/lib/python3.8/site-packages/airflow/example_dags/example_branch_python_dop_operator_3.py for tasks to queue
[2023-12-03T09:59:46.570+0000] {logging_mixin.py:154} INFO - [2023-12-03T09:59:46.570+0000] {dagbag.py:536} INFO - Filling up the DagBag from /home/airflow/.local/lib/python3.8/site-packages/airflow/example_dags/example_branch_python_dop_operator_3.py
[2023-12-03T09:59:46.581+0000] {processor.py:839} INFO - DAG(s) dict_keys(['example_branch_dop_operator_v3']) retrieved from /home/airflow/.local/lib/python3.8/site-packages/airflow/example_dags/example_branch_python_dop_operator_3.py
[2023-12-03T09:59:46.602+0000] {logging_mixin.py:154} INFO - [2023-12-03T09:59:46.602+0000] {dag.py:2941} INFO - Sync 1 DAGs
[2023-12-03T09:59:46.624+0000] {logging_mixin.py:154} INFO - [2023-12-03T09:59:46.624+0000] {dag.py:3722} INFO - Setting next_dagrun for example_branch_dop_operator_v3 to 2023-12-03T09:58:00+00:00, run_after=2023-12-03T09:59:00+00:00
[2023-12-03T09:59:46.638+0000] {processor.py:179} INFO - Processing /home/airflow/.local/lib/python3.8/site-packages/airflow/example_dags/example_branch_python_dop_operator_3.py took 0.078 seconds
[2023-12-03T10:00:17.082+0000] {processor.py:157} INFO - Started process (PID=1990) to work on /home/airflow/.local/lib/python3.8/site-packages/airflow/example_dags/example_branch_python_dop_operator_3.py
[2023-12-03T10:00:17.083+0000] {processor.py:829} INFO - Processing file /home/airflow/.local/lib/python3.8/site-packages/airflow/example_dags/example_branch_python_dop_operator_3.py for tasks to queue
[2023-12-03T10:00:17.085+0000] {logging_mixin.py:154} INFO - [2023-12-03T10:00:17.085+0000] {dagbag.py:536} INFO - Filling up the DagBag from /home/airflow/.local/lib/python3.8/site-packages/airflow/example_dags/example_branch_python_dop_operator_3.py
[2023-12-03T10:00:17.094+0000] {processor.py:839} INFO - DAG(s) dict_keys(['example_branch_dop_operator_v3']) retrieved from /home/airflow/.local/lib/python3.8/site-packages/airflow/example_dags/example_branch_python_dop_operator_3.py
[2023-12-03T10:00:17.112+0000] {logging_mixin.py:154} INFO - [2023-12-03T10:00:17.112+0000] {dag.py:2941} INFO - Sync 1 DAGs
[2023-12-03T10:00:17.134+0000] {logging_mixin.py:154} INFO - [2023-12-03T10:00:17.134+0000] {dag.py:3722} INFO - Setting next_dagrun for example_branch_dop_operator_v3 to 2023-12-03T09:59:00+00:00, run_after=2023-12-03T10:00:00+00:00
[2023-12-03T10:00:17.149+0000] {processor.py:179} INFO - Processing /home/airflow/.local/lib/python3.8/site-packages/airflow/example_dags/example_branch_python_dop_operator_3.py took 0.072 seconds
[2023-12-03T10:00:47.663+0000] {processor.py:157} INFO - Started process (PID=2048) to work on /home/airflow/.local/lib/python3.8/site-packages/airflow/example_dags/example_branch_python_dop_operator_3.py
[2023-12-03T10:00:47.664+0000] {processor.py:829} INFO - Processing file /home/airflow/.local/lib/python3.8/site-packages/airflow/example_dags/example_branch_python_dop_operator_3.py for tasks to queue
[2023-12-03T10:00:47.667+0000] {logging_mixin.py:154} INFO - [2023-12-03T10:00:47.666+0000] {dagbag.py:536} INFO - Filling up the DagBag from /home/airflow/.local/lib/python3.8/site-packages/airflow/example_dags/example_branch_python_dop_operator_3.py
[2023-12-03T10:00:47.675+0000] {processor.py:839} INFO - DAG(s) dict_keys(['example_branch_dop_operator_v3']) retrieved from /home/airflow/.local/lib/python3.8/site-packages/airflow/example_dags/example_branch_python_dop_operator_3.py
[2023-12-03T10:00:47.693+0000] {logging_mixin.py:154} INFO - [2023-12-03T10:00:47.692+0000] {dag.py:2941} INFO - Sync 1 DAGs
[2023-12-03T10:00:47.714+0000] {logging_mixin.py:154} INFO - [2023-12-03T10:00:47.714+0000] {dag.py:3722} INFO - Setting next_dagrun for example_branch_dop_operator_v3 to 2023-12-03T09:59:00+00:00, run_after=2023-12-03T10:00:00+00:00
[2023-12-03T10:00:47.727+0000] {processor.py:179} INFO - Processing /home/airflow/.local/lib/python3.8/site-packages/airflow/example_dags/example_branch_python_dop_operator_3.py took 0.069 seconds
[2023-12-03T10:01:17.797+0000] {processor.py:157} INFO - Started process (PID=2106) to work on /home/airflow/.local/lib/python3.8/site-packages/airflow/example_dags/example_branch_python_dop_operator_3.py
[2023-12-03T10:01:17.798+0000] {processor.py:829} INFO - Processing file /home/airflow/.local/lib/python3.8/site-packages/airflow/example_dags/example_branch_python_dop_operator_3.py for tasks to queue
[2023-12-03T10:01:17.801+0000] {logging_mixin.py:154} INFO - [2023-12-03T10:01:17.801+0000] {dagbag.py:536} INFO - Filling up the DagBag from /home/airflow/.local/lib/python3.8/site-packages/airflow/example_dags/example_branch_python_dop_operator_3.py
[2023-12-03T10:01:17.810+0000] {processor.py:839} INFO - DAG(s) dict_keys(['example_branch_dop_operator_v3']) retrieved from /home/airflow/.local/lib/python3.8/site-packages/airflow/example_dags/example_branch_python_dop_operator_3.py
[2023-12-03T10:01:17.827+0000] {logging_mixin.py:154} INFO - [2023-12-03T10:01:17.827+0000] {dag.py:2941} INFO - Sync 1 DAGs
[2023-12-03T10:01:17.849+0000] {logging_mixin.py:154} INFO - [2023-12-03T10:01:17.849+0000] {dag.py:3722} INFO - Setting next_dagrun for example_branch_dop_operator_v3 to 2023-12-03T10:00:00+00:00, run_after=2023-12-03T10:01:00+00:00
[2023-12-03T10:01:17.863+0000] {processor.py:179} INFO - Processing /home/airflow/.local/lib/python3.8/site-packages/airflow/example_dags/example_branch_python_dop_operator_3.py took 0.070 seconds
[2023-12-03T10:01:47.979+0000] {processor.py:157} INFO - Started process (PID=2164) to work on /home/airflow/.local/lib/python3.8/site-packages/airflow/example_dags/example_branch_python_dop_operator_3.py
[2023-12-03T10:01:47.980+0000] {processor.py:829} INFO - Processing file /home/airflow/.local/lib/python3.8/site-packages/airflow/example_dags/example_branch_python_dop_operator_3.py for tasks to queue
[2023-12-03T10:01:47.983+0000] {logging_mixin.py:154} INFO - [2023-12-03T10:01:47.982+0000] {dagbag.py:536} INFO - Filling up the DagBag from /home/airflow/.local/lib/python3.8/site-packages/airflow/example_dags/example_branch_python_dop_operator_3.py
[2023-12-03T10:01:47.991+0000] {processor.py:839} INFO - DAG(s) dict_keys(['example_branch_dop_operator_v3']) retrieved from /home/airflow/.local/lib/python3.8/site-packages/airflow/example_dags/example_branch_python_dop_operator_3.py
[2023-12-03T10:01:48.008+0000] {logging_mixin.py:154} INFO - [2023-12-03T10:01:48.007+0000] {dag.py:2941} INFO - Sync 1 DAGs
[2023-12-03T10:01:48.029+0000] {logging_mixin.py:154} INFO - [2023-12-03T10:01:48.029+0000] {dag.py:3722} INFO - Setting next_dagrun for example_branch_dop_operator_v3 to 2023-12-03T10:00:00+00:00, run_after=2023-12-03T10:01:00+00:00
[2023-12-03T10:01:48.043+0000] {processor.py:179} INFO - Processing /home/airflow/.local/lib/python3.8/site-packages/airflow/example_dags/example_branch_python_dop_operator_3.py took 0.067 seconds
[2023-12-03T10:02:18.876+0000] {processor.py:157} INFO - Started process (PID=2222) to work on /home/airflow/.local/lib/python3.8/site-packages/airflow/example_dags/example_branch_python_dop_operator_3.py
[2023-12-03T10:02:18.877+0000] {processor.py:829} INFO - Processing file /home/airflow/.local/lib/python3.8/site-packages/airflow/example_dags/example_branch_python_dop_operator_3.py for tasks to queue
[2023-12-03T10:02:18.880+0000] {logging_mixin.py:154} INFO - [2023-12-03T10:02:18.880+0000] {dagbag.py:536} INFO - Filling up the DagBag from /home/airflow/.local/lib/python3.8/site-packages/airflow/example_dags/example_branch_python_dop_operator_3.py
[2023-12-03T10:02:18.889+0000] {processor.py:839} INFO - DAG(s) dict_keys(['example_branch_dop_operator_v3']) retrieved from /home/airflow/.local/lib/python3.8/site-packages/airflow/example_dags/example_branch_python_dop_operator_3.py
[2023-12-03T10:02:18.907+0000] {logging_mixin.py:154} INFO - [2023-12-03T10:02:18.907+0000] {dag.py:2941} INFO - Sync 1 DAGs
[2023-12-03T10:02:18.935+0000] {logging_mixin.py:154} INFO - [2023-12-03T10:02:18.935+0000] {dag.py:3722} INFO - Setting next_dagrun for example_branch_dop_operator_v3 to 2023-12-03T10:01:00+00:00, run_after=2023-12-03T10:02:00+00:00
[2023-12-03T10:02:18.952+0000] {processor.py:179} INFO - Processing /home/airflow/.local/lib/python3.8/site-packages/airflow/example_dags/example_branch_python_dop_operator_3.py took 0.081 seconds
[2023-12-03T10:02:49.002+0000] {processor.py:157} INFO - Started process (PID=2280) to work on /home/airflow/.local/lib/python3.8/site-packages/airflow/example_dags/example_branch_python_dop_operator_3.py
[2023-12-03T10:02:49.003+0000] {processor.py:829} INFO - Processing file /home/airflow/.local/lib/python3.8/site-packages/airflow/example_dags/example_branch_python_dop_operator_3.py for tasks to queue
[2023-12-03T10:02:49.006+0000] {logging_mixin.py:154} INFO - [2023-12-03T10:02:49.006+0000] {dagbag.py:536} INFO - Filling up the DagBag from /home/airflow/.local/lib/python3.8/site-packages/airflow/example_dags/example_branch_python_dop_operator_3.py
[2023-12-03T10:02:49.015+0000] {processor.py:839} INFO - DAG(s) dict_keys(['example_branch_dop_operator_v3']) retrieved from /home/airflow/.local/lib/python3.8/site-packages/airflow/example_dags/example_branch_python_dop_operator_3.py
[2023-12-03T10:02:49.034+0000] {logging_mixin.py:154} INFO - [2023-12-03T10:02:49.033+0000] {dag.py:2941} INFO - Sync 1 DAGs
[2023-12-03T10:02:49.056+0000] {logging_mixin.py:154} INFO - [2023-12-03T10:02:49.056+0000] {dag.py:3722} INFO - Setting next_dagrun for example_branch_dop_operator_v3 to 2023-12-03T10:01:00+00:00, run_after=2023-12-03T10:02:00+00:00
[2023-12-03T10:02:49.069+0000] {processor.py:179} INFO - Processing /home/airflow/.local/lib/python3.8/site-packages/airflow/example_dags/example_branch_python_dop_operator_3.py took 0.073 seconds
[2023-12-03T10:03:19.283+0000] {processor.py:157} INFO - Started process (PID=2338) to work on /home/airflow/.local/lib/python3.8/site-packages/airflow/example_dags/example_branch_python_dop_operator_3.py
[2023-12-03T10:03:19.284+0000] {processor.py:829} INFO - Processing file /home/airflow/.local/lib/python3.8/site-packages/airflow/example_dags/example_branch_python_dop_operator_3.py for tasks to queue
[2023-12-03T10:03:19.287+0000] {logging_mixin.py:154} INFO - [2023-12-03T10:03:19.287+0000] {dagbag.py:536} INFO - Filling up the DagBag from /home/airflow/.local/lib/python3.8/site-packages/airflow/example_dags/example_branch_python_dop_operator_3.py
[2023-12-03T10:03:19.296+0000] {processor.py:839} INFO - DAG(s) dict_keys(['example_branch_dop_operator_v3']) retrieved from /home/airflow/.local/lib/python3.8/site-packages/airflow/example_dags/example_branch_python_dop_operator_3.py
[2023-12-03T10:03:19.314+0000] {logging_mixin.py:154} INFO - [2023-12-03T10:03:19.314+0000] {dag.py:2941} INFO - Sync 1 DAGs
[2023-12-03T10:03:19.335+0000] {logging_mixin.py:154} INFO - [2023-12-03T10:03:19.335+0000] {dag.py:3722} INFO - Setting next_dagrun for example_branch_dop_operator_v3 to 2023-12-03T10:02:00+00:00, run_after=2023-12-03T10:03:00+00:00
[2023-12-03T10:03:19.350+0000] {processor.py:179} INFO - Processing /home/airflow/.local/lib/python3.8/site-packages/airflow/example_dags/example_branch_python_dop_operator_3.py took 0.071 seconds
[2023-12-03T10:03:49.573+0000] {processor.py:157} INFO - Started process (PID=2396) to work on /home/airflow/.local/lib/python3.8/site-packages/airflow/example_dags/example_branch_python_dop_operator_3.py
[2023-12-03T10:03:49.574+0000] {processor.py:829} INFO - Processing file /home/airflow/.local/lib/python3.8/site-packages/airflow/example_dags/example_branch_python_dop_operator_3.py for tasks to queue
[2023-12-03T10:03:49.577+0000] {logging_mixin.py:154} INFO - [2023-12-03T10:03:49.576+0000] {dagbag.py:536} INFO - Filling up the DagBag from /home/airflow/.local/lib/python3.8/site-packages/airflow/example_dags/example_branch_python_dop_operator_3.py
[2023-12-03T10:03:49.586+0000] {processor.py:839} INFO - DAG(s) dict_keys(['example_branch_dop_operator_v3']) retrieved from /home/airflow/.local/lib/python3.8/site-packages/airflow/example_dags/example_branch_python_dop_operator_3.py
[2023-12-03T10:03:49.605+0000] {logging_mixin.py:154} INFO - [2023-12-03T10:03:49.604+0000] {dag.py:2941} INFO - Sync 1 DAGs
[2023-12-03T10:03:49.626+0000] {logging_mixin.py:154} INFO - [2023-12-03T10:03:49.626+0000] {dag.py:3722} INFO - Setting next_dagrun for example_branch_dop_operator_v3 to 2023-12-03T10:02:00+00:00, run_after=2023-12-03T10:03:00+00:00
[2023-12-03T10:03:49.640+0000] {processor.py:179} INFO - Processing /home/airflow/.local/lib/python3.8/site-packages/airflow/example_dags/example_branch_python_dop_operator_3.py took 0.071 seconds
[2023-12-03T10:04:20.305+0000] {processor.py:157} INFO - Started process (PID=2454) to work on /home/airflow/.local/lib/python3.8/site-packages/airflow/example_dags/example_branch_python_dop_operator_3.py
[2023-12-03T10:04:20.306+0000] {processor.py:829} INFO - Processing file /home/airflow/.local/lib/python3.8/site-packages/airflow/example_dags/example_branch_python_dop_operator_3.py for tasks to queue
[2023-12-03T10:04:20.309+0000] {logging_mixin.py:154} INFO - [2023-12-03T10:04:20.309+0000] {dagbag.py:536} INFO - Filling up the DagBag from /home/airflow/.local/lib/python3.8/site-packages/airflow/example_dags/example_branch_python_dop_operator_3.py
[2023-12-03T10:04:20.318+0000] {processor.py:839} INFO - DAG(s) dict_keys(['example_branch_dop_operator_v3']) retrieved from /home/airflow/.local/lib/python3.8/site-packages/airflow/example_dags/example_branch_python_dop_operator_3.py
[2023-12-03T10:04:20.337+0000] {logging_mixin.py:154} INFO - [2023-12-03T10:04:20.336+0000] {dag.py:2941} INFO - Sync 1 DAGs
[2023-12-03T10:04:20.362+0000] {logging_mixin.py:154} INFO - [2023-12-03T10:04:20.362+0000] {dag.py:3722} INFO - Setting next_dagrun for example_branch_dop_operator_v3 to 2023-12-03T10:03:00+00:00, run_after=2023-12-03T10:04:00+00:00
[2023-12-03T10:04:20.381+0000] {processor.py:179} INFO - Processing /home/airflow/.local/lib/python3.8/site-packages/airflow/example_dags/example_branch_python_dop_operator_3.py took 0.079 seconds
[2023-12-03T10:04:51.002+0000] {processor.py:157} INFO - Started process (PID=2512) to work on /home/airflow/.local/lib/python3.8/site-packages/airflow/example_dags/example_branch_python_dop_operator_3.py
[2023-12-03T10:04:51.003+0000] {processor.py:829} INFO - Processing file /home/airflow/.local/lib/python3.8/site-packages/airflow/example_dags/example_branch_python_dop_operator_3.py for tasks to queue
[2023-12-03T10:04:51.006+0000] {logging_mixin.py:154} INFO - [2023-12-03T10:04:51.006+0000] {dagbag.py:536} INFO - Filling up the DagBag from /home/airflow/.local/lib/python3.8/site-packages/airflow/example_dags/example_branch_python_dop_operator_3.py
[2023-12-03T10:04:51.015+0000] {processor.py:839} INFO - DAG(s) dict_keys(['example_branch_dop_operator_v3']) retrieved from /home/airflow/.local/lib/python3.8/site-packages/airflow/example_dags/example_branch_python_dop_operator_3.py
[2023-12-03T10:04:51.033+0000] {logging_mixin.py:154} INFO - [2023-12-03T10:04:51.032+0000] {dag.py:2941} INFO - Sync 1 DAGs
[2023-12-03T10:04:51.056+0000] {logging_mixin.py:154} INFO - [2023-12-03T10:04:51.056+0000] {dag.py:3722} INFO - Setting next_dagrun for example_branch_dop_operator_v3 to 2023-12-03T10:03:00+00:00, run_after=2023-12-03T10:04:00+00:00
[2023-12-03T10:04:51.071+0000] {processor.py:179} INFO - Processing /home/airflow/.local/lib/python3.8/site-packages/airflow/example_dags/example_branch_python_dop_operator_3.py took 0.074 seconds
[2023-12-03T10:05:21.210+0000] {processor.py:157} INFO - Started process (PID=2570) to work on /home/airflow/.local/lib/python3.8/site-packages/airflow/example_dags/example_branch_python_dop_operator_3.py
[2023-12-03T10:05:21.211+0000] {processor.py:829} INFO - Processing file /home/airflow/.local/lib/python3.8/site-packages/airflow/example_dags/example_branch_python_dop_operator_3.py for tasks to queue
[2023-12-03T10:05:21.214+0000] {logging_mixin.py:154} INFO - [2023-12-03T10:05:21.213+0000] {dagbag.py:536} INFO - Filling up the DagBag from /home/airflow/.local/lib/python3.8/site-packages/airflow/example_dags/example_branch_python_dop_operator_3.py
[2023-12-03T10:05:21.223+0000] {processor.py:839} INFO - DAG(s) dict_keys(['example_branch_dop_operator_v3']) retrieved from /home/airflow/.local/lib/python3.8/site-packages/airflow/example_dags/example_branch_python_dop_operator_3.py
[2023-12-03T10:05:21.240+0000] {logging_mixin.py:154} INFO - [2023-12-03T10:05:21.240+0000] {dag.py:2941} INFO - Sync 1 DAGs
[2023-12-03T10:05:21.260+0000] {logging_mixin.py:154} INFO - [2023-12-03T10:05:21.260+0000] {dag.py:3722} INFO - Setting next_dagrun for example_branch_dop_operator_v3 to 2023-12-03T10:04:00+00:00, run_after=2023-12-03T10:05:00+00:00
[2023-12-03T10:05:21.273+0000] {processor.py:179} INFO - Processing /home/airflow/.local/lib/python3.8/site-packages/airflow/example_dags/example_branch_python_dop_operator_3.py took 0.068 seconds
[2023-12-03T10:05:51.310+0000] {processor.py:157} INFO - Started process (PID=2627) to work on /home/airflow/.local/lib/python3.8/site-packages/airflow/example_dags/example_branch_python_dop_operator_3.py
[2023-12-03T10:05:51.311+0000] {processor.py:829} INFO - Processing file /home/airflow/.local/lib/python3.8/site-packages/airflow/example_dags/example_branch_python_dop_operator_3.py for tasks to queue
[2023-12-03T10:05:51.314+0000] {logging_mixin.py:154} INFO - [2023-12-03T10:05:51.314+0000] {dagbag.py:536} INFO - Filling up the DagBag from /home/airflow/.local/lib/python3.8/site-packages/airflow/example_dags/example_branch_python_dop_operator_3.py
[2023-12-03T10:05:51.324+0000] {processor.py:839} INFO - DAG(s) dict_keys(['example_branch_dop_operator_v3']) retrieved from /home/airflow/.local/lib/python3.8/site-packages/airflow/example_dags/example_branch_python_dop_operator_3.py
[2023-12-03T10:05:51.342+0000] {logging_mixin.py:154} INFO - [2023-12-03T10:05:51.342+0000] {dag.py:2941} INFO - Sync 1 DAGs
[2023-12-03T10:05:51.363+0000] {logging_mixin.py:154} INFO - [2023-12-03T10:05:51.363+0000] {dag.py:3722} INFO - Setting next_dagrun for example_branch_dop_operator_v3 to 2023-12-03T10:04:00+00:00, run_after=2023-12-03T10:05:00+00:00
[2023-12-03T10:05:51.376+0000] {processor.py:179} INFO - Processing /home/airflow/.local/lib/python3.8/site-packages/airflow/example_dags/example_branch_python_dop_operator_3.py took 0.071 seconds
[2023-12-03T10:06:21.494+0000] {processor.py:157} INFO - Started process (PID=2685) to work on /home/airflow/.local/lib/python3.8/site-packages/airflow/example_dags/example_branch_python_dop_operator_3.py
[2023-12-03T10:06:21.495+0000] {processor.py:829} INFO - Processing file /home/airflow/.local/lib/python3.8/site-packages/airflow/example_dags/example_branch_python_dop_operator_3.py for tasks to queue
[2023-12-03T10:06:21.498+0000] {logging_mixin.py:154} INFO - [2023-12-03T10:06:21.498+0000] {dagbag.py:536} INFO - Filling up the DagBag from /home/airflow/.local/lib/python3.8/site-packages/airflow/example_dags/example_branch_python_dop_operator_3.py
[2023-12-03T10:06:21.507+0000] {processor.py:839} INFO - DAG(s) dict_keys(['example_branch_dop_operator_v3']) retrieved from /home/airflow/.local/lib/python3.8/site-packages/airflow/example_dags/example_branch_python_dop_operator_3.py
[2023-12-03T10:06:21.524+0000] {logging_mixin.py:154} INFO - [2023-12-03T10:06:21.524+0000] {dag.py:2941} INFO - Sync 1 DAGs
[2023-12-03T10:06:21.543+0000] {logging_mixin.py:154} INFO - [2023-12-03T10:06:21.543+0000] {dag.py:3722} INFO - Setting next_dagrun for example_branch_dop_operator_v3 to 2023-12-03T10:05:00+00:00, run_after=2023-12-03T10:06:00+00:00
[2023-12-03T10:06:21.560+0000] {processor.py:179} INFO - Processing /home/airflow/.local/lib/python3.8/site-packages/airflow/example_dags/example_branch_python_dop_operator_3.py took 0.071 seconds
[2023-12-03T10:06:51.940+0000] {processor.py:157} INFO - Started process (PID=2743) to work on /home/airflow/.local/lib/python3.8/site-packages/airflow/example_dags/example_branch_python_dop_operator_3.py
[2023-12-03T10:06:51.941+0000] {processor.py:829} INFO - Processing file /home/airflow/.local/lib/python3.8/site-packages/airflow/example_dags/example_branch_python_dop_operator_3.py for tasks to queue
[2023-12-03T10:06:51.944+0000] {logging_mixin.py:154} INFO - [2023-12-03T10:06:51.943+0000] {dagbag.py:536} INFO - Filling up the DagBag from /home/airflow/.local/lib/python3.8/site-packages/airflow/example_dags/example_branch_python_dop_operator_3.py
[2023-12-03T10:06:51.952+0000] {processor.py:839} INFO - DAG(s) dict_keys(['example_branch_dop_operator_v3']) retrieved from /home/airflow/.local/lib/python3.8/site-packages/airflow/example_dags/example_branch_python_dop_operator_3.py
[2023-12-03T10:06:51.970+0000] {logging_mixin.py:154} INFO - [2023-12-03T10:06:51.970+0000] {dag.py:2941} INFO - Sync 1 DAGs
[2023-12-03T10:06:51.992+0000] {logging_mixin.py:154} INFO - [2023-12-03T10:06:51.992+0000] {dag.py:3722} INFO - Setting next_dagrun for example_branch_dop_operator_v3 to 2023-12-03T10:05:00+00:00, run_after=2023-12-03T10:06:00+00:00
[2023-12-03T10:06:52.006+0000] {processor.py:179} INFO - Processing /home/airflow/.local/lib/python3.8/site-packages/airflow/example_dags/example_branch_python_dop_operator_3.py took 0.071 seconds
[2023-12-03T10:07:22.048+0000] {processor.py:157} INFO - Started process (PID=2801) to work on /home/airflow/.local/lib/python3.8/site-packages/airflow/example_dags/example_branch_python_dop_operator_3.py
[2023-12-03T10:07:22.049+0000] {processor.py:829} INFO - Processing file /home/airflow/.local/lib/python3.8/site-packages/airflow/example_dags/example_branch_python_dop_operator_3.py for tasks to queue
[2023-12-03T10:07:22.051+0000] {logging_mixin.py:154} INFO - [2023-12-03T10:07:22.051+0000] {dagbag.py:536} INFO - Filling up the DagBag from /home/airflow/.local/lib/python3.8/site-packages/airflow/example_dags/example_branch_python_dop_operator_3.py
[2023-12-03T10:07:22.059+0000] {processor.py:839} INFO - DAG(s) dict_keys(['example_branch_dop_operator_v3']) retrieved from /home/airflow/.local/lib/python3.8/site-packages/airflow/example_dags/example_branch_python_dop_operator_3.py
[2023-12-03T10:07:22.077+0000] {logging_mixin.py:154} INFO - [2023-12-03T10:07:22.076+0000] {dag.py:2941} INFO - Sync 1 DAGs
[2023-12-03T10:07:22.098+0000] {logging_mixin.py:154} INFO - [2023-12-03T10:07:22.097+0000] {dag.py:3722} INFO - Setting next_dagrun for example_branch_dop_operator_v3 to 2023-12-03T10:06:00+00:00, run_after=2023-12-03T10:07:00+00:00
[2023-12-03T10:07:22.110+0000] {processor.py:179} INFO - Processing /home/airflow/.local/lib/python3.8/site-packages/airflow/example_dags/example_branch_python_dop_operator_3.py took 0.066 seconds
[2023-12-03T10:07:52.605+0000] {processor.py:157} INFO - Started process (PID=2859) to work on /home/airflow/.local/lib/python3.8/site-packages/airflow/example_dags/example_branch_python_dop_operator_3.py
[2023-12-03T10:07:52.606+0000] {processor.py:829} INFO - Processing file /home/airflow/.local/lib/python3.8/site-packages/airflow/example_dags/example_branch_python_dop_operator_3.py for tasks to queue
[2023-12-03T10:07:52.609+0000] {logging_mixin.py:154} INFO - [2023-12-03T10:07:52.608+0000] {dagbag.py:536} INFO - Filling up the DagBag from /home/airflow/.local/lib/python3.8/site-packages/airflow/example_dags/example_branch_python_dop_operator_3.py
[2023-12-03T10:07:52.617+0000] {processor.py:839} INFO - DAG(s) dict_keys(['example_branch_dop_operator_v3']) retrieved from /home/airflow/.local/lib/python3.8/site-packages/airflow/example_dags/example_branch_python_dop_operator_3.py
[2023-12-03T10:07:52.631+0000] {logging_mixin.py:154} INFO - [2023-12-03T10:07:52.630+0000] {dag.py:2941} INFO - Sync 1 DAGs
[2023-12-03T10:07:52.647+0000] {logging_mixin.py:154} INFO - [2023-12-03T10:07:52.647+0000] {dag.py:3722} INFO - Setting next_dagrun for example_branch_dop_operator_v3 to 2023-12-03T10:06:00+00:00, run_after=2023-12-03T10:07:00+00:00
[2023-12-03T10:07:52.657+0000] {processor.py:179} INFO - Processing /home/airflow/.local/lib/python3.8/site-packages/airflow/example_dags/example_branch_python_dop_operator_3.py took 0.057 seconds
[2023-12-03T11:28:20.275+0000] {processor.py:157} INFO - Started process (PID=2915) to work on /home/airflow/.local/lib/python3.8/site-packages/airflow/example_dags/example_branch_python_dop_operator_3.py
[2023-12-03T11:28:20.277+0000] {processor.py:829} INFO - Processing file /home/airflow/.local/lib/python3.8/site-packages/airflow/example_dags/example_branch_python_dop_operator_3.py for tasks to queue
[2023-12-03T11:28:20.279+0000] {logging_mixin.py:154} INFO - [2023-12-03T11:28:20.279+0000] {dagbag.py:536} INFO - Filling up the DagBag from /home/airflow/.local/lib/python3.8/site-packages/airflow/example_dags/example_branch_python_dop_operator_3.py
[2023-12-03T11:28:20.288+0000] {processor.py:839} INFO - DAG(s) dict_keys(['example_branch_dop_operator_v3']) retrieved from /home/airflow/.local/lib/python3.8/site-packages/airflow/example_dags/example_branch_python_dop_operator_3.py
[2023-12-03T11:28:20.306+0000] {logging_mixin.py:154} INFO - [2023-12-03T11:28:20.306+0000] {dag.py:2941} INFO - Sync 1 DAGs
[2023-12-03T11:28:20.325+0000] {logging_mixin.py:154} INFO - [2023-12-03T11:28:20.325+0000] {dag.py:3722} INFO - Setting next_dagrun for example_branch_dop_operator_v3 to 2023-12-03T11:27:00+00:00, run_after=2023-12-03T11:28:00+00:00
[2023-12-03T11:28:20.340+0000] {processor.py:179} INFO - Processing /home/airflow/.local/lib/python3.8/site-packages/airflow/example_dags/example_branch_python_dop_operator_3.py took 0.068 seconds
[2023-12-03T12:09:29.837+0000] {processor.py:157} INFO - Started process (PID=2972) to work on /home/airflow/.local/lib/python3.8/site-packages/airflow/example_dags/example_branch_python_dop_operator_3.py
[2023-12-03T12:09:29.839+0000] {processor.py:829} INFO - Processing file /home/airflow/.local/lib/python3.8/site-packages/airflow/example_dags/example_branch_python_dop_operator_3.py for tasks to queue
[2023-12-03T12:09:29.842+0000] {logging_mixin.py:154} INFO - [2023-12-03T12:09:29.841+0000] {dagbag.py:536} INFO - Filling up the DagBag from /home/airflow/.local/lib/python3.8/site-packages/airflow/example_dags/example_branch_python_dop_operator_3.py
[2023-12-03T12:09:29.851+0000] {processor.py:839} INFO - DAG(s) dict_keys(['example_branch_dop_operator_v3']) retrieved from /home/airflow/.local/lib/python3.8/site-packages/airflow/example_dags/example_branch_python_dop_operator_3.py
[2023-12-03T12:09:29.868+0000] {logging_mixin.py:154} INFO - [2023-12-03T12:09:29.868+0000] {dag.py:2941} INFO - Sync 1 DAGs
[2023-12-03T12:09:29.887+0000] {logging_mixin.py:154} INFO - [2023-12-03T12:09:29.886+0000] {dag.py:3722} INFO - Setting next_dagrun for example_branch_dop_operator_v3 to 2023-12-03T12:08:00+00:00, run_after=2023-12-03T12:09:00+00:00
[2023-12-03T12:09:29.901+0000] {processor.py:179} INFO - Processing /home/airflow/.local/lib/python3.8/site-packages/airflow/example_dags/example_branch_python_dop_operator_3.py took 0.068 seconds
[2023-12-03T12:27:32.039+0000] {processor.py:157} INFO - Started process (PID=3030) to work on /home/airflow/.local/lib/python3.8/site-packages/airflow/example_dags/example_branch_python_dop_operator_3.py
[2023-12-03T12:27:32.040+0000] {processor.py:829} INFO - Processing file /home/airflow/.local/lib/python3.8/site-packages/airflow/example_dags/example_branch_python_dop_operator_3.py for tasks to queue
[2023-12-03T12:27:32.042+0000] {logging_mixin.py:154} INFO - [2023-12-03T12:27:32.042+0000] {dagbag.py:536} INFO - Filling up the DagBag from /home/airflow/.local/lib/python3.8/site-packages/airflow/example_dags/example_branch_python_dop_operator_3.py
[2023-12-03T12:27:32.052+0000] {processor.py:839} INFO - DAG(s) dict_keys(['example_branch_dop_operator_v3']) retrieved from /home/airflow/.local/lib/python3.8/site-packages/airflow/example_dags/example_branch_python_dop_operator_3.py
[2023-12-03T12:27:32.068+0000] {logging_mixin.py:154} INFO - [2023-12-03T12:27:32.068+0000] {dag.py:2941} INFO - Sync 1 DAGs
[2023-12-03T12:27:32.087+0000] {logging_mixin.py:154} INFO - [2023-12-03T12:27:32.087+0000] {dag.py:3722} INFO - Setting next_dagrun for example_branch_dop_operator_v3 to 2023-12-03T12:26:00+00:00, run_after=2023-12-03T12:27:00+00:00
[2023-12-03T12:27:32.100+0000] {processor.py:179} INFO - Processing /home/airflow/.local/lib/python3.8/site-packages/airflow/example_dags/example_branch_python_dop_operator_3.py took 0.065 seconds
[2023-12-03T12:44:55.259+0000] {processor.py:157} INFO - Started process (PID=3088) to work on /home/airflow/.local/lib/python3.8/site-packages/airflow/example_dags/example_branch_python_dop_operator_3.py
[2023-12-03T12:44:55.260+0000] {processor.py:829} INFO - Processing file /home/airflow/.local/lib/python3.8/site-packages/airflow/example_dags/example_branch_python_dop_operator_3.py for tasks to queue
[2023-12-03T12:44:55.262+0000] {logging_mixin.py:154} INFO - [2023-12-03T12:44:55.262+0000] {dagbag.py:536} INFO - Filling up the DagBag from /home/airflow/.local/lib/python3.8/site-packages/airflow/example_dags/example_branch_python_dop_operator_3.py
[2023-12-03T12:44:55.270+0000] {processor.py:839} INFO - DAG(s) dict_keys(['example_branch_dop_operator_v3']) retrieved from /home/airflow/.local/lib/python3.8/site-packages/airflow/example_dags/example_branch_python_dop_operator_3.py
[2023-12-03T12:44:55.287+0000] {logging_mixin.py:154} INFO - [2023-12-03T12:44:55.287+0000] {dag.py:2941} INFO - Sync 1 DAGs
[2023-12-03T12:44:55.338+0000] {logging_mixin.py:154} INFO - [2023-12-03T12:44:55.338+0000] {dag.py:3722} INFO - Setting next_dagrun for example_branch_dop_operator_v3 to 2023-12-03T12:43:00+00:00, run_after=2023-12-03T12:44:00+00:00
[2023-12-03T12:44:55.483+0000] {processor.py:179} INFO - Processing /home/airflow/.local/lib/python3.8/site-packages/airflow/example_dags/example_branch_python_dop_operator_3.py took 0.228 seconds
[2023-12-03T13:35:10.837+0000] {processor.py:157} INFO - Started process (PID=3146) to work on /home/airflow/.local/lib/python3.8/site-packages/airflow/example_dags/example_branch_python_dop_operator_3.py
[2023-12-03T13:35:10.839+0000] {processor.py:829} INFO - Processing file /home/airflow/.local/lib/python3.8/site-packages/airflow/example_dags/example_branch_python_dop_operator_3.py for tasks to queue
[2023-12-03T13:35:10.842+0000] {logging_mixin.py:154} INFO - [2023-12-03T13:35:10.841+0000] {dagbag.py:536} INFO - Filling up the DagBag from /home/airflow/.local/lib/python3.8/site-packages/airflow/example_dags/example_branch_python_dop_operator_3.py
[2023-12-03T13:35:10.850+0000] {processor.py:839} INFO - DAG(s) dict_keys(['example_branch_dop_operator_v3']) retrieved from /home/airflow/.local/lib/python3.8/site-packages/airflow/example_dags/example_branch_python_dop_operator_3.py
[2023-12-03T13:35:10.865+0000] {logging_mixin.py:154} INFO - [2023-12-03T13:35:10.865+0000] {dag.py:2941} INFO - Sync 1 DAGs
[2023-12-03T13:35:10.887+0000] {logging_mixin.py:154} INFO - [2023-12-03T13:35:10.887+0000] {dag.py:3722} INFO - Setting next_dagrun for example_branch_dop_operator_v3 to 2023-12-03T13:34:00+00:00, run_after=2023-12-03T13:35:00+00:00
[2023-12-03T13:35:10.907+0000] {processor.py:179} INFO - Processing /home/airflow/.local/lib/python3.8/site-packages/airflow/example_dags/example_branch_python_dop_operator_3.py took 0.073 seconds
[2023-12-03T14:27:24.526+0000] {processor.py:157} INFO - Started process (PID=3204) to work on /home/airflow/.local/lib/python3.8/site-packages/airflow/example_dags/example_branch_python_dop_operator_3.py
[2023-12-03T14:27:24.527+0000] {processor.py:829} INFO - Processing file /home/airflow/.local/lib/python3.8/site-packages/airflow/example_dags/example_branch_python_dop_operator_3.py for tasks to queue
[2023-12-03T14:27:24.530+0000] {logging_mixin.py:154} INFO - [2023-12-03T14:27:24.530+0000] {dagbag.py:536} INFO - Filling up the DagBag from /home/airflow/.local/lib/python3.8/site-packages/airflow/example_dags/example_branch_python_dop_operator_3.py
[2023-12-03T14:27:24.537+0000] {processor.py:839} INFO - DAG(s) dict_keys(['example_branch_dop_operator_v3']) retrieved from /home/airflow/.local/lib/python3.8/site-packages/airflow/example_dags/example_branch_python_dop_operator_3.py
[2023-12-03T14:27:24.554+0000] {logging_mixin.py:154} INFO - [2023-12-03T14:27:24.554+0000] {dag.py:2941} INFO - Sync 1 DAGs
[2023-12-03T14:27:24.574+0000] {logging_mixin.py:154} INFO - [2023-12-03T14:27:24.574+0000] {dag.py:3722} INFO - Setting next_dagrun for example_branch_dop_operator_v3 to 2023-12-03T14:26:00+00:00, run_after=2023-12-03T14:27:00+00:00
[2023-12-03T14:27:24.630+0000] {processor.py:179} INFO - Processing /home/airflow/.local/lib/python3.8/site-packages/airflow/example_dags/example_branch_python_dop_operator_3.py took 0.106 seconds
[2023-12-03T15:18:33.325+0000] {processor.py:157} INFO - Started process (PID=3262) to work on /home/airflow/.local/lib/python3.8/site-packages/airflow/example_dags/example_branch_python_dop_operator_3.py
[2023-12-03T15:18:33.326+0000] {processor.py:829} INFO - Processing file /home/airflow/.local/lib/python3.8/site-packages/airflow/example_dags/example_branch_python_dop_operator_3.py for tasks to queue
[2023-12-03T15:18:33.328+0000] {logging_mixin.py:154} INFO - [2023-12-03T15:18:33.328+0000] {dagbag.py:536} INFO - Filling up the DagBag from /home/airflow/.local/lib/python3.8/site-packages/airflow/example_dags/example_branch_python_dop_operator_3.py
[2023-12-03T15:18:33.336+0000] {processor.py:839} INFO - DAG(s) dict_keys(['example_branch_dop_operator_v3']) retrieved from /home/airflow/.local/lib/python3.8/site-packages/airflow/example_dags/example_branch_python_dop_operator_3.py
[2023-12-03T15:18:33.357+0000] {logging_mixin.py:154} INFO - [2023-12-03T15:18:33.357+0000] {dag.py:2941} INFO - Sync 1 DAGs
[2023-12-03T15:18:33.379+0000] {logging_mixin.py:154} INFO - [2023-12-03T15:18:33.379+0000] {dag.py:3722} INFO - Setting next_dagrun for example_branch_dop_operator_v3 to 2023-12-03T15:17:00+00:00, run_after=2023-12-03T15:18:00+00:00
[2023-12-03T15:18:33.395+0000] {processor.py:179} INFO - Processing /home/airflow/.local/lib/python3.8/site-packages/airflow/example_dags/example_branch_python_dop_operator_3.py took 0.074 seconds
[2023-12-03T16:07:33.487+0000] {processor.py:157} INFO - Started process (PID=3320) to work on /home/airflow/.local/lib/python3.8/site-packages/airflow/example_dags/example_branch_python_dop_operator_3.py
[2023-12-03T16:07:33.487+0000] {processor.py:829} INFO - Processing file /home/airflow/.local/lib/python3.8/site-packages/airflow/example_dags/example_branch_python_dop_operator_3.py for tasks to queue
[2023-12-03T16:07:33.490+0000] {logging_mixin.py:154} INFO - [2023-12-03T16:07:33.490+0000] {dagbag.py:536} INFO - Filling up the DagBag from /home/airflow/.local/lib/python3.8/site-packages/airflow/example_dags/example_branch_python_dop_operator_3.py
[2023-12-03T16:07:33.499+0000] {processor.py:839} INFO - DAG(s) dict_keys(['example_branch_dop_operator_v3']) retrieved from /home/airflow/.local/lib/python3.8/site-packages/airflow/example_dags/example_branch_python_dop_operator_3.py
[2023-12-03T16:07:33.516+0000] {logging_mixin.py:154} INFO - [2023-12-03T16:07:33.516+0000] {dag.py:2941} INFO - Sync 1 DAGs
[2023-12-03T16:07:33.533+0000] {logging_mixin.py:154} INFO - [2023-12-03T16:07:33.533+0000] {dag.py:3722} INFO - Setting next_dagrun for example_branch_dop_operator_v3 to 2023-12-03T16:06:00+00:00, run_after=2023-12-03T16:07:00+00:00
[2023-12-03T16:07:33.550+0000] {processor.py:179} INFO - Processing /home/airflow/.local/lib/python3.8/site-packages/airflow/example_dags/example_branch_python_dop_operator_3.py took 0.067 seconds
[2023-12-03T16:58:04.490+0000] {processor.py:157} INFO - Started process (PID=3378) to work on /home/airflow/.local/lib/python3.8/site-packages/airflow/example_dags/example_branch_python_dop_operator_3.py
[2023-12-03T16:58:04.492+0000] {processor.py:829} INFO - Processing file /home/airflow/.local/lib/python3.8/site-packages/airflow/example_dags/example_branch_python_dop_operator_3.py for tasks to queue
[2023-12-03T16:58:04.495+0000] {logging_mixin.py:154} INFO - [2023-12-03T16:58:04.495+0000] {dagbag.py:536} INFO - Filling up the DagBag from /home/airflow/.local/lib/python3.8/site-packages/airflow/example_dags/example_branch_python_dop_operator_3.py
[2023-12-03T16:58:04.503+0000] {processor.py:839} INFO - DAG(s) dict_keys(['example_branch_dop_operator_v3']) retrieved from /home/airflow/.local/lib/python3.8/site-packages/airflow/example_dags/example_branch_python_dop_operator_3.py
[2023-12-03T16:58:04.522+0000] {logging_mixin.py:154} INFO - [2023-12-03T16:58:04.522+0000] {dag.py:2941} INFO - Sync 1 DAGs
[2023-12-03T16:58:04.543+0000] {logging_mixin.py:154} INFO - [2023-12-03T16:58:04.542+0000] {dag.py:3722} INFO - Setting next_dagrun for example_branch_dop_operator_v3 to 2023-12-03T16:57:00+00:00, run_after=2023-12-03T16:58:00+00:00
[2023-12-03T16:58:04.559+0000] {processor.py:179} INFO - Processing /home/airflow/.local/lib/python3.8/site-packages/airflow/example_dags/example_branch_python_dop_operator_3.py took 0.072 seconds
[2023-12-03T17:46:22.726+0000] {processor.py:157} INFO - Started process (PID=3436) to work on /home/airflow/.local/lib/python3.8/site-packages/airflow/example_dags/example_branch_python_dop_operator_3.py
[2023-12-03T17:46:22.728+0000] {processor.py:829} INFO - Processing file /home/airflow/.local/lib/python3.8/site-packages/airflow/example_dags/example_branch_python_dop_operator_3.py for tasks to queue
[2023-12-03T17:46:22.730+0000] {logging_mixin.py:154} INFO - [2023-12-03T17:46:22.730+0000] {dagbag.py:536} INFO - Filling up the DagBag from /home/airflow/.local/lib/python3.8/site-packages/airflow/example_dags/example_branch_python_dop_operator_3.py
[2023-12-03T17:46:22.737+0000] {processor.py:839} INFO - DAG(s) dict_keys(['example_branch_dop_operator_v3']) retrieved from /home/airflow/.local/lib/python3.8/site-packages/airflow/example_dags/example_branch_python_dop_operator_3.py
[2023-12-03T17:46:22.751+0000] {logging_mixin.py:154} INFO - [2023-12-03T17:46:22.751+0000] {dag.py:2941} INFO - Sync 1 DAGs
[2023-12-03T17:46:22.766+0000] {logging_mixin.py:154} INFO - [2023-12-03T17:46:22.766+0000] {dag.py:3722} INFO - Setting next_dagrun for example_branch_dop_operator_v3 to 2023-12-03T17:45:00+00:00, run_after=2023-12-03T17:46:00+00:00
[2023-12-03T17:46:22.777+0000] {processor.py:179} INFO - Processing /home/airflow/.local/lib/python3.8/site-packages/airflow/example_dags/example_branch_python_dop_operator_3.py took 0.054 seconds
[2023-12-03T18:33:42.310+0000] {processor.py:157} INFO - Started process (PID=3494) to work on /home/airflow/.local/lib/python3.8/site-packages/airflow/example_dags/example_branch_python_dop_operator_3.py
[2023-12-03T18:33:42.312+0000] {processor.py:829} INFO - Processing file /home/airflow/.local/lib/python3.8/site-packages/airflow/example_dags/example_branch_python_dop_operator_3.py for tasks to queue
[2023-12-03T18:33:42.315+0000] {logging_mixin.py:154} INFO - [2023-12-03T18:33:42.315+0000] {dagbag.py:536} INFO - Filling up the DagBag from /home/airflow/.local/lib/python3.8/site-packages/airflow/example_dags/example_branch_python_dop_operator_3.py
[2023-12-03T18:33:42.325+0000] {processor.py:839} INFO - DAG(s) dict_keys(['example_branch_dop_operator_v3']) retrieved from /home/airflow/.local/lib/python3.8/site-packages/airflow/example_dags/example_branch_python_dop_operator_3.py
[2023-12-03T18:33:42.350+0000] {logging_mixin.py:154} INFO - [2023-12-03T18:33:42.350+0000] {dag.py:2941} INFO - Sync 1 DAGs
[2023-12-03T18:33:42.377+0000] {logging_mixin.py:154} INFO - [2023-12-03T18:33:42.376+0000] {dag.py:3722} INFO - Setting next_dagrun for example_branch_dop_operator_v3 to 2023-12-03T18:32:00+00:00, run_after=2023-12-03T18:33:00+00:00
[2023-12-03T18:33:42.393+0000] {processor.py:179} INFO - Processing /home/airflow/.local/lib/python3.8/site-packages/airflow/example_dags/example_branch_python_dop_operator_3.py took 0.086 seconds
[2023-12-03T19:06:26.783+0000] {processor.py:157} INFO - Started process (PID=3552) to work on /home/airflow/.local/lib/python3.8/site-packages/airflow/example_dags/example_branch_python_dop_operator_3.py
[2023-12-03T19:06:26.784+0000] {processor.py:829} INFO - Processing file /home/airflow/.local/lib/python3.8/site-packages/airflow/example_dags/example_branch_python_dop_operator_3.py for tasks to queue
[2023-12-03T19:06:26.787+0000] {logging_mixin.py:154} INFO - [2023-12-03T19:06:26.787+0000] {dagbag.py:536} INFO - Filling up the DagBag from /home/airflow/.local/lib/python3.8/site-packages/airflow/example_dags/example_branch_python_dop_operator_3.py
[2023-12-03T19:06:26.805+0000] {processor.py:839} INFO - DAG(s) dict_keys(['example_branch_dop_operator_v3']) retrieved from /home/airflow/.local/lib/python3.8/site-packages/airflow/example_dags/example_branch_python_dop_operator_3.py
[2023-12-03T19:06:26.874+0000] {logging_mixin.py:154} INFO - [2023-12-03T19:06:26.871+0000] {dag.py:2941} INFO - Sync 1 DAGs
[2023-12-03T19:06:26.949+0000] {logging_mixin.py:154} INFO - [2023-12-03T19:06:26.949+0000] {dag.py:3722} INFO - Setting next_dagrun for example_branch_dop_operator_v3 to 2023-12-03T19:05:00+00:00, run_after=2023-12-03T19:06:00+00:00
[2023-12-03T19:06:27.017+0000] {processor.py:179} INFO - Processing /home/airflow/.local/lib/python3.8/site-packages/airflow/example_dags/example_branch_python_dop_operator_3.py took 0.243 seconds
[2023-12-03T19:22:02.000+0000] {processor.py:157} INFO - Started process (PID=3609) to work on /home/airflow/.local/lib/python3.8/site-packages/airflow/example_dags/example_branch_python_dop_operator_3.py
[2023-12-03T19:22:02.002+0000] {processor.py:829} INFO - Processing file /home/airflow/.local/lib/python3.8/site-packages/airflow/example_dags/example_branch_python_dop_operator_3.py for tasks to queue
[2023-12-03T19:22:02.005+0000] {logging_mixin.py:154} INFO - [2023-12-03T19:22:02.004+0000] {dagbag.py:536} INFO - Filling up the DagBag from /home/airflow/.local/lib/python3.8/site-packages/airflow/example_dags/example_branch_python_dop_operator_3.py
[2023-12-03T19:22:02.013+0000] {processor.py:839} INFO - DAG(s) dict_keys(['example_branch_dop_operator_v3']) retrieved from /home/airflow/.local/lib/python3.8/site-packages/airflow/example_dags/example_branch_python_dop_operator_3.py
[2023-12-03T19:22:02.030+0000] {logging_mixin.py:154} INFO - [2023-12-03T19:22:02.030+0000] {dag.py:2941} INFO - Sync 1 DAGs
[2023-12-03T19:22:02.051+0000] {logging_mixin.py:154} INFO - [2023-12-03T19:22:02.050+0000] {dag.py:3722} INFO - Setting next_dagrun for example_branch_dop_operator_v3 to 2023-12-03T19:21:00+00:00, run_after=2023-12-03T19:22:00+00:00
[2023-12-03T19:22:02.067+0000] {processor.py:179} INFO - Processing /home/airflow/.local/lib/python3.8/site-packages/airflow/example_dags/example_branch_python_dop_operator_3.py took 0.070 seconds
[2023-12-03T20:11:34.203+0000] {processor.py:157} INFO - Started process (PID=3667) to work on /home/airflow/.local/lib/python3.8/site-packages/airflow/example_dags/example_branch_python_dop_operator_3.py
[2023-12-03T20:11:34.204+0000] {processor.py:829} INFO - Processing file /home/airflow/.local/lib/python3.8/site-packages/airflow/example_dags/example_branch_python_dop_operator_3.py for tasks to queue
[2023-12-03T20:11:34.208+0000] {logging_mixin.py:154} INFO - [2023-12-03T20:11:34.208+0000] {dagbag.py:536} INFO - Filling up the DagBag from /home/airflow/.local/lib/python3.8/site-packages/airflow/example_dags/example_branch_python_dop_operator_3.py
[2023-12-03T20:11:34.216+0000] {processor.py:839} INFO - DAG(s) dict_keys(['example_branch_dop_operator_v3']) retrieved from /home/airflow/.local/lib/python3.8/site-packages/airflow/example_dags/example_branch_python_dop_operator_3.py
[2023-12-03T20:11:34.234+0000] {logging_mixin.py:154} INFO - [2023-12-03T20:11:34.234+0000] {dag.py:2941} INFO - Sync 1 DAGs
[2023-12-03T20:11:34.253+0000] {logging_mixin.py:154} INFO - [2023-12-03T20:11:34.253+0000] {dag.py:3722} INFO - Setting next_dagrun for example_branch_dop_operator_v3 to 2023-12-03T20:10:00+00:00, run_after=2023-12-03T20:11:00+00:00
[2023-12-03T20:11:34.267+0000] {processor.py:179} INFO - Processing /home/airflow/.local/lib/python3.8/site-packages/airflow/example_dags/example_branch_python_dop_operator_3.py took 0.067 seconds
[2023-12-03T21:36:33.684+0000] {processor.py:157} INFO - Started process (PID=3718) to work on /home/airflow/.local/lib/python3.8/site-packages/airflow/example_dags/example_branch_python_dop_operator_3.py
[2023-12-03T21:36:33.685+0000] {processor.py:829} INFO - Processing file /home/airflow/.local/lib/python3.8/site-packages/airflow/example_dags/example_branch_python_dop_operator_3.py for tasks to queue
[2023-12-03T21:36:33.687+0000] {logging_mixin.py:154} INFO - [2023-12-03T21:36:33.687+0000] {dagbag.py:536} INFO - Filling up the DagBag from /home/airflow/.local/lib/python3.8/site-packages/airflow/example_dags/example_branch_python_dop_operator_3.py
[2023-12-03T21:36:33.695+0000] {processor.py:839} INFO - DAG(s) dict_keys(['example_branch_dop_operator_v3']) retrieved from /home/airflow/.local/lib/python3.8/site-packages/airflow/example_dags/example_branch_python_dop_operator_3.py
[2023-12-03T21:36:33.712+0000] {logging_mixin.py:154} INFO - [2023-12-03T21:36:33.711+0000] {dag.py:2941} INFO - Sync 1 DAGs
[2023-12-03T21:36:33.735+0000] {logging_mixin.py:154} INFO - [2023-12-03T21:36:33.735+0000] {dag.py:3722} INFO - Setting next_dagrun for example_branch_dop_operator_v3 to 2023-12-03T21:35:00+00:00, run_after=2023-12-03T21:36:00+00:00
[2023-12-03T21:36:33.753+0000] {processor.py:179} INFO - Processing /home/airflow/.local/lib/python3.8/site-packages/airflow/example_dags/example_branch_python_dop_operator_3.py took 0.073 seconds
[2023-12-03T22:57:31.731+0000] {processor.py:157} INFO - Started process (PID=3776) to work on /home/airflow/.local/lib/python3.8/site-packages/airflow/example_dags/example_branch_python_dop_operator_3.py
[2023-12-03T22:57:31.732+0000] {processor.py:829} INFO - Processing file /home/airflow/.local/lib/python3.8/site-packages/airflow/example_dags/example_branch_python_dop_operator_3.py for tasks to queue
[2023-12-03T22:57:31.735+0000] {logging_mixin.py:154} INFO - [2023-12-03T22:57:31.735+0000] {dagbag.py:536} INFO - Filling up the DagBag from /home/airflow/.local/lib/python3.8/site-packages/airflow/example_dags/example_branch_python_dop_operator_3.py
[2023-12-03T22:57:31.743+0000] {processor.py:839} INFO - DAG(s) dict_keys(['example_branch_dop_operator_v3']) retrieved from /home/airflow/.local/lib/python3.8/site-packages/airflow/example_dags/example_branch_python_dop_operator_3.py
[2023-12-03T22:57:31.761+0000] {logging_mixin.py:154} INFO - [2023-12-03T22:57:31.761+0000] {dag.py:2941} INFO - Sync 1 DAGs
[2023-12-03T22:57:31.782+0000] {logging_mixin.py:154} INFO - [2023-12-03T22:57:31.782+0000] {dag.py:3722} INFO - Setting next_dagrun for example_branch_dop_operator_v3 to 2023-12-03T22:56:00+00:00, run_after=2023-12-03T22:57:00+00:00
[2023-12-03T22:57:31.797+0000] {processor.py:179} INFO - Processing /home/airflow/.local/lib/python3.8/site-packages/airflow/example_dags/example_branch_python_dop_operator_3.py took 0.067 seconds
[2023-12-03T23:13:10.645+0000] {processor.py:157} INFO - Started process (PID=3834) to work on /home/airflow/.local/lib/python3.8/site-packages/airflow/example_dags/example_branch_python_dop_operator_3.py
[2023-12-03T23:13:10.646+0000] {processor.py:829} INFO - Processing file /home/airflow/.local/lib/python3.8/site-packages/airflow/example_dags/example_branch_python_dop_operator_3.py for tasks to queue
[2023-12-03T23:13:10.649+0000] {logging_mixin.py:154} INFO - [2023-12-03T23:13:10.649+0000] {dagbag.py:536} INFO - Filling up the DagBag from /home/airflow/.local/lib/python3.8/site-packages/airflow/example_dags/example_branch_python_dop_operator_3.py
[2023-12-03T23:13:10.660+0000] {processor.py:839} INFO - DAG(s) dict_keys(['example_branch_dop_operator_v3']) retrieved from /home/airflow/.local/lib/python3.8/site-packages/airflow/example_dags/example_branch_python_dop_operator_3.py
[2023-12-03T23:13:10.677+0000] {logging_mixin.py:154} INFO - [2023-12-03T23:13:10.677+0000] {dag.py:2941} INFO - Sync 1 DAGs
[2023-12-03T23:13:10.695+0000] {logging_mixin.py:154} INFO - [2023-12-03T23:13:10.695+0000] {dag.py:3722} INFO - Setting next_dagrun for example_branch_dop_operator_v3 to 2023-12-03T23:12:00+00:00, run_after=2023-12-03T23:13:00+00:00
[2023-12-03T23:13:10.709+0000] {processor.py:179} INFO - Processing /home/airflow/.local/lib/python3.8/site-packages/airflow/example_dags/example_branch_python_dop_operator_3.py took 0.067 seconds
[2023-12-03T23:22:19.046+0000] {processor.py:157} INFO - Started process (PID=3892) to work on /home/airflow/.local/lib/python3.8/site-packages/airflow/example_dags/example_branch_python_dop_operator_3.py
[2023-12-03T23:22:19.047+0000] {processor.py:829} INFO - Processing file /home/airflow/.local/lib/python3.8/site-packages/airflow/example_dags/example_branch_python_dop_operator_3.py for tasks to queue
[2023-12-03T23:22:19.049+0000] {logging_mixin.py:154} INFO - [2023-12-03T23:22:19.049+0000] {dagbag.py:536} INFO - Filling up the DagBag from /home/airflow/.local/lib/python3.8/site-packages/airflow/example_dags/example_branch_python_dop_operator_3.py
[2023-12-03T23:22:19.057+0000] {processor.py:839} INFO - DAG(s) dict_keys(['example_branch_dop_operator_v3']) retrieved from /home/airflow/.local/lib/python3.8/site-packages/airflow/example_dags/example_branch_python_dop_operator_3.py
[2023-12-03T23:22:19.074+0000] {logging_mixin.py:154} INFO - [2023-12-03T23:22:19.073+0000] {dag.py:2941} INFO - Sync 1 DAGs
[2023-12-03T23:22:19.097+0000] {logging_mixin.py:154} INFO - [2023-12-03T23:22:19.097+0000] {dag.py:3722} INFO - Setting next_dagrun for example_branch_dop_operator_v3 to 2023-12-03T23:21:00+00:00, run_after=2023-12-03T23:22:00+00:00
[2023-12-03T23:22:19.117+0000] {processor.py:179} INFO - Processing /home/airflow/.local/lib/python3.8/site-packages/airflow/example_dags/example_branch_python_dop_operator_3.py took 0.075 seconds
