[2023-12-03T09:43:22.759+0000] {processor.py:157} INFO - Started process (PID=45) to work on /home/airflow/.local/lib/python3.8/site-packages/airflow/example_dags/example_kubernetes_executor.py
[2023-12-03T09:43:22.761+0000] {processor.py:829} INFO - Processing file /home/airflow/.local/lib/python3.8/site-packages/airflow/example_dags/example_kubernetes_executor.py for tasks to queue
[2023-12-03T09:43:22.766+0000] {logging_mixin.py:154} INFO - [2023-12-03T09:43:22.765+0000] {dagbag.py:536} INFO - Filling up the DagBag from /home/airflow/.local/lib/python3.8/site-packages/airflow/example_dags/example_kubernetes_executor.py
[2023-12-03T09:43:22.798+0000] {processor.py:839} INFO - DAG(s) dict_keys(['example_kubernetes_executor']) retrieved from /home/airflow/.local/lib/python3.8/site-packages/airflow/example_dags/example_kubernetes_executor.py
[2023-12-03T09:43:22.816+0000] {logging_mixin.py:154} INFO - [2023-12-03T09:43:22.816+0000] {dag.py:2941} INFO - Sync 1 DAGs
[2023-12-03T09:43:22.839+0000] {logging_mixin.py:154} INFO - [2023-12-03T09:43:22.838+0000] {dag.py:3722} INFO - Setting next_dagrun for example_kubernetes_executor to None, run_after=None
[2023-12-03T09:43:22.866+0000] {processor.py:179} INFO - Processing /home/airflow/.local/lib/python3.8/site-packages/airflow/example_dags/example_kubernetes_executor.py took 0.114 seconds
[2023-12-03T09:43:53.628+0000] {processor.py:157} INFO - Started process (PID=103) to work on /home/airflow/.local/lib/python3.8/site-packages/airflow/example_dags/example_kubernetes_executor.py
[2023-12-03T09:43:53.629+0000] {processor.py:829} INFO - Processing file /home/airflow/.local/lib/python3.8/site-packages/airflow/example_dags/example_kubernetes_executor.py for tasks to queue
[2023-12-03T09:43:53.631+0000] {logging_mixin.py:154} INFO - [2023-12-03T09:43:53.631+0000] {dagbag.py:536} INFO - Filling up the DagBag from /home/airflow/.local/lib/python3.8/site-packages/airflow/example_dags/example_kubernetes_executor.py
[2023-12-03T09:43:53.644+0000] {processor.py:839} INFO - DAG(s) dict_keys(['example_kubernetes_executor']) retrieved from /home/airflow/.local/lib/python3.8/site-packages/airflow/example_dags/example_kubernetes_executor.py
[2023-12-03T09:43:53.686+0000] {logging_mixin.py:154} INFO - [2023-12-03T09:43:53.686+0000] {dag.py:2941} INFO - Sync 1 DAGs
[2023-12-03T09:43:53.696+0000] {logging_mixin.py:154} INFO - [2023-12-03T09:43:53.696+0000] {dag.py:3722} INFO - Setting next_dagrun for example_kubernetes_executor to None, run_after=None
[2023-12-03T09:43:53.713+0000] {processor.py:179} INFO - Processing /home/airflow/.local/lib/python3.8/site-packages/airflow/example_dags/example_kubernetes_executor.py took 0.089 seconds
[2023-12-03T09:44:24.645+0000] {processor.py:157} INFO - Started process (PID=160) to work on /home/airflow/.local/lib/python3.8/site-packages/airflow/example_dags/example_kubernetes_executor.py
[2023-12-03T09:44:24.646+0000] {processor.py:829} INFO - Processing file /home/airflow/.local/lib/python3.8/site-packages/airflow/example_dags/example_kubernetes_executor.py for tasks to queue
[2023-12-03T09:44:24.649+0000] {logging_mixin.py:154} INFO - [2023-12-03T09:44:24.648+0000] {dagbag.py:536} INFO - Filling up the DagBag from /home/airflow/.local/lib/python3.8/site-packages/airflow/example_dags/example_kubernetes_executor.py
[2023-12-03T09:44:24.661+0000] {processor.py:839} INFO - DAG(s) dict_keys(['example_kubernetes_executor']) retrieved from /home/airflow/.local/lib/python3.8/site-packages/airflow/example_dags/example_kubernetes_executor.py
[2023-12-03T09:44:24.697+0000] {logging_mixin.py:154} INFO - [2023-12-03T09:44:24.697+0000] {dag.py:2941} INFO - Sync 1 DAGs
[2023-12-03T09:44:24.710+0000] {logging_mixin.py:154} INFO - [2023-12-03T09:44:24.710+0000] {dag.py:3722} INFO - Setting next_dagrun for example_kubernetes_executor to None, run_after=None
[2023-12-03T09:44:24.726+0000] {processor.py:179} INFO - Processing /home/airflow/.local/lib/python3.8/site-packages/airflow/example_dags/example_kubernetes_executor.py took 0.085 seconds
[2023-12-03T09:44:55.747+0000] {processor.py:157} INFO - Started process (PID=218) to work on /home/airflow/.local/lib/python3.8/site-packages/airflow/example_dags/example_kubernetes_executor.py
[2023-12-03T09:44:55.748+0000] {processor.py:829} INFO - Processing file /home/airflow/.local/lib/python3.8/site-packages/airflow/example_dags/example_kubernetes_executor.py for tasks to queue
[2023-12-03T09:44:55.750+0000] {logging_mixin.py:154} INFO - [2023-12-03T09:44:55.749+0000] {dagbag.py:536} INFO - Filling up the DagBag from /home/airflow/.local/lib/python3.8/site-packages/airflow/example_dags/example_kubernetes_executor.py
[2023-12-03T09:44:55.761+0000] {processor.py:839} INFO - DAG(s) dict_keys(['example_kubernetes_executor']) retrieved from /home/airflow/.local/lib/python3.8/site-packages/airflow/example_dags/example_kubernetes_executor.py
[2023-12-03T09:44:55.799+0000] {logging_mixin.py:154} INFO - [2023-12-03T09:44:55.798+0000] {dag.py:2941} INFO - Sync 1 DAGs
[2023-12-03T09:44:55.811+0000] {logging_mixin.py:154} INFO - [2023-12-03T09:44:55.811+0000] {dag.py:3722} INFO - Setting next_dagrun for example_kubernetes_executor to None, run_after=None
[2023-12-03T09:44:55.826+0000] {processor.py:179} INFO - Processing /home/airflow/.local/lib/python3.8/site-packages/airflow/example_dags/example_kubernetes_executor.py took 0.083 seconds
[2023-12-03T09:45:26.304+0000] {processor.py:157} INFO - Started process (PID=275) to work on /home/airflow/.local/lib/python3.8/site-packages/airflow/example_dags/example_kubernetes_executor.py
[2023-12-03T09:45:26.305+0000] {processor.py:829} INFO - Processing file /home/airflow/.local/lib/python3.8/site-packages/airflow/example_dags/example_kubernetes_executor.py for tasks to queue
[2023-12-03T09:45:26.307+0000] {logging_mixin.py:154} INFO - [2023-12-03T09:45:26.307+0000] {dagbag.py:536} INFO - Filling up the DagBag from /home/airflow/.local/lib/python3.8/site-packages/airflow/example_dags/example_kubernetes_executor.py
[2023-12-03T09:45:26.323+0000] {processor.py:839} INFO - DAG(s) dict_keys(['example_kubernetes_executor']) retrieved from /home/airflow/.local/lib/python3.8/site-packages/airflow/example_dags/example_kubernetes_executor.py
[2023-12-03T09:45:26.363+0000] {logging_mixin.py:154} INFO - [2023-12-03T09:45:26.362+0000] {dag.py:2941} INFO - Sync 1 DAGs
[2023-12-03T09:45:26.376+0000] {logging_mixin.py:154} INFO - [2023-12-03T09:45:26.376+0000] {dag.py:3722} INFO - Setting next_dagrun for example_kubernetes_executor to None, run_after=None
[2023-12-03T09:45:26.394+0000] {processor.py:179} INFO - Processing /home/airflow/.local/lib/python3.8/site-packages/airflow/example_dags/example_kubernetes_executor.py took 0.095 seconds
[2023-12-03T09:45:56.523+0000] {processor.py:157} INFO - Started process (PID=335) to work on /home/airflow/.local/lib/python3.8/site-packages/airflow/example_dags/example_kubernetes_executor.py
[2023-12-03T09:45:56.525+0000] {processor.py:829} INFO - Processing file /home/airflow/.local/lib/python3.8/site-packages/airflow/example_dags/example_kubernetes_executor.py for tasks to queue
[2023-12-03T09:45:56.528+0000] {logging_mixin.py:154} INFO - [2023-12-03T09:45:56.527+0000] {dagbag.py:536} INFO - Filling up the DagBag from /home/airflow/.local/lib/python3.8/site-packages/airflow/example_dags/example_kubernetes_executor.py
[2023-12-03T09:45:56.546+0000] {processor.py:839} INFO - DAG(s) dict_keys(['example_kubernetes_executor']) retrieved from /home/airflow/.local/lib/python3.8/site-packages/airflow/example_dags/example_kubernetes_executor.py
[2023-12-03T09:45:56.595+0000] {logging_mixin.py:154} INFO - [2023-12-03T09:45:56.595+0000] {dag.py:2941} INFO - Sync 1 DAGs
[2023-12-03T09:45:56.615+0000] {logging_mixin.py:154} INFO - [2023-12-03T09:45:56.614+0000] {dag.py:3722} INFO - Setting next_dagrun for example_kubernetes_executor to None, run_after=None
[2023-12-03T09:45:56.640+0000] {processor.py:179} INFO - Processing /home/airflow/.local/lib/python3.8/site-packages/airflow/example_dags/example_kubernetes_executor.py took 0.123 seconds
[2023-12-03T09:46:27.001+0000] {processor.py:157} INFO - Started process (PID=391) to work on /home/airflow/.local/lib/python3.8/site-packages/airflow/example_dags/example_kubernetes_executor.py
[2023-12-03T09:46:27.003+0000] {processor.py:829} INFO - Processing file /home/airflow/.local/lib/python3.8/site-packages/airflow/example_dags/example_kubernetes_executor.py for tasks to queue
[2023-12-03T09:46:27.007+0000] {logging_mixin.py:154} INFO - [2023-12-03T09:46:27.007+0000] {dagbag.py:536} INFO - Filling up the DagBag from /home/airflow/.local/lib/python3.8/site-packages/airflow/example_dags/example_kubernetes_executor.py
[2023-12-03T09:46:27.030+0000] {processor.py:839} INFO - DAG(s) dict_keys(['example_kubernetes_executor']) retrieved from /home/airflow/.local/lib/python3.8/site-packages/airflow/example_dags/example_kubernetes_executor.py
[2023-12-03T09:46:27.085+0000] {logging_mixin.py:154} INFO - [2023-12-03T09:46:27.085+0000] {dag.py:2941} INFO - Sync 1 DAGs
[2023-12-03T09:46:27.103+0000] {logging_mixin.py:154} INFO - [2023-12-03T09:46:27.102+0000] {dag.py:3722} INFO - Setting next_dagrun for example_kubernetes_executor to None, run_after=None
[2023-12-03T09:46:27.124+0000] {processor.py:179} INFO - Processing /home/airflow/.local/lib/python3.8/site-packages/airflow/example_dags/example_kubernetes_executor.py took 0.128 seconds
[2023-12-03T09:46:57.410+0000] {processor.py:157} INFO - Started process (PID=449) to work on /home/airflow/.local/lib/python3.8/site-packages/airflow/example_dags/example_kubernetes_executor.py
[2023-12-03T09:46:57.412+0000] {processor.py:829} INFO - Processing file /home/airflow/.local/lib/python3.8/site-packages/airflow/example_dags/example_kubernetes_executor.py for tasks to queue
[2023-12-03T09:46:57.415+0000] {logging_mixin.py:154} INFO - [2023-12-03T09:46:57.415+0000] {dagbag.py:536} INFO - Filling up the DagBag from /home/airflow/.local/lib/python3.8/site-packages/airflow/example_dags/example_kubernetes_executor.py
[2023-12-03T09:46:57.431+0000] {processor.py:839} INFO - DAG(s) dict_keys(['example_kubernetes_executor']) retrieved from /home/airflow/.local/lib/python3.8/site-packages/airflow/example_dags/example_kubernetes_executor.py
[2023-12-03T09:46:57.475+0000] {logging_mixin.py:154} INFO - [2023-12-03T09:46:57.474+0000] {dag.py:2941} INFO - Sync 1 DAGs
[2023-12-03T09:46:57.488+0000] {logging_mixin.py:154} INFO - [2023-12-03T09:46:57.488+0000] {dag.py:3722} INFO - Setting next_dagrun for example_kubernetes_executor to None, run_after=None
[2023-12-03T09:46:57.513+0000] {processor.py:179} INFO - Processing /home/airflow/.local/lib/python3.8/site-packages/airflow/example_dags/example_kubernetes_executor.py took 0.107 seconds
[2023-12-03T09:47:28.182+0000] {processor.py:157} INFO - Started process (PID=507) to work on /home/airflow/.local/lib/python3.8/site-packages/airflow/example_dags/example_kubernetes_executor.py
[2023-12-03T09:47:28.183+0000] {processor.py:829} INFO - Processing file /home/airflow/.local/lib/python3.8/site-packages/airflow/example_dags/example_kubernetes_executor.py for tasks to queue
[2023-12-03T09:47:28.185+0000] {logging_mixin.py:154} INFO - [2023-12-03T09:47:28.185+0000] {dagbag.py:536} INFO - Filling up the DagBag from /home/airflow/.local/lib/python3.8/site-packages/airflow/example_dags/example_kubernetes_executor.py
[2023-12-03T09:47:28.202+0000] {processor.py:839} INFO - DAG(s) dict_keys(['example_kubernetes_executor']) retrieved from /home/airflow/.local/lib/python3.8/site-packages/airflow/example_dags/example_kubernetes_executor.py
[2023-12-03T09:47:28.245+0000] {logging_mixin.py:154} INFO - [2023-12-03T09:47:28.244+0000] {dag.py:2941} INFO - Sync 1 DAGs
[2023-12-03T09:47:28.261+0000] {logging_mixin.py:154} INFO - [2023-12-03T09:47:28.261+0000] {dag.py:3722} INFO - Setting next_dagrun for example_kubernetes_executor to None, run_after=None
[2023-12-03T09:47:28.284+0000] {processor.py:179} INFO - Processing /home/airflow/.local/lib/python3.8/site-packages/airflow/example_dags/example_kubernetes_executor.py took 0.105 seconds
[2023-12-03T09:47:58.444+0000] {processor.py:157} INFO - Started process (PID=565) to work on /home/airflow/.local/lib/python3.8/site-packages/airflow/example_dags/example_kubernetes_executor.py
[2023-12-03T09:47:58.445+0000] {processor.py:829} INFO - Processing file /home/airflow/.local/lib/python3.8/site-packages/airflow/example_dags/example_kubernetes_executor.py for tasks to queue
[2023-12-03T09:47:58.447+0000] {logging_mixin.py:154} INFO - [2023-12-03T09:47:58.447+0000] {dagbag.py:536} INFO - Filling up the DagBag from /home/airflow/.local/lib/python3.8/site-packages/airflow/example_dags/example_kubernetes_executor.py
[2023-12-03T09:47:58.461+0000] {processor.py:839} INFO - DAG(s) dict_keys(['example_kubernetes_executor']) retrieved from /home/airflow/.local/lib/python3.8/site-packages/airflow/example_dags/example_kubernetes_executor.py
[2023-12-03T09:47:58.502+0000] {logging_mixin.py:154} INFO - [2023-12-03T09:47:58.502+0000] {dag.py:2941} INFO - Sync 1 DAGs
[2023-12-03T09:47:58.514+0000] {logging_mixin.py:154} INFO - [2023-12-03T09:47:58.513+0000] {dag.py:3722} INFO - Setting next_dagrun for example_kubernetes_executor to None, run_after=None
[2023-12-03T09:47:58.529+0000] {processor.py:179} INFO - Processing /home/airflow/.local/lib/python3.8/site-packages/airflow/example_dags/example_kubernetes_executor.py took 0.090 seconds
[2023-12-03T09:48:28.566+0000] {processor.py:157} INFO - Started process (PID=622) to work on /home/airflow/.local/lib/python3.8/site-packages/airflow/example_dags/example_kubernetes_executor.py
[2023-12-03T09:48:28.567+0000] {processor.py:829} INFO - Processing file /home/airflow/.local/lib/python3.8/site-packages/airflow/example_dags/example_kubernetes_executor.py for tasks to queue
[2023-12-03T09:48:28.569+0000] {logging_mixin.py:154} INFO - [2023-12-03T09:48:28.569+0000] {dagbag.py:536} INFO - Filling up the DagBag from /home/airflow/.local/lib/python3.8/site-packages/airflow/example_dags/example_kubernetes_executor.py
[2023-12-03T09:48:28.581+0000] {processor.py:839} INFO - DAG(s) dict_keys(['example_kubernetes_executor']) retrieved from /home/airflow/.local/lib/python3.8/site-packages/airflow/example_dags/example_kubernetes_executor.py
[2023-12-03T09:48:28.610+0000] {logging_mixin.py:154} INFO - [2023-12-03T09:48:28.610+0000] {dag.py:2941} INFO - Sync 1 DAGs
[2023-12-03T09:48:28.620+0000] {logging_mixin.py:154} INFO - [2023-12-03T09:48:28.620+0000] {dag.py:3722} INFO - Setting next_dagrun for example_kubernetes_executor to None, run_after=None
[2023-12-03T09:48:28.634+0000] {processor.py:179} INFO - Processing /home/airflow/.local/lib/python3.8/site-packages/airflow/example_dags/example_kubernetes_executor.py took 0.071 seconds
[2023-12-03T09:48:59.428+0000] {processor.py:157} INFO - Started process (PID=680) to work on /home/airflow/.local/lib/python3.8/site-packages/airflow/example_dags/example_kubernetes_executor.py
[2023-12-03T09:48:59.429+0000] {processor.py:829} INFO - Processing file /home/airflow/.local/lib/python3.8/site-packages/airflow/example_dags/example_kubernetes_executor.py for tasks to queue
[2023-12-03T09:48:59.431+0000] {logging_mixin.py:154} INFO - [2023-12-03T09:48:59.431+0000] {dagbag.py:536} INFO - Filling up the DagBag from /home/airflow/.local/lib/python3.8/site-packages/airflow/example_dags/example_kubernetes_executor.py
[2023-12-03T09:48:59.444+0000] {processor.py:839} INFO - DAG(s) dict_keys(['example_kubernetes_executor']) retrieved from /home/airflow/.local/lib/python3.8/site-packages/airflow/example_dags/example_kubernetes_executor.py
[2023-12-03T09:48:59.479+0000] {logging_mixin.py:154} INFO - [2023-12-03T09:48:59.478+0000] {dag.py:2941} INFO - Sync 1 DAGs
[2023-12-03T09:48:59.491+0000] {logging_mixin.py:154} INFO - [2023-12-03T09:48:59.490+0000] {dag.py:3722} INFO - Setting next_dagrun for example_kubernetes_executor to None, run_after=None
[2023-12-03T09:48:59.507+0000] {processor.py:179} INFO - Processing /home/airflow/.local/lib/python3.8/site-packages/airflow/example_dags/example_kubernetes_executor.py took 0.082 seconds
[2023-12-03T09:49:30.380+0000] {processor.py:157} INFO - Started process (PID=738) to work on /home/airflow/.local/lib/python3.8/site-packages/airflow/example_dags/example_kubernetes_executor.py
[2023-12-03T09:49:30.381+0000] {processor.py:829} INFO - Processing file /home/airflow/.local/lib/python3.8/site-packages/airflow/example_dags/example_kubernetes_executor.py for tasks to queue
[2023-12-03T09:49:30.383+0000] {logging_mixin.py:154} INFO - [2023-12-03T09:49:30.383+0000] {dagbag.py:536} INFO - Filling up the DagBag from /home/airflow/.local/lib/python3.8/site-packages/airflow/example_dags/example_kubernetes_executor.py
[2023-12-03T09:49:30.394+0000] {processor.py:839} INFO - DAG(s) dict_keys(['example_kubernetes_executor']) retrieved from /home/airflow/.local/lib/python3.8/site-packages/airflow/example_dags/example_kubernetes_executor.py
[2023-12-03T09:49:30.423+0000] {logging_mixin.py:154} INFO - [2023-12-03T09:49:30.423+0000] {dag.py:2941} INFO - Sync 1 DAGs
[2023-12-03T09:49:30.434+0000] {logging_mixin.py:154} INFO - [2023-12-03T09:49:30.434+0000] {dag.py:3722} INFO - Setting next_dagrun for example_kubernetes_executor to None, run_after=None
[2023-12-03T09:49:30.458+0000] {processor.py:179} INFO - Processing /home/airflow/.local/lib/python3.8/site-packages/airflow/example_dags/example_kubernetes_executor.py took 0.082 seconds
[2023-12-03T09:50:00.681+0000] {processor.py:157} INFO - Started process (PID=796) to work on /home/airflow/.local/lib/python3.8/site-packages/airflow/example_dags/example_kubernetes_executor.py
[2023-12-03T09:50:00.683+0000] {processor.py:829} INFO - Processing file /home/airflow/.local/lib/python3.8/site-packages/airflow/example_dags/example_kubernetes_executor.py for tasks to queue
[2023-12-03T09:50:00.686+0000] {logging_mixin.py:154} INFO - [2023-12-03T09:50:00.685+0000] {dagbag.py:536} INFO - Filling up the DagBag from /home/airflow/.local/lib/python3.8/site-packages/airflow/example_dags/example_kubernetes_executor.py
[2023-12-03T09:50:00.701+0000] {processor.py:839} INFO - DAG(s) dict_keys(['example_kubernetes_executor']) retrieved from /home/airflow/.local/lib/python3.8/site-packages/airflow/example_dags/example_kubernetes_executor.py
[2023-12-03T09:50:00.743+0000] {logging_mixin.py:154} INFO - [2023-12-03T09:50:00.743+0000] {dag.py:2941} INFO - Sync 1 DAGs
[2023-12-03T09:50:00.759+0000] {logging_mixin.py:154} INFO - [2023-12-03T09:50:00.759+0000] {dag.py:3722} INFO - Setting next_dagrun for example_kubernetes_executor to None, run_after=None
[2023-12-03T09:50:00.778+0000] {processor.py:179} INFO - Processing /home/airflow/.local/lib/python3.8/site-packages/airflow/example_dags/example_kubernetes_executor.py took 0.100 seconds
[2023-12-03T09:50:31.648+0000] {processor.py:157} INFO - Started process (PID=854) to work on /home/airflow/.local/lib/python3.8/site-packages/airflow/example_dags/example_kubernetes_executor.py
[2023-12-03T09:50:31.650+0000] {processor.py:829} INFO - Processing file /home/airflow/.local/lib/python3.8/site-packages/airflow/example_dags/example_kubernetes_executor.py for tasks to queue
[2023-12-03T09:50:31.653+0000] {logging_mixin.py:154} INFO - [2023-12-03T09:50:31.653+0000] {dagbag.py:536} INFO - Filling up the DagBag from /home/airflow/.local/lib/python3.8/site-packages/airflow/example_dags/example_kubernetes_executor.py
[2023-12-03T09:50:31.672+0000] {processor.py:839} INFO - DAG(s) dict_keys(['example_kubernetes_executor']) retrieved from /home/airflow/.local/lib/python3.8/site-packages/airflow/example_dags/example_kubernetes_executor.py
[2023-12-03T09:50:31.722+0000] {logging_mixin.py:154} INFO - [2023-12-03T09:50:31.722+0000] {dag.py:2941} INFO - Sync 1 DAGs
[2023-12-03T09:50:31.749+0000] {logging_mixin.py:154} INFO - [2023-12-03T09:50:31.749+0000] {dag.py:3722} INFO - Setting next_dagrun for example_kubernetes_executor to None, run_after=None
[2023-12-03T09:50:31.767+0000] {processor.py:179} INFO - Processing /home/airflow/.local/lib/python3.8/site-packages/airflow/example_dags/example_kubernetes_executor.py took 0.124 seconds
[2023-12-03T09:51:01.879+0000] {processor.py:157} INFO - Started process (PID=912) to work on /home/airflow/.local/lib/python3.8/site-packages/airflow/example_dags/example_kubernetes_executor.py
[2023-12-03T09:51:01.881+0000] {processor.py:829} INFO - Processing file /home/airflow/.local/lib/python3.8/site-packages/airflow/example_dags/example_kubernetes_executor.py for tasks to queue
[2023-12-03T09:51:01.884+0000] {logging_mixin.py:154} INFO - [2023-12-03T09:51:01.884+0000] {dagbag.py:536} INFO - Filling up the DagBag from /home/airflow/.local/lib/python3.8/site-packages/airflow/example_dags/example_kubernetes_executor.py
[2023-12-03T09:51:01.902+0000] {processor.py:839} INFO - DAG(s) dict_keys(['example_kubernetes_executor']) retrieved from /home/airflow/.local/lib/python3.8/site-packages/airflow/example_dags/example_kubernetes_executor.py
[2023-12-03T09:51:01.949+0000] {logging_mixin.py:154} INFO - [2023-12-03T09:51:01.949+0000] {dag.py:2941} INFO - Sync 1 DAGs
[2023-12-03T09:51:01.962+0000] {logging_mixin.py:154} INFO - [2023-12-03T09:51:01.962+0000] {dag.py:3722} INFO - Setting next_dagrun for example_kubernetes_executor to None, run_after=None
[2023-12-03T09:51:01.981+0000] {processor.py:179} INFO - Processing /home/airflow/.local/lib/python3.8/site-packages/airflow/example_dags/example_kubernetes_executor.py took 0.106 seconds
[2023-12-03T09:51:32.187+0000] {processor.py:157} INFO - Started process (PID=970) to work on /home/airflow/.local/lib/python3.8/site-packages/airflow/example_dags/example_kubernetes_executor.py
[2023-12-03T09:51:32.188+0000] {processor.py:829} INFO - Processing file /home/airflow/.local/lib/python3.8/site-packages/airflow/example_dags/example_kubernetes_executor.py for tasks to queue
[2023-12-03T09:51:32.190+0000] {logging_mixin.py:154} INFO - [2023-12-03T09:51:32.190+0000] {dagbag.py:536} INFO - Filling up the DagBag from /home/airflow/.local/lib/python3.8/site-packages/airflow/example_dags/example_kubernetes_executor.py
[2023-12-03T09:51:32.203+0000] {processor.py:839} INFO - DAG(s) dict_keys(['example_kubernetes_executor']) retrieved from /home/airflow/.local/lib/python3.8/site-packages/airflow/example_dags/example_kubernetes_executor.py
[2023-12-03T09:51:32.235+0000] {logging_mixin.py:154} INFO - [2023-12-03T09:51:32.235+0000] {dag.py:2941} INFO - Sync 1 DAGs
[2023-12-03T09:51:32.245+0000] {logging_mixin.py:154} INFO - [2023-12-03T09:51:32.245+0000] {dag.py:3722} INFO - Setting next_dagrun for example_kubernetes_executor to None, run_after=None
[2023-12-03T09:51:32.261+0000] {processor.py:179} INFO - Processing /home/airflow/.local/lib/python3.8/site-packages/airflow/example_dags/example_kubernetes_executor.py took 0.078 seconds
[2023-12-03T09:52:03.064+0000] {processor.py:157} INFO - Started process (PID=1028) to work on /home/airflow/.local/lib/python3.8/site-packages/airflow/example_dags/example_kubernetes_executor.py
[2023-12-03T09:52:03.065+0000] {processor.py:829} INFO - Processing file /home/airflow/.local/lib/python3.8/site-packages/airflow/example_dags/example_kubernetes_executor.py for tasks to queue
[2023-12-03T09:52:03.067+0000] {logging_mixin.py:154} INFO - [2023-12-03T09:52:03.067+0000] {dagbag.py:536} INFO - Filling up the DagBag from /home/airflow/.local/lib/python3.8/site-packages/airflow/example_dags/example_kubernetes_executor.py
[2023-12-03T09:52:03.079+0000] {processor.py:839} INFO - DAG(s) dict_keys(['example_kubernetes_executor']) retrieved from /home/airflow/.local/lib/python3.8/site-packages/airflow/example_dags/example_kubernetes_executor.py
[2023-12-03T09:52:03.111+0000] {logging_mixin.py:154} INFO - [2023-12-03T09:52:03.111+0000] {dag.py:2941} INFO - Sync 1 DAGs
[2023-12-03T09:52:03.123+0000] {logging_mixin.py:154} INFO - [2023-12-03T09:52:03.123+0000] {dag.py:3722} INFO - Setting next_dagrun for example_kubernetes_executor to None, run_after=None
[2023-12-03T09:52:03.138+0000] {processor.py:179} INFO - Processing /home/airflow/.local/lib/python3.8/site-packages/airflow/example_dags/example_kubernetes_executor.py took 0.077 seconds
[2023-12-03T09:52:33.187+0000] {processor.py:157} INFO - Started process (PID=1086) to work on /home/airflow/.local/lib/python3.8/site-packages/airflow/example_dags/example_kubernetes_executor.py
[2023-12-03T09:52:33.188+0000] {processor.py:829} INFO - Processing file /home/airflow/.local/lib/python3.8/site-packages/airflow/example_dags/example_kubernetes_executor.py for tasks to queue
[2023-12-03T09:52:33.191+0000] {logging_mixin.py:154} INFO - [2023-12-03T09:52:33.190+0000] {dagbag.py:536} INFO - Filling up the DagBag from /home/airflow/.local/lib/python3.8/site-packages/airflow/example_dags/example_kubernetes_executor.py
[2023-12-03T09:52:33.203+0000] {processor.py:839} INFO - DAG(s) dict_keys(['example_kubernetes_executor']) retrieved from /home/airflow/.local/lib/python3.8/site-packages/airflow/example_dags/example_kubernetes_executor.py
[2023-12-03T09:52:33.234+0000] {logging_mixin.py:154} INFO - [2023-12-03T09:52:33.234+0000] {dag.py:2941} INFO - Sync 1 DAGs
[2023-12-03T09:52:33.246+0000] {logging_mixin.py:154} INFO - [2023-12-03T09:52:33.246+0000] {dag.py:3722} INFO - Setting next_dagrun for example_kubernetes_executor to None, run_after=None
[2023-12-03T09:52:33.260+0000] {processor.py:179} INFO - Processing /home/airflow/.local/lib/python3.8/site-packages/airflow/example_dags/example_kubernetes_executor.py took 0.076 seconds
[2023-12-03T09:53:03.516+0000] {processor.py:157} INFO - Started process (PID=1144) to work on /home/airflow/.local/lib/python3.8/site-packages/airflow/example_dags/example_kubernetes_executor.py
[2023-12-03T09:53:03.517+0000] {processor.py:829} INFO - Processing file /home/airflow/.local/lib/python3.8/site-packages/airflow/example_dags/example_kubernetes_executor.py for tasks to queue
[2023-12-03T09:53:03.520+0000] {logging_mixin.py:154} INFO - [2023-12-03T09:53:03.520+0000] {dagbag.py:536} INFO - Filling up the DagBag from /home/airflow/.local/lib/python3.8/site-packages/airflow/example_dags/example_kubernetes_executor.py
[2023-12-03T09:53:03.535+0000] {processor.py:839} INFO - DAG(s) dict_keys(['example_kubernetes_executor']) retrieved from /home/airflow/.local/lib/python3.8/site-packages/airflow/example_dags/example_kubernetes_executor.py
[2023-12-03T09:53:03.570+0000] {logging_mixin.py:154} INFO - [2023-12-03T09:53:03.570+0000] {dag.py:2941} INFO - Sync 1 DAGs
[2023-12-03T09:53:03.583+0000] {logging_mixin.py:154} INFO - [2023-12-03T09:53:03.583+0000] {dag.py:3722} INFO - Setting next_dagrun for example_kubernetes_executor to None, run_after=None
[2023-12-03T09:53:03.597+0000] {processor.py:179} INFO - Processing /home/airflow/.local/lib/python3.8/site-packages/airflow/example_dags/example_kubernetes_executor.py took 0.084 seconds
[2023-12-03T09:53:33.798+0000] {processor.py:157} INFO - Started process (PID=1208) to work on /home/airflow/.local/lib/python3.8/site-packages/airflow/example_dags/example_kubernetes_executor.py
[2023-12-03T09:53:33.799+0000] {processor.py:829} INFO - Processing file /home/airflow/.local/lib/python3.8/site-packages/airflow/example_dags/example_kubernetes_executor.py for tasks to queue
[2023-12-03T09:53:33.803+0000] {logging_mixin.py:154} INFO - [2023-12-03T09:53:33.802+0000] {dagbag.py:536} INFO - Filling up the DagBag from /home/airflow/.local/lib/python3.8/site-packages/airflow/example_dags/example_kubernetes_executor.py
[2023-12-03T09:53:33.818+0000] {processor.py:839} INFO - DAG(s) dict_keys(['example_kubernetes_executor']) retrieved from /home/airflow/.local/lib/python3.8/site-packages/airflow/example_dags/example_kubernetes_executor.py
[2023-12-03T09:53:33.855+0000] {logging_mixin.py:154} INFO - [2023-12-03T09:53:33.855+0000] {dag.py:2941} INFO - Sync 1 DAGs
[2023-12-03T09:53:33.867+0000] {logging_mixin.py:154} INFO - [2023-12-03T09:53:33.866+0000] {dag.py:3722} INFO - Setting next_dagrun for example_kubernetes_executor to None, run_after=None
[2023-12-03T09:53:33.882+0000] {processor.py:179} INFO - Processing /home/airflow/.local/lib/python3.8/site-packages/airflow/example_dags/example_kubernetes_executor.py took 0.090 seconds
[2023-12-03T09:54:04.100+0000] {processor.py:157} INFO - Started process (PID=1267) to work on /home/airflow/.local/lib/python3.8/site-packages/airflow/example_dags/example_kubernetes_executor.py
[2023-12-03T09:54:04.102+0000] {processor.py:829} INFO - Processing file /home/airflow/.local/lib/python3.8/site-packages/airflow/example_dags/example_kubernetes_executor.py for tasks to queue
[2023-12-03T09:54:04.105+0000] {logging_mixin.py:154} INFO - [2023-12-03T09:54:04.105+0000] {dagbag.py:536} INFO - Filling up the DagBag from /home/airflow/.local/lib/python3.8/site-packages/airflow/example_dags/example_kubernetes_executor.py
[2023-12-03T09:54:04.120+0000] {processor.py:839} INFO - DAG(s) dict_keys(['example_kubernetes_executor']) retrieved from /home/airflow/.local/lib/python3.8/site-packages/airflow/example_dags/example_kubernetes_executor.py
[2023-12-03T09:54:04.161+0000] {logging_mixin.py:154} INFO - [2023-12-03T09:54:04.160+0000] {dag.py:2941} INFO - Sync 1 DAGs
[2023-12-03T09:54:04.172+0000] {logging_mixin.py:154} INFO - [2023-12-03T09:54:04.172+0000] {dag.py:3722} INFO - Setting next_dagrun for example_kubernetes_executor to None, run_after=None
[2023-12-03T09:54:04.187+0000] {processor.py:179} INFO - Processing /home/airflow/.local/lib/python3.8/site-packages/airflow/example_dags/example_kubernetes_executor.py took 0.092 seconds
[2023-12-03T09:54:34.590+0000] {processor.py:157} INFO - Started process (PID=1325) to work on /home/airflow/.local/lib/python3.8/site-packages/airflow/example_dags/example_kubernetes_executor.py
[2023-12-03T09:54:34.591+0000] {processor.py:829} INFO - Processing file /home/airflow/.local/lib/python3.8/site-packages/airflow/example_dags/example_kubernetes_executor.py for tasks to queue
[2023-12-03T09:54:34.593+0000] {logging_mixin.py:154} INFO - [2023-12-03T09:54:34.593+0000] {dagbag.py:536} INFO - Filling up the DagBag from /home/airflow/.local/lib/python3.8/site-packages/airflow/example_dags/example_kubernetes_executor.py
[2023-12-03T09:54:34.605+0000] {processor.py:839} INFO - DAG(s) dict_keys(['example_kubernetes_executor']) retrieved from /home/airflow/.local/lib/python3.8/site-packages/airflow/example_dags/example_kubernetes_executor.py
[2023-12-03T09:54:34.638+0000] {logging_mixin.py:154} INFO - [2023-12-03T09:54:34.638+0000] {dag.py:2941} INFO - Sync 1 DAGs
[2023-12-03T09:54:34.649+0000] {logging_mixin.py:154} INFO - [2023-12-03T09:54:34.649+0000] {dag.py:3722} INFO - Setting next_dagrun for example_kubernetes_executor to None, run_after=None
[2023-12-03T09:54:34.663+0000] {processor.py:179} INFO - Processing /home/airflow/.local/lib/python3.8/site-packages/airflow/example_dags/example_kubernetes_executor.py took 0.077 seconds
[2023-12-03T09:55:04.942+0000] {processor.py:157} INFO - Started process (PID=1383) to work on /home/airflow/.local/lib/python3.8/site-packages/airflow/example_dags/example_kubernetes_executor.py
[2023-12-03T09:55:04.943+0000] {processor.py:829} INFO - Processing file /home/airflow/.local/lib/python3.8/site-packages/airflow/example_dags/example_kubernetes_executor.py for tasks to queue
[2023-12-03T09:55:04.945+0000] {logging_mixin.py:154} INFO - [2023-12-03T09:55:04.945+0000] {dagbag.py:536} INFO - Filling up the DagBag from /home/airflow/.local/lib/python3.8/site-packages/airflow/example_dags/example_kubernetes_executor.py
[2023-12-03T09:55:04.957+0000] {processor.py:839} INFO - DAG(s) dict_keys(['example_kubernetes_executor']) retrieved from /home/airflow/.local/lib/python3.8/site-packages/airflow/example_dags/example_kubernetes_executor.py
[2023-12-03T09:55:04.989+0000] {logging_mixin.py:154} INFO - [2023-12-03T09:55:04.989+0000] {dag.py:2941} INFO - Sync 1 DAGs
[2023-12-03T09:55:05.000+0000] {logging_mixin.py:154} INFO - [2023-12-03T09:55:05.000+0000] {dag.py:3722} INFO - Setting next_dagrun for example_kubernetes_executor to None, run_after=None
[2023-12-03T09:55:05.014+0000] {processor.py:179} INFO - Processing /home/airflow/.local/lib/python3.8/site-packages/airflow/example_dags/example_kubernetes_executor.py took 0.076 seconds
[2023-12-03T09:55:35.441+0000] {processor.py:157} INFO - Started process (PID=1441) to work on /home/airflow/.local/lib/python3.8/site-packages/airflow/example_dags/example_kubernetes_executor.py
[2023-12-03T09:55:35.442+0000] {processor.py:829} INFO - Processing file /home/airflow/.local/lib/python3.8/site-packages/airflow/example_dags/example_kubernetes_executor.py for tasks to queue
[2023-12-03T09:55:35.444+0000] {logging_mixin.py:154} INFO - [2023-12-03T09:55:35.444+0000] {dagbag.py:536} INFO - Filling up the DagBag from /home/airflow/.local/lib/python3.8/site-packages/airflow/example_dags/example_kubernetes_executor.py
[2023-12-03T09:55:35.458+0000] {processor.py:839} INFO - DAG(s) dict_keys(['example_kubernetes_executor']) retrieved from /home/airflow/.local/lib/python3.8/site-packages/airflow/example_dags/example_kubernetes_executor.py
[2023-12-03T09:55:35.494+0000] {logging_mixin.py:154} INFO - [2023-12-03T09:55:35.494+0000] {dag.py:2941} INFO - Sync 1 DAGs
[2023-12-03T09:55:35.512+0000] {logging_mixin.py:154} INFO - [2023-12-03T09:55:35.512+0000] {dag.py:3722} INFO - Setting next_dagrun for example_kubernetes_executor to None, run_after=None
[2023-12-03T09:55:35.530+0000] {processor.py:179} INFO - Processing /home/airflow/.local/lib/python3.8/site-packages/airflow/example_dags/example_kubernetes_executor.py took 0.093 seconds
[2023-12-03T09:56:05.824+0000] {processor.py:157} INFO - Started process (PID=1504) to work on /home/airflow/.local/lib/python3.8/site-packages/airflow/example_dags/example_kubernetes_executor.py
[2023-12-03T09:56:05.825+0000] {processor.py:829} INFO - Processing file /home/airflow/.local/lib/python3.8/site-packages/airflow/example_dags/example_kubernetes_executor.py for tasks to queue
[2023-12-03T09:56:05.827+0000] {logging_mixin.py:154} INFO - [2023-12-03T09:56:05.827+0000] {dagbag.py:536} INFO - Filling up the DagBag from /home/airflow/.local/lib/python3.8/site-packages/airflow/example_dags/example_kubernetes_executor.py
[2023-12-03T09:56:05.839+0000] {processor.py:839} INFO - DAG(s) dict_keys(['example_kubernetes_executor']) retrieved from /home/airflow/.local/lib/python3.8/site-packages/airflow/example_dags/example_kubernetes_executor.py
[2023-12-03T09:56:05.872+0000] {logging_mixin.py:154} INFO - [2023-12-03T09:56:05.872+0000] {dag.py:2941} INFO - Sync 1 DAGs
[2023-12-03T09:56:05.883+0000] {logging_mixin.py:154} INFO - [2023-12-03T09:56:05.882+0000] {dag.py:3722} INFO - Setting next_dagrun for example_kubernetes_executor to None, run_after=None
[2023-12-03T09:56:05.899+0000] {processor.py:179} INFO - Processing /home/airflow/.local/lib/python3.8/site-packages/airflow/example_dags/example_kubernetes_executor.py took 0.080 seconds
[2023-12-03T09:56:36.743+0000] {processor.py:157} INFO - Started process (PID=1562) to work on /home/airflow/.local/lib/python3.8/site-packages/airflow/example_dags/example_kubernetes_executor.py
[2023-12-03T09:56:36.744+0000] {processor.py:829} INFO - Processing file /home/airflow/.local/lib/python3.8/site-packages/airflow/example_dags/example_kubernetes_executor.py for tasks to queue
[2023-12-03T09:56:36.746+0000] {logging_mixin.py:154} INFO - [2023-12-03T09:56:36.746+0000] {dagbag.py:536} INFO - Filling up the DagBag from /home/airflow/.local/lib/python3.8/site-packages/airflow/example_dags/example_kubernetes_executor.py
[2023-12-03T09:56:36.757+0000] {processor.py:839} INFO - DAG(s) dict_keys(['example_kubernetes_executor']) retrieved from /home/airflow/.local/lib/python3.8/site-packages/airflow/example_dags/example_kubernetes_executor.py
[2023-12-03T09:56:36.786+0000] {logging_mixin.py:154} INFO - [2023-12-03T09:56:36.786+0000] {dag.py:2941} INFO - Sync 1 DAGs
[2023-12-03T09:56:36.801+0000] {logging_mixin.py:154} INFO - [2023-12-03T09:56:36.801+0000] {dag.py:3722} INFO - Setting next_dagrun for example_kubernetes_executor to None, run_after=None
[2023-12-03T09:56:36.817+0000] {processor.py:179} INFO - Processing /home/airflow/.local/lib/python3.8/site-packages/airflow/example_dags/example_kubernetes_executor.py took 0.079 seconds
[2023-12-03T09:57:07.537+0000] {processor.py:157} INFO - Started process (PID=1620) to work on /home/airflow/.local/lib/python3.8/site-packages/airflow/example_dags/example_kubernetes_executor.py
[2023-12-03T09:57:07.537+0000] {processor.py:829} INFO - Processing file /home/airflow/.local/lib/python3.8/site-packages/airflow/example_dags/example_kubernetes_executor.py for tasks to queue
[2023-12-03T09:57:07.540+0000] {logging_mixin.py:154} INFO - [2023-12-03T09:57:07.539+0000] {dagbag.py:536} INFO - Filling up the DagBag from /home/airflow/.local/lib/python3.8/site-packages/airflow/example_dags/example_kubernetes_executor.py
[2023-12-03T09:57:07.553+0000] {processor.py:839} INFO - DAG(s) dict_keys(['example_kubernetes_executor']) retrieved from /home/airflow/.local/lib/python3.8/site-packages/airflow/example_dags/example_kubernetes_executor.py
[2023-12-03T09:57:07.583+0000] {logging_mixin.py:154} INFO - [2023-12-03T09:57:07.583+0000] {dag.py:2941} INFO - Sync 1 DAGs
[2023-12-03T09:57:07.594+0000] {logging_mixin.py:154} INFO - [2023-12-03T09:57:07.594+0000] {dag.py:3722} INFO - Setting next_dagrun for example_kubernetes_executor to None, run_after=None
[2023-12-03T09:57:07.607+0000] {processor.py:179} INFO - Processing /home/airflow/.local/lib/python3.8/site-packages/airflow/example_dags/example_kubernetes_executor.py took 0.073 seconds
[2023-12-03T09:57:37.638+0000] {processor.py:157} INFO - Started process (PID=1680) to work on /home/airflow/.local/lib/python3.8/site-packages/airflow/example_dags/example_kubernetes_executor.py
[2023-12-03T09:57:37.640+0000] {processor.py:829} INFO - Processing file /home/airflow/.local/lib/python3.8/site-packages/airflow/example_dags/example_kubernetes_executor.py for tasks to queue
[2023-12-03T09:57:37.642+0000] {logging_mixin.py:154} INFO - [2023-12-03T09:57:37.641+0000] {dagbag.py:536} INFO - Filling up the DagBag from /home/airflow/.local/lib/python3.8/site-packages/airflow/example_dags/example_kubernetes_executor.py
[2023-12-03T09:57:37.653+0000] {processor.py:839} INFO - DAG(s) dict_keys(['example_kubernetes_executor']) retrieved from /home/airflow/.local/lib/python3.8/site-packages/airflow/example_dags/example_kubernetes_executor.py
[2023-12-03T09:57:37.684+0000] {logging_mixin.py:154} INFO - [2023-12-03T09:57:37.684+0000] {dag.py:2941} INFO - Sync 1 DAGs
[2023-12-03T09:57:37.696+0000] {logging_mixin.py:154} INFO - [2023-12-03T09:57:37.696+0000] {dag.py:3722} INFO - Setting next_dagrun for example_kubernetes_executor to None, run_after=None
[2023-12-03T09:57:37.710+0000] {processor.py:179} INFO - Processing /home/airflow/.local/lib/python3.8/site-packages/airflow/example_dags/example_kubernetes_executor.py took 0.075 seconds
[2023-12-03T09:58:07.785+0000] {processor.py:157} INFO - Started process (PID=1738) to work on /home/airflow/.local/lib/python3.8/site-packages/airflow/example_dags/example_kubernetes_executor.py
[2023-12-03T09:58:07.787+0000] {processor.py:829} INFO - Processing file /home/airflow/.local/lib/python3.8/site-packages/airflow/example_dags/example_kubernetes_executor.py for tasks to queue
[2023-12-03T09:58:07.790+0000] {logging_mixin.py:154} INFO - [2023-12-03T09:58:07.789+0000] {dagbag.py:536} INFO - Filling up the DagBag from /home/airflow/.local/lib/python3.8/site-packages/airflow/example_dags/example_kubernetes_executor.py
[2023-12-03T09:58:07.805+0000] {processor.py:839} INFO - DAG(s) dict_keys(['example_kubernetes_executor']) retrieved from /home/airflow/.local/lib/python3.8/site-packages/airflow/example_dags/example_kubernetes_executor.py
[2023-12-03T09:58:07.843+0000] {logging_mixin.py:154} INFO - [2023-12-03T09:58:07.843+0000] {dag.py:2941} INFO - Sync 1 DAGs
[2023-12-03T09:58:07.857+0000] {logging_mixin.py:154} INFO - [2023-12-03T09:58:07.857+0000] {dag.py:3722} INFO - Setting next_dagrun for example_kubernetes_executor to None, run_after=None
[2023-12-03T09:58:07.873+0000] {processor.py:179} INFO - Processing /home/airflow/.local/lib/python3.8/site-packages/airflow/example_dags/example_kubernetes_executor.py took 0.091 seconds
[2023-12-03T09:58:38.325+0000] {processor.py:157} INFO - Started process (PID=1795) to work on /home/airflow/.local/lib/python3.8/site-packages/airflow/example_dags/example_kubernetes_executor.py
[2023-12-03T09:58:38.327+0000] {processor.py:829} INFO - Processing file /home/airflow/.local/lib/python3.8/site-packages/airflow/example_dags/example_kubernetes_executor.py for tasks to queue
[2023-12-03T09:58:38.329+0000] {logging_mixin.py:154} INFO - [2023-12-03T09:58:38.329+0000] {dagbag.py:536} INFO - Filling up the DagBag from /home/airflow/.local/lib/python3.8/site-packages/airflow/example_dags/example_kubernetes_executor.py
[2023-12-03T09:58:38.342+0000] {processor.py:839} INFO - DAG(s) dict_keys(['example_kubernetes_executor']) retrieved from /home/airflow/.local/lib/python3.8/site-packages/airflow/example_dags/example_kubernetes_executor.py
[2023-12-03T09:58:38.373+0000] {logging_mixin.py:154} INFO - [2023-12-03T09:58:38.373+0000] {dag.py:2941} INFO - Sync 1 DAGs
[2023-12-03T09:58:38.383+0000] {logging_mixin.py:154} INFO - [2023-12-03T09:58:38.382+0000] {dag.py:3722} INFO - Setting next_dagrun for example_kubernetes_executor to None, run_after=None
[2023-12-03T09:58:38.398+0000] {processor.py:179} INFO - Processing /home/airflow/.local/lib/python3.8/site-packages/airflow/example_dags/example_kubernetes_executor.py took 0.076 seconds
[2023-12-03T09:59:08.972+0000] {processor.py:157} INFO - Started process (PID=1853) to work on /home/airflow/.local/lib/python3.8/site-packages/airflow/example_dags/example_kubernetes_executor.py
[2023-12-03T09:59:08.973+0000] {processor.py:829} INFO - Processing file /home/airflow/.local/lib/python3.8/site-packages/airflow/example_dags/example_kubernetes_executor.py for tasks to queue
[2023-12-03T09:59:08.975+0000] {logging_mixin.py:154} INFO - [2023-12-03T09:59:08.975+0000] {dagbag.py:536} INFO - Filling up the DagBag from /home/airflow/.local/lib/python3.8/site-packages/airflow/example_dags/example_kubernetes_executor.py
[2023-12-03T09:59:08.988+0000] {processor.py:839} INFO - DAG(s) dict_keys(['example_kubernetes_executor']) retrieved from /home/airflow/.local/lib/python3.8/site-packages/airflow/example_dags/example_kubernetes_executor.py
[2023-12-03T09:59:09.018+0000] {logging_mixin.py:154} INFO - [2023-12-03T09:59:09.018+0000] {dag.py:2941} INFO - Sync 1 DAGs
[2023-12-03T09:59:09.029+0000] {logging_mixin.py:154} INFO - [2023-12-03T09:59:09.029+0000] {dag.py:3722} INFO - Setting next_dagrun for example_kubernetes_executor to None, run_after=None
[2023-12-03T09:59:09.042+0000] {processor.py:179} INFO - Processing /home/airflow/.local/lib/python3.8/site-packages/airflow/example_dags/example_kubernetes_executor.py took 0.074 seconds
[2023-12-03T09:59:39.896+0000] {processor.py:157} INFO - Started process (PID=1912) to work on /home/airflow/.local/lib/python3.8/site-packages/airflow/example_dags/example_kubernetes_executor.py
[2023-12-03T09:59:39.897+0000] {processor.py:829} INFO - Processing file /home/airflow/.local/lib/python3.8/site-packages/airflow/example_dags/example_kubernetes_executor.py for tasks to queue
[2023-12-03T09:59:39.900+0000] {logging_mixin.py:154} INFO - [2023-12-03T09:59:39.899+0000] {dagbag.py:536} INFO - Filling up the DagBag from /home/airflow/.local/lib/python3.8/site-packages/airflow/example_dags/example_kubernetes_executor.py
[2023-12-03T09:59:39.913+0000] {processor.py:839} INFO - DAG(s) dict_keys(['example_kubernetes_executor']) retrieved from /home/airflow/.local/lib/python3.8/site-packages/airflow/example_dags/example_kubernetes_executor.py
[2023-12-03T09:59:39.942+0000] {logging_mixin.py:154} INFO - [2023-12-03T09:59:39.942+0000] {dag.py:2941} INFO - Sync 1 DAGs
[2023-12-03T09:59:39.951+0000] {logging_mixin.py:154} INFO - [2023-12-03T09:59:39.951+0000] {dag.py:3722} INFO - Setting next_dagrun for example_kubernetes_executor to None, run_after=None
[2023-12-03T09:59:39.963+0000] {processor.py:179} INFO - Processing /home/airflow/.local/lib/python3.8/site-packages/airflow/example_dags/example_kubernetes_executor.py took 0.070 seconds
[2023-12-03T10:00:10.052+0000] {processor.py:157} INFO - Started process (PID=1972) to work on /home/airflow/.local/lib/python3.8/site-packages/airflow/example_dags/example_kubernetes_executor.py
[2023-12-03T10:00:10.053+0000] {processor.py:829} INFO - Processing file /home/airflow/.local/lib/python3.8/site-packages/airflow/example_dags/example_kubernetes_executor.py for tasks to queue
[2023-12-03T10:00:10.057+0000] {logging_mixin.py:154} INFO - [2023-12-03T10:00:10.056+0000] {dagbag.py:536} INFO - Filling up the DagBag from /home/airflow/.local/lib/python3.8/site-packages/airflow/example_dags/example_kubernetes_executor.py
[2023-12-03T10:00:10.074+0000] {processor.py:839} INFO - DAG(s) dict_keys(['example_kubernetes_executor']) retrieved from /home/airflow/.local/lib/python3.8/site-packages/airflow/example_dags/example_kubernetes_executor.py
[2023-12-03T10:00:10.119+0000] {logging_mixin.py:154} INFO - [2023-12-03T10:00:10.119+0000] {dag.py:2941} INFO - Sync 1 DAGs
[2023-12-03T10:00:10.137+0000] {logging_mixin.py:154} INFO - [2023-12-03T10:00:10.136+0000] {dag.py:3722} INFO - Setting next_dagrun for example_kubernetes_executor to None, run_after=None
[2023-12-03T10:00:10.153+0000] {processor.py:179} INFO - Processing /home/airflow/.local/lib/python3.8/site-packages/airflow/example_dags/example_kubernetes_executor.py took 0.105 seconds
[2023-12-03T10:00:40.350+0000] {processor.py:157} INFO - Started process (PID=2030) to work on /home/airflow/.local/lib/python3.8/site-packages/airflow/example_dags/example_kubernetes_executor.py
[2023-12-03T10:00:40.351+0000] {processor.py:829} INFO - Processing file /home/airflow/.local/lib/python3.8/site-packages/airflow/example_dags/example_kubernetes_executor.py for tasks to queue
[2023-12-03T10:00:40.353+0000] {logging_mixin.py:154} INFO - [2023-12-03T10:00:40.353+0000] {dagbag.py:536} INFO - Filling up the DagBag from /home/airflow/.local/lib/python3.8/site-packages/airflow/example_dags/example_kubernetes_executor.py
[2023-12-03T10:00:40.366+0000] {processor.py:839} INFO - DAG(s) dict_keys(['example_kubernetes_executor']) retrieved from /home/airflow/.local/lib/python3.8/site-packages/airflow/example_dags/example_kubernetes_executor.py
[2023-12-03T10:00:40.397+0000] {logging_mixin.py:154} INFO - [2023-12-03T10:00:40.397+0000] {dag.py:2941} INFO - Sync 1 DAGs
[2023-12-03T10:00:40.406+0000] {logging_mixin.py:154} INFO - [2023-12-03T10:00:40.406+0000] {dag.py:3722} INFO - Setting next_dagrun for example_kubernetes_executor to None, run_after=None
[2023-12-03T10:00:40.419+0000] {processor.py:179} INFO - Processing /home/airflow/.local/lib/python3.8/site-packages/airflow/example_dags/example_kubernetes_executor.py took 0.073 seconds
[2023-12-03T10:01:10.643+0000] {processor.py:157} INFO - Started process (PID=2088) to work on /home/airflow/.local/lib/python3.8/site-packages/airflow/example_dags/example_kubernetes_executor.py
[2023-12-03T10:01:10.644+0000] {processor.py:829} INFO - Processing file /home/airflow/.local/lib/python3.8/site-packages/airflow/example_dags/example_kubernetes_executor.py for tasks to queue
[2023-12-03T10:01:10.646+0000] {logging_mixin.py:154} INFO - [2023-12-03T10:01:10.646+0000] {dagbag.py:536} INFO - Filling up the DagBag from /home/airflow/.local/lib/python3.8/site-packages/airflow/example_dags/example_kubernetes_executor.py
[2023-12-03T10:01:10.658+0000] {processor.py:839} INFO - DAG(s) dict_keys(['example_kubernetes_executor']) retrieved from /home/airflow/.local/lib/python3.8/site-packages/airflow/example_dags/example_kubernetes_executor.py
[2023-12-03T10:01:10.692+0000] {logging_mixin.py:154} INFO - [2023-12-03T10:01:10.691+0000] {dag.py:2941} INFO - Sync 1 DAGs
[2023-12-03T10:01:10.702+0000] {logging_mixin.py:154} INFO - [2023-12-03T10:01:10.702+0000] {dag.py:3722} INFO - Setting next_dagrun for example_kubernetes_executor to None, run_after=None
[2023-12-03T10:01:10.717+0000] {processor.py:179} INFO - Processing /home/airflow/.local/lib/python3.8/site-packages/airflow/example_dags/example_kubernetes_executor.py took 0.077 seconds
[2023-12-03T10:01:40.763+0000] {processor.py:157} INFO - Started process (PID=2146) to work on /home/airflow/.local/lib/python3.8/site-packages/airflow/example_dags/example_kubernetes_executor.py
[2023-12-03T10:01:40.765+0000] {processor.py:829} INFO - Processing file /home/airflow/.local/lib/python3.8/site-packages/airflow/example_dags/example_kubernetes_executor.py for tasks to queue
[2023-12-03T10:01:40.768+0000] {logging_mixin.py:154} INFO - [2023-12-03T10:01:40.768+0000] {dagbag.py:536} INFO - Filling up the DagBag from /home/airflow/.local/lib/python3.8/site-packages/airflow/example_dags/example_kubernetes_executor.py
[2023-12-03T10:01:40.788+0000] {processor.py:839} INFO - DAG(s) dict_keys(['example_kubernetes_executor']) retrieved from /home/airflow/.local/lib/python3.8/site-packages/airflow/example_dags/example_kubernetes_executor.py
[2023-12-03T10:01:40.835+0000] {logging_mixin.py:154} INFO - [2023-12-03T10:01:40.835+0000] {dag.py:2941} INFO - Sync 1 DAGs
[2023-12-03T10:01:40.849+0000] {logging_mixin.py:154} INFO - [2023-12-03T10:01:40.849+0000] {dag.py:3722} INFO - Setting next_dagrun for example_kubernetes_executor to None, run_after=None
[2023-12-03T10:01:40.865+0000] {processor.py:179} INFO - Processing /home/airflow/.local/lib/python3.8/site-packages/airflow/example_dags/example_kubernetes_executor.py took 0.107 seconds
[2023-12-03T10:02:11.854+0000] {processor.py:157} INFO - Started process (PID=2206) to work on /home/airflow/.local/lib/python3.8/site-packages/airflow/example_dags/example_kubernetes_executor.py
[2023-12-03T10:02:11.855+0000] {processor.py:829} INFO - Processing file /home/airflow/.local/lib/python3.8/site-packages/airflow/example_dags/example_kubernetes_executor.py for tasks to queue
[2023-12-03T10:02:11.858+0000] {logging_mixin.py:154} INFO - [2023-12-03T10:02:11.857+0000] {dagbag.py:536} INFO - Filling up the DagBag from /home/airflow/.local/lib/python3.8/site-packages/airflow/example_dags/example_kubernetes_executor.py
[2023-12-03T10:02:11.873+0000] {processor.py:839} INFO - DAG(s) dict_keys(['example_kubernetes_executor']) retrieved from /home/airflow/.local/lib/python3.8/site-packages/airflow/example_dags/example_kubernetes_executor.py
[2023-12-03T10:02:11.911+0000] {logging_mixin.py:154} INFO - [2023-12-03T10:02:11.911+0000] {dag.py:2941} INFO - Sync 1 DAGs
[2023-12-03T10:02:11.924+0000] {logging_mixin.py:154} INFO - [2023-12-03T10:02:11.924+0000] {dag.py:3722} INFO - Setting next_dagrun for example_kubernetes_executor to None, run_after=None
[2023-12-03T10:02:11.938+0000] {processor.py:179} INFO - Processing /home/airflow/.local/lib/python3.8/site-packages/airflow/example_dags/example_kubernetes_executor.py took 0.088 seconds
[2023-12-03T10:02:42.204+0000] {processor.py:157} INFO - Started process (PID=2264) to work on /home/airflow/.local/lib/python3.8/site-packages/airflow/example_dags/example_kubernetes_executor.py
[2023-12-03T10:02:42.206+0000] {processor.py:829} INFO - Processing file /home/airflow/.local/lib/python3.8/site-packages/airflow/example_dags/example_kubernetes_executor.py for tasks to queue
[2023-12-03T10:02:42.208+0000] {logging_mixin.py:154} INFO - [2023-12-03T10:02:42.208+0000] {dagbag.py:536} INFO - Filling up the DagBag from /home/airflow/.local/lib/python3.8/site-packages/airflow/example_dags/example_kubernetes_executor.py
[2023-12-03T10:02:42.220+0000] {processor.py:839} INFO - DAG(s) dict_keys(['example_kubernetes_executor']) retrieved from /home/airflow/.local/lib/python3.8/site-packages/airflow/example_dags/example_kubernetes_executor.py
[2023-12-03T10:02:42.254+0000] {logging_mixin.py:154} INFO - [2023-12-03T10:02:42.254+0000] {dag.py:2941} INFO - Sync 1 DAGs
[2023-12-03T10:02:42.265+0000] {logging_mixin.py:154} INFO - [2023-12-03T10:02:42.265+0000] {dag.py:3722} INFO - Setting next_dagrun for example_kubernetes_executor to None, run_after=None
[2023-12-03T10:02:42.279+0000] {processor.py:179} INFO - Processing /home/airflow/.local/lib/python3.8/site-packages/airflow/example_dags/example_kubernetes_executor.py took 0.078 seconds
[2023-12-03T10:03:12.535+0000] {processor.py:157} INFO - Started process (PID=2322) to work on /home/airflow/.local/lib/python3.8/site-packages/airflow/example_dags/example_kubernetes_executor.py
[2023-12-03T10:03:12.536+0000] {processor.py:829} INFO - Processing file /home/airflow/.local/lib/python3.8/site-packages/airflow/example_dags/example_kubernetes_executor.py for tasks to queue
[2023-12-03T10:03:12.538+0000] {logging_mixin.py:154} INFO - [2023-12-03T10:03:12.538+0000] {dagbag.py:536} INFO - Filling up the DagBag from /home/airflow/.local/lib/python3.8/site-packages/airflow/example_dags/example_kubernetes_executor.py
[2023-12-03T10:03:12.550+0000] {processor.py:839} INFO - DAG(s) dict_keys(['example_kubernetes_executor']) retrieved from /home/airflow/.local/lib/python3.8/site-packages/airflow/example_dags/example_kubernetes_executor.py
[2023-12-03T10:03:12.583+0000] {logging_mixin.py:154} INFO - [2023-12-03T10:03:12.582+0000] {dag.py:2941} INFO - Sync 1 DAGs
[2023-12-03T10:03:12.593+0000] {logging_mixin.py:154} INFO - [2023-12-03T10:03:12.593+0000] {dag.py:3722} INFO - Setting next_dagrun for example_kubernetes_executor to None, run_after=None
[2023-12-03T10:03:12.607+0000] {processor.py:179} INFO - Processing /home/airflow/.local/lib/python3.8/site-packages/airflow/example_dags/example_kubernetes_executor.py took 0.076 seconds
[2023-12-03T10:03:42.849+0000] {processor.py:157} INFO - Started process (PID=2380) to work on /home/airflow/.local/lib/python3.8/site-packages/airflow/example_dags/example_kubernetes_executor.py
[2023-12-03T10:03:42.850+0000] {processor.py:829} INFO - Processing file /home/airflow/.local/lib/python3.8/site-packages/airflow/example_dags/example_kubernetes_executor.py for tasks to queue
[2023-12-03T10:03:42.852+0000] {logging_mixin.py:154} INFO - [2023-12-03T10:03:42.852+0000] {dagbag.py:536} INFO - Filling up the DagBag from /home/airflow/.local/lib/python3.8/site-packages/airflow/example_dags/example_kubernetes_executor.py
[2023-12-03T10:03:42.865+0000] {processor.py:839} INFO - DAG(s) dict_keys(['example_kubernetes_executor']) retrieved from /home/airflow/.local/lib/python3.8/site-packages/airflow/example_dags/example_kubernetes_executor.py
[2023-12-03T10:03:42.902+0000] {logging_mixin.py:154} INFO - [2023-12-03T10:03:42.901+0000] {dag.py:2941} INFO - Sync 1 DAGs
[2023-12-03T10:03:42.913+0000] {logging_mixin.py:154} INFO - [2023-12-03T10:03:42.913+0000] {dag.py:3722} INFO - Setting next_dagrun for example_kubernetes_executor to None, run_after=None
[2023-12-03T10:03:42.928+0000] {processor.py:179} INFO - Processing /home/airflow/.local/lib/python3.8/site-packages/airflow/example_dags/example_kubernetes_executor.py took 0.083 seconds
[2023-12-03T10:04:13.660+0000] {processor.py:157} INFO - Started process (PID=2438) to work on /home/airflow/.local/lib/python3.8/site-packages/airflow/example_dags/example_kubernetes_executor.py
[2023-12-03T10:04:13.661+0000] {processor.py:829} INFO - Processing file /home/airflow/.local/lib/python3.8/site-packages/airflow/example_dags/example_kubernetes_executor.py for tasks to queue
[2023-12-03T10:04:13.663+0000] {logging_mixin.py:154} INFO - [2023-12-03T10:04:13.663+0000] {dagbag.py:536} INFO - Filling up the DagBag from /home/airflow/.local/lib/python3.8/site-packages/airflow/example_dags/example_kubernetes_executor.py
[2023-12-03T10:04:13.673+0000] {processor.py:839} INFO - DAG(s) dict_keys(['example_kubernetes_executor']) retrieved from /home/airflow/.local/lib/python3.8/site-packages/airflow/example_dags/example_kubernetes_executor.py
[2023-12-03T10:04:13.704+0000] {logging_mixin.py:154} INFO - [2023-12-03T10:04:13.704+0000] {dag.py:2941} INFO - Sync 1 DAGs
[2023-12-03T10:04:13.713+0000] {logging_mixin.py:154} INFO - [2023-12-03T10:04:13.713+0000] {dag.py:3722} INFO - Setting next_dagrun for example_kubernetes_executor to None, run_after=None
[2023-12-03T10:04:13.725+0000] {processor.py:179} INFO - Processing /home/airflow/.local/lib/python3.8/site-packages/airflow/example_dags/example_kubernetes_executor.py took 0.069 seconds
[2023-12-03T10:04:44.188+0000] {processor.py:157} INFO - Started process (PID=2496) to work on /home/airflow/.local/lib/python3.8/site-packages/airflow/example_dags/example_kubernetes_executor.py
[2023-12-03T10:04:44.189+0000] {processor.py:829} INFO - Processing file /home/airflow/.local/lib/python3.8/site-packages/airflow/example_dags/example_kubernetes_executor.py for tasks to queue
[2023-12-03T10:04:44.192+0000] {logging_mixin.py:154} INFO - [2023-12-03T10:04:44.191+0000] {dagbag.py:536} INFO - Filling up the DagBag from /home/airflow/.local/lib/python3.8/site-packages/airflow/example_dags/example_kubernetes_executor.py
[2023-12-03T10:04:44.205+0000] {processor.py:839} INFO - DAG(s) dict_keys(['example_kubernetes_executor']) retrieved from /home/airflow/.local/lib/python3.8/site-packages/airflow/example_dags/example_kubernetes_executor.py
[2023-12-03T10:04:44.241+0000] {logging_mixin.py:154} INFO - [2023-12-03T10:04:44.240+0000] {dag.py:2941} INFO - Sync 1 DAGs
[2023-12-03T10:04:44.252+0000] {logging_mixin.py:154} INFO - [2023-12-03T10:04:44.252+0000] {dag.py:3722} INFO - Setting next_dagrun for example_kubernetes_executor to None, run_after=None
[2023-12-03T10:04:44.266+0000] {processor.py:179} INFO - Processing /home/airflow/.local/lib/python3.8/site-packages/airflow/example_dags/example_kubernetes_executor.py took 0.082 seconds
[2023-12-03T10:05:14.333+0000] {processor.py:157} INFO - Started process (PID=2554) to work on /home/airflow/.local/lib/python3.8/site-packages/airflow/example_dags/example_kubernetes_executor.py
[2023-12-03T10:05:14.334+0000] {processor.py:829} INFO - Processing file /home/airflow/.local/lib/python3.8/site-packages/airflow/example_dags/example_kubernetes_executor.py for tasks to queue
[2023-12-03T10:05:14.336+0000] {logging_mixin.py:154} INFO - [2023-12-03T10:05:14.336+0000] {dagbag.py:536} INFO - Filling up the DagBag from /home/airflow/.local/lib/python3.8/site-packages/airflow/example_dags/example_kubernetes_executor.py
[2023-12-03T10:05:14.353+0000] {processor.py:839} INFO - DAG(s) dict_keys(['example_kubernetes_executor']) retrieved from /home/airflow/.local/lib/python3.8/site-packages/airflow/example_dags/example_kubernetes_executor.py
[2023-12-03T10:05:14.398+0000] {logging_mixin.py:154} INFO - [2023-12-03T10:05:14.398+0000] {dag.py:2941} INFO - Sync 1 DAGs
[2023-12-03T10:05:14.414+0000] {logging_mixin.py:154} INFO - [2023-12-03T10:05:14.413+0000] {dag.py:3722} INFO - Setting next_dagrun for example_kubernetes_executor to None, run_after=None
[2023-12-03T10:05:14.432+0000] {processor.py:179} INFO - Processing /home/airflow/.local/lib/python3.8/site-packages/airflow/example_dags/example_kubernetes_executor.py took 0.104 seconds
[2023-12-03T10:05:44.517+0000] {processor.py:157} INFO - Started process (PID=2611) to work on /home/airflow/.local/lib/python3.8/site-packages/airflow/example_dags/example_kubernetes_executor.py
[2023-12-03T10:05:44.518+0000] {processor.py:829} INFO - Processing file /home/airflow/.local/lib/python3.8/site-packages/airflow/example_dags/example_kubernetes_executor.py for tasks to queue
[2023-12-03T10:05:44.521+0000] {logging_mixin.py:154} INFO - [2023-12-03T10:05:44.521+0000] {dagbag.py:536} INFO - Filling up the DagBag from /home/airflow/.local/lib/python3.8/site-packages/airflow/example_dags/example_kubernetes_executor.py
[2023-12-03T10:05:44.534+0000] {processor.py:839} INFO - DAG(s) dict_keys(['example_kubernetes_executor']) retrieved from /home/airflow/.local/lib/python3.8/site-packages/airflow/example_dags/example_kubernetes_executor.py
[2023-12-03T10:05:44.570+0000] {logging_mixin.py:154} INFO - [2023-12-03T10:05:44.570+0000] {dag.py:2941} INFO - Sync 1 DAGs
[2023-12-03T10:05:44.581+0000] {logging_mixin.py:154} INFO - [2023-12-03T10:05:44.581+0000] {dag.py:3722} INFO - Setting next_dagrun for example_kubernetes_executor to None, run_after=None
[2023-12-03T10:05:44.595+0000] {processor.py:179} INFO - Processing /home/airflow/.local/lib/python3.8/site-packages/airflow/example_dags/example_kubernetes_executor.py took 0.082 seconds
[2023-12-03T10:06:14.780+0000] {processor.py:157} INFO - Started process (PID=2669) to work on /home/airflow/.local/lib/python3.8/site-packages/airflow/example_dags/example_kubernetes_executor.py
[2023-12-03T10:06:14.781+0000] {processor.py:829} INFO - Processing file /home/airflow/.local/lib/python3.8/site-packages/airflow/example_dags/example_kubernetes_executor.py for tasks to queue
[2023-12-03T10:06:14.784+0000] {logging_mixin.py:154} INFO - [2023-12-03T10:06:14.783+0000] {dagbag.py:536} INFO - Filling up the DagBag from /home/airflow/.local/lib/python3.8/site-packages/airflow/example_dags/example_kubernetes_executor.py
[2023-12-03T10:06:14.797+0000] {processor.py:839} INFO - DAG(s) dict_keys(['example_kubernetes_executor']) retrieved from /home/airflow/.local/lib/python3.8/site-packages/airflow/example_dags/example_kubernetes_executor.py
[2023-12-03T10:06:14.834+0000] {logging_mixin.py:154} INFO - [2023-12-03T10:06:14.834+0000] {dag.py:2941} INFO - Sync 1 DAGs
[2023-12-03T10:06:14.845+0000] {logging_mixin.py:154} INFO - [2023-12-03T10:06:14.845+0000] {dag.py:3722} INFO - Setting next_dagrun for example_kubernetes_executor to None, run_after=None
[2023-12-03T10:06:14.859+0000] {processor.py:179} INFO - Processing /home/airflow/.local/lib/python3.8/site-packages/airflow/example_dags/example_kubernetes_executor.py took 0.083 seconds
[2023-12-03T10:06:45.169+0000] {processor.py:157} INFO - Started process (PID=2727) to work on /home/airflow/.local/lib/python3.8/site-packages/airflow/example_dags/example_kubernetes_executor.py
[2023-12-03T10:06:45.170+0000] {processor.py:829} INFO - Processing file /home/airflow/.local/lib/python3.8/site-packages/airflow/example_dags/example_kubernetes_executor.py for tasks to queue
[2023-12-03T10:06:45.173+0000] {logging_mixin.py:154} INFO - [2023-12-03T10:06:45.172+0000] {dagbag.py:536} INFO - Filling up the DagBag from /home/airflow/.local/lib/python3.8/site-packages/airflow/example_dags/example_kubernetes_executor.py
[2023-12-03T10:06:45.187+0000] {processor.py:839} INFO - DAG(s) dict_keys(['example_kubernetes_executor']) retrieved from /home/airflow/.local/lib/python3.8/site-packages/airflow/example_dags/example_kubernetes_executor.py
[2023-12-03T10:06:45.224+0000] {logging_mixin.py:154} INFO - [2023-12-03T10:06:45.224+0000] {dag.py:2941} INFO - Sync 1 DAGs
[2023-12-03T10:06:45.237+0000] {logging_mixin.py:154} INFO - [2023-12-03T10:06:45.237+0000] {dag.py:3722} INFO - Setting next_dagrun for example_kubernetes_executor to None, run_after=None
[2023-12-03T10:06:45.251+0000] {processor.py:179} INFO - Processing /home/airflow/.local/lib/python3.8/site-packages/airflow/example_dags/example_kubernetes_executor.py took 0.085 seconds
[2023-12-03T10:07:15.390+0000] {processor.py:157} INFO - Started process (PID=2785) to work on /home/airflow/.local/lib/python3.8/site-packages/airflow/example_dags/example_kubernetes_executor.py
[2023-12-03T10:07:15.391+0000] {processor.py:829} INFO - Processing file /home/airflow/.local/lib/python3.8/site-packages/airflow/example_dags/example_kubernetes_executor.py for tasks to queue
[2023-12-03T10:07:15.394+0000] {logging_mixin.py:154} INFO - [2023-12-03T10:07:15.393+0000] {dagbag.py:536} INFO - Filling up the DagBag from /home/airflow/.local/lib/python3.8/site-packages/airflow/example_dags/example_kubernetes_executor.py
[2023-12-03T10:07:15.404+0000] {processor.py:839} INFO - DAG(s) dict_keys(['example_kubernetes_executor']) retrieved from /home/airflow/.local/lib/python3.8/site-packages/airflow/example_dags/example_kubernetes_executor.py
[2023-12-03T10:07:15.434+0000] {logging_mixin.py:154} INFO - [2023-12-03T10:07:15.434+0000] {dag.py:2941} INFO - Sync 1 DAGs
[2023-12-03T10:07:15.445+0000] {logging_mixin.py:154} INFO - [2023-12-03T10:07:15.445+0000] {dag.py:3722} INFO - Setting next_dagrun for example_kubernetes_executor to None, run_after=None
[2023-12-03T10:07:15.460+0000] {processor.py:179} INFO - Processing /home/airflow/.local/lib/python3.8/site-packages/airflow/example_dags/example_kubernetes_executor.py took 0.072 seconds
[2023-12-03T10:07:45.811+0000] {processor.py:157} INFO - Started process (PID=2843) to work on /home/airflow/.local/lib/python3.8/site-packages/airflow/example_dags/example_kubernetes_executor.py
[2023-12-03T10:07:45.812+0000] {processor.py:829} INFO - Processing file /home/airflow/.local/lib/python3.8/site-packages/airflow/example_dags/example_kubernetes_executor.py for tasks to queue
[2023-12-03T10:07:45.815+0000] {logging_mixin.py:154} INFO - [2023-12-03T10:07:45.814+0000] {dagbag.py:536} INFO - Filling up the DagBag from /home/airflow/.local/lib/python3.8/site-packages/airflow/example_dags/example_kubernetes_executor.py
[2023-12-03T10:07:45.825+0000] {processor.py:839} INFO - DAG(s) dict_keys(['example_kubernetes_executor']) retrieved from /home/airflow/.local/lib/python3.8/site-packages/airflow/example_dags/example_kubernetes_executor.py
[2023-12-03T10:07:45.859+0000] {logging_mixin.py:154} INFO - [2023-12-03T10:07:45.859+0000] {dag.py:2941} INFO - Sync 1 DAGs
[2023-12-03T10:07:45.868+0000] {logging_mixin.py:154} INFO - [2023-12-03T10:07:45.867+0000] {dag.py:3722} INFO - Setting next_dagrun for example_kubernetes_executor to None, run_after=None
[2023-12-03T10:07:45.879+0000] {processor.py:179} INFO - Processing /home/airflow/.local/lib/python3.8/site-packages/airflow/example_dags/example_kubernetes_executor.py took 0.071 seconds
[2023-12-03T11:28:19.507+0000] {processor.py:157} INFO - Started process (PID=2899) to work on /home/airflow/.local/lib/python3.8/site-packages/airflow/example_dags/example_kubernetes_executor.py
[2023-12-03T11:28:19.508+0000] {processor.py:829} INFO - Processing file /home/airflow/.local/lib/python3.8/site-packages/airflow/example_dags/example_kubernetes_executor.py for tasks to queue
[2023-12-03T11:28:19.511+0000] {logging_mixin.py:154} INFO - [2023-12-03T11:28:19.510+0000] {dagbag.py:536} INFO - Filling up the DagBag from /home/airflow/.local/lib/python3.8/site-packages/airflow/example_dags/example_kubernetes_executor.py
[2023-12-03T11:28:19.524+0000] {processor.py:839} INFO - DAG(s) dict_keys(['example_kubernetes_executor']) retrieved from /home/airflow/.local/lib/python3.8/site-packages/airflow/example_dags/example_kubernetes_executor.py
[2023-12-03T11:28:19.556+0000] {logging_mixin.py:154} INFO - [2023-12-03T11:28:19.556+0000] {dag.py:2941} INFO - Sync 1 DAGs
[2023-12-03T11:28:19.569+0000] {logging_mixin.py:154} INFO - [2023-12-03T11:28:19.569+0000] {dag.py:3722} INFO - Setting next_dagrun for example_kubernetes_executor to None, run_after=None
[2023-12-03T11:28:19.595+0000] {processor.py:179} INFO - Processing /home/airflow/.local/lib/python3.8/site-packages/airflow/example_dags/example_kubernetes_executor.py took 0.090 seconds
[2023-12-03T12:09:29.063+0000] {processor.py:157} INFO - Started process (PID=2956) to work on /home/airflow/.local/lib/python3.8/site-packages/airflow/example_dags/example_kubernetes_executor.py
[2023-12-03T12:09:29.064+0000] {processor.py:829} INFO - Processing file /home/airflow/.local/lib/python3.8/site-packages/airflow/example_dags/example_kubernetes_executor.py for tasks to queue
[2023-12-03T12:09:29.067+0000] {logging_mixin.py:154} INFO - [2023-12-03T12:09:29.067+0000] {dagbag.py:536} INFO - Filling up the DagBag from /home/airflow/.local/lib/python3.8/site-packages/airflow/example_dags/example_kubernetes_executor.py
[2023-12-03T12:09:29.083+0000] {processor.py:839} INFO - DAG(s) dict_keys(['example_kubernetes_executor']) retrieved from /home/airflow/.local/lib/python3.8/site-packages/airflow/example_dags/example_kubernetes_executor.py
[2023-12-03T12:09:29.128+0000] {logging_mixin.py:154} INFO - [2023-12-03T12:09:29.128+0000] {dag.py:2941} INFO - Sync 1 DAGs
[2023-12-03T12:09:29.139+0000] {logging_mixin.py:154} INFO - [2023-12-03T12:09:29.139+0000] {dag.py:3722} INFO - Setting next_dagrun for example_kubernetes_executor to None, run_after=None
[2023-12-03T12:09:29.156+0000] {processor.py:179} INFO - Processing /home/airflow/.local/lib/python3.8/site-packages/airflow/example_dags/example_kubernetes_executor.py took 0.097 seconds
[2023-12-03T12:27:30.987+0000] {processor.py:157} INFO - Started process (PID=3014) to work on /home/airflow/.local/lib/python3.8/site-packages/airflow/example_dags/example_kubernetes_executor.py
[2023-12-03T12:27:30.991+0000] {processor.py:829} INFO - Processing file /home/airflow/.local/lib/python3.8/site-packages/airflow/example_dags/example_kubernetes_executor.py for tasks to queue
[2023-12-03T12:27:30.993+0000] {logging_mixin.py:154} INFO - [2023-12-03T12:27:30.993+0000] {dagbag.py:536} INFO - Filling up the DagBag from /home/airflow/.local/lib/python3.8/site-packages/airflow/example_dags/example_kubernetes_executor.py
[2023-12-03T12:27:31.006+0000] {processor.py:839} INFO - DAG(s) dict_keys(['example_kubernetes_executor']) retrieved from /home/airflow/.local/lib/python3.8/site-packages/airflow/example_dags/example_kubernetes_executor.py
[2023-12-03T12:27:31.046+0000] {logging_mixin.py:154} INFO - [2023-12-03T12:27:31.046+0000] {dag.py:2941} INFO - Sync 1 DAGs
[2023-12-03T12:27:31.056+0000] {logging_mixin.py:154} INFO - [2023-12-03T12:27:31.056+0000] {dag.py:3722} INFO - Setting next_dagrun for example_kubernetes_executor to None, run_after=None
[2023-12-03T12:27:31.090+0000] {processor.py:179} INFO - Processing /home/airflow/.local/lib/python3.8/site-packages/airflow/example_dags/example_kubernetes_executor.py took 0.106 seconds
[2023-12-03T12:44:53.844+0000] {processor.py:157} INFO - Started process (PID=3065) to work on /home/airflow/.local/lib/python3.8/site-packages/airflow/example_dags/example_kubernetes_executor.py
[2023-12-03T12:44:53.845+0000] {processor.py:829} INFO - Processing file /home/airflow/.local/lib/python3.8/site-packages/airflow/example_dags/example_kubernetes_executor.py for tasks to queue
[2023-12-03T12:44:53.847+0000] {logging_mixin.py:154} INFO - [2023-12-03T12:44:53.847+0000] {dagbag.py:536} INFO - Filling up the DagBag from /home/airflow/.local/lib/python3.8/site-packages/airflow/example_dags/example_kubernetes_executor.py
[2023-12-03T12:44:53.859+0000] {processor.py:839} INFO - DAG(s) dict_keys(['example_kubernetes_executor']) retrieved from /home/airflow/.local/lib/python3.8/site-packages/airflow/example_dags/example_kubernetes_executor.py
[2023-12-03T12:44:53.888+0000] {logging_mixin.py:154} INFO - [2023-12-03T12:44:53.888+0000] {dag.py:2941} INFO - Sync 1 DAGs
[2023-12-03T12:44:53.897+0000] {logging_mixin.py:154} INFO - [2023-12-03T12:44:53.897+0000] {dag.py:3722} INFO - Setting next_dagrun for example_kubernetes_executor to None, run_after=None
[2023-12-03T12:44:53.933+0000] {processor.py:179} INFO - Processing /home/airflow/.local/lib/python3.8/site-packages/airflow/example_dags/example_kubernetes_executor.py took 0.093 seconds
[2023-12-03T13:35:10.102+0000] {processor.py:157} INFO - Started process (PID=3123) to work on /home/airflow/.local/lib/python3.8/site-packages/airflow/example_dags/example_kubernetes_executor.py
[2023-12-03T13:35:10.102+0000] {processor.py:829} INFO - Processing file /home/airflow/.local/lib/python3.8/site-packages/airflow/example_dags/example_kubernetes_executor.py for tasks to queue
[2023-12-03T13:35:10.105+0000] {logging_mixin.py:154} INFO - [2023-12-03T13:35:10.104+0000] {dagbag.py:536} INFO - Filling up the DagBag from /home/airflow/.local/lib/python3.8/site-packages/airflow/example_dags/example_kubernetes_executor.py
[2023-12-03T13:35:10.116+0000] {processor.py:839} INFO - DAG(s) dict_keys(['example_kubernetes_executor']) retrieved from /home/airflow/.local/lib/python3.8/site-packages/airflow/example_dags/example_kubernetes_executor.py
[2023-12-03T13:35:10.152+0000] {logging_mixin.py:154} INFO - [2023-12-03T13:35:10.152+0000] {dag.py:2941} INFO - Sync 1 DAGs
[2023-12-03T13:35:10.162+0000] {logging_mixin.py:154} INFO - [2023-12-03T13:35:10.162+0000] {dag.py:3722} INFO - Setting next_dagrun for example_kubernetes_executor to None, run_after=None
[2023-12-03T13:35:10.179+0000] {processor.py:179} INFO - Processing /home/airflow/.local/lib/python3.8/site-packages/airflow/example_dags/example_kubernetes_executor.py took 0.080 seconds
[2023-12-03T14:27:23.313+0000] {processor.py:157} INFO - Started process (PID=3181) to work on /home/airflow/.local/lib/python3.8/site-packages/airflow/example_dags/example_kubernetes_executor.py
[2023-12-03T14:27:23.316+0000] {processor.py:829} INFO - Processing file /home/airflow/.local/lib/python3.8/site-packages/airflow/example_dags/example_kubernetes_executor.py for tasks to queue
[2023-12-03T14:27:23.321+0000] {logging_mixin.py:154} INFO - [2023-12-03T14:27:23.321+0000] {dagbag.py:536} INFO - Filling up the DagBag from /home/airflow/.local/lib/python3.8/site-packages/airflow/example_dags/example_kubernetes_executor.py
[2023-12-03T14:27:23.346+0000] {processor.py:839} INFO - DAG(s) dict_keys(['example_kubernetes_executor']) retrieved from /home/airflow/.local/lib/python3.8/site-packages/airflow/example_dags/example_kubernetes_executor.py
[2023-12-03T14:27:23.455+0000] {logging_mixin.py:154} INFO - [2023-12-03T14:27:23.455+0000] {dag.py:2941} INFO - Sync 1 DAGs
[2023-12-03T14:27:23.480+0000] {logging_mixin.py:154} INFO - [2023-12-03T14:27:23.480+0000] {dag.py:3722} INFO - Setting next_dagrun for example_kubernetes_executor to None, run_after=None
[2023-12-03T14:27:23.539+0000] {processor.py:179} INFO - Processing /home/airflow/.local/lib/python3.8/site-packages/airflow/example_dags/example_kubernetes_executor.py took 0.238 seconds
[2023-12-03T15:18:32.588+0000] {processor.py:157} INFO - Started process (PID=3239) to work on /home/airflow/.local/lib/python3.8/site-packages/airflow/example_dags/example_kubernetes_executor.py
[2023-12-03T15:18:32.589+0000] {processor.py:829} INFO - Processing file /home/airflow/.local/lib/python3.8/site-packages/airflow/example_dags/example_kubernetes_executor.py for tasks to queue
[2023-12-03T15:18:32.591+0000] {logging_mixin.py:154} INFO - [2023-12-03T15:18:32.591+0000] {dagbag.py:536} INFO - Filling up the DagBag from /home/airflow/.local/lib/python3.8/site-packages/airflow/example_dags/example_kubernetes_executor.py
[2023-12-03T15:18:32.603+0000] {processor.py:839} INFO - DAG(s) dict_keys(['example_kubernetes_executor']) retrieved from /home/airflow/.local/lib/python3.8/site-packages/airflow/example_dags/example_kubernetes_executor.py
[2023-12-03T15:18:32.634+0000] {logging_mixin.py:154} INFO - [2023-12-03T15:18:32.633+0000] {dag.py:2941} INFO - Sync 1 DAGs
[2023-12-03T15:18:32.642+0000] {logging_mixin.py:154} INFO - [2023-12-03T15:18:32.642+0000] {dag.py:3722} INFO - Setting next_dagrun for example_kubernetes_executor to None, run_after=None
[2023-12-03T15:18:32.655+0000] {processor.py:179} INFO - Processing /home/airflow/.local/lib/python3.8/site-packages/airflow/example_dags/example_kubernetes_executor.py took 0.072 seconds
[2023-12-03T16:07:32.541+0000] {processor.py:157} INFO - Started process (PID=3297) to work on /home/airflow/.local/lib/python3.8/site-packages/airflow/example_dags/example_kubernetes_executor.py
[2023-12-03T16:07:32.543+0000] {processor.py:829} INFO - Processing file /home/airflow/.local/lib/python3.8/site-packages/airflow/example_dags/example_kubernetes_executor.py for tasks to queue
[2023-12-03T16:07:32.547+0000] {logging_mixin.py:154} INFO - [2023-12-03T16:07:32.546+0000] {dagbag.py:536} INFO - Filling up the DagBag from /home/airflow/.local/lib/python3.8/site-packages/airflow/example_dags/example_kubernetes_executor.py
[2023-12-03T16:07:32.557+0000] {processor.py:839} INFO - DAG(s) dict_keys(['example_kubernetes_executor']) retrieved from /home/airflow/.local/lib/python3.8/site-packages/airflow/example_dags/example_kubernetes_executor.py
[2023-12-03T16:07:32.590+0000] {logging_mixin.py:154} INFO - [2023-12-03T16:07:32.590+0000] {dag.py:2941} INFO - Sync 1 DAGs
[2023-12-03T16:07:32.606+0000] {logging_mixin.py:154} INFO - [2023-12-03T16:07:32.606+0000] {dag.py:3722} INFO - Setting next_dagrun for example_kubernetes_executor to None, run_after=None
[2023-12-03T16:07:32.634+0000] {processor.py:179} INFO - Processing /home/airflow/.local/lib/python3.8/site-packages/airflow/example_dags/example_kubernetes_executor.py took 0.097 seconds
[2023-12-03T16:58:03.704+0000] {processor.py:157} INFO - Started process (PID=3355) to work on /home/airflow/.local/lib/python3.8/site-packages/airflow/example_dags/example_kubernetes_executor.py
[2023-12-03T16:58:03.705+0000] {processor.py:829} INFO - Processing file /home/airflow/.local/lib/python3.8/site-packages/airflow/example_dags/example_kubernetes_executor.py for tasks to queue
[2023-12-03T16:58:03.707+0000] {logging_mixin.py:154} INFO - [2023-12-03T16:58:03.707+0000] {dagbag.py:536} INFO - Filling up the DagBag from /home/airflow/.local/lib/python3.8/site-packages/airflow/example_dags/example_kubernetes_executor.py
[2023-12-03T16:58:03.717+0000] {processor.py:839} INFO - DAG(s) dict_keys(['example_kubernetes_executor']) retrieved from /home/airflow/.local/lib/python3.8/site-packages/airflow/example_dags/example_kubernetes_executor.py
[2023-12-03T16:58:03.743+0000] {logging_mixin.py:154} INFO - [2023-12-03T16:58:03.743+0000] {dag.py:2941} INFO - Sync 1 DAGs
[2023-12-03T16:58:03.750+0000] {logging_mixin.py:154} INFO - [2023-12-03T16:58:03.750+0000] {dag.py:3722} INFO - Setting next_dagrun for example_kubernetes_executor to None, run_after=None
[2023-12-03T16:58:03.761+0000] {processor.py:179} INFO - Processing /home/airflow/.local/lib/python3.8/site-packages/airflow/example_dags/example_kubernetes_executor.py took 0.060 seconds
[2023-12-03T17:46:21.695+0000] {processor.py:157} INFO - Started process (PID=3413) to work on /home/airflow/.local/lib/python3.8/site-packages/airflow/example_dags/example_kubernetes_executor.py
[2023-12-03T17:46:21.697+0000] {processor.py:829} INFO - Processing file /home/airflow/.local/lib/python3.8/site-packages/airflow/example_dags/example_kubernetes_executor.py for tasks to queue
[2023-12-03T17:46:21.700+0000] {logging_mixin.py:154} INFO - [2023-12-03T17:46:21.699+0000] {dagbag.py:536} INFO - Filling up the DagBag from /home/airflow/.local/lib/python3.8/site-packages/airflow/example_dags/example_kubernetes_executor.py
[2023-12-03T17:46:21.711+0000] {processor.py:839} INFO - DAG(s) dict_keys(['example_kubernetes_executor']) retrieved from /home/airflow/.local/lib/python3.8/site-packages/airflow/example_dags/example_kubernetes_executor.py
[2023-12-03T17:46:21.739+0000] {logging_mixin.py:154} INFO - [2023-12-03T17:46:21.739+0000] {dag.py:2941} INFO - Sync 1 DAGs
[2023-12-03T17:46:21.747+0000] {logging_mixin.py:154} INFO - [2023-12-03T17:46:21.747+0000] {dag.py:3722} INFO - Setting next_dagrun for example_kubernetes_executor to None, run_after=None
[2023-12-03T17:46:21.759+0000] {processor.py:179} INFO - Processing /home/airflow/.local/lib/python3.8/site-packages/airflow/example_dags/example_kubernetes_executor.py took 0.067 seconds
[2023-12-03T18:33:41.548+0000] {processor.py:157} INFO - Started process (PID=3471) to work on /home/airflow/.local/lib/python3.8/site-packages/airflow/example_dags/example_kubernetes_executor.py
[2023-12-03T18:33:41.549+0000] {processor.py:829} INFO - Processing file /home/airflow/.local/lib/python3.8/site-packages/airflow/example_dags/example_kubernetes_executor.py for tasks to queue
[2023-12-03T18:33:41.551+0000] {logging_mixin.py:154} INFO - [2023-12-03T18:33:41.551+0000] {dagbag.py:536} INFO - Filling up the DagBag from /home/airflow/.local/lib/python3.8/site-packages/airflow/example_dags/example_kubernetes_executor.py
[2023-12-03T18:33:41.563+0000] {processor.py:839} INFO - DAG(s) dict_keys(['example_kubernetes_executor']) retrieved from /home/airflow/.local/lib/python3.8/site-packages/airflow/example_dags/example_kubernetes_executor.py
[2023-12-03T18:33:41.593+0000] {logging_mixin.py:154} INFO - [2023-12-03T18:33:41.593+0000] {dag.py:2941} INFO - Sync 1 DAGs
[2023-12-03T18:33:41.603+0000] {logging_mixin.py:154} INFO - [2023-12-03T18:33:41.602+0000] {dag.py:3722} INFO - Setting next_dagrun for example_kubernetes_executor to None, run_after=None
[2023-12-03T18:33:41.620+0000] {processor.py:179} INFO - Processing /home/airflow/.local/lib/python3.8/site-packages/airflow/example_dags/example_kubernetes_executor.py took 0.075 seconds
[2023-12-03T19:06:25.855+0000] {processor.py:157} INFO - Started process (PID=3529) to work on /home/airflow/.local/lib/python3.8/site-packages/airflow/example_dags/example_kubernetes_executor.py
[2023-12-03T19:06:25.857+0000] {processor.py:829} INFO - Processing file /home/airflow/.local/lib/python3.8/site-packages/airflow/example_dags/example_kubernetes_executor.py for tasks to queue
[2023-12-03T19:06:25.860+0000] {logging_mixin.py:154} INFO - [2023-12-03T19:06:25.860+0000] {dagbag.py:536} INFO - Filling up the DagBag from /home/airflow/.local/lib/python3.8/site-packages/airflow/example_dags/example_kubernetes_executor.py
[2023-12-03T19:06:25.873+0000] {processor.py:839} INFO - DAG(s) dict_keys(['example_kubernetes_executor']) retrieved from /home/airflow/.local/lib/python3.8/site-packages/airflow/example_dags/example_kubernetes_executor.py
[2023-12-03T19:06:25.902+0000] {logging_mixin.py:154} INFO - [2023-12-03T19:06:25.902+0000] {dag.py:2941} INFO - Sync 1 DAGs
[2023-12-03T19:06:25.910+0000] {logging_mixin.py:154} INFO - [2023-12-03T19:06:25.910+0000] {dag.py:3722} INFO - Setting next_dagrun for example_kubernetes_executor to None, run_after=None
[2023-12-03T19:06:25.923+0000] {processor.py:179} INFO - Processing /home/airflow/.local/lib/python3.8/site-packages/airflow/example_dags/example_kubernetes_executor.py took 0.071 seconds
[2023-12-03T19:22:01.235+0000] {processor.py:157} INFO - Started process (PID=3587) to work on /home/airflow/.local/lib/python3.8/site-packages/airflow/example_dags/example_kubernetes_executor.py
[2023-12-03T19:22:01.235+0000] {processor.py:829} INFO - Processing file /home/airflow/.local/lib/python3.8/site-packages/airflow/example_dags/example_kubernetes_executor.py for tasks to queue
[2023-12-03T19:22:01.237+0000] {logging_mixin.py:154} INFO - [2023-12-03T19:22:01.237+0000] {dagbag.py:536} INFO - Filling up the DagBag from /home/airflow/.local/lib/python3.8/site-packages/airflow/example_dags/example_kubernetes_executor.py
[2023-12-03T19:22:01.250+0000] {processor.py:839} INFO - DAG(s) dict_keys(['example_kubernetes_executor']) retrieved from /home/airflow/.local/lib/python3.8/site-packages/airflow/example_dags/example_kubernetes_executor.py
[2023-12-03T19:22:01.314+0000] {logging_mixin.py:154} INFO - [2023-12-03T19:22:01.314+0000] {dag.py:2941} INFO - Sync 1 DAGs
[2023-12-03T19:22:01.324+0000] {logging_mixin.py:154} INFO - [2023-12-03T19:22:01.324+0000] {dag.py:3722} INFO - Setting next_dagrun for example_kubernetes_executor to None, run_after=None
[2023-12-03T19:22:01.337+0000] {processor.py:179} INFO - Processing /home/airflow/.local/lib/python3.8/site-packages/airflow/example_dags/example_kubernetes_executor.py took 0.106 seconds
[2023-12-03T20:11:32.775+0000] {processor.py:157} INFO - Started process (PID=3644) to work on /home/airflow/.local/lib/python3.8/site-packages/airflow/example_dags/example_kubernetes_executor.py
[2023-12-03T20:11:32.776+0000] {processor.py:829} INFO - Processing file /home/airflow/.local/lib/python3.8/site-packages/airflow/example_dags/example_kubernetes_executor.py for tasks to queue
[2023-12-03T20:11:32.779+0000] {logging_mixin.py:154} INFO - [2023-12-03T20:11:32.779+0000] {dagbag.py:536} INFO - Filling up the DagBag from /home/airflow/.local/lib/python3.8/site-packages/airflow/example_dags/example_kubernetes_executor.py
[2023-12-03T20:11:32.790+0000] {processor.py:839} INFO - DAG(s) dict_keys(['example_kubernetes_executor']) retrieved from /home/airflow/.local/lib/python3.8/site-packages/airflow/example_dags/example_kubernetes_executor.py
[2023-12-03T20:11:32.825+0000] {logging_mixin.py:154} INFO - [2023-12-03T20:11:32.825+0000] {dag.py:2941} INFO - Sync 1 DAGs
[2023-12-03T20:11:32.835+0000] {logging_mixin.py:154} INFO - [2023-12-03T20:11:32.835+0000] {dag.py:3722} INFO - Setting next_dagrun for example_kubernetes_executor to None, run_after=None
[2023-12-03T20:11:32.848+0000] {processor.py:179} INFO - Processing /home/airflow/.local/lib/python3.8/site-packages/airflow/example_dags/example_kubernetes_executor.py took 0.077 seconds
[2023-12-03T21:36:32.964+0000] {processor.py:157} INFO - Started process (PID=3702) to work on /home/airflow/.local/lib/python3.8/site-packages/airflow/example_dags/example_kubernetes_executor.py
[2023-12-03T21:36:32.965+0000] {processor.py:829} INFO - Processing file /home/airflow/.local/lib/python3.8/site-packages/airflow/example_dags/example_kubernetes_executor.py for tasks to queue
[2023-12-03T21:36:32.967+0000] {logging_mixin.py:154} INFO - [2023-12-03T21:36:32.967+0000] {dagbag.py:536} INFO - Filling up the DagBag from /home/airflow/.local/lib/python3.8/site-packages/airflow/example_dags/example_kubernetes_executor.py
[2023-12-03T21:36:32.978+0000] {processor.py:839} INFO - DAG(s) dict_keys(['example_kubernetes_executor']) retrieved from /home/airflow/.local/lib/python3.8/site-packages/airflow/example_dags/example_kubernetes_executor.py
[2023-12-03T21:36:33.008+0000] {logging_mixin.py:154} INFO - [2023-12-03T21:36:33.008+0000] {dag.py:2941} INFO - Sync 1 DAGs
[2023-12-03T21:36:33.017+0000] {logging_mixin.py:154} INFO - [2023-12-03T21:36:33.017+0000] {dag.py:3722} INFO - Setting next_dagrun for example_kubernetes_executor to None, run_after=None
[2023-12-03T21:36:33.034+0000] {processor.py:179} INFO - Processing /home/airflow/.local/lib/python3.8/site-packages/airflow/example_dags/example_kubernetes_executor.py took 0.073 seconds
[2023-12-03T22:57:30.780+0000] {processor.py:157} INFO - Started process (PID=3760) to work on /home/airflow/.local/lib/python3.8/site-packages/airflow/example_dags/example_kubernetes_executor.py
[2023-12-03T22:57:30.781+0000] {processor.py:829} INFO - Processing file /home/airflow/.local/lib/python3.8/site-packages/airflow/example_dags/example_kubernetes_executor.py for tasks to queue
[2023-12-03T22:57:30.784+0000] {logging_mixin.py:154} INFO - [2023-12-03T22:57:30.784+0000] {dagbag.py:536} INFO - Filling up the DagBag from /home/airflow/.local/lib/python3.8/site-packages/airflow/example_dags/example_kubernetes_executor.py
[2023-12-03T22:57:30.796+0000] {processor.py:839} INFO - DAG(s) dict_keys(['example_kubernetes_executor']) retrieved from /home/airflow/.local/lib/python3.8/site-packages/airflow/example_dags/example_kubernetes_executor.py
[2023-12-03T22:57:30.831+0000] {logging_mixin.py:154} INFO - [2023-12-03T22:57:30.830+0000] {dag.py:2941} INFO - Sync 1 DAGs
[2023-12-03T22:57:30.840+0000] {logging_mixin.py:154} INFO - [2023-12-03T22:57:30.839+0000] {dag.py:3722} INFO - Setting next_dagrun for example_kubernetes_executor to None, run_after=None
[2023-12-03T22:57:30.856+0000] {processor.py:179} INFO - Processing /home/airflow/.local/lib/python3.8/site-packages/airflow/example_dags/example_kubernetes_executor.py took 0.079 seconds
[2023-12-03T23:13:09.880+0000] {processor.py:157} INFO - Started process (PID=3818) to work on /home/airflow/.local/lib/python3.8/site-packages/airflow/example_dags/example_kubernetes_executor.py
[2023-12-03T23:13:09.881+0000] {processor.py:829} INFO - Processing file /home/airflow/.local/lib/python3.8/site-packages/airflow/example_dags/example_kubernetes_executor.py for tasks to queue
[2023-12-03T23:13:09.883+0000] {logging_mixin.py:154} INFO - [2023-12-03T23:13:09.883+0000] {dagbag.py:536} INFO - Filling up the DagBag from /home/airflow/.local/lib/python3.8/site-packages/airflow/example_dags/example_kubernetes_executor.py
[2023-12-03T23:13:09.897+0000] {processor.py:839} INFO - DAG(s) dict_keys(['example_kubernetes_executor']) retrieved from /home/airflow/.local/lib/python3.8/site-packages/airflow/example_dags/example_kubernetes_executor.py
[2023-12-03T23:13:09.929+0000] {logging_mixin.py:154} INFO - [2023-12-03T23:13:09.929+0000] {dag.py:2941} INFO - Sync 1 DAGs
[2023-12-03T23:13:09.940+0000] {logging_mixin.py:154} INFO - [2023-12-03T23:13:09.940+0000] {dag.py:3722} INFO - Setting next_dagrun for example_kubernetes_executor to None, run_after=None
[2023-12-03T23:13:09.956+0000] {processor.py:179} INFO - Processing /home/airflow/.local/lib/python3.8/site-packages/airflow/example_dags/example_kubernetes_executor.py took 0.080 seconds
[2023-12-03T23:22:17.835+0000] {processor.py:157} INFO - Started process (PID=3876) to work on /home/airflow/.local/lib/python3.8/site-packages/airflow/example_dags/example_kubernetes_executor.py
[2023-12-03T23:22:17.841+0000] {processor.py:829} INFO - Processing file /home/airflow/.local/lib/python3.8/site-packages/airflow/example_dags/example_kubernetes_executor.py for tasks to queue
[2023-12-03T23:22:17.845+0000] {logging_mixin.py:154} INFO - [2023-12-03T23:22:17.844+0000] {dagbag.py:536} INFO - Filling up the DagBag from /home/airflow/.local/lib/python3.8/site-packages/airflow/example_dags/example_kubernetes_executor.py
[2023-12-03T23:22:17.869+0000] {processor.py:839} INFO - DAG(s) dict_keys(['example_kubernetes_executor']) retrieved from /home/airflow/.local/lib/python3.8/site-packages/airflow/example_dags/example_kubernetes_executor.py
[2023-12-03T23:22:17.930+0000] {logging_mixin.py:154} INFO - [2023-12-03T23:22:17.930+0000] {dag.py:2941} INFO - Sync 1 DAGs
[2023-12-03T23:22:17.949+0000] {logging_mixin.py:154} INFO - [2023-12-03T23:22:17.949+0000] {dag.py:3722} INFO - Setting next_dagrun for example_kubernetes_executor to None, run_after=None
[2023-12-03T23:22:17.980+0000] {processor.py:179} INFO - Processing /home/airflow/.local/lib/python3.8/site-packages/airflow/example_dags/example_kubernetes_executor.py took 0.149 seconds
