[2023-12-03T09:43:23.586+0000] {processor.py:157} INFO - Started process (PID=55) to work on /home/airflow/.local/lib/python3.8/site-packages/airflow/example_dags/example_sensor_decorator.py
[2023-12-03T09:43:23.587+0000] {processor.py:829} INFO - Processing file /home/airflow/.local/lib/python3.8/site-packages/airflow/example_dags/example_sensor_decorator.py for tasks to queue
[2023-12-03T09:43:23.590+0000] {logging_mixin.py:154} INFO - [2023-12-03T09:43:23.590+0000] {dagbag.py:536} INFO - Filling up the DagBag from /home/airflow/.local/lib/python3.8/site-packages/airflow/example_dags/example_sensor_decorator.py
[2023-12-03T09:43:23.600+0000] {processor.py:839} INFO - DAG(s) dict_keys(['example_sensor_decorator']) retrieved from /home/airflow/.local/lib/python3.8/site-packages/airflow/example_dags/example_sensor_decorator.py
[2023-12-03T09:43:23.615+0000] {logging_mixin.py:154} INFO - [2023-12-03T09:43:23.614+0000] {dag.py:2941} INFO - Sync 1 DAGs
[2023-12-03T09:43:23.626+0000] {logging_mixin.py:154} INFO - [2023-12-03T09:43:23.625+0000] {dag.py:3722} INFO - Setting next_dagrun for example_sensor_decorator to None, run_after=None
[2023-12-03T09:43:23.644+0000] {processor.py:179} INFO - Processing /home/airflow/.local/lib/python3.8/site-packages/airflow/example_dags/example_sensor_decorator.py took 0.061 seconds
[2023-12-03T09:43:54.135+0000] {processor.py:157} INFO - Started process (PID=113) to work on /home/airflow/.local/lib/python3.8/site-packages/airflow/example_dags/example_sensor_decorator.py
[2023-12-03T09:43:54.137+0000] {processor.py:829} INFO - Processing file /home/airflow/.local/lib/python3.8/site-packages/airflow/example_dags/example_sensor_decorator.py for tasks to queue
[2023-12-03T09:43:54.140+0000] {logging_mixin.py:154} INFO - [2023-12-03T09:43:54.140+0000] {dagbag.py:536} INFO - Filling up the DagBag from /home/airflow/.local/lib/python3.8/site-packages/airflow/example_dags/example_sensor_decorator.py
[2023-12-03T09:43:54.147+0000] {processor.py:839} INFO - DAG(s) dict_keys(['example_sensor_decorator']) retrieved from /home/airflow/.local/lib/python3.8/site-packages/airflow/example_dags/example_sensor_decorator.py
[2023-12-03T09:43:54.167+0000] {logging_mixin.py:154} INFO - [2023-12-03T09:43:54.167+0000] {dag.py:2941} INFO - Sync 1 DAGs
[2023-12-03T09:43:54.179+0000] {logging_mixin.py:154} INFO - [2023-12-03T09:43:54.179+0000] {dag.py:3722} INFO - Setting next_dagrun for example_sensor_decorator to None, run_after=None
[2023-12-03T09:43:54.199+0000] {processor.py:179} INFO - Processing /home/airflow/.local/lib/python3.8/site-packages/airflow/example_dags/example_sensor_decorator.py took 0.067 seconds
[2023-12-03T09:44:25.125+0000] {processor.py:157} INFO - Started process (PID=170) to work on /home/airflow/.local/lib/python3.8/site-packages/airflow/example_dags/example_sensor_decorator.py
[2023-12-03T09:44:25.126+0000] {processor.py:829} INFO - Processing file /home/airflow/.local/lib/python3.8/site-packages/airflow/example_dags/example_sensor_decorator.py for tasks to queue
[2023-12-03T09:44:25.128+0000] {logging_mixin.py:154} INFO - [2023-12-03T09:44:25.128+0000] {dagbag.py:536} INFO - Filling up the DagBag from /home/airflow/.local/lib/python3.8/site-packages/airflow/example_dags/example_sensor_decorator.py
[2023-12-03T09:44:25.134+0000] {processor.py:839} INFO - DAG(s) dict_keys(['example_sensor_decorator']) retrieved from /home/airflow/.local/lib/python3.8/site-packages/airflow/example_dags/example_sensor_decorator.py
[2023-12-03T09:44:25.153+0000] {logging_mixin.py:154} INFO - [2023-12-03T09:44:25.152+0000] {dag.py:2941} INFO - Sync 1 DAGs
[2023-12-03T09:44:25.165+0000] {logging_mixin.py:154} INFO - [2023-12-03T09:44:25.165+0000] {dag.py:3722} INFO - Setting next_dagrun for example_sensor_decorator to None, run_after=None
[2023-12-03T09:44:25.180+0000] {processor.py:179} INFO - Processing /home/airflow/.local/lib/python3.8/site-packages/airflow/example_dags/example_sensor_decorator.py took 0.060 seconds
[2023-12-03T09:44:56.204+0000] {processor.py:157} INFO - Started process (PID=228) to work on /home/airflow/.local/lib/python3.8/site-packages/airflow/example_dags/example_sensor_decorator.py
[2023-12-03T09:44:56.205+0000] {processor.py:829} INFO - Processing file /home/airflow/.local/lib/python3.8/site-packages/airflow/example_dags/example_sensor_decorator.py for tasks to queue
[2023-12-03T09:44:56.207+0000] {logging_mixin.py:154} INFO - [2023-12-03T09:44:56.207+0000] {dagbag.py:536} INFO - Filling up the DagBag from /home/airflow/.local/lib/python3.8/site-packages/airflow/example_dags/example_sensor_decorator.py
[2023-12-03T09:44:56.214+0000] {processor.py:839} INFO - DAG(s) dict_keys(['example_sensor_decorator']) retrieved from /home/airflow/.local/lib/python3.8/site-packages/airflow/example_dags/example_sensor_decorator.py
[2023-12-03T09:44:56.233+0000] {logging_mixin.py:154} INFO - [2023-12-03T09:44:56.233+0000] {dag.py:2941} INFO - Sync 1 DAGs
[2023-12-03T09:44:56.244+0000] {logging_mixin.py:154} INFO - [2023-12-03T09:44:56.244+0000] {dag.py:3722} INFO - Setting next_dagrun for example_sensor_decorator to None, run_after=None
[2023-12-03T09:44:56.261+0000] {processor.py:179} INFO - Processing /home/airflow/.local/lib/python3.8/site-packages/airflow/example_dags/example_sensor_decorator.py took 0.061 seconds
[2023-12-03T09:45:26.845+0000] {processor.py:157} INFO - Started process (PID=285) to work on /home/airflow/.local/lib/python3.8/site-packages/airflow/example_dags/example_sensor_decorator.py
[2023-12-03T09:45:26.847+0000] {processor.py:829} INFO - Processing file /home/airflow/.local/lib/python3.8/site-packages/airflow/example_dags/example_sensor_decorator.py for tasks to queue
[2023-12-03T09:45:26.849+0000] {logging_mixin.py:154} INFO - [2023-12-03T09:45:26.849+0000] {dagbag.py:536} INFO - Filling up the DagBag from /home/airflow/.local/lib/python3.8/site-packages/airflow/example_dags/example_sensor_decorator.py
[2023-12-03T09:45:26.857+0000] {processor.py:839} INFO - DAG(s) dict_keys(['example_sensor_decorator']) retrieved from /home/airflow/.local/lib/python3.8/site-packages/airflow/example_dags/example_sensor_decorator.py
[2023-12-03T09:45:26.881+0000] {logging_mixin.py:154} INFO - [2023-12-03T09:45:26.881+0000] {dag.py:2941} INFO - Sync 1 DAGs
[2023-12-03T09:45:26.898+0000] {logging_mixin.py:154} INFO - [2023-12-03T09:45:26.898+0000] {dag.py:3722} INFO - Setting next_dagrun for example_sensor_decorator to None, run_after=None
[2023-12-03T09:45:26.923+0000] {processor.py:179} INFO - Processing /home/airflow/.local/lib/python3.8/site-packages/airflow/example_dags/example_sensor_decorator.py took 0.083 seconds
[2023-12-03T09:45:57.461+0000] {processor.py:157} INFO - Started process (PID=345) to work on /home/airflow/.local/lib/python3.8/site-packages/airflow/example_dags/example_sensor_decorator.py
[2023-12-03T09:45:57.463+0000] {processor.py:829} INFO - Processing file /home/airflow/.local/lib/python3.8/site-packages/airflow/example_dags/example_sensor_decorator.py for tasks to queue
[2023-12-03T09:45:57.465+0000] {logging_mixin.py:154} INFO - [2023-12-03T09:45:57.465+0000] {dagbag.py:536} INFO - Filling up the DagBag from /home/airflow/.local/lib/python3.8/site-packages/airflow/example_dags/example_sensor_decorator.py
[2023-12-03T09:45:57.471+0000] {processor.py:839} INFO - DAG(s) dict_keys(['example_sensor_decorator']) retrieved from /home/airflow/.local/lib/python3.8/site-packages/airflow/example_dags/example_sensor_decorator.py
[2023-12-03T09:45:57.490+0000] {logging_mixin.py:154} INFO - [2023-12-03T09:45:57.490+0000] {dag.py:2941} INFO - Sync 1 DAGs
[2023-12-03T09:45:57.501+0000] {logging_mixin.py:154} INFO - [2023-12-03T09:45:57.501+0000] {dag.py:3722} INFO - Setting next_dagrun for example_sensor_decorator to None, run_after=None
[2023-12-03T09:45:57.518+0000] {processor.py:179} INFO - Processing /home/airflow/.local/lib/python3.8/site-packages/airflow/example_dags/example_sensor_decorator.py took 0.061 seconds
[2023-12-03T09:46:28.083+0000] {processor.py:157} INFO - Started process (PID=403) to work on /home/airflow/.local/lib/python3.8/site-packages/airflow/example_dags/example_sensor_decorator.py
[2023-12-03T09:46:28.085+0000] {processor.py:829} INFO - Processing file /home/airflow/.local/lib/python3.8/site-packages/airflow/example_dags/example_sensor_decorator.py for tasks to queue
[2023-12-03T09:46:28.087+0000] {logging_mixin.py:154} INFO - [2023-12-03T09:46:28.087+0000] {dagbag.py:536} INFO - Filling up the DagBag from /home/airflow/.local/lib/python3.8/site-packages/airflow/example_dags/example_sensor_decorator.py
[2023-12-03T09:46:28.093+0000] {processor.py:839} INFO - DAG(s) dict_keys(['example_sensor_decorator']) retrieved from /home/airflow/.local/lib/python3.8/site-packages/airflow/example_dags/example_sensor_decorator.py
[2023-12-03T09:46:28.114+0000] {logging_mixin.py:154} INFO - [2023-12-03T09:46:28.114+0000] {dag.py:2941} INFO - Sync 1 DAGs
[2023-12-03T09:46:28.125+0000] {logging_mixin.py:154} INFO - [2023-12-03T09:46:28.125+0000] {dag.py:3722} INFO - Setting next_dagrun for example_sensor_decorator to None, run_after=None
[2023-12-03T09:46:28.143+0000] {processor.py:179} INFO - Processing /home/airflow/.local/lib/python3.8/site-packages/airflow/example_dags/example_sensor_decorator.py took 0.064 seconds
[2023-12-03T09:46:59.283+0000] {processor.py:157} INFO - Started process (PID=461) to work on /home/airflow/.local/lib/python3.8/site-packages/airflow/example_dags/example_sensor_decorator.py
[2023-12-03T09:46:59.284+0000] {processor.py:829} INFO - Processing file /home/airflow/.local/lib/python3.8/site-packages/airflow/example_dags/example_sensor_decorator.py for tasks to queue
[2023-12-03T09:46:59.286+0000] {logging_mixin.py:154} INFO - [2023-12-03T09:46:59.286+0000] {dagbag.py:536} INFO - Filling up the DagBag from /home/airflow/.local/lib/python3.8/site-packages/airflow/example_dags/example_sensor_decorator.py
[2023-12-03T09:46:59.292+0000] {processor.py:839} INFO - DAG(s) dict_keys(['example_sensor_decorator']) retrieved from /home/airflow/.local/lib/python3.8/site-packages/airflow/example_dags/example_sensor_decorator.py
[2023-12-03T09:46:59.312+0000] {logging_mixin.py:154} INFO - [2023-12-03T09:46:59.312+0000] {dag.py:2941} INFO - Sync 1 DAGs
[2023-12-03T09:46:59.325+0000] {logging_mixin.py:154} INFO - [2023-12-03T09:46:59.325+0000] {dag.py:3722} INFO - Setting next_dagrun for example_sensor_decorator to None, run_after=None
[2023-12-03T09:46:59.347+0000] {processor.py:179} INFO - Processing /home/airflow/.local/lib/python3.8/site-packages/airflow/example_dags/example_sensor_decorator.py took 0.069 seconds
[2023-12-03T09:47:30.053+0000] {processor.py:157} INFO - Started process (PID=519) to work on /home/airflow/.local/lib/python3.8/site-packages/airflow/example_dags/example_sensor_decorator.py
[2023-12-03T09:47:30.054+0000] {processor.py:829} INFO - Processing file /home/airflow/.local/lib/python3.8/site-packages/airflow/example_dags/example_sensor_decorator.py for tasks to queue
[2023-12-03T09:47:30.057+0000] {logging_mixin.py:154} INFO - [2023-12-03T09:47:30.056+0000] {dagbag.py:536} INFO - Filling up the DagBag from /home/airflow/.local/lib/python3.8/site-packages/airflow/example_dags/example_sensor_decorator.py
[2023-12-03T09:47:30.063+0000] {processor.py:839} INFO - DAG(s) dict_keys(['example_sensor_decorator']) retrieved from /home/airflow/.local/lib/python3.8/site-packages/airflow/example_dags/example_sensor_decorator.py
[2023-12-03T09:47:30.083+0000] {logging_mixin.py:154} INFO - [2023-12-03T09:47:30.083+0000] {dag.py:2941} INFO - Sync 1 DAGs
[2023-12-03T09:47:30.095+0000] {logging_mixin.py:154} INFO - [2023-12-03T09:47:30.095+0000] {dag.py:3722} INFO - Setting next_dagrun for example_sensor_decorator to None, run_after=None
[2023-12-03T09:47:30.112+0000] {processor.py:179} INFO - Processing /home/airflow/.local/lib/python3.8/site-packages/airflow/example_dags/example_sensor_decorator.py took 0.063 seconds
[2023-12-03T09:48:01.134+0000] {processor.py:157} INFO - Started process (PID=577) to work on /home/airflow/.local/lib/python3.8/site-packages/airflow/example_dags/example_sensor_decorator.py
[2023-12-03T09:48:01.136+0000] {processor.py:829} INFO - Processing file /home/airflow/.local/lib/python3.8/site-packages/airflow/example_dags/example_sensor_decorator.py for tasks to queue
[2023-12-03T09:48:01.138+0000] {logging_mixin.py:154} INFO - [2023-12-03T09:48:01.138+0000] {dagbag.py:536} INFO - Filling up the DagBag from /home/airflow/.local/lib/python3.8/site-packages/airflow/example_dags/example_sensor_decorator.py
[2023-12-03T09:48:01.150+0000] {processor.py:839} INFO - DAG(s) dict_keys(['example_sensor_decorator']) retrieved from /home/airflow/.local/lib/python3.8/site-packages/airflow/example_dags/example_sensor_decorator.py
[2023-12-03T09:48:01.178+0000] {logging_mixin.py:154} INFO - [2023-12-03T09:48:01.178+0000] {dag.py:2941} INFO - Sync 1 DAGs
[2023-12-03T09:48:01.197+0000] {logging_mixin.py:154} INFO - [2023-12-03T09:48:01.197+0000] {dag.py:3722} INFO - Setting next_dagrun for example_sensor_decorator to None, run_after=None
[2023-12-03T09:48:01.224+0000] {processor.py:179} INFO - Processing /home/airflow/.local/lib/python3.8/site-packages/airflow/example_dags/example_sensor_decorator.py took 0.095 seconds
[2023-12-03T09:48:32.059+0000] {processor.py:157} INFO - Started process (PID=633) to work on /home/airflow/.local/lib/python3.8/site-packages/airflow/example_dags/example_sensor_decorator.py
[2023-12-03T09:48:32.060+0000] {processor.py:829} INFO - Processing file /home/airflow/.local/lib/python3.8/site-packages/airflow/example_dags/example_sensor_decorator.py for tasks to queue
[2023-12-03T09:48:32.064+0000] {logging_mixin.py:154} INFO - [2023-12-03T09:48:32.063+0000] {dagbag.py:536} INFO - Filling up the DagBag from /home/airflow/.local/lib/python3.8/site-packages/airflow/example_dags/example_sensor_decorator.py
[2023-12-03T09:48:32.072+0000] {processor.py:839} INFO - DAG(s) dict_keys(['example_sensor_decorator']) retrieved from /home/airflow/.local/lib/python3.8/site-packages/airflow/example_dags/example_sensor_decorator.py
[2023-12-03T09:48:32.089+0000] {logging_mixin.py:154} INFO - [2023-12-03T09:48:32.089+0000] {dag.py:2941} INFO - Sync 1 DAGs
[2023-12-03T09:48:32.101+0000] {logging_mixin.py:154} INFO - [2023-12-03T09:48:32.101+0000] {dag.py:3722} INFO - Setting next_dagrun for example_sensor_decorator to None, run_after=None
[2023-12-03T09:48:32.116+0000] {processor.py:179} INFO - Processing /home/airflow/.local/lib/python3.8/site-packages/airflow/example_dags/example_sensor_decorator.py took 0.061 seconds
[2023-12-03T09:49:03.041+0000] {processor.py:157} INFO - Started process (PID=691) to work on /home/airflow/.local/lib/python3.8/site-packages/airflow/example_dags/example_sensor_decorator.py
[2023-12-03T09:49:03.043+0000] {processor.py:829} INFO - Processing file /home/airflow/.local/lib/python3.8/site-packages/airflow/example_dags/example_sensor_decorator.py for tasks to queue
[2023-12-03T09:49:03.046+0000] {logging_mixin.py:154} INFO - [2023-12-03T09:49:03.046+0000] {dagbag.py:536} INFO - Filling up the DagBag from /home/airflow/.local/lib/python3.8/site-packages/airflow/example_dags/example_sensor_decorator.py
[2023-12-03T09:49:03.052+0000] {processor.py:839} INFO - DAG(s) dict_keys(['example_sensor_decorator']) retrieved from /home/airflow/.local/lib/python3.8/site-packages/airflow/example_dags/example_sensor_decorator.py
[2023-12-03T09:49:03.079+0000] {logging_mixin.py:154} INFO - [2023-12-03T09:49:03.078+0000] {dag.py:2941} INFO - Sync 1 DAGs
[2023-12-03T09:49:03.098+0000] {logging_mixin.py:154} INFO - [2023-12-03T09:49:03.098+0000] {dag.py:3722} INFO - Setting next_dagrun for example_sensor_decorator to None, run_after=None
[2023-12-03T09:49:03.120+0000] {processor.py:179} INFO - Processing /home/airflow/.local/lib/python3.8/site-packages/airflow/example_dags/example_sensor_decorator.py took 0.084 seconds
[2023-12-03T09:49:33.902+0000] {processor.py:157} INFO - Started process (PID=756) to work on /home/airflow/.local/lib/python3.8/site-packages/airflow/example_dags/example_sensor_decorator.py
[2023-12-03T09:49:33.903+0000] {processor.py:829} INFO - Processing file /home/airflow/.local/lib/python3.8/site-packages/airflow/example_dags/example_sensor_decorator.py for tasks to queue
[2023-12-03T09:49:33.907+0000] {logging_mixin.py:154} INFO - [2023-12-03T09:49:33.906+0000] {dagbag.py:536} INFO - Filling up the DagBag from /home/airflow/.local/lib/python3.8/site-packages/airflow/example_dags/example_sensor_decorator.py
[2023-12-03T09:49:33.913+0000] {processor.py:839} INFO - DAG(s) dict_keys(['example_sensor_decorator']) retrieved from /home/airflow/.local/lib/python3.8/site-packages/airflow/example_dags/example_sensor_decorator.py
[2023-12-03T09:49:33.934+0000] {logging_mixin.py:154} INFO - [2023-12-03T09:49:33.934+0000] {dag.py:2941} INFO - Sync 1 DAGs
[2023-12-03T09:49:33.950+0000] {logging_mixin.py:154} INFO - [2023-12-03T09:49:33.949+0000] {dag.py:3722} INFO - Setting next_dagrun for example_sensor_decorator to None, run_after=None
[2023-12-03T09:49:33.967+0000] {processor.py:179} INFO - Processing /home/airflow/.local/lib/python3.8/site-packages/airflow/example_dags/example_sensor_decorator.py took 0.070 seconds
[2023-12-03T09:50:04.107+0000] {processor.py:157} INFO - Started process (PID=813) to work on /home/airflow/.local/lib/python3.8/site-packages/airflow/example_dags/example_sensor_decorator.py
[2023-12-03T09:50:04.108+0000] {processor.py:829} INFO - Processing file /home/airflow/.local/lib/python3.8/site-packages/airflow/example_dags/example_sensor_decorator.py for tasks to queue
[2023-12-03T09:50:04.111+0000] {logging_mixin.py:154} INFO - [2023-12-03T09:50:04.111+0000] {dagbag.py:536} INFO - Filling up the DagBag from /home/airflow/.local/lib/python3.8/site-packages/airflow/example_dags/example_sensor_decorator.py
[2023-12-03T09:50:04.116+0000] {processor.py:839} INFO - DAG(s) dict_keys(['example_sensor_decorator']) retrieved from /home/airflow/.local/lib/python3.8/site-packages/airflow/example_dags/example_sensor_decorator.py
[2023-12-03T09:50:04.132+0000] {logging_mixin.py:154} INFO - [2023-12-03T09:50:04.132+0000] {dag.py:2941} INFO - Sync 1 DAGs
[2023-12-03T09:50:04.142+0000] {logging_mixin.py:154} INFO - [2023-12-03T09:50:04.142+0000] {dag.py:3722} INFO - Setting next_dagrun for example_sensor_decorator to None, run_after=None
[2023-12-03T09:50:04.155+0000] {processor.py:179} INFO - Processing /home/airflow/.local/lib/python3.8/site-packages/airflow/example_dags/example_sensor_decorator.py took 0.051 seconds
[2023-12-03T09:50:34.377+0000] {processor.py:157} INFO - Started process (PID=871) to work on /home/airflow/.local/lib/python3.8/site-packages/airflow/example_dags/example_sensor_decorator.py
[2023-12-03T09:50:34.378+0000] {processor.py:829} INFO - Processing file /home/airflow/.local/lib/python3.8/site-packages/airflow/example_dags/example_sensor_decorator.py for tasks to queue
[2023-12-03T09:50:34.381+0000] {logging_mixin.py:154} INFO - [2023-12-03T09:50:34.380+0000] {dagbag.py:536} INFO - Filling up the DagBag from /home/airflow/.local/lib/python3.8/site-packages/airflow/example_dags/example_sensor_decorator.py
[2023-12-03T09:50:34.387+0000] {processor.py:839} INFO - DAG(s) dict_keys(['example_sensor_decorator']) retrieved from /home/airflow/.local/lib/python3.8/site-packages/airflow/example_dags/example_sensor_decorator.py
[2023-12-03T09:50:34.405+0000] {logging_mixin.py:154} INFO - [2023-12-03T09:50:34.404+0000] {dag.py:2941} INFO - Sync 1 DAGs
[2023-12-03T09:50:34.415+0000] {logging_mixin.py:154} INFO - [2023-12-03T09:50:34.415+0000] {dag.py:3722} INFO - Setting next_dagrun for example_sensor_decorator to None, run_after=None
[2023-12-03T09:50:34.430+0000] {processor.py:179} INFO - Processing /home/airflow/.local/lib/python3.8/site-packages/airflow/example_dags/example_sensor_decorator.py took 0.056 seconds
[2023-12-03T09:51:04.545+0000] {processor.py:157} INFO - Started process (PID=929) to work on /home/airflow/.local/lib/python3.8/site-packages/airflow/example_dags/example_sensor_decorator.py
[2023-12-03T09:51:04.547+0000] {processor.py:829} INFO - Processing file /home/airflow/.local/lib/python3.8/site-packages/airflow/example_dags/example_sensor_decorator.py for tasks to queue
[2023-12-03T09:51:04.551+0000] {logging_mixin.py:154} INFO - [2023-12-03T09:51:04.550+0000] {dagbag.py:536} INFO - Filling up the DagBag from /home/airflow/.local/lib/python3.8/site-packages/airflow/example_dags/example_sensor_decorator.py
[2023-12-03T09:51:04.560+0000] {processor.py:839} INFO - DAG(s) dict_keys(['example_sensor_decorator']) retrieved from /home/airflow/.local/lib/python3.8/site-packages/airflow/example_dags/example_sensor_decorator.py
[2023-12-03T09:51:04.585+0000] {logging_mixin.py:154} INFO - [2023-12-03T09:51:04.585+0000] {dag.py:2941} INFO - Sync 1 DAGs
[2023-12-03T09:51:04.599+0000] {logging_mixin.py:154} INFO - [2023-12-03T09:51:04.599+0000] {dag.py:3722} INFO - Setting next_dagrun for example_sensor_decorator to None, run_after=None
[2023-12-03T09:51:04.622+0000] {processor.py:179} INFO - Processing /home/airflow/.local/lib/python3.8/site-packages/airflow/example_dags/example_sensor_decorator.py took 0.081 seconds
[2023-12-03T09:51:35.624+0000] {processor.py:157} INFO - Started process (PID=987) to work on /home/airflow/.local/lib/python3.8/site-packages/airflow/example_dags/example_sensor_decorator.py
[2023-12-03T09:51:35.625+0000] {processor.py:829} INFO - Processing file /home/airflow/.local/lib/python3.8/site-packages/airflow/example_dags/example_sensor_decorator.py for tasks to queue
[2023-12-03T09:51:35.628+0000] {logging_mixin.py:154} INFO - [2023-12-03T09:51:35.628+0000] {dagbag.py:536} INFO - Filling up the DagBag from /home/airflow/.local/lib/python3.8/site-packages/airflow/example_dags/example_sensor_decorator.py
[2023-12-03T09:51:35.635+0000] {processor.py:839} INFO - DAG(s) dict_keys(['example_sensor_decorator']) retrieved from /home/airflow/.local/lib/python3.8/site-packages/airflow/example_dags/example_sensor_decorator.py
[2023-12-03T09:51:35.658+0000] {logging_mixin.py:154} INFO - [2023-12-03T09:51:35.658+0000] {dag.py:2941} INFO - Sync 1 DAGs
[2023-12-03T09:51:35.672+0000] {logging_mixin.py:154} INFO - [2023-12-03T09:51:35.671+0000] {dag.py:3722} INFO - Setting next_dagrun for example_sensor_decorator to None, run_after=None
[2023-12-03T09:51:35.688+0000] {processor.py:179} INFO - Processing /home/airflow/.local/lib/python3.8/site-packages/airflow/example_dags/example_sensor_decorator.py took 0.069 seconds
[2023-12-03T09:52:06.567+0000] {processor.py:157} INFO - Started process (PID=1045) to work on /home/airflow/.local/lib/python3.8/site-packages/airflow/example_dags/example_sensor_decorator.py
[2023-12-03T09:52:06.568+0000] {processor.py:829} INFO - Processing file /home/airflow/.local/lib/python3.8/site-packages/airflow/example_dags/example_sensor_decorator.py for tasks to queue
[2023-12-03T09:52:06.571+0000] {logging_mixin.py:154} INFO - [2023-12-03T09:52:06.571+0000] {dagbag.py:536} INFO - Filling up the DagBag from /home/airflow/.local/lib/python3.8/site-packages/airflow/example_dags/example_sensor_decorator.py
[2023-12-03T09:52:06.579+0000] {processor.py:839} INFO - DAG(s) dict_keys(['example_sensor_decorator']) retrieved from /home/airflow/.local/lib/python3.8/site-packages/airflow/example_dags/example_sensor_decorator.py
[2023-12-03T09:52:06.597+0000] {logging_mixin.py:154} INFO - [2023-12-03T09:52:06.597+0000] {dag.py:2941} INFO - Sync 1 DAGs
[2023-12-03T09:52:06.609+0000] {logging_mixin.py:154} INFO - [2023-12-03T09:52:06.609+0000] {dag.py:3722} INFO - Setting next_dagrun for example_sensor_decorator to None, run_after=None
[2023-12-03T09:52:06.625+0000] {processor.py:179} INFO - Processing /home/airflow/.local/lib/python3.8/site-packages/airflow/example_dags/example_sensor_decorator.py took 0.063 seconds
[2023-12-03T09:52:36.689+0000] {processor.py:157} INFO - Started process (PID=1103) to work on /home/airflow/.local/lib/python3.8/site-packages/airflow/example_dags/example_sensor_decorator.py
[2023-12-03T09:52:36.691+0000] {processor.py:829} INFO - Processing file /home/airflow/.local/lib/python3.8/site-packages/airflow/example_dags/example_sensor_decorator.py for tasks to queue
[2023-12-03T09:52:36.693+0000] {logging_mixin.py:154} INFO - [2023-12-03T09:52:36.693+0000] {dagbag.py:536} INFO - Filling up the DagBag from /home/airflow/.local/lib/python3.8/site-packages/airflow/example_dags/example_sensor_decorator.py
[2023-12-03T09:52:36.699+0000] {processor.py:839} INFO - DAG(s) dict_keys(['example_sensor_decorator']) retrieved from /home/airflow/.local/lib/python3.8/site-packages/airflow/example_dags/example_sensor_decorator.py
[2023-12-03T09:52:36.717+0000] {logging_mixin.py:154} INFO - [2023-12-03T09:52:36.717+0000] {dag.py:2941} INFO - Sync 1 DAGs
[2023-12-03T09:52:36.727+0000] {logging_mixin.py:154} INFO - [2023-12-03T09:52:36.727+0000] {dag.py:3722} INFO - Setting next_dagrun for example_sensor_decorator to None, run_after=None
[2023-12-03T09:52:36.742+0000] {processor.py:179} INFO - Processing /home/airflow/.local/lib/python3.8/site-packages/airflow/example_dags/example_sensor_decorator.py took 0.056 seconds
[2023-12-03T09:53:07.041+0000] {processor.py:157} INFO - Started process (PID=1161) to work on /home/airflow/.local/lib/python3.8/site-packages/airflow/example_dags/example_sensor_decorator.py
[2023-12-03T09:53:07.042+0000] {processor.py:829} INFO - Processing file /home/airflow/.local/lib/python3.8/site-packages/airflow/example_dags/example_sensor_decorator.py for tasks to queue
[2023-12-03T09:53:07.046+0000] {logging_mixin.py:154} INFO - [2023-12-03T09:53:07.045+0000] {dagbag.py:536} INFO - Filling up the DagBag from /home/airflow/.local/lib/python3.8/site-packages/airflow/example_dags/example_sensor_decorator.py
[2023-12-03T09:53:07.051+0000] {processor.py:839} INFO - DAG(s) dict_keys(['example_sensor_decorator']) retrieved from /home/airflow/.local/lib/python3.8/site-packages/airflow/example_dags/example_sensor_decorator.py
[2023-12-03T09:53:07.070+0000] {logging_mixin.py:154} INFO - [2023-12-03T09:53:07.070+0000] {dag.py:2941} INFO - Sync 1 DAGs
[2023-12-03T09:53:07.081+0000] {logging_mixin.py:154} INFO - [2023-12-03T09:53:07.081+0000] {dag.py:3722} INFO - Setting next_dagrun for example_sensor_decorator to None, run_after=None
[2023-12-03T09:53:07.095+0000] {processor.py:179} INFO - Processing /home/airflow/.local/lib/python3.8/site-packages/airflow/example_dags/example_sensor_decorator.py took 0.058 seconds
[2023-12-03T09:53:37.305+0000] {processor.py:157} INFO - Started process (PID=1219) to work on /home/airflow/.local/lib/python3.8/site-packages/airflow/example_dags/example_sensor_decorator.py
[2023-12-03T09:53:37.306+0000] {processor.py:829} INFO - Processing file /home/airflow/.local/lib/python3.8/site-packages/airflow/example_dags/example_sensor_decorator.py for tasks to queue
[2023-12-03T09:53:37.309+0000] {logging_mixin.py:154} INFO - [2023-12-03T09:53:37.309+0000] {dagbag.py:536} INFO - Filling up the DagBag from /home/airflow/.local/lib/python3.8/site-packages/airflow/example_dags/example_sensor_decorator.py
[2023-12-03T09:53:37.315+0000] {processor.py:839} INFO - DAG(s) dict_keys(['example_sensor_decorator']) retrieved from /home/airflow/.local/lib/python3.8/site-packages/airflow/example_dags/example_sensor_decorator.py
[2023-12-03T09:53:37.332+0000] {logging_mixin.py:154} INFO - [2023-12-03T09:53:37.332+0000] {dag.py:2941} INFO - Sync 1 DAGs
[2023-12-03T09:53:37.343+0000] {logging_mixin.py:154} INFO - [2023-12-03T09:53:37.343+0000] {dag.py:3722} INFO - Setting next_dagrun for example_sensor_decorator to None, run_after=None
[2023-12-03T09:53:37.356+0000] {processor.py:179} INFO - Processing /home/airflow/.local/lib/python3.8/site-packages/airflow/example_dags/example_sensor_decorator.py took 0.055 seconds
[2023-12-03T09:54:07.616+0000] {processor.py:157} INFO - Started process (PID=1277) to work on /home/airflow/.local/lib/python3.8/site-packages/airflow/example_dags/example_sensor_decorator.py
[2023-12-03T09:54:07.617+0000] {processor.py:829} INFO - Processing file /home/airflow/.local/lib/python3.8/site-packages/airflow/example_dags/example_sensor_decorator.py for tasks to queue
[2023-12-03T09:54:07.619+0000] {logging_mixin.py:154} INFO - [2023-12-03T09:54:07.619+0000] {dagbag.py:536} INFO - Filling up the DagBag from /home/airflow/.local/lib/python3.8/site-packages/airflow/example_dags/example_sensor_decorator.py
[2023-12-03T09:54:07.624+0000] {processor.py:839} INFO - DAG(s) dict_keys(['example_sensor_decorator']) retrieved from /home/airflow/.local/lib/python3.8/site-packages/airflow/example_dags/example_sensor_decorator.py
[2023-12-03T09:54:07.641+0000] {logging_mixin.py:154} INFO - [2023-12-03T09:54:07.641+0000] {dag.py:2941} INFO - Sync 1 DAGs
[2023-12-03T09:54:07.650+0000] {logging_mixin.py:154} INFO - [2023-12-03T09:54:07.650+0000] {dag.py:3722} INFO - Setting next_dagrun for example_sensor_decorator to None, run_after=None
[2023-12-03T09:54:07.662+0000] {processor.py:179} INFO - Processing /home/airflow/.local/lib/python3.8/site-packages/airflow/example_dags/example_sensor_decorator.py took 0.050 seconds
[2023-12-03T09:54:38.045+0000] {processor.py:157} INFO - Started process (PID=1335) to work on /home/airflow/.local/lib/python3.8/site-packages/airflow/example_dags/example_sensor_decorator.py
[2023-12-03T09:54:38.046+0000] {processor.py:829} INFO - Processing file /home/airflow/.local/lib/python3.8/site-packages/airflow/example_dags/example_sensor_decorator.py for tasks to queue
[2023-12-03T09:54:38.048+0000] {logging_mixin.py:154} INFO - [2023-12-03T09:54:38.048+0000] {dagbag.py:536} INFO - Filling up the DagBag from /home/airflow/.local/lib/python3.8/site-packages/airflow/example_dags/example_sensor_decorator.py
[2023-12-03T09:54:38.053+0000] {processor.py:839} INFO - DAG(s) dict_keys(['example_sensor_decorator']) retrieved from /home/airflow/.local/lib/python3.8/site-packages/airflow/example_dags/example_sensor_decorator.py
[2023-12-03T09:54:38.069+0000] {logging_mixin.py:154} INFO - [2023-12-03T09:54:38.069+0000] {dag.py:2941} INFO - Sync 1 DAGs
[2023-12-03T09:54:38.079+0000] {logging_mixin.py:154} INFO - [2023-12-03T09:54:38.079+0000] {dag.py:3722} INFO - Setting next_dagrun for example_sensor_decorator to None, run_after=None
[2023-12-03T09:54:38.092+0000] {processor.py:179} INFO - Processing /home/airflow/.local/lib/python3.8/site-packages/airflow/example_dags/example_sensor_decorator.py took 0.050 seconds
[2023-12-03T09:55:08.411+0000] {processor.py:157} INFO - Started process (PID=1393) to work on /home/airflow/.local/lib/python3.8/site-packages/airflow/example_dags/example_sensor_decorator.py
[2023-12-03T09:55:08.413+0000] {processor.py:829} INFO - Processing file /home/airflow/.local/lib/python3.8/site-packages/airflow/example_dags/example_sensor_decorator.py for tasks to queue
[2023-12-03T09:55:08.415+0000] {logging_mixin.py:154} INFO - [2023-12-03T09:55:08.415+0000] {dagbag.py:536} INFO - Filling up the DagBag from /home/airflow/.local/lib/python3.8/site-packages/airflow/example_dags/example_sensor_decorator.py
[2023-12-03T09:55:08.420+0000] {processor.py:839} INFO - DAG(s) dict_keys(['example_sensor_decorator']) retrieved from /home/airflow/.local/lib/python3.8/site-packages/airflow/example_dags/example_sensor_decorator.py
[2023-12-03T09:55:08.437+0000] {logging_mixin.py:154} INFO - [2023-12-03T09:55:08.437+0000] {dag.py:2941} INFO - Sync 1 DAGs
[2023-12-03T09:55:08.449+0000] {logging_mixin.py:154} INFO - [2023-12-03T09:55:08.449+0000] {dag.py:3722} INFO - Setting next_dagrun for example_sensor_decorator to None, run_after=None
[2023-12-03T09:55:08.463+0000] {processor.py:179} INFO - Processing /home/airflow/.local/lib/python3.8/site-packages/airflow/example_dags/example_sensor_decorator.py took 0.054 seconds
[2023-12-03T09:55:38.919+0000] {processor.py:157} INFO - Started process (PID=1452) to work on /home/airflow/.local/lib/python3.8/site-packages/airflow/example_dags/example_sensor_decorator.py
[2023-12-03T09:55:38.920+0000] {processor.py:829} INFO - Processing file /home/airflow/.local/lib/python3.8/site-packages/airflow/example_dags/example_sensor_decorator.py for tasks to queue
[2023-12-03T09:55:38.923+0000] {logging_mixin.py:154} INFO - [2023-12-03T09:55:38.922+0000] {dagbag.py:536} INFO - Filling up the DagBag from /home/airflow/.local/lib/python3.8/site-packages/airflow/example_dags/example_sensor_decorator.py
[2023-12-03T09:55:38.928+0000] {processor.py:839} INFO - DAG(s) dict_keys(['example_sensor_decorator']) retrieved from /home/airflow/.local/lib/python3.8/site-packages/airflow/example_dags/example_sensor_decorator.py
[2023-12-03T09:55:38.947+0000] {logging_mixin.py:154} INFO - [2023-12-03T09:55:38.947+0000] {dag.py:2941} INFO - Sync 1 DAGs
[2023-12-03T09:55:38.962+0000] {logging_mixin.py:154} INFO - [2023-12-03T09:55:38.962+0000] {dag.py:3722} INFO - Setting next_dagrun for example_sensor_decorator to None, run_after=None
[2023-12-03T09:55:38.980+0000] {processor.py:179} INFO - Processing /home/airflow/.local/lib/python3.8/site-packages/airflow/example_dags/example_sensor_decorator.py took 0.065 seconds
[2023-12-03T09:56:09.250+0000] {processor.py:157} INFO - Started process (PID=1514) to work on /home/airflow/.local/lib/python3.8/site-packages/airflow/example_dags/example_sensor_decorator.py
[2023-12-03T09:56:09.251+0000] {processor.py:829} INFO - Processing file /home/airflow/.local/lib/python3.8/site-packages/airflow/example_dags/example_sensor_decorator.py for tasks to queue
[2023-12-03T09:56:09.254+0000] {logging_mixin.py:154} INFO - [2023-12-03T09:56:09.254+0000] {dagbag.py:536} INFO - Filling up the DagBag from /home/airflow/.local/lib/python3.8/site-packages/airflow/example_dags/example_sensor_decorator.py
[2023-12-03T09:56:09.259+0000] {processor.py:839} INFO - DAG(s) dict_keys(['example_sensor_decorator']) retrieved from /home/airflow/.local/lib/python3.8/site-packages/airflow/example_dags/example_sensor_decorator.py
[2023-12-03T09:56:09.278+0000] {logging_mixin.py:154} INFO - [2023-12-03T09:56:09.278+0000] {dag.py:2941} INFO - Sync 1 DAGs
[2023-12-03T09:56:09.289+0000] {logging_mixin.py:154} INFO - [2023-12-03T09:56:09.289+0000] {dag.py:3722} INFO - Setting next_dagrun for example_sensor_decorator to None, run_after=None
[2023-12-03T09:56:09.302+0000] {processor.py:179} INFO - Processing /home/airflow/.local/lib/python3.8/site-packages/airflow/example_dags/example_sensor_decorator.py took 0.056 seconds
[2023-12-03T09:56:40.180+0000] {processor.py:157} INFO - Started process (PID=1572) to work on /home/airflow/.local/lib/python3.8/site-packages/airflow/example_dags/example_sensor_decorator.py
[2023-12-03T09:56:40.181+0000] {processor.py:829} INFO - Processing file /home/airflow/.local/lib/python3.8/site-packages/airflow/example_dags/example_sensor_decorator.py for tasks to queue
[2023-12-03T09:56:40.184+0000] {logging_mixin.py:154} INFO - [2023-12-03T09:56:40.184+0000] {dagbag.py:536} INFO - Filling up the DagBag from /home/airflow/.local/lib/python3.8/site-packages/airflow/example_dags/example_sensor_decorator.py
[2023-12-03T09:56:40.189+0000] {processor.py:839} INFO - DAG(s) dict_keys(['example_sensor_decorator']) retrieved from /home/airflow/.local/lib/python3.8/site-packages/airflow/example_dags/example_sensor_decorator.py
[2023-12-03T09:56:40.206+0000] {logging_mixin.py:154} INFO - [2023-12-03T09:56:40.206+0000] {dag.py:2941} INFO - Sync 1 DAGs
[2023-12-03T09:56:40.217+0000] {logging_mixin.py:154} INFO - [2023-12-03T09:56:40.217+0000] {dag.py:3722} INFO - Setting next_dagrun for example_sensor_decorator to None, run_after=None
[2023-12-03T09:56:40.230+0000] {processor.py:179} INFO - Processing /home/airflow/.local/lib/python3.8/site-packages/airflow/example_dags/example_sensor_decorator.py took 0.053 seconds
[2023-12-03T09:57:10.939+0000] {processor.py:157} INFO - Started process (PID=1630) to work on /home/airflow/.local/lib/python3.8/site-packages/airflow/example_dags/example_sensor_decorator.py
[2023-12-03T09:57:10.940+0000] {processor.py:829} INFO - Processing file /home/airflow/.local/lib/python3.8/site-packages/airflow/example_dags/example_sensor_decorator.py for tasks to queue
[2023-12-03T09:57:10.943+0000] {logging_mixin.py:154} INFO - [2023-12-03T09:57:10.943+0000] {dagbag.py:536} INFO - Filling up the DagBag from /home/airflow/.local/lib/python3.8/site-packages/airflow/example_dags/example_sensor_decorator.py
[2023-12-03T09:57:10.948+0000] {processor.py:839} INFO - DAG(s) dict_keys(['example_sensor_decorator']) retrieved from /home/airflow/.local/lib/python3.8/site-packages/airflow/example_dags/example_sensor_decorator.py
[2023-12-03T09:57:10.965+0000] {logging_mixin.py:154} INFO - [2023-12-03T09:57:10.965+0000] {dag.py:2941} INFO - Sync 1 DAGs
[2023-12-03T09:57:10.975+0000] {logging_mixin.py:154} INFO - [2023-12-03T09:57:10.975+0000] {dag.py:3722} INFO - Setting next_dagrun for example_sensor_decorator to None, run_after=None
[2023-12-03T09:57:10.988+0000] {processor.py:179} INFO - Processing /home/airflow/.local/lib/python3.8/site-packages/airflow/example_dags/example_sensor_decorator.py took 0.052 seconds
[2023-12-03T09:57:41.146+0000] {processor.py:157} INFO - Started process (PID=1690) to work on /home/airflow/.local/lib/python3.8/site-packages/airflow/example_dags/example_sensor_decorator.py
[2023-12-03T09:57:41.147+0000] {processor.py:829} INFO - Processing file /home/airflow/.local/lib/python3.8/site-packages/airflow/example_dags/example_sensor_decorator.py for tasks to queue
[2023-12-03T09:57:41.150+0000] {logging_mixin.py:154} INFO - [2023-12-03T09:57:41.150+0000] {dagbag.py:536} INFO - Filling up the DagBag from /home/airflow/.local/lib/python3.8/site-packages/airflow/example_dags/example_sensor_decorator.py
[2023-12-03T09:57:41.157+0000] {processor.py:839} INFO - DAG(s) dict_keys(['example_sensor_decorator']) retrieved from /home/airflow/.local/lib/python3.8/site-packages/airflow/example_dags/example_sensor_decorator.py
[2023-12-03T09:57:41.180+0000] {logging_mixin.py:154} INFO - [2023-12-03T09:57:41.180+0000] {dag.py:2941} INFO - Sync 1 DAGs
[2023-12-03T09:57:41.197+0000] {logging_mixin.py:154} INFO - [2023-12-03T09:57:41.197+0000] {dag.py:3722} INFO - Setting next_dagrun for example_sensor_decorator to None, run_after=None
[2023-12-03T09:57:41.214+0000] {processor.py:179} INFO - Processing /home/airflow/.local/lib/python3.8/site-packages/airflow/example_dags/example_sensor_decorator.py took 0.071 seconds
[2023-12-03T09:58:11.290+0000] {processor.py:157} INFO - Started process (PID=1748) to work on /home/airflow/.local/lib/python3.8/site-packages/airflow/example_dags/example_sensor_decorator.py
[2023-12-03T09:58:11.291+0000] {processor.py:829} INFO - Processing file /home/airflow/.local/lib/python3.8/site-packages/airflow/example_dags/example_sensor_decorator.py for tasks to queue
[2023-12-03T09:58:11.294+0000] {logging_mixin.py:154} INFO - [2023-12-03T09:58:11.293+0000] {dagbag.py:536} INFO - Filling up the DagBag from /home/airflow/.local/lib/python3.8/site-packages/airflow/example_dags/example_sensor_decorator.py
[2023-12-03T09:58:11.299+0000] {processor.py:839} INFO - DAG(s) dict_keys(['example_sensor_decorator']) retrieved from /home/airflow/.local/lib/python3.8/site-packages/airflow/example_dags/example_sensor_decorator.py
[2023-12-03T09:58:11.315+0000] {logging_mixin.py:154} INFO - [2023-12-03T09:58:11.314+0000] {dag.py:2941} INFO - Sync 1 DAGs
[2023-12-03T09:58:11.325+0000] {logging_mixin.py:154} INFO - [2023-12-03T09:58:11.325+0000] {dag.py:3722} INFO - Setting next_dagrun for example_sensor_decorator to None, run_after=None
[2023-12-03T09:58:11.339+0000] {processor.py:179} INFO - Processing /home/airflow/.local/lib/python3.8/site-packages/airflow/example_dags/example_sensor_decorator.py took 0.053 seconds
[2023-12-03T09:58:41.745+0000] {processor.py:157} INFO - Started process (PID=1805) to work on /home/airflow/.local/lib/python3.8/site-packages/airflow/example_dags/example_sensor_decorator.py
[2023-12-03T09:58:41.747+0000] {processor.py:829} INFO - Processing file /home/airflow/.local/lib/python3.8/site-packages/airflow/example_dags/example_sensor_decorator.py for tasks to queue
[2023-12-03T09:58:41.750+0000] {logging_mixin.py:154} INFO - [2023-12-03T09:58:41.749+0000] {dagbag.py:536} INFO - Filling up the DagBag from /home/airflow/.local/lib/python3.8/site-packages/airflow/example_dags/example_sensor_decorator.py
[2023-12-03T09:58:41.756+0000] {processor.py:839} INFO - DAG(s) dict_keys(['example_sensor_decorator']) retrieved from /home/airflow/.local/lib/python3.8/site-packages/airflow/example_dags/example_sensor_decorator.py
[2023-12-03T09:58:41.775+0000] {logging_mixin.py:154} INFO - [2023-12-03T09:58:41.775+0000] {dag.py:2941} INFO - Sync 1 DAGs
[2023-12-03T09:58:41.786+0000] {logging_mixin.py:154} INFO - [2023-12-03T09:58:41.786+0000] {dag.py:3722} INFO - Setting next_dagrun for example_sensor_decorator to None, run_after=None
[2023-12-03T09:58:41.800+0000] {processor.py:179} INFO - Processing /home/airflow/.local/lib/python3.8/site-packages/airflow/example_dags/example_sensor_decorator.py took 0.058 seconds
[2023-12-03T09:59:12.399+0000] {processor.py:157} INFO - Started process (PID=1863) to work on /home/airflow/.local/lib/python3.8/site-packages/airflow/example_dags/example_sensor_decorator.py
[2023-12-03T09:59:12.400+0000] {processor.py:829} INFO - Processing file /home/airflow/.local/lib/python3.8/site-packages/airflow/example_dags/example_sensor_decorator.py for tasks to queue
[2023-12-03T09:59:12.403+0000] {logging_mixin.py:154} INFO - [2023-12-03T09:59:12.403+0000] {dagbag.py:536} INFO - Filling up the DagBag from /home/airflow/.local/lib/python3.8/site-packages/airflow/example_dags/example_sensor_decorator.py
[2023-12-03T09:59:12.408+0000] {processor.py:839} INFO - DAG(s) dict_keys(['example_sensor_decorator']) retrieved from /home/airflow/.local/lib/python3.8/site-packages/airflow/example_dags/example_sensor_decorator.py
[2023-12-03T09:59:12.424+0000] {logging_mixin.py:154} INFO - [2023-12-03T09:59:12.424+0000] {dag.py:2941} INFO - Sync 1 DAGs
[2023-12-03T09:59:12.435+0000] {logging_mixin.py:154} INFO - [2023-12-03T09:59:12.435+0000] {dag.py:3722} INFO - Setting next_dagrun for example_sensor_decorator to None, run_after=None
[2023-12-03T09:59:12.449+0000] {processor.py:179} INFO - Processing /home/airflow/.local/lib/python3.8/site-packages/airflow/example_dags/example_sensor_decorator.py took 0.054 seconds
[2023-12-03T09:59:43.319+0000] {processor.py:157} INFO - Started process (PID=1922) to work on /home/airflow/.local/lib/python3.8/site-packages/airflow/example_dags/example_sensor_decorator.py
[2023-12-03T09:59:43.320+0000] {processor.py:829} INFO - Processing file /home/airflow/.local/lib/python3.8/site-packages/airflow/example_dags/example_sensor_decorator.py for tasks to queue
[2023-12-03T09:59:43.323+0000] {logging_mixin.py:154} INFO - [2023-12-03T09:59:43.323+0000] {dagbag.py:536} INFO - Filling up the DagBag from /home/airflow/.local/lib/python3.8/site-packages/airflow/example_dags/example_sensor_decorator.py
[2023-12-03T09:59:43.328+0000] {processor.py:839} INFO - DAG(s) dict_keys(['example_sensor_decorator']) retrieved from /home/airflow/.local/lib/python3.8/site-packages/airflow/example_dags/example_sensor_decorator.py
[2023-12-03T09:59:43.345+0000] {logging_mixin.py:154} INFO - [2023-12-03T09:59:43.345+0000] {dag.py:2941} INFO - Sync 1 DAGs
[2023-12-03T09:59:43.356+0000] {logging_mixin.py:154} INFO - [2023-12-03T09:59:43.356+0000] {dag.py:3722} INFO - Setting next_dagrun for example_sensor_decorator to None, run_after=None
[2023-12-03T09:59:43.369+0000] {processor.py:179} INFO - Processing /home/airflow/.local/lib/python3.8/site-packages/airflow/example_dags/example_sensor_decorator.py took 0.053 seconds
[2023-12-03T10:00:13.758+0000] {processor.py:157} INFO - Started process (PID=1984) to work on /home/airflow/.local/lib/python3.8/site-packages/airflow/example_dags/example_sensor_decorator.py
[2023-12-03T10:00:13.760+0000] {processor.py:829} INFO - Processing file /home/airflow/.local/lib/python3.8/site-packages/airflow/example_dags/example_sensor_decorator.py for tasks to queue
[2023-12-03T10:00:13.762+0000] {logging_mixin.py:154} INFO - [2023-12-03T10:00:13.762+0000] {dagbag.py:536} INFO - Filling up the DagBag from /home/airflow/.local/lib/python3.8/site-packages/airflow/example_dags/example_sensor_decorator.py
[2023-12-03T10:00:13.768+0000] {processor.py:839} INFO - DAG(s) dict_keys(['example_sensor_decorator']) retrieved from /home/airflow/.local/lib/python3.8/site-packages/airflow/example_dags/example_sensor_decorator.py
[2023-12-03T10:00:13.787+0000] {logging_mixin.py:154} INFO - [2023-12-03T10:00:13.787+0000] {dag.py:2941} INFO - Sync 1 DAGs
[2023-12-03T10:00:13.799+0000] {logging_mixin.py:154} INFO - [2023-12-03T10:00:13.799+0000] {dag.py:3722} INFO - Setting next_dagrun for example_sensor_decorator to None, run_after=None
[2023-12-03T10:00:13.815+0000] {processor.py:179} INFO - Processing /home/airflow/.local/lib/python3.8/site-packages/airflow/example_dags/example_sensor_decorator.py took 0.061 seconds
[2023-12-03T10:00:43.873+0000] {processor.py:157} INFO - Started process (PID=2040) to work on /home/airflow/.local/lib/python3.8/site-packages/airflow/example_dags/example_sensor_decorator.py
[2023-12-03T10:00:43.874+0000] {processor.py:829} INFO - Processing file /home/airflow/.local/lib/python3.8/site-packages/airflow/example_dags/example_sensor_decorator.py for tasks to queue
[2023-12-03T10:00:43.877+0000] {logging_mixin.py:154} INFO - [2023-12-03T10:00:43.876+0000] {dagbag.py:536} INFO - Filling up the DagBag from /home/airflow/.local/lib/python3.8/site-packages/airflow/example_dags/example_sensor_decorator.py
[2023-12-03T10:00:43.881+0000] {processor.py:839} INFO - DAG(s) dict_keys(['example_sensor_decorator']) retrieved from /home/airflow/.local/lib/python3.8/site-packages/airflow/example_dags/example_sensor_decorator.py
[2023-12-03T10:00:43.898+0000] {logging_mixin.py:154} INFO - [2023-12-03T10:00:43.898+0000] {dag.py:2941} INFO - Sync 1 DAGs
[2023-12-03T10:00:43.907+0000] {logging_mixin.py:154} INFO - [2023-12-03T10:00:43.907+0000] {dag.py:3722} INFO - Setting next_dagrun for example_sensor_decorator to None, run_after=None
[2023-12-03T10:00:43.922+0000] {processor.py:179} INFO - Processing /home/airflow/.local/lib/python3.8/site-packages/airflow/example_dags/example_sensor_decorator.py took 0.052 seconds
[2023-12-03T10:01:14.098+0000] {processor.py:157} INFO - Started process (PID=2098) to work on /home/airflow/.local/lib/python3.8/site-packages/airflow/example_dags/example_sensor_decorator.py
[2023-12-03T10:01:14.099+0000] {processor.py:829} INFO - Processing file /home/airflow/.local/lib/python3.8/site-packages/airflow/example_dags/example_sensor_decorator.py for tasks to queue
[2023-12-03T10:01:14.102+0000] {logging_mixin.py:154} INFO - [2023-12-03T10:01:14.102+0000] {dagbag.py:536} INFO - Filling up the DagBag from /home/airflow/.local/lib/python3.8/site-packages/airflow/example_dags/example_sensor_decorator.py
[2023-12-03T10:01:14.108+0000] {processor.py:839} INFO - DAG(s) dict_keys(['example_sensor_decorator']) retrieved from /home/airflow/.local/lib/python3.8/site-packages/airflow/example_dags/example_sensor_decorator.py
[2023-12-03T10:01:14.128+0000] {logging_mixin.py:154} INFO - [2023-12-03T10:01:14.128+0000] {dag.py:2941} INFO - Sync 1 DAGs
[2023-12-03T10:01:14.141+0000] {logging_mixin.py:154} INFO - [2023-12-03T10:01:14.140+0000] {dag.py:3722} INFO - Setting next_dagrun for example_sensor_decorator to None, run_after=None
[2023-12-03T10:01:14.166+0000] {processor.py:179} INFO - Processing /home/airflow/.local/lib/python3.8/site-packages/airflow/example_dags/example_sensor_decorator.py took 0.073 seconds
[2023-12-03T10:01:44.377+0000] {processor.py:157} INFO - Started process (PID=2156) to work on /home/airflow/.local/lib/python3.8/site-packages/airflow/example_dags/example_sensor_decorator.py
[2023-12-03T10:01:44.378+0000] {processor.py:829} INFO - Processing file /home/airflow/.local/lib/python3.8/site-packages/airflow/example_dags/example_sensor_decorator.py for tasks to queue
[2023-12-03T10:01:44.381+0000] {logging_mixin.py:154} INFO - [2023-12-03T10:01:44.381+0000] {dagbag.py:536} INFO - Filling up the DagBag from /home/airflow/.local/lib/python3.8/site-packages/airflow/example_dags/example_sensor_decorator.py
[2023-12-03T10:01:44.386+0000] {processor.py:839} INFO - DAG(s) dict_keys(['example_sensor_decorator']) retrieved from /home/airflow/.local/lib/python3.8/site-packages/airflow/example_dags/example_sensor_decorator.py
[2023-12-03T10:01:44.404+0000] {logging_mixin.py:154} INFO - [2023-12-03T10:01:44.404+0000] {dag.py:2941} INFO - Sync 1 DAGs
[2023-12-03T10:01:44.415+0000] {logging_mixin.py:154} INFO - [2023-12-03T10:01:44.415+0000] {dag.py:3722} INFO - Setting next_dagrun for example_sensor_decorator to None, run_after=None
[2023-12-03T10:01:44.430+0000] {processor.py:179} INFO - Processing /home/airflow/.local/lib/python3.8/site-packages/airflow/example_dags/example_sensor_decorator.py took 0.056 seconds
[2023-12-03T10:02:14.493+0000] {processor.py:157} INFO - Started process (PID=2216) to work on /home/airflow/.local/lib/python3.8/site-packages/airflow/example_dags/example_sensor_decorator.py
[2023-12-03T10:02:14.494+0000] {processor.py:829} INFO - Processing file /home/airflow/.local/lib/python3.8/site-packages/airflow/example_dags/example_sensor_decorator.py for tasks to queue
[2023-12-03T10:02:14.497+0000] {logging_mixin.py:154} INFO - [2023-12-03T10:02:14.496+0000] {dagbag.py:536} INFO - Filling up the DagBag from /home/airflow/.local/lib/python3.8/site-packages/airflow/example_dags/example_sensor_decorator.py
[2023-12-03T10:02:14.502+0000] {processor.py:839} INFO - DAG(s) dict_keys(['example_sensor_decorator']) retrieved from /home/airflow/.local/lib/python3.8/site-packages/airflow/example_dags/example_sensor_decorator.py
[2023-12-03T10:02:14.520+0000] {logging_mixin.py:154} INFO - [2023-12-03T10:02:14.519+0000] {dag.py:2941} INFO - Sync 1 DAGs
[2023-12-03T10:02:14.530+0000] {logging_mixin.py:154} INFO - [2023-12-03T10:02:14.530+0000] {dag.py:3722} INFO - Setting next_dagrun for example_sensor_decorator to None, run_after=None
[2023-12-03T10:02:14.543+0000] {processor.py:179} INFO - Processing /home/airflow/.local/lib/python3.8/site-packages/airflow/example_dags/example_sensor_decorator.py took 0.054 seconds
[2023-12-03T10:02:44.764+0000] {processor.py:157} INFO - Started process (PID=2274) to work on /home/airflow/.local/lib/python3.8/site-packages/airflow/example_dags/example_sensor_decorator.py
[2023-12-03T10:02:44.765+0000] {processor.py:829} INFO - Processing file /home/airflow/.local/lib/python3.8/site-packages/airflow/example_dags/example_sensor_decorator.py for tasks to queue
[2023-12-03T10:02:44.768+0000] {logging_mixin.py:154} INFO - [2023-12-03T10:02:44.768+0000] {dagbag.py:536} INFO - Filling up the DagBag from /home/airflow/.local/lib/python3.8/site-packages/airflow/example_dags/example_sensor_decorator.py
[2023-12-03T10:02:44.776+0000] {processor.py:839} INFO - DAG(s) dict_keys(['example_sensor_decorator']) retrieved from /home/airflow/.local/lib/python3.8/site-packages/airflow/example_dags/example_sensor_decorator.py
[2023-12-03T10:02:44.798+0000] {logging_mixin.py:154} INFO - [2023-12-03T10:02:44.797+0000] {dag.py:2941} INFO - Sync 1 DAGs
[2023-12-03T10:02:44.812+0000] {logging_mixin.py:154} INFO - [2023-12-03T10:02:44.812+0000] {dag.py:3722} INFO - Setting next_dagrun for example_sensor_decorator to None, run_after=None
[2023-12-03T10:02:44.829+0000] {processor.py:179} INFO - Processing /home/airflow/.local/lib/python3.8/site-packages/airflow/example_dags/example_sensor_decorator.py took 0.069 seconds
[2023-12-03T10:03:15.011+0000] {processor.py:157} INFO - Started process (PID=2332) to work on /home/airflow/.local/lib/python3.8/site-packages/airflow/example_dags/example_sensor_decorator.py
[2023-12-03T10:03:15.012+0000] {processor.py:829} INFO - Processing file /home/airflow/.local/lib/python3.8/site-packages/airflow/example_dags/example_sensor_decorator.py for tasks to queue
[2023-12-03T10:03:15.014+0000] {logging_mixin.py:154} INFO - [2023-12-03T10:03:15.014+0000] {dagbag.py:536} INFO - Filling up the DagBag from /home/airflow/.local/lib/python3.8/site-packages/airflow/example_dags/example_sensor_decorator.py
[2023-12-03T10:03:15.020+0000] {processor.py:839} INFO - DAG(s) dict_keys(['example_sensor_decorator']) retrieved from /home/airflow/.local/lib/python3.8/site-packages/airflow/example_dags/example_sensor_decorator.py
[2023-12-03T10:03:15.038+0000] {logging_mixin.py:154} INFO - [2023-12-03T10:03:15.038+0000] {dag.py:2941} INFO - Sync 1 DAGs
[2023-12-03T10:03:15.049+0000] {logging_mixin.py:154} INFO - [2023-12-03T10:03:15.049+0000] {dag.py:3722} INFO - Setting next_dagrun for example_sensor_decorator to None, run_after=None
[2023-12-03T10:03:15.062+0000] {processor.py:179} INFO - Processing /home/airflow/.local/lib/python3.8/site-packages/airflow/example_dags/example_sensor_decorator.py took 0.054 seconds
[2023-12-03T10:03:45.324+0000] {processor.py:157} INFO - Started process (PID=2390) to work on /home/airflow/.local/lib/python3.8/site-packages/airflow/example_dags/example_sensor_decorator.py
[2023-12-03T10:03:45.325+0000] {processor.py:829} INFO - Processing file /home/airflow/.local/lib/python3.8/site-packages/airflow/example_dags/example_sensor_decorator.py for tasks to queue
[2023-12-03T10:03:45.328+0000] {logging_mixin.py:154} INFO - [2023-12-03T10:03:45.327+0000] {dagbag.py:536} INFO - Filling up the DagBag from /home/airflow/.local/lib/python3.8/site-packages/airflow/example_dags/example_sensor_decorator.py
[2023-12-03T10:03:45.333+0000] {processor.py:839} INFO - DAG(s) dict_keys(['example_sensor_decorator']) retrieved from /home/airflow/.local/lib/python3.8/site-packages/airflow/example_dags/example_sensor_decorator.py
[2023-12-03T10:03:45.348+0000] {logging_mixin.py:154} INFO - [2023-12-03T10:03:45.348+0000] {dag.py:2941} INFO - Sync 1 DAGs
[2023-12-03T10:03:45.357+0000] {logging_mixin.py:154} INFO - [2023-12-03T10:03:45.357+0000] {dag.py:3722} INFO - Setting next_dagrun for example_sensor_decorator to None, run_after=None
[2023-12-03T10:03:45.369+0000] {processor.py:179} INFO - Processing /home/airflow/.local/lib/python3.8/site-packages/airflow/example_dags/example_sensor_decorator.py took 0.049 seconds
[2023-12-03T10:04:16.069+0000] {processor.py:157} INFO - Started process (PID=2448) to work on /home/airflow/.local/lib/python3.8/site-packages/airflow/example_dags/example_sensor_decorator.py
[2023-12-03T10:04:16.071+0000] {processor.py:829} INFO - Processing file /home/airflow/.local/lib/python3.8/site-packages/airflow/example_dags/example_sensor_decorator.py for tasks to queue
[2023-12-03T10:04:16.073+0000] {logging_mixin.py:154} INFO - [2023-12-03T10:04:16.073+0000] {dagbag.py:536} INFO - Filling up the DagBag from /home/airflow/.local/lib/python3.8/site-packages/airflow/example_dags/example_sensor_decorator.py
[2023-12-03T10:04:16.080+0000] {processor.py:839} INFO - DAG(s) dict_keys(['example_sensor_decorator']) retrieved from /home/airflow/.local/lib/python3.8/site-packages/airflow/example_dags/example_sensor_decorator.py
[2023-12-03T10:04:16.098+0000] {logging_mixin.py:154} INFO - [2023-12-03T10:04:16.098+0000] {dag.py:2941} INFO - Sync 1 DAGs
[2023-12-03T10:04:16.109+0000] {logging_mixin.py:154} INFO - [2023-12-03T10:04:16.108+0000] {dag.py:3722} INFO - Setting next_dagrun for example_sensor_decorator to None, run_after=None
[2023-12-03T10:04:16.121+0000] {processor.py:179} INFO - Processing /home/airflow/.local/lib/python3.8/site-packages/airflow/example_dags/example_sensor_decorator.py took 0.055 seconds
[2023-12-03T10:04:46.741+0000] {processor.py:157} INFO - Started process (PID=2506) to work on /home/airflow/.local/lib/python3.8/site-packages/airflow/example_dags/example_sensor_decorator.py
[2023-12-03T10:04:46.742+0000] {processor.py:829} INFO - Processing file /home/airflow/.local/lib/python3.8/site-packages/airflow/example_dags/example_sensor_decorator.py for tasks to queue
[2023-12-03T10:04:46.745+0000] {logging_mixin.py:154} INFO - [2023-12-03T10:04:46.744+0000] {dagbag.py:536} INFO - Filling up the DagBag from /home/airflow/.local/lib/python3.8/site-packages/airflow/example_dags/example_sensor_decorator.py
[2023-12-03T10:04:46.751+0000] {processor.py:839} INFO - DAG(s) dict_keys(['example_sensor_decorator']) retrieved from /home/airflow/.local/lib/python3.8/site-packages/airflow/example_dags/example_sensor_decorator.py
[2023-12-03T10:04:46.769+0000] {logging_mixin.py:154} INFO - [2023-12-03T10:04:46.769+0000] {dag.py:2941} INFO - Sync 1 DAGs
[2023-12-03T10:04:46.782+0000] {logging_mixin.py:154} INFO - [2023-12-03T10:04:46.781+0000] {dag.py:3722} INFO - Setting next_dagrun for example_sensor_decorator to None, run_after=None
[2023-12-03T10:04:46.796+0000] {processor.py:179} INFO - Processing /home/airflow/.local/lib/python3.8/site-packages/airflow/example_dags/example_sensor_decorator.py took 0.057 seconds
[2023-12-03T10:05:16.942+0000] {processor.py:157} INFO - Started process (PID=2564) to work on /home/airflow/.local/lib/python3.8/site-packages/airflow/example_dags/example_sensor_decorator.py
[2023-12-03T10:05:16.943+0000] {processor.py:829} INFO - Processing file /home/airflow/.local/lib/python3.8/site-packages/airflow/example_dags/example_sensor_decorator.py for tasks to queue
[2023-12-03T10:05:16.946+0000] {logging_mixin.py:154} INFO - [2023-12-03T10:05:16.946+0000] {dagbag.py:536} INFO - Filling up the DagBag from /home/airflow/.local/lib/python3.8/site-packages/airflow/example_dags/example_sensor_decorator.py
[2023-12-03T10:05:16.953+0000] {processor.py:839} INFO - DAG(s) dict_keys(['example_sensor_decorator']) retrieved from /home/airflow/.local/lib/python3.8/site-packages/airflow/example_dags/example_sensor_decorator.py
[2023-12-03T10:05:16.974+0000] {logging_mixin.py:154} INFO - [2023-12-03T10:05:16.973+0000] {dag.py:2941} INFO - Sync 1 DAGs
[2023-12-03T10:05:16.988+0000] {logging_mixin.py:154} INFO - [2023-12-03T10:05:16.988+0000] {dag.py:3722} INFO - Setting next_dagrun for example_sensor_decorator to None, run_after=None
[2023-12-03T10:05:17.006+0000] {processor.py:179} INFO - Processing /home/airflow/.local/lib/python3.8/site-packages/airflow/example_dags/example_sensor_decorator.py took 0.068 seconds
[2023-12-03T10:05:48.024+0000] {processor.py:157} INFO - Started process (PID=2621) to work on /home/airflow/.local/lib/python3.8/site-packages/airflow/example_dags/example_sensor_decorator.py
[2023-12-03T10:05:48.025+0000] {processor.py:829} INFO - Processing file /home/airflow/.local/lib/python3.8/site-packages/airflow/example_dags/example_sensor_decorator.py for tasks to queue
[2023-12-03T10:05:48.028+0000] {logging_mixin.py:154} INFO - [2023-12-03T10:05:48.028+0000] {dagbag.py:536} INFO - Filling up the DagBag from /home/airflow/.local/lib/python3.8/site-packages/airflow/example_dags/example_sensor_decorator.py
[2023-12-03T10:05:48.034+0000] {processor.py:839} INFO - DAG(s) dict_keys(['example_sensor_decorator']) retrieved from /home/airflow/.local/lib/python3.8/site-packages/airflow/example_dags/example_sensor_decorator.py
[2023-12-03T10:05:48.050+0000] {logging_mixin.py:154} INFO - [2023-12-03T10:05:48.050+0000] {dag.py:2941} INFO - Sync 1 DAGs
[2023-12-03T10:05:48.062+0000] {logging_mixin.py:154} INFO - [2023-12-03T10:05:48.061+0000] {dag.py:3722} INFO - Setting next_dagrun for example_sensor_decorator to None, run_after=None
[2023-12-03T10:05:48.075+0000] {processor.py:179} INFO - Processing /home/airflow/.local/lib/python3.8/site-packages/airflow/example_dags/example_sensor_decorator.py took 0.055 seconds
[2023-12-03T10:06:18.263+0000] {processor.py:157} INFO - Started process (PID=2679) to work on /home/airflow/.local/lib/python3.8/site-packages/airflow/example_dags/example_sensor_decorator.py
[2023-12-03T10:06:18.264+0000] {processor.py:829} INFO - Processing file /home/airflow/.local/lib/python3.8/site-packages/airflow/example_dags/example_sensor_decorator.py for tasks to queue
[2023-12-03T10:06:18.267+0000] {logging_mixin.py:154} INFO - [2023-12-03T10:06:18.267+0000] {dagbag.py:536} INFO - Filling up the DagBag from /home/airflow/.local/lib/python3.8/site-packages/airflow/example_dags/example_sensor_decorator.py
[2023-12-03T10:06:18.273+0000] {processor.py:839} INFO - DAG(s) dict_keys(['example_sensor_decorator']) retrieved from /home/airflow/.local/lib/python3.8/site-packages/airflow/example_dags/example_sensor_decorator.py
[2023-12-03T10:06:18.289+0000] {logging_mixin.py:154} INFO - [2023-12-03T10:06:18.289+0000] {dag.py:2941} INFO - Sync 1 DAGs
[2023-12-03T10:06:18.300+0000] {logging_mixin.py:154} INFO - [2023-12-03T10:06:18.299+0000] {dag.py:3722} INFO - Setting next_dagrun for example_sensor_decorator to None, run_after=None
[2023-12-03T10:06:18.313+0000] {processor.py:179} INFO - Processing /home/airflow/.local/lib/python3.8/site-packages/airflow/example_dags/example_sensor_decorator.py took 0.052 seconds
[2023-12-03T10:06:48.698+0000] {processor.py:157} INFO - Started process (PID=2737) to work on /home/airflow/.local/lib/python3.8/site-packages/airflow/example_dags/example_sensor_decorator.py
[2023-12-03T10:06:48.699+0000] {processor.py:829} INFO - Processing file /home/airflow/.local/lib/python3.8/site-packages/airflow/example_dags/example_sensor_decorator.py for tasks to queue
[2023-12-03T10:06:48.701+0000] {logging_mixin.py:154} INFO - [2023-12-03T10:06:48.701+0000] {dagbag.py:536} INFO - Filling up the DagBag from /home/airflow/.local/lib/python3.8/site-packages/airflow/example_dags/example_sensor_decorator.py
[2023-12-03T10:06:48.706+0000] {processor.py:839} INFO - DAG(s) dict_keys(['example_sensor_decorator']) retrieved from /home/airflow/.local/lib/python3.8/site-packages/airflow/example_dags/example_sensor_decorator.py
[2023-12-03T10:06:48.723+0000] {logging_mixin.py:154} INFO - [2023-12-03T10:06:48.723+0000] {dag.py:2941} INFO - Sync 1 DAGs
[2023-12-03T10:06:48.733+0000] {logging_mixin.py:154} INFO - [2023-12-03T10:06:48.733+0000] {dag.py:3722} INFO - Setting next_dagrun for example_sensor_decorator to None, run_after=None
[2023-12-03T10:06:48.745+0000] {processor.py:179} INFO - Processing /home/airflow/.local/lib/python3.8/site-packages/airflow/example_dags/example_sensor_decorator.py took 0.052 seconds
[2023-12-03T10:07:18.822+0000] {processor.py:157} INFO - Started process (PID=2795) to work on /home/airflow/.local/lib/python3.8/site-packages/airflow/example_dags/example_sensor_decorator.py
[2023-12-03T10:07:18.824+0000] {processor.py:829} INFO - Processing file /home/airflow/.local/lib/python3.8/site-packages/airflow/example_dags/example_sensor_decorator.py for tasks to queue
[2023-12-03T10:07:18.827+0000] {logging_mixin.py:154} INFO - [2023-12-03T10:07:18.826+0000] {dagbag.py:536} INFO - Filling up the DagBag from /home/airflow/.local/lib/python3.8/site-packages/airflow/example_dags/example_sensor_decorator.py
[2023-12-03T10:07:18.832+0000] {processor.py:839} INFO - DAG(s) dict_keys(['example_sensor_decorator']) retrieved from /home/airflow/.local/lib/python3.8/site-packages/airflow/example_dags/example_sensor_decorator.py
[2023-12-03T10:07:18.848+0000] {logging_mixin.py:154} INFO - [2023-12-03T10:07:18.848+0000] {dag.py:2941} INFO - Sync 1 DAGs
[2023-12-03T10:07:18.859+0000] {logging_mixin.py:154} INFO - [2023-12-03T10:07:18.858+0000] {dag.py:3722} INFO - Setting next_dagrun for example_sensor_decorator to None, run_after=None
[2023-12-03T10:07:18.872+0000] {processor.py:179} INFO - Processing /home/airflow/.local/lib/python3.8/site-packages/airflow/example_dags/example_sensor_decorator.py took 0.053 seconds
[2023-12-03T10:07:49.394+0000] {processor.py:157} INFO - Started process (PID=2853) to work on /home/airflow/.local/lib/python3.8/site-packages/airflow/example_dags/example_sensor_decorator.py
[2023-12-03T10:07:49.395+0000] {processor.py:829} INFO - Processing file /home/airflow/.local/lib/python3.8/site-packages/airflow/example_dags/example_sensor_decorator.py for tasks to queue
[2023-12-03T10:07:49.397+0000] {logging_mixin.py:154} INFO - [2023-12-03T10:07:49.396+0000] {dagbag.py:536} INFO - Filling up the DagBag from /home/airflow/.local/lib/python3.8/site-packages/airflow/example_dags/example_sensor_decorator.py
[2023-12-03T10:07:49.402+0000] {processor.py:839} INFO - DAG(s) dict_keys(['example_sensor_decorator']) retrieved from /home/airflow/.local/lib/python3.8/site-packages/airflow/example_dags/example_sensor_decorator.py
[2023-12-03T10:07:49.417+0000] {logging_mixin.py:154} INFO - [2023-12-03T10:07:49.417+0000] {dag.py:2941} INFO - Sync 1 DAGs
[2023-12-03T10:07:49.425+0000] {logging_mixin.py:154} INFO - [2023-12-03T10:07:49.425+0000] {dag.py:3722} INFO - Setting next_dagrun for example_sensor_decorator to None, run_after=None
[2023-12-03T10:07:49.436+0000] {processor.py:179} INFO - Processing /home/airflow/.local/lib/python3.8/site-packages/airflow/example_dags/example_sensor_decorator.py took 0.045 seconds
[2023-12-03T11:28:20.000+0000] {processor.py:157} INFO - Started process (PID=2909) to work on /home/airflow/.local/lib/python3.8/site-packages/airflow/example_dags/example_sensor_decorator.py
[2023-12-03T11:28:20.003+0000] {processor.py:829} INFO - Processing file /home/airflow/.local/lib/python3.8/site-packages/airflow/example_dags/example_sensor_decorator.py for tasks to queue
[2023-12-03T11:28:20.005+0000] {logging_mixin.py:154} INFO - [2023-12-03T11:28:20.005+0000] {dagbag.py:536} INFO - Filling up the DagBag from /home/airflow/.local/lib/python3.8/site-packages/airflow/example_dags/example_sensor_decorator.py
[2023-12-03T11:28:20.011+0000] {processor.py:839} INFO - DAG(s) dict_keys(['example_sensor_decorator']) retrieved from /home/airflow/.local/lib/python3.8/site-packages/airflow/example_dags/example_sensor_decorator.py
[2023-12-03T11:28:20.028+0000] {logging_mixin.py:154} INFO - [2023-12-03T11:28:20.028+0000] {dag.py:2941} INFO - Sync 1 DAGs
[2023-12-03T11:28:20.039+0000] {logging_mixin.py:154} INFO - [2023-12-03T11:28:20.039+0000] {dag.py:3722} INFO - Setting next_dagrun for example_sensor_decorator to None, run_after=None
[2023-12-03T11:28:20.053+0000] {processor.py:179} INFO - Processing /home/airflow/.local/lib/python3.8/site-packages/airflow/example_dags/example_sensor_decorator.py took 0.056 seconds
[2023-12-03T12:09:29.550+0000] {processor.py:157} INFO - Started process (PID=2966) to work on /home/airflow/.local/lib/python3.8/site-packages/airflow/example_dags/example_sensor_decorator.py
[2023-12-03T12:09:29.551+0000] {processor.py:829} INFO - Processing file /home/airflow/.local/lib/python3.8/site-packages/airflow/example_dags/example_sensor_decorator.py for tasks to queue
[2023-12-03T12:09:29.553+0000] {logging_mixin.py:154} INFO - [2023-12-03T12:09:29.553+0000] {dagbag.py:536} INFO - Filling up the DagBag from /home/airflow/.local/lib/python3.8/site-packages/airflow/example_dags/example_sensor_decorator.py
[2023-12-03T12:09:29.562+0000] {processor.py:839} INFO - DAG(s) dict_keys(['example_sensor_decorator']) retrieved from /home/airflow/.local/lib/python3.8/site-packages/airflow/example_dags/example_sensor_decorator.py
[2023-12-03T12:09:29.579+0000] {logging_mixin.py:154} INFO - [2023-12-03T12:09:29.579+0000] {dag.py:2941} INFO - Sync 1 DAGs
[2023-12-03T12:09:29.590+0000] {logging_mixin.py:154} INFO - [2023-12-03T12:09:29.589+0000] {dag.py:3722} INFO - Setting next_dagrun for example_sensor_decorator to None, run_after=None
[2023-12-03T12:09:29.612+0000] {processor.py:179} INFO - Processing /home/airflow/.local/lib/python3.8/site-packages/airflow/example_dags/example_sensor_decorator.py took 0.065 seconds
[2023-12-03T12:27:31.672+0000] {processor.py:157} INFO - Started process (PID=3024) to work on /home/airflow/.local/lib/python3.8/site-packages/airflow/example_dags/example_sensor_decorator.py
[2023-12-03T12:27:31.673+0000] {processor.py:829} INFO - Processing file /home/airflow/.local/lib/python3.8/site-packages/airflow/example_dags/example_sensor_decorator.py for tasks to queue
[2023-12-03T12:27:31.676+0000] {logging_mixin.py:154} INFO - [2023-12-03T12:27:31.676+0000] {dagbag.py:536} INFO - Filling up the DagBag from /home/airflow/.local/lib/python3.8/site-packages/airflow/example_dags/example_sensor_decorator.py
[2023-12-03T12:27:31.684+0000] {processor.py:839} INFO - DAG(s) dict_keys(['example_sensor_decorator']) retrieved from /home/airflow/.local/lib/python3.8/site-packages/airflow/example_dags/example_sensor_decorator.py
[2023-12-03T12:27:31.705+0000] {logging_mixin.py:154} INFO - [2023-12-03T12:27:31.704+0000] {dag.py:2941} INFO - Sync 1 DAGs
[2023-12-03T12:27:31.718+0000] {logging_mixin.py:154} INFO - [2023-12-03T12:27:31.718+0000] {dag.py:3722} INFO - Setting next_dagrun for example_sensor_decorator to None, run_after=None
[2023-12-03T12:27:31.736+0000] {processor.py:179} INFO - Processing /home/airflow/.local/lib/python3.8/site-packages/airflow/example_dags/example_sensor_decorator.py took 0.067 seconds
[2023-12-03T12:44:55.009+0000] {processor.py:157} INFO - Started process (PID=3082) to work on /home/airflow/.local/lib/python3.8/site-packages/airflow/example_dags/example_sensor_decorator.py
[2023-12-03T12:44:55.011+0000] {processor.py:829} INFO - Processing file /home/airflow/.local/lib/python3.8/site-packages/airflow/example_dags/example_sensor_decorator.py for tasks to queue
[2023-12-03T12:44:55.014+0000] {logging_mixin.py:154} INFO - [2023-12-03T12:44:55.013+0000] {dagbag.py:536} INFO - Filling up the DagBag from /home/airflow/.local/lib/python3.8/site-packages/airflow/example_dags/example_sensor_decorator.py
[2023-12-03T12:44:55.019+0000] {processor.py:839} INFO - DAG(s) dict_keys(['example_sensor_decorator']) retrieved from /home/airflow/.local/lib/python3.8/site-packages/airflow/example_dags/example_sensor_decorator.py
[2023-12-03T12:44:55.036+0000] {logging_mixin.py:154} INFO - [2023-12-03T12:44:55.036+0000] {dag.py:2941} INFO - Sync 1 DAGs
[2023-12-03T12:44:55.049+0000] {logging_mixin.py:154} INFO - [2023-12-03T12:44:55.049+0000] {dag.py:3722} INFO - Setting next_dagrun for example_sensor_decorator to None, run_after=None
[2023-12-03T12:44:55.071+0000] {processor.py:179} INFO - Processing /home/airflow/.local/lib/python3.8/site-packages/airflow/example_dags/example_sensor_decorator.py took 0.065 seconds
[2023-12-03T13:35:10.612+0000] {processor.py:157} INFO - Started process (PID=3140) to work on /home/airflow/.local/lib/python3.8/site-packages/airflow/example_dags/example_sensor_decorator.py
[2023-12-03T13:35:10.613+0000] {processor.py:829} INFO - Processing file /home/airflow/.local/lib/python3.8/site-packages/airflow/example_dags/example_sensor_decorator.py for tasks to queue
[2023-12-03T13:35:10.616+0000] {logging_mixin.py:154} INFO - [2023-12-03T13:35:10.616+0000] {dagbag.py:536} INFO - Filling up the DagBag from /home/airflow/.local/lib/python3.8/site-packages/airflow/example_dags/example_sensor_decorator.py
[2023-12-03T13:35:10.622+0000] {processor.py:839} INFO - DAG(s) dict_keys(['example_sensor_decorator']) retrieved from /home/airflow/.local/lib/python3.8/site-packages/airflow/example_dags/example_sensor_decorator.py
[2023-12-03T13:35:10.641+0000] {logging_mixin.py:154} INFO - [2023-12-03T13:35:10.641+0000] {dag.py:2941} INFO - Sync 1 DAGs
[2023-12-03T13:35:10.651+0000] {logging_mixin.py:154} INFO - [2023-12-03T13:35:10.651+0000] {dag.py:3722} INFO - Setting next_dagrun for example_sensor_decorator to None, run_after=None
[2023-12-03T13:35:10.664+0000] {processor.py:179} INFO - Processing /home/airflow/.local/lib/python3.8/site-packages/airflow/example_dags/example_sensor_decorator.py took 0.056 seconds
[2023-12-03T14:27:24.306+0000] {processor.py:157} INFO - Started process (PID=3198) to work on /home/airflow/.local/lib/python3.8/site-packages/airflow/example_dags/example_sensor_decorator.py
[2023-12-03T14:27:24.308+0000] {processor.py:829} INFO - Processing file /home/airflow/.local/lib/python3.8/site-packages/airflow/example_dags/example_sensor_decorator.py for tasks to queue
[2023-12-03T14:27:24.310+0000] {logging_mixin.py:154} INFO - [2023-12-03T14:27:24.310+0000] {dagbag.py:536} INFO - Filling up the DagBag from /home/airflow/.local/lib/python3.8/site-packages/airflow/example_dags/example_sensor_decorator.py
[2023-12-03T14:27:24.317+0000] {processor.py:839} INFO - DAG(s) dict_keys(['example_sensor_decorator']) retrieved from /home/airflow/.local/lib/python3.8/site-packages/airflow/example_dags/example_sensor_decorator.py
[2023-12-03T14:27:24.337+0000] {logging_mixin.py:154} INFO - [2023-12-03T14:27:24.337+0000] {dag.py:2941} INFO - Sync 1 DAGs
[2023-12-03T14:27:24.346+0000] {logging_mixin.py:154} INFO - [2023-12-03T14:27:24.346+0000] {dag.py:3722} INFO - Setting next_dagrun for example_sensor_decorator to None, run_after=None
[2023-12-03T14:27:24.360+0000] {processor.py:179} INFO - Processing /home/airflow/.local/lib/python3.8/site-packages/airflow/example_dags/example_sensor_decorator.py took 0.057 seconds
[2023-12-03T15:18:33.078+0000] {processor.py:157} INFO - Started process (PID=3256) to work on /home/airflow/.local/lib/python3.8/site-packages/airflow/example_dags/example_sensor_decorator.py
[2023-12-03T15:18:33.080+0000] {processor.py:829} INFO - Processing file /home/airflow/.local/lib/python3.8/site-packages/airflow/example_dags/example_sensor_decorator.py for tasks to queue
[2023-12-03T15:18:33.082+0000] {logging_mixin.py:154} INFO - [2023-12-03T15:18:33.081+0000] {dagbag.py:536} INFO - Filling up the DagBag from /home/airflow/.local/lib/python3.8/site-packages/airflow/example_dags/example_sensor_decorator.py
[2023-12-03T15:18:33.086+0000] {processor.py:839} INFO - DAG(s) dict_keys(['example_sensor_decorator']) retrieved from /home/airflow/.local/lib/python3.8/site-packages/airflow/example_dags/example_sensor_decorator.py
[2023-12-03T15:18:33.101+0000] {logging_mixin.py:154} INFO - [2023-12-03T15:18:33.101+0000] {dag.py:2941} INFO - Sync 1 DAGs
[2023-12-03T15:18:33.108+0000] {logging_mixin.py:154} INFO - [2023-12-03T15:18:33.108+0000] {dag.py:3722} INFO - Setting next_dagrun for example_sensor_decorator to None, run_after=None
[2023-12-03T15:18:33.121+0000] {processor.py:179} INFO - Processing /home/airflow/.local/lib/python3.8/site-packages/airflow/example_dags/example_sensor_decorator.py took 0.046 seconds
[2023-12-03T16:07:33.207+0000] {processor.py:157} INFO - Started process (PID=3314) to work on /home/airflow/.local/lib/python3.8/site-packages/airflow/example_dags/example_sensor_decorator.py
[2023-12-03T16:07:33.208+0000] {processor.py:829} INFO - Processing file /home/airflow/.local/lib/python3.8/site-packages/airflow/example_dags/example_sensor_decorator.py for tasks to queue
[2023-12-03T16:07:33.210+0000] {logging_mixin.py:154} INFO - [2023-12-03T16:07:33.210+0000] {dagbag.py:536} INFO - Filling up the DagBag from /home/airflow/.local/lib/python3.8/site-packages/airflow/example_dags/example_sensor_decorator.py
[2023-12-03T16:07:33.215+0000] {processor.py:839} INFO - DAG(s) dict_keys(['example_sensor_decorator']) retrieved from /home/airflow/.local/lib/python3.8/site-packages/airflow/example_dags/example_sensor_decorator.py
[2023-12-03T16:07:33.232+0000] {logging_mixin.py:154} INFO - [2023-12-03T16:07:33.232+0000] {dag.py:2941} INFO - Sync 1 DAGs
[2023-12-03T16:07:33.241+0000] {logging_mixin.py:154} INFO - [2023-12-03T16:07:33.241+0000] {dag.py:3722} INFO - Setting next_dagrun for example_sensor_decorator to None, run_after=None
[2023-12-03T16:07:33.257+0000] {processor.py:179} INFO - Processing /home/airflow/.local/lib/python3.8/site-packages/airflow/example_dags/example_sensor_decorator.py took 0.054 seconds
[2023-12-03T16:58:04.193+0000] {processor.py:157} INFO - Started process (PID=3371) to work on /home/airflow/.local/lib/python3.8/site-packages/airflow/example_dags/example_sensor_decorator.py
[2023-12-03T16:58:04.197+0000] {processor.py:829} INFO - Processing file /home/airflow/.local/lib/python3.8/site-packages/airflow/example_dags/example_sensor_decorator.py for tasks to queue
[2023-12-03T16:58:04.200+0000] {logging_mixin.py:154} INFO - [2023-12-03T16:58:04.200+0000] {dagbag.py:536} INFO - Filling up the DagBag from /home/airflow/.local/lib/python3.8/site-packages/airflow/example_dags/example_sensor_decorator.py
[2023-12-03T16:58:04.208+0000] {processor.py:839} INFO - DAG(s) dict_keys(['example_sensor_decorator']) retrieved from /home/airflow/.local/lib/python3.8/site-packages/airflow/example_dags/example_sensor_decorator.py
[2023-12-03T16:58:04.234+0000] {logging_mixin.py:154} INFO - [2023-12-03T16:58:04.234+0000] {dag.py:2941} INFO - Sync 1 DAGs
[2023-12-03T16:58:04.248+0000] {logging_mixin.py:154} INFO - [2023-12-03T16:58:04.248+0000] {dag.py:3722} INFO - Setting next_dagrun for example_sensor_decorator to None, run_after=None
[2023-12-03T16:58:04.262+0000] {processor.py:179} INFO - Processing /home/airflow/.local/lib/python3.8/site-packages/airflow/example_dags/example_sensor_decorator.py took 0.072 seconds
[2023-12-03T17:46:22.442+0000] {processor.py:157} INFO - Started process (PID=3430) to work on /home/airflow/.local/lib/python3.8/site-packages/airflow/example_dags/example_sensor_decorator.py
[2023-12-03T17:46:22.444+0000] {processor.py:829} INFO - Processing file /home/airflow/.local/lib/python3.8/site-packages/airflow/example_dags/example_sensor_decorator.py for tasks to queue
[2023-12-03T17:46:22.447+0000] {logging_mixin.py:154} INFO - [2023-12-03T17:46:22.447+0000] {dagbag.py:536} INFO - Filling up the DagBag from /home/airflow/.local/lib/python3.8/site-packages/airflow/example_dags/example_sensor_decorator.py
[2023-12-03T17:46:22.461+0000] {processor.py:839} INFO - DAG(s) dict_keys(['example_sensor_decorator']) retrieved from /home/airflow/.local/lib/python3.8/site-packages/airflow/example_dags/example_sensor_decorator.py
[2023-12-03T17:46:22.489+0000] {logging_mixin.py:154} INFO - [2023-12-03T17:46:22.489+0000] {dag.py:2941} INFO - Sync 1 DAGs
[2023-12-03T17:46:22.500+0000] {logging_mixin.py:154} INFO - [2023-12-03T17:46:22.500+0000] {dag.py:3722} INFO - Setting next_dagrun for example_sensor_decorator to None, run_after=None
[2023-12-03T17:46:22.513+0000] {processor.py:179} INFO - Processing /home/airflow/.local/lib/python3.8/site-packages/airflow/example_dags/example_sensor_decorator.py took 0.075 seconds
[2023-12-03T18:33:42.027+0000] {processor.py:157} INFO - Started process (PID=3481) to work on /home/airflow/.local/lib/python3.8/site-packages/airflow/example_dags/example_sensor_decorator.py
[2023-12-03T18:33:42.028+0000] {processor.py:829} INFO - Processing file /home/airflow/.local/lib/python3.8/site-packages/airflow/example_dags/example_sensor_decorator.py for tasks to queue
[2023-12-03T18:33:42.031+0000] {logging_mixin.py:154} INFO - [2023-12-03T18:33:42.031+0000] {dagbag.py:536} INFO - Filling up the DagBag from /home/airflow/.local/lib/python3.8/site-packages/airflow/example_dags/example_sensor_decorator.py
[2023-12-03T18:33:42.036+0000] {processor.py:839} INFO - DAG(s) dict_keys(['example_sensor_decorator']) retrieved from /home/airflow/.local/lib/python3.8/site-packages/airflow/example_dags/example_sensor_decorator.py
[2023-12-03T18:33:42.050+0000] {logging_mixin.py:154} INFO - [2023-12-03T18:33:42.050+0000] {dag.py:2941} INFO - Sync 1 DAGs
[2023-12-03T18:33:42.058+0000] {logging_mixin.py:154} INFO - [2023-12-03T18:33:42.058+0000] {dag.py:3722} INFO - Setting next_dagrun for example_sensor_decorator to None, run_after=None
[2023-12-03T18:33:42.068+0000] {processor.py:179} INFO - Processing /home/airflow/.local/lib/python3.8/site-packages/airflow/example_dags/example_sensor_decorator.py took 0.044 seconds
[2023-12-03T19:06:26.521+0000] {processor.py:157} INFO - Started process (PID=3546) to work on /home/airflow/.local/lib/python3.8/site-packages/airflow/example_dags/example_sensor_decorator.py
[2023-12-03T19:06:26.522+0000] {processor.py:829} INFO - Processing file /home/airflow/.local/lib/python3.8/site-packages/airflow/example_dags/example_sensor_decorator.py for tasks to queue
[2023-12-03T19:06:26.525+0000] {logging_mixin.py:154} INFO - [2023-12-03T19:06:26.525+0000] {dagbag.py:536} INFO - Filling up the DagBag from /home/airflow/.local/lib/python3.8/site-packages/airflow/example_dags/example_sensor_decorator.py
[2023-12-03T19:06:26.531+0000] {processor.py:839} INFO - DAG(s) dict_keys(['example_sensor_decorator']) retrieved from /home/airflow/.local/lib/python3.8/site-packages/airflow/example_dags/example_sensor_decorator.py
[2023-12-03T19:06:26.545+0000] {logging_mixin.py:154} INFO - [2023-12-03T19:06:26.544+0000] {dag.py:2941} INFO - Sync 1 DAGs
[2023-12-03T19:06:26.554+0000] {logging_mixin.py:154} INFO - [2023-12-03T19:06:26.554+0000] {dag.py:3722} INFO - Setting next_dagrun for example_sensor_decorator to None, run_after=None
[2023-12-03T19:06:26.566+0000] {processor.py:179} INFO - Processing /home/airflow/.local/lib/python3.8/site-packages/airflow/example_dags/example_sensor_decorator.py took 0.048 seconds
[2023-12-03T19:22:01.773+0000] {processor.py:157} INFO - Started process (PID=3603) to work on /home/airflow/.local/lib/python3.8/site-packages/airflow/example_dags/example_sensor_decorator.py
[2023-12-03T19:22:01.775+0000] {processor.py:829} INFO - Processing file /home/airflow/.local/lib/python3.8/site-packages/airflow/example_dags/example_sensor_decorator.py for tasks to queue
[2023-12-03T19:22:01.778+0000] {logging_mixin.py:154} INFO - [2023-12-03T19:22:01.778+0000] {dagbag.py:536} INFO - Filling up the DagBag from /home/airflow/.local/lib/python3.8/site-packages/airflow/example_dags/example_sensor_decorator.py
[2023-12-03T19:22:01.783+0000] {processor.py:839} INFO - DAG(s) dict_keys(['example_sensor_decorator']) retrieved from /home/airflow/.local/lib/python3.8/site-packages/airflow/example_dags/example_sensor_decorator.py
[2023-12-03T19:22:01.800+0000] {logging_mixin.py:154} INFO - [2023-12-03T19:22:01.800+0000] {dag.py:2941} INFO - Sync 1 DAGs
[2023-12-03T19:22:01.810+0000] {logging_mixin.py:154} INFO - [2023-12-03T19:22:01.809+0000] {dag.py:3722} INFO - Setting next_dagrun for example_sensor_decorator to None, run_after=None
[2023-12-03T19:22:01.823+0000] {processor.py:179} INFO - Processing /home/airflow/.local/lib/python3.8/site-packages/airflow/example_dags/example_sensor_decorator.py took 0.053 seconds
[2023-12-03T20:11:33.666+0000] {processor.py:157} INFO - Started process (PID=3654) to work on /home/airflow/.local/lib/python3.8/site-packages/airflow/example_dags/example_sensor_decorator.py
[2023-12-03T20:11:33.668+0000] {processor.py:829} INFO - Processing file /home/airflow/.local/lib/python3.8/site-packages/airflow/example_dags/example_sensor_decorator.py for tasks to queue
[2023-12-03T20:11:33.673+0000] {logging_mixin.py:154} INFO - [2023-12-03T20:11:33.673+0000] {dagbag.py:536} INFO - Filling up the DagBag from /home/airflow/.local/lib/python3.8/site-packages/airflow/example_dags/example_sensor_decorator.py
[2023-12-03T20:11:33.683+0000] {processor.py:839} INFO - DAG(s) dict_keys(['example_sensor_decorator']) retrieved from /home/airflow/.local/lib/python3.8/site-packages/airflow/example_dags/example_sensor_decorator.py
[2023-12-03T20:11:33.712+0000] {logging_mixin.py:154} INFO - [2023-12-03T20:11:33.712+0000] {dag.py:2941} INFO - Sync 1 DAGs
[2023-12-03T20:11:33.725+0000] {logging_mixin.py:154} INFO - [2023-12-03T20:11:33.725+0000] {dag.py:3722} INFO - Setting next_dagrun for example_sensor_decorator to None, run_after=None
[2023-12-03T20:11:33.758+0000] {processor.py:179} INFO - Processing /home/airflow/.local/lib/python3.8/site-packages/airflow/example_dags/example_sensor_decorator.py took 0.098 seconds
[2023-12-03T21:36:33.433+0000] {processor.py:157} INFO - Started process (PID=3712) to work on /home/airflow/.local/lib/python3.8/site-packages/airflow/example_dags/example_sensor_decorator.py
[2023-12-03T21:36:33.434+0000] {processor.py:829} INFO - Processing file /home/airflow/.local/lib/python3.8/site-packages/airflow/example_dags/example_sensor_decorator.py for tasks to queue
[2023-12-03T21:36:33.436+0000] {logging_mixin.py:154} INFO - [2023-12-03T21:36:33.436+0000] {dagbag.py:536} INFO - Filling up the DagBag from /home/airflow/.local/lib/python3.8/site-packages/airflow/example_dags/example_sensor_decorator.py
[2023-12-03T21:36:33.442+0000] {processor.py:839} INFO - DAG(s) dict_keys(['example_sensor_decorator']) retrieved from /home/airflow/.local/lib/python3.8/site-packages/airflow/example_dags/example_sensor_decorator.py
[2023-12-03T21:36:33.456+0000] {logging_mixin.py:154} INFO - [2023-12-03T21:36:33.456+0000] {dag.py:2941} INFO - Sync 1 DAGs
[2023-12-03T21:36:33.464+0000] {logging_mixin.py:154} INFO - [2023-12-03T21:36:33.463+0000] {dag.py:3722} INFO - Setting next_dagrun for example_sensor_decorator to None, run_after=None
[2023-12-03T21:36:33.474+0000] {processor.py:179} INFO - Processing /home/airflow/.local/lib/python3.8/site-packages/airflow/example_dags/example_sensor_decorator.py took 0.045 seconds
[2023-12-03T22:57:31.452+0000] {processor.py:157} INFO - Started process (PID=3770) to work on /home/airflow/.local/lib/python3.8/site-packages/airflow/example_dags/example_sensor_decorator.py
[2023-12-03T22:57:31.454+0000] {processor.py:829} INFO - Processing file /home/airflow/.local/lib/python3.8/site-packages/airflow/example_dags/example_sensor_decorator.py for tasks to queue
[2023-12-03T22:57:31.456+0000] {logging_mixin.py:154} INFO - [2023-12-03T22:57:31.456+0000] {dagbag.py:536} INFO - Filling up the DagBag from /home/airflow/.local/lib/python3.8/site-packages/airflow/example_dags/example_sensor_decorator.py
[2023-12-03T22:57:31.463+0000] {processor.py:839} INFO - DAG(s) dict_keys(['example_sensor_decorator']) retrieved from /home/airflow/.local/lib/python3.8/site-packages/airflow/example_dags/example_sensor_decorator.py
[2023-12-03T22:57:31.480+0000] {logging_mixin.py:154} INFO - [2023-12-03T22:57:31.480+0000] {dag.py:2941} INFO - Sync 1 DAGs
[2023-12-03T22:57:31.492+0000] {logging_mixin.py:154} INFO - [2023-12-03T22:57:31.491+0000] {dag.py:3722} INFO - Setting next_dagrun for example_sensor_decorator to None, run_after=None
[2023-12-03T22:57:31.505+0000] {processor.py:179} INFO - Processing /home/airflow/.local/lib/python3.8/site-packages/airflow/example_dags/example_sensor_decorator.py took 0.058 seconds
[2023-12-03T23:13:10.353+0000] {processor.py:157} INFO - Started process (PID=3828) to work on /home/airflow/.local/lib/python3.8/site-packages/airflow/example_dags/example_sensor_decorator.py
[2023-12-03T23:13:10.355+0000] {processor.py:829} INFO - Processing file /home/airflow/.local/lib/python3.8/site-packages/airflow/example_dags/example_sensor_decorator.py for tasks to queue
[2023-12-03T23:13:10.358+0000] {logging_mixin.py:154} INFO - [2023-12-03T23:13:10.358+0000] {dagbag.py:536} INFO - Filling up the DagBag from /home/airflow/.local/lib/python3.8/site-packages/airflow/example_dags/example_sensor_decorator.py
[2023-12-03T23:13:10.364+0000] {processor.py:839} INFO - DAG(s) dict_keys(['example_sensor_decorator']) retrieved from /home/airflow/.local/lib/python3.8/site-packages/airflow/example_dags/example_sensor_decorator.py
[2023-12-03T23:13:10.381+0000] {logging_mixin.py:154} INFO - [2023-12-03T23:13:10.380+0000] {dag.py:2941} INFO - Sync 1 DAGs
[2023-12-03T23:13:10.392+0000] {logging_mixin.py:154} INFO - [2023-12-03T23:13:10.392+0000] {dag.py:3722} INFO - Setting next_dagrun for example_sensor_decorator to None, run_after=None
[2023-12-03T23:13:10.406+0000] {processor.py:179} INFO - Processing /home/airflow/.local/lib/python3.8/site-packages/airflow/example_dags/example_sensor_decorator.py took 0.056 seconds
[2023-12-03T23:22:18.571+0000] {processor.py:157} INFO - Started process (PID=3886) to work on /home/airflow/.local/lib/python3.8/site-packages/airflow/example_dags/example_sensor_decorator.py
[2023-12-03T23:22:18.574+0000] {processor.py:829} INFO - Processing file /home/airflow/.local/lib/python3.8/site-packages/airflow/example_dags/example_sensor_decorator.py for tasks to queue
[2023-12-03T23:22:18.581+0000] {logging_mixin.py:154} INFO - [2023-12-03T23:22:18.581+0000] {dagbag.py:536} INFO - Filling up the DagBag from /home/airflow/.local/lib/python3.8/site-packages/airflow/example_dags/example_sensor_decorator.py
[2023-12-03T23:22:18.589+0000] {processor.py:839} INFO - DAG(s) dict_keys(['example_sensor_decorator']) retrieved from /home/airflow/.local/lib/python3.8/site-packages/airflow/example_dags/example_sensor_decorator.py
[2023-12-03T23:22:18.615+0000] {logging_mixin.py:154} INFO - [2023-12-03T23:22:18.615+0000] {dag.py:2941} INFO - Sync 1 DAGs
[2023-12-03T23:22:18.627+0000] {logging_mixin.py:154} INFO - [2023-12-03T23:22:18.627+0000] {dag.py:3722} INFO - Setting next_dagrun for example_sensor_decorator to None, run_after=None
[2023-12-03T23:22:18.688+0000] {processor.py:179} INFO - Processing /home/airflow/.local/lib/python3.8/site-packages/airflow/example_dags/example_sensor_decorator.py took 0.120 seconds
