[2023-12-03T09:43:24.964+0000] {processor.py:157} INFO - Started process (PID=77) to work on /home/airflow/.local/lib/python3.8/site-packages/airflow/example_dags/example_nested_branch_dag.py
[2023-12-03T09:43:24.965+0000] {processor.py:829} INFO - Processing file /home/airflow/.local/lib/python3.8/site-packages/airflow/example_dags/example_nested_branch_dag.py for tasks to queue
[2023-12-03T09:43:24.967+0000] {logging_mixin.py:154} INFO - [2023-12-03T09:43:24.967+0000] {dagbag.py:536} INFO - Filling up the DagBag from /home/airflow/.local/lib/python3.8/site-packages/airflow/example_dags/example_nested_branch_dag.py
[2023-12-03T09:43:24.981+0000] {processor.py:839} INFO - DAG(s) dict_keys(['example_nested_branch_dag']) retrieved from /home/airflow/.local/lib/python3.8/site-packages/airflow/example_dags/example_nested_branch_dag.py
[2023-12-03T09:43:24.996+0000] {logging_mixin.py:154} INFO - [2023-12-03T09:43:24.995+0000] {dag.py:2941} INFO - Sync 1 DAGs
[2023-12-03T09:43:25.021+0000] {logging_mixin.py:154} INFO - [2023-12-03T09:43:25.021+0000] {dag.py:3722} INFO - Setting next_dagrun for example_nested_branch_dag to 2023-12-02T00:00:00+00:00, run_after=2023-12-03T00:00:00+00:00
[2023-12-03T09:43:25.043+0000] {processor.py:179} INFO - Processing /home/airflow/.local/lib/python3.8/site-packages/airflow/example_dags/example_nested_branch_dag.py took 0.083 seconds
[2023-12-03T09:43:55.622+0000] {processor.py:157} INFO - Started process (PID=135) to work on /home/airflow/.local/lib/python3.8/site-packages/airflow/example_dags/example_nested_branch_dag.py
[2023-12-03T09:43:55.623+0000] {processor.py:829} INFO - Processing file /home/airflow/.local/lib/python3.8/site-packages/airflow/example_dags/example_nested_branch_dag.py for tasks to queue
[2023-12-03T09:43:55.626+0000] {logging_mixin.py:154} INFO - [2023-12-03T09:43:55.625+0000] {dagbag.py:536} INFO - Filling up the DagBag from /home/airflow/.local/lib/python3.8/site-packages/airflow/example_dags/example_nested_branch_dag.py
[2023-12-03T09:43:55.637+0000] {processor.py:839} INFO - DAG(s) dict_keys(['example_nested_branch_dag']) retrieved from /home/airflow/.local/lib/python3.8/site-packages/airflow/example_dags/example_nested_branch_dag.py
[2023-12-03T09:43:55.659+0000] {logging_mixin.py:154} INFO - [2023-12-03T09:43:55.658+0000] {dag.py:2941} INFO - Sync 1 DAGs
[2023-12-03T09:43:55.682+0000] {logging_mixin.py:154} INFO - [2023-12-03T09:43:55.681+0000] {dag.py:3722} INFO - Setting next_dagrun for example_nested_branch_dag to 2023-12-02T00:00:00+00:00, run_after=2023-12-03T00:00:00+00:00
[2023-12-03T09:43:55.697+0000] {processor.py:179} INFO - Processing /home/airflow/.local/lib/python3.8/site-packages/airflow/example_dags/example_nested_branch_dag.py took 0.078 seconds
[2023-12-03T09:44:26.286+0000] {processor.py:157} INFO - Started process (PID=192) to work on /home/airflow/.local/lib/python3.8/site-packages/airflow/example_dags/example_nested_branch_dag.py
[2023-12-03T09:44:26.287+0000] {processor.py:829} INFO - Processing file /home/airflow/.local/lib/python3.8/site-packages/airflow/example_dags/example_nested_branch_dag.py for tasks to queue
[2023-12-03T09:44:26.289+0000] {logging_mixin.py:154} INFO - [2023-12-03T09:44:26.289+0000] {dagbag.py:536} INFO - Filling up the DagBag from /home/airflow/.local/lib/python3.8/site-packages/airflow/example_dags/example_nested_branch_dag.py
[2023-12-03T09:44:26.298+0000] {processor.py:839} INFO - DAG(s) dict_keys(['example_nested_branch_dag']) retrieved from /home/airflow/.local/lib/python3.8/site-packages/airflow/example_dags/example_nested_branch_dag.py
[2023-12-03T09:44:26.317+0000] {logging_mixin.py:154} INFO - [2023-12-03T09:44:26.317+0000] {dag.py:2941} INFO - Sync 1 DAGs
[2023-12-03T09:44:26.337+0000] {logging_mixin.py:154} INFO - [2023-12-03T09:44:26.337+0000] {dag.py:3722} INFO - Setting next_dagrun for example_nested_branch_dag to 2023-12-02T00:00:00+00:00, run_after=2023-12-03T00:00:00+00:00
[2023-12-03T09:44:26.350+0000] {processor.py:179} INFO - Processing /home/airflow/.local/lib/python3.8/site-packages/airflow/example_dags/example_nested_branch_dag.py took 0.068 seconds
[2023-12-03T09:44:57.510+0000] {processor.py:157} INFO - Started process (PID=250) to work on /home/airflow/.local/lib/python3.8/site-packages/airflow/example_dags/example_nested_branch_dag.py
[2023-12-03T09:44:57.511+0000] {processor.py:829} INFO - Processing file /home/airflow/.local/lib/python3.8/site-packages/airflow/example_dags/example_nested_branch_dag.py for tasks to queue
[2023-12-03T09:44:57.513+0000] {logging_mixin.py:154} INFO - [2023-12-03T09:44:57.513+0000] {dagbag.py:536} INFO - Filling up the DagBag from /home/airflow/.local/lib/python3.8/site-packages/airflow/example_dags/example_nested_branch_dag.py
[2023-12-03T09:44:57.523+0000] {processor.py:839} INFO - DAG(s) dict_keys(['example_nested_branch_dag']) retrieved from /home/airflow/.local/lib/python3.8/site-packages/airflow/example_dags/example_nested_branch_dag.py
[2023-12-03T09:44:57.544+0000] {logging_mixin.py:154} INFO - [2023-12-03T09:44:57.543+0000] {dag.py:2941} INFO - Sync 1 DAGs
[2023-12-03T09:44:57.568+0000] {logging_mixin.py:154} INFO - [2023-12-03T09:44:57.568+0000] {dag.py:3722} INFO - Setting next_dagrun for example_nested_branch_dag to 2023-12-02T00:00:00+00:00, run_after=2023-12-03T00:00:00+00:00
[2023-12-03T09:44:57.587+0000] {processor.py:179} INFO - Processing /home/airflow/.local/lib/python3.8/site-packages/airflow/example_dags/example_nested_branch_dag.py took 0.081 seconds
[2023-12-03T09:45:28.978+0000] {processor.py:157} INFO - Started process (PID=307) to work on /home/airflow/.local/lib/python3.8/site-packages/airflow/example_dags/example_nested_branch_dag.py
[2023-12-03T09:45:28.979+0000] {processor.py:829} INFO - Processing file /home/airflow/.local/lib/python3.8/site-packages/airflow/example_dags/example_nested_branch_dag.py for tasks to queue
[2023-12-03T09:45:28.983+0000] {logging_mixin.py:154} INFO - [2023-12-03T09:45:28.982+0000] {dagbag.py:536} INFO - Filling up the DagBag from /home/airflow/.local/lib/python3.8/site-packages/airflow/example_dags/example_nested_branch_dag.py
[2023-12-03T09:45:29.001+0000] {processor.py:839} INFO - DAG(s) dict_keys(['example_nested_branch_dag']) retrieved from /home/airflow/.local/lib/python3.8/site-packages/airflow/example_dags/example_nested_branch_dag.py
[2023-12-03T09:45:29.029+0000] {logging_mixin.py:154} INFO - [2023-12-03T09:45:29.029+0000] {dag.py:2941} INFO - Sync 1 DAGs
[2023-12-03T09:45:29.063+0000] {logging_mixin.py:154} INFO - [2023-12-03T09:45:29.063+0000] {dag.py:3722} INFO - Setting next_dagrun for example_nested_branch_dag to 2023-12-02T00:00:00+00:00, run_after=2023-12-03T00:00:00+00:00
[2023-12-03T09:45:29.088+0000] {processor.py:179} INFO - Processing /home/airflow/.local/lib/python3.8/site-packages/airflow/example_dags/example_nested_branch_dag.py took 0.116 seconds
[2023-12-03T09:45:59.704+0000] {processor.py:157} INFO - Started process (PID=367) to work on /home/airflow/.local/lib/python3.8/site-packages/airflow/example_dags/example_nested_branch_dag.py
[2023-12-03T09:45:59.705+0000] {processor.py:829} INFO - Processing file /home/airflow/.local/lib/python3.8/site-packages/airflow/example_dags/example_nested_branch_dag.py for tasks to queue
[2023-12-03T09:45:59.707+0000] {logging_mixin.py:154} INFO - [2023-12-03T09:45:59.707+0000] {dagbag.py:536} INFO - Filling up the DagBag from /home/airflow/.local/lib/python3.8/site-packages/airflow/example_dags/example_nested_branch_dag.py
[2023-12-03T09:45:59.717+0000] {processor.py:839} INFO - DAG(s) dict_keys(['example_nested_branch_dag']) retrieved from /home/airflow/.local/lib/python3.8/site-packages/airflow/example_dags/example_nested_branch_dag.py
[2023-12-03T09:45:59.737+0000] {logging_mixin.py:154} INFO - [2023-12-03T09:45:59.737+0000] {dag.py:2941} INFO - Sync 1 DAGs
[2023-12-03T09:45:59.757+0000] {logging_mixin.py:154} INFO - [2023-12-03T09:45:59.757+0000] {dag.py:3722} INFO - Setting next_dagrun for example_nested_branch_dag to 2023-12-02T00:00:00+00:00, run_after=2023-12-03T00:00:00+00:00
[2023-12-03T09:45:59.774+0000] {processor.py:179} INFO - Processing /home/airflow/.local/lib/python3.8/site-packages/airflow/example_dags/example_nested_branch_dag.py took 0.073 seconds
[2023-12-03T09:46:30.570+0000] {processor.py:157} INFO - Started process (PID=425) to work on /home/airflow/.local/lib/python3.8/site-packages/airflow/example_dags/example_nested_branch_dag.py
[2023-12-03T09:46:30.571+0000] {processor.py:829} INFO - Processing file /home/airflow/.local/lib/python3.8/site-packages/airflow/example_dags/example_nested_branch_dag.py for tasks to queue
[2023-12-03T09:46:30.574+0000] {logging_mixin.py:154} INFO - [2023-12-03T09:46:30.573+0000] {dagbag.py:536} INFO - Filling up the DagBag from /home/airflow/.local/lib/python3.8/site-packages/airflow/example_dags/example_nested_branch_dag.py
[2023-12-03T09:46:30.585+0000] {processor.py:839} INFO - DAG(s) dict_keys(['example_nested_branch_dag']) retrieved from /home/airflow/.local/lib/python3.8/site-packages/airflow/example_dags/example_nested_branch_dag.py
[2023-12-03T09:46:30.612+0000] {logging_mixin.py:154} INFO - [2023-12-03T09:46:30.612+0000] {dag.py:2941} INFO - Sync 1 DAGs
[2023-12-03T09:46:30.645+0000] {logging_mixin.py:154} INFO - [2023-12-03T09:46:30.645+0000] {dag.py:3722} INFO - Setting next_dagrun for example_nested_branch_dag to 2023-12-02T00:00:00+00:00, run_after=2023-12-03T00:00:00+00:00
[2023-12-03T09:46:30.667+0000] {processor.py:179} INFO - Processing /home/airflow/.local/lib/python3.8/site-packages/airflow/example_dags/example_nested_branch_dag.py took 0.101 seconds
[2023-12-03T09:47:00.877+0000] {processor.py:157} INFO - Started process (PID=483) to work on /home/airflow/.local/lib/python3.8/site-packages/airflow/example_dags/example_nested_branch_dag.py
[2023-12-03T09:47:00.878+0000] {processor.py:829} INFO - Processing file /home/airflow/.local/lib/python3.8/site-packages/airflow/example_dags/example_nested_branch_dag.py for tasks to queue
[2023-12-03T09:47:00.881+0000] {logging_mixin.py:154} INFO - [2023-12-03T09:47:00.881+0000] {dagbag.py:536} INFO - Filling up the DagBag from /home/airflow/.local/lib/python3.8/site-packages/airflow/example_dags/example_nested_branch_dag.py
[2023-12-03T09:47:00.893+0000] {processor.py:839} INFO - DAG(s) dict_keys(['example_nested_branch_dag']) retrieved from /home/airflow/.local/lib/python3.8/site-packages/airflow/example_dags/example_nested_branch_dag.py
[2023-12-03T09:47:00.916+0000] {logging_mixin.py:154} INFO - [2023-12-03T09:47:00.916+0000] {dag.py:2941} INFO - Sync 1 DAGs
[2023-12-03T09:47:00.940+0000] {logging_mixin.py:154} INFO - [2023-12-03T09:47:00.939+0000] {dag.py:3722} INFO - Setting next_dagrun for example_nested_branch_dag to 2023-12-02T00:00:00+00:00, run_after=2023-12-03T00:00:00+00:00
[2023-12-03T09:47:00.956+0000] {processor.py:179} INFO - Processing /home/airflow/.local/lib/python3.8/site-packages/airflow/example_dags/example_nested_branch_dag.py took 0.084 seconds
[2023-12-03T09:47:32.016+0000] {processor.py:157} INFO - Started process (PID=541) to work on /home/airflow/.local/lib/python3.8/site-packages/airflow/example_dags/example_nested_branch_dag.py
[2023-12-03T09:47:32.018+0000] {processor.py:829} INFO - Processing file /home/airflow/.local/lib/python3.8/site-packages/airflow/example_dags/example_nested_branch_dag.py for tasks to queue
[2023-12-03T09:47:32.022+0000] {logging_mixin.py:154} INFO - [2023-12-03T09:47:32.022+0000] {dagbag.py:536} INFO - Filling up the DagBag from /home/airflow/.local/lib/python3.8/site-packages/airflow/example_dags/example_nested_branch_dag.py
[2023-12-03T09:47:32.040+0000] {processor.py:839} INFO - DAG(s) dict_keys(['example_nested_branch_dag']) retrieved from /home/airflow/.local/lib/python3.8/site-packages/airflow/example_dags/example_nested_branch_dag.py
[2023-12-03T09:47:32.102+0000] {logging_mixin.py:154} INFO - [2023-12-03T09:47:32.102+0000] {dag.py:2941} INFO - Sync 1 DAGs
[2023-12-03T09:47:32.146+0000] {logging_mixin.py:154} INFO - [2023-12-03T09:47:32.145+0000] {dag.py:3722} INFO - Setting next_dagrun for example_nested_branch_dag to 2023-12-02T00:00:00+00:00, run_after=2023-12-03T00:00:00+00:00
[2023-12-03T09:47:32.172+0000] {processor.py:179} INFO - Processing /home/airflow/.local/lib/python3.8/site-packages/airflow/example_dags/example_nested_branch_dag.py took 0.161 seconds
[2023-12-03T09:48:03.153+0000] {processor.py:157} INFO - Started process (PID=599) to work on /home/airflow/.local/lib/python3.8/site-packages/airflow/example_dags/example_nested_branch_dag.py
[2023-12-03T09:48:03.154+0000] {processor.py:829} INFO - Processing file /home/airflow/.local/lib/python3.8/site-packages/airflow/example_dags/example_nested_branch_dag.py for tasks to queue
[2023-12-03T09:48:03.158+0000] {logging_mixin.py:154} INFO - [2023-12-03T09:48:03.158+0000] {dagbag.py:536} INFO - Filling up the DagBag from /home/airflow/.local/lib/python3.8/site-packages/airflow/example_dags/example_nested_branch_dag.py
[2023-12-03T09:48:03.170+0000] {processor.py:839} INFO - DAG(s) dict_keys(['example_nested_branch_dag']) retrieved from /home/airflow/.local/lib/python3.8/site-packages/airflow/example_dags/example_nested_branch_dag.py
[2023-12-03T09:48:03.201+0000] {logging_mixin.py:154} INFO - [2023-12-03T09:48:03.201+0000] {dag.py:2941} INFO - Sync 1 DAGs
[2023-12-03T09:48:03.236+0000] {logging_mixin.py:154} INFO - [2023-12-03T09:48:03.236+0000] {dag.py:3722} INFO - Setting next_dagrun for example_nested_branch_dag to 2023-12-02T00:00:00+00:00, run_after=2023-12-03T00:00:00+00:00
[2023-12-03T09:48:03.253+0000] {processor.py:179} INFO - Processing /home/airflow/.local/lib/python3.8/site-packages/airflow/example_dags/example_nested_branch_dag.py took 0.106 seconds
[2023-12-03T09:48:33.914+0000] {processor.py:157} INFO - Started process (PID=663) to work on /home/airflow/.local/lib/python3.8/site-packages/airflow/example_dags/example_nested_branch_dag.py
[2023-12-03T09:48:33.915+0000] {processor.py:829} INFO - Processing file /home/airflow/.local/lib/python3.8/site-packages/airflow/example_dags/example_nested_branch_dag.py for tasks to queue
[2023-12-03T09:48:33.918+0000] {logging_mixin.py:154} INFO - [2023-12-03T09:48:33.917+0000] {dagbag.py:536} INFO - Filling up the DagBag from /home/airflow/.local/lib/python3.8/site-packages/airflow/example_dags/example_nested_branch_dag.py
[2023-12-03T09:48:33.927+0000] {processor.py:839} INFO - DAG(s) dict_keys(['example_nested_branch_dag']) retrieved from /home/airflow/.local/lib/python3.8/site-packages/airflow/example_dags/example_nested_branch_dag.py
[2023-12-03T09:48:33.951+0000] {logging_mixin.py:154} INFO - [2023-12-03T09:48:33.951+0000] {dag.py:2941} INFO - Sync 1 DAGs
[2023-12-03T09:48:33.972+0000] {logging_mixin.py:154} INFO - [2023-12-03T09:48:33.972+0000] {dag.py:3722} INFO - Setting next_dagrun for example_nested_branch_dag to 2023-12-02T00:00:00+00:00, run_after=2023-12-03T00:00:00+00:00
[2023-12-03T09:48:34.129+0000] {processor.py:179} INFO - Processing /home/airflow/.local/lib/python3.8/site-packages/airflow/example_dags/example_nested_branch_dag.py took 0.218 seconds
[2023-12-03T09:49:05.722+0000] {processor.py:157} INFO - Started process (PID=721) to work on /home/airflow/.local/lib/python3.8/site-packages/airflow/example_dags/example_nested_branch_dag.py
[2023-12-03T09:49:05.724+0000] {processor.py:829} INFO - Processing file /home/airflow/.local/lib/python3.8/site-packages/airflow/example_dags/example_nested_branch_dag.py for tasks to queue
[2023-12-03T09:49:05.726+0000] {logging_mixin.py:154} INFO - [2023-12-03T09:49:05.726+0000] {dagbag.py:536} INFO - Filling up the DagBag from /home/airflow/.local/lib/python3.8/site-packages/airflow/example_dags/example_nested_branch_dag.py
[2023-12-03T09:49:05.737+0000] {processor.py:839} INFO - DAG(s) dict_keys(['example_nested_branch_dag']) retrieved from /home/airflow/.local/lib/python3.8/site-packages/airflow/example_dags/example_nested_branch_dag.py
[2023-12-03T09:49:05.761+0000] {logging_mixin.py:154} INFO - [2023-12-03T09:49:05.761+0000] {dag.py:2941} INFO - Sync 1 DAGs
[2023-12-03T09:49:05.938+0000] {logging_mixin.py:154} INFO - [2023-12-03T09:49:05.938+0000] {dag.py:3722} INFO - Setting next_dagrun for example_nested_branch_dag to 2023-12-02T00:00:00+00:00, run_after=2023-12-03T00:00:00+00:00
[2023-12-03T09:49:05.956+0000] {processor.py:179} INFO - Processing /home/airflow/.local/lib/python3.8/site-packages/airflow/example_dags/example_nested_branch_dag.py took 0.238 seconds
[2023-12-03T09:49:36.895+0000] {processor.py:157} INFO - Started process (PID=779) to work on /home/airflow/.local/lib/python3.8/site-packages/airflow/example_dags/example_nested_branch_dag.py
[2023-12-03T09:49:36.896+0000] {processor.py:829} INFO - Processing file /home/airflow/.local/lib/python3.8/site-packages/airflow/example_dags/example_nested_branch_dag.py for tasks to queue
[2023-12-03T09:49:36.899+0000] {logging_mixin.py:154} INFO - [2023-12-03T09:49:36.899+0000] {dagbag.py:536} INFO - Filling up the DagBag from /home/airflow/.local/lib/python3.8/site-packages/airflow/example_dags/example_nested_branch_dag.py
[2023-12-03T09:49:36.909+0000] {processor.py:839} INFO - DAG(s) dict_keys(['example_nested_branch_dag']) retrieved from /home/airflow/.local/lib/python3.8/site-packages/airflow/example_dags/example_nested_branch_dag.py
[2023-12-03T09:49:36.933+0000] {logging_mixin.py:154} INFO - [2023-12-03T09:49:36.933+0000] {dag.py:2941} INFO - Sync 1 DAGs
[2023-12-03T09:49:37.253+0000] {logging_mixin.py:154} INFO - [2023-12-03T09:49:37.253+0000] {dag.py:3722} INFO - Setting next_dagrun for example_nested_branch_dag to 2023-12-02T00:00:00+00:00, run_after=2023-12-03T00:00:00+00:00
[2023-12-03T09:49:37.270+0000] {processor.py:179} INFO - Processing /home/airflow/.local/lib/python3.8/site-packages/airflow/example_dags/example_nested_branch_dag.py took 0.379 seconds
[2023-12-03T09:50:07.820+0000] {processor.py:157} INFO - Started process (PID=837) to work on /home/airflow/.local/lib/python3.8/site-packages/airflow/example_dags/example_nested_branch_dag.py
[2023-12-03T09:50:07.821+0000] {processor.py:829} INFO - Processing file /home/airflow/.local/lib/python3.8/site-packages/airflow/example_dags/example_nested_branch_dag.py for tasks to queue
[2023-12-03T09:50:07.823+0000] {logging_mixin.py:154} INFO - [2023-12-03T09:50:07.823+0000] {dagbag.py:536} INFO - Filling up the DagBag from /home/airflow/.local/lib/python3.8/site-packages/airflow/example_dags/example_nested_branch_dag.py
[2023-12-03T09:50:07.833+0000] {processor.py:839} INFO - DAG(s) dict_keys(['example_nested_branch_dag']) retrieved from /home/airflow/.local/lib/python3.8/site-packages/airflow/example_dags/example_nested_branch_dag.py
[2023-12-03T09:50:07.856+0000] {logging_mixin.py:154} INFO - [2023-12-03T09:50:07.856+0000] {dag.py:2941} INFO - Sync 1 DAGs
[2023-12-03T09:50:08.063+0000] {logging_mixin.py:154} INFO - [2023-12-03T09:50:08.063+0000] {dag.py:3722} INFO - Setting next_dagrun for example_nested_branch_dag to 2023-12-02T00:00:00+00:00, run_after=2023-12-03T00:00:00+00:00
[2023-12-03T09:50:08.089+0000] {processor.py:179} INFO - Processing /home/airflow/.local/lib/python3.8/site-packages/airflow/example_dags/example_nested_branch_dag.py took 0.274 seconds
[2023-12-03T09:50:38.856+0000] {processor.py:157} INFO - Started process (PID=895) to work on /home/airflow/.local/lib/python3.8/site-packages/airflow/example_dags/example_nested_branch_dag.py
[2023-12-03T09:50:38.858+0000] {processor.py:829} INFO - Processing file /home/airflow/.local/lib/python3.8/site-packages/airflow/example_dags/example_nested_branch_dag.py for tasks to queue
[2023-12-03T09:50:38.860+0000] {logging_mixin.py:154} INFO - [2023-12-03T09:50:38.860+0000] {dagbag.py:536} INFO - Filling up the DagBag from /home/airflow/.local/lib/python3.8/site-packages/airflow/example_dags/example_nested_branch_dag.py
[2023-12-03T09:50:38.870+0000] {processor.py:839} INFO - DAG(s) dict_keys(['example_nested_branch_dag']) retrieved from /home/airflow/.local/lib/python3.8/site-packages/airflow/example_dags/example_nested_branch_dag.py
[2023-12-03T09:50:38.891+0000] {logging_mixin.py:154} INFO - [2023-12-03T09:50:38.890+0000] {dag.py:2941} INFO - Sync 1 DAGs
[2023-12-03T09:50:38.912+0000] {logging_mixin.py:154} INFO - [2023-12-03T09:50:38.912+0000] {dag.py:3722} INFO - Setting next_dagrun for example_nested_branch_dag to 2023-12-02T00:00:00+00:00, run_after=2023-12-03T00:00:00+00:00
[2023-12-03T09:50:38.928+0000] {processor.py:179} INFO - Processing /home/airflow/.local/lib/python3.8/site-packages/airflow/example_dags/example_nested_branch_dag.py took 0.076 seconds
[2023-12-03T09:51:09.108+0000] {processor.py:157} INFO - Started process (PID=953) to work on /home/airflow/.local/lib/python3.8/site-packages/airflow/example_dags/example_nested_branch_dag.py
[2023-12-03T09:51:09.109+0000] {processor.py:829} INFO - Processing file /home/airflow/.local/lib/python3.8/site-packages/airflow/example_dags/example_nested_branch_dag.py for tasks to queue
[2023-12-03T09:51:09.111+0000] {logging_mixin.py:154} INFO - [2023-12-03T09:51:09.111+0000] {dagbag.py:536} INFO - Filling up the DagBag from /home/airflow/.local/lib/python3.8/site-packages/airflow/example_dags/example_nested_branch_dag.py
[2023-12-03T09:51:09.119+0000] {processor.py:839} INFO - DAG(s) dict_keys(['example_nested_branch_dag']) retrieved from /home/airflow/.local/lib/python3.8/site-packages/airflow/example_dags/example_nested_branch_dag.py
[2023-12-03T09:51:09.140+0000] {logging_mixin.py:154} INFO - [2023-12-03T09:51:09.140+0000] {dag.py:2941} INFO - Sync 1 DAGs
[2023-12-03T09:51:09.160+0000] {logging_mixin.py:154} INFO - [2023-12-03T09:51:09.160+0000] {dag.py:3722} INFO - Setting next_dagrun for example_nested_branch_dag to 2023-12-02T00:00:00+00:00, run_after=2023-12-03T00:00:00+00:00
[2023-12-03T09:51:09.177+0000] {processor.py:179} INFO - Processing /home/airflow/.local/lib/python3.8/site-packages/airflow/example_dags/example_nested_branch_dag.py took 0.073 seconds
[2023-12-03T09:51:39.988+0000] {processor.py:157} INFO - Started process (PID=1011) to work on /home/airflow/.local/lib/python3.8/site-packages/airflow/example_dags/example_nested_branch_dag.py
[2023-12-03T09:51:39.989+0000] {processor.py:829} INFO - Processing file /home/airflow/.local/lib/python3.8/site-packages/airflow/example_dags/example_nested_branch_dag.py for tasks to queue
[2023-12-03T09:51:39.991+0000] {logging_mixin.py:154} INFO - [2023-12-03T09:51:39.991+0000] {dagbag.py:536} INFO - Filling up the DagBag from /home/airflow/.local/lib/python3.8/site-packages/airflow/example_dags/example_nested_branch_dag.py
[2023-12-03T09:51:40.000+0000] {processor.py:839} INFO - DAG(s) dict_keys(['example_nested_branch_dag']) retrieved from /home/airflow/.local/lib/python3.8/site-packages/airflow/example_dags/example_nested_branch_dag.py
[2023-12-03T09:51:40.021+0000] {logging_mixin.py:154} INFO - [2023-12-03T09:51:40.021+0000] {dag.py:2941} INFO - Sync 1 DAGs
[2023-12-03T09:51:40.040+0000] {logging_mixin.py:154} INFO - [2023-12-03T09:51:40.039+0000] {dag.py:3722} INFO - Setting next_dagrun for example_nested_branch_dag to 2023-12-02T00:00:00+00:00, run_after=2023-12-03T00:00:00+00:00
[2023-12-03T09:51:40.055+0000] {processor.py:179} INFO - Processing /home/airflow/.local/lib/python3.8/site-packages/airflow/example_dags/example_nested_branch_dag.py took 0.071 seconds
[2023-12-03T09:52:10.932+0000] {processor.py:157} INFO - Started process (PID=1069) to work on /home/airflow/.local/lib/python3.8/site-packages/airflow/example_dags/example_nested_branch_dag.py
[2023-12-03T09:52:10.933+0000] {processor.py:829} INFO - Processing file /home/airflow/.local/lib/python3.8/site-packages/airflow/example_dags/example_nested_branch_dag.py for tasks to queue
[2023-12-03T09:52:10.935+0000] {logging_mixin.py:154} INFO - [2023-12-03T09:52:10.935+0000] {dagbag.py:536} INFO - Filling up the DagBag from /home/airflow/.local/lib/python3.8/site-packages/airflow/example_dags/example_nested_branch_dag.py
[2023-12-03T09:52:10.944+0000] {processor.py:839} INFO - DAG(s) dict_keys(['example_nested_branch_dag']) retrieved from /home/airflow/.local/lib/python3.8/site-packages/airflow/example_dags/example_nested_branch_dag.py
[2023-12-03T09:52:10.967+0000] {logging_mixin.py:154} INFO - [2023-12-03T09:52:10.967+0000] {dag.py:2941} INFO - Sync 1 DAGs
[2023-12-03T09:52:10.992+0000] {logging_mixin.py:154} INFO - [2023-12-03T09:52:10.992+0000] {dag.py:3722} INFO - Setting next_dagrun for example_nested_branch_dag to 2023-12-02T00:00:00+00:00, run_after=2023-12-03T00:00:00+00:00
[2023-12-03T09:52:11.009+0000] {processor.py:179} INFO - Processing /home/airflow/.local/lib/python3.8/site-packages/airflow/example_dags/example_nested_branch_dag.py took 0.081 seconds
[2023-12-03T09:52:42.387+0000] {processor.py:157} INFO - Started process (PID=1127) to work on /home/airflow/.local/lib/python3.8/site-packages/airflow/example_dags/example_nested_branch_dag.py
[2023-12-03T09:52:42.388+0000] {processor.py:829} INFO - Processing file /home/airflow/.local/lib/python3.8/site-packages/airflow/example_dags/example_nested_branch_dag.py for tasks to queue
[2023-12-03T09:52:42.392+0000] {logging_mixin.py:154} INFO - [2023-12-03T09:52:42.391+0000] {dagbag.py:536} INFO - Filling up the DagBag from /home/airflow/.local/lib/python3.8/site-packages/airflow/example_dags/example_nested_branch_dag.py
[2023-12-03T09:52:42.402+0000] {processor.py:839} INFO - DAG(s) dict_keys(['example_nested_branch_dag']) retrieved from /home/airflow/.local/lib/python3.8/site-packages/airflow/example_dags/example_nested_branch_dag.py
[2023-12-03T09:52:42.426+0000] {logging_mixin.py:154} INFO - [2023-12-03T09:52:42.426+0000] {dag.py:2941} INFO - Sync 1 DAGs
[2023-12-03T09:52:42.449+0000] {logging_mixin.py:154} INFO - [2023-12-03T09:52:42.449+0000] {dag.py:3722} INFO - Setting next_dagrun for example_nested_branch_dag to 2023-12-02T00:00:00+00:00, run_after=2023-12-03T00:00:00+00:00
[2023-12-03T09:52:42.467+0000] {processor.py:179} INFO - Processing /home/airflow/.local/lib/python3.8/site-packages/airflow/example_dags/example_nested_branch_dag.py took 0.084 seconds
[2023-12-03T09:53:13.575+0000] {processor.py:157} INFO - Started process (PID=1185) to work on /home/airflow/.local/lib/python3.8/site-packages/airflow/example_dags/example_nested_branch_dag.py
[2023-12-03T09:53:13.576+0000] {processor.py:829} INFO - Processing file /home/airflow/.local/lib/python3.8/site-packages/airflow/example_dags/example_nested_branch_dag.py for tasks to queue
[2023-12-03T09:53:13.580+0000] {logging_mixin.py:154} INFO - [2023-12-03T09:53:13.580+0000] {dagbag.py:536} INFO - Filling up the DagBag from /home/airflow/.local/lib/python3.8/site-packages/airflow/example_dags/example_nested_branch_dag.py
[2023-12-03T09:53:13.593+0000] {processor.py:839} INFO - DAG(s) dict_keys(['example_nested_branch_dag']) retrieved from /home/airflow/.local/lib/python3.8/site-packages/airflow/example_dags/example_nested_branch_dag.py
[2023-12-03T09:53:13.637+0000] {logging_mixin.py:154} INFO - [2023-12-03T09:53:13.637+0000] {dag.py:2941} INFO - Sync 1 DAGs
[2023-12-03T09:53:13.705+0000] {logging_mixin.py:154} INFO - [2023-12-03T09:53:13.704+0000] {dag.py:3722} INFO - Setting next_dagrun for example_nested_branch_dag to 2023-12-02T00:00:00+00:00, run_after=2023-12-03T00:00:00+00:00
[2023-12-03T09:53:13.725+0000] {processor.py:179} INFO - Processing /home/airflow/.local/lib/python3.8/site-packages/airflow/example_dags/example_nested_branch_dag.py took 0.155 seconds
[2023-12-03T09:53:43.854+0000] {processor.py:157} INFO - Started process (PID=1243) to work on /home/airflow/.local/lib/python3.8/site-packages/airflow/example_dags/example_nested_branch_dag.py
[2023-12-03T09:53:43.855+0000] {processor.py:829} INFO - Processing file /home/airflow/.local/lib/python3.8/site-packages/airflow/example_dags/example_nested_branch_dag.py for tasks to queue
[2023-12-03T09:53:43.858+0000] {logging_mixin.py:154} INFO - [2023-12-03T09:53:43.857+0000] {dagbag.py:536} INFO - Filling up the DagBag from /home/airflow/.local/lib/python3.8/site-packages/airflow/example_dags/example_nested_branch_dag.py
[2023-12-03T09:53:43.871+0000] {processor.py:839} INFO - DAG(s) dict_keys(['example_nested_branch_dag']) retrieved from /home/airflow/.local/lib/python3.8/site-packages/airflow/example_dags/example_nested_branch_dag.py
[2023-12-03T09:53:43.897+0000] {logging_mixin.py:154} INFO - [2023-12-03T09:53:43.897+0000] {dag.py:2941} INFO - Sync 1 DAGs
[2023-12-03T09:53:43.923+0000] {logging_mixin.py:154} INFO - [2023-12-03T09:53:43.922+0000] {dag.py:3722} INFO - Setting next_dagrun for example_nested_branch_dag to 2023-12-02T00:00:00+00:00, run_after=2023-12-03T00:00:00+00:00
[2023-12-03T09:53:43.942+0000] {processor.py:179} INFO - Processing /home/airflow/.local/lib/python3.8/site-packages/airflow/example_dags/example_nested_branch_dag.py took 0.092 seconds
[2023-12-03T09:54:14.319+0000] {processor.py:157} INFO - Started process (PID=1301) to work on /home/airflow/.local/lib/python3.8/site-packages/airflow/example_dags/example_nested_branch_dag.py
[2023-12-03T09:54:14.320+0000] {processor.py:829} INFO - Processing file /home/airflow/.local/lib/python3.8/site-packages/airflow/example_dags/example_nested_branch_dag.py for tasks to queue
[2023-12-03T09:54:14.323+0000] {logging_mixin.py:154} INFO - [2023-12-03T09:54:14.322+0000] {dagbag.py:536} INFO - Filling up the DagBag from /home/airflow/.local/lib/python3.8/site-packages/airflow/example_dags/example_nested_branch_dag.py
[2023-12-03T09:54:14.335+0000] {processor.py:839} INFO - DAG(s) dict_keys(['example_nested_branch_dag']) retrieved from /home/airflow/.local/lib/python3.8/site-packages/airflow/example_dags/example_nested_branch_dag.py
[2023-12-03T09:54:14.362+0000] {logging_mixin.py:154} INFO - [2023-12-03T09:54:14.362+0000] {dag.py:2941} INFO - Sync 1 DAGs
[2023-12-03T09:54:14.390+0000] {logging_mixin.py:154} INFO - [2023-12-03T09:54:14.390+0000] {dag.py:3722} INFO - Setting next_dagrun for example_nested_branch_dag to 2023-12-02T00:00:00+00:00, run_after=2023-12-03T00:00:00+00:00
[2023-12-03T09:54:14.413+0000] {processor.py:179} INFO - Processing /home/airflow/.local/lib/python3.8/site-packages/airflow/example_dags/example_nested_branch_dag.py took 0.099 seconds
[2023-12-03T09:54:45.675+0000] {processor.py:157} INFO - Started process (PID=1359) to work on /home/airflow/.local/lib/python3.8/site-packages/airflow/example_dags/example_nested_branch_dag.py
[2023-12-03T09:54:45.676+0000] {processor.py:829} INFO - Processing file /home/airflow/.local/lib/python3.8/site-packages/airflow/example_dags/example_nested_branch_dag.py for tasks to queue
[2023-12-03T09:54:45.680+0000] {logging_mixin.py:154} INFO - [2023-12-03T09:54:45.680+0000] {dagbag.py:536} INFO - Filling up the DagBag from /home/airflow/.local/lib/python3.8/site-packages/airflow/example_dags/example_nested_branch_dag.py
[2023-12-03T09:54:45.694+0000] {processor.py:839} INFO - DAG(s) dict_keys(['example_nested_branch_dag']) retrieved from /home/airflow/.local/lib/python3.8/site-packages/airflow/example_dags/example_nested_branch_dag.py
[2023-12-03T09:54:45.721+0000] {logging_mixin.py:154} INFO - [2023-12-03T09:54:45.721+0000] {dag.py:2941} INFO - Sync 1 DAGs
[2023-12-03T09:54:45.753+0000] {logging_mixin.py:154} INFO - [2023-12-03T09:54:45.752+0000] {dag.py:3722} INFO - Setting next_dagrun for example_nested_branch_dag to 2023-12-02T00:00:00+00:00, run_after=2023-12-03T00:00:00+00:00
[2023-12-03T09:54:45.777+0000] {processor.py:179} INFO - Processing /home/airflow/.local/lib/python3.8/site-packages/airflow/example_dags/example_nested_branch_dag.py took 0.107 seconds
[2023-12-03T09:55:16.674+0000] {processor.py:157} INFO - Started process (PID=1417) to work on /home/airflow/.local/lib/python3.8/site-packages/airflow/example_dags/example_nested_branch_dag.py
[2023-12-03T09:55:16.676+0000] {processor.py:829} INFO - Processing file /home/airflow/.local/lib/python3.8/site-packages/airflow/example_dags/example_nested_branch_dag.py for tasks to queue
[2023-12-03T09:55:16.679+0000] {logging_mixin.py:154} INFO - [2023-12-03T09:55:16.679+0000] {dagbag.py:536} INFO - Filling up the DagBag from /home/airflow/.local/lib/python3.8/site-packages/airflow/example_dags/example_nested_branch_dag.py
[2023-12-03T09:55:16.694+0000] {processor.py:839} INFO - DAG(s) dict_keys(['example_nested_branch_dag']) retrieved from /home/airflow/.local/lib/python3.8/site-packages/airflow/example_dags/example_nested_branch_dag.py
[2023-12-03T09:55:16.723+0000] {logging_mixin.py:154} INFO - [2023-12-03T09:55:16.723+0000] {dag.py:2941} INFO - Sync 1 DAGs
[2023-12-03T09:55:16.748+0000] {logging_mixin.py:154} INFO - [2023-12-03T09:55:16.747+0000] {dag.py:3722} INFO - Setting next_dagrun for example_nested_branch_dag to 2023-12-02T00:00:00+00:00, run_after=2023-12-03T00:00:00+00:00
[2023-12-03T09:55:16.764+0000] {processor.py:179} INFO - Processing /home/airflow/.local/lib/python3.8/site-packages/airflow/example_dags/example_nested_branch_dag.py took 0.094 seconds
[2023-12-03T09:55:47.218+0000] {processor.py:157} INFO - Started process (PID=1476) to work on /home/airflow/.local/lib/python3.8/site-packages/airflow/example_dags/example_nested_branch_dag.py
[2023-12-03T09:55:47.219+0000] {processor.py:829} INFO - Processing file /home/airflow/.local/lib/python3.8/site-packages/airflow/example_dags/example_nested_branch_dag.py for tasks to queue
[2023-12-03T09:55:47.222+0000] {logging_mixin.py:154} INFO - [2023-12-03T09:55:47.221+0000] {dagbag.py:536} INFO - Filling up the DagBag from /home/airflow/.local/lib/python3.8/site-packages/airflow/example_dags/example_nested_branch_dag.py
[2023-12-03T09:55:47.234+0000] {processor.py:839} INFO - DAG(s) dict_keys(['example_nested_branch_dag']) retrieved from /home/airflow/.local/lib/python3.8/site-packages/airflow/example_dags/example_nested_branch_dag.py
[2023-12-03T09:55:47.256+0000] {logging_mixin.py:154} INFO - [2023-12-03T09:55:47.256+0000] {dag.py:2941} INFO - Sync 1 DAGs
[2023-12-03T09:55:47.280+0000] {logging_mixin.py:154} INFO - [2023-12-03T09:55:47.280+0000] {dag.py:3722} INFO - Setting next_dagrun for example_nested_branch_dag to 2023-12-02T00:00:00+00:00, run_after=2023-12-03T00:00:00+00:00
[2023-12-03T09:55:47.297+0000] {processor.py:179} INFO - Processing /home/airflow/.local/lib/python3.8/site-packages/airflow/example_dags/example_nested_branch_dag.py took 0.084 seconds
[2023-12-03T09:56:17.325+0000] {processor.py:157} INFO - Started process (PID=1536) to work on /home/airflow/.local/lib/python3.8/site-packages/airflow/example_dags/example_nested_branch_dag.py
[2023-12-03T09:56:17.326+0000] {processor.py:829} INFO - Processing file /home/airflow/.local/lib/python3.8/site-packages/airflow/example_dags/example_nested_branch_dag.py for tasks to queue
[2023-12-03T09:56:17.329+0000] {logging_mixin.py:154} INFO - [2023-12-03T09:56:17.329+0000] {dagbag.py:536} INFO - Filling up the DagBag from /home/airflow/.local/lib/python3.8/site-packages/airflow/example_dags/example_nested_branch_dag.py
[2023-12-03T09:56:17.338+0000] {processor.py:839} INFO - DAG(s) dict_keys(['example_nested_branch_dag']) retrieved from /home/airflow/.local/lib/python3.8/site-packages/airflow/example_dags/example_nested_branch_dag.py
[2023-12-03T09:56:17.359+0000] {logging_mixin.py:154} INFO - [2023-12-03T09:56:17.359+0000] {dag.py:2941} INFO - Sync 1 DAGs
[2023-12-03T09:56:17.380+0000] {logging_mixin.py:154} INFO - [2023-12-03T09:56:17.380+0000] {dag.py:3722} INFO - Setting next_dagrun for example_nested_branch_dag to 2023-12-02T00:00:00+00:00, run_after=2023-12-03T00:00:00+00:00
[2023-12-03T09:56:17.394+0000] {processor.py:179} INFO - Processing /home/airflow/.local/lib/python3.8/site-packages/airflow/example_dags/example_nested_branch_dag.py took 0.073 seconds
[2023-12-03T09:56:48.265+0000] {processor.py:157} INFO - Started process (PID=1594) to work on /home/airflow/.local/lib/python3.8/site-packages/airflow/example_dags/example_nested_branch_dag.py
[2023-12-03T09:56:48.266+0000] {processor.py:829} INFO - Processing file /home/airflow/.local/lib/python3.8/site-packages/airflow/example_dags/example_nested_branch_dag.py for tasks to queue
[2023-12-03T09:56:48.268+0000] {logging_mixin.py:154} INFO - [2023-12-03T09:56:48.268+0000] {dagbag.py:536} INFO - Filling up the DagBag from /home/airflow/.local/lib/python3.8/site-packages/airflow/example_dags/example_nested_branch_dag.py
[2023-12-03T09:56:48.277+0000] {processor.py:839} INFO - DAG(s) dict_keys(['example_nested_branch_dag']) retrieved from /home/airflow/.local/lib/python3.8/site-packages/airflow/example_dags/example_nested_branch_dag.py
[2023-12-03T09:56:48.295+0000] {logging_mixin.py:154} INFO - [2023-12-03T09:56:48.295+0000] {dag.py:2941} INFO - Sync 1 DAGs
[2023-12-03T09:56:48.315+0000] {logging_mixin.py:154} INFO - [2023-12-03T09:56:48.315+0000] {dag.py:3722} INFO - Setting next_dagrun for example_nested_branch_dag to 2023-12-02T00:00:00+00:00, run_after=2023-12-03T00:00:00+00:00
[2023-12-03T09:56:48.328+0000] {processor.py:179} INFO - Processing /home/airflow/.local/lib/python3.8/site-packages/airflow/example_dags/example_nested_branch_dag.py took 0.066 seconds
[2023-12-03T09:57:18.960+0000] {processor.py:157} INFO - Started process (PID=1652) to work on /home/airflow/.local/lib/python3.8/site-packages/airflow/example_dags/example_nested_branch_dag.py
[2023-12-03T09:57:18.961+0000] {processor.py:829} INFO - Processing file /home/airflow/.local/lib/python3.8/site-packages/airflow/example_dags/example_nested_branch_dag.py for tasks to queue
[2023-12-03T09:57:18.983+0000] {logging_mixin.py:154} INFO - [2023-12-03T09:57:18.976+0000] {dagbag.py:536} INFO - Filling up the DagBag from /home/airflow/.local/lib/python3.8/site-packages/airflow/example_dags/example_nested_branch_dag.py
[2023-12-03T09:57:19.033+0000] {processor.py:839} INFO - DAG(s) dict_keys(['example_nested_branch_dag']) retrieved from /home/airflow/.local/lib/python3.8/site-packages/airflow/example_dags/example_nested_branch_dag.py
[2023-12-03T09:57:19.063+0000] {logging_mixin.py:154} INFO - [2023-12-03T09:57:19.063+0000] {dag.py:2941} INFO - Sync 1 DAGs
[2023-12-03T09:57:19.085+0000] {logging_mixin.py:154} INFO - [2023-12-03T09:57:19.085+0000] {dag.py:3722} INFO - Setting next_dagrun for example_nested_branch_dag to 2023-12-02T00:00:00+00:00, run_after=2023-12-03T00:00:00+00:00
[2023-12-03T09:57:19.100+0000] {processor.py:179} INFO - Processing /home/airflow/.local/lib/python3.8/site-packages/airflow/example_dags/example_nested_branch_dag.py took 0.144 seconds
[2023-12-03T09:57:49.364+0000] {processor.py:157} INFO - Started process (PID=1712) to work on /home/airflow/.local/lib/python3.8/site-packages/airflow/example_dags/example_nested_branch_dag.py
[2023-12-03T09:57:49.365+0000] {processor.py:829} INFO - Processing file /home/airflow/.local/lib/python3.8/site-packages/airflow/example_dags/example_nested_branch_dag.py for tasks to queue
[2023-12-03T09:57:49.368+0000] {logging_mixin.py:154} INFO - [2023-12-03T09:57:49.368+0000] {dagbag.py:536} INFO - Filling up the DagBag from /home/airflow/.local/lib/python3.8/site-packages/airflow/example_dags/example_nested_branch_dag.py
[2023-12-03T09:57:49.378+0000] {processor.py:839} INFO - DAG(s) dict_keys(['example_nested_branch_dag']) retrieved from /home/airflow/.local/lib/python3.8/site-packages/airflow/example_dags/example_nested_branch_dag.py
[2023-12-03T09:57:49.398+0000] {logging_mixin.py:154} INFO - [2023-12-03T09:57:49.398+0000] {dag.py:2941} INFO - Sync 1 DAGs
[2023-12-03T09:57:49.417+0000] {logging_mixin.py:154} INFO - [2023-12-03T09:57:49.417+0000] {dag.py:3722} INFO - Setting next_dagrun for example_nested_branch_dag to 2023-12-02T00:00:00+00:00, run_after=2023-12-03T00:00:00+00:00
[2023-12-03T09:57:49.431+0000] {processor.py:179} INFO - Processing /home/airflow/.local/lib/python3.8/site-packages/airflow/example_dags/example_nested_branch_dag.py took 0.071 seconds
[2023-12-03T09:58:19.478+0000] {processor.py:157} INFO - Started process (PID=1770) to work on /home/airflow/.local/lib/python3.8/site-packages/airflow/example_dags/example_nested_branch_dag.py
[2023-12-03T09:58:19.480+0000] {processor.py:829} INFO - Processing file /home/airflow/.local/lib/python3.8/site-packages/airflow/example_dags/example_nested_branch_dag.py for tasks to queue
[2023-12-03T09:58:19.483+0000] {logging_mixin.py:154} INFO - [2023-12-03T09:58:19.483+0000] {dagbag.py:536} INFO - Filling up the DagBag from /home/airflow/.local/lib/python3.8/site-packages/airflow/example_dags/example_nested_branch_dag.py
[2023-12-03T09:58:19.494+0000] {processor.py:839} INFO - DAG(s) dict_keys(['example_nested_branch_dag']) retrieved from /home/airflow/.local/lib/python3.8/site-packages/airflow/example_dags/example_nested_branch_dag.py
[2023-12-03T09:58:19.516+0000] {logging_mixin.py:154} INFO - [2023-12-03T09:58:19.515+0000] {dag.py:2941} INFO - Sync 1 DAGs
[2023-12-03T09:58:19.537+0000] {logging_mixin.py:154} INFO - [2023-12-03T09:58:19.537+0000] {dag.py:3722} INFO - Setting next_dagrun for example_nested_branch_dag to 2023-12-02T00:00:00+00:00, run_after=2023-12-03T00:00:00+00:00
[2023-12-03T09:58:19.551+0000] {processor.py:179} INFO - Processing /home/airflow/.local/lib/python3.8/site-packages/airflow/example_dags/example_nested_branch_dag.py took 0.077 seconds
[2023-12-03T09:58:49.801+0000] {processor.py:157} INFO - Started process (PID=1827) to work on /home/airflow/.local/lib/python3.8/site-packages/airflow/example_dags/example_nested_branch_dag.py
[2023-12-03T09:58:49.803+0000] {processor.py:829} INFO - Processing file /home/airflow/.local/lib/python3.8/site-packages/airflow/example_dags/example_nested_branch_dag.py for tasks to queue
[2023-12-03T09:58:49.806+0000] {logging_mixin.py:154} INFO - [2023-12-03T09:58:49.806+0000] {dagbag.py:536} INFO - Filling up the DagBag from /home/airflow/.local/lib/python3.8/site-packages/airflow/example_dags/example_nested_branch_dag.py
[2023-12-03T09:58:49.817+0000] {processor.py:839} INFO - DAG(s) dict_keys(['example_nested_branch_dag']) retrieved from /home/airflow/.local/lib/python3.8/site-packages/airflow/example_dags/example_nested_branch_dag.py
[2023-12-03T09:58:49.837+0000] {logging_mixin.py:154} INFO - [2023-12-03T09:58:49.837+0000] {dag.py:2941} INFO - Sync 1 DAGs
[2023-12-03T09:58:49.859+0000] {logging_mixin.py:154} INFO - [2023-12-03T09:58:49.859+0000] {dag.py:3722} INFO - Setting next_dagrun for example_nested_branch_dag to 2023-12-02T00:00:00+00:00, run_after=2023-12-03T00:00:00+00:00
[2023-12-03T09:58:49.874+0000] {processor.py:179} INFO - Processing /home/airflow/.local/lib/python3.8/site-packages/airflow/example_dags/example_nested_branch_dag.py took 0.077 seconds
[2023-12-03T09:59:20.458+0000] {processor.py:157} INFO - Started process (PID=1885) to work on /home/airflow/.local/lib/python3.8/site-packages/airflow/example_dags/example_nested_branch_dag.py
[2023-12-03T09:59:20.459+0000] {processor.py:829} INFO - Processing file /home/airflow/.local/lib/python3.8/site-packages/airflow/example_dags/example_nested_branch_dag.py for tasks to queue
[2023-12-03T09:59:20.462+0000] {logging_mixin.py:154} INFO - [2023-12-03T09:59:20.462+0000] {dagbag.py:536} INFO - Filling up the DagBag from /home/airflow/.local/lib/python3.8/site-packages/airflow/example_dags/example_nested_branch_dag.py
[2023-12-03T09:59:20.473+0000] {processor.py:839} INFO - DAG(s) dict_keys(['example_nested_branch_dag']) retrieved from /home/airflow/.local/lib/python3.8/site-packages/airflow/example_dags/example_nested_branch_dag.py
[2023-12-03T09:59:20.495+0000] {logging_mixin.py:154} INFO - [2023-12-03T09:59:20.495+0000] {dag.py:2941} INFO - Sync 1 DAGs
[2023-12-03T09:59:20.517+0000] {logging_mixin.py:154} INFO - [2023-12-03T09:59:20.517+0000] {dag.py:3722} INFO - Setting next_dagrun for example_nested_branch_dag to 2023-12-02T00:00:00+00:00, run_after=2023-12-03T00:00:00+00:00
[2023-12-03T09:59:20.534+0000] {processor.py:179} INFO - Processing /home/airflow/.local/lib/python3.8/site-packages/airflow/example_dags/example_nested_branch_dag.py took 0.079 seconds
[2023-12-03T09:59:51.467+0000] {processor.py:157} INFO - Started process (PID=1944) to work on /home/airflow/.local/lib/python3.8/site-packages/airflow/example_dags/example_nested_branch_dag.py
[2023-12-03T09:59:51.468+0000] {processor.py:829} INFO - Processing file /home/airflow/.local/lib/python3.8/site-packages/airflow/example_dags/example_nested_branch_dag.py for tasks to queue
[2023-12-03T09:59:51.472+0000] {logging_mixin.py:154} INFO - [2023-12-03T09:59:51.471+0000] {dagbag.py:536} INFO - Filling up the DagBag from /home/airflow/.local/lib/python3.8/site-packages/airflow/example_dags/example_nested_branch_dag.py
[2023-12-03T09:59:51.482+0000] {processor.py:839} INFO - DAG(s) dict_keys(['example_nested_branch_dag']) retrieved from /home/airflow/.local/lib/python3.8/site-packages/airflow/example_dags/example_nested_branch_dag.py
[2023-12-03T09:59:51.503+0000] {logging_mixin.py:154} INFO - [2023-12-03T09:59:51.503+0000] {dag.py:2941} INFO - Sync 1 DAGs
[2023-12-03T09:59:51.526+0000] {logging_mixin.py:154} INFO - [2023-12-03T09:59:51.525+0000] {dag.py:3722} INFO - Setting next_dagrun for example_nested_branch_dag to 2023-12-02T00:00:00+00:00, run_after=2023-12-03T00:00:00+00:00
[2023-12-03T09:59:51.540+0000] {processor.py:179} INFO - Processing /home/airflow/.local/lib/python3.8/site-packages/airflow/example_dags/example_nested_branch_dag.py took 0.077 seconds
[2023-12-03T10:00:21.878+0000] {processor.py:157} INFO - Started process (PID=2006) to work on /home/airflow/.local/lib/python3.8/site-packages/airflow/example_dags/example_nested_branch_dag.py
[2023-12-03T10:00:21.879+0000] {processor.py:829} INFO - Processing file /home/airflow/.local/lib/python3.8/site-packages/airflow/example_dags/example_nested_branch_dag.py for tasks to queue
[2023-12-03T10:00:21.882+0000] {logging_mixin.py:154} INFO - [2023-12-03T10:00:21.882+0000] {dagbag.py:536} INFO - Filling up the DagBag from /home/airflow/.local/lib/python3.8/site-packages/airflow/example_dags/example_nested_branch_dag.py
[2023-12-03T10:00:21.893+0000] {processor.py:839} INFO - DAG(s) dict_keys(['example_nested_branch_dag']) retrieved from /home/airflow/.local/lib/python3.8/site-packages/airflow/example_dags/example_nested_branch_dag.py
[2023-12-03T10:00:21.913+0000] {logging_mixin.py:154} INFO - [2023-12-03T10:00:21.913+0000] {dag.py:2941} INFO - Sync 1 DAGs
[2023-12-03T10:00:21.936+0000] {logging_mixin.py:154} INFO - [2023-12-03T10:00:21.936+0000] {dag.py:3722} INFO - Setting next_dagrun for example_nested_branch_dag to 2023-12-02T00:00:00+00:00, run_after=2023-12-03T00:00:00+00:00
[2023-12-03T10:00:21.949+0000] {processor.py:179} INFO - Processing /home/airflow/.local/lib/python3.8/site-packages/airflow/example_dags/example_nested_branch_dag.py took 0.075 seconds
[2023-12-03T10:00:52.575+0000] {processor.py:157} INFO - Started process (PID=2064) to work on /home/airflow/.local/lib/python3.8/site-packages/airflow/example_dags/example_nested_branch_dag.py
[2023-12-03T10:00:52.576+0000] {processor.py:829} INFO - Processing file /home/airflow/.local/lib/python3.8/site-packages/airflow/example_dags/example_nested_branch_dag.py for tasks to queue
[2023-12-03T10:00:52.580+0000] {logging_mixin.py:154} INFO - [2023-12-03T10:00:52.580+0000] {dagbag.py:536} INFO - Filling up the DagBag from /home/airflow/.local/lib/python3.8/site-packages/airflow/example_dags/example_nested_branch_dag.py
[2023-12-03T10:00:52.589+0000] {processor.py:839} INFO - DAG(s) dict_keys(['example_nested_branch_dag']) retrieved from /home/airflow/.local/lib/python3.8/site-packages/airflow/example_dags/example_nested_branch_dag.py
[2023-12-03T10:00:52.612+0000] {logging_mixin.py:154} INFO - [2023-12-03T10:00:52.612+0000] {dag.py:2941} INFO - Sync 1 DAGs
[2023-12-03T10:00:52.636+0000] {logging_mixin.py:154} INFO - [2023-12-03T10:00:52.636+0000] {dag.py:3722} INFO - Setting next_dagrun for example_nested_branch_dag to 2023-12-02T00:00:00+00:00, run_after=2023-12-03T00:00:00+00:00
[2023-12-03T10:00:52.649+0000] {processor.py:179} INFO - Processing /home/airflow/.local/lib/python3.8/site-packages/airflow/example_dags/example_nested_branch_dag.py took 0.078 seconds
[2023-12-03T10:01:23.587+0000] {processor.py:157} INFO - Started process (PID=2122) to work on /home/airflow/.local/lib/python3.8/site-packages/airflow/example_dags/example_nested_branch_dag.py
[2023-12-03T10:01:23.588+0000] {processor.py:829} INFO - Processing file /home/airflow/.local/lib/python3.8/site-packages/airflow/example_dags/example_nested_branch_dag.py for tasks to queue
[2023-12-03T10:01:23.591+0000] {logging_mixin.py:154} INFO - [2023-12-03T10:01:23.591+0000] {dagbag.py:536} INFO - Filling up the DagBag from /home/airflow/.local/lib/python3.8/site-packages/airflow/example_dags/example_nested_branch_dag.py
[2023-12-03T10:01:23.602+0000] {processor.py:839} INFO - DAG(s) dict_keys(['example_nested_branch_dag']) retrieved from /home/airflow/.local/lib/python3.8/site-packages/airflow/example_dags/example_nested_branch_dag.py
[2023-12-03T10:01:23.624+0000] {logging_mixin.py:154} INFO - [2023-12-03T10:01:23.624+0000] {dag.py:2941} INFO - Sync 1 DAGs
[2023-12-03T10:01:23.650+0000] {logging_mixin.py:154} INFO - [2023-12-03T10:01:23.650+0000] {dag.py:3722} INFO - Setting next_dagrun for example_nested_branch_dag to 2023-12-02T00:00:00+00:00, run_after=2023-12-03T00:00:00+00:00
[2023-12-03T10:01:23.666+0000] {processor.py:179} INFO - Processing /home/airflow/.local/lib/python3.8/site-packages/airflow/example_dags/example_nested_branch_dag.py took 0.083 seconds
[2023-12-03T10:01:53.975+0000] {processor.py:157} INFO - Started process (PID=2182) to work on /home/airflow/.local/lib/python3.8/site-packages/airflow/example_dags/example_nested_branch_dag.py
[2023-12-03T10:01:53.976+0000] {processor.py:829} INFO - Processing file /home/airflow/.local/lib/python3.8/site-packages/airflow/example_dags/example_nested_branch_dag.py for tasks to queue
[2023-12-03T10:01:53.979+0000] {logging_mixin.py:154} INFO - [2023-12-03T10:01:53.979+0000] {dagbag.py:536} INFO - Filling up the DagBag from /home/airflow/.local/lib/python3.8/site-packages/airflow/example_dags/example_nested_branch_dag.py
[2023-12-03T10:01:53.992+0000] {processor.py:839} INFO - DAG(s) dict_keys(['example_nested_branch_dag']) retrieved from /home/airflow/.local/lib/python3.8/site-packages/airflow/example_dags/example_nested_branch_dag.py
[2023-12-03T10:01:54.017+0000] {logging_mixin.py:154} INFO - [2023-12-03T10:01:54.017+0000] {dag.py:2941} INFO - Sync 1 DAGs
[2023-12-03T10:01:54.040+0000] {logging_mixin.py:154} INFO - [2023-12-03T10:01:54.040+0000] {dag.py:3722} INFO - Setting next_dagrun for example_nested_branch_dag to 2023-12-02T00:00:00+00:00, run_after=2023-12-03T00:00:00+00:00
[2023-12-03T10:01:54.058+0000] {processor.py:179} INFO - Processing /home/airflow/.local/lib/python3.8/site-packages/airflow/example_dags/example_nested_branch_dag.py took 0.088 seconds
[2023-12-03T10:02:24.946+0000] {processor.py:157} INFO - Started process (PID=2240) to work on /home/airflow/.local/lib/python3.8/site-packages/airflow/example_dags/example_nested_branch_dag.py
[2023-12-03T10:02:24.948+0000] {processor.py:829} INFO - Processing file /home/airflow/.local/lib/python3.8/site-packages/airflow/example_dags/example_nested_branch_dag.py for tasks to queue
[2023-12-03T10:02:24.952+0000] {logging_mixin.py:154} INFO - [2023-12-03T10:02:24.951+0000] {dagbag.py:536} INFO - Filling up the DagBag from /home/airflow/.local/lib/python3.8/site-packages/airflow/example_dags/example_nested_branch_dag.py
[2023-12-03T10:02:24.962+0000] {processor.py:839} INFO - DAG(s) dict_keys(['example_nested_branch_dag']) retrieved from /home/airflow/.local/lib/python3.8/site-packages/airflow/example_dags/example_nested_branch_dag.py
[2023-12-03T10:02:24.984+0000] {logging_mixin.py:154} INFO - [2023-12-03T10:02:24.984+0000] {dag.py:2941} INFO - Sync 1 DAGs
[2023-12-03T10:02:25.006+0000] {logging_mixin.py:154} INFO - [2023-12-03T10:02:25.006+0000] {dag.py:3722} INFO - Setting next_dagrun for example_nested_branch_dag to 2023-12-02T00:00:00+00:00, run_after=2023-12-03T00:00:00+00:00
[2023-12-03T10:02:25.022+0000] {processor.py:179} INFO - Processing /home/airflow/.local/lib/python3.8/site-packages/airflow/example_dags/example_nested_branch_dag.py took 0.082 seconds
[2023-12-03T10:02:55.046+0000] {processor.py:157} INFO - Started process (PID=2296) to work on /home/airflow/.local/lib/python3.8/site-packages/airflow/example_dags/example_nested_branch_dag.py
[2023-12-03T10:02:55.047+0000] {processor.py:829} INFO - Processing file /home/airflow/.local/lib/python3.8/site-packages/airflow/example_dags/example_nested_branch_dag.py for tasks to queue
[2023-12-03T10:02:55.050+0000] {logging_mixin.py:154} INFO - [2023-12-03T10:02:55.050+0000] {dagbag.py:536} INFO - Filling up the DagBag from /home/airflow/.local/lib/python3.8/site-packages/airflow/example_dags/example_nested_branch_dag.py
[2023-12-03T10:02:55.060+0000] {processor.py:839} INFO - DAG(s) dict_keys(['example_nested_branch_dag']) retrieved from /home/airflow/.local/lib/python3.8/site-packages/airflow/example_dags/example_nested_branch_dag.py
[2023-12-03T10:02:55.081+0000] {logging_mixin.py:154} INFO - [2023-12-03T10:02:55.081+0000] {dag.py:2941} INFO - Sync 1 DAGs
[2023-12-03T10:02:55.107+0000] {logging_mixin.py:154} INFO - [2023-12-03T10:02:55.106+0000] {dag.py:3722} INFO - Setting next_dagrun for example_nested_branch_dag to 2023-12-02T00:00:00+00:00, run_after=2023-12-03T00:00:00+00:00
[2023-12-03T10:02:55.123+0000] {processor.py:179} INFO - Processing /home/airflow/.local/lib/python3.8/site-packages/airflow/example_dags/example_nested_branch_dag.py took 0.081 seconds
[2023-12-03T10:03:25.372+0000] {processor.py:157} INFO - Started process (PID=2354) to work on /home/airflow/.local/lib/python3.8/site-packages/airflow/example_dags/example_nested_branch_dag.py
[2023-12-03T10:03:25.374+0000] {processor.py:829} INFO - Processing file /home/airflow/.local/lib/python3.8/site-packages/airflow/example_dags/example_nested_branch_dag.py for tasks to queue
[2023-12-03T10:03:25.378+0000] {logging_mixin.py:154} INFO - [2023-12-03T10:03:25.378+0000] {dagbag.py:536} INFO - Filling up the DagBag from /home/airflow/.local/lib/python3.8/site-packages/airflow/example_dags/example_nested_branch_dag.py
[2023-12-03T10:03:25.391+0000] {processor.py:839} INFO - DAG(s) dict_keys(['example_nested_branch_dag']) retrieved from /home/airflow/.local/lib/python3.8/site-packages/airflow/example_dags/example_nested_branch_dag.py
[2023-12-03T10:03:25.415+0000] {logging_mixin.py:154} INFO - [2023-12-03T10:03:25.414+0000] {dag.py:2941} INFO - Sync 1 DAGs
[2023-12-03T10:03:25.437+0000] {logging_mixin.py:154} INFO - [2023-12-03T10:03:25.436+0000] {dag.py:3722} INFO - Setting next_dagrun for example_nested_branch_dag to 2023-12-02T00:00:00+00:00, run_after=2023-12-03T00:00:00+00:00
[2023-12-03T10:03:25.453+0000] {processor.py:179} INFO - Processing /home/airflow/.local/lib/python3.8/site-packages/airflow/example_dags/example_nested_branch_dag.py took 0.086 seconds
[2023-12-03T10:03:55.523+0000] {processor.py:157} INFO - Started process (PID=2412) to work on /home/airflow/.local/lib/python3.8/site-packages/airflow/example_dags/example_nested_branch_dag.py
[2023-12-03T10:03:55.525+0000] {processor.py:829} INFO - Processing file /home/airflow/.local/lib/python3.8/site-packages/airflow/example_dags/example_nested_branch_dag.py for tasks to queue
[2023-12-03T10:03:55.530+0000] {logging_mixin.py:154} INFO - [2023-12-03T10:03:55.530+0000] {dagbag.py:536} INFO - Filling up the DagBag from /home/airflow/.local/lib/python3.8/site-packages/airflow/example_dags/example_nested_branch_dag.py
[2023-12-03T10:03:55.545+0000] {processor.py:839} INFO - DAG(s) dict_keys(['example_nested_branch_dag']) retrieved from /home/airflow/.local/lib/python3.8/site-packages/airflow/example_dags/example_nested_branch_dag.py
[2023-12-03T10:03:55.576+0000] {logging_mixin.py:154} INFO - [2023-12-03T10:03:55.576+0000] {dag.py:2941} INFO - Sync 1 DAGs
[2023-12-03T10:03:55.611+0000] {logging_mixin.py:154} INFO - [2023-12-03T10:03:55.611+0000] {dag.py:3722} INFO - Setting next_dagrun for example_nested_branch_dag to 2023-12-02T00:00:00+00:00, run_after=2023-12-03T00:00:00+00:00
[2023-12-03T10:03:55.630+0000] {processor.py:179} INFO - Processing /home/airflow/.local/lib/python3.8/site-packages/airflow/example_dags/example_nested_branch_dag.py took 0.112 seconds
[2023-12-03T10:04:26.111+0000] {processor.py:157} INFO - Started process (PID=2470) to work on /home/airflow/.local/lib/python3.8/site-packages/airflow/example_dags/example_nested_branch_dag.py
[2023-12-03T10:04:26.113+0000] {processor.py:829} INFO - Processing file /home/airflow/.local/lib/python3.8/site-packages/airflow/example_dags/example_nested_branch_dag.py for tasks to queue
[2023-12-03T10:04:26.116+0000] {logging_mixin.py:154} INFO - [2023-12-03T10:04:26.116+0000] {dagbag.py:536} INFO - Filling up the DagBag from /home/airflow/.local/lib/python3.8/site-packages/airflow/example_dags/example_nested_branch_dag.py
[2023-12-03T10:04:26.131+0000] {processor.py:839} INFO - DAG(s) dict_keys(['example_nested_branch_dag']) retrieved from /home/airflow/.local/lib/python3.8/site-packages/airflow/example_dags/example_nested_branch_dag.py
[2023-12-03T10:04:26.160+0000] {logging_mixin.py:154} INFO - [2023-12-03T10:04:26.160+0000] {dag.py:2941} INFO - Sync 1 DAGs
[2023-12-03T10:04:26.198+0000] {logging_mixin.py:154} INFO - [2023-12-03T10:04:26.198+0000] {dag.py:3722} INFO - Setting next_dagrun for example_nested_branch_dag to 2023-12-02T00:00:00+00:00, run_after=2023-12-03T00:00:00+00:00
[2023-12-03T10:04:26.219+0000] {processor.py:179} INFO - Processing /home/airflow/.local/lib/python3.8/site-packages/airflow/example_dags/example_nested_branch_dag.py took 0.112 seconds
[2023-12-03T10:04:56.772+0000] {processor.py:157} INFO - Started process (PID=2528) to work on /home/airflow/.local/lib/python3.8/site-packages/airflow/example_dags/example_nested_branch_dag.py
[2023-12-03T10:04:56.773+0000] {processor.py:829} INFO - Processing file /home/airflow/.local/lib/python3.8/site-packages/airflow/example_dags/example_nested_branch_dag.py for tasks to queue
[2023-12-03T10:04:56.777+0000] {logging_mixin.py:154} INFO - [2023-12-03T10:04:56.776+0000] {dagbag.py:536} INFO - Filling up the DagBag from /home/airflow/.local/lib/python3.8/site-packages/airflow/example_dags/example_nested_branch_dag.py
[2023-12-03T10:04:56.785+0000] {processor.py:839} INFO - DAG(s) dict_keys(['example_nested_branch_dag']) retrieved from /home/airflow/.local/lib/python3.8/site-packages/airflow/example_dags/example_nested_branch_dag.py
[2023-12-03T10:04:56.802+0000] {logging_mixin.py:154} INFO - [2023-12-03T10:04:56.802+0000] {dag.py:2941} INFO - Sync 1 DAGs
[2023-12-03T10:04:56.818+0000] {logging_mixin.py:154} INFO - [2023-12-03T10:04:56.818+0000] {dag.py:3722} INFO - Setting next_dagrun for example_nested_branch_dag to 2023-12-02T00:00:00+00:00, run_after=2023-12-03T00:00:00+00:00
[2023-12-03T10:04:56.830+0000] {processor.py:179} INFO - Processing /home/airflow/.local/lib/python3.8/site-packages/airflow/example_dags/example_nested_branch_dag.py took 0.060 seconds
[2023-12-03T10:05:27.198+0000] {processor.py:157} INFO - Started process (PID=2586) to work on /home/airflow/.local/lib/python3.8/site-packages/airflow/example_dags/example_nested_branch_dag.py
[2023-12-03T10:05:27.199+0000] {processor.py:829} INFO - Processing file /home/airflow/.local/lib/python3.8/site-packages/airflow/example_dags/example_nested_branch_dag.py for tasks to queue
[2023-12-03T10:05:27.202+0000] {logging_mixin.py:154} INFO - [2023-12-03T10:05:27.202+0000] {dagbag.py:536} INFO - Filling up the DagBag from /home/airflow/.local/lib/python3.8/site-packages/airflow/example_dags/example_nested_branch_dag.py
[2023-12-03T10:05:27.212+0000] {processor.py:839} INFO - DAG(s) dict_keys(['example_nested_branch_dag']) retrieved from /home/airflow/.local/lib/python3.8/site-packages/airflow/example_dags/example_nested_branch_dag.py
[2023-12-03T10:05:27.233+0000] {logging_mixin.py:154} INFO - [2023-12-03T10:05:27.233+0000] {dag.py:2941} INFO - Sync 1 DAGs
[2023-12-03T10:05:27.253+0000] {logging_mixin.py:154} INFO - [2023-12-03T10:05:27.253+0000] {dag.py:3722} INFO - Setting next_dagrun for example_nested_branch_dag to 2023-12-02T00:00:00+00:00, run_after=2023-12-03T00:00:00+00:00
[2023-12-03T10:05:27.267+0000] {processor.py:179} INFO - Processing /home/airflow/.local/lib/python3.8/site-packages/airflow/example_dags/example_nested_branch_dag.py took 0.073 seconds
[2023-12-03T10:05:57.344+0000] {processor.py:157} INFO - Started process (PID=2643) to work on /home/airflow/.local/lib/python3.8/site-packages/airflow/example_dags/example_nested_branch_dag.py
[2023-12-03T10:05:57.345+0000] {processor.py:829} INFO - Processing file /home/airflow/.local/lib/python3.8/site-packages/airflow/example_dags/example_nested_branch_dag.py for tasks to queue
[2023-12-03T10:05:57.348+0000] {logging_mixin.py:154} INFO - [2023-12-03T10:05:57.348+0000] {dagbag.py:536} INFO - Filling up the DagBag from /home/airflow/.local/lib/python3.8/site-packages/airflow/example_dags/example_nested_branch_dag.py
[2023-12-03T10:05:57.358+0000] {processor.py:839} INFO - DAG(s) dict_keys(['example_nested_branch_dag']) retrieved from /home/airflow/.local/lib/python3.8/site-packages/airflow/example_dags/example_nested_branch_dag.py
[2023-12-03T10:05:57.380+0000] {logging_mixin.py:154} INFO - [2023-12-03T10:05:57.380+0000] {dag.py:2941} INFO - Sync 1 DAGs
[2023-12-03T10:05:57.404+0000] {logging_mixin.py:154} INFO - [2023-12-03T10:05:57.403+0000] {dag.py:3722} INFO - Setting next_dagrun for example_nested_branch_dag to 2023-12-02T00:00:00+00:00, run_after=2023-12-03T00:00:00+00:00
[2023-12-03T10:05:57.418+0000] {processor.py:179} INFO - Processing /home/airflow/.local/lib/python3.8/site-packages/airflow/example_dags/example_nested_branch_dag.py took 0.078 seconds
[2023-12-03T10:06:27.458+0000] {processor.py:157} INFO - Started process (PID=2701) to work on /home/airflow/.local/lib/python3.8/site-packages/airflow/example_dags/example_nested_branch_dag.py
[2023-12-03T10:06:27.459+0000] {processor.py:829} INFO - Processing file /home/airflow/.local/lib/python3.8/site-packages/airflow/example_dags/example_nested_branch_dag.py for tasks to queue
[2023-12-03T10:06:27.463+0000] {logging_mixin.py:154} INFO - [2023-12-03T10:06:27.463+0000] {dagbag.py:536} INFO - Filling up the DagBag from /home/airflow/.local/lib/python3.8/site-packages/airflow/example_dags/example_nested_branch_dag.py
[2023-12-03T10:06:27.474+0000] {processor.py:839} INFO - DAG(s) dict_keys(['example_nested_branch_dag']) retrieved from /home/airflow/.local/lib/python3.8/site-packages/airflow/example_dags/example_nested_branch_dag.py
[2023-12-03T10:06:27.506+0000] {logging_mixin.py:154} INFO - [2023-12-03T10:06:27.506+0000] {dag.py:2941} INFO - Sync 1 DAGs
[2023-12-03T10:06:27.536+0000] {logging_mixin.py:154} INFO - [2023-12-03T10:06:27.535+0000] {dag.py:3722} INFO - Setting next_dagrun for example_nested_branch_dag to 2023-12-02T00:00:00+00:00, run_after=2023-12-03T00:00:00+00:00
[2023-12-03T10:06:27.553+0000] {processor.py:179} INFO - Processing /home/airflow/.local/lib/python3.8/site-packages/airflow/example_dags/example_nested_branch_dag.py took 0.099 seconds
[2023-12-03T10:06:57.789+0000] {processor.py:157} INFO - Started process (PID=2759) to work on /home/airflow/.local/lib/python3.8/site-packages/airflow/example_dags/example_nested_branch_dag.py
[2023-12-03T10:06:57.790+0000] {processor.py:829} INFO - Processing file /home/airflow/.local/lib/python3.8/site-packages/airflow/example_dags/example_nested_branch_dag.py for tasks to queue
[2023-12-03T10:06:57.793+0000] {logging_mixin.py:154} INFO - [2023-12-03T10:06:57.793+0000] {dagbag.py:536} INFO - Filling up the DagBag from /home/airflow/.local/lib/python3.8/site-packages/airflow/example_dags/example_nested_branch_dag.py
[2023-12-03T10:06:57.803+0000] {processor.py:839} INFO - DAG(s) dict_keys(['example_nested_branch_dag']) retrieved from /home/airflow/.local/lib/python3.8/site-packages/airflow/example_dags/example_nested_branch_dag.py
[2023-12-03T10:06:57.825+0000] {logging_mixin.py:154} INFO - [2023-12-03T10:06:57.825+0000] {dag.py:2941} INFO - Sync 1 DAGs
[2023-12-03T10:06:57.846+0000] {logging_mixin.py:154} INFO - [2023-12-03T10:06:57.846+0000] {dag.py:3722} INFO - Setting next_dagrun for example_nested_branch_dag to 2023-12-02T00:00:00+00:00, run_after=2023-12-03T00:00:00+00:00
[2023-12-03T10:06:57.859+0000] {processor.py:179} INFO - Processing /home/airflow/.local/lib/python3.8/site-packages/airflow/example_dags/example_nested_branch_dag.py took 0.074 seconds
[2023-12-03T10:07:27.939+0000] {processor.py:157} INFO - Started process (PID=2817) to work on /home/airflow/.local/lib/python3.8/site-packages/airflow/example_dags/example_nested_branch_dag.py
[2023-12-03T10:07:27.941+0000] {processor.py:829} INFO - Processing file /home/airflow/.local/lib/python3.8/site-packages/airflow/example_dags/example_nested_branch_dag.py for tasks to queue
[2023-12-03T10:07:27.944+0000] {logging_mixin.py:154} INFO - [2023-12-03T10:07:27.943+0000] {dagbag.py:536} INFO - Filling up the DagBag from /home/airflow/.local/lib/python3.8/site-packages/airflow/example_dags/example_nested_branch_dag.py
[2023-12-03T10:07:27.953+0000] {processor.py:839} INFO - DAG(s) dict_keys(['example_nested_branch_dag']) retrieved from /home/airflow/.local/lib/python3.8/site-packages/airflow/example_dags/example_nested_branch_dag.py
[2023-12-03T10:07:27.974+0000] {logging_mixin.py:154} INFO - [2023-12-03T10:07:27.974+0000] {dag.py:2941} INFO - Sync 1 DAGs
[2023-12-03T10:07:27.994+0000] {logging_mixin.py:154} INFO - [2023-12-03T10:07:27.994+0000] {dag.py:3722} INFO - Setting next_dagrun for example_nested_branch_dag to 2023-12-02T00:00:00+00:00, run_after=2023-12-03T00:00:00+00:00
[2023-12-03T10:07:28.005+0000] {processor.py:179} INFO - Processing /home/airflow/.local/lib/python3.8/site-packages/airflow/example_dags/example_nested_branch_dag.py took 0.070 seconds
[2023-12-03T10:07:58.318+0000] {processor.py:157} INFO - Started process (PID=2875) to work on /home/airflow/.local/lib/python3.8/site-packages/airflow/example_dags/example_nested_branch_dag.py
[2023-12-03T10:07:58.320+0000] {processor.py:829} INFO - Processing file /home/airflow/.local/lib/python3.8/site-packages/airflow/example_dags/example_nested_branch_dag.py for tasks to queue
[2023-12-03T10:07:58.322+0000] {logging_mixin.py:154} INFO - [2023-12-03T10:07:58.322+0000] {dagbag.py:536} INFO - Filling up the DagBag from /home/airflow/.local/lib/python3.8/site-packages/airflow/example_dags/example_nested_branch_dag.py
[2023-12-03T10:07:58.329+0000] {processor.py:839} INFO - DAG(s) dict_keys(['example_nested_branch_dag']) retrieved from /home/airflow/.local/lib/python3.8/site-packages/airflow/example_dags/example_nested_branch_dag.py
[2023-12-03T10:07:58.344+0000] {logging_mixin.py:154} INFO - [2023-12-03T10:07:58.344+0000] {dag.py:2941} INFO - Sync 1 DAGs
[2023-12-03T10:07:58.358+0000] {logging_mixin.py:154} INFO - [2023-12-03T10:07:58.358+0000] {dag.py:3722} INFO - Setting next_dagrun for example_nested_branch_dag to 2023-12-02T00:00:00+00:00, run_after=2023-12-03T00:00:00+00:00
[2023-12-03T10:07:58.368+0000] {processor.py:179} INFO - Processing /home/airflow/.local/lib/python3.8/site-packages/airflow/example_dags/example_nested_branch_dag.py took 0.052 seconds
[2023-12-03T11:28:21.048+0000] {processor.py:157} INFO - Started process (PID=2931) to work on /home/airflow/.local/lib/python3.8/site-packages/airflow/example_dags/example_nested_branch_dag.py
[2023-12-03T11:28:21.049+0000] {processor.py:829} INFO - Processing file /home/airflow/.local/lib/python3.8/site-packages/airflow/example_dags/example_nested_branch_dag.py for tasks to queue
[2023-12-03T11:28:21.052+0000] {logging_mixin.py:154} INFO - [2023-12-03T11:28:21.051+0000] {dagbag.py:536} INFO - Filling up the DagBag from /home/airflow/.local/lib/python3.8/site-packages/airflow/example_dags/example_nested_branch_dag.py
[2023-12-03T11:28:21.062+0000] {processor.py:839} INFO - DAG(s) dict_keys(['example_nested_branch_dag']) retrieved from /home/airflow/.local/lib/python3.8/site-packages/airflow/example_dags/example_nested_branch_dag.py
[2023-12-03T11:28:21.080+0000] {logging_mixin.py:154} INFO - [2023-12-03T11:28:21.080+0000] {dag.py:2941} INFO - Sync 1 DAGs
[2023-12-03T11:28:21.097+0000] {logging_mixin.py:154} INFO - [2023-12-03T11:28:21.096+0000] {dag.py:3722} INFO - Setting next_dagrun for example_nested_branch_dag to 2023-12-02T00:00:00+00:00, run_after=2023-12-03T00:00:00+00:00
[2023-12-03T11:28:21.109+0000] {processor.py:179} INFO - Processing /home/airflow/.local/lib/python3.8/site-packages/airflow/example_dags/example_nested_branch_dag.py took 0.065 seconds
[2023-12-03T12:09:30.534+0000] {processor.py:157} INFO - Started process (PID=2988) to work on /home/airflow/.local/lib/python3.8/site-packages/airflow/example_dags/example_nested_branch_dag.py
[2023-12-03T12:09:30.535+0000] {processor.py:829} INFO - Processing file /home/airflow/.local/lib/python3.8/site-packages/airflow/example_dags/example_nested_branch_dag.py for tasks to queue
[2023-12-03T12:09:30.537+0000] {logging_mixin.py:154} INFO - [2023-12-03T12:09:30.537+0000] {dagbag.py:536} INFO - Filling up the DagBag from /home/airflow/.local/lib/python3.8/site-packages/airflow/example_dags/example_nested_branch_dag.py
[2023-12-03T12:09:30.546+0000] {processor.py:839} INFO - DAG(s) dict_keys(['example_nested_branch_dag']) retrieved from /home/airflow/.local/lib/python3.8/site-packages/airflow/example_dags/example_nested_branch_dag.py
[2023-12-03T12:09:30.566+0000] {logging_mixin.py:154} INFO - [2023-12-03T12:09:30.566+0000] {dag.py:2941} INFO - Sync 1 DAGs
[2023-12-03T12:09:30.586+0000] {logging_mixin.py:154} INFO - [2023-12-03T12:09:30.586+0000] {dag.py:3722} INFO - Setting next_dagrun for example_nested_branch_dag to 2023-12-02T00:00:00+00:00, run_after=2023-12-03T00:00:00+00:00
[2023-12-03T12:09:30.601+0000] {processor.py:179} INFO - Processing /home/airflow/.local/lib/python3.8/site-packages/airflow/example_dags/example_nested_branch_dag.py took 0.071 seconds
[2023-12-03T12:27:32.948+0000] {processor.py:157} INFO - Started process (PID=3046) to work on /home/airflow/.local/lib/python3.8/site-packages/airflow/example_dags/example_nested_branch_dag.py
[2023-12-03T12:27:32.951+0000] {processor.py:829} INFO - Processing file /home/airflow/.local/lib/python3.8/site-packages/airflow/example_dags/example_nested_branch_dag.py for tasks to queue
[2023-12-03T12:27:32.955+0000] {logging_mixin.py:154} INFO - [2023-12-03T12:27:32.955+0000] {dagbag.py:536} INFO - Filling up the DagBag from /home/airflow/.local/lib/python3.8/site-packages/airflow/example_dags/example_nested_branch_dag.py
[2023-12-03T12:27:32.966+0000] {processor.py:839} INFO - DAG(s) dict_keys(['example_nested_branch_dag']) retrieved from /home/airflow/.local/lib/python3.8/site-packages/airflow/example_dags/example_nested_branch_dag.py
[2023-12-03T12:27:32.983+0000] {logging_mixin.py:154} INFO - [2023-12-03T12:27:32.983+0000] {dag.py:2941} INFO - Sync 1 DAGs
[2023-12-03T12:27:33.003+0000] {logging_mixin.py:154} INFO - [2023-12-03T12:27:33.003+0000] {dag.py:3722} INFO - Setting next_dagrun for example_nested_branch_dag to 2023-12-02T00:00:00+00:00, run_after=2023-12-03T00:00:00+00:00
[2023-12-03T12:27:33.018+0000] {processor.py:179} INFO - Processing /home/airflow/.local/lib/python3.8/site-packages/airflow/example_dags/example_nested_branch_dag.py took 0.073 seconds
[2023-12-03T12:44:56.275+0000] {processor.py:157} INFO - Started process (PID=3104) to work on /home/airflow/.local/lib/python3.8/site-packages/airflow/example_dags/example_nested_branch_dag.py
[2023-12-03T12:44:56.276+0000] {processor.py:829} INFO - Processing file /home/airflow/.local/lib/python3.8/site-packages/airflow/example_dags/example_nested_branch_dag.py for tasks to queue
[2023-12-03T12:44:56.279+0000] {logging_mixin.py:154} INFO - [2023-12-03T12:44:56.278+0000] {dagbag.py:536} INFO - Filling up the DagBag from /home/airflow/.local/lib/python3.8/site-packages/airflow/example_dags/example_nested_branch_dag.py
[2023-12-03T12:44:56.289+0000] {processor.py:839} INFO - DAG(s) dict_keys(['example_nested_branch_dag']) retrieved from /home/airflow/.local/lib/python3.8/site-packages/airflow/example_dags/example_nested_branch_dag.py
[2023-12-03T12:44:56.308+0000] {logging_mixin.py:154} INFO - [2023-12-03T12:44:56.308+0000] {dag.py:2941} INFO - Sync 1 DAGs
[2023-12-03T12:44:56.326+0000] {logging_mixin.py:154} INFO - [2023-12-03T12:44:56.326+0000] {dag.py:3722} INFO - Setting next_dagrun for example_nested_branch_dag to 2023-12-02T00:00:00+00:00, run_after=2023-12-03T00:00:00+00:00
[2023-12-03T12:44:56.341+0000] {processor.py:179} INFO - Processing /home/airflow/.local/lib/python3.8/site-packages/airflow/example_dags/example_nested_branch_dag.py took 0.070 seconds
[2023-12-03T13:35:11.652+0000] {processor.py:157} INFO - Started process (PID=3162) to work on /home/airflow/.local/lib/python3.8/site-packages/airflow/example_dags/example_nested_branch_dag.py
[2023-12-03T13:35:11.653+0000] {processor.py:829} INFO - Processing file /home/airflow/.local/lib/python3.8/site-packages/airflow/example_dags/example_nested_branch_dag.py for tasks to queue
[2023-12-03T13:35:11.656+0000] {logging_mixin.py:154} INFO - [2023-12-03T13:35:11.656+0000] {dagbag.py:536} INFO - Filling up the DagBag from /home/airflow/.local/lib/python3.8/site-packages/airflow/example_dags/example_nested_branch_dag.py
[2023-12-03T13:35:11.666+0000] {processor.py:839} INFO - DAG(s) dict_keys(['example_nested_branch_dag']) retrieved from /home/airflow/.local/lib/python3.8/site-packages/airflow/example_dags/example_nested_branch_dag.py
[2023-12-03T13:35:11.686+0000] {logging_mixin.py:154} INFO - [2023-12-03T13:35:11.686+0000] {dag.py:2941} INFO - Sync 1 DAGs
[2023-12-03T13:35:11.703+0000] {logging_mixin.py:154} INFO - [2023-12-03T13:35:11.702+0000] {dag.py:3722} INFO - Setting next_dagrun for example_nested_branch_dag to 2023-12-02T00:00:00+00:00, run_after=2023-12-03T00:00:00+00:00
[2023-12-03T13:35:11.715+0000] {processor.py:179} INFO - Processing /home/airflow/.local/lib/python3.8/site-packages/airflow/example_dags/example_nested_branch_dag.py took 0.066 seconds
[2023-12-03T14:27:25.658+0000] {processor.py:157} INFO - Started process (PID=3220) to work on /home/airflow/.local/lib/python3.8/site-packages/airflow/example_dags/example_nested_branch_dag.py
[2023-12-03T14:27:25.659+0000] {processor.py:829} INFO - Processing file /home/airflow/.local/lib/python3.8/site-packages/airflow/example_dags/example_nested_branch_dag.py for tasks to queue
[2023-12-03T14:27:25.661+0000] {logging_mixin.py:154} INFO - [2023-12-03T14:27:25.661+0000] {dagbag.py:536} INFO - Filling up the DagBag from /home/airflow/.local/lib/python3.8/site-packages/airflow/example_dags/example_nested_branch_dag.py
[2023-12-03T14:27:25.670+0000] {processor.py:839} INFO - DAG(s) dict_keys(['example_nested_branch_dag']) retrieved from /home/airflow/.local/lib/python3.8/site-packages/airflow/example_dags/example_nested_branch_dag.py
[2023-12-03T14:27:25.691+0000] {logging_mixin.py:154} INFO - [2023-12-03T14:27:25.690+0000] {dag.py:2941} INFO - Sync 1 DAGs
[2023-12-03T14:27:25.706+0000] {logging_mixin.py:154} INFO - [2023-12-03T14:27:25.705+0000] {dag.py:3722} INFO - Setting next_dagrun for example_nested_branch_dag to 2023-12-02T00:00:00+00:00, run_after=2023-12-03T00:00:00+00:00
[2023-12-03T14:27:25.719+0000] {processor.py:179} INFO - Processing /home/airflow/.local/lib/python3.8/site-packages/airflow/example_dags/example_nested_branch_dag.py took 0.064 seconds
[2023-12-03T15:18:34.118+0000] {processor.py:157} INFO - Started process (PID=3278) to work on /home/airflow/.local/lib/python3.8/site-packages/airflow/example_dags/example_nested_branch_dag.py
[2023-12-03T15:18:34.119+0000] {processor.py:829} INFO - Processing file /home/airflow/.local/lib/python3.8/site-packages/airflow/example_dags/example_nested_branch_dag.py for tasks to queue
[2023-12-03T15:18:34.121+0000] {logging_mixin.py:154} INFO - [2023-12-03T15:18:34.121+0000] {dagbag.py:536} INFO - Filling up the DagBag from /home/airflow/.local/lib/python3.8/site-packages/airflow/example_dags/example_nested_branch_dag.py
[2023-12-03T15:18:34.128+0000] {processor.py:839} INFO - DAG(s) dict_keys(['example_nested_branch_dag']) retrieved from /home/airflow/.local/lib/python3.8/site-packages/airflow/example_dags/example_nested_branch_dag.py
[2023-12-03T15:18:34.143+0000] {logging_mixin.py:154} INFO - [2023-12-03T15:18:34.143+0000] {dag.py:2941} INFO - Sync 1 DAGs
[2023-12-03T15:18:34.157+0000] {logging_mixin.py:154} INFO - [2023-12-03T15:18:34.157+0000] {dag.py:3722} INFO - Setting next_dagrun for example_nested_branch_dag to 2023-12-02T00:00:00+00:00, run_after=2023-12-03T00:00:00+00:00
[2023-12-03T15:18:34.167+0000] {processor.py:179} INFO - Processing /home/airflow/.local/lib/python3.8/site-packages/airflow/example_dags/example_nested_branch_dag.py took 0.052 seconds
[2023-12-03T16:07:34.339+0000] {processor.py:157} INFO - Started process (PID=3336) to work on /home/airflow/.local/lib/python3.8/site-packages/airflow/example_dags/example_nested_branch_dag.py
[2023-12-03T16:07:34.340+0000] {processor.py:829} INFO - Processing file /home/airflow/.local/lib/python3.8/site-packages/airflow/example_dags/example_nested_branch_dag.py for tasks to queue
[2023-12-03T16:07:34.342+0000] {logging_mixin.py:154} INFO - [2023-12-03T16:07:34.342+0000] {dagbag.py:536} INFO - Filling up the DagBag from /home/airflow/.local/lib/python3.8/site-packages/airflow/example_dags/example_nested_branch_dag.py
[2023-12-03T16:07:34.351+0000] {processor.py:839} INFO - DAG(s) dict_keys(['example_nested_branch_dag']) retrieved from /home/airflow/.local/lib/python3.8/site-packages/airflow/example_dags/example_nested_branch_dag.py
[2023-12-03T16:07:34.368+0000] {logging_mixin.py:154} INFO - [2023-12-03T16:07:34.368+0000] {dag.py:2941} INFO - Sync 1 DAGs
[2023-12-03T16:07:34.387+0000] {logging_mixin.py:154} INFO - [2023-12-03T16:07:34.386+0000] {dag.py:3722} INFO - Setting next_dagrun for example_nested_branch_dag to 2023-12-02T00:00:00+00:00, run_after=2023-12-03T00:00:00+00:00
[2023-12-03T16:07:34.401+0000] {processor.py:179} INFO - Processing /home/airflow/.local/lib/python3.8/site-packages/airflow/example_dags/example_nested_branch_dag.py took 0.066 seconds
[2023-12-03T16:58:05.270+0000] {processor.py:157} INFO - Started process (PID=3394) to work on /home/airflow/.local/lib/python3.8/site-packages/airflow/example_dags/example_nested_branch_dag.py
[2023-12-03T16:58:05.271+0000] {processor.py:829} INFO - Processing file /home/airflow/.local/lib/python3.8/site-packages/airflow/example_dags/example_nested_branch_dag.py for tasks to queue
[2023-12-03T16:58:05.274+0000] {logging_mixin.py:154} INFO - [2023-12-03T16:58:05.274+0000] {dagbag.py:536} INFO - Filling up the DagBag from /home/airflow/.local/lib/python3.8/site-packages/airflow/example_dags/example_nested_branch_dag.py
[2023-12-03T16:58:05.284+0000] {processor.py:839} INFO - DAG(s) dict_keys(['example_nested_branch_dag']) retrieved from /home/airflow/.local/lib/python3.8/site-packages/airflow/example_dags/example_nested_branch_dag.py
[2023-12-03T16:58:05.303+0000] {logging_mixin.py:154} INFO - [2023-12-03T16:58:05.303+0000] {dag.py:2941} INFO - Sync 1 DAGs
[2023-12-03T16:58:05.319+0000] {logging_mixin.py:154} INFO - [2023-12-03T16:58:05.318+0000] {dag.py:3722} INFO - Setting next_dagrun for example_nested_branch_dag to 2023-12-02T00:00:00+00:00, run_after=2023-12-03T00:00:00+00:00
[2023-12-03T16:58:05.331+0000] {processor.py:179} INFO - Processing /home/airflow/.local/lib/python3.8/site-packages/airflow/example_dags/example_nested_branch_dag.py took 0.064 seconds
[2023-12-03T17:46:23.515+0000] {processor.py:157} INFO - Started process (PID=3452) to work on /home/airflow/.local/lib/python3.8/site-packages/airflow/example_dags/example_nested_branch_dag.py
[2023-12-03T17:46:23.516+0000] {processor.py:829} INFO - Processing file /home/airflow/.local/lib/python3.8/site-packages/airflow/example_dags/example_nested_branch_dag.py for tasks to queue
[2023-12-03T17:46:23.518+0000] {logging_mixin.py:154} INFO - [2023-12-03T17:46:23.517+0000] {dagbag.py:536} INFO - Filling up the DagBag from /home/airflow/.local/lib/python3.8/site-packages/airflow/example_dags/example_nested_branch_dag.py
[2023-12-03T17:46:23.525+0000] {processor.py:839} INFO - DAG(s) dict_keys(['example_nested_branch_dag']) retrieved from /home/airflow/.local/lib/python3.8/site-packages/airflow/example_dags/example_nested_branch_dag.py
[2023-12-03T17:46:23.540+0000] {logging_mixin.py:154} INFO - [2023-12-03T17:46:23.539+0000] {dag.py:2941} INFO - Sync 1 DAGs
[2023-12-03T17:46:23.554+0000] {logging_mixin.py:154} INFO - [2023-12-03T17:46:23.554+0000] {dag.py:3722} INFO - Setting next_dagrun for example_nested_branch_dag to 2023-12-02T00:00:00+00:00, run_after=2023-12-03T00:00:00+00:00
[2023-12-03T17:46:23.564+0000] {processor.py:179} INFO - Processing /home/airflow/.local/lib/python3.8/site-packages/airflow/example_dags/example_nested_branch_dag.py took 0.052 seconds
[2023-12-03T18:33:43.121+0000] {processor.py:157} INFO - Started process (PID=3510) to work on /home/airflow/.local/lib/python3.8/site-packages/airflow/example_dags/example_nested_branch_dag.py
[2023-12-03T18:33:43.122+0000] {processor.py:829} INFO - Processing file /home/airflow/.local/lib/python3.8/site-packages/airflow/example_dags/example_nested_branch_dag.py for tasks to queue
[2023-12-03T18:33:43.125+0000] {logging_mixin.py:154} INFO - [2023-12-03T18:33:43.125+0000] {dagbag.py:536} INFO - Filling up the DagBag from /home/airflow/.local/lib/python3.8/site-packages/airflow/example_dags/example_nested_branch_dag.py
[2023-12-03T18:33:43.135+0000] {processor.py:839} INFO - DAG(s) dict_keys(['example_nested_branch_dag']) retrieved from /home/airflow/.local/lib/python3.8/site-packages/airflow/example_dags/example_nested_branch_dag.py
[2023-12-03T18:33:43.167+0000] {logging_mixin.py:154} INFO - [2023-12-03T18:33:43.164+0000] {dag.py:2941} INFO - Sync 1 DAGs
[2023-12-03T18:33:43.260+0000] {logging_mixin.py:154} INFO - [2023-12-03T18:33:43.259+0000] {dag.py:3722} INFO - Setting next_dagrun for example_nested_branch_dag to 2023-12-02T00:00:00+00:00, run_after=2023-12-03T00:00:00+00:00
[2023-12-03T18:33:43.387+0000] {processor.py:179} INFO - Processing /home/airflow/.local/lib/python3.8/site-packages/airflow/example_dags/example_nested_branch_dag.py took 0.270 seconds
[2023-12-03T19:06:27.861+0000] {processor.py:157} INFO - Started process (PID=3568) to work on /home/airflow/.local/lib/python3.8/site-packages/airflow/example_dags/example_nested_branch_dag.py
[2023-12-03T19:06:27.861+0000] {processor.py:829} INFO - Processing file /home/airflow/.local/lib/python3.8/site-packages/airflow/example_dags/example_nested_branch_dag.py for tasks to queue
[2023-12-03T19:06:27.863+0000] {logging_mixin.py:154} INFO - [2023-12-03T19:06:27.863+0000] {dagbag.py:536} INFO - Filling up the DagBag from /home/airflow/.local/lib/python3.8/site-packages/airflow/example_dags/example_nested_branch_dag.py
[2023-12-03T19:06:27.872+0000] {processor.py:839} INFO - DAG(s) dict_keys(['example_nested_branch_dag']) retrieved from /home/airflow/.local/lib/python3.8/site-packages/airflow/example_dags/example_nested_branch_dag.py
[2023-12-03T19:06:27.888+0000] {logging_mixin.py:154} INFO - [2023-12-03T19:06:27.888+0000] {dag.py:2941} INFO - Sync 1 DAGs
[2023-12-03T19:06:27.904+0000] {logging_mixin.py:154} INFO - [2023-12-03T19:06:27.904+0000] {dag.py:3722} INFO - Setting next_dagrun for example_nested_branch_dag to 2023-12-02T00:00:00+00:00, run_after=2023-12-03T00:00:00+00:00
[2023-12-03T19:06:27.923+0000] {processor.py:179} INFO - Processing /home/airflow/.local/lib/python3.8/site-packages/airflow/example_dags/example_nested_branch_dag.py took 0.066 seconds
[2023-12-03T19:22:02.758+0000] {processor.py:157} INFO - Started process (PID=3625) to work on /home/airflow/.local/lib/python3.8/site-packages/airflow/example_dags/example_nested_branch_dag.py
[2023-12-03T19:22:02.760+0000] {processor.py:829} INFO - Processing file /home/airflow/.local/lib/python3.8/site-packages/airflow/example_dags/example_nested_branch_dag.py for tasks to queue
[2023-12-03T19:22:02.763+0000] {logging_mixin.py:154} INFO - [2023-12-03T19:22:02.763+0000] {dagbag.py:536} INFO - Filling up the DagBag from /home/airflow/.local/lib/python3.8/site-packages/airflow/example_dags/example_nested_branch_dag.py
[2023-12-03T19:22:02.774+0000] {processor.py:839} INFO - DAG(s) dict_keys(['example_nested_branch_dag']) retrieved from /home/airflow/.local/lib/python3.8/site-packages/airflow/example_dags/example_nested_branch_dag.py
[2023-12-03T19:22:02.800+0000] {logging_mixin.py:154} INFO - [2023-12-03T19:22:02.800+0000] {dag.py:2941} INFO - Sync 1 DAGs
[2023-12-03T19:22:02.822+0000] {logging_mixin.py:154} INFO - [2023-12-03T19:22:02.822+0000] {dag.py:3722} INFO - Setting next_dagrun for example_nested_branch_dag to 2023-12-02T00:00:00+00:00, run_after=2023-12-03T00:00:00+00:00
[2023-12-03T19:22:02.845+0000] {processor.py:179} INFO - Processing /home/airflow/.local/lib/python3.8/site-packages/airflow/example_dags/example_nested_branch_dag.py took 0.090 seconds
[2023-12-03T20:11:34.988+0000] {processor.py:157} INFO - Started process (PID=3683) to work on /home/airflow/.local/lib/python3.8/site-packages/airflow/example_dags/example_nested_branch_dag.py
[2023-12-03T20:11:34.990+0000] {processor.py:829} INFO - Processing file /home/airflow/.local/lib/python3.8/site-packages/airflow/example_dags/example_nested_branch_dag.py for tasks to queue
[2023-12-03T20:11:34.995+0000] {logging_mixin.py:154} INFO - [2023-12-03T20:11:34.995+0000] {dagbag.py:536} INFO - Filling up the DagBag from /home/airflow/.local/lib/python3.8/site-packages/airflow/example_dags/example_nested_branch_dag.py
[2023-12-03T20:11:35.009+0000] {processor.py:839} INFO - DAG(s) dict_keys(['example_nested_branch_dag']) retrieved from /home/airflow/.local/lib/python3.8/site-packages/airflow/example_dags/example_nested_branch_dag.py
[2023-12-03T20:11:35.035+0000] {logging_mixin.py:154} INFO - [2023-12-03T20:11:35.035+0000] {dag.py:2941} INFO - Sync 1 DAGs
[2023-12-03T20:11:35.056+0000] {logging_mixin.py:154} INFO - [2023-12-03T20:11:35.056+0000] {dag.py:3722} INFO - Setting next_dagrun for example_nested_branch_dag to 2023-12-02T00:00:00+00:00, run_after=2023-12-03T00:00:00+00:00
[2023-12-03T20:11:35.077+0000] {processor.py:179} INFO - Processing /home/airflow/.local/lib/python3.8/site-packages/airflow/example_dags/example_nested_branch_dag.py took 0.092 seconds
[2023-12-03T21:36:34.991+0000] {processor.py:157} INFO - Started process (PID=3741) to work on /home/airflow/.local/lib/python3.8/site-packages/airflow/example_dags/example_nested_branch_dag.py
[2023-12-03T21:36:34.992+0000] {processor.py:829} INFO - Processing file /home/airflow/.local/lib/python3.8/site-packages/airflow/example_dags/example_nested_branch_dag.py for tasks to queue
[2023-12-03T21:36:34.996+0000] {logging_mixin.py:154} INFO - [2023-12-03T21:36:34.996+0000] {dagbag.py:536} INFO - Filling up the DagBag from /home/airflow/.local/lib/python3.8/site-packages/airflow/example_dags/example_nested_branch_dag.py
[2023-12-03T21:36:35.003+0000] {processor.py:839} INFO - DAG(s) dict_keys(['example_nested_branch_dag']) retrieved from /home/airflow/.local/lib/python3.8/site-packages/airflow/example_dags/example_nested_branch_dag.py
[2023-12-03T21:36:35.018+0000] {logging_mixin.py:154} INFO - [2023-12-03T21:36:35.017+0000] {dag.py:2941} INFO - Sync 1 DAGs
[2023-12-03T21:36:35.032+0000] {logging_mixin.py:154} INFO - [2023-12-03T21:36:35.032+0000] {dag.py:3722} INFO - Setting next_dagrun for example_nested_branch_dag to 2023-12-02T00:00:00+00:00, run_after=2023-12-03T00:00:00+00:00
[2023-12-03T21:36:35.042+0000] {processor.py:179} INFO - Processing /home/airflow/.local/lib/python3.8/site-packages/airflow/example_dags/example_nested_branch_dag.py took 0.053 seconds
[2023-12-03T22:57:32.534+0000] {processor.py:157} INFO - Started process (PID=3799) to work on /home/airflow/.local/lib/python3.8/site-packages/airflow/example_dags/example_nested_branch_dag.py
[2023-12-03T22:57:32.535+0000] {processor.py:829} INFO - Processing file /home/airflow/.local/lib/python3.8/site-packages/airflow/example_dags/example_nested_branch_dag.py for tasks to queue
[2023-12-03T22:57:32.537+0000] {logging_mixin.py:154} INFO - [2023-12-03T22:57:32.537+0000] {dagbag.py:536} INFO - Filling up the DagBag from /home/airflow/.local/lib/python3.8/site-packages/airflow/example_dags/example_nested_branch_dag.py
[2023-12-03T22:57:32.546+0000] {processor.py:839} INFO - DAG(s) dict_keys(['example_nested_branch_dag']) retrieved from /home/airflow/.local/lib/python3.8/site-packages/airflow/example_dags/example_nested_branch_dag.py
[2023-12-03T22:57:32.564+0000] {logging_mixin.py:154} INFO - [2023-12-03T22:57:32.564+0000] {dag.py:2941} INFO - Sync 1 DAGs
[2023-12-03T22:57:32.583+0000] {logging_mixin.py:154} INFO - [2023-12-03T22:57:32.582+0000] {dag.py:3722} INFO - Setting next_dagrun for example_nested_branch_dag to 2023-12-02T00:00:00+00:00, run_after=2023-12-03T00:00:00+00:00
[2023-12-03T22:57:32.596+0000] {processor.py:179} INFO - Processing /home/airflow/.local/lib/python3.8/site-packages/airflow/example_dags/example_nested_branch_dag.py took 0.066 seconds
[2023-12-03T23:13:11.383+0000] {processor.py:157} INFO - Started process (PID=3850) to work on /home/airflow/.local/lib/python3.8/site-packages/airflow/example_dags/example_nested_branch_dag.py
[2023-12-03T23:13:11.385+0000] {processor.py:829} INFO - Processing file /home/airflow/.local/lib/python3.8/site-packages/airflow/example_dags/example_nested_branch_dag.py for tasks to queue
[2023-12-03T23:13:11.387+0000] {logging_mixin.py:154} INFO - [2023-12-03T23:13:11.387+0000] {dagbag.py:536} INFO - Filling up the DagBag from /home/airflow/.local/lib/python3.8/site-packages/airflow/example_dags/example_nested_branch_dag.py
[2023-12-03T23:13:11.396+0000] {processor.py:839} INFO - DAG(s) dict_keys(['example_nested_branch_dag']) retrieved from /home/airflow/.local/lib/python3.8/site-packages/airflow/example_dags/example_nested_branch_dag.py
[2023-12-03T23:13:11.415+0000] {logging_mixin.py:154} INFO - [2023-12-03T23:13:11.415+0000] {dag.py:2941} INFO - Sync 1 DAGs
[2023-12-03T23:13:11.437+0000] {logging_mixin.py:154} INFO - [2023-12-03T23:13:11.437+0000] {dag.py:3722} INFO - Setting next_dagrun for example_nested_branch_dag to 2023-12-02T00:00:00+00:00, run_after=2023-12-03T00:00:00+00:00
[2023-12-03T23:13:11.450+0000] {processor.py:179} INFO - Processing /home/airflow/.local/lib/python3.8/site-packages/airflow/example_dags/example_nested_branch_dag.py took 0.070 seconds
[2023-12-03T23:22:19.828+0000] {processor.py:157} INFO - Started process (PID=3908) to work on /home/airflow/.local/lib/python3.8/site-packages/airflow/example_dags/example_nested_branch_dag.py
[2023-12-03T23:22:19.829+0000] {processor.py:829} INFO - Processing file /home/airflow/.local/lib/python3.8/site-packages/airflow/example_dags/example_nested_branch_dag.py for tasks to queue
[2023-12-03T23:22:19.831+0000] {logging_mixin.py:154} INFO - [2023-12-03T23:22:19.831+0000] {dagbag.py:536} INFO - Filling up the DagBag from /home/airflow/.local/lib/python3.8/site-packages/airflow/example_dags/example_nested_branch_dag.py
[2023-12-03T23:22:19.840+0000] {processor.py:839} INFO - DAG(s) dict_keys(['example_nested_branch_dag']) retrieved from /home/airflow/.local/lib/python3.8/site-packages/airflow/example_dags/example_nested_branch_dag.py
[2023-12-03T23:22:19.859+0000] {logging_mixin.py:154} INFO - [2023-12-03T23:22:19.859+0000] {dag.py:2941} INFO - Sync 1 DAGs
[2023-12-03T23:22:19.878+0000] {logging_mixin.py:154} INFO - [2023-12-03T23:22:19.878+0000] {dag.py:3722} INFO - Setting next_dagrun for example_nested_branch_dag to 2023-12-02T00:00:00+00:00, run_after=2023-12-03T00:00:00+00:00
[2023-12-03T23:22:19.893+0000] {processor.py:179} INFO - Processing /home/airflow/.local/lib/python3.8/site-packages/airflow/example_dags/example_nested_branch_dag.py took 0.068 seconds
