[2023-12-03T09:43:24.031+0000] {processor.py:157} INFO - Started process (PID=63) to work on /home/airflow/.local/lib/python3.8/site-packages/airflow/example_dags/example_short_circuit_operator.py
[2023-12-03T09:43:24.033+0000] {processor.py:829} INFO - Processing file /home/airflow/.local/lib/python3.8/site-packages/airflow/example_dags/example_short_circuit_operator.py for tasks to queue
[2023-12-03T09:43:24.036+0000] {logging_mixin.py:154} INFO - [2023-12-03T09:43:24.035+0000] {dagbag.py:536} INFO - Filling up the DagBag from /home/airflow/.local/lib/python3.8/site-packages/airflow/example_dags/example_short_circuit_operator.py
[2023-12-03T09:43:24.050+0000] {processor.py:839} INFO - DAG(s) dict_keys(['example_short_circuit_operator']) retrieved from /home/airflow/.local/lib/python3.8/site-packages/airflow/example_dags/example_short_circuit_operator.py
[2023-12-03T09:43:24.063+0000] {logging_mixin.py:154} INFO - [2023-12-03T09:43:24.063+0000] {dag.py:2941} INFO - Sync 1 DAGs
[2023-12-03T09:43:24.093+0000] {logging_mixin.py:154} INFO - [2023-12-03T09:43:24.093+0000] {dag.py:3722} INFO - Setting next_dagrun for example_short_circuit_operator to 2023-12-02T09:43:24.092863+00:00, run_after=2023-12-03T09:43:24.092863+00:00
[2023-12-03T09:43:24.120+0000] {processor.py:179} INFO - Processing /home/airflow/.local/lib/python3.8/site-packages/airflow/example_dags/example_short_circuit_operator.py took 0.093 seconds
[2023-12-03T09:43:54.531+0000] {processor.py:157} INFO - Started process (PID=121) to work on /home/airflow/.local/lib/python3.8/site-packages/airflow/example_dags/example_short_circuit_operator.py
[2023-12-03T09:43:54.532+0000] {processor.py:829} INFO - Processing file /home/airflow/.local/lib/python3.8/site-packages/airflow/example_dags/example_short_circuit_operator.py for tasks to queue
[2023-12-03T09:43:54.534+0000] {logging_mixin.py:154} INFO - [2023-12-03T09:43:54.534+0000] {dagbag.py:536} INFO - Filling up the DagBag from /home/airflow/.local/lib/python3.8/site-packages/airflow/example_dags/example_short_circuit_operator.py
[2023-12-03T09:43:54.542+0000] {processor.py:839} INFO - DAG(s) dict_keys(['example_short_circuit_operator']) retrieved from /home/airflow/.local/lib/python3.8/site-packages/airflow/example_dags/example_short_circuit_operator.py
[2023-12-03T09:43:54.563+0000] {logging_mixin.py:154} INFO - [2023-12-03T09:43:54.562+0000] {dag.py:2941} INFO - Sync 1 DAGs
[2023-12-03T09:43:54.585+0000] {logging_mixin.py:154} INFO - [2023-12-03T09:43:54.585+0000] {dag.py:3722} INFO - Setting next_dagrun for example_short_circuit_operator to 2023-12-02T09:43:54.584844+00:00, run_after=2023-12-03T09:43:54.584844+00:00
[2023-12-03T09:43:54.602+0000] {processor.py:179} INFO - Processing /home/airflow/.local/lib/python3.8/site-packages/airflow/example_dags/example_short_circuit_operator.py took 0.075 seconds
[2023-12-03T09:44:25.496+0000] {processor.py:157} INFO - Started process (PID=178) to work on /home/airflow/.local/lib/python3.8/site-packages/airflow/example_dags/example_short_circuit_operator.py
[2023-12-03T09:44:25.498+0000] {processor.py:829} INFO - Processing file /home/airflow/.local/lib/python3.8/site-packages/airflow/example_dags/example_short_circuit_operator.py for tasks to queue
[2023-12-03T09:44:25.500+0000] {logging_mixin.py:154} INFO - [2023-12-03T09:44:25.500+0000] {dagbag.py:536} INFO - Filling up the DagBag from /home/airflow/.local/lib/python3.8/site-packages/airflow/example_dags/example_short_circuit_operator.py
[2023-12-03T09:44:25.507+0000] {processor.py:839} INFO - DAG(s) dict_keys(['example_short_circuit_operator']) retrieved from /home/airflow/.local/lib/python3.8/site-packages/airflow/example_dags/example_short_circuit_operator.py
[2023-12-03T09:44:25.529+0000] {logging_mixin.py:154} INFO - [2023-12-03T09:44:25.529+0000] {dag.py:2941} INFO - Sync 1 DAGs
[2023-12-03T09:44:25.550+0000] {logging_mixin.py:154} INFO - [2023-12-03T09:44:25.550+0000] {dag.py:3722} INFO - Setting next_dagrun for example_short_circuit_operator to 2023-12-02T09:44:25.549947+00:00, run_after=2023-12-03T09:44:25.549947+00:00
[2023-12-03T09:44:25.568+0000] {processor.py:179} INFO - Processing /home/airflow/.local/lib/python3.8/site-packages/airflow/example_dags/example_short_circuit_operator.py took 0.075 seconds
[2023-12-03T09:44:56.570+0000] {processor.py:157} INFO - Started process (PID=236) to work on /home/airflow/.local/lib/python3.8/site-packages/airflow/example_dags/example_short_circuit_operator.py
[2023-12-03T09:44:56.572+0000] {processor.py:829} INFO - Processing file /home/airflow/.local/lib/python3.8/site-packages/airflow/example_dags/example_short_circuit_operator.py for tasks to queue
[2023-12-03T09:44:56.574+0000] {logging_mixin.py:154} INFO - [2023-12-03T09:44:56.573+0000] {dagbag.py:536} INFO - Filling up the DagBag from /home/airflow/.local/lib/python3.8/site-packages/airflow/example_dags/example_short_circuit_operator.py
[2023-12-03T09:44:56.581+0000] {processor.py:839} INFO - DAG(s) dict_keys(['example_short_circuit_operator']) retrieved from /home/airflow/.local/lib/python3.8/site-packages/airflow/example_dags/example_short_circuit_operator.py
[2023-12-03T09:44:56.615+0000] {logging_mixin.py:154} INFO - [2023-12-03T09:44:56.615+0000] {dag.py:2941} INFO - Sync 1 DAGs
[2023-12-03T09:44:56.643+0000] {logging_mixin.py:154} INFO - [2023-12-03T09:44:56.643+0000] {dag.py:3722} INFO - Setting next_dagrun for example_short_circuit_operator to 2023-12-02T09:44:56.643212+00:00, run_after=2023-12-03T09:44:56.643212+00:00
[2023-12-03T09:44:56.660+0000] {processor.py:179} INFO - Processing /home/airflow/.local/lib/python3.8/site-packages/airflow/example_dags/example_short_circuit_operator.py took 0.094 seconds
[2023-12-03T09:45:27.541+0000] {processor.py:157} INFO - Started process (PID=293) to work on /home/airflow/.local/lib/python3.8/site-packages/airflow/example_dags/example_short_circuit_operator.py
[2023-12-03T09:45:27.542+0000] {processor.py:829} INFO - Processing file /home/airflow/.local/lib/python3.8/site-packages/airflow/example_dags/example_short_circuit_operator.py for tasks to queue
[2023-12-03T09:45:27.545+0000] {logging_mixin.py:154} INFO - [2023-12-03T09:45:27.545+0000] {dagbag.py:536} INFO - Filling up the DagBag from /home/airflow/.local/lib/python3.8/site-packages/airflow/example_dags/example_short_circuit_operator.py
[2023-12-03T09:45:27.555+0000] {processor.py:839} INFO - DAG(s) dict_keys(['example_short_circuit_operator']) retrieved from /home/airflow/.local/lib/python3.8/site-packages/airflow/example_dags/example_short_circuit_operator.py
[2023-12-03T09:45:27.586+0000] {logging_mixin.py:154} INFO - [2023-12-03T09:45:27.585+0000] {dag.py:2941} INFO - Sync 1 DAGs
[2023-12-03T09:45:27.620+0000] {logging_mixin.py:154} INFO - [2023-12-03T09:45:27.620+0000] {dag.py:3722} INFO - Setting next_dagrun for example_short_circuit_operator to 2023-12-02T09:45:27.619597+00:00, run_after=2023-12-03T09:45:27.619597+00:00
[2023-12-03T09:45:27.645+0000] {processor.py:179} INFO - Processing /home/airflow/.local/lib/python3.8/site-packages/airflow/example_dags/example_short_circuit_operator.py took 0.108 seconds
[2023-12-03T09:45:57.839+0000] {processor.py:157} INFO - Started process (PID=353) to work on /home/airflow/.local/lib/python3.8/site-packages/airflow/example_dags/example_short_circuit_operator.py
[2023-12-03T09:45:57.841+0000] {processor.py:829} INFO - Processing file /home/airflow/.local/lib/python3.8/site-packages/airflow/example_dags/example_short_circuit_operator.py for tasks to queue
[2023-12-03T09:45:57.843+0000] {logging_mixin.py:154} INFO - [2023-12-03T09:45:57.843+0000] {dagbag.py:536} INFO - Filling up the DagBag from /home/airflow/.local/lib/python3.8/site-packages/airflow/example_dags/example_short_circuit_operator.py
[2023-12-03T09:45:57.851+0000] {processor.py:839} INFO - DAG(s) dict_keys(['example_short_circuit_operator']) retrieved from /home/airflow/.local/lib/python3.8/site-packages/airflow/example_dags/example_short_circuit_operator.py
[2023-12-03T09:45:57.874+0000] {logging_mixin.py:154} INFO - [2023-12-03T09:45:57.874+0000] {dag.py:2941} INFO - Sync 1 DAGs
[2023-12-03T09:45:57.901+0000] {logging_mixin.py:154} INFO - [2023-12-03T09:45:57.901+0000] {dag.py:3722} INFO - Setting next_dagrun for example_short_circuit_operator to 2023-12-02T09:45:57.900742+00:00, run_after=2023-12-03T09:45:57.900742+00:00
[2023-12-03T09:45:57.920+0000] {processor.py:179} INFO - Processing /home/airflow/.local/lib/python3.8/site-packages/airflow/example_dags/example_short_circuit_operator.py took 0.085 seconds
[2023-12-03T09:46:28.521+0000] {processor.py:157} INFO - Started process (PID=411) to work on /home/airflow/.local/lib/python3.8/site-packages/airflow/example_dags/example_short_circuit_operator.py
[2023-12-03T09:46:28.522+0000] {processor.py:829} INFO - Processing file /home/airflow/.local/lib/python3.8/site-packages/airflow/example_dags/example_short_circuit_operator.py for tasks to queue
[2023-12-03T09:46:28.526+0000] {logging_mixin.py:154} INFO - [2023-12-03T09:46:28.525+0000] {dagbag.py:536} INFO - Filling up the DagBag from /home/airflow/.local/lib/python3.8/site-packages/airflow/example_dags/example_short_circuit_operator.py
[2023-12-03T09:46:28.537+0000] {processor.py:839} INFO - DAG(s) dict_keys(['example_short_circuit_operator']) retrieved from /home/airflow/.local/lib/python3.8/site-packages/airflow/example_dags/example_short_circuit_operator.py
[2023-12-03T09:46:28.567+0000] {logging_mixin.py:154} INFO - [2023-12-03T09:46:28.567+0000] {dag.py:2941} INFO - Sync 1 DAGs
[2023-12-03T09:46:28.597+0000] {logging_mixin.py:154} INFO - [2023-12-03T09:46:28.596+0000] {dag.py:3722} INFO - Setting next_dagrun for example_short_circuit_operator to 2023-12-02T09:46:28.596459+00:00, run_after=2023-12-03T09:46:28.596459+00:00
[2023-12-03T09:46:28.624+0000] {processor.py:179} INFO - Processing /home/airflow/.local/lib/python3.8/site-packages/airflow/example_dags/example_short_circuit_operator.py took 0.107 seconds
[2023-12-03T09:46:59.789+0000] {processor.py:157} INFO - Started process (PID=469) to work on /home/airflow/.local/lib/python3.8/site-packages/airflow/example_dags/example_short_circuit_operator.py
[2023-12-03T09:46:59.790+0000] {processor.py:829} INFO - Processing file /home/airflow/.local/lib/python3.8/site-packages/airflow/example_dags/example_short_circuit_operator.py for tasks to queue
[2023-12-03T09:46:59.794+0000] {logging_mixin.py:154} INFO - [2023-12-03T09:46:59.794+0000] {dagbag.py:536} INFO - Filling up the DagBag from /home/airflow/.local/lib/python3.8/site-packages/airflow/example_dags/example_short_circuit_operator.py
[2023-12-03T09:46:59.803+0000] {processor.py:839} INFO - DAG(s) dict_keys(['example_short_circuit_operator']) retrieved from /home/airflow/.local/lib/python3.8/site-packages/airflow/example_dags/example_short_circuit_operator.py
[2023-12-03T09:46:59.833+0000] {logging_mixin.py:154} INFO - [2023-12-03T09:46:59.833+0000] {dag.py:2941} INFO - Sync 1 DAGs
[2023-12-03T09:46:59.861+0000] {logging_mixin.py:154} INFO - [2023-12-03T09:46:59.861+0000] {dag.py:3722} INFO - Setting next_dagrun for example_short_circuit_operator to 2023-12-02T09:46:59.861366+00:00, run_after=2023-12-03T09:46:59.861366+00:00
[2023-12-03T09:46:59.889+0000] {processor.py:179} INFO - Processing /home/airflow/.local/lib/python3.8/site-packages/airflow/example_dags/example_short_circuit_operator.py took 0.103 seconds
[2023-12-03T09:47:30.517+0000] {processor.py:157} INFO - Started process (PID=527) to work on /home/airflow/.local/lib/python3.8/site-packages/airflow/example_dags/example_short_circuit_operator.py
[2023-12-03T09:47:30.518+0000] {processor.py:829} INFO - Processing file /home/airflow/.local/lib/python3.8/site-packages/airflow/example_dags/example_short_circuit_operator.py for tasks to queue
[2023-12-03T09:47:30.522+0000] {logging_mixin.py:154} INFO - [2023-12-03T09:47:30.522+0000] {dagbag.py:536} INFO - Filling up the DagBag from /home/airflow/.local/lib/python3.8/site-packages/airflow/example_dags/example_short_circuit_operator.py
[2023-12-03T09:47:30.531+0000] {processor.py:839} INFO - DAG(s) dict_keys(['example_short_circuit_operator']) retrieved from /home/airflow/.local/lib/python3.8/site-packages/airflow/example_dags/example_short_circuit_operator.py
[2023-12-03T09:47:30.553+0000] {logging_mixin.py:154} INFO - [2023-12-03T09:47:30.553+0000] {dag.py:2941} INFO - Sync 1 DAGs
[2023-12-03T09:47:30.577+0000] {logging_mixin.py:154} INFO - [2023-12-03T09:47:30.577+0000] {dag.py:3722} INFO - Setting next_dagrun for example_short_circuit_operator to 2023-12-02T09:47:30.577489+00:00, run_after=2023-12-03T09:47:30.577489+00:00
[2023-12-03T09:47:30.594+0000] {processor.py:179} INFO - Processing /home/airflow/.local/lib/python3.8/site-packages/airflow/example_dags/example_short_circuit_operator.py took 0.081 seconds
[2023-12-03T09:48:01.769+0000] {processor.py:157} INFO - Started process (PID=585) to work on /home/airflow/.local/lib/python3.8/site-packages/airflow/example_dags/example_short_circuit_operator.py
[2023-12-03T09:48:01.770+0000] {processor.py:829} INFO - Processing file /home/airflow/.local/lib/python3.8/site-packages/airflow/example_dags/example_short_circuit_operator.py for tasks to queue
[2023-12-03T09:48:01.773+0000] {logging_mixin.py:154} INFO - [2023-12-03T09:48:01.772+0000] {dagbag.py:536} INFO - Filling up the DagBag from /home/airflow/.local/lib/python3.8/site-packages/airflow/example_dags/example_short_circuit_operator.py
[2023-12-03T09:48:01.781+0000] {processor.py:839} INFO - DAG(s) dict_keys(['example_short_circuit_operator']) retrieved from /home/airflow/.local/lib/python3.8/site-packages/airflow/example_dags/example_short_circuit_operator.py
[2023-12-03T09:48:01.803+0000] {logging_mixin.py:154} INFO - [2023-12-03T09:48:01.803+0000] {dag.py:2941} INFO - Sync 1 DAGs
[2023-12-03T09:48:01.903+0000] {logging_mixin.py:154} INFO - [2023-12-03T09:48:01.902+0000] {dag.py:3722} INFO - Setting next_dagrun for example_short_circuit_operator to 2023-12-02T09:48:01.901581+00:00, run_after=2023-12-03T09:48:01.901581+00:00
[2023-12-03T09:48:02.048+0000] {processor.py:179} INFO - Processing /home/airflow/.local/lib/python3.8/site-packages/airflow/example_dags/example_short_circuit_operator.py took 0.284 seconds
[2023-12-03T09:48:32.610+0000] {processor.py:157} INFO - Started process (PID=642) to work on /home/airflow/.local/lib/python3.8/site-packages/airflow/example_dags/example_short_circuit_operator.py
[2023-12-03T09:48:32.612+0000] {processor.py:829} INFO - Processing file /home/airflow/.local/lib/python3.8/site-packages/airflow/example_dags/example_short_circuit_operator.py for tasks to queue
[2023-12-03T09:48:32.614+0000] {logging_mixin.py:154} INFO - [2023-12-03T09:48:32.614+0000] {dagbag.py:536} INFO - Filling up the DagBag from /home/airflow/.local/lib/python3.8/site-packages/airflow/example_dags/example_short_circuit_operator.py
[2023-12-03T09:48:32.621+0000] {processor.py:839} INFO - DAG(s) dict_keys(['example_short_circuit_operator']) retrieved from /home/airflow/.local/lib/python3.8/site-packages/airflow/example_dags/example_short_circuit_operator.py
[2023-12-03T09:48:32.644+0000] {logging_mixin.py:154} INFO - [2023-12-03T09:48:32.644+0000] {dag.py:2941} INFO - Sync 1 DAGs
[2023-12-03T09:48:32.664+0000] {logging_mixin.py:154} INFO - [2023-12-03T09:48:32.664+0000] {dag.py:3722} INFO - Setting next_dagrun for example_short_circuit_operator to 2023-12-02T09:48:32.664234+00:00, run_after=2023-12-03T09:48:32.664234+00:00
[2023-12-03T09:48:32.681+0000] {processor.py:179} INFO - Processing /home/airflow/.local/lib/python3.8/site-packages/airflow/example_dags/example_short_circuit_operator.py took 0.075 seconds
[2023-12-03T09:49:03.960+0000] {processor.py:157} INFO - Started process (PID=707) to work on /home/airflow/.local/lib/python3.8/site-packages/airflow/example_dags/example_short_circuit_operator.py
[2023-12-03T09:49:03.961+0000] {processor.py:829} INFO - Processing file /home/airflow/.local/lib/python3.8/site-packages/airflow/example_dags/example_short_circuit_operator.py for tasks to queue
[2023-12-03T09:49:03.964+0000] {logging_mixin.py:154} INFO - [2023-12-03T09:49:03.964+0000] {dagbag.py:536} INFO - Filling up the DagBag from /home/airflow/.local/lib/python3.8/site-packages/airflow/example_dags/example_short_circuit_operator.py
[2023-12-03T09:49:03.974+0000] {processor.py:839} INFO - DAG(s) dict_keys(['example_short_circuit_operator']) retrieved from /home/airflow/.local/lib/python3.8/site-packages/airflow/example_dags/example_short_circuit_operator.py
[2023-12-03T09:49:03.998+0000] {logging_mixin.py:154} INFO - [2023-12-03T09:49:03.998+0000] {dag.py:2941} INFO - Sync 1 DAGs
[2023-12-03T09:49:04.022+0000] {logging_mixin.py:154} INFO - [2023-12-03T09:49:04.022+0000] {dag.py:3722} INFO - Setting next_dagrun for example_short_circuit_operator to 2023-12-02T09:49:04.022443+00:00, run_after=2023-12-03T09:49:04.022443+00:00
[2023-12-03T09:49:04.194+0000] {processor.py:179} INFO - Processing /home/airflow/.local/lib/python3.8/site-packages/airflow/example_dags/example_short_circuit_operator.py took 0.237 seconds
[2023-12-03T09:49:34.978+0000] {processor.py:157} INFO - Started process (PID=765) to work on /home/airflow/.local/lib/python3.8/site-packages/airflow/example_dags/example_short_circuit_operator.py
[2023-12-03T09:49:34.979+0000] {processor.py:829} INFO - Processing file /home/airflow/.local/lib/python3.8/site-packages/airflow/example_dags/example_short_circuit_operator.py for tasks to queue
[2023-12-03T09:49:34.982+0000] {logging_mixin.py:154} INFO - [2023-12-03T09:49:34.982+0000] {dagbag.py:536} INFO - Filling up the DagBag from /home/airflow/.local/lib/python3.8/site-packages/airflow/example_dags/example_short_circuit_operator.py
[2023-12-03T09:49:34.992+0000] {processor.py:839} INFO - DAG(s) dict_keys(['example_short_circuit_operator']) retrieved from /home/airflow/.local/lib/python3.8/site-packages/airflow/example_dags/example_short_circuit_operator.py
[2023-12-03T09:49:35.022+0000] {logging_mixin.py:154} INFO - [2023-12-03T09:49:35.022+0000] {dag.py:2941} INFO - Sync 1 DAGs
[2023-12-03T09:49:35.047+0000] {logging_mixin.py:154} INFO - [2023-12-03T09:49:35.046+0000] {dag.py:3722} INFO - Setting next_dagrun for example_short_circuit_operator to 2023-12-02T09:49:35.046544+00:00, run_after=2023-12-03T09:49:35.046544+00:00
[2023-12-03T09:49:35.218+0000] {processor.py:179} INFO - Processing /home/airflow/.local/lib/python3.8/site-packages/airflow/example_dags/example_short_circuit_operator.py took 0.244 seconds
[2023-12-03T09:50:06.056+0000] {processor.py:157} INFO - Started process (PID=823) to work on /home/airflow/.local/lib/python3.8/site-packages/airflow/example_dags/example_short_circuit_operator.py
[2023-12-03T09:50:06.057+0000] {processor.py:829} INFO - Processing file /home/airflow/.local/lib/python3.8/site-packages/airflow/example_dags/example_short_circuit_operator.py for tasks to queue
[2023-12-03T09:50:06.059+0000] {logging_mixin.py:154} INFO - [2023-12-03T09:50:06.058+0000] {dagbag.py:536} INFO - Filling up the DagBag from /home/airflow/.local/lib/python3.8/site-packages/airflow/example_dags/example_short_circuit_operator.py
[2023-12-03T09:50:06.065+0000] {processor.py:839} INFO - DAG(s) dict_keys(['example_short_circuit_operator']) retrieved from /home/airflow/.local/lib/python3.8/site-packages/airflow/example_dags/example_short_circuit_operator.py
[2023-12-03T09:50:06.083+0000] {logging_mixin.py:154} INFO - [2023-12-03T09:50:06.082+0000] {dag.py:2941} INFO - Sync 1 DAGs
[2023-12-03T09:50:06.098+0000] {logging_mixin.py:154} INFO - [2023-12-03T09:50:06.098+0000] {dag.py:3722} INFO - Setting next_dagrun for example_short_circuit_operator to 2023-12-02T09:50:06.098306+00:00, run_after=2023-12-03T09:50:06.098306+00:00
[2023-12-03T09:50:06.229+0000] {processor.py:179} INFO - Processing /home/airflow/.local/lib/python3.8/site-packages/airflow/example_dags/example_short_circuit_operator.py took 0.177 seconds
[2023-12-03T09:50:37.120+0000] {processor.py:157} INFO - Started process (PID=881) to work on /home/airflow/.local/lib/python3.8/site-packages/airflow/example_dags/example_short_circuit_operator.py
[2023-12-03T09:50:37.121+0000] {processor.py:829} INFO - Processing file /home/airflow/.local/lib/python3.8/site-packages/airflow/example_dags/example_short_circuit_operator.py for tasks to queue
[2023-12-03T09:50:37.124+0000] {logging_mixin.py:154} INFO - [2023-12-03T09:50:37.124+0000] {dagbag.py:536} INFO - Filling up the DagBag from /home/airflow/.local/lib/python3.8/site-packages/airflow/example_dags/example_short_circuit_operator.py
[2023-12-03T09:50:37.134+0000] {processor.py:839} INFO - DAG(s) dict_keys(['example_short_circuit_operator']) retrieved from /home/airflow/.local/lib/python3.8/site-packages/airflow/example_dags/example_short_circuit_operator.py
[2023-12-03T09:50:37.158+0000] {logging_mixin.py:154} INFO - [2023-12-03T09:50:37.158+0000] {dag.py:2941} INFO - Sync 1 DAGs
[2023-12-03T09:50:37.177+0000] {logging_mixin.py:154} INFO - [2023-12-03T09:50:37.177+0000] {dag.py:3722} INFO - Setting next_dagrun for example_short_circuit_operator to 2023-12-02T09:50:37.177202+00:00, run_after=2023-12-03T09:50:37.177202+00:00
[2023-12-03T09:50:37.193+0000] {processor.py:179} INFO - Processing /home/airflow/.local/lib/python3.8/site-packages/airflow/example_dags/example_short_circuit_operator.py took 0.077 seconds
[2023-12-03T09:51:08.153+0000] {processor.py:157} INFO - Started process (PID=939) to work on /home/airflow/.local/lib/python3.8/site-packages/airflow/example_dags/example_short_circuit_operator.py
[2023-12-03T09:51:08.154+0000] {processor.py:829} INFO - Processing file /home/airflow/.local/lib/python3.8/site-packages/airflow/example_dags/example_short_circuit_operator.py for tasks to queue
[2023-12-03T09:51:08.156+0000] {logging_mixin.py:154} INFO - [2023-12-03T09:51:08.156+0000] {dagbag.py:536} INFO - Filling up the DagBag from /home/airflow/.local/lib/python3.8/site-packages/airflow/example_dags/example_short_circuit_operator.py
[2023-12-03T09:51:08.164+0000] {processor.py:839} INFO - DAG(s) dict_keys(['example_short_circuit_operator']) retrieved from /home/airflow/.local/lib/python3.8/site-packages/airflow/example_dags/example_short_circuit_operator.py
[2023-12-03T09:51:08.186+0000] {logging_mixin.py:154} INFO - [2023-12-03T09:51:08.186+0000] {dag.py:2941} INFO - Sync 1 DAGs
[2023-12-03T09:51:08.207+0000] {logging_mixin.py:154} INFO - [2023-12-03T09:51:08.207+0000] {dag.py:3722} INFO - Setting next_dagrun for example_short_circuit_operator to 2023-12-02T09:51:08.207076+00:00, run_after=2023-12-03T09:51:08.207076+00:00
[2023-12-03T09:51:08.223+0000] {processor.py:179} INFO - Processing /home/airflow/.local/lib/python3.8/site-packages/airflow/example_dags/example_short_circuit_operator.py took 0.074 seconds
[2023-12-03T09:51:39.082+0000] {processor.py:157} INFO - Started process (PID=997) to work on /home/airflow/.local/lib/python3.8/site-packages/airflow/example_dags/example_short_circuit_operator.py
[2023-12-03T09:51:39.083+0000] {processor.py:829} INFO - Processing file /home/airflow/.local/lib/python3.8/site-packages/airflow/example_dags/example_short_circuit_operator.py for tasks to queue
[2023-12-03T09:51:39.085+0000] {logging_mixin.py:154} INFO - [2023-12-03T09:51:39.085+0000] {dagbag.py:536} INFO - Filling up the DagBag from /home/airflow/.local/lib/python3.8/site-packages/airflow/example_dags/example_short_circuit_operator.py
[2023-12-03T09:51:39.093+0000] {processor.py:839} INFO - DAG(s) dict_keys(['example_short_circuit_operator']) retrieved from /home/airflow/.local/lib/python3.8/site-packages/airflow/example_dags/example_short_circuit_operator.py
[2023-12-03T09:51:39.116+0000] {logging_mixin.py:154} INFO - [2023-12-03T09:51:39.116+0000] {dag.py:2941} INFO - Sync 1 DAGs
[2023-12-03T09:51:39.137+0000] {logging_mixin.py:154} INFO - [2023-12-03T09:51:39.137+0000] {dag.py:3722} INFO - Setting next_dagrun for example_short_circuit_operator to 2023-12-02T09:51:39.137006+00:00, run_after=2023-12-03T09:51:39.137006+00:00
[2023-12-03T09:51:39.152+0000] {processor.py:179} INFO - Processing /home/airflow/.local/lib/python3.8/site-packages/airflow/example_dags/example_short_circuit_operator.py took 0.075 seconds
[2023-12-03T09:52:10.084+0000] {processor.py:157} INFO - Started process (PID=1055) to work on /home/airflow/.local/lib/python3.8/site-packages/airflow/example_dags/example_short_circuit_operator.py
[2023-12-03T09:52:10.086+0000] {processor.py:829} INFO - Processing file /home/airflow/.local/lib/python3.8/site-packages/airflow/example_dags/example_short_circuit_operator.py for tasks to queue
[2023-12-03T09:52:10.089+0000] {logging_mixin.py:154} INFO - [2023-12-03T09:52:10.088+0000] {dagbag.py:536} INFO - Filling up the DagBag from /home/airflow/.local/lib/python3.8/site-packages/airflow/example_dags/example_short_circuit_operator.py
[2023-12-03T09:52:10.099+0000] {processor.py:839} INFO - DAG(s) dict_keys(['example_short_circuit_operator']) retrieved from /home/airflow/.local/lib/python3.8/site-packages/airflow/example_dags/example_short_circuit_operator.py
[2023-12-03T09:52:10.130+0000] {logging_mixin.py:154} INFO - [2023-12-03T09:52:10.130+0000] {dag.py:2941} INFO - Sync 1 DAGs
[2023-12-03T09:52:10.157+0000] {logging_mixin.py:154} INFO - [2023-12-03T09:52:10.157+0000] {dag.py:3722} INFO - Setting next_dagrun for example_short_circuit_operator to 2023-12-02T09:52:10.157024+00:00, run_after=2023-12-03T09:52:10.157024+00:00
[2023-12-03T09:52:10.179+0000] {processor.py:179} INFO - Processing /home/airflow/.local/lib/python3.8/site-packages/airflow/example_dags/example_short_circuit_operator.py took 0.100 seconds
[2023-12-03T09:52:41.167+0000] {processor.py:157} INFO - Started process (PID=1113) to work on /home/airflow/.local/lib/python3.8/site-packages/airflow/example_dags/example_short_circuit_operator.py
[2023-12-03T09:52:41.169+0000] {processor.py:829} INFO - Processing file /home/airflow/.local/lib/python3.8/site-packages/airflow/example_dags/example_short_circuit_operator.py for tasks to queue
[2023-12-03T09:52:41.172+0000] {logging_mixin.py:154} INFO - [2023-12-03T09:52:41.172+0000] {dagbag.py:536} INFO - Filling up the DagBag from /home/airflow/.local/lib/python3.8/site-packages/airflow/example_dags/example_short_circuit_operator.py
[2023-12-03T09:52:41.184+0000] {processor.py:839} INFO - DAG(s) dict_keys(['example_short_circuit_operator']) retrieved from /home/airflow/.local/lib/python3.8/site-packages/airflow/example_dags/example_short_circuit_operator.py
[2023-12-03T09:52:41.215+0000] {logging_mixin.py:154} INFO - [2023-12-03T09:52:41.215+0000] {dag.py:2941} INFO - Sync 1 DAGs
[2023-12-03T09:52:41.242+0000] {logging_mixin.py:154} INFO - [2023-12-03T09:52:41.242+0000] {dag.py:3722} INFO - Setting next_dagrun for example_short_circuit_operator to 2023-12-02T09:52:41.241610+00:00, run_after=2023-12-03T09:52:41.241610+00:00
[2023-12-03T09:52:41.264+0000] {processor.py:179} INFO - Processing /home/airflow/.local/lib/python3.8/site-packages/airflow/example_dags/example_short_circuit_operator.py took 0.102 seconds
[2023-12-03T09:53:11.330+0000] {processor.py:157} INFO - Started process (PID=1169) to work on /home/airflow/.local/lib/python3.8/site-packages/airflow/example_dags/example_short_circuit_operator.py
[2023-12-03T09:53:11.331+0000] {processor.py:829} INFO - Processing file /home/airflow/.local/lib/python3.8/site-packages/airflow/example_dags/example_short_circuit_operator.py for tasks to queue
[2023-12-03T09:53:11.333+0000] {logging_mixin.py:154} INFO - [2023-12-03T09:53:11.332+0000] {dagbag.py:536} INFO - Filling up the DagBag from /home/airflow/.local/lib/python3.8/site-packages/airflow/example_dags/example_short_circuit_operator.py
[2023-12-03T09:53:11.340+0000] {processor.py:839} INFO - DAG(s) dict_keys(['example_short_circuit_operator']) retrieved from /home/airflow/.local/lib/python3.8/site-packages/airflow/example_dags/example_short_circuit_operator.py
[2023-12-03T09:53:11.361+0000] {logging_mixin.py:154} INFO - [2023-12-03T09:53:11.361+0000] {dag.py:2941} INFO - Sync 1 DAGs
[2023-12-03T09:53:11.381+0000] {logging_mixin.py:154} INFO - [2023-12-03T09:53:11.381+0000] {dag.py:3722} INFO - Setting next_dagrun for example_short_circuit_operator to 2023-12-02T09:53:11.381284+00:00, run_after=2023-12-03T09:53:11.381284+00:00
[2023-12-03T09:53:11.398+0000] {processor.py:179} INFO - Processing /home/airflow/.local/lib/python3.8/site-packages/airflow/example_dags/example_short_circuit_operator.py took 0.072 seconds
[2023-12-03T09:53:41.605+0000] {processor.py:157} INFO - Started process (PID=1227) to work on /home/airflow/.local/lib/python3.8/site-packages/airflow/example_dags/example_short_circuit_operator.py
[2023-12-03T09:53:41.607+0000] {processor.py:829} INFO - Processing file /home/airflow/.local/lib/python3.8/site-packages/airflow/example_dags/example_short_circuit_operator.py for tasks to queue
[2023-12-03T09:53:41.610+0000] {logging_mixin.py:154} INFO - [2023-12-03T09:53:41.610+0000] {dagbag.py:536} INFO - Filling up the DagBag from /home/airflow/.local/lib/python3.8/site-packages/airflow/example_dags/example_short_circuit_operator.py
[2023-12-03T09:53:41.619+0000] {processor.py:839} INFO - DAG(s) dict_keys(['example_short_circuit_operator']) retrieved from /home/airflow/.local/lib/python3.8/site-packages/airflow/example_dags/example_short_circuit_operator.py
[2023-12-03T09:53:41.648+0000] {logging_mixin.py:154} INFO - [2023-12-03T09:53:41.648+0000] {dag.py:2941} INFO - Sync 1 DAGs
[2023-12-03T09:53:41.677+0000] {logging_mixin.py:154} INFO - [2023-12-03T09:53:41.676+0000] {dag.py:3722} INFO - Setting next_dagrun for example_short_circuit_operator to 2023-12-02T09:53:41.676324+00:00, run_after=2023-12-03T09:53:41.676324+00:00
[2023-12-03T09:53:41.697+0000] {processor.py:179} INFO - Processing /home/airflow/.local/lib/python3.8/site-packages/airflow/example_dags/example_short_circuit_operator.py took 0.096 seconds
[2023-12-03T09:54:11.926+0000] {processor.py:157} INFO - Started process (PID=1285) to work on /home/airflow/.local/lib/python3.8/site-packages/airflow/example_dags/example_short_circuit_operator.py
[2023-12-03T09:54:11.927+0000] {processor.py:829} INFO - Processing file /home/airflow/.local/lib/python3.8/site-packages/airflow/example_dags/example_short_circuit_operator.py for tasks to queue
[2023-12-03T09:54:11.930+0000] {logging_mixin.py:154} INFO - [2023-12-03T09:54:11.930+0000] {dagbag.py:536} INFO - Filling up the DagBag from /home/airflow/.local/lib/python3.8/site-packages/airflow/example_dags/example_short_circuit_operator.py
[2023-12-03T09:54:11.943+0000] {processor.py:839} INFO - DAG(s) dict_keys(['example_short_circuit_operator']) retrieved from /home/airflow/.local/lib/python3.8/site-packages/airflow/example_dags/example_short_circuit_operator.py
[2023-12-03T09:54:11.974+0000] {logging_mixin.py:154} INFO - [2023-12-03T09:54:11.974+0000] {dag.py:2941} INFO - Sync 1 DAGs
[2023-12-03T09:54:12.022+0000] {logging_mixin.py:154} INFO - [2023-12-03T09:54:12.021+0000] {dag.py:3722} INFO - Setting next_dagrun for example_short_circuit_operator to 2023-12-02T09:54:12.021512+00:00, run_after=2023-12-03T09:54:12.021512+00:00
[2023-12-03T09:54:12.049+0000] {processor.py:179} INFO - Processing /home/airflow/.local/lib/python3.8/site-packages/airflow/example_dags/example_short_circuit_operator.py took 0.129 seconds
[2023-12-03T09:54:42.366+0000] {processor.py:157} INFO - Started process (PID=1343) to work on /home/airflow/.local/lib/python3.8/site-packages/airflow/example_dags/example_short_circuit_operator.py
[2023-12-03T09:54:42.367+0000] {processor.py:829} INFO - Processing file /home/airflow/.local/lib/python3.8/site-packages/airflow/example_dags/example_short_circuit_operator.py for tasks to queue
[2023-12-03T09:54:42.370+0000] {logging_mixin.py:154} INFO - [2023-12-03T09:54:42.369+0000] {dagbag.py:536} INFO - Filling up the DagBag from /home/airflow/.local/lib/python3.8/site-packages/airflow/example_dags/example_short_circuit_operator.py
[2023-12-03T09:54:42.377+0000] {processor.py:839} INFO - DAG(s) dict_keys(['example_short_circuit_operator']) retrieved from /home/airflow/.local/lib/python3.8/site-packages/airflow/example_dags/example_short_circuit_operator.py
[2023-12-03T09:54:42.399+0000] {logging_mixin.py:154} INFO - [2023-12-03T09:54:42.398+0000] {dag.py:2941} INFO - Sync 1 DAGs
[2023-12-03T09:54:42.418+0000] {logging_mixin.py:154} INFO - [2023-12-03T09:54:42.418+0000] {dag.py:3722} INFO - Setting next_dagrun for example_short_circuit_operator to 2023-12-02T09:54:42.417833+00:00, run_after=2023-12-03T09:54:42.417833+00:00
[2023-12-03T09:54:42.433+0000] {processor.py:179} INFO - Processing /home/airflow/.local/lib/python3.8/site-packages/airflow/example_dags/example_short_circuit_operator.py took 0.070 seconds
[2023-12-03T09:55:12.717+0000] {processor.py:157} INFO - Started process (PID=1401) to work on /home/airflow/.local/lib/python3.8/site-packages/airflow/example_dags/example_short_circuit_operator.py
[2023-12-03T09:55:12.718+0000] {processor.py:829} INFO - Processing file /home/airflow/.local/lib/python3.8/site-packages/airflow/example_dags/example_short_circuit_operator.py for tasks to queue
[2023-12-03T09:55:12.722+0000] {logging_mixin.py:154} INFO - [2023-12-03T09:55:12.721+0000] {dagbag.py:536} INFO - Filling up the DagBag from /home/airflow/.local/lib/python3.8/site-packages/airflow/example_dags/example_short_circuit_operator.py
[2023-12-03T09:55:12.731+0000] {processor.py:839} INFO - DAG(s) dict_keys(['example_short_circuit_operator']) retrieved from /home/airflow/.local/lib/python3.8/site-packages/airflow/example_dags/example_short_circuit_operator.py
[2023-12-03T09:55:12.754+0000] {logging_mixin.py:154} INFO - [2023-12-03T09:55:12.754+0000] {dag.py:2941} INFO - Sync 1 DAGs
[2023-12-03T09:55:12.785+0000] {logging_mixin.py:154} INFO - [2023-12-03T09:55:12.784+0000] {dag.py:3722} INFO - Setting next_dagrun for example_short_circuit_operator to 2023-12-02T09:55:12.784423+00:00, run_after=2023-12-03T09:55:12.784423+00:00
[2023-12-03T09:55:12.813+0000] {processor.py:179} INFO - Processing /home/airflow/.local/lib/python3.8/site-packages/airflow/example_dags/example_short_circuit_operator.py took 0.101 seconds
[2023-12-03T09:55:43.241+0000] {processor.py:157} INFO - Started process (PID=1460) to work on /home/airflow/.local/lib/python3.8/site-packages/airflow/example_dags/example_short_circuit_operator.py
[2023-12-03T09:55:43.242+0000] {processor.py:829} INFO - Processing file /home/airflow/.local/lib/python3.8/site-packages/airflow/example_dags/example_short_circuit_operator.py for tasks to queue
[2023-12-03T09:55:43.245+0000] {logging_mixin.py:154} INFO - [2023-12-03T09:55:43.244+0000] {dagbag.py:536} INFO - Filling up the DagBag from /home/airflow/.local/lib/python3.8/site-packages/airflow/example_dags/example_short_circuit_operator.py
[2023-12-03T09:55:43.252+0000] {processor.py:839} INFO - DAG(s) dict_keys(['example_short_circuit_operator']) retrieved from /home/airflow/.local/lib/python3.8/site-packages/airflow/example_dags/example_short_circuit_operator.py
[2023-12-03T09:55:43.274+0000] {logging_mixin.py:154} INFO - [2023-12-03T09:55:43.274+0000] {dag.py:2941} INFO - Sync 1 DAGs
[2023-12-03T09:55:43.293+0000] {logging_mixin.py:154} INFO - [2023-12-03T09:55:43.293+0000] {dag.py:3722} INFO - Setting next_dagrun for example_short_circuit_operator to 2023-12-02T09:55:43.293228+00:00, run_after=2023-12-03T09:55:43.293228+00:00
[2023-12-03T09:55:43.309+0000] {processor.py:179} INFO - Processing /home/airflow/.local/lib/python3.8/site-packages/airflow/example_dags/example_short_circuit_operator.py took 0.072 seconds
[2023-12-03T09:56:13.580+0000] {processor.py:157} INFO - Started process (PID=1522) to work on /home/airflow/.local/lib/python3.8/site-packages/airflow/example_dags/example_short_circuit_operator.py
[2023-12-03T09:56:13.581+0000] {processor.py:829} INFO - Processing file /home/airflow/.local/lib/python3.8/site-packages/airflow/example_dags/example_short_circuit_operator.py for tasks to queue
[2023-12-03T09:56:13.583+0000] {logging_mixin.py:154} INFO - [2023-12-03T09:56:13.583+0000] {dagbag.py:536} INFO - Filling up the DagBag from /home/airflow/.local/lib/python3.8/site-packages/airflow/example_dags/example_short_circuit_operator.py
[2023-12-03T09:56:13.592+0000] {processor.py:839} INFO - DAG(s) dict_keys(['example_short_circuit_operator']) retrieved from /home/airflow/.local/lib/python3.8/site-packages/airflow/example_dags/example_short_circuit_operator.py
[2023-12-03T09:56:13.613+0000] {logging_mixin.py:154} INFO - [2023-12-03T09:56:13.613+0000] {dag.py:2941} INFO - Sync 1 DAGs
[2023-12-03T09:56:13.633+0000] {logging_mixin.py:154} INFO - [2023-12-03T09:56:13.633+0000] {dag.py:3722} INFO - Setting next_dagrun for example_short_circuit_operator to 2023-12-02T09:56:13.633559+00:00, run_after=2023-12-03T09:56:13.633559+00:00
[2023-12-03T09:56:13.650+0000] {processor.py:179} INFO - Processing /home/airflow/.local/lib/python3.8/site-packages/airflow/example_dags/example_short_circuit_operator.py took 0.074 seconds
[2023-12-03T09:56:44.493+0000] {processor.py:157} INFO - Started process (PID=1580) to work on /home/airflow/.local/lib/python3.8/site-packages/airflow/example_dags/example_short_circuit_operator.py
[2023-12-03T09:56:44.494+0000] {processor.py:829} INFO - Processing file /home/airflow/.local/lib/python3.8/site-packages/airflow/example_dags/example_short_circuit_operator.py for tasks to queue
[2023-12-03T09:56:44.496+0000] {logging_mixin.py:154} INFO - [2023-12-03T09:56:44.496+0000] {dagbag.py:536} INFO - Filling up the DagBag from /home/airflow/.local/lib/python3.8/site-packages/airflow/example_dags/example_short_circuit_operator.py
[2023-12-03T09:56:44.504+0000] {processor.py:839} INFO - DAG(s) dict_keys(['example_short_circuit_operator']) retrieved from /home/airflow/.local/lib/python3.8/site-packages/airflow/example_dags/example_short_circuit_operator.py
[2023-12-03T09:56:44.524+0000] {logging_mixin.py:154} INFO - [2023-12-03T09:56:44.524+0000] {dag.py:2941} INFO - Sync 1 DAGs
[2023-12-03T09:56:44.543+0000] {logging_mixin.py:154} INFO - [2023-12-03T09:56:44.543+0000] {dag.py:3722} INFO - Setting next_dagrun for example_short_circuit_operator to 2023-12-02T09:56:44.543573+00:00, run_after=2023-12-03T09:56:44.543573+00:00
[2023-12-03T09:56:44.559+0000] {processor.py:179} INFO - Processing /home/airflow/.local/lib/python3.8/site-packages/airflow/example_dags/example_short_circuit_operator.py took 0.070 seconds
[2023-12-03T09:57:15.254+0000] {processor.py:157} INFO - Started process (PID=1638) to work on /home/airflow/.local/lib/python3.8/site-packages/airflow/example_dags/example_short_circuit_operator.py
[2023-12-03T09:57:15.255+0000] {processor.py:829} INFO - Processing file /home/airflow/.local/lib/python3.8/site-packages/airflow/example_dags/example_short_circuit_operator.py for tasks to queue
[2023-12-03T09:57:15.258+0000] {logging_mixin.py:154} INFO - [2023-12-03T09:57:15.257+0000] {dagbag.py:536} INFO - Filling up the DagBag from /home/airflow/.local/lib/python3.8/site-packages/airflow/example_dags/example_short_circuit_operator.py
[2023-12-03T09:57:15.266+0000] {processor.py:839} INFO - DAG(s) dict_keys(['example_short_circuit_operator']) retrieved from /home/airflow/.local/lib/python3.8/site-packages/airflow/example_dags/example_short_circuit_operator.py
[2023-12-03T09:57:15.287+0000] {logging_mixin.py:154} INFO - [2023-12-03T09:57:15.286+0000] {dag.py:2941} INFO - Sync 1 DAGs
[2023-12-03T09:57:15.307+0000] {logging_mixin.py:154} INFO - [2023-12-03T09:57:15.307+0000] {dag.py:3722} INFO - Setting next_dagrun for example_short_circuit_operator to 2023-12-02T09:57:15.307071+00:00, run_after=2023-12-03T09:57:15.307071+00:00
[2023-12-03T09:57:15.323+0000] {processor.py:179} INFO - Processing /home/airflow/.local/lib/python3.8/site-packages/airflow/example_dags/example_short_circuit_operator.py took 0.072 seconds
[2023-12-03T09:57:45.515+0000] {processor.py:157} INFO - Started process (PID=1698) to work on /home/airflow/.local/lib/python3.8/site-packages/airflow/example_dags/example_short_circuit_operator.py
[2023-12-03T09:57:45.516+0000] {processor.py:829} INFO - Processing file /home/airflow/.local/lib/python3.8/site-packages/airflow/example_dags/example_short_circuit_operator.py for tasks to queue
[2023-12-03T09:57:45.519+0000] {logging_mixin.py:154} INFO - [2023-12-03T09:57:45.519+0000] {dagbag.py:536} INFO - Filling up the DagBag from /home/airflow/.local/lib/python3.8/site-packages/airflow/example_dags/example_short_circuit_operator.py
[2023-12-03T09:57:45.526+0000] {processor.py:839} INFO - DAG(s) dict_keys(['example_short_circuit_operator']) retrieved from /home/airflow/.local/lib/python3.8/site-packages/airflow/example_dags/example_short_circuit_operator.py
[2023-12-03T09:57:45.549+0000] {logging_mixin.py:154} INFO - [2023-12-03T09:57:45.549+0000] {dag.py:2941} INFO - Sync 1 DAGs
[2023-12-03T09:57:45.568+0000] {logging_mixin.py:154} INFO - [2023-12-03T09:57:45.568+0000] {dag.py:3722} INFO - Setting next_dagrun for example_short_circuit_operator to 2023-12-02T09:57:45.568313+00:00, run_after=2023-12-03T09:57:45.568313+00:00
[2023-12-03T09:57:45.585+0000] {processor.py:179} INFO - Processing /home/airflow/.local/lib/python3.8/site-packages/airflow/example_dags/example_short_circuit_operator.py took 0.073 seconds
[2023-12-03T09:58:15.672+0000] {processor.py:157} INFO - Started process (PID=1756) to work on /home/airflow/.local/lib/python3.8/site-packages/airflow/example_dags/example_short_circuit_operator.py
[2023-12-03T09:58:15.673+0000] {processor.py:829} INFO - Processing file /home/airflow/.local/lib/python3.8/site-packages/airflow/example_dags/example_short_circuit_operator.py for tasks to queue
[2023-12-03T09:58:15.676+0000] {logging_mixin.py:154} INFO - [2023-12-03T09:58:15.675+0000] {dagbag.py:536} INFO - Filling up the DagBag from /home/airflow/.local/lib/python3.8/site-packages/airflow/example_dags/example_short_circuit_operator.py
[2023-12-03T09:58:15.684+0000] {processor.py:839} INFO - DAG(s) dict_keys(['example_short_circuit_operator']) retrieved from /home/airflow/.local/lib/python3.8/site-packages/airflow/example_dags/example_short_circuit_operator.py
[2023-12-03T09:58:15.705+0000] {logging_mixin.py:154} INFO - [2023-12-03T09:58:15.704+0000] {dag.py:2941} INFO - Sync 1 DAGs
[2023-12-03T09:58:15.724+0000] {logging_mixin.py:154} INFO - [2023-12-03T09:58:15.724+0000] {dag.py:3722} INFO - Setting next_dagrun for example_short_circuit_operator to 2023-12-02T09:58:15.723961+00:00, run_after=2023-12-03T09:58:15.723961+00:00
[2023-12-03T09:58:15.738+0000] {processor.py:179} INFO - Processing /home/airflow/.local/lib/python3.8/site-packages/airflow/example_dags/example_short_circuit_operator.py took 0.069 seconds
[2023-12-03T09:58:46.067+0000] {processor.py:157} INFO - Started process (PID=1813) to work on /home/airflow/.local/lib/python3.8/site-packages/airflow/example_dags/example_short_circuit_operator.py
[2023-12-03T09:58:46.068+0000] {processor.py:829} INFO - Processing file /home/airflow/.local/lib/python3.8/site-packages/airflow/example_dags/example_short_circuit_operator.py for tasks to queue
[2023-12-03T09:58:46.070+0000] {logging_mixin.py:154} INFO - [2023-12-03T09:58:46.070+0000] {dagbag.py:536} INFO - Filling up the DagBag from /home/airflow/.local/lib/python3.8/site-packages/airflow/example_dags/example_short_circuit_operator.py
[2023-12-03T09:58:46.079+0000] {processor.py:839} INFO - DAG(s) dict_keys(['example_short_circuit_operator']) retrieved from /home/airflow/.local/lib/python3.8/site-packages/airflow/example_dags/example_short_circuit_operator.py
[2023-12-03T09:58:46.101+0000] {logging_mixin.py:154} INFO - [2023-12-03T09:58:46.101+0000] {dag.py:2941} INFO - Sync 1 DAGs
[2023-12-03T09:58:46.121+0000] {logging_mixin.py:154} INFO - [2023-12-03T09:58:46.121+0000] {dag.py:3722} INFO - Setting next_dagrun for example_short_circuit_operator to 2023-12-02T09:58:46.121450+00:00, run_after=2023-12-03T09:58:46.121450+00:00
[2023-12-03T09:58:46.139+0000] {processor.py:179} INFO - Processing /home/airflow/.local/lib/python3.8/site-packages/airflow/example_dags/example_short_circuit_operator.py took 0.075 seconds
[2023-12-03T09:59:16.716+0000] {processor.py:157} INFO - Started process (PID=1871) to work on /home/airflow/.local/lib/python3.8/site-packages/airflow/example_dags/example_short_circuit_operator.py
[2023-12-03T09:59:16.717+0000] {processor.py:829} INFO - Processing file /home/airflow/.local/lib/python3.8/site-packages/airflow/example_dags/example_short_circuit_operator.py for tasks to queue
[2023-12-03T09:59:16.720+0000] {logging_mixin.py:154} INFO - [2023-12-03T09:59:16.719+0000] {dagbag.py:536} INFO - Filling up the DagBag from /home/airflow/.local/lib/python3.8/site-packages/airflow/example_dags/example_short_circuit_operator.py
[2023-12-03T09:59:16.728+0000] {processor.py:839} INFO - DAG(s) dict_keys(['example_short_circuit_operator']) retrieved from /home/airflow/.local/lib/python3.8/site-packages/airflow/example_dags/example_short_circuit_operator.py
[2023-12-03T09:59:16.750+0000] {logging_mixin.py:154} INFO - [2023-12-03T09:59:16.750+0000] {dag.py:2941} INFO - Sync 1 DAGs
[2023-12-03T09:59:16.769+0000] {logging_mixin.py:154} INFO - [2023-12-03T09:59:16.769+0000] {dag.py:3722} INFO - Setting next_dagrun for example_short_circuit_operator to 2023-12-02T09:59:16.769472+00:00, run_after=2023-12-03T09:59:16.769472+00:00
[2023-12-03T09:59:16.786+0000] {processor.py:179} INFO - Processing /home/airflow/.local/lib/python3.8/site-packages/airflow/example_dags/example_short_circuit_operator.py took 0.073 seconds
[2023-12-03T09:59:47.632+0000] {processor.py:157} INFO - Started process (PID=1930) to work on /home/airflow/.local/lib/python3.8/site-packages/airflow/example_dags/example_short_circuit_operator.py
[2023-12-03T09:59:47.633+0000] {processor.py:829} INFO - Processing file /home/airflow/.local/lib/python3.8/site-packages/airflow/example_dags/example_short_circuit_operator.py for tasks to queue
[2023-12-03T09:59:47.635+0000] {logging_mixin.py:154} INFO - [2023-12-03T09:59:47.634+0000] {dagbag.py:536} INFO - Filling up the DagBag from /home/airflow/.local/lib/python3.8/site-packages/airflow/example_dags/example_short_circuit_operator.py
[2023-12-03T09:59:47.642+0000] {processor.py:839} INFO - DAG(s) dict_keys(['example_short_circuit_operator']) retrieved from /home/airflow/.local/lib/python3.8/site-packages/airflow/example_dags/example_short_circuit_operator.py
[2023-12-03T09:59:47.662+0000] {logging_mixin.py:154} INFO - [2023-12-03T09:59:47.662+0000] {dag.py:2941} INFO - Sync 1 DAGs
[2023-12-03T09:59:47.682+0000] {logging_mixin.py:154} INFO - [2023-12-03T09:59:47.682+0000] {dag.py:3722} INFO - Setting next_dagrun for example_short_circuit_operator to 2023-12-02T09:59:47.682165+00:00, run_after=2023-12-03T09:59:47.682165+00:00
[2023-12-03T09:59:47.698+0000] {processor.py:179} INFO - Processing /home/airflow/.local/lib/python3.8/site-packages/airflow/example_dags/example_short_circuit_operator.py took 0.069 seconds
[2023-12-03T10:00:18.158+0000] {processor.py:157} INFO - Started process (PID=1992) to work on /home/airflow/.local/lib/python3.8/site-packages/airflow/example_dags/example_short_circuit_operator.py
[2023-12-03T10:00:18.160+0000] {processor.py:829} INFO - Processing file /home/airflow/.local/lib/python3.8/site-packages/airflow/example_dags/example_short_circuit_operator.py for tasks to queue
[2023-12-03T10:00:18.163+0000] {logging_mixin.py:154} INFO - [2023-12-03T10:00:18.162+0000] {dagbag.py:536} INFO - Filling up the DagBag from /home/airflow/.local/lib/python3.8/site-packages/airflow/example_dags/example_short_circuit_operator.py
[2023-12-03T10:00:18.171+0000] {processor.py:839} INFO - DAG(s) dict_keys(['example_short_circuit_operator']) retrieved from /home/airflow/.local/lib/python3.8/site-packages/airflow/example_dags/example_short_circuit_operator.py
[2023-12-03T10:00:18.190+0000] {logging_mixin.py:154} INFO - [2023-12-03T10:00:18.190+0000] {dag.py:2941} INFO - Sync 1 DAGs
[2023-12-03T10:00:18.209+0000] {logging_mixin.py:154} INFO - [2023-12-03T10:00:18.209+0000] {dag.py:3722} INFO - Setting next_dagrun for example_short_circuit_operator to 2023-12-02T10:00:18.209117+00:00, run_after=2023-12-03T10:00:18.209117+00:00
[2023-12-03T10:00:18.226+0000] {processor.py:179} INFO - Processing /home/airflow/.local/lib/python3.8/site-packages/airflow/example_dags/example_short_circuit_operator.py took 0.071 seconds
[2023-12-03T10:00:48.713+0000] {processor.py:157} INFO - Started process (PID=2050) to work on /home/airflow/.local/lib/python3.8/site-packages/airflow/example_dags/example_short_circuit_operator.py
[2023-12-03T10:00:48.714+0000] {processor.py:829} INFO - Processing file /home/airflow/.local/lib/python3.8/site-packages/airflow/example_dags/example_short_circuit_operator.py for tasks to queue
[2023-12-03T10:00:48.716+0000] {logging_mixin.py:154} INFO - [2023-12-03T10:00:48.716+0000] {dagbag.py:536} INFO - Filling up the DagBag from /home/airflow/.local/lib/python3.8/site-packages/airflow/example_dags/example_short_circuit_operator.py
[2023-12-03T10:00:48.725+0000] {processor.py:839} INFO - DAG(s) dict_keys(['example_short_circuit_operator']) retrieved from /home/airflow/.local/lib/python3.8/site-packages/airflow/example_dags/example_short_circuit_operator.py
[2023-12-03T10:00:48.745+0000] {logging_mixin.py:154} INFO - [2023-12-03T10:00:48.745+0000] {dag.py:2941} INFO - Sync 1 DAGs
[2023-12-03T10:00:48.764+0000] {logging_mixin.py:154} INFO - [2023-12-03T10:00:48.764+0000] {dag.py:3722} INFO - Setting next_dagrun for example_short_circuit_operator to 2023-12-02T10:00:48.764459+00:00, run_after=2023-12-03T10:00:48.764459+00:00
[2023-12-03T10:00:48.782+0000] {processor.py:179} INFO - Processing /home/airflow/.local/lib/python3.8/site-packages/airflow/example_dags/example_short_circuit_operator.py took 0.072 seconds
[2023-12-03T10:01:18.862+0000] {processor.py:157} INFO - Started process (PID=2108) to work on /home/airflow/.local/lib/python3.8/site-packages/airflow/example_dags/example_short_circuit_operator.py
[2023-12-03T10:01:18.863+0000] {processor.py:829} INFO - Processing file /home/airflow/.local/lib/python3.8/site-packages/airflow/example_dags/example_short_circuit_operator.py for tasks to queue
[2023-12-03T10:01:18.865+0000] {logging_mixin.py:154} INFO - [2023-12-03T10:01:18.865+0000] {dagbag.py:536} INFO - Filling up the DagBag from /home/airflow/.local/lib/python3.8/site-packages/airflow/example_dags/example_short_circuit_operator.py
[2023-12-03T10:01:18.874+0000] {processor.py:839} INFO - DAG(s) dict_keys(['example_short_circuit_operator']) retrieved from /home/airflow/.local/lib/python3.8/site-packages/airflow/example_dags/example_short_circuit_operator.py
[2023-12-03T10:01:18.895+0000] {logging_mixin.py:154} INFO - [2023-12-03T10:01:18.895+0000] {dag.py:2941} INFO - Sync 1 DAGs
[2023-12-03T10:01:18.915+0000] {logging_mixin.py:154} INFO - [2023-12-03T10:01:18.915+0000] {dag.py:3722} INFO - Setting next_dagrun for example_short_circuit_operator to 2023-12-02T10:01:18.915573+00:00, run_after=2023-12-03T10:01:18.915573+00:00
[2023-12-03T10:01:18.933+0000] {processor.py:179} INFO - Processing /home/airflow/.local/lib/python3.8/site-packages/airflow/example_dags/example_short_circuit_operator.py took 0.075 seconds
[2023-12-03T10:01:49.003+0000] {processor.py:157} INFO - Started process (PID=2166) to work on /home/airflow/.local/lib/python3.8/site-packages/airflow/example_dags/example_short_circuit_operator.py
[2023-12-03T10:01:49.005+0000] {processor.py:829} INFO - Processing file /home/airflow/.local/lib/python3.8/site-packages/airflow/example_dags/example_short_circuit_operator.py for tasks to queue
[2023-12-03T10:01:49.008+0000] {logging_mixin.py:154} INFO - [2023-12-03T10:01:49.008+0000] {dagbag.py:536} INFO - Filling up the DagBag from /home/airflow/.local/lib/python3.8/site-packages/airflow/example_dags/example_short_circuit_operator.py
[2023-12-03T10:01:49.019+0000] {processor.py:839} INFO - DAG(s) dict_keys(['example_short_circuit_operator']) retrieved from /home/airflow/.local/lib/python3.8/site-packages/airflow/example_dags/example_short_circuit_operator.py
[2023-12-03T10:01:49.046+0000] {logging_mixin.py:154} INFO - [2023-12-03T10:01:49.046+0000] {dag.py:2941} INFO - Sync 1 DAGs
[2023-12-03T10:01:49.070+0000] {logging_mixin.py:154} INFO - [2023-12-03T10:01:49.070+0000] {dag.py:3722} INFO - Setting next_dagrun for example_short_circuit_operator to 2023-12-02T10:01:49.070370+00:00, run_after=2023-12-03T10:01:49.070370+00:00
[2023-12-03T10:01:49.090+0000] {processor.py:179} INFO - Processing /home/airflow/.local/lib/python3.8/site-packages/airflow/example_dags/example_short_circuit_operator.py took 0.092 seconds
[2023-12-03T10:02:19.966+0000] {processor.py:157} INFO - Started process (PID=2224) to work on /home/airflow/.local/lib/python3.8/site-packages/airflow/example_dags/example_short_circuit_operator.py
[2023-12-03T10:02:19.968+0000] {processor.py:829} INFO - Processing file /home/airflow/.local/lib/python3.8/site-packages/airflow/example_dags/example_short_circuit_operator.py for tasks to queue
[2023-12-03T10:02:19.971+0000] {logging_mixin.py:154} INFO - [2023-12-03T10:02:19.971+0000] {dagbag.py:536} INFO - Filling up the DagBag from /home/airflow/.local/lib/python3.8/site-packages/airflow/example_dags/example_short_circuit_operator.py
[2023-12-03T10:02:19.981+0000] {processor.py:839} INFO - DAG(s) dict_keys(['example_short_circuit_operator']) retrieved from /home/airflow/.local/lib/python3.8/site-packages/airflow/example_dags/example_short_circuit_operator.py
[2023-12-03T10:02:20.009+0000] {logging_mixin.py:154} INFO - [2023-12-03T10:02:20.009+0000] {dag.py:2941} INFO - Sync 1 DAGs
[2023-12-03T10:02:20.037+0000] {logging_mixin.py:154} INFO - [2023-12-03T10:02:20.037+0000] {dag.py:3722} INFO - Setting next_dagrun for example_short_circuit_operator to 2023-12-02T10:02:20.037063+00:00, run_after=2023-12-03T10:02:20.037063+00:00
[2023-12-03T10:02:20.073+0000] {processor.py:179} INFO - Processing /home/airflow/.local/lib/python3.8/site-packages/airflow/example_dags/example_short_circuit_operator.py took 0.111 seconds
[2023-12-03T10:02:50.185+0000] {processor.py:157} INFO - Started process (PID=2282) to work on /home/airflow/.local/lib/python3.8/site-packages/airflow/example_dags/example_short_circuit_operator.py
[2023-12-03T10:02:50.186+0000] {processor.py:829} INFO - Processing file /home/airflow/.local/lib/python3.8/site-packages/airflow/example_dags/example_short_circuit_operator.py for tasks to queue
[2023-12-03T10:02:50.189+0000] {logging_mixin.py:154} INFO - [2023-12-03T10:02:50.189+0000] {dagbag.py:536} INFO - Filling up the DagBag from /home/airflow/.local/lib/python3.8/site-packages/airflow/example_dags/example_short_circuit_operator.py
[2023-12-03T10:02:50.199+0000] {processor.py:839} INFO - DAG(s) dict_keys(['example_short_circuit_operator']) retrieved from /home/airflow/.local/lib/python3.8/site-packages/airflow/example_dags/example_short_circuit_operator.py
[2023-12-03T10:02:50.227+0000] {logging_mixin.py:154} INFO - [2023-12-03T10:02:50.226+0000] {dag.py:2941} INFO - Sync 1 DAGs
[2023-12-03T10:02:50.252+0000] {logging_mixin.py:154} INFO - [2023-12-03T10:02:50.252+0000] {dag.py:3722} INFO - Setting next_dagrun for example_short_circuit_operator to 2023-12-02T10:02:50.251662+00:00, run_after=2023-12-03T10:02:50.251662+00:00
[2023-12-03T10:02:50.273+0000] {processor.py:179} INFO - Processing /home/airflow/.local/lib/python3.8/site-packages/airflow/example_dags/example_short_circuit_operator.py took 0.093 seconds
[2023-12-03T10:03:20.352+0000] {processor.py:157} INFO - Started process (PID=2340) to work on /home/airflow/.local/lib/python3.8/site-packages/airflow/example_dags/example_short_circuit_operator.py
[2023-12-03T10:03:20.353+0000] {processor.py:829} INFO - Processing file /home/airflow/.local/lib/python3.8/site-packages/airflow/example_dags/example_short_circuit_operator.py for tasks to queue
[2023-12-03T10:03:20.355+0000] {logging_mixin.py:154} INFO - [2023-12-03T10:03:20.355+0000] {dagbag.py:536} INFO - Filling up the DagBag from /home/airflow/.local/lib/python3.8/site-packages/airflow/example_dags/example_short_circuit_operator.py
[2023-12-03T10:03:20.365+0000] {processor.py:839} INFO - DAG(s) dict_keys(['example_short_circuit_operator']) retrieved from /home/airflow/.local/lib/python3.8/site-packages/airflow/example_dags/example_short_circuit_operator.py
[2023-12-03T10:03:20.387+0000] {logging_mixin.py:154} INFO - [2023-12-03T10:03:20.387+0000] {dag.py:2941} INFO - Sync 1 DAGs
[2023-12-03T10:03:20.406+0000] {logging_mixin.py:154} INFO - [2023-12-03T10:03:20.406+0000] {dag.py:3722} INFO - Setting next_dagrun for example_short_circuit_operator to 2023-12-02T10:03:20.406383+00:00, run_after=2023-12-03T10:03:20.406383+00:00
[2023-12-03T10:03:20.422+0000] {processor.py:179} INFO - Processing /home/airflow/.local/lib/python3.8/site-packages/airflow/example_dags/example_short_circuit_operator.py took 0.075 seconds
[2023-12-03T10:03:50.663+0000] {processor.py:157} INFO - Started process (PID=2398) to work on /home/airflow/.local/lib/python3.8/site-packages/airflow/example_dags/example_short_circuit_operator.py
[2023-12-03T10:03:50.664+0000] {processor.py:829} INFO - Processing file /home/airflow/.local/lib/python3.8/site-packages/airflow/example_dags/example_short_circuit_operator.py for tasks to queue
[2023-12-03T10:03:50.667+0000] {logging_mixin.py:154} INFO - [2023-12-03T10:03:50.666+0000] {dagbag.py:536} INFO - Filling up the DagBag from /home/airflow/.local/lib/python3.8/site-packages/airflow/example_dags/example_short_circuit_operator.py
[2023-12-03T10:03:50.673+0000] {processor.py:839} INFO - DAG(s) dict_keys(['example_short_circuit_operator']) retrieved from /home/airflow/.local/lib/python3.8/site-packages/airflow/example_dags/example_short_circuit_operator.py
[2023-12-03T10:03:50.694+0000] {logging_mixin.py:154} INFO - [2023-12-03T10:03:50.693+0000] {dag.py:2941} INFO - Sync 1 DAGs
[2023-12-03T10:03:50.711+0000] {logging_mixin.py:154} INFO - [2023-12-03T10:03:50.711+0000] {dag.py:3722} INFO - Setting next_dagrun for example_short_circuit_operator to 2023-12-02T10:03:50.711528+00:00, run_after=2023-12-03T10:03:50.711528+00:00
[2023-12-03T10:03:50.726+0000] {processor.py:179} INFO - Processing /home/airflow/.local/lib/python3.8/site-packages/airflow/example_dags/example_short_circuit_operator.py took 0.067 seconds
[2023-12-03T10:04:21.372+0000] {processor.py:157} INFO - Started process (PID=2456) to work on /home/airflow/.local/lib/python3.8/site-packages/airflow/example_dags/example_short_circuit_operator.py
[2023-12-03T10:04:21.373+0000] {processor.py:829} INFO - Processing file /home/airflow/.local/lib/python3.8/site-packages/airflow/example_dags/example_short_circuit_operator.py for tasks to queue
[2023-12-03T10:04:21.375+0000] {logging_mixin.py:154} INFO - [2023-12-03T10:04:21.375+0000] {dagbag.py:536} INFO - Filling up the DagBag from /home/airflow/.local/lib/python3.8/site-packages/airflow/example_dags/example_short_circuit_operator.py
[2023-12-03T10:04:21.383+0000] {processor.py:839} INFO - DAG(s) dict_keys(['example_short_circuit_operator']) retrieved from /home/airflow/.local/lib/python3.8/site-packages/airflow/example_dags/example_short_circuit_operator.py
[2023-12-03T10:04:21.403+0000] {logging_mixin.py:154} INFO - [2023-12-03T10:04:21.403+0000] {dag.py:2941} INFO - Sync 1 DAGs
[2023-12-03T10:04:21.423+0000] {logging_mixin.py:154} INFO - [2023-12-03T10:04:21.423+0000] {dag.py:3722} INFO - Setting next_dagrun for example_short_circuit_operator to 2023-12-02T10:04:21.423220+00:00, run_after=2023-12-03T10:04:21.423220+00:00
[2023-12-03T10:04:21.439+0000] {processor.py:179} INFO - Processing /home/airflow/.local/lib/python3.8/site-packages/airflow/example_dags/example_short_circuit_operator.py took 0.071 seconds
[2023-12-03T10:04:52.059+0000] {processor.py:157} INFO - Started process (PID=2514) to work on /home/airflow/.local/lib/python3.8/site-packages/airflow/example_dags/example_short_circuit_operator.py
[2023-12-03T10:04:52.060+0000] {processor.py:829} INFO - Processing file /home/airflow/.local/lib/python3.8/site-packages/airflow/example_dags/example_short_circuit_operator.py for tasks to queue
[2023-12-03T10:04:52.063+0000] {logging_mixin.py:154} INFO - [2023-12-03T10:04:52.063+0000] {dagbag.py:536} INFO - Filling up the DagBag from /home/airflow/.local/lib/python3.8/site-packages/airflow/example_dags/example_short_circuit_operator.py
[2023-12-03T10:04:52.073+0000] {processor.py:839} INFO - DAG(s) dict_keys(['example_short_circuit_operator']) retrieved from /home/airflow/.local/lib/python3.8/site-packages/airflow/example_dags/example_short_circuit_operator.py
[2023-12-03T10:04:52.101+0000] {logging_mixin.py:154} INFO - [2023-12-03T10:04:52.101+0000] {dag.py:2941} INFO - Sync 1 DAGs
[2023-12-03T10:04:52.126+0000] {logging_mixin.py:154} INFO - [2023-12-03T10:04:52.126+0000] {dag.py:3722} INFO - Setting next_dagrun for example_short_circuit_operator to 2023-12-02T10:04:52.125870+00:00, run_after=2023-12-03T10:04:52.125870+00:00
[2023-12-03T10:04:52.145+0000] {processor.py:179} INFO - Processing /home/airflow/.local/lib/python3.8/site-packages/airflow/example_dags/example_short_circuit_operator.py took 0.091 seconds
[2023-12-03T10:05:22.306+0000] {processor.py:157} INFO - Started process (PID=2572) to work on /home/airflow/.local/lib/python3.8/site-packages/airflow/example_dags/example_short_circuit_operator.py
[2023-12-03T10:05:22.307+0000] {processor.py:829} INFO - Processing file /home/airflow/.local/lib/python3.8/site-packages/airflow/example_dags/example_short_circuit_operator.py for tasks to queue
[2023-12-03T10:05:22.310+0000] {logging_mixin.py:154} INFO - [2023-12-03T10:05:22.309+0000] {dagbag.py:536} INFO - Filling up the DagBag from /home/airflow/.local/lib/python3.8/site-packages/airflow/example_dags/example_short_circuit_operator.py
[2023-12-03T10:05:22.317+0000] {processor.py:839} INFO - DAG(s) dict_keys(['example_short_circuit_operator']) retrieved from /home/airflow/.local/lib/python3.8/site-packages/airflow/example_dags/example_short_circuit_operator.py
[2023-12-03T10:05:22.337+0000] {logging_mixin.py:154} INFO - [2023-12-03T10:05:22.337+0000] {dag.py:2941} INFO - Sync 1 DAGs
[2023-12-03T10:05:22.357+0000] {logging_mixin.py:154} INFO - [2023-12-03T10:05:22.357+0000] {dag.py:3722} INFO - Setting next_dagrun for example_short_circuit_operator to 2023-12-02T10:05:22.356814+00:00, run_after=2023-12-03T10:05:22.356814+00:00
[2023-12-03T10:05:22.373+0000] {processor.py:179} INFO - Processing /home/airflow/.local/lib/python3.8/site-packages/airflow/example_dags/example_short_circuit_operator.py took 0.071 seconds
[2023-12-03T10:05:52.410+0000] {processor.py:157} INFO - Started process (PID=2629) to work on /home/airflow/.local/lib/python3.8/site-packages/airflow/example_dags/example_short_circuit_operator.py
[2023-12-03T10:05:52.411+0000] {processor.py:829} INFO - Processing file /home/airflow/.local/lib/python3.8/site-packages/airflow/example_dags/example_short_circuit_operator.py for tasks to queue
[2023-12-03T10:05:52.414+0000] {logging_mixin.py:154} INFO - [2023-12-03T10:05:52.413+0000] {dagbag.py:536} INFO - Filling up the DagBag from /home/airflow/.local/lib/python3.8/site-packages/airflow/example_dags/example_short_circuit_operator.py
[2023-12-03T10:05:52.421+0000] {processor.py:839} INFO - DAG(s) dict_keys(['example_short_circuit_operator']) retrieved from /home/airflow/.local/lib/python3.8/site-packages/airflow/example_dags/example_short_circuit_operator.py
[2023-12-03T10:05:52.440+0000] {logging_mixin.py:154} INFO - [2023-12-03T10:05:52.440+0000] {dag.py:2941} INFO - Sync 1 DAGs
[2023-12-03T10:05:52.459+0000] {logging_mixin.py:154} INFO - [2023-12-03T10:05:52.459+0000] {dag.py:3722} INFO - Setting next_dagrun for example_short_circuit_operator to 2023-12-02T10:05:52.459268+00:00, run_after=2023-12-03T10:05:52.459268+00:00
[2023-12-03T10:05:52.474+0000] {processor.py:179} INFO - Processing /home/airflow/.local/lib/python3.8/site-packages/airflow/example_dags/example_short_circuit_operator.py took 0.068 seconds
[2023-12-03T10:06:22.572+0000] {processor.py:157} INFO - Started process (PID=2687) to work on /home/airflow/.local/lib/python3.8/site-packages/airflow/example_dags/example_short_circuit_operator.py
[2023-12-03T10:06:22.573+0000] {processor.py:829} INFO - Processing file /home/airflow/.local/lib/python3.8/site-packages/airflow/example_dags/example_short_circuit_operator.py for tasks to queue
[2023-12-03T10:06:22.576+0000] {logging_mixin.py:154} INFO - [2023-12-03T10:06:22.576+0000] {dagbag.py:536} INFO - Filling up the DagBag from /home/airflow/.local/lib/python3.8/site-packages/airflow/example_dags/example_short_circuit_operator.py
[2023-12-03T10:06:22.584+0000] {processor.py:839} INFO - DAG(s) dict_keys(['example_short_circuit_operator']) retrieved from /home/airflow/.local/lib/python3.8/site-packages/airflow/example_dags/example_short_circuit_operator.py
[2023-12-03T10:06:22.604+0000] {logging_mixin.py:154} INFO - [2023-12-03T10:06:22.604+0000] {dag.py:2941} INFO - Sync 1 DAGs
[2023-12-03T10:06:22.621+0000] {logging_mixin.py:154} INFO - [2023-12-03T10:06:22.621+0000] {dag.py:3722} INFO - Setting next_dagrun for example_short_circuit_operator to 2023-12-02T10:06:22.621283+00:00, run_after=2023-12-03T10:06:22.621283+00:00
[2023-12-03T10:06:22.635+0000] {processor.py:179} INFO - Processing /home/airflow/.local/lib/python3.8/site-packages/airflow/example_dags/example_short_circuit_operator.py took 0.067 seconds
[2023-12-03T10:06:53.041+0000] {processor.py:157} INFO - Started process (PID=2745) to work on /home/airflow/.local/lib/python3.8/site-packages/airflow/example_dags/example_short_circuit_operator.py
[2023-12-03T10:06:53.042+0000] {processor.py:829} INFO - Processing file /home/airflow/.local/lib/python3.8/site-packages/airflow/example_dags/example_short_circuit_operator.py for tasks to queue
[2023-12-03T10:06:53.045+0000] {logging_mixin.py:154} INFO - [2023-12-03T10:06:53.045+0000] {dagbag.py:536} INFO - Filling up the DagBag from /home/airflow/.local/lib/python3.8/site-packages/airflow/example_dags/example_short_circuit_operator.py
[2023-12-03T10:06:53.052+0000] {processor.py:839} INFO - DAG(s) dict_keys(['example_short_circuit_operator']) retrieved from /home/airflow/.local/lib/python3.8/site-packages/airflow/example_dags/example_short_circuit_operator.py
[2023-12-03T10:06:53.073+0000] {logging_mixin.py:154} INFO - [2023-12-03T10:06:53.072+0000] {dag.py:2941} INFO - Sync 1 DAGs
[2023-12-03T10:06:53.091+0000] {logging_mixin.py:154} INFO - [2023-12-03T10:06:53.091+0000] {dag.py:3722} INFO - Setting next_dagrun for example_short_circuit_operator to 2023-12-02T10:06:53.091359+00:00, run_after=2023-12-03T10:06:53.091359+00:00
[2023-12-03T10:06:53.107+0000] {processor.py:179} INFO - Processing /home/airflow/.local/lib/python3.8/site-packages/airflow/example_dags/example_short_circuit_operator.py took 0.069 seconds
[2023-12-03T10:07:23.147+0000] {processor.py:157} INFO - Started process (PID=2803) to work on /home/airflow/.local/lib/python3.8/site-packages/airflow/example_dags/example_short_circuit_operator.py
[2023-12-03T10:07:23.148+0000] {processor.py:829} INFO - Processing file /home/airflow/.local/lib/python3.8/site-packages/airflow/example_dags/example_short_circuit_operator.py for tasks to queue
[2023-12-03T10:07:23.151+0000] {logging_mixin.py:154} INFO - [2023-12-03T10:07:23.150+0000] {dagbag.py:536} INFO - Filling up the DagBag from /home/airflow/.local/lib/python3.8/site-packages/airflow/example_dags/example_short_circuit_operator.py
[2023-12-03T10:07:23.158+0000] {processor.py:839} INFO - DAG(s) dict_keys(['example_short_circuit_operator']) retrieved from /home/airflow/.local/lib/python3.8/site-packages/airflow/example_dags/example_short_circuit_operator.py
[2023-12-03T10:07:23.178+0000] {logging_mixin.py:154} INFO - [2023-12-03T10:07:23.178+0000] {dag.py:2941} INFO - Sync 1 DAGs
[2023-12-03T10:07:23.197+0000] {logging_mixin.py:154} INFO - [2023-12-03T10:07:23.197+0000] {dag.py:3722} INFO - Setting next_dagrun for example_short_circuit_operator to 2023-12-02T10:07:23.197471+00:00, run_after=2023-12-03T10:07:23.197471+00:00
[2023-12-03T10:07:23.213+0000] {processor.py:179} INFO - Processing /home/airflow/.local/lib/python3.8/site-packages/airflow/example_dags/example_short_circuit_operator.py took 0.069 seconds
[2023-12-03T10:07:53.663+0000] {processor.py:157} INFO - Started process (PID=2861) to work on /home/airflow/.local/lib/python3.8/site-packages/airflow/example_dags/example_short_circuit_operator.py
[2023-12-03T10:07:53.664+0000] {processor.py:829} INFO - Processing file /home/airflow/.local/lib/python3.8/site-packages/airflow/example_dags/example_short_circuit_operator.py for tasks to queue
[2023-12-03T10:07:53.667+0000] {logging_mixin.py:154} INFO - [2023-12-03T10:07:53.667+0000] {dagbag.py:536} INFO - Filling up the DagBag from /home/airflow/.local/lib/python3.8/site-packages/airflow/example_dags/example_short_circuit_operator.py
[2023-12-03T10:07:53.674+0000] {processor.py:839} INFO - DAG(s) dict_keys(['example_short_circuit_operator']) retrieved from /home/airflow/.local/lib/python3.8/site-packages/airflow/example_dags/example_short_circuit_operator.py
[2023-12-03T10:07:53.691+0000] {logging_mixin.py:154} INFO - [2023-12-03T10:07:53.691+0000] {dag.py:2941} INFO - Sync 1 DAGs
[2023-12-03T10:07:53.707+0000] {logging_mixin.py:154} INFO - [2023-12-03T10:07:53.706+0000] {dag.py:3722} INFO - Setting next_dagrun for example_short_circuit_operator to 2023-12-02T10:07:53.706712+00:00, run_after=2023-12-03T10:07:53.706712+00:00
[2023-12-03T10:07:53.718+0000] {processor.py:179} INFO - Processing /home/airflow/.local/lib/python3.8/site-packages/airflow/example_dags/example_short_circuit_operator.py took 0.059 seconds
[2023-12-03T11:28:20.358+0000] {processor.py:157} INFO - Started process (PID=2917) to work on /home/airflow/.local/lib/python3.8/site-packages/airflow/example_dags/example_short_circuit_operator.py
[2023-12-03T11:28:20.359+0000] {processor.py:829} INFO - Processing file /home/airflow/.local/lib/python3.8/site-packages/airflow/example_dags/example_short_circuit_operator.py for tasks to queue
[2023-12-03T11:28:20.361+0000] {logging_mixin.py:154} INFO - [2023-12-03T11:28:20.361+0000] {dagbag.py:536} INFO - Filling up the DagBag from /home/airflow/.local/lib/python3.8/site-packages/airflow/example_dags/example_short_circuit_operator.py
[2023-12-03T11:28:20.367+0000] {processor.py:839} INFO - DAG(s) dict_keys(['example_short_circuit_operator']) retrieved from /home/airflow/.local/lib/python3.8/site-packages/airflow/example_dags/example_short_circuit_operator.py
[2023-12-03T11:28:20.382+0000] {logging_mixin.py:154} INFO - [2023-12-03T11:28:20.382+0000] {dag.py:2941} INFO - Sync 1 DAGs
[2023-12-03T11:28:20.396+0000] {logging_mixin.py:154} INFO - [2023-12-03T11:28:20.396+0000] {dag.py:3722} INFO - Setting next_dagrun for example_short_circuit_operator to 2023-12-02T11:28:20.396253+00:00, run_after=2023-12-03T11:28:20.396253+00:00
[2023-12-03T11:28:20.407+0000] {processor.py:179} INFO - Processing /home/airflow/.local/lib/python3.8/site-packages/airflow/example_dags/example_short_circuit_operator.py took 0.052 seconds
[2023-12-03T12:09:29.917+0000] {processor.py:157} INFO - Started process (PID=2974) to work on /home/airflow/.local/lib/python3.8/site-packages/airflow/example_dags/example_short_circuit_operator.py
[2023-12-03T12:09:29.917+0000] {processor.py:829} INFO - Processing file /home/airflow/.local/lib/python3.8/site-packages/airflow/example_dags/example_short_circuit_operator.py for tasks to queue
[2023-12-03T12:09:29.920+0000] {logging_mixin.py:154} INFO - [2023-12-03T12:09:29.920+0000] {dagbag.py:536} INFO - Filling up the DagBag from /home/airflow/.local/lib/python3.8/site-packages/airflow/example_dags/example_short_circuit_operator.py
[2023-12-03T12:09:29.926+0000] {processor.py:839} INFO - DAG(s) dict_keys(['example_short_circuit_operator']) retrieved from /home/airflow/.local/lib/python3.8/site-packages/airflow/example_dags/example_short_circuit_operator.py
[2023-12-03T12:09:29.941+0000] {logging_mixin.py:154} INFO - [2023-12-03T12:09:29.941+0000] {dag.py:2941} INFO - Sync 1 DAGs
[2023-12-03T12:09:29.955+0000] {logging_mixin.py:154} INFO - [2023-12-03T12:09:29.955+0000] {dag.py:3722} INFO - Setting next_dagrun for example_short_circuit_operator to 2023-12-02T12:09:29.955345+00:00, run_after=2023-12-03T12:09:29.955345+00:00
[2023-12-03T12:09:29.966+0000] {processor.py:179} INFO - Processing /home/airflow/.local/lib/python3.8/site-packages/airflow/example_dags/example_short_circuit_operator.py took 0.052 seconds
[2023-12-03T12:27:32.130+0000] {processor.py:157} INFO - Started process (PID=3032) to work on /home/airflow/.local/lib/python3.8/site-packages/airflow/example_dags/example_short_circuit_operator.py
[2023-12-03T12:27:32.132+0000] {processor.py:829} INFO - Processing file /home/airflow/.local/lib/python3.8/site-packages/airflow/example_dags/example_short_circuit_operator.py for tasks to queue
[2023-12-03T12:27:32.136+0000] {logging_mixin.py:154} INFO - [2023-12-03T12:27:32.136+0000] {dagbag.py:536} INFO - Filling up the DagBag from /home/airflow/.local/lib/python3.8/site-packages/airflow/example_dags/example_short_circuit_operator.py
[2023-12-03T12:27:32.143+0000] {processor.py:839} INFO - DAG(s) dict_keys(['example_short_circuit_operator']) retrieved from /home/airflow/.local/lib/python3.8/site-packages/airflow/example_dags/example_short_circuit_operator.py
[2023-12-03T12:27:32.169+0000] {logging_mixin.py:154} INFO - [2023-12-03T12:27:32.169+0000] {dag.py:2941} INFO - Sync 1 DAGs
[2023-12-03T12:27:32.184+0000] {logging_mixin.py:154} INFO - [2023-12-03T12:27:32.184+0000] {dag.py:3722} INFO - Setting next_dagrun for example_short_circuit_operator to 2023-12-02T12:27:32.184567+00:00, run_after=2023-12-03T12:27:32.184567+00:00
[2023-12-03T12:27:32.206+0000] {processor.py:179} INFO - Processing /home/airflow/.local/lib/python3.8/site-packages/airflow/example_dags/example_short_circuit_operator.py took 0.079 seconds
[2023-12-03T12:44:55.568+0000] {processor.py:157} INFO - Started process (PID=3090) to work on /home/airflow/.local/lib/python3.8/site-packages/airflow/example_dags/example_short_circuit_operator.py
[2023-12-03T12:44:55.577+0000] {processor.py:829} INFO - Processing file /home/airflow/.local/lib/python3.8/site-packages/airflow/example_dags/example_short_circuit_operator.py for tasks to queue
[2023-12-03T12:44:55.581+0000] {logging_mixin.py:154} INFO - [2023-12-03T12:44:55.581+0000] {dagbag.py:536} INFO - Filling up the DagBag from /home/airflow/.local/lib/python3.8/site-packages/airflow/example_dags/example_short_circuit_operator.py
[2023-12-03T12:44:55.592+0000] {processor.py:839} INFO - DAG(s) dict_keys(['example_short_circuit_operator']) retrieved from /home/airflow/.local/lib/python3.8/site-packages/airflow/example_dags/example_short_circuit_operator.py
[2023-12-03T12:44:55.628+0000] {logging_mixin.py:154} INFO - [2023-12-03T12:44:55.628+0000] {dag.py:2941} INFO - Sync 1 DAGs
[2023-12-03T12:44:55.648+0000] {logging_mixin.py:154} INFO - [2023-12-03T12:44:55.648+0000] {dag.py:3722} INFO - Setting next_dagrun for example_short_circuit_operator to 2023-12-02T12:44:55.648285+00:00, run_after=2023-12-03T12:44:55.648285+00:00
[2023-12-03T12:44:55.660+0000] {processor.py:179} INFO - Processing /home/airflow/.local/lib/python3.8/site-packages/airflow/example_dags/example_short_circuit_operator.py took 0.096 seconds
[2023-12-03T13:35:10.947+0000] {processor.py:157} INFO - Started process (PID=3148) to work on /home/airflow/.local/lib/python3.8/site-packages/airflow/example_dags/example_short_circuit_operator.py
[2023-12-03T13:35:10.951+0000] {processor.py:829} INFO - Processing file /home/airflow/.local/lib/python3.8/site-packages/airflow/example_dags/example_short_circuit_operator.py for tasks to queue
[2023-12-03T13:35:10.953+0000] {logging_mixin.py:154} INFO - [2023-12-03T13:35:10.953+0000] {dagbag.py:536} INFO - Filling up the DagBag from /home/airflow/.local/lib/python3.8/site-packages/airflow/example_dags/example_short_circuit_operator.py
[2023-12-03T13:35:10.959+0000] {processor.py:839} INFO - DAG(s) dict_keys(['example_short_circuit_operator']) retrieved from /home/airflow/.local/lib/python3.8/site-packages/airflow/example_dags/example_short_circuit_operator.py
[2023-12-03T13:35:10.980+0000] {logging_mixin.py:154} INFO - [2023-12-03T13:35:10.980+0000] {dag.py:2941} INFO - Sync 1 DAGs
[2023-12-03T13:35:11.001+0000] {logging_mixin.py:154} INFO - [2023-12-03T13:35:11.001+0000] {dag.py:3722} INFO - Setting next_dagrun for example_short_circuit_operator to 2023-12-02T13:35:11.001504+00:00, run_after=2023-12-03T13:35:11.001504+00:00
[2023-12-03T13:35:11.016+0000] {processor.py:179} INFO - Processing /home/airflow/.local/lib/python3.8/site-packages/airflow/example_dags/example_short_circuit_operator.py took 0.074 seconds
[2023-12-03T14:27:24.783+0000] {processor.py:157} INFO - Started process (PID=3206) to work on /home/airflow/.local/lib/python3.8/site-packages/airflow/example_dags/example_short_circuit_operator.py
[2023-12-03T14:27:24.788+0000] {processor.py:829} INFO - Processing file /home/airflow/.local/lib/python3.8/site-packages/airflow/example_dags/example_short_circuit_operator.py for tasks to queue
[2023-12-03T14:27:24.811+0000] {logging_mixin.py:154} INFO - [2023-12-03T14:27:24.811+0000] {dagbag.py:536} INFO - Filling up the DagBag from /home/airflow/.local/lib/python3.8/site-packages/airflow/example_dags/example_short_circuit_operator.py
[2023-12-03T14:27:24.833+0000] {processor.py:839} INFO - DAG(s) dict_keys(['example_short_circuit_operator']) retrieved from /home/airflow/.local/lib/python3.8/site-packages/airflow/example_dags/example_short_circuit_operator.py
[2023-12-03T14:27:24.866+0000] {logging_mixin.py:154} INFO - [2023-12-03T14:27:24.865+0000] {dag.py:2941} INFO - Sync 1 DAGs
[2023-12-03T14:27:24.893+0000] {logging_mixin.py:154} INFO - [2023-12-03T14:27:24.893+0000] {dag.py:3722} INFO - Setting next_dagrun for example_short_circuit_operator to 2023-12-02T14:27:24.893280+00:00, run_after=2023-12-03T14:27:24.893280+00:00
[2023-12-03T14:27:24.908+0000] {processor.py:179} INFO - Processing /home/airflow/.local/lib/python3.8/site-packages/airflow/example_dags/example_short_circuit_operator.py took 0.130 seconds
[2023-12-03T15:18:33.414+0000] {processor.py:157} INFO - Started process (PID=3264) to work on /home/airflow/.local/lib/python3.8/site-packages/airflow/example_dags/example_short_circuit_operator.py
[2023-12-03T15:18:33.416+0000] {processor.py:829} INFO - Processing file /home/airflow/.local/lib/python3.8/site-packages/airflow/example_dags/example_short_circuit_operator.py for tasks to queue
[2023-12-03T15:18:33.419+0000] {logging_mixin.py:154} INFO - [2023-12-03T15:18:33.418+0000] {dagbag.py:536} INFO - Filling up the DagBag from /home/airflow/.local/lib/python3.8/site-packages/airflow/example_dags/example_short_circuit_operator.py
[2023-12-03T15:18:33.426+0000] {processor.py:839} INFO - DAG(s) dict_keys(['example_short_circuit_operator']) retrieved from /home/airflow/.local/lib/python3.8/site-packages/airflow/example_dags/example_short_circuit_operator.py
[2023-12-03T15:18:33.444+0000] {logging_mixin.py:154} INFO - [2023-12-03T15:18:33.444+0000] {dag.py:2941} INFO - Sync 1 DAGs
[2023-12-03T15:18:33.461+0000] {logging_mixin.py:154} INFO - [2023-12-03T15:18:33.461+0000] {dag.py:3722} INFO - Setting next_dagrun for example_short_circuit_operator to 2023-12-02T15:18:33.461487+00:00, run_after=2023-12-03T15:18:33.461487+00:00
[2023-12-03T15:18:33.478+0000] {processor.py:179} INFO - Processing /home/airflow/.local/lib/python3.8/site-packages/airflow/example_dags/example_short_circuit_operator.py took 0.067 seconds
[2023-12-03T16:07:33.571+0000] {processor.py:157} INFO - Started process (PID=3322) to work on /home/airflow/.local/lib/python3.8/site-packages/airflow/example_dags/example_short_circuit_operator.py
[2023-12-03T16:07:33.573+0000] {processor.py:829} INFO - Processing file /home/airflow/.local/lib/python3.8/site-packages/airflow/example_dags/example_short_circuit_operator.py for tasks to queue
[2023-12-03T16:07:33.575+0000] {logging_mixin.py:154} INFO - [2023-12-03T16:07:33.575+0000] {dagbag.py:536} INFO - Filling up the DagBag from /home/airflow/.local/lib/python3.8/site-packages/airflow/example_dags/example_short_circuit_operator.py
[2023-12-03T16:07:33.582+0000] {processor.py:839} INFO - DAG(s) dict_keys(['example_short_circuit_operator']) retrieved from /home/airflow/.local/lib/python3.8/site-packages/airflow/example_dags/example_short_circuit_operator.py
[2023-12-03T16:07:33.603+0000] {logging_mixin.py:154} INFO - [2023-12-03T16:07:33.603+0000] {dag.py:2941} INFO - Sync 1 DAGs
[2023-12-03T16:07:33.621+0000] {logging_mixin.py:154} INFO - [2023-12-03T16:07:33.621+0000] {dag.py:3722} INFO - Setting next_dagrun for example_short_circuit_operator to 2023-12-02T16:07:33.620984+00:00, run_after=2023-12-03T16:07:33.620984+00:00
[2023-12-03T16:07:33.640+0000] {processor.py:179} INFO - Processing /home/airflow/.local/lib/python3.8/site-packages/airflow/example_dags/example_short_circuit_operator.py took 0.072 seconds
[2023-12-03T16:58:04.581+0000] {processor.py:157} INFO - Started process (PID=3380) to work on /home/airflow/.local/lib/python3.8/site-packages/airflow/example_dags/example_short_circuit_operator.py
[2023-12-03T16:58:04.582+0000] {processor.py:829} INFO - Processing file /home/airflow/.local/lib/python3.8/site-packages/airflow/example_dags/example_short_circuit_operator.py for tasks to queue
[2023-12-03T16:58:04.584+0000] {logging_mixin.py:154} INFO - [2023-12-03T16:58:04.584+0000] {dagbag.py:536} INFO - Filling up the DagBag from /home/airflow/.local/lib/python3.8/site-packages/airflow/example_dags/example_short_circuit_operator.py
[2023-12-03T16:58:04.591+0000] {processor.py:839} INFO - DAG(s) dict_keys(['example_short_circuit_operator']) retrieved from /home/airflow/.local/lib/python3.8/site-packages/airflow/example_dags/example_short_circuit_operator.py
[2023-12-03T16:58:04.611+0000] {logging_mixin.py:154} INFO - [2023-12-03T16:58:04.611+0000] {dag.py:2941} INFO - Sync 1 DAGs
[2023-12-03T16:58:04.630+0000] {logging_mixin.py:154} INFO - [2023-12-03T16:58:04.630+0000] {dag.py:3722} INFO - Setting next_dagrun for example_short_circuit_operator to 2023-12-02T16:58:04.630077+00:00, run_after=2023-12-03T16:58:04.630077+00:00
[2023-12-03T16:58:04.643+0000] {processor.py:179} INFO - Processing /home/airflow/.local/lib/python3.8/site-packages/airflow/example_dags/example_short_circuit_operator.py took 0.066 seconds
[2023-12-03T17:46:22.799+0000] {processor.py:157} INFO - Started process (PID=3438) to work on /home/airflow/.local/lib/python3.8/site-packages/airflow/example_dags/example_short_circuit_operator.py
[2023-12-03T17:46:22.800+0000] {processor.py:829} INFO - Processing file /home/airflow/.local/lib/python3.8/site-packages/airflow/example_dags/example_short_circuit_operator.py for tasks to queue
[2023-12-03T17:46:22.802+0000] {logging_mixin.py:154} INFO - [2023-12-03T17:46:22.802+0000] {dagbag.py:536} INFO - Filling up the DagBag from /home/airflow/.local/lib/python3.8/site-packages/airflow/example_dags/example_short_circuit_operator.py
[2023-12-03T17:46:22.808+0000] {processor.py:839} INFO - DAG(s) dict_keys(['example_short_circuit_operator']) retrieved from /home/airflow/.local/lib/python3.8/site-packages/airflow/example_dags/example_short_circuit_operator.py
[2023-12-03T17:46:22.826+0000] {logging_mixin.py:154} INFO - [2023-12-03T17:46:22.825+0000] {dag.py:2941} INFO - Sync 1 DAGs
[2023-12-03T17:46:22.852+0000] {logging_mixin.py:154} INFO - [2023-12-03T17:46:22.852+0000] {dag.py:3722} INFO - Setting next_dagrun for example_short_circuit_operator to 2023-12-02T17:46:22.852217+00:00, run_after=2023-12-03T17:46:22.852217+00:00
[2023-12-03T17:46:22.873+0000] {processor.py:179} INFO - Processing /home/airflow/.local/lib/python3.8/site-packages/airflow/example_dags/example_short_circuit_operator.py took 0.077 seconds
[2023-12-03T18:33:42.412+0000] {processor.py:157} INFO - Started process (PID=3496) to work on /home/airflow/.local/lib/python3.8/site-packages/airflow/example_dags/example_short_circuit_operator.py
[2023-12-03T18:33:42.414+0000] {processor.py:829} INFO - Processing file /home/airflow/.local/lib/python3.8/site-packages/airflow/example_dags/example_short_circuit_operator.py for tasks to queue
[2023-12-03T18:33:42.416+0000] {logging_mixin.py:154} INFO - [2023-12-03T18:33:42.416+0000] {dagbag.py:536} INFO - Filling up the DagBag from /home/airflow/.local/lib/python3.8/site-packages/airflow/example_dags/example_short_circuit_operator.py
[2023-12-03T18:33:42.423+0000] {processor.py:839} INFO - DAG(s) dict_keys(['example_short_circuit_operator']) retrieved from /home/airflow/.local/lib/python3.8/site-packages/airflow/example_dags/example_short_circuit_operator.py
[2023-12-03T18:33:42.441+0000] {logging_mixin.py:154} INFO - [2023-12-03T18:33:42.441+0000] {dag.py:2941} INFO - Sync 1 DAGs
[2023-12-03T18:33:42.460+0000] {logging_mixin.py:154} INFO - [2023-12-03T18:33:42.460+0000] {dag.py:3722} INFO - Setting next_dagrun for example_short_circuit_operator to 2023-12-02T18:33:42.460172+00:00, run_after=2023-12-03T18:33:42.460172+00:00
[2023-12-03T18:33:42.475+0000] {processor.py:179} INFO - Processing /home/airflow/.local/lib/python3.8/site-packages/airflow/example_dags/example_short_circuit_operator.py took 0.065 seconds
[2023-12-03T19:06:27.071+0000] {processor.py:157} INFO - Started process (PID=3554) to work on /home/airflow/.local/lib/python3.8/site-packages/airflow/example_dags/example_short_circuit_operator.py
[2023-12-03T19:06:27.073+0000] {processor.py:829} INFO - Processing file /home/airflow/.local/lib/python3.8/site-packages/airflow/example_dags/example_short_circuit_operator.py for tasks to queue
[2023-12-03T19:06:27.077+0000] {logging_mixin.py:154} INFO - [2023-12-03T19:06:27.077+0000] {dagbag.py:536} INFO - Filling up the DagBag from /home/airflow/.local/lib/python3.8/site-packages/airflow/example_dags/example_short_circuit_operator.py
[2023-12-03T19:06:27.089+0000] {processor.py:839} INFO - DAG(s) dict_keys(['example_short_circuit_operator']) retrieved from /home/airflow/.local/lib/python3.8/site-packages/airflow/example_dags/example_short_circuit_operator.py
[2023-12-03T19:06:27.118+0000] {logging_mixin.py:154} INFO - [2023-12-03T19:06:27.118+0000] {dag.py:2941} INFO - Sync 1 DAGs
[2023-12-03T19:06:27.134+0000] {logging_mixin.py:154} INFO - [2023-12-03T19:06:27.133+0000] {dag.py:3722} INFO - Setting next_dagrun for example_short_circuit_operator to 2023-12-02T19:06:27.133818+00:00, run_after=2023-12-03T19:06:27.133818+00:00
[2023-12-03T19:06:27.147+0000] {processor.py:179} INFO - Processing /home/airflow/.local/lib/python3.8/site-packages/airflow/example_dags/example_short_circuit_operator.py took 0.080 seconds
[2023-12-03T19:22:02.086+0000] {processor.py:157} INFO - Started process (PID=3611) to work on /home/airflow/.local/lib/python3.8/site-packages/airflow/example_dags/example_short_circuit_operator.py
[2023-12-03T19:22:02.088+0000] {processor.py:829} INFO - Processing file /home/airflow/.local/lib/python3.8/site-packages/airflow/example_dags/example_short_circuit_operator.py for tasks to queue
[2023-12-03T19:22:02.091+0000] {logging_mixin.py:154} INFO - [2023-12-03T19:22:02.090+0000] {dagbag.py:536} INFO - Filling up the DagBag from /home/airflow/.local/lib/python3.8/site-packages/airflow/example_dags/example_short_circuit_operator.py
[2023-12-03T19:22:02.097+0000] {processor.py:839} INFO - DAG(s) dict_keys(['example_short_circuit_operator']) retrieved from /home/airflow/.local/lib/python3.8/site-packages/airflow/example_dags/example_short_circuit_operator.py
[2023-12-03T19:22:02.116+0000] {logging_mixin.py:154} INFO - [2023-12-03T19:22:02.116+0000] {dag.py:2941} INFO - Sync 1 DAGs
[2023-12-03T19:22:02.134+0000] {logging_mixin.py:154} INFO - [2023-12-03T19:22:02.134+0000] {dag.py:3722} INFO - Setting next_dagrun for example_short_circuit_operator to 2023-12-02T19:22:02.134441+00:00, run_after=2023-12-03T19:22:02.134441+00:00
[2023-12-03T19:22:02.148+0000] {processor.py:179} INFO - Processing /home/airflow/.local/lib/python3.8/site-packages/airflow/example_dags/example_short_circuit_operator.py took 0.065 seconds
[2023-12-03T20:11:34.286+0000] {processor.py:157} INFO - Started process (PID=3669) to work on /home/airflow/.local/lib/python3.8/site-packages/airflow/example_dags/example_short_circuit_operator.py
[2023-12-03T20:11:34.287+0000] {processor.py:829} INFO - Processing file /home/airflow/.local/lib/python3.8/site-packages/airflow/example_dags/example_short_circuit_operator.py for tasks to queue
[2023-12-03T20:11:34.289+0000] {logging_mixin.py:154} INFO - [2023-12-03T20:11:34.289+0000] {dagbag.py:536} INFO - Filling up the DagBag from /home/airflow/.local/lib/python3.8/site-packages/airflow/example_dags/example_short_circuit_operator.py
[2023-12-03T20:11:34.294+0000] {processor.py:839} INFO - DAG(s) dict_keys(['example_short_circuit_operator']) retrieved from /home/airflow/.local/lib/python3.8/site-packages/airflow/example_dags/example_short_circuit_operator.py
[2023-12-03T20:11:34.310+0000] {logging_mixin.py:154} INFO - [2023-12-03T20:11:34.310+0000] {dag.py:2941} INFO - Sync 1 DAGs
[2023-12-03T20:11:34.324+0000] {logging_mixin.py:154} INFO - [2023-12-03T20:11:34.324+0000] {dag.py:3722} INFO - Setting next_dagrun for example_short_circuit_operator to 2023-12-02T20:11:34.324450+00:00, run_after=2023-12-03T20:11:34.324450+00:00
[2023-12-03T20:11:34.335+0000] {processor.py:179} INFO - Processing /home/airflow/.local/lib/python3.8/site-packages/airflow/example_dags/example_short_circuit_operator.py took 0.052 seconds
[2023-12-03T21:36:33.773+0000] {processor.py:157} INFO - Started process (PID=3720) to work on /home/airflow/.local/lib/python3.8/site-packages/airflow/example_dags/example_short_circuit_operator.py
[2023-12-03T21:36:33.775+0000] {processor.py:829} INFO - Processing file /home/airflow/.local/lib/python3.8/site-packages/airflow/example_dags/example_short_circuit_operator.py for tasks to queue
[2023-12-03T21:36:33.777+0000] {logging_mixin.py:154} INFO - [2023-12-03T21:36:33.777+0000] {dagbag.py:536} INFO - Filling up the DagBag from /home/airflow/.local/lib/python3.8/site-packages/airflow/example_dags/example_short_circuit_operator.py
[2023-12-03T21:36:33.785+0000] {processor.py:839} INFO - DAG(s) dict_keys(['example_short_circuit_operator']) retrieved from /home/airflow/.local/lib/python3.8/site-packages/airflow/example_dags/example_short_circuit_operator.py
[2023-12-03T21:36:33.804+0000] {logging_mixin.py:154} INFO - [2023-12-03T21:36:33.804+0000] {dag.py:2941} INFO - Sync 1 DAGs
[2023-12-03T21:36:33.821+0000] {logging_mixin.py:154} INFO - [2023-12-03T21:36:33.821+0000] {dag.py:3722} INFO - Setting next_dagrun for example_short_circuit_operator to 2023-12-02T21:36:33.821184+00:00, run_after=2023-12-03T21:36:33.821184+00:00
[2023-12-03T21:36:33.835+0000] {processor.py:179} INFO - Processing /home/airflow/.local/lib/python3.8/site-packages/airflow/example_dags/example_short_circuit_operator.py took 0.065 seconds
[2023-12-03T22:57:31.813+0000] {processor.py:157} INFO - Started process (PID=3778) to work on /home/airflow/.local/lib/python3.8/site-packages/airflow/example_dags/example_short_circuit_operator.py
[2023-12-03T22:57:31.814+0000] {processor.py:829} INFO - Processing file /home/airflow/.local/lib/python3.8/site-packages/airflow/example_dags/example_short_circuit_operator.py for tasks to queue
[2023-12-03T22:57:31.817+0000] {logging_mixin.py:154} INFO - [2023-12-03T22:57:31.817+0000] {dagbag.py:536} INFO - Filling up the DagBag from /home/airflow/.local/lib/python3.8/site-packages/airflow/example_dags/example_short_circuit_operator.py
[2023-12-03T22:57:31.823+0000] {processor.py:839} INFO - DAG(s) dict_keys(['example_short_circuit_operator']) retrieved from /home/airflow/.local/lib/python3.8/site-packages/airflow/example_dags/example_short_circuit_operator.py
[2023-12-03T22:57:31.839+0000] {logging_mixin.py:154} INFO - [2023-12-03T22:57:31.839+0000] {dag.py:2941} INFO - Sync 1 DAGs
[2023-12-03T22:57:31.852+0000] {logging_mixin.py:154} INFO - [2023-12-03T22:57:31.852+0000] {dag.py:3722} INFO - Setting next_dagrun for example_short_circuit_operator to 2023-12-02T22:57:31.852705+00:00, run_after=2023-12-03T22:57:31.852705+00:00
[2023-12-03T22:57:31.866+0000] {processor.py:179} INFO - Processing /home/airflow/.local/lib/python3.8/site-packages/airflow/example_dags/example_short_circuit_operator.py took 0.055 seconds
[2023-12-03T23:13:10.723+0000] {processor.py:157} INFO - Started process (PID=3836) to work on /home/airflow/.local/lib/python3.8/site-packages/airflow/example_dags/example_short_circuit_operator.py
[2023-12-03T23:13:10.724+0000] {processor.py:829} INFO - Processing file /home/airflow/.local/lib/python3.8/site-packages/airflow/example_dags/example_short_circuit_operator.py for tasks to queue
[2023-12-03T23:13:10.727+0000] {logging_mixin.py:154} INFO - [2023-12-03T23:13:10.726+0000] {dagbag.py:536} INFO - Filling up the DagBag from /home/airflow/.local/lib/python3.8/site-packages/airflow/example_dags/example_short_circuit_operator.py
[2023-12-03T23:13:10.733+0000] {processor.py:839} INFO - DAG(s) dict_keys(['example_short_circuit_operator']) retrieved from /home/airflow/.local/lib/python3.8/site-packages/airflow/example_dags/example_short_circuit_operator.py
[2023-12-03T23:13:10.749+0000] {logging_mixin.py:154} INFO - [2023-12-03T23:13:10.748+0000] {dag.py:2941} INFO - Sync 1 DAGs
[2023-12-03T23:13:10.762+0000] {logging_mixin.py:154} INFO - [2023-12-03T23:13:10.762+0000] {dag.py:3722} INFO - Setting next_dagrun for example_short_circuit_operator to 2023-12-02T23:13:10.762141+00:00, run_after=2023-12-03T23:13:10.762141+00:00
[2023-12-03T23:13:10.773+0000] {processor.py:179} INFO - Processing /home/airflow/.local/lib/python3.8/site-packages/airflow/example_dags/example_short_circuit_operator.py took 0.053 seconds
[2023-12-03T23:22:19.141+0000] {processor.py:157} INFO - Started process (PID=3894) to work on /home/airflow/.local/lib/python3.8/site-packages/airflow/example_dags/example_short_circuit_operator.py
[2023-12-03T23:22:19.143+0000] {processor.py:829} INFO - Processing file /home/airflow/.local/lib/python3.8/site-packages/airflow/example_dags/example_short_circuit_operator.py for tasks to queue
[2023-12-03T23:22:19.148+0000] {logging_mixin.py:154} INFO - [2023-12-03T23:22:19.148+0000] {dagbag.py:536} INFO - Filling up the DagBag from /home/airflow/.local/lib/python3.8/site-packages/airflow/example_dags/example_short_circuit_operator.py
[2023-12-03T23:22:19.156+0000] {processor.py:839} INFO - DAG(s) dict_keys(['example_short_circuit_operator']) retrieved from /home/airflow/.local/lib/python3.8/site-packages/airflow/example_dags/example_short_circuit_operator.py
[2023-12-03T23:22:19.177+0000] {logging_mixin.py:154} INFO - [2023-12-03T23:22:19.177+0000] {dag.py:2941} INFO - Sync 1 DAGs
[2023-12-03T23:22:19.194+0000] {logging_mixin.py:154} INFO - [2023-12-03T23:22:19.194+0000] {dag.py:3722} INFO - Setting next_dagrun for example_short_circuit_operator to 2023-12-02T23:22:19.194047+00:00, run_after=2023-12-03T23:22:19.194047+00:00
[2023-12-03T23:22:19.213+0000] {processor.py:179} INFO - Processing /home/airflow/.local/lib/python3.8/site-packages/airflow/example_dags/example_short_circuit_operator.py took 0.076 seconds
