[2023-12-03T09:43:22.867+0000] {processor.py:157} INFO - Started process (PID=46) to work on /home/airflow/.local/lib/python3.8/site-packages/airflow/example_dags/example_sla_dag.py
[2023-12-03T09:43:22.872+0000] {processor.py:829} INFO - Processing file /home/airflow/.local/lib/python3.8/site-packages/airflow/example_dags/example_sla_dag.py for tasks to queue
[2023-12-03T09:43:22.875+0000] {logging_mixin.py:154} INFO - [2023-12-03T09:43:22.875+0000] {dagbag.py:536} INFO - Filling up the DagBag from /home/airflow/.local/lib/python3.8/site-packages/airflow/example_dags/example_sla_dag.py
[2023-12-03T09:43:22.890+0000] {processor.py:839} INFO - DAG(s) dict_keys(['example_sla_dag']) retrieved from /home/airflow/.local/lib/python3.8/site-packages/airflow/example_dags/example_sla_dag.py
[2023-12-03T09:43:22.907+0000] {logging_mixin.py:154} INFO - [2023-12-03T09:43:22.907+0000] {dag.py:2941} INFO - Sync 1 DAGs
[2023-12-03T09:43:22.947+0000] {logging_mixin.py:154} INFO - [2023-12-03T09:43:22.946+0000] {dag.py:3722} INFO - Setting next_dagrun for example_sla_dag to 2023-12-03T09:40:00+00:00, run_after=2023-12-03T09:42:00+00:00
[2023-12-03T09:43:22.973+0000] {processor.py:179} INFO - Processing /home/airflow/.local/lib/python3.8/site-packages/airflow/example_dags/example_sla_dag.py took 0.110 seconds
[2023-12-03T09:43:53.682+0000] {processor.py:157} INFO - Started process (PID=104) to work on /home/airflow/.local/lib/python3.8/site-packages/airflow/example_dags/example_sla_dag.py
[2023-12-03T09:43:53.684+0000] {processor.py:829} INFO - Processing file /home/airflow/.local/lib/python3.8/site-packages/airflow/example_dags/example_sla_dag.py for tasks to queue
[2023-12-03T09:43:53.686+0000] {logging_mixin.py:154} INFO - [2023-12-03T09:43:53.686+0000] {dagbag.py:536} INFO - Filling up the DagBag from /home/airflow/.local/lib/python3.8/site-packages/airflow/example_dags/example_sla_dag.py
[2023-12-03T09:43:53.694+0000] {processor.py:839} INFO - DAG(s) dict_keys(['example_sla_dag']) retrieved from /home/airflow/.local/lib/python3.8/site-packages/airflow/example_dags/example_sla_dag.py
[2023-12-03T09:43:53.714+0000] {logging_mixin.py:154} INFO - [2023-12-03T09:43:53.714+0000] {dag.py:2941} INFO - Sync 1 DAGs
[2023-12-03T09:43:53.737+0000] {logging_mixin.py:154} INFO - [2023-12-03T09:43:53.737+0000] {dag.py:3722} INFO - Setting next_dagrun for example_sla_dag to 2023-12-03T09:40:00+00:00, run_after=2023-12-03T09:42:00+00:00
[2023-12-03T09:43:53.754+0000] {processor.py:179} INFO - Processing /home/airflow/.local/lib/python3.8/site-packages/airflow/example_dags/example_sla_dag.py took 0.076 seconds
[2023-12-03T09:44:24.703+0000] {processor.py:157} INFO - Started process (PID=161) to work on /home/airflow/.local/lib/python3.8/site-packages/airflow/example_dags/example_sla_dag.py
[2023-12-03T09:44:24.704+0000] {processor.py:829} INFO - Processing file /home/airflow/.local/lib/python3.8/site-packages/airflow/example_dags/example_sla_dag.py for tasks to queue
[2023-12-03T09:44:24.707+0000] {logging_mixin.py:154} INFO - [2023-12-03T09:44:24.707+0000] {dagbag.py:536} INFO - Filling up the DagBag from /home/airflow/.local/lib/python3.8/site-packages/airflow/example_dags/example_sla_dag.py
[2023-12-03T09:44:24.715+0000] {processor.py:839} INFO - DAG(s) dict_keys(['example_sla_dag']) retrieved from /home/airflow/.local/lib/python3.8/site-packages/airflow/example_dags/example_sla_dag.py
[2023-12-03T09:44:24.735+0000] {logging_mixin.py:154} INFO - [2023-12-03T09:44:24.735+0000] {dag.py:2941} INFO - Sync 1 DAGs
[2023-12-03T09:44:24.759+0000] {logging_mixin.py:154} INFO - [2023-12-03T09:44:24.759+0000] {dag.py:3722} INFO - Setting next_dagrun for example_sla_dag to 2023-12-03T09:42:00+00:00, run_after=2023-12-03T09:44:00+00:00
[2023-12-03T09:44:24.774+0000] {processor.py:179} INFO - Processing /home/airflow/.local/lib/python3.8/site-packages/airflow/example_dags/example_sla_dag.py took 0.074 seconds
[2023-12-03T09:44:55.802+0000] {processor.py:157} INFO - Started process (PID=219) to work on /home/airflow/.local/lib/python3.8/site-packages/airflow/example_dags/example_sla_dag.py
[2023-12-03T09:44:55.803+0000] {processor.py:829} INFO - Processing file /home/airflow/.local/lib/python3.8/site-packages/airflow/example_dags/example_sla_dag.py for tasks to queue
[2023-12-03T09:44:55.805+0000] {logging_mixin.py:154} INFO - [2023-12-03T09:44:55.805+0000] {dagbag.py:536} INFO - Filling up the DagBag from /home/airflow/.local/lib/python3.8/site-packages/airflow/example_dags/example_sla_dag.py
[2023-12-03T09:44:55.814+0000] {processor.py:839} INFO - DAG(s) dict_keys(['example_sla_dag']) retrieved from /home/airflow/.local/lib/python3.8/site-packages/airflow/example_dags/example_sla_dag.py
[2023-12-03T09:44:55.834+0000] {logging_mixin.py:154} INFO - [2023-12-03T09:44:55.834+0000] {dag.py:2941} INFO - Sync 1 DAGs
[2023-12-03T09:44:55.859+0000] {logging_mixin.py:154} INFO - [2023-12-03T09:44:55.859+0000] {dag.py:3722} INFO - Setting next_dagrun for example_sla_dag to 2023-12-03T09:42:00+00:00, run_after=2023-12-03T09:44:00+00:00
[2023-12-03T09:44:55.874+0000] {processor.py:179} INFO - Processing /home/airflow/.local/lib/python3.8/site-packages/airflow/example_dags/example_sla_dag.py took 0.077 seconds
[2023-12-03T09:45:26.367+0000] {processor.py:157} INFO - Started process (PID=276) to work on /home/airflow/.local/lib/python3.8/site-packages/airflow/example_dags/example_sla_dag.py
[2023-12-03T09:45:26.369+0000] {processor.py:829} INFO - Processing file /home/airflow/.local/lib/python3.8/site-packages/airflow/example_dags/example_sla_dag.py for tasks to queue
[2023-12-03T09:45:26.371+0000] {logging_mixin.py:154} INFO - [2023-12-03T09:45:26.371+0000] {dagbag.py:536} INFO - Filling up the DagBag from /home/airflow/.local/lib/python3.8/site-packages/airflow/example_dags/example_sla_dag.py
[2023-12-03T09:45:26.379+0000] {processor.py:839} INFO - DAG(s) dict_keys(['example_sla_dag']) retrieved from /home/airflow/.local/lib/python3.8/site-packages/airflow/example_dags/example_sla_dag.py
[2023-12-03T09:45:26.402+0000] {logging_mixin.py:154} INFO - [2023-12-03T09:45:26.401+0000] {dag.py:2941} INFO - Sync 1 DAGs
[2023-12-03T09:45:26.429+0000] {logging_mixin.py:154} INFO - [2023-12-03T09:45:26.429+0000] {dag.py:3722} INFO - Setting next_dagrun for example_sla_dag to 2023-12-03T09:42:00+00:00, run_after=2023-12-03T09:44:00+00:00
[2023-12-03T09:45:26.446+0000] {processor.py:179} INFO - Processing /home/airflow/.local/lib/python3.8/site-packages/airflow/example_dags/example_sla_dag.py took 0.083 seconds
[2023-12-03T09:45:56.670+0000] {processor.py:157} INFO - Started process (PID=336) to work on /home/airflow/.local/lib/python3.8/site-packages/airflow/example_dags/example_sla_dag.py
[2023-12-03T09:45:56.671+0000] {processor.py:829} INFO - Processing file /home/airflow/.local/lib/python3.8/site-packages/airflow/example_dags/example_sla_dag.py for tasks to queue
[2023-12-03T09:45:56.675+0000] {logging_mixin.py:154} INFO - [2023-12-03T09:45:56.675+0000] {dagbag.py:536} INFO - Filling up the DagBag from /home/airflow/.local/lib/python3.8/site-packages/airflow/example_dags/example_sla_dag.py
[2023-12-03T09:45:56.685+0000] {processor.py:839} INFO - DAG(s) dict_keys(['example_sla_dag']) retrieved from /home/airflow/.local/lib/python3.8/site-packages/airflow/example_dags/example_sla_dag.py
[2023-12-03T09:45:56.708+0000] {logging_mixin.py:154} INFO - [2023-12-03T09:45:56.708+0000] {dag.py:2941} INFO - Sync 1 DAGs
[2023-12-03T09:45:56.737+0000] {logging_mixin.py:154} INFO - [2023-12-03T09:45:56.736+0000] {dag.py:3722} INFO - Setting next_dagrun for example_sla_dag to 2023-12-03T09:42:00+00:00, run_after=2023-12-03T09:44:00+00:00
[2023-12-03T09:45:56.756+0000] {processor.py:179} INFO - Processing /home/airflow/.local/lib/python3.8/site-packages/airflow/example_dags/example_sla_dag.py took 0.091 seconds
[2023-12-03T09:46:27.113+0000] {processor.py:157} INFO - Started process (PID=392) to work on /home/airflow/.local/lib/python3.8/site-packages/airflow/example_dags/example_sla_dag.py
[2023-12-03T09:46:27.114+0000] {processor.py:829} INFO - Processing file /home/airflow/.local/lib/python3.8/site-packages/airflow/example_dags/example_sla_dag.py for tasks to queue
[2023-12-03T09:46:27.117+0000] {logging_mixin.py:154} INFO - [2023-12-03T09:46:27.117+0000] {dagbag.py:536} INFO - Filling up the DagBag from /home/airflow/.local/lib/python3.8/site-packages/airflow/example_dags/example_sla_dag.py
[2023-12-03T09:46:27.127+0000] {processor.py:839} INFO - DAG(s) dict_keys(['example_sla_dag']) retrieved from /home/airflow/.local/lib/python3.8/site-packages/airflow/example_dags/example_sla_dag.py
[2023-12-03T09:46:27.155+0000] {logging_mixin.py:154} INFO - [2023-12-03T09:46:27.154+0000] {dag.py:2941} INFO - Sync 1 DAGs
[2023-12-03T09:46:27.187+0000] {logging_mixin.py:154} INFO - [2023-12-03T09:46:27.187+0000] {dag.py:3722} INFO - Setting next_dagrun for example_sla_dag to 2023-12-03T09:44:00+00:00, run_after=2023-12-03T09:46:00+00:00
[2023-12-03T09:46:27.206+0000] {processor.py:179} INFO - Processing /home/airflow/.local/lib/python3.8/site-packages/airflow/example_dags/example_sla_dag.py took 0.099 seconds
[2023-12-03T09:46:57.516+0000] {processor.py:157} INFO - Started process (PID=450) to work on /home/airflow/.local/lib/python3.8/site-packages/airflow/example_dags/example_sla_dag.py
[2023-12-03T09:46:57.517+0000] {processor.py:829} INFO - Processing file /home/airflow/.local/lib/python3.8/site-packages/airflow/example_dags/example_sla_dag.py for tasks to queue
[2023-12-03T09:46:57.520+0000] {logging_mixin.py:154} INFO - [2023-12-03T09:46:57.519+0000] {dagbag.py:536} INFO - Filling up the DagBag from /home/airflow/.local/lib/python3.8/site-packages/airflow/example_dags/example_sla_dag.py
[2023-12-03T09:46:57.531+0000] {processor.py:839} INFO - DAG(s) dict_keys(['example_sla_dag']) retrieved from /home/airflow/.local/lib/python3.8/site-packages/airflow/example_dags/example_sla_dag.py
[2023-12-03T09:46:57.555+0000] {logging_mixin.py:154} INFO - [2023-12-03T09:46:57.555+0000] {dag.py:2941} INFO - Sync 1 DAGs
[2023-12-03T09:46:57.588+0000] {logging_mixin.py:154} INFO - [2023-12-03T09:46:57.588+0000] {dag.py:3722} INFO - Setting next_dagrun for example_sla_dag to 2023-12-03T09:44:00+00:00, run_after=2023-12-03T09:46:00+00:00
[2023-12-03T09:46:57.609+0000] {processor.py:179} INFO - Processing /home/airflow/.local/lib/python3.8/site-packages/airflow/example_dags/example_sla_dag.py took 0.097 seconds
[2023-12-03T09:47:28.270+0000] {processor.py:157} INFO - Started process (PID=508) to work on /home/airflow/.local/lib/python3.8/site-packages/airflow/example_dags/example_sla_dag.py
[2023-12-03T09:47:28.272+0000] {processor.py:829} INFO - Processing file /home/airflow/.local/lib/python3.8/site-packages/airflow/example_dags/example_sla_dag.py for tasks to queue
[2023-12-03T09:47:28.275+0000] {logging_mixin.py:154} INFO - [2023-12-03T09:47:28.275+0000] {dagbag.py:536} INFO - Filling up the DagBag from /home/airflow/.local/lib/python3.8/site-packages/airflow/example_dags/example_sla_dag.py
[2023-12-03T09:47:28.285+0000] {processor.py:839} INFO - DAG(s) dict_keys(['example_sla_dag']) retrieved from /home/airflow/.local/lib/python3.8/site-packages/airflow/example_dags/example_sla_dag.py
[2023-12-03T09:47:28.316+0000] {logging_mixin.py:154} INFO - [2023-12-03T09:47:28.315+0000] {dag.py:2941} INFO - Sync 1 DAGs
[2023-12-03T09:47:28.351+0000] {logging_mixin.py:154} INFO - [2023-12-03T09:47:28.350+0000] {dag.py:3722} INFO - Setting next_dagrun for example_sla_dag to 2023-12-03T09:44:00+00:00, run_after=2023-12-03T09:46:00+00:00
[2023-12-03T09:47:28.379+0000] {processor.py:179} INFO - Processing /home/airflow/.local/lib/python3.8/site-packages/airflow/example_dags/example_sla_dag.py took 0.112 seconds
[2023-12-03T09:47:58.559+0000] {processor.py:157} INFO - Started process (PID=566) to work on /home/airflow/.local/lib/python3.8/site-packages/airflow/example_dags/example_sla_dag.py
[2023-12-03T09:47:58.561+0000] {processor.py:829} INFO - Processing file /home/airflow/.local/lib/python3.8/site-packages/airflow/example_dags/example_sla_dag.py for tasks to queue
[2023-12-03T09:47:58.564+0000] {logging_mixin.py:154} INFO - [2023-12-03T09:47:58.564+0000] {dagbag.py:536} INFO - Filling up the DagBag from /home/airflow/.local/lib/python3.8/site-packages/airflow/example_dags/example_sla_dag.py
[2023-12-03T09:47:58.574+0000] {processor.py:839} INFO - DAG(s) dict_keys(['example_sla_dag']) retrieved from /home/airflow/.local/lib/python3.8/site-packages/airflow/example_dags/example_sla_dag.py
[2023-12-03T09:47:58.600+0000] {logging_mixin.py:154} INFO - [2023-12-03T09:47:58.600+0000] {dag.py:2941} INFO - Sync 1 DAGs
[2023-12-03T09:47:58.628+0000] {logging_mixin.py:154} INFO - [2023-12-03T09:47:58.628+0000] {dag.py:3722} INFO - Setting next_dagrun for example_sla_dag to 2023-12-03T09:44:00+00:00, run_after=2023-12-03T09:46:00+00:00
[2023-12-03T09:47:58.643+0000] {processor.py:179} INFO - Processing /home/airflow/.local/lib/python3.8/site-packages/airflow/example_dags/example_sla_dag.py took 0.088 seconds
[2023-12-03T09:48:29.588+0000] {processor.py:157} INFO - Started process (PID=623) to work on /home/airflow/.local/lib/python3.8/site-packages/airflow/example_dags/example_sla_dag.py
[2023-12-03T09:48:29.590+0000] {processor.py:829} INFO - Processing file /home/airflow/.local/lib/python3.8/site-packages/airflow/example_dags/example_sla_dag.py for tasks to queue
[2023-12-03T09:48:29.592+0000] {logging_mixin.py:154} INFO - [2023-12-03T09:48:29.592+0000] {dagbag.py:536} INFO - Filling up the DagBag from /home/airflow/.local/lib/python3.8/site-packages/airflow/example_dags/example_sla_dag.py
[2023-12-03T09:48:29.601+0000] {processor.py:839} INFO - DAG(s) dict_keys(['example_sla_dag']) retrieved from /home/airflow/.local/lib/python3.8/site-packages/airflow/example_dags/example_sla_dag.py
[2023-12-03T09:48:29.620+0000] {logging_mixin.py:154} INFO - [2023-12-03T09:48:29.620+0000] {dag.py:2941} INFO - Sync 1 DAGs
[2023-12-03T09:48:29.641+0000] {logging_mixin.py:154} INFO - [2023-12-03T09:48:29.641+0000] {dag.py:3722} INFO - Setting next_dagrun for example_sla_dag to 2023-12-03T09:46:00+00:00, run_after=2023-12-03T09:48:00+00:00
[2023-12-03T09:48:29.657+0000] {processor.py:179} INFO - Processing /home/airflow/.local/lib/python3.8/site-packages/airflow/example_dags/example_sla_dag.py took 0.073 seconds
[2023-12-03T09:49:00.525+0000] {processor.py:157} INFO - Started process (PID=681) to work on /home/airflow/.local/lib/python3.8/site-packages/airflow/example_dags/example_sla_dag.py
[2023-12-03T09:49:00.526+0000] {processor.py:829} INFO - Processing file /home/airflow/.local/lib/python3.8/site-packages/airflow/example_dags/example_sla_dag.py for tasks to queue
[2023-12-03T09:49:00.529+0000] {logging_mixin.py:154} INFO - [2023-12-03T09:49:00.529+0000] {dagbag.py:536} INFO - Filling up the DagBag from /home/airflow/.local/lib/python3.8/site-packages/airflow/example_dags/example_sla_dag.py
[2023-12-03T09:49:00.537+0000] {processor.py:839} INFO - DAG(s) dict_keys(['example_sla_dag']) retrieved from /home/airflow/.local/lib/python3.8/site-packages/airflow/example_dags/example_sla_dag.py
[2023-12-03T09:49:00.554+0000] {logging_mixin.py:154} INFO - [2023-12-03T09:49:00.554+0000] {dag.py:2941} INFO - Sync 1 DAGs
[2023-12-03T09:49:00.576+0000] {logging_mixin.py:154} INFO - [2023-12-03T09:49:00.576+0000] {dag.py:3722} INFO - Setting next_dagrun for example_sla_dag to 2023-12-03T09:46:00+00:00, run_after=2023-12-03T09:48:00+00:00
[2023-12-03T09:49:00.591+0000] {processor.py:179} INFO - Processing /home/airflow/.local/lib/python3.8/site-packages/airflow/example_dags/example_sla_dag.py took 0.071 seconds
[2023-12-03T09:49:31.397+0000] {processor.py:157} INFO - Started process (PID=739) to work on /home/airflow/.local/lib/python3.8/site-packages/airflow/example_dags/example_sla_dag.py
[2023-12-03T09:49:31.398+0000] {processor.py:829} INFO - Processing file /home/airflow/.local/lib/python3.8/site-packages/airflow/example_dags/example_sla_dag.py for tasks to queue
[2023-12-03T09:49:31.401+0000] {logging_mixin.py:154} INFO - [2023-12-03T09:49:31.401+0000] {dagbag.py:536} INFO - Filling up the DagBag from /home/airflow/.local/lib/python3.8/site-packages/airflow/example_dags/example_sla_dag.py
[2023-12-03T09:49:31.411+0000] {processor.py:839} INFO - DAG(s) dict_keys(['example_sla_dag']) retrieved from /home/airflow/.local/lib/python3.8/site-packages/airflow/example_dags/example_sla_dag.py
[2023-12-03T09:49:31.430+0000] {logging_mixin.py:154} INFO - [2023-12-03T09:49:31.430+0000] {dag.py:2941} INFO - Sync 1 DAGs
[2023-12-03T09:49:31.452+0000] {logging_mixin.py:154} INFO - [2023-12-03T09:49:31.452+0000] {dag.py:3722} INFO - Setting next_dagrun for example_sla_dag to 2023-12-03T09:46:00+00:00, run_after=2023-12-03T09:48:00+00:00
[2023-12-03T09:49:31.467+0000] {processor.py:179} INFO - Processing /home/airflow/.local/lib/python3.8/site-packages/airflow/example_dags/example_sla_dag.py took 0.075 seconds
[2023-12-03T09:50:01.776+0000] {processor.py:157} INFO - Started process (PID=797) to work on /home/airflow/.local/lib/python3.8/site-packages/airflow/example_dags/example_sla_dag.py
[2023-12-03T09:50:01.777+0000] {processor.py:829} INFO - Processing file /home/airflow/.local/lib/python3.8/site-packages/airflow/example_dags/example_sla_dag.py for tasks to queue
[2023-12-03T09:50:01.780+0000] {logging_mixin.py:154} INFO - [2023-12-03T09:50:01.779+0000] {dagbag.py:536} INFO - Filling up the DagBag from /home/airflow/.local/lib/python3.8/site-packages/airflow/example_dags/example_sla_dag.py
[2023-12-03T09:50:01.788+0000] {processor.py:839} INFO - DAG(s) dict_keys(['example_sla_dag']) retrieved from /home/airflow/.local/lib/python3.8/site-packages/airflow/example_dags/example_sla_dag.py
[2023-12-03T09:50:01.806+0000] {logging_mixin.py:154} INFO - [2023-12-03T09:50:01.806+0000] {dag.py:2941} INFO - Sync 1 DAGs
[2023-12-03T09:50:01.827+0000] {logging_mixin.py:154} INFO - [2023-12-03T09:50:01.827+0000] {dag.py:3722} INFO - Setting next_dagrun for example_sla_dag to 2023-12-03T09:48:00+00:00, run_after=2023-12-03T09:50:00+00:00
[2023-12-03T09:50:01.841+0000] {processor.py:179} INFO - Processing /home/airflow/.local/lib/python3.8/site-packages/airflow/example_dags/example_sla_dag.py took 0.068 seconds
[2023-12-03T09:50:32.757+0000] {processor.py:157} INFO - Started process (PID=855) to work on /home/airflow/.local/lib/python3.8/site-packages/airflow/example_dags/example_sla_dag.py
[2023-12-03T09:50:32.759+0000] {processor.py:829} INFO - Processing file /home/airflow/.local/lib/python3.8/site-packages/airflow/example_dags/example_sla_dag.py for tasks to queue
[2023-12-03T09:50:32.762+0000] {logging_mixin.py:154} INFO - [2023-12-03T09:50:32.762+0000] {dagbag.py:536} INFO - Filling up the DagBag from /home/airflow/.local/lib/python3.8/site-packages/airflow/example_dags/example_sla_dag.py
[2023-12-03T09:50:32.773+0000] {processor.py:839} INFO - DAG(s) dict_keys(['example_sla_dag']) retrieved from /home/airflow/.local/lib/python3.8/site-packages/airflow/example_dags/example_sla_dag.py
[2023-12-03T09:50:32.800+0000] {logging_mixin.py:154} INFO - [2023-12-03T09:50:32.800+0000] {dag.py:2941} INFO - Sync 1 DAGs
[2023-12-03T09:50:32.831+0000] {logging_mixin.py:154} INFO - [2023-12-03T09:50:32.831+0000] {dag.py:3722} INFO - Setting next_dagrun for example_sla_dag to 2023-12-03T09:48:00+00:00, run_after=2023-12-03T09:50:00+00:00
[2023-12-03T09:50:32.854+0000] {processor.py:179} INFO - Processing /home/airflow/.local/lib/python3.8/site-packages/airflow/example_dags/example_sla_dag.py took 0.102 seconds
[2023-12-03T09:51:02.977+0000] {processor.py:157} INFO - Started process (PID=913) to work on /home/airflow/.local/lib/python3.8/site-packages/airflow/example_dags/example_sla_dag.py
[2023-12-03T09:51:02.978+0000] {processor.py:829} INFO - Processing file /home/airflow/.local/lib/python3.8/site-packages/airflow/example_dags/example_sla_dag.py for tasks to queue
[2023-12-03T09:51:02.981+0000] {logging_mixin.py:154} INFO - [2023-12-03T09:51:02.981+0000] {dagbag.py:536} INFO - Filling up the DagBag from /home/airflow/.local/lib/python3.8/site-packages/airflow/example_dags/example_sla_dag.py
[2023-12-03T09:51:02.992+0000] {processor.py:839} INFO - DAG(s) dict_keys(['example_sla_dag']) retrieved from /home/airflow/.local/lib/python3.8/site-packages/airflow/example_dags/example_sla_dag.py
[2023-12-03T09:51:03.015+0000] {logging_mixin.py:154} INFO - [2023-12-03T09:51:03.015+0000] {dag.py:2941} INFO - Sync 1 DAGs
[2023-12-03T09:51:03.046+0000] {logging_mixin.py:154} INFO - [2023-12-03T09:51:03.046+0000] {dag.py:3722} INFO - Setting next_dagrun for example_sla_dag to 2023-12-03T09:48:00+00:00, run_after=2023-12-03T09:50:00+00:00
[2023-12-03T09:51:03.065+0000] {processor.py:179} INFO - Processing /home/airflow/.local/lib/python3.8/site-packages/airflow/example_dags/example_sla_dag.py took 0.093 seconds
[2023-12-03T09:51:33.207+0000] {processor.py:157} INFO - Started process (PID=971) to work on /home/airflow/.local/lib/python3.8/site-packages/airflow/example_dags/example_sla_dag.py
[2023-12-03T09:51:33.208+0000] {processor.py:829} INFO - Processing file /home/airflow/.local/lib/python3.8/site-packages/airflow/example_dags/example_sla_dag.py for tasks to queue
[2023-12-03T09:51:33.210+0000] {logging_mixin.py:154} INFO - [2023-12-03T09:51:33.210+0000] {dagbag.py:536} INFO - Filling up the DagBag from /home/airflow/.local/lib/python3.8/site-packages/airflow/example_dags/example_sla_dag.py
[2023-12-03T09:51:33.219+0000] {processor.py:839} INFO - DAG(s) dict_keys(['example_sla_dag']) retrieved from /home/airflow/.local/lib/python3.8/site-packages/airflow/example_dags/example_sla_dag.py
[2023-12-03T09:51:33.238+0000] {logging_mixin.py:154} INFO - [2023-12-03T09:51:33.237+0000] {dag.py:2941} INFO - Sync 1 DAGs
[2023-12-03T09:51:33.259+0000] {logging_mixin.py:154} INFO - [2023-12-03T09:51:33.259+0000] {dag.py:3722} INFO - Setting next_dagrun for example_sla_dag to 2023-12-03T09:48:00+00:00, run_after=2023-12-03T09:50:00+00:00
[2023-12-03T09:51:33.275+0000] {processor.py:179} INFO - Processing /home/airflow/.local/lib/python3.8/site-packages/airflow/example_dags/example_sla_dag.py took 0.072 seconds
[2023-12-03T09:52:04.086+0000] {processor.py:157} INFO - Started process (PID=1036) to work on /home/airflow/.local/lib/python3.8/site-packages/airflow/example_dags/example_sla_dag.py
[2023-12-03T09:52:04.087+0000] {processor.py:829} INFO - Processing file /home/airflow/.local/lib/python3.8/site-packages/airflow/example_dags/example_sla_dag.py for tasks to queue
[2023-12-03T09:52:04.090+0000] {logging_mixin.py:154} INFO - [2023-12-03T09:52:04.090+0000] {dagbag.py:536} INFO - Filling up the DagBag from /home/airflow/.local/lib/python3.8/site-packages/airflow/example_dags/example_sla_dag.py
[2023-12-03T09:52:04.100+0000] {processor.py:839} INFO - DAG(s) dict_keys(['example_sla_dag']) retrieved from /home/airflow/.local/lib/python3.8/site-packages/airflow/example_dags/example_sla_dag.py
[2023-12-03T09:52:04.122+0000] {logging_mixin.py:154} INFO - [2023-12-03T09:52:04.122+0000] {dag.py:2941} INFO - Sync 1 DAGs
[2023-12-03T09:52:04.147+0000] {logging_mixin.py:154} INFO - [2023-12-03T09:52:04.146+0000] {dag.py:3722} INFO - Setting next_dagrun for example_sla_dag to 2023-12-03T09:50:00+00:00, run_after=2023-12-03T09:52:00+00:00
[2023-12-03T09:52:04.164+0000] {processor.py:179} INFO - Processing /home/airflow/.local/lib/python3.8/site-packages/airflow/example_dags/example_sla_dag.py took 0.082 seconds
[2023-12-03T09:52:34.208+0000] {processor.py:157} INFO - Started process (PID=1094) to work on /home/airflow/.local/lib/python3.8/site-packages/airflow/example_dags/example_sla_dag.py
[2023-12-03T09:52:34.210+0000] {processor.py:829} INFO - Processing file /home/airflow/.local/lib/python3.8/site-packages/airflow/example_dags/example_sla_dag.py for tasks to queue
[2023-12-03T09:52:34.212+0000] {logging_mixin.py:154} INFO - [2023-12-03T09:52:34.212+0000] {dagbag.py:536} INFO - Filling up the DagBag from /home/airflow/.local/lib/python3.8/site-packages/airflow/example_dags/example_sla_dag.py
[2023-12-03T09:52:34.221+0000] {processor.py:839} INFO - DAG(s) dict_keys(['example_sla_dag']) retrieved from /home/airflow/.local/lib/python3.8/site-packages/airflow/example_dags/example_sla_dag.py
[2023-12-03T09:52:34.238+0000] {logging_mixin.py:154} INFO - [2023-12-03T09:52:34.237+0000] {dag.py:2941} INFO - Sync 1 DAGs
[2023-12-03T09:52:34.259+0000] {logging_mixin.py:154} INFO - [2023-12-03T09:52:34.259+0000] {dag.py:3722} INFO - Setting next_dagrun for example_sla_dag to 2023-12-03T09:50:00+00:00, run_after=2023-12-03T09:52:00+00:00
[2023-12-03T09:52:34.273+0000] {processor.py:179} INFO - Processing /home/airflow/.local/lib/python3.8/site-packages/airflow/example_dags/example_sla_dag.py took 0.069 seconds
[2023-12-03T09:53:04.606+0000] {processor.py:157} INFO - Started process (PID=1152) to work on /home/airflow/.local/lib/python3.8/site-packages/airflow/example_dags/example_sla_dag.py
[2023-12-03T09:53:04.607+0000] {processor.py:829} INFO - Processing file /home/airflow/.local/lib/python3.8/site-packages/airflow/example_dags/example_sla_dag.py for tasks to queue
[2023-12-03T09:53:04.611+0000] {logging_mixin.py:154} INFO - [2023-12-03T09:53:04.611+0000] {dagbag.py:536} INFO - Filling up the DagBag from /home/airflow/.local/lib/python3.8/site-packages/airflow/example_dags/example_sla_dag.py
[2023-12-03T09:53:04.623+0000] {processor.py:839} INFO - DAG(s) dict_keys(['example_sla_dag']) retrieved from /home/airflow/.local/lib/python3.8/site-packages/airflow/example_dags/example_sla_dag.py
[2023-12-03T09:53:04.646+0000] {logging_mixin.py:154} INFO - [2023-12-03T09:53:04.645+0000] {dag.py:2941} INFO - Sync 1 DAGs
[2023-12-03T09:53:04.668+0000] {logging_mixin.py:154} INFO - [2023-12-03T09:53:04.668+0000] {dag.py:3722} INFO - Setting next_dagrun for example_sla_dag to 2023-12-03T09:50:00+00:00, run_after=2023-12-03T09:52:00+00:00
[2023-12-03T09:53:04.685+0000] {processor.py:179} INFO - Processing /home/airflow/.local/lib/python3.8/site-packages/airflow/example_dags/example_sla_dag.py took 0.084 seconds
[2023-12-03T09:53:34.884+0000] {processor.py:157} INFO - Started process (PID=1210) to work on /home/airflow/.local/lib/python3.8/site-packages/airflow/example_dags/example_sla_dag.py
[2023-12-03T09:53:34.886+0000] {processor.py:829} INFO - Processing file /home/airflow/.local/lib/python3.8/site-packages/airflow/example_dags/example_sla_dag.py for tasks to queue
[2023-12-03T09:53:34.889+0000] {logging_mixin.py:154} INFO - [2023-12-03T09:53:34.888+0000] {dagbag.py:536} INFO - Filling up the DagBag from /home/airflow/.local/lib/python3.8/site-packages/airflow/example_dags/example_sla_dag.py
[2023-12-03T09:53:34.900+0000] {processor.py:839} INFO - DAG(s) dict_keys(['example_sla_dag']) retrieved from /home/airflow/.local/lib/python3.8/site-packages/airflow/example_dags/example_sla_dag.py
[2023-12-03T09:53:34.918+0000] {logging_mixin.py:154} INFO - [2023-12-03T09:53:34.918+0000] {dag.py:2941} INFO - Sync 1 DAGs
[2023-12-03T09:53:34.942+0000] {logging_mixin.py:154} INFO - [2023-12-03T09:53:34.942+0000] {dag.py:3722} INFO - Setting next_dagrun for example_sla_dag to 2023-12-03T09:50:00+00:00, run_after=2023-12-03T09:52:00+00:00
[2023-12-03T09:53:34.958+0000] {processor.py:179} INFO - Processing /home/airflow/.local/lib/python3.8/site-packages/airflow/example_dags/example_sla_dag.py took 0.079 seconds
[2023-12-03T09:54:05.197+0000] {processor.py:157} INFO - Started process (PID=1268) to work on /home/airflow/.local/lib/python3.8/site-packages/airflow/example_dags/example_sla_dag.py
[2023-12-03T09:54:05.198+0000] {processor.py:829} INFO - Processing file /home/airflow/.local/lib/python3.8/site-packages/airflow/example_dags/example_sla_dag.py for tasks to queue
[2023-12-03T09:54:05.201+0000] {logging_mixin.py:154} INFO - [2023-12-03T09:54:05.201+0000] {dagbag.py:536} INFO - Filling up the DagBag from /home/airflow/.local/lib/python3.8/site-packages/airflow/example_dags/example_sla_dag.py
[2023-12-03T09:54:05.211+0000] {processor.py:839} INFO - DAG(s) dict_keys(['example_sla_dag']) retrieved from /home/airflow/.local/lib/python3.8/site-packages/airflow/example_dags/example_sla_dag.py
[2023-12-03T09:54:05.229+0000] {logging_mixin.py:154} INFO - [2023-12-03T09:54:05.229+0000] {dag.py:2941} INFO - Sync 1 DAGs
[2023-12-03T09:54:05.251+0000] {logging_mixin.py:154} INFO - [2023-12-03T09:54:05.251+0000] {dag.py:3722} INFO - Setting next_dagrun for example_sla_dag to 2023-12-03T09:52:00+00:00, run_after=2023-12-03T09:54:00+00:00
[2023-12-03T09:54:05.277+0000] {processor.py:179} INFO - Processing /home/airflow/.local/lib/python3.8/site-packages/airflow/example_dags/example_sla_dag.py took 0.084 seconds
[2023-12-03T09:54:35.611+0000] {processor.py:157} INFO - Started process (PID=1326) to work on /home/airflow/.local/lib/python3.8/site-packages/airflow/example_dags/example_sla_dag.py
[2023-12-03T09:54:35.613+0000] {processor.py:829} INFO - Processing file /home/airflow/.local/lib/python3.8/site-packages/airflow/example_dags/example_sla_dag.py for tasks to queue
[2023-12-03T09:54:35.615+0000] {logging_mixin.py:154} INFO - [2023-12-03T09:54:35.615+0000] {dagbag.py:536} INFO - Filling up the DagBag from /home/airflow/.local/lib/python3.8/site-packages/airflow/example_dags/example_sla_dag.py
[2023-12-03T09:54:35.624+0000] {processor.py:839} INFO - DAG(s) dict_keys(['example_sla_dag']) retrieved from /home/airflow/.local/lib/python3.8/site-packages/airflow/example_dags/example_sla_dag.py
[2023-12-03T09:54:35.641+0000] {logging_mixin.py:154} INFO - [2023-12-03T09:54:35.641+0000] {dag.py:2941} INFO - Sync 1 DAGs
[2023-12-03T09:54:35.663+0000] {logging_mixin.py:154} INFO - [2023-12-03T09:54:35.663+0000] {dag.py:3722} INFO - Setting next_dagrun for example_sla_dag to 2023-12-03T09:52:00+00:00, run_after=2023-12-03T09:54:00+00:00
[2023-12-03T09:54:35.680+0000] {processor.py:179} INFO - Processing /home/airflow/.local/lib/python3.8/site-packages/airflow/example_dags/example_sla_dag.py took 0.073 seconds
[2023-12-03T09:55:05.965+0000] {processor.py:157} INFO - Started process (PID=1384) to work on /home/airflow/.local/lib/python3.8/site-packages/airflow/example_dags/example_sla_dag.py
[2023-12-03T09:55:05.966+0000] {processor.py:829} INFO - Processing file /home/airflow/.local/lib/python3.8/site-packages/airflow/example_dags/example_sla_dag.py for tasks to queue
[2023-12-03T09:55:05.969+0000] {logging_mixin.py:154} INFO - [2023-12-03T09:55:05.969+0000] {dagbag.py:536} INFO - Filling up the DagBag from /home/airflow/.local/lib/python3.8/site-packages/airflow/example_dags/example_sla_dag.py
[2023-12-03T09:55:05.978+0000] {processor.py:839} INFO - DAG(s) dict_keys(['example_sla_dag']) retrieved from /home/airflow/.local/lib/python3.8/site-packages/airflow/example_dags/example_sla_dag.py
[2023-12-03T09:55:05.996+0000] {logging_mixin.py:154} INFO - [2023-12-03T09:55:05.996+0000] {dag.py:2941} INFO - Sync 1 DAGs
[2023-12-03T09:55:06.018+0000] {logging_mixin.py:154} INFO - [2023-12-03T09:55:06.018+0000] {dag.py:3722} INFO - Setting next_dagrun for example_sla_dag to 2023-12-03T09:52:00+00:00, run_after=2023-12-03T09:54:00+00:00
[2023-12-03T09:55:06.034+0000] {processor.py:179} INFO - Processing /home/airflow/.local/lib/python3.8/site-packages/airflow/example_dags/example_sla_dag.py took 0.074 seconds
[2023-12-03T09:55:36.460+0000] {processor.py:157} INFO - Started process (PID=1442) to work on /home/airflow/.local/lib/python3.8/site-packages/airflow/example_dags/example_sla_dag.py
[2023-12-03T09:55:36.461+0000] {processor.py:829} INFO - Processing file /home/airflow/.local/lib/python3.8/site-packages/airflow/example_dags/example_sla_dag.py for tasks to queue
[2023-12-03T09:55:36.464+0000] {logging_mixin.py:154} INFO - [2023-12-03T09:55:36.464+0000] {dagbag.py:536} INFO - Filling up the DagBag from /home/airflow/.local/lib/python3.8/site-packages/airflow/example_dags/example_sla_dag.py
[2023-12-03T09:55:36.473+0000] {processor.py:839} INFO - DAG(s) dict_keys(['example_sla_dag']) retrieved from /home/airflow/.local/lib/python3.8/site-packages/airflow/example_dags/example_sla_dag.py
[2023-12-03T09:55:36.493+0000] {logging_mixin.py:154} INFO - [2023-12-03T09:55:36.493+0000] {dag.py:2941} INFO - Sync 1 DAGs
[2023-12-03T09:55:36.516+0000] {logging_mixin.py:154} INFO - [2023-12-03T09:55:36.516+0000] {dag.py:3722} INFO - Setting next_dagrun for example_sla_dag to 2023-12-03T09:52:00+00:00, run_after=2023-12-03T09:54:00+00:00
[2023-12-03T09:55:36.531+0000] {processor.py:179} INFO - Processing /home/airflow/.local/lib/python3.8/site-packages/airflow/example_dags/example_sla_dag.py took 0.075 seconds
[2023-12-03T09:56:06.843+0000] {processor.py:157} INFO - Started process (PID=1505) to work on /home/airflow/.local/lib/python3.8/site-packages/airflow/example_dags/example_sla_dag.py
[2023-12-03T09:56:06.844+0000] {processor.py:829} INFO - Processing file /home/airflow/.local/lib/python3.8/site-packages/airflow/example_dags/example_sla_dag.py for tasks to queue
[2023-12-03T09:56:06.847+0000] {logging_mixin.py:154} INFO - [2023-12-03T09:56:06.847+0000] {dagbag.py:536} INFO - Filling up the DagBag from /home/airflow/.local/lib/python3.8/site-packages/airflow/example_dags/example_sla_dag.py
[2023-12-03T09:56:06.856+0000] {processor.py:839} INFO - DAG(s) dict_keys(['example_sla_dag']) retrieved from /home/airflow/.local/lib/python3.8/site-packages/airflow/example_dags/example_sla_dag.py
[2023-12-03T09:56:06.875+0000] {logging_mixin.py:154} INFO - [2023-12-03T09:56:06.875+0000] {dag.py:2941} INFO - Sync 1 DAGs
[2023-12-03T09:56:06.898+0000] {logging_mixin.py:154} INFO - [2023-12-03T09:56:06.898+0000] {dag.py:3722} INFO - Setting next_dagrun for example_sla_dag to 2023-12-03T09:54:00+00:00, run_after=2023-12-03T09:56:00+00:00
[2023-12-03T09:56:06.912+0000] {processor.py:179} INFO - Processing /home/airflow/.local/lib/python3.8/site-packages/airflow/example_dags/example_sla_dag.py took 0.074 seconds
[2023-12-03T09:56:37.769+0000] {processor.py:157} INFO - Started process (PID=1563) to work on /home/airflow/.local/lib/python3.8/site-packages/airflow/example_dags/example_sla_dag.py
[2023-12-03T09:56:37.771+0000] {processor.py:829} INFO - Processing file /home/airflow/.local/lib/python3.8/site-packages/airflow/example_dags/example_sla_dag.py for tasks to queue
[2023-12-03T09:56:37.773+0000] {logging_mixin.py:154} INFO - [2023-12-03T09:56:37.773+0000] {dagbag.py:536} INFO - Filling up the DagBag from /home/airflow/.local/lib/python3.8/site-packages/airflow/example_dags/example_sla_dag.py
[2023-12-03T09:56:37.783+0000] {processor.py:839} INFO - DAG(s) dict_keys(['example_sla_dag']) retrieved from /home/airflow/.local/lib/python3.8/site-packages/airflow/example_dags/example_sla_dag.py
[2023-12-03T09:56:37.803+0000] {logging_mixin.py:154} INFO - [2023-12-03T09:56:37.803+0000] {dag.py:2941} INFO - Sync 1 DAGs
[2023-12-03T09:56:37.826+0000] {logging_mixin.py:154} INFO - [2023-12-03T09:56:37.826+0000] {dag.py:3722} INFO - Setting next_dagrun for example_sla_dag to 2023-12-03T09:54:00+00:00, run_after=2023-12-03T09:56:00+00:00
[2023-12-03T09:56:37.843+0000] {processor.py:179} INFO - Processing /home/airflow/.local/lib/python3.8/site-packages/airflow/example_dags/example_sla_dag.py took 0.079 seconds
[2023-12-03T09:57:08.553+0000] {processor.py:157} INFO - Started process (PID=1621) to work on /home/airflow/.local/lib/python3.8/site-packages/airflow/example_dags/example_sla_dag.py
[2023-12-03T09:57:08.555+0000] {processor.py:829} INFO - Processing file /home/airflow/.local/lib/python3.8/site-packages/airflow/example_dags/example_sla_dag.py for tasks to queue
[2023-12-03T09:57:08.558+0000] {logging_mixin.py:154} INFO - [2023-12-03T09:57:08.557+0000] {dagbag.py:536} INFO - Filling up the DagBag from /home/airflow/.local/lib/python3.8/site-packages/airflow/example_dags/example_sla_dag.py
[2023-12-03T09:57:08.567+0000] {processor.py:839} INFO - DAG(s) dict_keys(['example_sla_dag']) retrieved from /home/airflow/.local/lib/python3.8/site-packages/airflow/example_dags/example_sla_dag.py
[2023-12-03T09:57:08.586+0000] {logging_mixin.py:154} INFO - [2023-12-03T09:57:08.586+0000] {dag.py:2941} INFO - Sync 1 DAGs
[2023-12-03T09:57:08.608+0000] {logging_mixin.py:154} INFO - [2023-12-03T09:57:08.608+0000] {dag.py:3722} INFO - Setting next_dagrun for example_sla_dag to 2023-12-03T09:54:00+00:00, run_after=2023-12-03T09:56:00+00:00
[2023-12-03T09:57:08.625+0000] {processor.py:179} INFO - Processing /home/airflow/.local/lib/python3.8/site-packages/airflow/example_dags/example_sla_dag.py took 0.077 seconds
[2023-12-03T09:57:38.661+0000] {processor.py:157} INFO - Started process (PID=1681) to work on /home/airflow/.local/lib/python3.8/site-packages/airflow/example_dags/example_sla_dag.py
[2023-12-03T09:57:38.662+0000] {processor.py:829} INFO - Processing file /home/airflow/.local/lib/python3.8/site-packages/airflow/example_dags/example_sla_dag.py for tasks to queue
[2023-12-03T09:57:38.665+0000] {logging_mixin.py:154} INFO - [2023-12-03T09:57:38.665+0000] {dagbag.py:536} INFO - Filling up the DagBag from /home/airflow/.local/lib/python3.8/site-packages/airflow/example_dags/example_sla_dag.py
[2023-12-03T09:57:38.674+0000] {processor.py:839} INFO - DAG(s) dict_keys(['example_sla_dag']) retrieved from /home/airflow/.local/lib/python3.8/site-packages/airflow/example_dags/example_sla_dag.py
[2023-12-03T09:57:38.690+0000] {logging_mixin.py:154} INFO - [2023-12-03T09:57:38.690+0000] {dag.py:2941} INFO - Sync 1 DAGs
[2023-12-03T09:57:38.709+0000] {logging_mixin.py:154} INFO - [2023-12-03T09:57:38.709+0000] {dag.py:3722} INFO - Setting next_dagrun for example_sla_dag to 2023-12-03T09:54:00+00:00, run_after=2023-12-03T09:56:00+00:00
[2023-12-03T09:57:38.722+0000] {processor.py:179} INFO - Processing /home/airflow/.local/lib/python3.8/site-packages/airflow/example_dags/example_sla_dag.py took 0.065 seconds
[2023-12-03T09:58:08.876+0000] {processor.py:157} INFO - Started process (PID=1739) to work on /home/airflow/.local/lib/python3.8/site-packages/airflow/example_dags/example_sla_dag.py
[2023-12-03T09:58:08.877+0000] {processor.py:829} INFO - Processing file /home/airflow/.local/lib/python3.8/site-packages/airflow/example_dags/example_sla_dag.py for tasks to queue
[2023-12-03T09:58:08.880+0000] {logging_mixin.py:154} INFO - [2023-12-03T09:58:08.880+0000] {dagbag.py:536} INFO - Filling up the DagBag from /home/airflow/.local/lib/python3.8/site-packages/airflow/example_dags/example_sla_dag.py
[2023-12-03T09:58:08.891+0000] {processor.py:839} INFO - DAG(s) dict_keys(['example_sla_dag']) retrieved from /home/airflow/.local/lib/python3.8/site-packages/airflow/example_dags/example_sla_dag.py
[2023-12-03T09:58:08.909+0000] {logging_mixin.py:154} INFO - [2023-12-03T09:58:08.909+0000] {dag.py:2941} INFO - Sync 1 DAGs
[2023-12-03T09:58:08.932+0000] {logging_mixin.py:154} INFO - [2023-12-03T09:58:08.931+0000] {dag.py:3722} INFO - Setting next_dagrun for example_sla_dag to 2023-12-03T09:56:00+00:00, run_after=2023-12-03T09:58:00+00:00
[2023-12-03T09:58:08.947+0000] {processor.py:179} INFO - Processing /home/airflow/.local/lib/python3.8/site-packages/airflow/example_dags/example_sla_dag.py took 0.075 seconds
[2023-12-03T09:58:39.347+0000] {processor.py:157} INFO - Started process (PID=1796) to work on /home/airflow/.local/lib/python3.8/site-packages/airflow/example_dags/example_sla_dag.py
[2023-12-03T09:58:39.349+0000] {processor.py:829} INFO - Processing file /home/airflow/.local/lib/python3.8/site-packages/airflow/example_dags/example_sla_dag.py for tasks to queue
[2023-12-03T09:58:39.352+0000] {logging_mixin.py:154} INFO - [2023-12-03T09:58:39.351+0000] {dagbag.py:536} INFO - Filling up the DagBag from /home/airflow/.local/lib/python3.8/site-packages/airflow/example_dags/example_sla_dag.py
[2023-12-03T09:58:39.362+0000] {processor.py:839} INFO - DAG(s) dict_keys(['example_sla_dag']) retrieved from /home/airflow/.local/lib/python3.8/site-packages/airflow/example_dags/example_sla_dag.py
[2023-12-03T09:58:39.381+0000] {logging_mixin.py:154} INFO - [2023-12-03T09:58:39.381+0000] {dag.py:2941} INFO - Sync 1 DAGs
[2023-12-03T09:58:39.404+0000] {logging_mixin.py:154} INFO - [2023-12-03T09:58:39.404+0000] {dag.py:3722} INFO - Setting next_dagrun for example_sla_dag to 2023-12-03T09:56:00+00:00, run_after=2023-12-03T09:58:00+00:00
[2023-12-03T09:58:39.421+0000] {processor.py:179} INFO - Processing /home/airflow/.local/lib/python3.8/site-packages/airflow/example_dags/example_sla_dag.py took 0.078 seconds
[2023-12-03T09:59:09.990+0000] {processor.py:157} INFO - Started process (PID=1854) to work on /home/airflow/.local/lib/python3.8/site-packages/airflow/example_dags/example_sla_dag.py
[2023-12-03T09:59:09.991+0000] {processor.py:829} INFO - Processing file /home/airflow/.local/lib/python3.8/site-packages/airflow/example_dags/example_sla_dag.py for tasks to queue
[2023-12-03T09:59:09.995+0000] {logging_mixin.py:154} INFO - [2023-12-03T09:59:09.994+0000] {dagbag.py:536} INFO - Filling up the DagBag from /home/airflow/.local/lib/python3.8/site-packages/airflow/example_dags/example_sla_dag.py
[2023-12-03T09:59:10.004+0000] {processor.py:839} INFO - DAG(s) dict_keys(['example_sla_dag']) retrieved from /home/airflow/.local/lib/python3.8/site-packages/airflow/example_dags/example_sla_dag.py
[2023-12-03T09:59:10.022+0000] {logging_mixin.py:154} INFO - [2023-12-03T09:59:10.022+0000] {dag.py:2941} INFO - Sync 1 DAGs
[2023-12-03T09:59:10.043+0000] {logging_mixin.py:154} INFO - [2023-12-03T09:59:10.042+0000] {dag.py:3722} INFO - Setting next_dagrun for example_sla_dag to 2023-12-03T09:56:00+00:00, run_after=2023-12-03T09:58:00+00:00
[2023-12-03T09:59:10.058+0000] {processor.py:179} INFO - Processing /home/airflow/.local/lib/python3.8/site-packages/airflow/example_dags/example_sla_dag.py took 0.074 seconds
[2023-12-03T09:59:40.920+0000] {processor.py:157} INFO - Started process (PID=1913) to work on /home/airflow/.local/lib/python3.8/site-packages/airflow/example_dags/example_sla_dag.py
[2023-12-03T09:59:40.922+0000] {processor.py:829} INFO - Processing file /home/airflow/.local/lib/python3.8/site-packages/airflow/example_dags/example_sla_dag.py for tasks to queue
[2023-12-03T09:59:40.925+0000] {logging_mixin.py:154} INFO - [2023-12-03T09:59:40.924+0000] {dagbag.py:536} INFO - Filling up the DagBag from /home/airflow/.local/lib/python3.8/site-packages/airflow/example_dags/example_sla_dag.py
[2023-12-03T09:59:40.934+0000] {processor.py:839} INFO - DAG(s) dict_keys(['example_sla_dag']) retrieved from /home/airflow/.local/lib/python3.8/site-packages/airflow/example_dags/example_sla_dag.py
[2023-12-03T09:59:40.952+0000] {logging_mixin.py:154} INFO - [2023-12-03T09:59:40.952+0000] {dag.py:2941} INFO - Sync 1 DAGs
[2023-12-03T09:59:40.975+0000] {logging_mixin.py:154} INFO - [2023-12-03T09:59:40.974+0000] {dag.py:3722} INFO - Setting next_dagrun for example_sla_dag to 2023-12-03T09:56:00+00:00, run_after=2023-12-03T09:58:00+00:00
[2023-12-03T09:59:40.992+0000] {processor.py:179} INFO - Processing /home/airflow/.local/lib/python3.8/site-packages/airflow/example_dags/example_sla_dag.py took 0.076 seconds
[2023-12-03T10:00:11.152+0000] {processor.py:157} INFO - Started process (PID=1973) to work on /home/airflow/.local/lib/python3.8/site-packages/airflow/example_dags/example_sla_dag.py
[2023-12-03T10:00:11.153+0000] {processor.py:829} INFO - Processing file /home/airflow/.local/lib/python3.8/site-packages/airflow/example_dags/example_sla_dag.py for tasks to queue
[2023-12-03T10:00:11.159+0000] {logging_mixin.py:154} INFO - [2023-12-03T10:00:11.159+0000] {dagbag.py:536} INFO - Filling up the DagBag from /home/airflow/.local/lib/python3.8/site-packages/airflow/example_dags/example_sla_dag.py
[2023-12-03T10:00:11.169+0000] {processor.py:839} INFO - DAG(s) dict_keys(['example_sla_dag']) retrieved from /home/airflow/.local/lib/python3.8/site-packages/airflow/example_dags/example_sla_dag.py
[2023-12-03T10:00:11.206+0000] {logging_mixin.py:154} INFO - [2023-12-03T10:00:11.206+0000] {dag.py:2941} INFO - Sync 1 DAGs
[2023-12-03T10:00:11.254+0000] {logging_mixin.py:154} INFO - [2023-12-03T10:00:11.254+0000] {dag.py:3722} INFO - Setting next_dagrun for example_sla_dag to 2023-12-03T09:58:00+00:00, run_after=2023-12-03T10:00:00+00:00
[2023-12-03T10:00:11.282+0000] {processor.py:179} INFO - Processing /home/airflow/.local/lib/python3.8/site-packages/airflow/example_dags/example_sla_dag.py took 0.134 seconds
[2023-12-03T10:00:41.372+0000] {processor.py:157} INFO - Started process (PID=2031) to work on /home/airflow/.local/lib/python3.8/site-packages/airflow/example_dags/example_sla_dag.py
[2023-12-03T10:00:41.374+0000] {processor.py:829} INFO - Processing file /home/airflow/.local/lib/python3.8/site-packages/airflow/example_dags/example_sla_dag.py for tasks to queue
[2023-12-03T10:00:41.377+0000] {logging_mixin.py:154} INFO - [2023-12-03T10:00:41.376+0000] {dagbag.py:536} INFO - Filling up the DagBag from /home/airflow/.local/lib/python3.8/site-packages/airflow/example_dags/example_sla_dag.py
[2023-12-03T10:00:41.386+0000] {processor.py:839} INFO - DAG(s) dict_keys(['example_sla_dag']) retrieved from /home/airflow/.local/lib/python3.8/site-packages/airflow/example_dags/example_sla_dag.py
[2023-12-03T10:00:41.410+0000] {logging_mixin.py:154} INFO - [2023-12-03T10:00:41.410+0000] {dag.py:2941} INFO - Sync 1 DAGs
[2023-12-03T10:00:41.438+0000] {logging_mixin.py:154} INFO - [2023-12-03T10:00:41.438+0000] {dag.py:3722} INFO - Setting next_dagrun for example_sla_dag to 2023-12-03T09:58:00+00:00, run_after=2023-12-03T10:00:00+00:00
[2023-12-03T10:00:41.457+0000] {processor.py:179} INFO - Processing /home/airflow/.local/lib/python3.8/site-packages/airflow/example_dags/example_sla_dag.py took 0.090 seconds
[2023-12-03T10:01:11.667+0000] {processor.py:157} INFO - Started process (PID=2089) to work on /home/airflow/.local/lib/python3.8/site-packages/airflow/example_dags/example_sla_dag.py
[2023-12-03T10:01:11.669+0000] {processor.py:829} INFO - Processing file /home/airflow/.local/lib/python3.8/site-packages/airflow/example_dags/example_sla_dag.py for tasks to queue
[2023-12-03T10:01:11.671+0000] {logging_mixin.py:154} INFO - [2023-12-03T10:01:11.671+0000] {dagbag.py:536} INFO - Filling up the DagBag from /home/airflow/.local/lib/python3.8/site-packages/airflow/example_dags/example_sla_dag.py
[2023-12-03T10:01:11.680+0000] {processor.py:839} INFO - DAG(s) dict_keys(['example_sla_dag']) retrieved from /home/airflow/.local/lib/python3.8/site-packages/airflow/example_dags/example_sla_dag.py
[2023-12-03T10:01:11.700+0000] {logging_mixin.py:154} INFO - [2023-12-03T10:01:11.700+0000] {dag.py:2941} INFO - Sync 1 DAGs
[2023-12-03T10:01:11.723+0000] {logging_mixin.py:154} INFO - [2023-12-03T10:01:11.723+0000] {dag.py:3722} INFO - Setting next_dagrun for example_sla_dag to 2023-12-03T09:58:00+00:00, run_after=2023-12-03T10:00:00+00:00
[2023-12-03T10:01:11.739+0000] {processor.py:179} INFO - Processing /home/airflow/.local/lib/python3.8/site-packages/airflow/example_dags/example_sla_dag.py took 0.077 seconds
[2023-12-03T10:01:41.855+0000] {processor.py:157} INFO - Started process (PID=2147) to work on /home/airflow/.local/lib/python3.8/site-packages/airflow/example_dags/example_sla_dag.py
[2023-12-03T10:01:41.856+0000] {processor.py:829} INFO - Processing file /home/airflow/.local/lib/python3.8/site-packages/airflow/example_dags/example_sla_dag.py for tasks to queue
[2023-12-03T10:01:41.860+0000] {logging_mixin.py:154} INFO - [2023-12-03T10:01:41.859+0000] {dagbag.py:536} INFO - Filling up the DagBag from /home/airflow/.local/lib/python3.8/site-packages/airflow/example_dags/example_sla_dag.py
[2023-12-03T10:01:41.871+0000] {processor.py:839} INFO - DAG(s) dict_keys(['example_sla_dag']) retrieved from /home/airflow/.local/lib/python3.8/site-packages/airflow/example_dags/example_sla_dag.py
[2023-12-03T10:01:41.899+0000] {logging_mixin.py:154} INFO - [2023-12-03T10:01:41.898+0000] {dag.py:2941} INFO - Sync 1 DAGs
[2023-12-03T10:01:41.929+0000] {logging_mixin.py:154} INFO - [2023-12-03T10:01:41.929+0000] {dag.py:3722} INFO - Setting next_dagrun for example_sla_dag to 2023-12-03T09:58:00+00:00, run_after=2023-12-03T10:00:00+00:00
[2023-12-03T10:01:41.950+0000] {processor.py:179} INFO - Processing /home/airflow/.local/lib/python3.8/site-packages/airflow/example_dags/example_sla_dag.py took 0.100 seconds
[2023-12-03T10:02:12.948+0000] {processor.py:157} INFO - Started process (PID=2207) to work on /home/airflow/.local/lib/python3.8/site-packages/airflow/example_dags/example_sla_dag.py
[2023-12-03T10:02:12.950+0000] {processor.py:829} INFO - Processing file /home/airflow/.local/lib/python3.8/site-packages/airflow/example_dags/example_sla_dag.py for tasks to queue
[2023-12-03T10:02:12.953+0000] {logging_mixin.py:154} INFO - [2023-12-03T10:02:12.953+0000] {dagbag.py:536} INFO - Filling up the DagBag from /home/airflow/.local/lib/python3.8/site-packages/airflow/example_dags/example_sla_dag.py
[2023-12-03T10:02:12.964+0000] {processor.py:839} INFO - DAG(s) dict_keys(['example_sla_dag']) retrieved from /home/airflow/.local/lib/python3.8/site-packages/airflow/example_dags/example_sla_dag.py
[2023-12-03T10:02:12.989+0000] {logging_mixin.py:154} INFO - [2023-12-03T10:02:12.989+0000] {dag.py:2941} INFO - Sync 1 DAGs
[2023-12-03T10:02:13.021+0000] {logging_mixin.py:154} INFO - [2023-12-03T10:02:13.020+0000] {dag.py:3722} INFO - Setting next_dagrun for example_sla_dag to 2023-12-03T10:00:00+00:00, run_after=2023-12-03T10:02:00+00:00
[2023-12-03T10:02:13.042+0000] {processor.py:179} INFO - Processing /home/airflow/.local/lib/python3.8/site-packages/airflow/example_dags/example_sla_dag.py took 0.098 seconds
[2023-12-03T10:02:43.290+0000] {processor.py:157} INFO - Started process (PID=2265) to work on /home/airflow/.local/lib/python3.8/site-packages/airflow/example_dags/example_sla_dag.py
[2023-12-03T10:02:43.292+0000] {processor.py:829} INFO - Processing file /home/airflow/.local/lib/python3.8/site-packages/airflow/example_dags/example_sla_dag.py for tasks to queue
[2023-12-03T10:02:43.295+0000] {logging_mixin.py:154} INFO - [2023-12-03T10:02:43.294+0000] {dagbag.py:536} INFO - Filling up the DagBag from /home/airflow/.local/lib/python3.8/site-packages/airflow/example_dags/example_sla_dag.py
[2023-12-03T10:02:43.303+0000] {processor.py:839} INFO - DAG(s) dict_keys(['example_sla_dag']) retrieved from /home/airflow/.local/lib/python3.8/site-packages/airflow/example_dags/example_sla_dag.py
[2023-12-03T10:02:43.323+0000] {logging_mixin.py:154} INFO - [2023-12-03T10:02:43.323+0000] {dag.py:2941} INFO - Sync 1 DAGs
[2023-12-03T10:02:43.345+0000] {logging_mixin.py:154} INFO - [2023-12-03T10:02:43.345+0000] {dag.py:3722} INFO - Setting next_dagrun for example_sla_dag to 2023-12-03T10:00:00+00:00, run_after=2023-12-03T10:02:00+00:00
[2023-12-03T10:02:43.361+0000] {processor.py:179} INFO - Processing /home/airflow/.local/lib/python3.8/site-packages/airflow/example_dags/example_sla_dag.py took 0.074 seconds
[2023-12-03T10:03:13.558+0000] {processor.py:157} INFO - Started process (PID=2323) to work on /home/airflow/.local/lib/python3.8/site-packages/airflow/example_dags/example_sla_dag.py
[2023-12-03T10:03:13.560+0000] {processor.py:829} INFO - Processing file /home/airflow/.local/lib/python3.8/site-packages/airflow/example_dags/example_sla_dag.py for tasks to queue
[2023-12-03T10:03:13.562+0000] {logging_mixin.py:154} INFO - [2023-12-03T10:03:13.562+0000] {dagbag.py:536} INFO - Filling up the DagBag from /home/airflow/.local/lib/python3.8/site-packages/airflow/example_dags/example_sla_dag.py
[2023-12-03T10:03:13.571+0000] {processor.py:839} INFO - DAG(s) dict_keys(['example_sla_dag']) retrieved from /home/airflow/.local/lib/python3.8/site-packages/airflow/example_dags/example_sla_dag.py
[2023-12-03T10:03:13.589+0000] {logging_mixin.py:154} INFO - [2023-12-03T10:03:13.589+0000] {dag.py:2941} INFO - Sync 1 DAGs
[2023-12-03T10:03:13.612+0000] {logging_mixin.py:154} INFO - [2023-12-03T10:03:13.612+0000] {dag.py:3722} INFO - Setting next_dagrun for example_sla_dag to 2023-12-03T10:00:00+00:00, run_after=2023-12-03T10:02:00+00:00
[2023-12-03T10:03:13.629+0000] {processor.py:179} INFO - Processing /home/airflow/.local/lib/python3.8/site-packages/airflow/example_dags/example_sla_dag.py took 0.075 seconds
[2023-12-03T10:03:43.940+0000] {processor.py:157} INFO - Started process (PID=2381) to work on /home/airflow/.local/lib/python3.8/site-packages/airflow/example_dags/example_sla_dag.py
[2023-12-03T10:03:43.941+0000] {processor.py:829} INFO - Processing file /home/airflow/.local/lib/python3.8/site-packages/airflow/example_dags/example_sla_dag.py for tasks to queue
[2023-12-03T10:03:43.944+0000] {logging_mixin.py:154} INFO - [2023-12-03T10:03:43.944+0000] {dagbag.py:536} INFO - Filling up the DagBag from /home/airflow/.local/lib/python3.8/site-packages/airflow/example_dags/example_sla_dag.py
[2023-12-03T10:03:43.953+0000] {processor.py:839} INFO - DAG(s) dict_keys(['example_sla_dag']) retrieved from /home/airflow/.local/lib/python3.8/site-packages/airflow/example_dags/example_sla_dag.py
[2023-12-03T10:03:43.975+0000] {logging_mixin.py:154} INFO - [2023-12-03T10:03:43.975+0000] {dag.py:2941} INFO - Sync 1 DAGs
[2023-12-03T10:03:43.998+0000] {logging_mixin.py:154} INFO - [2023-12-03T10:03:43.997+0000] {dag.py:3722} INFO - Setting next_dagrun for example_sla_dag to 2023-12-03T10:00:00+00:00, run_after=2023-12-03T10:02:00+00:00
[2023-12-03T10:03:44.013+0000] {processor.py:179} INFO - Processing /home/airflow/.local/lib/python3.8/site-packages/airflow/example_dags/example_sla_dag.py took 0.077 seconds
[2023-12-03T10:04:14.680+0000] {processor.py:157} INFO - Started process (PID=2439) to work on /home/airflow/.local/lib/python3.8/site-packages/airflow/example_dags/example_sla_dag.py
[2023-12-03T10:04:14.681+0000] {processor.py:829} INFO - Processing file /home/airflow/.local/lib/python3.8/site-packages/airflow/example_dags/example_sla_dag.py for tasks to queue
[2023-12-03T10:04:14.684+0000] {logging_mixin.py:154} INFO - [2023-12-03T10:04:14.684+0000] {dagbag.py:536} INFO - Filling up the DagBag from /home/airflow/.local/lib/python3.8/site-packages/airflow/example_dags/example_sla_dag.py
[2023-12-03T10:04:14.693+0000] {processor.py:839} INFO - DAG(s) dict_keys(['example_sla_dag']) retrieved from /home/airflow/.local/lib/python3.8/site-packages/airflow/example_dags/example_sla_dag.py
[2023-12-03T10:04:14.711+0000] {logging_mixin.py:154} INFO - [2023-12-03T10:04:14.711+0000] {dag.py:2941} INFO - Sync 1 DAGs
[2023-12-03T10:04:14.733+0000] {logging_mixin.py:154} INFO - [2023-12-03T10:04:14.733+0000] {dag.py:3722} INFO - Setting next_dagrun for example_sla_dag to 2023-12-03T10:02:00+00:00, run_after=2023-12-03T10:04:00+00:00
[2023-12-03T10:04:14.749+0000] {processor.py:179} INFO - Processing /home/airflow/.local/lib/python3.8/site-packages/airflow/example_dags/example_sla_dag.py took 0.074 seconds
[2023-12-03T10:04:45.278+0000] {processor.py:157} INFO - Started process (PID=2497) to work on /home/airflow/.local/lib/python3.8/site-packages/airflow/example_dags/example_sla_dag.py
[2023-12-03T10:04:45.280+0000] {processor.py:829} INFO - Processing file /home/airflow/.local/lib/python3.8/site-packages/airflow/example_dags/example_sla_dag.py for tasks to queue
[2023-12-03T10:04:45.283+0000] {logging_mixin.py:154} INFO - [2023-12-03T10:04:45.283+0000] {dagbag.py:536} INFO - Filling up the DagBag from /home/airflow/.local/lib/python3.8/site-packages/airflow/example_dags/example_sla_dag.py
[2023-12-03T10:04:45.293+0000] {processor.py:839} INFO - DAG(s) dict_keys(['example_sla_dag']) retrieved from /home/airflow/.local/lib/python3.8/site-packages/airflow/example_dags/example_sla_dag.py
[2023-12-03T10:04:45.310+0000] {logging_mixin.py:154} INFO - [2023-12-03T10:04:45.310+0000] {dag.py:2941} INFO - Sync 1 DAGs
[2023-12-03T10:04:45.333+0000] {logging_mixin.py:154} INFO - [2023-12-03T10:04:45.333+0000] {dag.py:3722} INFO - Setting next_dagrun for example_sla_dag to 2023-12-03T10:02:00+00:00, run_after=2023-12-03T10:04:00+00:00
[2023-12-03T10:04:45.348+0000] {processor.py:179} INFO - Processing /home/airflow/.local/lib/python3.8/site-packages/airflow/example_dags/example_sla_dag.py took 0.075 seconds
[2023-12-03T10:05:15.438+0000] {processor.py:157} INFO - Started process (PID=2555) to work on /home/airflow/.local/lib/python3.8/site-packages/airflow/example_dags/example_sla_dag.py
[2023-12-03T10:05:15.439+0000] {processor.py:829} INFO - Processing file /home/airflow/.local/lib/python3.8/site-packages/airflow/example_dags/example_sla_dag.py for tasks to queue
[2023-12-03T10:05:15.441+0000] {logging_mixin.py:154} INFO - [2023-12-03T10:05:15.441+0000] {dagbag.py:536} INFO - Filling up the DagBag from /home/airflow/.local/lib/python3.8/site-packages/airflow/example_dags/example_sla_dag.py
[2023-12-03T10:05:15.452+0000] {processor.py:839} INFO - DAG(s) dict_keys(['example_sla_dag']) retrieved from /home/airflow/.local/lib/python3.8/site-packages/airflow/example_dags/example_sla_dag.py
[2023-12-03T10:05:15.471+0000] {logging_mixin.py:154} INFO - [2023-12-03T10:05:15.471+0000] {dag.py:2941} INFO - Sync 1 DAGs
[2023-12-03T10:05:15.494+0000] {logging_mixin.py:154} INFO - [2023-12-03T10:05:15.494+0000] {dag.py:3722} INFO - Setting next_dagrun for example_sla_dag to 2023-12-03T10:02:00+00:00, run_after=2023-12-03T10:04:00+00:00
[2023-12-03T10:05:15.510+0000] {processor.py:179} INFO - Processing /home/airflow/.local/lib/python3.8/site-packages/airflow/example_dags/example_sla_dag.py took 0.076 seconds
[2023-12-03T10:05:45.609+0000] {processor.py:157} INFO - Started process (PID=2612) to work on /home/airflow/.local/lib/python3.8/site-packages/airflow/example_dags/example_sla_dag.py
[2023-12-03T10:05:45.611+0000] {processor.py:829} INFO - Processing file /home/airflow/.local/lib/python3.8/site-packages/airflow/example_dags/example_sla_dag.py for tasks to queue
[2023-12-03T10:05:45.614+0000] {logging_mixin.py:154} INFO - [2023-12-03T10:05:45.614+0000] {dagbag.py:536} INFO - Filling up the DagBag from /home/airflow/.local/lib/python3.8/site-packages/airflow/example_dags/example_sla_dag.py
[2023-12-03T10:05:45.623+0000] {processor.py:839} INFO - DAG(s) dict_keys(['example_sla_dag']) retrieved from /home/airflow/.local/lib/python3.8/site-packages/airflow/example_dags/example_sla_dag.py
[2023-12-03T10:05:45.644+0000] {logging_mixin.py:154} INFO - [2023-12-03T10:05:45.644+0000] {dag.py:2941} INFO - Sync 1 DAGs
[2023-12-03T10:05:45.668+0000] {logging_mixin.py:154} INFO - [2023-12-03T10:05:45.668+0000] {dag.py:3722} INFO - Setting next_dagrun for example_sla_dag to 2023-12-03T10:02:00+00:00, run_after=2023-12-03T10:04:00+00:00
[2023-12-03T10:05:45.683+0000] {processor.py:179} INFO - Processing /home/airflow/.local/lib/python3.8/site-packages/airflow/example_dags/example_sla_dag.py took 0.078 seconds
[2023-12-03T10:06:15.868+0000] {processor.py:157} INFO - Started process (PID=2670) to work on /home/airflow/.local/lib/python3.8/site-packages/airflow/example_dags/example_sla_dag.py
[2023-12-03T10:06:15.869+0000] {processor.py:829} INFO - Processing file /home/airflow/.local/lib/python3.8/site-packages/airflow/example_dags/example_sla_dag.py for tasks to queue
[2023-12-03T10:06:15.872+0000] {logging_mixin.py:154} INFO - [2023-12-03T10:06:15.872+0000] {dagbag.py:536} INFO - Filling up the DagBag from /home/airflow/.local/lib/python3.8/site-packages/airflow/example_dags/example_sla_dag.py
[2023-12-03T10:06:15.881+0000] {processor.py:839} INFO - DAG(s) dict_keys(['example_sla_dag']) retrieved from /home/airflow/.local/lib/python3.8/site-packages/airflow/example_dags/example_sla_dag.py
[2023-12-03T10:06:15.899+0000] {logging_mixin.py:154} INFO - [2023-12-03T10:06:15.899+0000] {dag.py:2941} INFO - Sync 1 DAGs
[2023-12-03T10:06:15.921+0000] {logging_mixin.py:154} INFO - [2023-12-03T10:06:15.921+0000] {dag.py:3722} INFO - Setting next_dagrun for example_sla_dag to 2023-12-03T10:04:00+00:00, run_after=2023-12-03T10:06:00+00:00
[2023-12-03T10:06:15.936+0000] {processor.py:179} INFO - Processing /home/airflow/.local/lib/python3.8/site-packages/airflow/example_dags/example_sla_dag.py took 0.073 seconds
[2023-12-03T10:06:46.253+0000] {processor.py:157} INFO - Started process (PID=2728) to work on /home/airflow/.local/lib/python3.8/site-packages/airflow/example_dags/example_sla_dag.py
[2023-12-03T10:06:46.254+0000] {processor.py:829} INFO - Processing file /home/airflow/.local/lib/python3.8/site-packages/airflow/example_dags/example_sla_dag.py for tasks to queue
[2023-12-03T10:06:46.257+0000] {logging_mixin.py:154} INFO - [2023-12-03T10:06:46.256+0000] {dagbag.py:536} INFO - Filling up the DagBag from /home/airflow/.local/lib/python3.8/site-packages/airflow/example_dags/example_sla_dag.py
[2023-12-03T10:06:46.266+0000] {processor.py:839} INFO - DAG(s) dict_keys(['example_sla_dag']) retrieved from /home/airflow/.local/lib/python3.8/site-packages/airflow/example_dags/example_sla_dag.py
[2023-12-03T10:06:46.285+0000] {logging_mixin.py:154} INFO - [2023-12-03T10:06:46.285+0000] {dag.py:2941} INFO - Sync 1 DAGs
[2023-12-03T10:06:46.308+0000] {logging_mixin.py:154} INFO - [2023-12-03T10:06:46.307+0000] {dag.py:3722} INFO - Setting next_dagrun for example_sla_dag to 2023-12-03T10:04:00+00:00, run_after=2023-12-03T10:06:00+00:00
[2023-12-03T10:06:46.324+0000] {processor.py:179} INFO - Processing /home/airflow/.local/lib/python3.8/site-packages/airflow/example_dags/example_sla_dag.py took 0.075 seconds
[2023-12-03T10:07:16.412+0000] {processor.py:157} INFO - Started process (PID=2786) to work on /home/airflow/.local/lib/python3.8/site-packages/airflow/example_dags/example_sla_dag.py
[2023-12-03T10:07:16.413+0000] {processor.py:829} INFO - Processing file /home/airflow/.local/lib/python3.8/site-packages/airflow/example_dags/example_sla_dag.py for tasks to queue
[2023-12-03T10:07:16.416+0000] {logging_mixin.py:154} INFO - [2023-12-03T10:07:16.416+0000] {dagbag.py:536} INFO - Filling up the DagBag from /home/airflow/.local/lib/python3.8/site-packages/airflow/example_dags/example_sla_dag.py
[2023-12-03T10:07:16.424+0000] {processor.py:839} INFO - DAG(s) dict_keys(['example_sla_dag']) retrieved from /home/airflow/.local/lib/python3.8/site-packages/airflow/example_dags/example_sla_dag.py
[2023-12-03T10:07:16.443+0000] {logging_mixin.py:154} INFO - [2023-12-03T10:07:16.443+0000] {dag.py:2941} INFO - Sync 1 DAGs
[2023-12-03T10:07:16.466+0000] {logging_mixin.py:154} INFO - [2023-12-03T10:07:16.465+0000] {dag.py:3722} INFO - Setting next_dagrun for example_sla_dag to 2023-12-03T10:04:00+00:00, run_after=2023-12-03T10:06:00+00:00
[2023-12-03T10:07:16.482+0000] {processor.py:179} INFO - Processing /home/airflow/.local/lib/python3.8/site-packages/airflow/example_dags/example_sla_dag.py took 0.074 seconds
[2023-12-03T10:07:46.832+0000] {processor.py:157} INFO - Started process (PID=2844) to work on /home/airflow/.local/lib/python3.8/site-packages/airflow/example_dags/example_sla_dag.py
[2023-12-03T10:07:46.833+0000] {processor.py:829} INFO - Processing file /home/airflow/.local/lib/python3.8/site-packages/airflow/example_dags/example_sla_dag.py for tasks to queue
[2023-12-03T10:07:46.836+0000] {logging_mixin.py:154} INFO - [2023-12-03T10:07:46.836+0000] {dagbag.py:536} INFO - Filling up the DagBag from /home/airflow/.local/lib/python3.8/site-packages/airflow/example_dags/example_sla_dag.py
[2023-12-03T10:07:46.845+0000] {processor.py:839} INFO - DAG(s) dict_keys(['example_sla_dag']) retrieved from /home/airflow/.local/lib/python3.8/site-packages/airflow/example_dags/example_sla_dag.py
[2023-12-03T10:07:46.859+0000] {logging_mixin.py:154} INFO - [2023-12-03T10:07:46.859+0000] {dag.py:2941} INFO - Sync 1 DAGs
[2023-12-03T10:07:46.875+0000] {logging_mixin.py:154} INFO - [2023-12-03T10:07:46.875+0000] {dag.py:3722} INFO - Setting next_dagrun for example_sla_dag to 2023-12-03T10:04:00+00:00, run_after=2023-12-03T10:06:00+00:00
[2023-12-03T10:07:46.887+0000] {processor.py:179} INFO - Processing /home/airflow/.local/lib/python3.8/site-packages/airflow/example_dags/example_sla_dag.py took 0.060 seconds
[2023-12-03T11:28:19.580+0000] {processor.py:157} INFO - Started process (PID=2900) to work on /home/airflow/.local/lib/python3.8/site-packages/airflow/example_dags/example_sla_dag.py
[2023-12-03T11:28:19.582+0000] {processor.py:829} INFO - Processing file /home/airflow/.local/lib/python3.8/site-packages/airflow/example_dags/example_sla_dag.py for tasks to queue
[2023-12-03T11:28:19.585+0000] {logging_mixin.py:154} INFO - [2023-12-03T11:28:19.584+0000] {dagbag.py:536} INFO - Filling up the DagBag from /home/airflow/.local/lib/python3.8/site-packages/airflow/example_dags/example_sla_dag.py
[2023-12-03T11:28:19.595+0000] {processor.py:839} INFO - DAG(s) dict_keys(['example_sla_dag']) retrieved from /home/airflow/.local/lib/python3.8/site-packages/airflow/example_dags/example_sla_dag.py
[2023-12-03T11:28:19.619+0000] {logging_mixin.py:154} INFO - [2023-12-03T11:28:19.619+0000] {dag.py:2941} INFO - Sync 1 DAGs
[2023-12-03T11:28:19.646+0000] {logging_mixin.py:154} INFO - [2023-12-03T11:28:19.646+0000] {dag.py:3722} INFO - Setting next_dagrun for example_sla_dag to 2023-12-03T11:26:00+00:00, run_after=2023-12-03T11:28:00+00:00
[2023-12-03T11:28:19.664+0000] {processor.py:179} INFO - Processing /home/airflow/.local/lib/python3.8/site-packages/airflow/example_dags/example_sla_dag.py took 0.088 seconds
[2023-12-03T12:09:29.138+0000] {processor.py:157} INFO - Started process (PID=2957) to work on /home/airflow/.local/lib/python3.8/site-packages/airflow/example_dags/example_sla_dag.py
[2023-12-03T12:09:29.140+0000] {processor.py:829} INFO - Processing file /home/airflow/.local/lib/python3.8/site-packages/airflow/example_dags/example_sla_dag.py for tasks to queue
[2023-12-03T12:09:29.142+0000] {logging_mixin.py:154} INFO - [2023-12-03T12:09:29.142+0000] {dagbag.py:536} INFO - Filling up the DagBag from /home/airflow/.local/lib/python3.8/site-packages/airflow/example_dags/example_sla_dag.py
[2023-12-03T12:09:29.150+0000] {processor.py:839} INFO - DAG(s) dict_keys(['example_sla_dag']) retrieved from /home/airflow/.local/lib/python3.8/site-packages/airflow/example_dags/example_sla_dag.py
[2023-12-03T12:09:29.167+0000] {logging_mixin.py:154} INFO - [2023-12-03T12:09:29.167+0000] {dag.py:2941} INFO - Sync 1 DAGs
[2023-12-03T12:09:29.189+0000] {logging_mixin.py:154} INFO - [2023-12-03T12:09:29.189+0000] {dag.py:3722} INFO - Setting next_dagrun for example_sla_dag to 2023-12-03T12:06:00+00:00, run_after=2023-12-03T12:08:00+00:00
[2023-12-03T12:09:29.203+0000] {processor.py:179} INFO - Processing /home/airflow/.local/lib/python3.8/site-packages/airflow/example_dags/example_sla_dag.py took 0.068 seconds
[2023-12-03T12:27:30.999+0000] {processor.py:157} INFO - Started process (PID=3015) to work on /home/airflow/.local/lib/python3.8/site-packages/airflow/example_dags/example_sla_dag.py
[2023-12-03T12:27:31.001+0000] {processor.py:829} INFO - Processing file /home/airflow/.local/lib/python3.8/site-packages/airflow/example_dags/example_sla_dag.py for tasks to queue
[2023-12-03T12:27:31.005+0000] {logging_mixin.py:154} INFO - [2023-12-03T12:27:31.005+0000] {dagbag.py:536} INFO - Filling up the DagBag from /home/airflow/.local/lib/python3.8/site-packages/airflow/example_dags/example_sla_dag.py
[2023-12-03T12:27:31.015+0000] {processor.py:839} INFO - DAG(s) dict_keys(['example_sla_dag']) retrieved from /home/airflow/.local/lib/python3.8/site-packages/airflow/example_dags/example_sla_dag.py
[2023-12-03T12:27:31.039+0000] {logging_mixin.py:154} INFO - [2023-12-03T12:27:31.039+0000] {dag.py:2941} INFO - Sync 1 DAGs
[2023-12-03T12:27:31.063+0000] {logging_mixin.py:154} INFO - [2023-12-03T12:27:31.063+0000] {dag.py:3722} INFO - Setting next_dagrun for example_sla_dag to 2023-12-03T12:24:00+00:00, run_after=2023-12-03T12:26:00+00:00
[2023-12-03T12:27:31.098+0000] {processor.py:179} INFO - Processing /home/airflow/.local/lib/python3.8/site-packages/airflow/example_dags/example_sla_dag.py took 0.103 seconds
[2023-12-03T12:44:53.901+0000] {processor.py:157} INFO - Started process (PID=3066) to work on /home/airflow/.local/lib/python3.8/site-packages/airflow/example_dags/example_sla_dag.py
[2023-12-03T12:44:53.910+0000] {processor.py:829} INFO - Processing file /home/airflow/.local/lib/python3.8/site-packages/airflow/example_dags/example_sla_dag.py for tasks to queue
[2023-12-03T12:44:53.915+0000] {logging_mixin.py:154} INFO - [2023-12-03T12:44:53.915+0000] {dagbag.py:536} INFO - Filling up the DagBag from /home/airflow/.local/lib/python3.8/site-packages/airflow/example_dags/example_sla_dag.py
[2023-12-03T12:44:53.929+0000] {processor.py:839} INFO - DAG(s) dict_keys(['example_sla_dag']) retrieved from /home/airflow/.local/lib/python3.8/site-packages/airflow/example_dags/example_sla_dag.py
[2023-12-03T12:44:53.969+0000] {logging_mixin.py:154} INFO - [2023-12-03T12:44:53.969+0000] {dag.py:2941} INFO - Sync 1 DAGs
[2023-12-03T12:44:54.031+0000] {logging_mixin.py:154} INFO - [2023-12-03T12:44:54.031+0000] {dag.py:3722} INFO - Setting next_dagrun for example_sla_dag to 2023-12-03T12:42:00+00:00, run_after=2023-12-03T12:44:00+00:00
[2023-12-03T12:44:54.076+0000] {processor.py:179} INFO - Processing /home/airflow/.local/lib/python3.8/site-packages/airflow/example_dags/example_sla_dag.py took 0.179 seconds
[2023-12-03T13:35:10.175+0000] {processor.py:157} INFO - Started process (PID=3124) to work on /home/airflow/.local/lib/python3.8/site-packages/airflow/example_dags/example_sla_dag.py
[2023-12-03T13:35:10.176+0000] {processor.py:829} INFO - Processing file /home/airflow/.local/lib/python3.8/site-packages/airflow/example_dags/example_sla_dag.py for tasks to queue
[2023-12-03T13:35:10.178+0000] {logging_mixin.py:154} INFO - [2023-12-03T13:35:10.178+0000] {dagbag.py:536} INFO - Filling up the DagBag from /home/airflow/.local/lib/python3.8/site-packages/airflow/example_dags/example_sla_dag.py
[2023-12-03T13:35:10.186+0000] {processor.py:839} INFO - DAG(s) dict_keys(['example_sla_dag']) retrieved from /home/airflow/.local/lib/python3.8/site-packages/airflow/example_dags/example_sla_dag.py
[2023-12-03T13:35:10.205+0000] {logging_mixin.py:154} INFO - [2023-12-03T13:35:10.205+0000] {dag.py:2941} INFO - Sync 1 DAGs
[2023-12-03T13:35:10.225+0000] {logging_mixin.py:154} INFO - [2023-12-03T13:35:10.224+0000] {dag.py:3722} INFO - Setting next_dagrun for example_sla_dag to 2023-12-03T13:32:00+00:00, run_after=2023-12-03T13:34:00+00:00
[2023-12-03T13:35:10.237+0000] {processor.py:179} INFO - Processing /home/airflow/.local/lib/python3.8/site-packages/airflow/example_dags/example_sla_dag.py took 0.066 seconds
[2023-12-03T14:27:23.474+0000] {processor.py:157} INFO - Started process (PID=3182) to work on /home/airflow/.local/lib/python3.8/site-packages/airflow/example_dags/example_sla_dag.py
[2023-12-03T14:27:23.476+0000] {processor.py:829} INFO - Processing file /home/airflow/.local/lib/python3.8/site-packages/airflow/example_dags/example_sla_dag.py for tasks to queue
[2023-12-03T14:27:23.481+0000] {logging_mixin.py:154} INFO - [2023-12-03T14:27:23.480+0000] {dagbag.py:536} INFO - Filling up the DagBag from /home/airflow/.local/lib/python3.8/site-packages/airflow/example_dags/example_sla_dag.py
[2023-12-03T14:27:23.500+0000] {processor.py:839} INFO - DAG(s) dict_keys(['example_sla_dag']) retrieved from /home/airflow/.local/lib/python3.8/site-packages/airflow/example_dags/example_sla_dag.py
[2023-12-03T14:27:23.614+0000] {logging_mixin.py:154} INFO - [2023-12-03T14:27:23.613+0000] {dag.py:2941} INFO - Sync 1 DAGs
[2023-12-03T14:27:23.676+0000] {logging_mixin.py:154} INFO - [2023-12-03T14:27:23.675+0000] {dag.py:3722} INFO - Setting next_dagrun for example_sla_dag to 2023-12-03T14:24:00+00:00, run_after=2023-12-03T14:26:00+00:00
[2023-12-03T14:27:23.708+0000] {processor.py:179} INFO - Processing /home/airflow/.local/lib/python3.8/site-packages/airflow/example_dags/example_sla_dag.py took 0.238 seconds
[2023-12-03T15:18:32.592+0000] {processor.py:157} INFO - Started process (PID=3240) to work on /home/airflow/.local/lib/python3.8/site-packages/airflow/example_dags/example_sla_dag.py
[2023-12-03T15:18:32.593+0000] {processor.py:829} INFO - Processing file /home/airflow/.local/lib/python3.8/site-packages/airflow/example_dags/example_sla_dag.py for tasks to queue
[2023-12-03T15:18:32.595+0000] {logging_mixin.py:154} INFO - [2023-12-03T15:18:32.595+0000] {dagbag.py:536} INFO - Filling up the DagBag from /home/airflow/.local/lib/python3.8/site-packages/airflow/example_dags/example_sla_dag.py
[2023-12-03T15:18:32.602+0000] {processor.py:839} INFO - DAG(s) dict_keys(['example_sla_dag']) retrieved from /home/airflow/.local/lib/python3.8/site-packages/airflow/example_dags/example_sla_dag.py
[2023-12-03T15:18:32.619+0000] {logging_mixin.py:154} INFO - [2023-12-03T15:18:32.619+0000] {dag.py:2941} INFO - Sync 1 DAGs
[2023-12-03T15:18:32.638+0000] {logging_mixin.py:154} INFO - [2023-12-03T15:18:32.638+0000] {dag.py:3722} INFO - Setting next_dagrun for example_sla_dag to 2023-12-03T15:16:00+00:00, run_after=2023-12-03T15:18:00+00:00
[2023-12-03T15:18:32.651+0000] {processor.py:179} INFO - Processing /home/airflow/.local/lib/python3.8/site-packages/airflow/example_dags/example_sla_dag.py took 0.064 seconds
[2023-12-03T16:07:32.613+0000] {processor.py:157} INFO - Started process (PID=3304) to work on /home/airflow/.local/lib/python3.8/site-packages/airflow/example_dags/example_sla_dag.py
[2023-12-03T16:07:32.617+0000] {processor.py:829} INFO - Processing file /home/airflow/.local/lib/python3.8/site-packages/airflow/example_dags/example_sla_dag.py for tasks to queue
[2023-12-03T16:07:32.622+0000] {logging_mixin.py:154} INFO - [2023-12-03T16:07:32.622+0000] {dagbag.py:536} INFO - Filling up the DagBag from /home/airflow/.local/lib/python3.8/site-packages/airflow/example_dags/example_sla_dag.py
[2023-12-03T16:07:32.632+0000] {processor.py:839} INFO - DAG(s) dict_keys(['example_sla_dag']) retrieved from /home/airflow/.local/lib/python3.8/site-packages/airflow/example_dags/example_sla_dag.py
[2023-12-03T16:07:32.659+0000] {logging_mixin.py:154} INFO - [2023-12-03T16:07:32.659+0000] {dag.py:2941} INFO - Sync 1 DAGs
[2023-12-03T16:07:32.680+0000] {logging_mixin.py:154} INFO - [2023-12-03T16:07:32.680+0000] {dag.py:3722} INFO - Setting next_dagrun for example_sla_dag to 2023-12-03T16:04:00+00:00, run_after=2023-12-03T16:06:00+00:00
[2023-12-03T16:07:32.693+0000] {processor.py:179} INFO - Processing /home/airflow/.local/lib/python3.8/site-packages/airflow/example_dags/example_sla_dag.py took 0.084 seconds
[2023-12-03T16:58:03.778+0000] {processor.py:157} INFO - Started process (PID=3356) to work on /home/airflow/.local/lib/python3.8/site-packages/airflow/example_dags/example_sla_dag.py
[2023-12-03T16:58:03.779+0000] {processor.py:829} INFO - Processing file /home/airflow/.local/lib/python3.8/site-packages/airflow/example_dags/example_sla_dag.py for tasks to queue
[2023-12-03T16:58:03.782+0000] {logging_mixin.py:154} INFO - [2023-12-03T16:58:03.782+0000] {dagbag.py:536} INFO - Filling up the DagBag from /home/airflow/.local/lib/python3.8/site-packages/airflow/example_dags/example_sla_dag.py
[2023-12-03T16:58:03.789+0000] {processor.py:839} INFO - DAG(s) dict_keys(['example_sla_dag']) retrieved from /home/airflow/.local/lib/python3.8/site-packages/airflow/example_dags/example_sla_dag.py
[2023-12-03T16:58:03.805+0000] {logging_mixin.py:154} INFO - [2023-12-03T16:58:03.805+0000] {dag.py:2941} INFO - Sync 1 DAGs
[2023-12-03T16:58:03.824+0000] {logging_mixin.py:154} INFO - [2023-12-03T16:58:03.823+0000] {dag.py:3722} INFO - Setting next_dagrun for example_sla_dag to 2023-12-03T16:56:00+00:00, run_after=2023-12-03T16:58:00+00:00
[2023-12-03T16:58:03.837+0000] {processor.py:179} INFO - Processing /home/airflow/.local/lib/python3.8/site-packages/airflow/example_dags/example_sla_dag.py took 0.063 seconds
[2023-12-03T17:46:21.701+0000] {processor.py:157} INFO - Started process (PID=3414) to work on /home/airflow/.local/lib/python3.8/site-packages/airflow/example_dags/example_sla_dag.py
[2023-12-03T17:46:21.702+0000] {processor.py:829} INFO - Processing file /home/airflow/.local/lib/python3.8/site-packages/airflow/example_dags/example_sla_dag.py for tasks to queue
[2023-12-03T17:46:21.704+0000] {logging_mixin.py:154} INFO - [2023-12-03T17:46:21.704+0000] {dagbag.py:536} INFO - Filling up the DagBag from /home/airflow/.local/lib/python3.8/site-packages/airflow/example_dags/example_sla_dag.py
[2023-12-03T17:46:21.711+0000] {processor.py:839} INFO - DAG(s) dict_keys(['example_sla_dag']) retrieved from /home/airflow/.local/lib/python3.8/site-packages/airflow/example_dags/example_sla_dag.py
[2023-12-03T17:46:21.727+0000] {logging_mixin.py:154} INFO - [2023-12-03T17:46:21.727+0000] {dag.py:2941} INFO - Sync 1 DAGs
[2023-12-03T17:46:21.746+0000] {logging_mixin.py:154} INFO - [2023-12-03T17:46:21.746+0000] {dag.py:3722} INFO - Setting next_dagrun for example_sla_dag to 2023-12-03T17:44:00+00:00, run_after=2023-12-03T17:46:00+00:00
[2023-12-03T17:46:21.759+0000] {processor.py:179} INFO - Processing /home/airflow/.local/lib/python3.8/site-packages/airflow/example_dags/example_sla_dag.py took 0.061 seconds
[2023-12-03T18:33:41.616+0000] {processor.py:157} INFO - Started process (PID=3472) to work on /home/airflow/.local/lib/python3.8/site-packages/airflow/example_dags/example_sla_dag.py
[2023-12-03T18:33:41.617+0000] {processor.py:829} INFO - Processing file /home/airflow/.local/lib/python3.8/site-packages/airflow/example_dags/example_sla_dag.py for tasks to queue
[2023-12-03T18:33:41.620+0000] {logging_mixin.py:154} INFO - [2023-12-03T18:33:41.619+0000] {dagbag.py:536} INFO - Filling up the DagBag from /home/airflow/.local/lib/python3.8/site-packages/airflow/example_dags/example_sla_dag.py
[2023-12-03T18:33:41.629+0000] {processor.py:839} INFO - DAG(s) dict_keys(['example_sla_dag']) retrieved from /home/airflow/.local/lib/python3.8/site-packages/airflow/example_dags/example_sla_dag.py
[2023-12-03T18:33:41.648+0000] {logging_mixin.py:154} INFO - [2023-12-03T18:33:41.648+0000] {dag.py:2941} INFO - Sync 1 DAGs
[2023-12-03T18:33:41.668+0000] {logging_mixin.py:154} INFO - [2023-12-03T18:33:41.668+0000] {dag.py:3722} INFO - Setting next_dagrun for example_sla_dag to 2023-12-03T18:30:00+00:00, run_after=2023-12-03T18:32:00+00:00
[2023-12-03T18:33:41.680+0000] {processor.py:179} INFO - Processing /home/airflow/.local/lib/python3.8/site-packages/airflow/example_dags/example_sla_dag.py took 0.068 seconds
[2023-12-03T19:06:25.867+0000] {processor.py:157} INFO - Started process (PID=3530) to work on /home/airflow/.local/lib/python3.8/site-packages/airflow/example_dags/example_sla_dag.py
[2023-12-03T19:06:25.868+0000] {processor.py:829} INFO - Processing file /home/airflow/.local/lib/python3.8/site-packages/airflow/example_dags/example_sla_dag.py for tasks to queue
[2023-12-03T19:06:25.870+0000] {logging_mixin.py:154} INFO - [2023-12-03T19:06:25.870+0000] {dagbag.py:536} INFO - Filling up the DagBag from /home/airflow/.local/lib/python3.8/site-packages/airflow/example_dags/example_sla_dag.py
[2023-12-03T19:06:25.878+0000] {processor.py:839} INFO - DAG(s) dict_keys(['example_sla_dag']) retrieved from /home/airflow/.local/lib/python3.8/site-packages/airflow/example_dags/example_sla_dag.py
[2023-12-03T19:06:25.895+0000] {logging_mixin.py:154} INFO - [2023-12-03T19:06:25.895+0000] {dag.py:2941} INFO - Sync 1 DAGs
[2023-12-03T19:06:25.914+0000] {logging_mixin.py:154} INFO - [2023-12-03T19:06:25.914+0000] {dag.py:3722} INFO - Setting next_dagrun for example_sla_dag to 2023-12-03T19:04:00+00:00, run_after=2023-12-03T19:06:00+00:00
[2023-12-03T19:06:25.927+0000] {processor.py:179} INFO - Processing /home/airflow/.local/lib/python3.8/site-packages/airflow/example_dags/example_sla_dag.py took 0.063 seconds
[2023-12-03T19:22:01.285+0000] {processor.py:157} INFO - Started process (PID=3588) to work on /home/airflow/.local/lib/python3.8/site-packages/airflow/example_dags/example_sla_dag.py
[2023-12-03T19:22:01.287+0000] {processor.py:829} INFO - Processing file /home/airflow/.local/lib/python3.8/site-packages/airflow/example_dags/example_sla_dag.py for tasks to queue
[2023-12-03T19:22:01.294+0000] {logging_mixin.py:154} INFO - [2023-12-03T19:22:01.294+0000] {dagbag.py:536} INFO - Filling up the DagBag from /home/airflow/.local/lib/python3.8/site-packages/airflow/example_dags/example_sla_dag.py
[2023-12-03T19:22:01.304+0000] {processor.py:839} INFO - DAG(s) dict_keys(['example_sla_dag']) retrieved from /home/airflow/.local/lib/python3.8/site-packages/airflow/example_dags/example_sla_dag.py
[2023-12-03T19:22:01.322+0000] {logging_mixin.py:154} INFO - [2023-12-03T19:22:01.321+0000] {dag.py:2941} INFO - Sync 1 DAGs
[2023-12-03T19:22:01.340+0000] {logging_mixin.py:154} INFO - [2023-12-03T19:22:01.340+0000] {dag.py:3722} INFO - Setting next_dagrun for example_sla_dag to 2023-12-03T19:20:00+00:00, run_after=2023-12-03T19:22:00+00:00
[2023-12-03T19:22:01.355+0000] {processor.py:179} INFO - Processing /home/airflow/.local/lib/python3.8/site-packages/airflow/example_dags/example_sla_dag.py took 0.075 seconds
[2023-12-03T20:11:32.812+0000] {processor.py:157} INFO - Started process (PID=3645) to work on /home/airflow/.local/lib/python3.8/site-packages/airflow/example_dags/example_sla_dag.py
[2023-12-03T20:11:32.814+0000] {processor.py:829} INFO - Processing file /home/airflow/.local/lib/python3.8/site-packages/airflow/example_dags/example_sla_dag.py for tasks to queue
[2023-12-03T20:11:32.816+0000] {logging_mixin.py:154} INFO - [2023-12-03T20:11:32.816+0000] {dagbag.py:536} INFO - Filling up the DagBag from /home/airflow/.local/lib/python3.8/site-packages/airflow/example_dags/example_sla_dag.py
[2023-12-03T20:11:32.824+0000] {processor.py:839} INFO - DAG(s) dict_keys(['example_sla_dag']) retrieved from /home/airflow/.local/lib/python3.8/site-packages/airflow/example_dags/example_sla_dag.py
[2023-12-03T20:11:32.841+0000] {logging_mixin.py:154} INFO - [2023-12-03T20:11:32.841+0000] {dag.py:2941} INFO - Sync 1 DAGs
[2023-12-03T20:11:32.861+0000] {logging_mixin.py:154} INFO - [2023-12-03T20:11:32.861+0000] {dag.py:3722} INFO - Setting next_dagrun for example_sla_dag to 2023-12-03T20:08:00+00:00, run_after=2023-12-03T20:10:00+00:00
[2023-12-03T20:11:32.878+0000] {processor.py:179} INFO - Processing /home/airflow/.local/lib/python3.8/site-packages/airflow/example_dags/example_sla_dag.py took 0.069 seconds
[2023-12-03T21:36:33.032+0000] {processor.py:157} INFO - Started process (PID=3703) to work on /home/airflow/.local/lib/python3.8/site-packages/airflow/example_dags/example_sla_dag.py
[2023-12-03T21:36:33.033+0000] {processor.py:829} INFO - Processing file /home/airflow/.local/lib/python3.8/site-packages/airflow/example_dags/example_sla_dag.py for tasks to queue
[2023-12-03T21:36:33.038+0000] {logging_mixin.py:154} INFO - [2023-12-03T21:36:33.037+0000] {dagbag.py:536} INFO - Filling up the DagBag from /home/airflow/.local/lib/python3.8/site-packages/airflow/example_dags/example_sla_dag.py
[2023-12-03T21:36:33.046+0000] {processor.py:839} INFO - DAG(s) dict_keys(['example_sla_dag']) retrieved from /home/airflow/.local/lib/python3.8/site-packages/airflow/example_dags/example_sla_dag.py
[2023-12-03T21:36:33.064+0000] {logging_mixin.py:154} INFO - [2023-12-03T21:36:33.064+0000] {dag.py:2941} INFO - Sync 1 DAGs
[2023-12-03T21:36:33.083+0000] {logging_mixin.py:154} INFO - [2023-12-03T21:36:33.083+0000] {dag.py:3722} INFO - Setting next_dagrun for example_sla_dag to 2023-12-03T21:34:00+00:00, run_after=2023-12-03T21:36:00+00:00
[2023-12-03T21:36:33.097+0000] {processor.py:179} INFO - Processing /home/airflow/.local/lib/python3.8/site-packages/airflow/example_dags/example_sla_dag.py took 0.068 seconds
[2023-12-03T22:57:30.844+0000] {processor.py:157} INFO - Started process (PID=3761) to work on /home/airflow/.local/lib/python3.8/site-packages/airflow/example_dags/example_sla_dag.py
[2023-12-03T22:57:30.846+0000] {processor.py:829} INFO - Processing file /home/airflow/.local/lib/python3.8/site-packages/airflow/example_dags/example_sla_dag.py for tasks to queue
[2023-12-03T22:57:30.849+0000] {logging_mixin.py:154} INFO - [2023-12-03T22:57:30.848+0000] {dagbag.py:536} INFO - Filling up the DagBag from /home/airflow/.local/lib/python3.8/site-packages/airflow/example_dags/example_sla_dag.py
[2023-12-03T22:57:30.858+0000] {processor.py:839} INFO - DAG(s) dict_keys(['example_sla_dag']) retrieved from /home/airflow/.local/lib/python3.8/site-packages/airflow/example_dags/example_sla_dag.py
[2023-12-03T22:57:30.876+0000] {logging_mixin.py:154} INFO - [2023-12-03T22:57:30.876+0000] {dag.py:2941} INFO - Sync 1 DAGs
[2023-12-03T22:57:30.895+0000] {logging_mixin.py:154} INFO - [2023-12-03T22:57:30.895+0000] {dag.py:3722} INFO - Setting next_dagrun for example_sla_dag to 2023-12-03T22:54:00+00:00, run_after=2023-12-03T22:56:00+00:00
[2023-12-03T22:57:30.905+0000] {processor.py:179} INFO - Processing /home/airflow/.local/lib/python3.8/site-packages/airflow/example_dags/example_sla_dag.py took 0.064 seconds
[2023-12-03T23:13:09.908+0000] {processor.py:157} INFO - Started process (PID=3819) to work on /home/airflow/.local/lib/python3.8/site-packages/airflow/example_dags/example_sla_dag.py
[2023-12-03T23:13:09.910+0000] {processor.py:829} INFO - Processing file /home/airflow/.local/lib/python3.8/site-packages/airflow/example_dags/example_sla_dag.py for tasks to queue
[2023-12-03T23:13:09.912+0000] {logging_mixin.py:154} INFO - [2023-12-03T23:13:09.912+0000] {dagbag.py:536} INFO - Filling up the DagBag from /home/airflow/.local/lib/python3.8/site-packages/airflow/example_dags/example_sla_dag.py
[2023-12-03T23:13:09.920+0000] {processor.py:839} INFO - DAG(s) dict_keys(['example_sla_dag']) retrieved from /home/airflow/.local/lib/python3.8/site-packages/airflow/example_dags/example_sla_dag.py
[2023-12-03T23:13:09.944+0000] {logging_mixin.py:154} INFO - [2023-12-03T23:13:09.944+0000] {dag.py:2941} INFO - Sync 1 DAGs
[2023-12-03T23:13:09.964+0000] {logging_mixin.py:154} INFO - [2023-12-03T23:13:09.964+0000] {dag.py:3722} INFO - Setting next_dagrun for example_sla_dag to 2023-12-03T23:10:00+00:00, run_after=2023-12-03T23:12:00+00:00
[2023-12-03T23:13:09.979+0000] {processor.py:179} INFO - Processing /home/airflow/.local/lib/python3.8/site-packages/airflow/example_dags/example_sla_dag.py took 0.074 seconds
[2023-12-03T23:22:17.980+0000] {processor.py:157} INFO - Started process (PID=3877) to work on /home/airflow/.local/lib/python3.8/site-packages/airflow/example_dags/example_sla_dag.py
[2023-12-03T23:22:17.997+0000] {processor.py:829} INFO - Processing file /home/airflow/.local/lib/python3.8/site-packages/airflow/example_dags/example_sla_dag.py for tasks to queue
[2023-12-03T23:22:18.011+0000] {logging_mixin.py:154} INFO - [2023-12-03T23:22:18.010+0000] {dagbag.py:536} INFO - Filling up the DagBag from /home/airflow/.local/lib/python3.8/site-packages/airflow/example_dags/example_sla_dag.py
[2023-12-03T23:22:18.024+0000] {processor.py:839} INFO - DAG(s) dict_keys(['example_sla_dag']) retrieved from /home/airflow/.local/lib/python3.8/site-packages/airflow/example_dags/example_sla_dag.py
[2023-12-03T23:22:18.053+0000] {logging_mixin.py:154} INFO - [2023-12-03T23:22:18.053+0000] {dag.py:2941} INFO - Sync 1 DAGs
[2023-12-03T23:22:18.076+0000] {logging_mixin.py:154} INFO - [2023-12-03T23:22:18.076+0000] {dag.py:3722} INFO - Setting next_dagrun for example_sla_dag to 2023-12-03T23:20:00+00:00, run_after=2023-12-03T23:22:00+00:00
[2023-12-03T23:22:18.102+0000] {processor.py:179} INFO - Processing /home/airflow/.local/lib/python3.8/site-packages/airflow/example_dags/example_sla_dag.py took 0.126 seconds
