[2023-12-03T09:43:22.469+0000] {processor.py:157} INFO - Started process (PID=41) to work on /home/airflow/.local/lib/python3.8/site-packages/airflow/example_dags/example_task_group_decorator.py
[2023-12-03T09:43:22.472+0000] {processor.py:829} INFO - Processing file /home/airflow/.local/lib/python3.8/site-packages/airflow/example_dags/example_task_group_decorator.py for tasks to queue
[2023-12-03T09:43:22.475+0000] {logging_mixin.py:154} INFO - [2023-12-03T09:43:22.475+0000] {dagbag.py:536} INFO - Filling up the DagBag from /home/airflow/.local/lib/python3.8/site-packages/airflow/example_dags/example_task_group_decorator.py
[2023-12-03T09:43:22.496+0000] {processor.py:839} INFO - DAG(s) dict_keys(['example_task_group_decorator']) retrieved from /home/airflow/.local/lib/python3.8/site-packages/airflow/example_dags/example_task_group_decorator.py
[2023-12-03T09:43:22.511+0000] {logging_mixin.py:154} INFO - [2023-12-03T09:43:22.511+0000] {dag.py:2941} INFO - Sync 1 DAGs
[2023-12-03T09:43:22.544+0000] {logging_mixin.py:154} INFO - [2023-12-03T09:43:22.544+0000] {dag.py:3722} INFO - Setting next_dagrun for example_task_group_decorator to 2023-12-02T09:43:22.543797+00:00, run_after=2023-12-03T09:43:22.543797+00:00
[2023-12-03T09:43:22.572+0000] {processor.py:179} INFO - Processing /home/airflow/.local/lib/python3.8/site-packages/airflow/example_dags/example_task_group_decorator.py took 0.109 seconds
[2023-12-03T09:43:53.426+0000] {processor.py:157} INFO - Started process (PID=99) to work on /home/airflow/.local/lib/python3.8/site-packages/airflow/example_dags/example_task_group_decorator.py
[2023-12-03T09:43:53.427+0000] {processor.py:829} INFO - Processing file /home/airflow/.local/lib/python3.8/site-packages/airflow/example_dags/example_task_group_decorator.py for tasks to queue
[2023-12-03T09:43:53.429+0000] {logging_mixin.py:154} INFO - [2023-12-03T09:43:53.429+0000] {dagbag.py:536} INFO - Filling up the DagBag from /home/airflow/.local/lib/python3.8/site-packages/airflow/example_dags/example_task_group_decorator.py
[2023-12-03T09:43:53.443+0000] {processor.py:839} INFO - DAG(s) dict_keys(['example_task_group_decorator']) retrieved from /home/airflow/.local/lib/python3.8/site-packages/airflow/example_dags/example_task_group_decorator.py
[2023-12-03T09:43:53.466+0000] {logging_mixin.py:154} INFO - [2023-12-03T09:43:53.466+0000] {dag.py:2941} INFO - Sync 1 DAGs
[2023-12-03T09:43:53.487+0000] {logging_mixin.py:154} INFO - [2023-12-03T09:43:53.487+0000] {dag.py:3722} INFO - Setting next_dagrun for example_task_group_decorator to 2023-12-02T09:43:53.487087+00:00, run_after=2023-12-03T09:43:53.487087+00:00
[2023-12-03T09:43:53.504+0000] {processor.py:179} INFO - Processing /home/airflow/.local/lib/python3.8/site-packages/airflow/example_dags/example_task_group_decorator.py took 0.082 seconds
[2023-12-03T09:44:24.448+0000] {processor.py:157} INFO - Started process (PID=156) to work on /home/airflow/.local/lib/python3.8/site-packages/airflow/example_dags/example_task_group_decorator.py
[2023-12-03T09:44:24.450+0000] {processor.py:829} INFO - Processing file /home/airflow/.local/lib/python3.8/site-packages/airflow/example_dags/example_task_group_decorator.py for tasks to queue
[2023-12-03T09:44:24.452+0000] {logging_mixin.py:154} INFO - [2023-12-03T09:44:24.452+0000] {dagbag.py:536} INFO - Filling up the DagBag from /home/airflow/.local/lib/python3.8/site-packages/airflow/example_dags/example_task_group_decorator.py
[2023-12-03T09:44:24.466+0000] {processor.py:839} INFO - DAG(s) dict_keys(['example_task_group_decorator']) retrieved from /home/airflow/.local/lib/python3.8/site-packages/airflow/example_dags/example_task_group_decorator.py
[2023-12-03T09:44:24.488+0000] {logging_mixin.py:154} INFO - [2023-12-03T09:44:24.488+0000] {dag.py:2941} INFO - Sync 1 DAGs
[2023-12-03T09:44:24.509+0000] {logging_mixin.py:154} INFO - [2023-12-03T09:44:24.509+0000] {dag.py:3722} INFO - Setting next_dagrun for example_task_group_decorator to 2023-12-02T09:44:24.509219+00:00, run_after=2023-12-03T09:44:24.509219+00:00
[2023-12-03T09:44:24.525+0000] {processor.py:179} INFO - Processing /home/airflow/.local/lib/python3.8/site-packages/airflow/example_dags/example_task_group_decorator.py took 0.081 seconds
[2023-12-03T09:44:55.547+0000] {processor.py:157} INFO - Started process (PID=214) to work on /home/airflow/.local/lib/python3.8/site-packages/airflow/example_dags/example_task_group_decorator.py
[2023-12-03T09:44:55.548+0000] {processor.py:829} INFO - Processing file /home/airflow/.local/lib/python3.8/site-packages/airflow/example_dags/example_task_group_decorator.py for tasks to queue
[2023-12-03T09:44:55.550+0000] {logging_mixin.py:154} INFO - [2023-12-03T09:44:55.550+0000] {dagbag.py:536} INFO - Filling up the DagBag from /home/airflow/.local/lib/python3.8/site-packages/airflow/example_dags/example_task_group_decorator.py
[2023-12-03T09:44:55.562+0000] {processor.py:839} INFO - DAG(s) dict_keys(['example_task_group_decorator']) retrieved from /home/airflow/.local/lib/python3.8/site-packages/airflow/example_dags/example_task_group_decorator.py
[2023-12-03T09:44:55.589+0000] {logging_mixin.py:154} INFO - [2023-12-03T09:44:55.588+0000] {dag.py:2941} INFO - Sync 1 DAGs
[2023-12-03T09:44:55.609+0000] {logging_mixin.py:154} INFO - [2023-12-03T09:44:55.609+0000] {dag.py:3722} INFO - Setting next_dagrun for example_task_group_decorator to 2023-12-02T09:44:55.608853+00:00, run_after=2023-12-03T09:44:55.608853+00:00
[2023-12-03T09:44:55.627+0000] {processor.py:179} INFO - Processing /home/airflow/.local/lib/python3.8/site-packages/airflow/example_dags/example_task_group_decorator.py took 0.085 seconds
[2023-12-03T09:45:25.763+0000] {processor.py:157} INFO - Started process (PID=271) to work on /home/airflow/.local/lib/python3.8/site-packages/airflow/example_dags/example_task_group_decorator.py
[2023-12-03T09:45:25.765+0000] {processor.py:829} INFO - Processing file /home/airflow/.local/lib/python3.8/site-packages/airflow/example_dags/example_task_group_decorator.py for tasks to queue
[2023-12-03T09:45:25.768+0000] {logging_mixin.py:154} INFO - [2023-12-03T09:45:25.767+0000] {dagbag.py:536} INFO - Filling up the DagBag from /home/airflow/.local/lib/python3.8/site-packages/airflow/example_dags/example_task_group_decorator.py
[2023-12-03T09:45:25.786+0000] {processor.py:839} INFO - DAG(s) dict_keys(['example_task_group_decorator']) retrieved from /home/airflow/.local/lib/python3.8/site-packages/airflow/example_dags/example_task_group_decorator.py
[2023-12-03T09:45:25.812+0000] {logging_mixin.py:154} INFO - [2023-12-03T09:45:25.812+0000] {dag.py:2941} INFO - Sync 1 DAGs
[2023-12-03T09:45:25.838+0000] {logging_mixin.py:154} INFO - [2023-12-03T09:45:25.838+0000] {dag.py:3722} INFO - Setting next_dagrun for example_task_group_decorator to 2023-12-02T09:45:25.838532+00:00, run_after=2023-12-03T09:45:25.838532+00:00
[2023-12-03T09:45:25.859+0000] {processor.py:179} INFO - Processing /home/airflow/.local/lib/python3.8/site-packages/airflow/example_dags/example_task_group_decorator.py took 0.100 seconds
[2023-12-03T09:45:56.092+0000] {processor.py:157} INFO - Started process (PID=329) to work on /home/airflow/.local/lib/python3.8/site-packages/airflow/example_dags/example_task_group_decorator.py
[2023-12-03T09:45:56.093+0000] {processor.py:829} INFO - Processing file /home/airflow/.local/lib/python3.8/site-packages/airflow/example_dags/example_task_group_decorator.py for tasks to queue
[2023-12-03T09:45:56.096+0000] {logging_mixin.py:154} INFO - [2023-12-03T09:45:56.096+0000] {dagbag.py:536} INFO - Filling up the DagBag from /home/airflow/.local/lib/python3.8/site-packages/airflow/example_dags/example_task_group_decorator.py
[2023-12-03T09:45:56.113+0000] {processor.py:839} INFO - DAG(s) dict_keys(['example_task_group_decorator']) retrieved from /home/airflow/.local/lib/python3.8/site-packages/airflow/example_dags/example_task_group_decorator.py
[2023-12-03T09:45:56.148+0000] {logging_mixin.py:154} INFO - [2023-12-03T09:45:56.148+0000] {dag.py:2941} INFO - Sync 1 DAGs
[2023-12-03T09:45:56.178+0000] {logging_mixin.py:154} INFO - [2023-12-03T09:45:56.177+0000] {dag.py:3722} INFO - Setting next_dagrun for example_task_group_decorator to 2023-12-02T09:45:56.177641+00:00, run_after=2023-12-03T09:45:56.177641+00:00
[2023-12-03T09:45:56.196+0000] {processor.py:179} INFO - Processing /home/airflow/.local/lib/python3.8/site-packages/airflow/example_dags/example_task_group_decorator.py took 0.110 seconds
[2023-12-03T09:46:26.750+0000] {processor.py:157} INFO - Started process (PID=387) to work on /home/airflow/.local/lib/python3.8/site-packages/airflow/example_dags/example_task_group_decorator.py
[2023-12-03T09:46:26.751+0000] {processor.py:829} INFO - Processing file /home/airflow/.local/lib/python3.8/site-packages/airflow/example_dags/example_task_group_decorator.py for tasks to queue
[2023-12-03T09:46:26.753+0000] {logging_mixin.py:154} INFO - [2023-12-03T09:46:26.753+0000] {dagbag.py:536} INFO - Filling up the DagBag from /home/airflow/.local/lib/python3.8/site-packages/airflow/example_dags/example_task_group_decorator.py
[2023-12-03T09:46:26.765+0000] {processor.py:839} INFO - DAG(s) dict_keys(['example_task_group_decorator']) retrieved from /home/airflow/.local/lib/python3.8/site-packages/airflow/example_dags/example_task_group_decorator.py
[2023-12-03T09:46:26.788+0000] {logging_mixin.py:154} INFO - [2023-12-03T09:46:26.788+0000] {dag.py:2941} INFO - Sync 1 DAGs
[2023-12-03T09:46:26.810+0000] {logging_mixin.py:154} INFO - [2023-12-03T09:46:26.810+0000] {dag.py:3722} INFO - Setting next_dagrun for example_task_group_decorator to 2023-12-02T09:46:26.810220+00:00, run_after=2023-12-03T09:46:26.810220+00:00
[2023-12-03T09:46:26.832+0000] {processor.py:179} INFO - Processing /home/airflow/.local/lib/python3.8/site-packages/airflow/example_dags/example_task_group_decorator.py took 0.086 seconds
[2023-12-03T09:46:57.180+0000] {processor.py:157} INFO - Started process (PID=445) to work on /home/airflow/.local/lib/python3.8/site-packages/airflow/example_dags/example_task_group_decorator.py
[2023-12-03T09:46:57.181+0000] {processor.py:829} INFO - Processing file /home/airflow/.local/lib/python3.8/site-packages/airflow/example_dags/example_task_group_decorator.py for tasks to queue
[2023-12-03T09:46:57.185+0000] {logging_mixin.py:154} INFO - [2023-12-03T09:46:57.185+0000] {dagbag.py:536} INFO - Filling up the DagBag from /home/airflow/.local/lib/python3.8/site-packages/airflow/example_dags/example_task_group_decorator.py
[2023-12-03T09:46:57.203+0000] {processor.py:839} INFO - DAG(s) dict_keys(['example_task_group_decorator']) retrieved from /home/airflow/.local/lib/python3.8/site-packages/airflow/example_dags/example_task_group_decorator.py
[2023-12-03T09:46:57.232+0000] {logging_mixin.py:154} INFO - [2023-12-03T09:46:57.232+0000] {dag.py:2941} INFO - Sync 1 DAGs
[2023-12-03T09:46:57.257+0000] {logging_mixin.py:154} INFO - [2023-12-03T09:46:57.257+0000] {dag.py:3722} INFO - Setting next_dagrun for example_task_group_decorator to 2023-12-02T09:46:57.256905+00:00, run_after=2023-12-03T09:46:57.256905+00:00
[2023-12-03T09:46:57.275+0000] {processor.py:179} INFO - Processing /home/airflow/.local/lib/python3.8/site-packages/airflow/example_dags/example_task_group_decorator.py took 0.100 seconds
[2023-12-03T09:47:27.960+0000] {processor.py:157} INFO - Started process (PID=503) to work on /home/airflow/.local/lib/python3.8/site-packages/airflow/example_dags/example_task_group_decorator.py
[2023-12-03T09:47:27.961+0000] {processor.py:829} INFO - Processing file /home/airflow/.local/lib/python3.8/site-packages/airflow/example_dags/example_task_group_decorator.py for tasks to queue
[2023-12-03T09:47:27.964+0000] {logging_mixin.py:154} INFO - [2023-12-03T09:47:27.963+0000] {dagbag.py:536} INFO - Filling up the DagBag from /home/airflow/.local/lib/python3.8/site-packages/airflow/example_dags/example_task_group_decorator.py
[2023-12-03T09:47:27.975+0000] {processor.py:839} INFO - DAG(s) dict_keys(['example_task_group_decorator']) retrieved from /home/airflow/.local/lib/python3.8/site-packages/airflow/example_dags/example_task_group_decorator.py
[2023-12-03T09:47:27.996+0000] {logging_mixin.py:154} INFO - [2023-12-03T09:47:27.996+0000] {dag.py:2941} INFO - Sync 1 DAGs
[2023-12-03T09:47:28.015+0000] {logging_mixin.py:154} INFO - [2023-12-03T09:47:28.015+0000] {dag.py:3722} INFO - Setting next_dagrun for example_task_group_decorator to 2023-12-02T09:47:28.015603+00:00, run_after=2023-12-03T09:47:28.015603+00:00
[2023-12-03T09:47:28.032+0000] {processor.py:179} INFO - Processing /home/airflow/.local/lib/python3.8/site-packages/airflow/example_dags/example_task_group_decorator.py took 0.076 seconds
[2023-12-03T09:47:58.138+0000] {processor.py:157} INFO - Started process (PID=561) to work on /home/airflow/.local/lib/python3.8/site-packages/airflow/example_dags/example_task_group_decorator.py
[2023-12-03T09:47:58.139+0000] {processor.py:829} INFO - Processing file /home/airflow/.local/lib/python3.8/site-packages/airflow/example_dags/example_task_group_decorator.py for tasks to queue
[2023-12-03T09:47:58.141+0000] {logging_mixin.py:154} INFO - [2023-12-03T09:47:58.141+0000] {dagbag.py:536} INFO - Filling up the DagBag from /home/airflow/.local/lib/python3.8/site-packages/airflow/example_dags/example_task_group_decorator.py
[2023-12-03T09:47:58.153+0000] {processor.py:839} INFO - DAG(s) dict_keys(['example_task_group_decorator']) retrieved from /home/airflow/.local/lib/python3.8/site-packages/airflow/example_dags/example_task_group_decorator.py
[2023-12-03T09:47:58.172+0000] {logging_mixin.py:154} INFO - [2023-12-03T09:47:58.172+0000] {dag.py:2941} INFO - Sync 1 DAGs
[2023-12-03T09:47:58.190+0000] {logging_mixin.py:154} INFO - [2023-12-03T09:47:58.189+0000] {dag.py:3722} INFO - Setting next_dagrun for example_task_group_decorator to 2023-12-02T09:47:58.189766+00:00, run_after=2023-12-03T09:47:58.189766+00:00
[2023-12-03T09:47:58.202+0000] {processor.py:179} INFO - Processing /home/airflow/.local/lib/python3.8/site-packages/airflow/example_dags/example_task_group_decorator.py took 0.068 seconds
[2023-12-03T09:48:28.333+0000] {processor.py:157} INFO - Started process (PID=618) to work on /home/airflow/.local/lib/python3.8/site-packages/airflow/example_dags/example_task_group_decorator.py
[2023-12-03T09:48:28.334+0000] {processor.py:829} INFO - Processing file /home/airflow/.local/lib/python3.8/site-packages/airflow/example_dags/example_task_group_decorator.py for tasks to queue
[2023-12-03T09:48:28.336+0000] {logging_mixin.py:154} INFO - [2023-12-03T09:48:28.336+0000] {dagbag.py:536} INFO - Filling up the DagBag from /home/airflow/.local/lib/python3.8/site-packages/airflow/example_dags/example_task_group_decorator.py
[2023-12-03T09:48:28.347+0000] {processor.py:839} INFO - DAG(s) dict_keys(['example_task_group_decorator']) retrieved from /home/airflow/.local/lib/python3.8/site-packages/airflow/example_dags/example_task_group_decorator.py
[2023-12-03T09:48:28.366+0000] {logging_mixin.py:154} INFO - [2023-12-03T09:48:28.366+0000] {dag.py:2941} INFO - Sync 1 DAGs
[2023-12-03T09:48:28.383+0000] {logging_mixin.py:154} INFO - [2023-12-03T09:48:28.383+0000] {dag.py:3722} INFO - Setting next_dagrun for example_task_group_decorator to 2023-12-02T09:48:28.383138+00:00, run_after=2023-12-03T09:48:28.383138+00:00
[2023-12-03T09:48:28.396+0000] {processor.py:179} INFO - Processing /home/airflow/.local/lib/python3.8/site-packages/airflow/example_dags/example_task_group_decorator.py took 0.067 seconds
[2023-12-03T09:48:59.249+0000] {processor.py:157} INFO - Started process (PID=676) to work on /home/airflow/.local/lib/python3.8/site-packages/airflow/example_dags/example_task_group_decorator.py
[2023-12-03T09:48:59.250+0000] {processor.py:829} INFO - Processing file /home/airflow/.local/lib/python3.8/site-packages/airflow/example_dags/example_task_group_decorator.py for tasks to queue
[2023-12-03T09:48:59.253+0000] {logging_mixin.py:154} INFO - [2023-12-03T09:48:59.252+0000] {dagbag.py:536} INFO - Filling up the DagBag from /home/airflow/.local/lib/python3.8/site-packages/airflow/example_dags/example_task_group_decorator.py
[2023-12-03T09:48:59.266+0000] {processor.py:839} INFO - DAG(s) dict_keys(['example_task_group_decorator']) retrieved from /home/airflow/.local/lib/python3.8/site-packages/airflow/example_dags/example_task_group_decorator.py
[2023-12-03T09:48:59.287+0000] {logging_mixin.py:154} INFO - [2023-12-03T09:48:59.287+0000] {dag.py:2941} INFO - Sync 1 DAGs
[2023-12-03T09:48:59.305+0000] {logging_mixin.py:154} INFO - [2023-12-03T09:48:59.305+0000] {dag.py:3722} INFO - Setting next_dagrun for example_task_group_decorator to 2023-12-02T09:48:59.305010+00:00, run_after=2023-12-03T09:48:59.305010+00:00
[2023-12-03T09:48:59.321+0000] {processor.py:179} INFO - Processing /home/airflow/.local/lib/python3.8/site-packages/airflow/example_dags/example_task_group_decorator.py took 0.075 seconds
[2023-12-03T09:49:30.135+0000] {processor.py:157} INFO - Started process (PID=734) to work on /home/airflow/.local/lib/python3.8/site-packages/airflow/example_dags/example_task_group_decorator.py
[2023-12-03T09:49:30.136+0000] {processor.py:829} INFO - Processing file /home/airflow/.local/lib/python3.8/site-packages/airflow/example_dags/example_task_group_decorator.py for tasks to queue
[2023-12-03T09:49:30.139+0000] {logging_mixin.py:154} INFO - [2023-12-03T09:49:30.139+0000] {dagbag.py:536} INFO - Filling up the DagBag from /home/airflow/.local/lib/python3.8/site-packages/airflow/example_dags/example_task_group_decorator.py
[2023-12-03T09:49:30.151+0000] {processor.py:839} INFO - DAG(s) dict_keys(['example_task_group_decorator']) retrieved from /home/airflow/.local/lib/python3.8/site-packages/airflow/example_dags/example_task_group_decorator.py
[2023-12-03T09:49:30.169+0000] {logging_mixin.py:154} INFO - [2023-12-03T09:49:30.169+0000] {dag.py:2941} INFO - Sync 1 DAGs
[2023-12-03T09:49:30.187+0000] {logging_mixin.py:154} INFO - [2023-12-03T09:49:30.187+0000] {dag.py:3722} INFO - Setting next_dagrun for example_task_group_decorator to 2023-12-02T09:49:30.187365+00:00, run_after=2023-12-03T09:49:30.187365+00:00
[2023-12-03T09:49:30.200+0000] {processor.py:179} INFO - Processing /home/airflow/.local/lib/python3.8/site-packages/airflow/example_dags/example_task_group_decorator.py took 0.068 seconds
[2023-12-03T09:50:00.456+0000] {processor.py:157} INFO - Started process (PID=792) to work on /home/airflow/.local/lib/python3.8/site-packages/airflow/example_dags/example_task_group_decorator.py
[2023-12-03T09:50:00.457+0000] {processor.py:829} INFO - Processing file /home/airflow/.local/lib/python3.8/site-packages/airflow/example_dags/example_task_group_decorator.py for tasks to queue
[2023-12-03T09:50:00.459+0000] {logging_mixin.py:154} INFO - [2023-12-03T09:50:00.459+0000] {dagbag.py:536} INFO - Filling up the DagBag from /home/airflow/.local/lib/python3.8/site-packages/airflow/example_dags/example_task_group_decorator.py
[2023-12-03T09:50:00.472+0000] {processor.py:839} INFO - DAG(s) dict_keys(['example_task_group_decorator']) retrieved from /home/airflow/.local/lib/python3.8/site-packages/airflow/example_dags/example_task_group_decorator.py
[2023-12-03T09:50:00.496+0000] {logging_mixin.py:154} INFO - [2023-12-03T09:50:00.496+0000] {dag.py:2941} INFO - Sync 1 DAGs
[2023-12-03T09:50:00.515+0000] {logging_mixin.py:154} INFO - [2023-12-03T09:50:00.515+0000] {dag.py:3722} INFO - Setting next_dagrun for example_task_group_decorator to 2023-12-02T09:50:00.515225+00:00, run_after=2023-12-03T09:50:00.515225+00:00
[2023-12-03T09:50:00.533+0000] {processor.py:179} INFO - Processing /home/airflow/.local/lib/python3.8/site-packages/airflow/example_dags/example_task_group_decorator.py took 0.081 seconds
[2023-12-03T09:50:30.915+0000] {processor.py:157} INFO - Started process (PID=850) to work on /home/airflow/.local/lib/python3.8/site-packages/airflow/example_dags/example_task_group_decorator.py
[2023-12-03T09:50:30.916+0000] {processor.py:829} INFO - Processing file /home/airflow/.local/lib/python3.8/site-packages/airflow/example_dags/example_task_group_decorator.py for tasks to queue
[2023-12-03T09:50:30.919+0000] {logging_mixin.py:154} INFO - [2023-12-03T09:50:30.919+0000] {dagbag.py:536} INFO - Filling up the DagBag from /home/airflow/.local/lib/python3.8/site-packages/airflow/example_dags/example_task_group_decorator.py
[2023-12-03T09:50:31.075+0000] {processor.py:839} INFO - DAG(s) dict_keys(['example_task_group_decorator']) retrieved from /home/airflow/.local/lib/python3.8/site-packages/airflow/example_dags/example_task_group_decorator.py
[2023-12-03T09:50:31.096+0000] {logging_mixin.py:154} INFO - [2023-12-03T09:50:31.096+0000] {dag.py:2941} INFO - Sync 1 DAGs
[2023-12-03T09:50:31.115+0000] {logging_mixin.py:154} INFO - [2023-12-03T09:50:31.115+0000] {dag.py:3722} INFO - Setting next_dagrun for example_task_group_decorator to 2023-12-02T09:50:31.115422+00:00, run_after=2023-12-03T09:50:31.115422+00:00
[2023-12-03T09:50:31.133+0000] {processor.py:179} INFO - Processing /home/airflow/.local/lib/python3.8/site-packages/airflow/example_dags/example_task_group_decorator.py took 0.223 seconds
[2023-12-03T09:51:01.671+0000] {processor.py:157} INFO - Started process (PID=908) to work on /home/airflow/.local/lib/python3.8/site-packages/airflow/example_dags/example_task_group_decorator.py
[2023-12-03T09:51:01.672+0000] {processor.py:829} INFO - Processing file /home/airflow/.local/lib/python3.8/site-packages/airflow/example_dags/example_task_group_decorator.py for tasks to queue
[2023-12-03T09:51:01.675+0000] {logging_mixin.py:154} INFO - [2023-12-03T09:51:01.674+0000] {dagbag.py:536} INFO - Filling up the DagBag from /home/airflow/.local/lib/python3.8/site-packages/airflow/example_dags/example_task_group_decorator.py
[2023-12-03T09:51:01.685+0000] {processor.py:839} INFO - DAG(s) dict_keys(['example_task_group_decorator']) retrieved from /home/airflow/.local/lib/python3.8/site-packages/airflow/example_dags/example_task_group_decorator.py
[2023-12-03T09:51:01.703+0000] {logging_mixin.py:154} INFO - [2023-12-03T09:51:01.703+0000] {dag.py:2941} INFO - Sync 1 DAGs
[2023-12-03T09:51:01.719+0000] {logging_mixin.py:154} INFO - [2023-12-03T09:51:01.719+0000] {dag.py:3722} INFO - Setting next_dagrun for example_task_group_decorator to 2023-12-02T09:51:01.718856+00:00, run_after=2023-12-03T09:51:01.718856+00:00
[2023-12-03T09:51:01.733+0000] {processor.py:179} INFO - Processing /home/airflow/.local/lib/python3.8/site-packages/airflow/example_dags/example_task_group_decorator.py took 0.066 seconds
[2023-12-03T09:51:31.939+0000] {processor.py:157} INFO - Started process (PID=966) to work on /home/airflow/.local/lib/python3.8/site-packages/airflow/example_dags/example_task_group_decorator.py
[2023-12-03T09:51:31.940+0000] {processor.py:829} INFO - Processing file /home/airflow/.local/lib/python3.8/site-packages/airflow/example_dags/example_task_group_decorator.py for tasks to queue
[2023-12-03T09:51:31.943+0000] {logging_mixin.py:154} INFO - [2023-12-03T09:51:31.942+0000] {dagbag.py:536} INFO - Filling up the DagBag from /home/airflow/.local/lib/python3.8/site-packages/airflow/example_dags/example_task_group_decorator.py
[2023-12-03T09:51:31.954+0000] {processor.py:839} INFO - DAG(s) dict_keys(['example_task_group_decorator']) retrieved from /home/airflow/.local/lib/python3.8/site-packages/airflow/example_dags/example_task_group_decorator.py
[2023-12-03T09:51:31.975+0000] {logging_mixin.py:154} INFO - [2023-12-03T09:51:31.975+0000] {dag.py:2941} INFO - Sync 1 DAGs
[2023-12-03T09:51:31.992+0000] {logging_mixin.py:154} INFO - [2023-12-03T09:51:31.992+0000] {dag.py:3722} INFO - Setting next_dagrun for example_task_group_decorator to 2023-12-02T09:51:31.992392+00:00, run_after=2023-12-03T09:51:31.992392+00:00
[2023-12-03T09:51:32.005+0000] {processor.py:179} INFO - Processing /home/airflow/.local/lib/python3.8/site-packages/airflow/example_dags/example_task_group_decorator.py took 0.069 seconds
[2023-12-03T09:52:02.812+0000] {processor.py:157} INFO - Started process (PID=1024) to work on /home/airflow/.local/lib/python3.8/site-packages/airflow/example_dags/example_task_group_decorator.py
[2023-12-03T09:52:02.813+0000] {processor.py:829} INFO - Processing file /home/airflow/.local/lib/python3.8/site-packages/airflow/example_dags/example_task_group_decorator.py for tasks to queue
[2023-12-03T09:52:02.816+0000] {logging_mixin.py:154} INFO - [2023-12-03T09:52:02.815+0000] {dagbag.py:536} INFO - Filling up the DagBag from /home/airflow/.local/lib/python3.8/site-packages/airflow/example_dags/example_task_group_decorator.py
[2023-12-03T09:52:02.828+0000] {processor.py:839} INFO - DAG(s) dict_keys(['example_task_group_decorator']) retrieved from /home/airflow/.local/lib/python3.8/site-packages/airflow/example_dags/example_task_group_decorator.py
[2023-12-03T09:52:02.848+0000] {logging_mixin.py:154} INFO - [2023-12-03T09:52:02.848+0000] {dag.py:2941} INFO - Sync 1 DAGs
[2023-12-03T09:52:02.866+0000] {logging_mixin.py:154} INFO - [2023-12-03T09:52:02.866+0000] {dag.py:3722} INFO - Setting next_dagrun for example_task_group_decorator to 2023-12-02T09:52:02.865911+00:00, run_after=2023-12-03T09:52:02.865911+00:00
[2023-12-03T09:52:02.880+0000] {processor.py:179} INFO - Processing /home/airflow/.local/lib/python3.8/site-packages/airflow/example_dags/example_task_group_decorator.py took 0.071 seconds
[2023-12-03T09:52:32.946+0000] {processor.py:157} INFO - Started process (PID=1082) to work on /home/airflow/.local/lib/python3.8/site-packages/airflow/example_dags/example_task_group_decorator.py
[2023-12-03T09:52:32.947+0000] {processor.py:829} INFO - Processing file /home/airflow/.local/lib/python3.8/site-packages/airflow/example_dags/example_task_group_decorator.py for tasks to queue
[2023-12-03T09:52:32.950+0000] {logging_mixin.py:154} INFO - [2023-12-03T09:52:32.949+0000] {dagbag.py:536} INFO - Filling up the DagBag from /home/airflow/.local/lib/python3.8/site-packages/airflow/example_dags/example_task_group_decorator.py
[2023-12-03T09:52:32.961+0000] {processor.py:839} INFO - DAG(s) dict_keys(['example_task_group_decorator']) retrieved from /home/airflow/.local/lib/python3.8/site-packages/airflow/example_dags/example_task_group_decorator.py
[2023-12-03T09:52:32.982+0000] {logging_mixin.py:154} INFO - [2023-12-03T09:52:32.981+0000] {dag.py:2941} INFO - Sync 1 DAGs
[2023-12-03T09:52:32.999+0000] {logging_mixin.py:154} INFO - [2023-12-03T09:52:32.998+0000] {dag.py:3722} INFO - Setting next_dagrun for example_task_group_decorator to 2023-12-02T09:52:32.998655+00:00, run_after=2023-12-03T09:52:32.998655+00:00
[2023-12-03T09:52:33.012+0000] {processor.py:179} INFO - Processing /home/airflow/.local/lib/python3.8/site-packages/airflow/example_dags/example_task_group_decorator.py took 0.070 seconds
[2023-12-03T09:53:03.330+0000] {processor.py:157} INFO - Started process (PID=1140) to work on /home/airflow/.local/lib/python3.8/site-packages/airflow/example_dags/example_task_group_decorator.py
[2023-12-03T09:53:03.331+0000] {processor.py:829} INFO - Processing file /home/airflow/.local/lib/python3.8/site-packages/airflow/example_dags/example_task_group_decorator.py for tasks to queue
[2023-12-03T09:53:03.333+0000] {logging_mixin.py:154} INFO - [2023-12-03T09:53:03.333+0000] {dagbag.py:536} INFO - Filling up the DagBag from /home/airflow/.local/lib/python3.8/site-packages/airflow/example_dags/example_task_group_decorator.py
[2023-12-03T09:53:03.343+0000] {processor.py:839} INFO - DAG(s) dict_keys(['example_task_group_decorator']) retrieved from /home/airflow/.local/lib/python3.8/site-packages/airflow/example_dags/example_task_group_decorator.py
[2023-12-03T09:53:03.364+0000] {logging_mixin.py:154} INFO - [2023-12-03T09:53:03.364+0000] {dag.py:2941} INFO - Sync 1 DAGs
[2023-12-03T09:53:03.380+0000] {logging_mixin.py:154} INFO - [2023-12-03T09:53:03.380+0000] {dag.py:3722} INFO - Setting next_dagrun for example_task_group_decorator to 2023-12-02T09:53:03.380000+00:00, run_after=2023-12-03T09:53:03.380000+00:00
[2023-12-03T09:53:03.393+0000] {processor.py:179} INFO - Processing /home/airflow/.local/lib/python3.8/site-packages/airflow/example_dags/example_task_group_decorator.py took 0.067 seconds
[2023-12-03T09:53:33.579+0000] {processor.py:157} INFO - Started process (PID=1198) to work on /home/airflow/.local/lib/python3.8/site-packages/airflow/example_dags/example_task_group_decorator.py
[2023-12-03T09:53:33.580+0000] {processor.py:829} INFO - Processing file /home/airflow/.local/lib/python3.8/site-packages/airflow/example_dags/example_task_group_decorator.py for tasks to queue
[2023-12-03T09:53:33.583+0000] {logging_mixin.py:154} INFO - [2023-12-03T09:53:33.583+0000] {dagbag.py:536} INFO - Filling up the DagBag from /home/airflow/.local/lib/python3.8/site-packages/airflow/example_dags/example_task_group_decorator.py
[2023-12-03T09:53:33.597+0000] {processor.py:839} INFO - DAG(s) dict_keys(['example_task_group_decorator']) retrieved from /home/airflow/.local/lib/python3.8/site-packages/airflow/example_dags/example_task_group_decorator.py
[2023-12-03T09:53:33.619+0000] {logging_mixin.py:154} INFO - [2023-12-03T09:53:33.619+0000] {dag.py:2941} INFO - Sync 1 DAGs
[2023-12-03T09:53:33.638+0000] {logging_mixin.py:154} INFO - [2023-12-03T09:53:33.638+0000] {dag.py:3722} INFO - Setting next_dagrun for example_task_group_decorator to 2023-12-02T09:53:33.638072+00:00, run_after=2023-12-03T09:53:33.638072+00:00
[2023-12-03T09:53:33.653+0000] {processor.py:179} INFO - Processing /home/airflow/.local/lib/python3.8/site-packages/airflow/example_dags/example_task_group_decorator.py took 0.078 seconds
[2023-12-03T09:54:03.879+0000] {processor.py:157} INFO - Started process (PID=1263) to work on /home/airflow/.local/lib/python3.8/site-packages/airflow/example_dags/example_task_group_decorator.py
[2023-12-03T09:54:03.879+0000] {processor.py:829} INFO - Processing file /home/airflow/.local/lib/python3.8/site-packages/airflow/example_dags/example_task_group_decorator.py for tasks to queue
[2023-12-03T09:54:03.882+0000] {logging_mixin.py:154} INFO - [2023-12-03T09:54:03.882+0000] {dagbag.py:536} INFO - Filling up the DagBag from /home/airflow/.local/lib/python3.8/site-packages/airflow/example_dags/example_task_group_decorator.py
[2023-12-03T09:54:03.894+0000] {processor.py:839} INFO - DAG(s) dict_keys(['example_task_group_decorator']) retrieved from /home/airflow/.local/lib/python3.8/site-packages/airflow/example_dags/example_task_group_decorator.py
[2023-12-03T09:54:03.915+0000] {logging_mixin.py:154} INFO - [2023-12-03T09:54:03.915+0000] {dag.py:2941} INFO - Sync 1 DAGs
[2023-12-03T09:54:03.932+0000] {logging_mixin.py:154} INFO - [2023-12-03T09:54:03.932+0000] {dag.py:3722} INFO - Setting next_dagrun for example_task_group_decorator to 2023-12-02T09:54:03.932377+00:00, run_after=2023-12-03T09:54:03.932377+00:00
[2023-12-03T09:54:03.946+0000] {processor.py:179} INFO - Processing /home/airflow/.local/lib/python3.8/site-packages/airflow/example_dags/example_task_group_decorator.py took 0.071 seconds
[2023-12-03T09:54:34.232+0000] {processor.py:157} INFO - Started process (PID=1321) to work on /home/airflow/.local/lib/python3.8/site-packages/airflow/example_dags/example_task_group_decorator.py
[2023-12-03T09:54:34.234+0000] {processor.py:829} INFO - Processing file /home/airflow/.local/lib/python3.8/site-packages/airflow/example_dags/example_task_group_decorator.py for tasks to queue
[2023-12-03T09:54:34.240+0000] {logging_mixin.py:154} INFO - [2023-12-03T09:54:34.239+0000] {dagbag.py:536} INFO - Filling up the DagBag from /home/airflow/.local/lib/python3.8/site-packages/airflow/example_dags/example_task_group_decorator.py
[2023-12-03T09:54:34.312+0000] {processor.py:839} INFO - DAG(s) dict_keys(['example_task_group_decorator']) retrieved from /home/airflow/.local/lib/python3.8/site-packages/airflow/example_dags/example_task_group_decorator.py
[2023-12-03T09:54:34.334+0000] {logging_mixin.py:154} INFO - [2023-12-03T09:54:34.333+0000] {dag.py:2941} INFO - Sync 1 DAGs
[2023-12-03T09:54:34.352+0000] {logging_mixin.py:154} INFO - [2023-12-03T09:54:34.352+0000] {dag.py:3722} INFO - Setting next_dagrun for example_task_group_decorator to 2023-12-02T09:54:34.352376+00:00, run_after=2023-12-03T09:54:34.352376+00:00
[2023-12-03T09:54:34.367+0000] {processor.py:179} INFO - Processing /home/airflow/.local/lib/python3.8/site-packages/airflow/example_dags/example_task_group_decorator.py took 0.144 seconds
[2023-12-03T09:55:04.677+0000] {processor.py:157} INFO - Started process (PID=1379) to work on /home/airflow/.local/lib/python3.8/site-packages/airflow/example_dags/example_task_group_decorator.py
[2023-12-03T09:55:04.678+0000] {processor.py:829} INFO - Processing file /home/airflow/.local/lib/python3.8/site-packages/airflow/example_dags/example_task_group_decorator.py for tasks to queue
[2023-12-03T09:55:04.681+0000] {logging_mixin.py:154} INFO - [2023-12-03T09:55:04.681+0000] {dagbag.py:536} INFO - Filling up the DagBag from /home/airflow/.local/lib/python3.8/site-packages/airflow/example_dags/example_task_group_decorator.py
[2023-12-03T09:55:04.692+0000] {processor.py:839} INFO - DAG(s) dict_keys(['example_task_group_decorator']) retrieved from /home/airflow/.local/lib/python3.8/site-packages/airflow/example_dags/example_task_group_decorator.py
[2023-12-03T09:55:04.715+0000] {logging_mixin.py:154} INFO - [2023-12-03T09:55:04.714+0000] {dag.py:2941} INFO - Sync 1 DAGs
[2023-12-03T09:55:04.732+0000] {logging_mixin.py:154} INFO - [2023-12-03T09:55:04.732+0000] {dag.py:3722} INFO - Setting next_dagrun for example_task_group_decorator to 2023-12-02T09:55:04.732254+00:00, run_after=2023-12-03T09:55:04.732254+00:00
[2023-12-03T09:55:04.747+0000] {processor.py:179} INFO - Processing /home/airflow/.local/lib/python3.8/site-packages/airflow/example_dags/example_task_group_decorator.py took 0.073 seconds
[2023-12-03T09:55:35.090+0000] {processor.py:157} INFO - Started process (PID=1437) to work on /home/airflow/.local/lib/python3.8/site-packages/airflow/example_dags/example_task_group_decorator.py
[2023-12-03T09:55:35.091+0000] {processor.py:829} INFO - Processing file /home/airflow/.local/lib/python3.8/site-packages/airflow/example_dags/example_task_group_decorator.py for tasks to queue
[2023-12-03T09:55:35.093+0000] {logging_mixin.py:154} INFO - [2023-12-03T09:55:35.093+0000] {dagbag.py:536} INFO - Filling up the DagBag from /home/airflow/.local/lib/python3.8/site-packages/airflow/example_dags/example_task_group_decorator.py
[2023-12-03T09:55:35.105+0000] {processor.py:839} INFO - DAG(s) dict_keys(['example_task_group_decorator']) retrieved from /home/airflow/.local/lib/python3.8/site-packages/airflow/example_dags/example_task_group_decorator.py
[2023-12-03T09:55:35.137+0000] {logging_mixin.py:154} INFO - [2023-12-03T09:55:35.137+0000] {dag.py:2941} INFO - Sync 1 DAGs
[2023-12-03T09:55:35.170+0000] {logging_mixin.py:154} INFO - [2023-12-03T09:55:35.169+0000] {dag.py:3722} INFO - Setting next_dagrun for example_task_group_decorator to 2023-12-02T09:55:35.169046+00:00, run_after=2023-12-03T09:55:35.169046+00:00
[2023-12-03T09:55:35.199+0000] {processor.py:179} INFO - Processing /home/airflow/.local/lib/python3.8/site-packages/airflow/example_dags/example_task_group_decorator.py took 0.113 seconds
[2023-12-03T09:56:05.446+0000] {processor.py:157} INFO - Started process (PID=1500) to work on /home/airflow/.local/lib/python3.8/site-packages/airflow/example_dags/example_task_group_decorator.py
[2023-12-03T09:56:05.447+0000] {processor.py:829} INFO - Processing file /home/airflow/.local/lib/python3.8/site-packages/airflow/example_dags/example_task_group_decorator.py for tasks to queue
[2023-12-03T09:56:05.451+0000] {logging_mixin.py:154} INFO - [2023-12-03T09:56:05.450+0000] {dagbag.py:536} INFO - Filling up the DagBag from /home/airflow/.local/lib/python3.8/site-packages/airflow/example_dags/example_task_group_decorator.py
[2023-12-03T09:56:05.464+0000] {processor.py:839} INFO - DAG(s) dict_keys(['example_task_group_decorator']) retrieved from /home/airflow/.local/lib/python3.8/site-packages/airflow/example_dags/example_task_group_decorator.py
[2023-12-03T09:56:05.487+0000] {logging_mixin.py:154} INFO - [2023-12-03T09:56:05.487+0000] {dag.py:2941} INFO - Sync 1 DAGs
[2023-12-03T09:56:05.507+0000] {logging_mixin.py:154} INFO - [2023-12-03T09:56:05.506+0000] {dag.py:3722} INFO - Setting next_dagrun for example_task_group_decorator to 2023-12-02T09:56:05.506750+00:00, run_after=2023-12-03T09:56:05.506750+00:00
[2023-12-03T09:56:05.523+0000] {processor.py:179} INFO - Processing /home/airflow/.local/lib/python3.8/site-packages/airflow/example_dags/example_task_group_decorator.py took 0.081 seconds
[2023-12-03T09:56:36.366+0000] {processor.py:157} INFO - Started process (PID=1558) to work on /home/airflow/.local/lib/python3.8/site-packages/airflow/example_dags/example_task_group_decorator.py
[2023-12-03T09:56:36.367+0000] {processor.py:829} INFO - Processing file /home/airflow/.local/lib/python3.8/site-packages/airflow/example_dags/example_task_group_decorator.py for tasks to queue
[2023-12-03T09:56:36.369+0000] {logging_mixin.py:154} INFO - [2023-12-03T09:56:36.369+0000] {dagbag.py:536} INFO - Filling up the DagBag from /home/airflow/.local/lib/python3.8/site-packages/airflow/example_dags/example_task_group_decorator.py
[2023-12-03T09:56:36.383+0000] {processor.py:839} INFO - DAG(s) dict_keys(['example_task_group_decorator']) retrieved from /home/airflow/.local/lib/python3.8/site-packages/airflow/example_dags/example_task_group_decorator.py
[2023-12-03T09:56:36.407+0000] {logging_mixin.py:154} INFO - [2023-12-03T09:56:36.407+0000] {dag.py:2941} INFO - Sync 1 DAGs
[2023-12-03T09:56:36.430+0000] {logging_mixin.py:154} INFO - [2023-12-03T09:56:36.430+0000] {dag.py:3722} INFO - Setting next_dagrun for example_task_group_decorator to 2023-12-02T09:56:36.429795+00:00, run_after=2023-12-03T09:56:36.429795+00:00
[2023-12-03T09:56:36.450+0000] {processor.py:179} INFO - Processing /home/airflow/.local/lib/python3.8/site-packages/airflow/example_dags/example_task_group_decorator.py took 0.088 seconds
[2023-12-03T09:57:07.175+0000] {processor.py:157} INFO - Started process (PID=1616) to work on /home/airflow/.local/lib/python3.8/site-packages/airflow/example_dags/example_task_group_decorator.py
[2023-12-03T09:57:07.176+0000] {processor.py:829} INFO - Processing file /home/airflow/.local/lib/python3.8/site-packages/airflow/example_dags/example_task_group_decorator.py for tasks to queue
[2023-12-03T09:57:07.178+0000] {logging_mixin.py:154} INFO - [2023-12-03T09:57:07.178+0000] {dagbag.py:536} INFO - Filling up the DagBag from /home/airflow/.local/lib/python3.8/site-packages/airflow/example_dags/example_task_group_decorator.py
[2023-12-03T09:57:07.191+0000] {processor.py:839} INFO - DAG(s) dict_keys(['example_task_group_decorator']) retrieved from /home/airflow/.local/lib/python3.8/site-packages/airflow/example_dags/example_task_group_decorator.py
[2023-12-03T09:57:07.214+0000] {logging_mixin.py:154} INFO - [2023-12-03T09:57:07.213+0000] {dag.py:2941} INFO - Sync 1 DAGs
[2023-12-03T09:57:07.233+0000] {logging_mixin.py:154} INFO - [2023-12-03T09:57:07.233+0000] {dag.py:3722} INFO - Setting next_dagrun for example_task_group_decorator to 2023-12-02T09:57:07.232813+00:00, run_after=2023-12-03T09:57:07.232813+00:00
[2023-12-03T09:57:07.249+0000] {processor.py:179} INFO - Processing /home/airflow/.local/lib/python3.8/site-packages/airflow/example_dags/example_task_group_decorator.py took 0.078 seconds
[2023-12-03T09:57:37.330+0000] {processor.py:157} INFO - Started process (PID=1676) to work on /home/airflow/.local/lib/python3.8/site-packages/airflow/example_dags/example_task_group_decorator.py
[2023-12-03T09:57:37.331+0000] {processor.py:829} INFO - Processing file /home/airflow/.local/lib/python3.8/site-packages/airflow/example_dags/example_task_group_decorator.py for tasks to queue
[2023-12-03T09:57:37.333+0000] {logging_mixin.py:154} INFO - [2023-12-03T09:57:37.332+0000] {dagbag.py:536} INFO - Filling up the DagBag from /home/airflow/.local/lib/python3.8/site-packages/airflow/example_dags/example_task_group_decorator.py
[2023-12-03T09:57:37.343+0000] {processor.py:839} INFO - DAG(s) dict_keys(['example_task_group_decorator']) retrieved from /home/airflow/.local/lib/python3.8/site-packages/airflow/example_dags/example_task_group_decorator.py
[2023-12-03T09:57:37.362+0000] {logging_mixin.py:154} INFO - [2023-12-03T09:57:37.362+0000] {dag.py:2941} INFO - Sync 1 DAGs
[2023-12-03T09:57:37.378+0000] {logging_mixin.py:154} INFO - [2023-12-03T09:57:37.378+0000] {dag.py:3722} INFO - Setting next_dagrun for example_task_group_decorator to 2023-12-02T09:57:37.378032+00:00, run_after=2023-12-03T09:57:37.378032+00:00
[2023-12-03T09:57:37.390+0000] {processor.py:179} INFO - Processing /home/airflow/.local/lib/python3.8/site-packages/airflow/example_dags/example_task_group_decorator.py took 0.065 seconds
[2023-12-03T09:58:07.590+0000] {processor.py:157} INFO - Started process (PID=1734) to work on /home/airflow/.local/lib/python3.8/site-packages/airflow/example_dags/example_task_group_decorator.py
[2023-12-03T09:58:07.591+0000] {processor.py:829} INFO - Processing file /home/airflow/.local/lib/python3.8/site-packages/airflow/example_dags/example_task_group_decorator.py for tasks to queue
[2023-12-03T09:58:07.594+0000] {logging_mixin.py:154} INFO - [2023-12-03T09:58:07.594+0000] {dagbag.py:536} INFO - Filling up the DagBag from /home/airflow/.local/lib/python3.8/site-packages/airflow/example_dags/example_task_group_decorator.py
[2023-12-03T09:58:07.605+0000] {processor.py:839} INFO - DAG(s) dict_keys(['example_task_group_decorator']) retrieved from /home/airflow/.local/lib/python3.8/site-packages/airflow/example_dags/example_task_group_decorator.py
[2023-12-03T09:58:07.626+0000] {logging_mixin.py:154} INFO - [2023-12-03T09:58:07.626+0000] {dag.py:2941} INFO - Sync 1 DAGs
[2023-12-03T09:58:07.645+0000] {logging_mixin.py:154} INFO - [2023-12-03T09:58:07.645+0000] {dag.py:3722} INFO - Setting next_dagrun for example_task_group_decorator to 2023-12-02T09:58:07.645280+00:00, run_after=2023-12-03T09:58:07.645280+00:00
[2023-12-03T09:58:07.659+0000] {processor.py:179} INFO - Processing /home/airflow/.local/lib/python3.8/site-packages/airflow/example_dags/example_task_group_decorator.py took 0.073 seconds
[2023-12-03T09:58:38.072+0000] {processor.py:157} INFO - Started process (PID=1791) to work on /home/airflow/.local/lib/python3.8/site-packages/airflow/example_dags/example_task_group_decorator.py
[2023-12-03T09:58:38.073+0000] {processor.py:829} INFO - Processing file /home/airflow/.local/lib/python3.8/site-packages/airflow/example_dags/example_task_group_decorator.py for tasks to queue
[2023-12-03T09:58:38.075+0000] {logging_mixin.py:154} INFO - [2023-12-03T09:58:38.075+0000] {dagbag.py:536} INFO - Filling up the DagBag from /home/airflow/.local/lib/python3.8/site-packages/airflow/example_dags/example_task_group_decorator.py
[2023-12-03T09:58:38.087+0000] {processor.py:839} INFO - DAG(s) dict_keys(['example_task_group_decorator']) retrieved from /home/airflow/.local/lib/python3.8/site-packages/airflow/example_dags/example_task_group_decorator.py
[2023-12-03T09:58:38.107+0000] {logging_mixin.py:154} INFO - [2023-12-03T09:58:38.107+0000] {dag.py:2941} INFO - Sync 1 DAGs
[2023-12-03T09:58:38.126+0000] {logging_mixin.py:154} INFO - [2023-12-03T09:58:38.126+0000] {dag.py:3722} INFO - Setting next_dagrun for example_task_group_decorator to 2023-12-02T09:58:38.126088+00:00, run_after=2023-12-03T09:58:38.126088+00:00
[2023-12-03T09:58:38.140+0000] {processor.py:179} INFO - Processing /home/airflow/.local/lib/python3.8/site-packages/airflow/example_dags/example_task_group_decorator.py took 0.072 seconds
[2023-12-03T09:59:08.727+0000] {processor.py:157} INFO - Started process (PID=1849) to work on /home/airflow/.local/lib/python3.8/site-packages/airflow/example_dags/example_task_group_decorator.py
[2023-12-03T09:59:08.728+0000] {processor.py:829} INFO - Processing file /home/airflow/.local/lib/python3.8/site-packages/airflow/example_dags/example_task_group_decorator.py for tasks to queue
[2023-12-03T09:59:08.730+0000] {logging_mixin.py:154} INFO - [2023-12-03T09:59:08.730+0000] {dagbag.py:536} INFO - Filling up the DagBag from /home/airflow/.local/lib/python3.8/site-packages/airflow/example_dags/example_task_group_decorator.py
[2023-12-03T09:59:08.741+0000] {processor.py:839} INFO - DAG(s) dict_keys(['example_task_group_decorator']) retrieved from /home/airflow/.local/lib/python3.8/site-packages/airflow/example_dags/example_task_group_decorator.py
[2023-12-03T09:59:08.761+0000] {logging_mixin.py:154} INFO - [2023-12-03T09:59:08.761+0000] {dag.py:2941} INFO - Sync 1 DAGs
[2023-12-03T09:59:08.776+0000] {logging_mixin.py:154} INFO - [2023-12-03T09:59:08.776+0000] {dag.py:3722} INFO - Setting next_dagrun for example_task_group_decorator to 2023-12-02T09:59:08.776009+00:00, run_after=2023-12-03T09:59:08.776009+00:00
[2023-12-03T09:59:08.789+0000] {processor.py:179} INFO - Processing /home/airflow/.local/lib/python3.8/site-packages/airflow/example_dags/example_task_group_decorator.py took 0.065 seconds
[2023-12-03T09:59:39.643+0000] {processor.py:157} INFO - Started process (PID=1908) to work on /home/airflow/.local/lib/python3.8/site-packages/airflow/example_dags/example_task_group_decorator.py
[2023-12-03T09:59:39.644+0000] {processor.py:829} INFO - Processing file /home/airflow/.local/lib/python3.8/site-packages/airflow/example_dags/example_task_group_decorator.py for tasks to queue
[2023-12-03T09:59:39.646+0000] {logging_mixin.py:154} INFO - [2023-12-03T09:59:39.646+0000] {dagbag.py:536} INFO - Filling up the DagBag from /home/airflow/.local/lib/python3.8/site-packages/airflow/example_dags/example_task_group_decorator.py
[2023-12-03T09:59:39.659+0000] {processor.py:839} INFO - DAG(s) dict_keys(['example_task_group_decorator']) retrieved from /home/airflow/.local/lib/python3.8/site-packages/airflow/example_dags/example_task_group_decorator.py
[2023-12-03T09:59:39.679+0000] {logging_mixin.py:154} INFO - [2023-12-03T09:59:39.679+0000] {dag.py:2941} INFO - Sync 1 DAGs
[2023-12-03T09:59:39.697+0000] {logging_mixin.py:154} INFO - [2023-12-03T09:59:39.696+0000] {dag.py:3722} INFO - Setting next_dagrun for example_task_group_decorator to 2023-12-02T09:59:39.696635+00:00, run_after=2023-12-03T09:59:39.696635+00:00
[2023-12-03T09:59:39.710+0000] {processor.py:179} INFO - Processing /home/airflow/.local/lib/python3.8/site-packages/airflow/example_dags/example_task_group_decorator.py took 0.070 seconds
[2023-12-03T10:00:09.805+0000] {processor.py:157} INFO - Started process (PID=1968) to work on /home/airflow/.local/lib/python3.8/site-packages/airflow/example_dags/example_task_group_decorator.py
[2023-12-03T10:00:09.807+0000] {processor.py:829} INFO - Processing file /home/airflow/.local/lib/python3.8/site-packages/airflow/example_dags/example_task_group_decorator.py for tasks to queue
[2023-12-03T10:00:09.810+0000] {logging_mixin.py:154} INFO - [2023-12-03T10:00:09.810+0000] {dagbag.py:536} INFO - Filling up the DagBag from /home/airflow/.local/lib/python3.8/site-packages/airflow/example_dags/example_task_group_decorator.py
[2023-12-03T10:00:09.826+0000] {processor.py:839} INFO - DAG(s) dict_keys(['example_task_group_decorator']) retrieved from /home/airflow/.local/lib/python3.8/site-packages/airflow/example_dags/example_task_group_decorator.py
[2023-12-03T10:00:09.851+0000] {logging_mixin.py:154} INFO - [2023-12-03T10:00:09.850+0000] {dag.py:2941} INFO - Sync 1 DAGs
[2023-12-03T10:00:09.874+0000] {logging_mixin.py:154} INFO - [2023-12-03T10:00:09.873+0000] {dag.py:3722} INFO - Setting next_dagrun for example_task_group_decorator to 2023-12-02T10:00:09.873716+00:00, run_after=2023-12-03T10:00:09.873716+00:00
[2023-12-03T10:00:09.892+0000] {processor.py:179} INFO - Processing /home/airflow/.local/lib/python3.8/site-packages/airflow/example_dags/example_task_group_decorator.py took 0.091 seconds
[2023-12-03T10:00:40.093+0000] {processor.py:157} INFO - Started process (PID=2026) to work on /home/airflow/.local/lib/python3.8/site-packages/airflow/example_dags/example_task_group_decorator.py
[2023-12-03T10:00:40.094+0000] {processor.py:829} INFO - Processing file /home/airflow/.local/lib/python3.8/site-packages/airflow/example_dags/example_task_group_decorator.py for tasks to queue
[2023-12-03T10:00:40.096+0000] {logging_mixin.py:154} INFO - [2023-12-03T10:00:40.096+0000] {dagbag.py:536} INFO - Filling up the DagBag from /home/airflow/.local/lib/python3.8/site-packages/airflow/example_dags/example_task_group_decorator.py
[2023-12-03T10:00:40.109+0000] {processor.py:839} INFO - DAG(s) dict_keys(['example_task_group_decorator']) retrieved from /home/airflow/.local/lib/python3.8/site-packages/airflow/example_dags/example_task_group_decorator.py
[2023-12-03T10:00:40.130+0000] {logging_mixin.py:154} INFO - [2023-12-03T10:00:40.129+0000] {dag.py:2941} INFO - Sync 1 DAGs
[2023-12-03T10:00:40.147+0000] {logging_mixin.py:154} INFO - [2023-12-03T10:00:40.147+0000] {dag.py:3722} INFO - Setting next_dagrun for example_task_group_decorator to 2023-12-02T10:00:40.146935+00:00, run_after=2023-12-03T10:00:40.146935+00:00
[2023-12-03T10:00:40.161+0000] {processor.py:179} INFO - Processing /home/airflow/.local/lib/python3.8/site-packages/airflow/example_dags/example_task_group_decorator.py took 0.071 seconds
[2023-12-03T10:01:10.391+0000] {processor.py:157} INFO - Started process (PID=2084) to work on /home/airflow/.local/lib/python3.8/site-packages/airflow/example_dags/example_task_group_decorator.py
[2023-12-03T10:01:10.392+0000] {processor.py:829} INFO - Processing file /home/airflow/.local/lib/python3.8/site-packages/airflow/example_dags/example_task_group_decorator.py for tasks to queue
[2023-12-03T10:01:10.394+0000] {logging_mixin.py:154} INFO - [2023-12-03T10:01:10.394+0000] {dagbag.py:536} INFO - Filling up the DagBag from /home/airflow/.local/lib/python3.8/site-packages/airflow/example_dags/example_task_group_decorator.py
[2023-12-03T10:01:10.407+0000] {processor.py:839} INFO - DAG(s) dict_keys(['example_task_group_decorator']) retrieved from /home/airflow/.local/lib/python3.8/site-packages/airflow/example_dags/example_task_group_decorator.py
[2023-12-03T10:01:10.428+0000] {logging_mixin.py:154} INFO - [2023-12-03T10:01:10.427+0000] {dag.py:2941} INFO - Sync 1 DAGs
[2023-12-03T10:01:10.444+0000] {logging_mixin.py:154} INFO - [2023-12-03T10:01:10.444+0000] {dag.py:3722} INFO - Setting next_dagrun for example_task_group_decorator to 2023-12-02T10:01:10.444589+00:00, run_after=2023-12-03T10:01:10.444589+00:00
[2023-12-03T10:01:10.456+0000] {processor.py:179} INFO - Processing /home/airflow/.local/lib/python3.8/site-packages/airflow/example_dags/example_task_group_decorator.py took 0.068 seconds
[2023-12-03T10:01:40.507+0000] {processor.py:157} INFO - Started process (PID=2142) to work on /home/airflow/.local/lib/python3.8/site-packages/airflow/example_dags/example_task_group_decorator.py
[2023-12-03T10:01:40.508+0000] {processor.py:829} INFO - Processing file /home/airflow/.local/lib/python3.8/site-packages/airflow/example_dags/example_task_group_decorator.py for tasks to queue
[2023-12-03T10:01:40.511+0000] {logging_mixin.py:154} INFO - [2023-12-03T10:01:40.510+0000] {dagbag.py:536} INFO - Filling up the DagBag from /home/airflow/.local/lib/python3.8/site-packages/airflow/example_dags/example_task_group_decorator.py
[2023-12-03T10:01:40.529+0000] {processor.py:839} INFO - DAG(s) dict_keys(['example_task_group_decorator']) retrieved from /home/airflow/.local/lib/python3.8/site-packages/airflow/example_dags/example_task_group_decorator.py
[2023-12-03T10:01:40.558+0000] {logging_mixin.py:154} INFO - [2023-12-03T10:01:40.558+0000] {dag.py:2941} INFO - Sync 1 DAGs
[2023-12-03T10:01:40.583+0000] {logging_mixin.py:154} INFO - [2023-12-03T10:01:40.583+0000] {dag.py:3722} INFO - Setting next_dagrun for example_task_group_decorator to 2023-12-02T10:01:40.582833+00:00, run_after=2023-12-03T10:01:40.582833+00:00
[2023-12-03T10:01:40.604+0000] {processor.py:179} INFO - Processing /home/airflow/.local/lib/python3.8/site-packages/airflow/example_dags/example_task_group_decorator.py took 0.101 seconds
[2023-12-03T10:02:10.630+0000] {processor.py:157} INFO - Started process (PID=2202) to work on /home/airflow/.local/lib/python3.8/site-packages/airflow/example_dags/example_task_group_decorator.py
[2023-12-03T10:02:10.630+0000] {processor.py:829} INFO - Processing file /home/airflow/.local/lib/python3.8/site-packages/airflow/example_dags/example_task_group_decorator.py for tasks to queue
[2023-12-03T10:02:10.633+0000] {logging_mixin.py:154} INFO - [2023-12-03T10:02:10.633+0000] {dagbag.py:536} INFO - Filling up the DagBag from /home/airflow/.local/lib/python3.8/site-packages/airflow/example_dags/example_task_group_decorator.py
[2023-12-03T10:02:10.647+0000] {processor.py:839} INFO - DAG(s) dict_keys(['example_task_group_decorator']) retrieved from /home/airflow/.local/lib/python3.8/site-packages/airflow/example_dags/example_task_group_decorator.py
[2023-12-03T10:02:10.669+0000] {logging_mixin.py:154} INFO - [2023-12-03T10:02:10.669+0000] {dag.py:2941} INFO - Sync 1 DAGs
[2023-12-03T10:02:10.689+0000] {logging_mixin.py:154} INFO - [2023-12-03T10:02:10.689+0000] {dag.py:3722} INFO - Setting next_dagrun for example_task_group_decorator to 2023-12-02T10:02:10.688833+00:00, run_after=2023-12-03T10:02:10.688833+00:00
[2023-12-03T10:02:10.705+0000] {processor.py:179} INFO - Processing /home/airflow/.local/lib/python3.8/site-packages/airflow/example_dags/example_task_group_decorator.py took 0.079 seconds
[2023-12-03T10:02:41.073+0000] {processor.py:157} INFO - Started process (PID=2260) to work on /home/airflow/.local/lib/python3.8/site-packages/airflow/example_dags/example_task_group_decorator.py
[2023-12-03T10:02:41.074+0000] {processor.py:829} INFO - Processing file /home/airflow/.local/lib/python3.8/site-packages/airflow/example_dags/example_task_group_decorator.py for tasks to queue
[2023-12-03T10:02:41.076+0000] {logging_mixin.py:154} INFO - [2023-12-03T10:02:41.076+0000] {dagbag.py:536} INFO - Filling up the DagBag from /home/airflow/.local/lib/python3.8/site-packages/airflow/example_dags/example_task_group_decorator.py
[2023-12-03T10:02:41.089+0000] {processor.py:839} INFO - DAG(s) dict_keys(['example_task_group_decorator']) retrieved from /home/airflow/.local/lib/python3.8/site-packages/airflow/example_dags/example_task_group_decorator.py
[2023-12-03T10:02:41.110+0000] {logging_mixin.py:154} INFO - [2023-12-03T10:02:41.109+0000] {dag.py:2941} INFO - Sync 1 DAGs
[2023-12-03T10:02:41.128+0000] {logging_mixin.py:154} INFO - [2023-12-03T10:02:41.128+0000] {dag.py:3722} INFO - Setting next_dagrun for example_task_group_decorator to 2023-12-02T10:02:41.127841+00:00, run_after=2023-12-03T10:02:41.127841+00:00
[2023-12-03T10:02:41.143+0000] {processor.py:179} INFO - Processing /home/airflow/.local/lib/python3.8/site-packages/airflow/example_dags/example_task_group_decorator.py took 0.073 seconds
[2023-12-03T10:03:11.351+0000] {processor.py:157} INFO - Started process (PID=2318) to work on /home/airflow/.local/lib/python3.8/site-packages/airflow/example_dags/example_task_group_decorator.py
[2023-12-03T10:03:11.352+0000] {processor.py:829} INFO - Processing file /home/airflow/.local/lib/python3.8/site-packages/airflow/example_dags/example_task_group_decorator.py for tasks to queue
[2023-12-03T10:03:11.355+0000] {logging_mixin.py:154} INFO - [2023-12-03T10:03:11.354+0000] {dagbag.py:536} INFO - Filling up the DagBag from /home/airflow/.local/lib/python3.8/site-packages/airflow/example_dags/example_task_group_decorator.py
[2023-12-03T10:03:11.365+0000] {processor.py:839} INFO - DAG(s) dict_keys(['example_task_group_decorator']) retrieved from /home/airflow/.local/lib/python3.8/site-packages/airflow/example_dags/example_task_group_decorator.py
[2023-12-03T10:03:11.385+0000] {logging_mixin.py:154} INFO - [2023-12-03T10:03:11.384+0000] {dag.py:2941} INFO - Sync 1 DAGs
[2023-12-03T10:03:11.401+0000] {logging_mixin.py:154} INFO - [2023-12-03T10:03:11.400+0000] {dag.py:3722} INFO - Setting next_dagrun for example_task_group_decorator to 2023-12-02T10:03:11.400821+00:00, run_after=2023-12-03T10:03:11.400821+00:00
[2023-12-03T10:03:11.413+0000] {processor.py:179} INFO - Processing /home/airflow/.local/lib/python3.8/site-packages/airflow/example_dags/example_task_group_decorator.py took 0.066 seconds
[2023-12-03T10:03:41.720+0000] {processor.py:157} INFO - Started process (PID=2376) to work on /home/airflow/.local/lib/python3.8/site-packages/airflow/example_dags/example_task_group_decorator.py
[2023-12-03T10:03:41.720+0000] {processor.py:829} INFO - Processing file /home/airflow/.local/lib/python3.8/site-packages/airflow/example_dags/example_task_group_decorator.py for tasks to queue
[2023-12-03T10:03:41.723+0000] {logging_mixin.py:154} INFO - [2023-12-03T10:03:41.723+0000] {dagbag.py:536} INFO - Filling up the DagBag from /home/airflow/.local/lib/python3.8/site-packages/airflow/example_dags/example_task_group_decorator.py
[2023-12-03T10:03:41.734+0000] {processor.py:839} INFO - DAG(s) dict_keys(['example_task_group_decorator']) retrieved from /home/airflow/.local/lib/python3.8/site-packages/airflow/example_dags/example_task_group_decorator.py
[2023-12-03T10:03:41.754+0000] {logging_mixin.py:154} INFO - [2023-12-03T10:03:41.754+0000] {dag.py:2941} INFO - Sync 1 DAGs
[2023-12-03T10:03:41.773+0000] {logging_mixin.py:154} INFO - [2023-12-03T10:03:41.773+0000] {dag.py:3722} INFO - Setting next_dagrun for example_task_group_decorator to 2023-12-02T10:03:41.773404+00:00, run_after=2023-12-03T10:03:41.773404+00:00
[2023-12-03T10:03:41.786+0000] {processor.py:179} INFO - Processing /home/airflow/.local/lib/python3.8/site-packages/airflow/example_dags/example_task_group_decorator.py took 0.070 seconds
[2023-12-03T10:04:12.469+0000] {processor.py:157} INFO - Started process (PID=2434) to work on /home/airflow/.local/lib/python3.8/site-packages/airflow/example_dags/example_task_group_decorator.py
[2023-12-03T10:04:12.470+0000] {processor.py:829} INFO - Processing file /home/airflow/.local/lib/python3.8/site-packages/airflow/example_dags/example_task_group_decorator.py for tasks to queue
[2023-12-03T10:04:12.473+0000] {logging_mixin.py:154} INFO - [2023-12-03T10:04:12.472+0000] {dagbag.py:536} INFO - Filling up the DagBag from /home/airflow/.local/lib/python3.8/site-packages/airflow/example_dags/example_task_group_decorator.py
[2023-12-03T10:04:12.484+0000] {processor.py:839} INFO - DAG(s) dict_keys(['example_task_group_decorator']) retrieved from /home/airflow/.local/lib/python3.8/site-packages/airflow/example_dags/example_task_group_decorator.py
[2023-12-03T10:04:12.503+0000] {logging_mixin.py:154} INFO - [2023-12-03T10:04:12.503+0000] {dag.py:2941} INFO - Sync 1 DAGs
[2023-12-03T10:04:12.519+0000] {logging_mixin.py:154} INFO - [2023-12-03T10:04:12.519+0000] {dag.py:3722} INFO - Setting next_dagrun for example_task_group_decorator to 2023-12-02T10:04:12.518851+00:00, run_after=2023-12-03T10:04:12.518851+00:00
[2023-12-03T10:04:12.532+0000] {processor.py:179} INFO - Processing /home/airflow/.local/lib/python3.8/site-packages/airflow/example_dags/example_task_group_decorator.py took 0.066 seconds
[2023-12-03T10:04:43.056+0000] {processor.py:157} INFO - Started process (PID=2492) to work on /home/airflow/.local/lib/python3.8/site-packages/airflow/example_dags/example_task_group_decorator.py
[2023-12-03T10:04:43.057+0000] {processor.py:829} INFO - Processing file /home/airflow/.local/lib/python3.8/site-packages/airflow/example_dags/example_task_group_decorator.py for tasks to queue
[2023-12-03T10:04:43.060+0000] {logging_mixin.py:154} INFO - [2023-12-03T10:04:43.060+0000] {dagbag.py:536} INFO - Filling up the DagBag from /home/airflow/.local/lib/python3.8/site-packages/airflow/example_dags/example_task_group_decorator.py
[2023-12-03T10:04:43.077+0000] {processor.py:839} INFO - DAG(s) dict_keys(['example_task_group_decorator']) retrieved from /home/airflow/.local/lib/python3.8/site-packages/airflow/example_dags/example_task_group_decorator.py
[2023-12-03T10:04:43.105+0000] {logging_mixin.py:154} INFO - [2023-12-03T10:04:43.105+0000] {dag.py:2941} INFO - Sync 1 DAGs
[2023-12-03T10:04:43.126+0000] {logging_mixin.py:154} INFO - [2023-12-03T10:04:43.126+0000] {dag.py:3722} INFO - Setting next_dagrun for example_task_group_decorator to 2023-12-02T10:04:43.126012+00:00, run_after=2023-12-03T10:04:43.126012+00:00
[2023-12-03T10:04:43.140+0000] {processor.py:179} INFO - Processing /home/airflow/.local/lib/python3.8/site-packages/airflow/example_dags/example_task_group_decorator.py took 0.087 seconds
[2023-12-03T10:05:13.171+0000] {processor.py:157} INFO - Started process (PID=2550) to work on /home/airflow/.local/lib/python3.8/site-packages/airflow/example_dags/example_task_group_decorator.py
[2023-12-03T10:05:13.172+0000] {processor.py:829} INFO - Processing file /home/airflow/.local/lib/python3.8/site-packages/airflow/example_dags/example_task_group_decorator.py for tasks to queue
[2023-12-03T10:05:13.174+0000] {logging_mixin.py:154} INFO - [2023-12-03T10:05:13.174+0000] {dagbag.py:536} INFO - Filling up the DagBag from /home/airflow/.local/lib/python3.8/site-packages/airflow/example_dags/example_task_group_decorator.py
[2023-12-03T10:05:13.186+0000] {processor.py:839} INFO - DAG(s) dict_keys(['example_task_group_decorator']) retrieved from /home/airflow/.local/lib/python3.8/site-packages/airflow/example_dags/example_task_group_decorator.py
[2023-12-03T10:05:13.207+0000] {logging_mixin.py:154} INFO - [2023-12-03T10:05:13.207+0000] {dag.py:2941} INFO - Sync 1 DAGs
[2023-12-03T10:05:13.227+0000] {logging_mixin.py:154} INFO - [2023-12-03T10:05:13.227+0000] {dag.py:3722} INFO - Setting next_dagrun for example_task_group_decorator to 2023-12-02T10:05:13.226937+00:00, run_after=2023-12-03T10:05:13.226937+00:00
[2023-12-03T10:05:13.241+0000] {processor.py:179} INFO - Processing /home/airflow/.local/lib/python3.8/site-packages/airflow/example_dags/example_task_group_decorator.py took 0.073 seconds
[2023-12-03T10:05:43.392+0000] {processor.py:157} INFO - Started process (PID=2607) to work on /home/airflow/.local/lib/python3.8/site-packages/airflow/example_dags/example_task_group_decorator.py
[2023-12-03T10:05:43.393+0000] {processor.py:829} INFO - Processing file /home/airflow/.local/lib/python3.8/site-packages/airflow/example_dags/example_task_group_decorator.py for tasks to queue
[2023-12-03T10:05:43.395+0000] {logging_mixin.py:154} INFO - [2023-12-03T10:05:43.395+0000] {dagbag.py:536} INFO - Filling up the DagBag from /home/airflow/.local/lib/python3.8/site-packages/airflow/example_dags/example_task_group_decorator.py
[2023-12-03T10:05:43.408+0000] {processor.py:839} INFO - DAG(s) dict_keys(['example_task_group_decorator']) retrieved from /home/airflow/.local/lib/python3.8/site-packages/airflow/example_dags/example_task_group_decorator.py
[2023-12-03T10:05:43.428+0000] {logging_mixin.py:154} INFO - [2023-12-03T10:05:43.428+0000] {dag.py:2941} INFO - Sync 1 DAGs
[2023-12-03T10:05:43.448+0000] {logging_mixin.py:154} INFO - [2023-12-03T10:05:43.448+0000] {dag.py:3722} INFO - Setting next_dagrun for example_task_group_decorator to 2023-12-02T10:05:43.447836+00:00, run_after=2023-12-03T10:05:43.447836+00:00
[2023-12-03T10:05:43.463+0000] {processor.py:179} INFO - Processing /home/airflow/.local/lib/python3.8/site-packages/airflow/example_dags/example_task_group_decorator.py took 0.074 seconds
[2023-12-03T10:06:13.656+0000] {processor.py:157} INFO - Started process (PID=2665) to work on /home/airflow/.local/lib/python3.8/site-packages/airflow/example_dags/example_task_group_decorator.py
[2023-12-03T10:06:13.657+0000] {processor.py:829} INFO - Processing file /home/airflow/.local/lib/python3.8/site-packages/airflow/example_dags/example_task_group_decorator.py for tasks to queue
[2023-12-03T10:06:13.660+0000] {logging_mixin.py:154} INFO - [2023-12-03T10:06:13.659+0000] {dagbag.py:536} INFO - Filling up the DagBag from /home/airflow/.local/lib/python3.8/site-packages/airflow/example_dags/example_task_group_decorator.py
[2023-12-03T10:06:13.671+0000] {processor.py:839} INFO - DAG(s) dict_keys(['example_task_group_decorator']) retrieved from /home/airflow/.local/lib/python3.8/site-packages/airflow/example_dags/example_task_group_decorator.py
[2023-12-03T10:06:13.692+0000] {logging_mixin.py:154} INFO - [2023-12-03T10:06:13.692+0000] {dag.py:2941} INFO - Sync 1 DAGs
[2023-12-03T10:06:13.709+0000] {logging_mixin.py:154} INFO - [2023-12-03T10:06:13.709+0000] {dag.py:3722} INFO - Setting next_dagrun for example_task_group_decorator to 2023-12-02T10:06:13.709559+00:00, run_after=2023-12-03T10:06:13.709559+00:00
[2023-12-03T10:06:13.723+0000] {processor.py:179} INFO - Processing /home/airflow/.local/lib/python3.8/site-packages/airflow/example_dags/example_task_group_decorator.py took 0.071 seconds
[2023-12-03T10:06:44.049+0000] {processor.py:157} INFO - Started process (PID=2723) to work on /home/airflow/.local/lib/python3.8/site-packages/airflow/example_dags/example_task_group_decorator.py
[2023-12-03T10:06:44.050+0000] {processor.py:829} INFO - Processing file /home/airflow/.local/lib/python3.8/site-packages/airflow/example_dags/example_task_group_decorator.py for tasks to queue
[2023-12-03T10:06:44.052+0000] {logging_mixin.py:154} INFO - [2023-12-03T10:06:44.052+0000] {dagbag.py:536} INFO - Filling up the DagBag from /home/airflow/.local/lib/python3.8/site-packages/airflow/example_dags/example_task_group_decorator.py
[2023-12-03T10:06:44.065+0000] {processor.py:839} INFO - DAG(s) dict_keys(['example_task_group_decorator']) retrieved from /home/airflow/.local/lib/python3.8/site-packages/airflow/example_dags/example_task_group_decorator.py
[2023-12-03T10:06:44.085+0000] {logging_mixin.py:154} INFO - [2023-12-03T10:06:44.085+0000] {dag.py:2941} INFO - Sync 1 DAGs
[2023-12-03T10:06:44.103+0000] {logging_mixin.py:154} INFO - [2023-12-03T10:06:44.102+0000] {dag.py:3722} INFO - Setting next_dagrun for example_task_group_decorator to 2023-12-02T10:06:44.102686+00:00, run_after=2023-12-03T10:06:44.102686+00:00
[2023-12-03T10:06:44.118+0000] {processor.py:179} INFO - Processing /home/airflow/.local/lib/python3.8/site-packages/airflow/example_dags/example_task_group_decorator.py took 0.072 seconds
[2023-12-03T10:07:14.203+0000] {processor.py:157} INFO - Started process (PID=2781) to work on /home/airflow/.local/lib/python3.8/site-packages/airflow/example_dags/example_task_group_decorator.py
[2023-12-03T10:07:14.204+0000] {processor.py:829} INFO - Processing file /home/airflow/.local/lib/python3.8/site-packages/airflow/example_dags/example_task_group_decorator.py for tasks to queue
[2023-12-03T10:07:14.206+0000] {logging_mixin.py:154} INFO - [2023-12-03T10:07:14.206+0000] {dagbag.py:536} INFO - Filling up the DagBag from /home/airflow/.local/lib/python3.8/site-packages/airflow/example_dags/example_task_group_decorator.py
[2023-12-03T10:07:14.217+0000] {processor.py:839} INFO - DAG(s) dict_keys(['example_task_group_decorator']) retrieved from /home/airflow/.local/lib/python3.8/site-packages/airflow/example_dags/example_task_group_decorator.py
[2023-12-03T10:07:14.236+0000] {logging_mixin.py:154} INFO - [2023-12-03T10:07:14.236+0000] {dag.py:2941} INFO - Sync 1 DAGs
[2023-12-03T10:07:14.253+0000] {logging_mixin.py:154} INFO - [2023-12-03T10:07:14.253+0000] {dag.py:3722} INFO - Setting next_dagrun for example_task_group_decorator to 2023-12-02T10:07:14.252987+00:00, run_after=2023-12-03T10:07:14.252987+00:00
[2023-12-03T10:07:14.266+0000] {processor.py:179} INFO - Processing /home/airflow/.local/lib/python3.8/site-packages/airflow/example_dags/example_task_group_decorator.py took 0.066 seconds
[2023-12-03T10:07:44.597+0000] {processor.py:157} INFO - Started process (PID=2839) to work on /home/airflow/.local/lib/python3.8/site-packages/airflow/example_dags/example_task_group_decorator.py
[2023-12-03T10:07:44.598+0000] {processor.py:829} INFO - Processing file /home/airflow/.local/lib/python3.8/site-packages/airflow/example_dags/example_task_group_decorator.py for tasks to queue
[2023-12-03T10:07:44.601+0000] {logging_mixin.py:154} INFO - [2023-12-03T10:07:44.600+0000] {dagbag.py:536} INFO - Filling up the DagBag from /home/airflow/.local/lib/python3.8/site-packages/airflow/example_dags/example_task_group_decorator.py
[2023-12-03T10:07:44.610+0000] {processor.py:839} INFO - DAG(s) dict_keys(['example_task_group_decorator']) retrieved from /home/airflow/.local/lib/python3.8/site-packages/airflow/example_dags/example_task_group_decorator.py
[2023-12-03T10:07:44.625+0000] {logging_mixin.py:154} INFO - [2023-12-03T10:07:44.625+0000] {dag.py:2941} INFO - Sync 1 DAGs
[2023-12-03T10:07:44.638+0000] {logging_mixin.py:154} INFO - [2023-12-03T10:07:44.638+0000] {dag.py:3722} INFO - Setting next_dagrun for example_task_group_decorator to 2023-12-02T10:07:44.637981+00:00, run_after=2023-12-03T10:07:44.637981+00:00
[2023-12-03T10:07:44.648+0000] {processor.py:179} INFO - Processing /home/airflow/.local/lib/python3.8/site-packages/airflow/example_dags/example_task_group_decorator.py took 0.054 seconds
[2023-12-03T11:28:19.350+0000] {processor.py:157} INFO - Started process (PID=2895) to work on /home/airflow/.local/lib/python3.8/site-packages/airflow/example_dags/example_task_group_decorator.py
[2023-12-03T11:28:19.351+0000] {processor.py:829} INFO - Processing file /home/airflow/.local/lib/python3.8/site-packages/airflow/example_dags/example_task_group_decorator.py for tasks to queue
[2023-12-03T11:28:19.353+0000] {logging_mixin.py:154} INFO - [2023-12-03T11:28:19.353+0000] {dagbag.py:536} INFO - Filling up the DagBag from /home/airflow/.local/lib/python3.8/site-packages/airflow/example_dags/example_task_group_decorator.py
[2023-12-03T11:28:19.363+0000] {processor.py:839} INFO - DAG(s) dict_keys(['example_task_group_decorator']) retrieved from /home/airflow/.local/lib/python3.8/site-packages/airflow/example_dags/example_task_group_decorator.py
[2023-12-03T11:28:19.379+0000] {logging_mixin.py:154} INFO - [2023-12-03T11:28:19.379+0000] {dag.py:2941} INFO - Sync 1 DAGs
[2023-12-03T11:28:19.392+0000] {logging_mixin.py:154} INFO - [2023-12-03T11:28:19.391+0000] {dag.py:3722} INFO - Setting next_dagrun for example_task_group_decorator to 2023-12-02T11:28:19.391741+00:00, run_after=2023-12-03T11:28:19.391741+00:00
[2023-12-03T11:28:19.403+0000] {processor.py:179} INFO - Processing /home/airflow/.local/lib/python3.8/site-packages/airflow/example_dags/example_task_group_decorator.py took 0.056 seconds
[2023-12-03T12:09:28.608+0000] {processor.py:157} INFO - Started process (PID=2952) to work on /home/airflow/.local/lib/python3.8/site-packages/airflow/example_dags/example_task_group_decorator.py
[2023-12-03T12:09:28.609+0000] {processor.py:829} INFO - Processing file /home/airflow/.local/lib/python3.8/site-packages/airflow/example_dags/example_task_group_decorator.py for tasks to queue
[2023-12-03T12:09:28.613+0000] {logging_mixin.py:154} INFO - [2023-12-03T12:09:28.612+0000] {dagbag.py:536} INFO - Filling up the DagBag from /home/airflow/.local/lib/python3.8/site-packages/airflow/example_dags/example_task_group_decorator.py
[2023-12-03T12:09:28.632+0000] {processor.py:839} INFO - DAG(s) dict_keys(['example_task_group_decorator']) retrieved from /home/airflow/.local/lib/python3.8/site-packages/airflow/example_dags/example_task_group_decorator.py
[2023-12-03T12:09:28.671+0000] {logging_mixin.py:154} INFO - [2023-12-03T12:09:28.671+0000] {dag.py:2941} INFO - Sync 1 DAGs
[2023-12-03T12:09:28.690+0000] {logging_mixin.py:154} INFO - [2023-12-03T12:09:28.690+0000] {dag.py:3722} INFO - Setting next_dagrun for example_task_group_decorator to 2023-12-02T12:09:28.689703+00:00, run_after=2023-12-03T12:09:28.689703+00:00
[2023-12-03T12:09:28.708+0000] {processor.py:179} INFO - Processing /home/airflow/.local/lib/python3.8/site-packages/airflow/example_dags/example_task_group_decorator.py took 0.103 seconds
[2023-12-03T12:27:30.688+0000] {processor.py:157} INFO - Started process (PID=3010) to work on /home/airflow/.local/lib/python3.8/site-packages/airflow/example_dags/example_task_group_decorator.py
[2023-12-03T12:27:30.690+0000] {processor.py:829} INFO - Processing file /home/airflow/.local/lib/python3.8/site-packages/airflow/example_dags/example_task_group_decorator.py for tasks to queue
[2023-12-03T12:27:30.693+0000] {logging_mixin.py:154} INFO - [2023-12-03T12:27:30.693+0000] {dagbag.py:536} INFO - Filling up the DagBag from /home/airflow/.local/lib/python3.8/site-packages/airflow/example_dags/example_task_group_decorator.py
[2023-12-03T12:27:30.708+0000] {processor.py:839} INFO - DAG(s) dict_keys(['example_task_group_decorator']) retrieved from /home/airflow/.local/lib/python3.8/site-packages/airflow/example_dags/example_task_group_decorator.py
[2023-12-03T12:27:30.742+0000] {logging_mixin.py:154} INFO - [2023-12-03T12:27:30.742+0000] {dag.py:2941} INFO - Sync 1 DAGs
[2023-12-03T12:27:30.765+0000] {logging_mixin.py:154} INFO - [2023-12-03T12:27:30.765+0000] {dag.py:3722} INFO - Setting next_dagrun for example_task_group_decorator to 2023-12-02T12:27:30.764901+00:00, run_after=2023-12-03T12:27:30.764901+00:00
[2023-12-03T12:27:30.788+0000] {processor.py:179} INFO - Processing /home/airflow/.local/lib/python3.8/site-packages/airflow/example_dags/example_task_group_decorator.py took 0.104 seconds
[2023-12-03T12:44:53.654+0000] {processor.py:157} INFO - Started process (PID=3061) to work on /home/airflow/.local/lib/python3.8/site-packages/airflow/example_dags/example_task_group_decorator.py
[2023-12-03T12:44:53.655+0000] {processor.py:829} INFO - Processing file /home/airflow/.local/lib/python3.8/site-packages/airflow/example_dags/example_task_group_decorator.py for tasks to queue
[2023-12-03T12:44:53.657+0000] {logging_mixin.py:154} INFO - [2023-12-03T12:44:53.657+0000] {dagbag.py:536} INFO - Filling up the DagBag from /home/airflow/.local/lib/python3.8/site-packages/airflow/example_dags/example_task_group_decorator.py
[2023-12-03T12:44:53.670+0000] {processor.py:839} INFO - DAG(s) dict_keys(['example_task_group_decorator']) retrieved from /home/airflow/.local/lib/python3.8/site-packages/airflow/example_dags/example_task_group_decorator.py
[2023-12-03T12:44:53.695+0000] {logging_mixin.py:154} INFO - [2023-12-03T12:44:53.695+0000] {dag.py:2941} INFO - Sync 1 DAGs
[2023-12-03T12:44:53.718+0000] {logging_mixin.py:154} INFO - [2023-12-03T12:44:53.717+0000] {dag.py:3722} INFO - Setting next_dagrun for example_task_group_decorator to 2023-12-02T12:44:53.717745+00:00, run_after=2023-12-03T12:44:53.717745+00:00
[2023-12-03T12:44:53.733+0000] {processor.py:179} INFO - Processing /home/airflow/.local/lib/python3.8/site-packages/airflow/example_dags/example_task_group_decorator.py took 0.082 seconds
[2023-12-03T13:35:09.807+0000] {processor.py:157} INFO - Started process (PID=3119) to work on /home/airflow/.local/lib/python3.8/site-packages/airflow/example_dags/example_task_group_decorator.py
[2023-12-03T13:35:09.808+0000] {processor.py:829} INFO - Processing file /home/airflow/.local/lib/python3.8/site-packages/airflow/example_dags/example_task_group_decorator.py for tasks to queue
[2023-12-03T13:35:09.812+0000] {logging_mixin.py:154} INFO - [2023-12-03T13:35:09.812+0000] {dagbag.py:536} INFO - Filling up the DagBag from /home/airflow/.local/lib/python3.8/site-packages/airflow/example_dags/example_task_group_decorator.py
[2023-12-03T13:35:09.823+0000] {processor.py:839} INFO - DAG(s) dict_keys(['example_task_group_decorator']) retrieved from /home/airflow/.local/lib/python3.8/site-packages/airflow/example_dags/example_task_group_decorator.py
[2023-12-03T13:35:09.966+0000] {logging_mixin.py:154} INFO - [2023-12-03T13:35:09.966+0000] {dag.py:2941} INFO - Sync 1 DAGs
[2023-12-03T13:35:09.988+0000] {logging_mixin.py:154} INFO - [2023-12-03T13:35:09.987+0000] {dag.py:3722} INFO - Setting next_dagrun for example_task_group_decorator to 2023-12-02T13:35:09.987737+00:00, run_after=2023-12-03T13:35:09.987737+00:00
[2023-12-03T13:35:10.001+0000] {processor.py:179} INFO - Processing /home/airflow/.local/lib/python3.8/site-packages/airflow/example_dags/example_task_group_decorator.py took 0.200 seconds
[2023-12-03T14:27:22.937+0000] {processor.py:157} INFO - Started process (PID=3177) to work on /home/airflow/.local/lib/python3.8/site-packages/airflow/example_dags/example_task_group_decorator.py
[2023-12-03T14:27:22.938+0000] {processor.py:829} INFO - Processing file /home/airflow/.local/lib/python3.8/site-packages/airflow/example_dags/example_task_group_decorator.py for tasks to queue
[2023-12-03T14:27:22.940+0000] {logging_mixin.py:154} INFO - [2023-12-03T14:27:22.940+0000] {dagbag.py:536} INFO - Filling up the DagBag from /home/airflow/.local/lib/python3.8/site-packages/airflow/example_dags/example_task_group_decorator.py
[2023-12-03T14:27:22.951+0000] {processor.py:839} INFO - DAG(s) dict_keys(['example_task_group_decorator']) retrieved from /home/airflow/.local/lib/python3.8/site-packages/airflow/example_dags/example_task_group_decorator.py
[2023-12-03T14:27:22.971+0000] {logging_mixin.py:154} INFO - [2023-12-03T14:27:22.971+0000] {dag.py:2941} INFO - Sync 1 DAGs
[2023-12-03T14:27:22.992+0000] {logging_mixin.py:154} INFO - [2023-12-03T14:27:22.992+0000] {dag.py:3722} INFO - Setting next_dagrun for example_task_group_decorator to 2023-12-02T14:27:22.992523+00:00, run_after=2023-12-03T14:27:22.992523+00:00
[2023-12-03T14:27:23.009+0000] {processor.py:179} INFO - Processing /home/airflow/.local/lib/python3.8/site-packages/airflow/example_dags/example_task_group_decorator.py took 0.075 seconds
[2023-12-03T15:18:32.355+0000] {processor.py:157} INFO - Started process (PID=3235) to work on /home/airflow/.local/lib/python3.8/site-packages/airflow/example_dags/example_task_group_decorator.py
[2023-12-03T15:18:32.356+0000] {processor.py:829} INFO - Processing file /home/airflow/.local/lib/python3.8/site-packages/airflow/example_dags/example_task_group_decorator.py for tasks to queue
[2023-12-03T15:18:32.359+0000] {logging_mixin.py:154} INFO - [2023-12-03T15:18:32.358+0000] {dagbag.py:536} INFO - Filling up the DagBag from /home/airflow/.local/lib/python3.8/site-packages/airflow/example_dags/example_task_group_decorator.py
[2023-12-03T15:18:32.369+0000] {processor.py:839} INFO - DAG(s) dict_keys(['example_task_group_decorator']) retrieved from /home/airflow/.local/lib/python3.8/site-packages/airflow/example_dags/example_task_group_decorator.py
[2023-12-03T15:18:32.388+0000] {logging_mixin.py:154} INFO - [2023-12-03T15:18:32.388+0000] {dag.py:2941} INFO - Sync 1 DAGs
[2023-12-03T15:18:32.402+0000] {logging_mixin.py:154} INFO - [2023-12-03T15:18:32.402+0000] {dag.py:3722} INFO - Setting next_dagrun for example_task_group_decorator to 2023-12-02T15:18:32.402445+00:00, run_after=2023-12-03T15:18:32.402445+00:00
[2023-12-03T15:18:32.416+0000] {processor.py:179} INFO - Processing /home/airflow/.local/lib/python3.8/site-packages/airflow/example_dags/example_task_group_decorator.py took 0.063 seconds
[2023-12-03T16:07:32.361+0000] {processor.py:157} INFO - Started process (PID=3293) to work on /home/airflow/.local/lib/python3.8/site-packages/airflow/example_dags/example_task_group_decorator.py
[2023-12-03T16:07:32.363+0000] {processor.py:829} INFO - Processing file /home/airflow/.local/lib/python3.8/site-packages/airflow/example_dags/example_task_group_decorator.py for tasks to queue
[2023-12-03T16:07:32.365+0000] {logging_mixin.py:154} INFO - [2023-12-03T16:07:32.365+0000] {dagbag.py:536} INFO - Filling up the DagBag from /home/airflow/.local/lib/python3.8/site-packages/airflow/example_dags/example_task_group_decorator.py
[2023-12-03T16:07:32.376+0000] {processor.py:839} INFO - DAG(s) dict_keys(['example_task_group_decorator']) retrieved from /home/airflow/.local/lib/python3.8/site-packages/airflow/example_dags/example_task_group_decorator.py
[2023-12-03T16:07:32.395+0000] {logging_mixin.py:154} INFO - [2023-12-03T16:07:32.395+0000] {dag.py:2941} INFO - Sync 1 DAGs
[2023-12-03T16:07:32.411+0000] {logging_mixin.py:154} INFO - [2023-12-03T16:07:32.411+0000] {dag.py:3722} INFO - Setting next_dagrun for example_task_group_decorator to 2023-12-02T16:07:32.411363+00:00, run_after=2023-12-03T16:07:32.411363+00:00
[2023-12-03T16:07:32.429+0000] {processor.py:179} INFO - Processing /home/airflow/.local/lib/python3.8/site-packages/airflow/example_dags/example_task_group_decorator.py took 0.071 seconds
[2023-12-03T16:58:03.531+0000] {processor.py:157} INFO - Started process (PID=3351) to work on /home/airflow/.local/lib/python3.8/site-packages/airflow/example_dags/example_task_group_decorator.py
[2023-12-03T16:58:03.533+0000] {processor.py:829} INFO - Processing file /home/airflow/.local/lib/python3.8/site-packages/airflow/example_dags/example_task_group_decorator.py for tasks to queue
[2023-12-03T16:58:03.536+0000] {logging_mixin.py:154} INFO - [2023-12-03T16:58:03.536+0000] {dagbag.py:536} INFO - Filling up the DagBag from /home/airflow/.local/lib/python3.8/site-packages/airflow/example_dags/example_task_group_decorator.py
[2023-12-03T16:58:03.548+0000] {processor.py:839} INFO - DAG(s) dict_keys(['example_task_group_decorator']) retrieved from /home/airflow/.local/lib/python3.8/site-packages/airflow/example_dags/example_task_group_decorator.py
[2023-12-03T16:58:03.571+0000] {logging_mixin.py:154} INFO - [2023-12-03T16:58:03.570+0000] {dag.py:2941} INFO - Sync 1 DAGs
[2023-12-03T16:58:03.586+0000] {logging_mixin.py:154} INFO - [2023-12-03T16:58:03.586+0000] {dag.py:3722} INFO - Setting next_dagrun for example_task_group_decorator to 2023-12-02T16:58:03.586014+00:00, run_after=2023-12-03T16:58:03.586014+00:00
[2023-12-03T16:58:03.598+0000] {processor.py:179} INFO - Processing /home/airflow/.local/lib/python3.8/site-packages/airflow/example_dags/example_task_group_decorator.py took 0.071 seconds
[2023-12-03T17:46:21.484+0000] {processor.py:157} INFO - Started process (PID=3409) to work on /home/airflow/.local/lib/python3.8/site-packages/airflow/example_dags/example_task_group_decorator.py
[2023-12-03T17:46:21.485+0000] {processor.py:829} INFO - Processing file /home/airflow/.local/lib/python3.8/site-packages/airflow/example_dags/example_task_group_decorator.py for tasks to queue
[2023-12-03T17:46:21.487+0000] {logging_mixin.py:154} INFO - [2023-12-03T17:46:21.487+0000] {dagbag.py:536} INFO - Filling up the DagBag from /home/airflow/.local/lib/python3.8/site-packages/airflow/example_dags/example_task_group_decorator.py
[2023-12-03T17:46:21.497+0000] {processor.py:839} INFO - DAG(s) dict_keys(['example_task_group_decorator']) retrieved from /home/airflow/.local/lib/python3.8/site-packages/airflow/example_dags/example_task_group_decorator.py
[2023-12-03T17:46:21.514+0000] {logging_mixin.py:154} INFO - [2023-12-03T17:46:21.514+0000] {dag.py:2941} INFO - Sync 1 DAGs
[2023-12-03T17:46:21.528+0000] {logging_mixin.py:154} INFO - [2023-12-03T17:46:21.528+0000] {dag.py:3722} INFO - Setting next_dagrun for example_task_group_decorator to 2023-12-02T17:46:21.527971+00:00, run_after=2023-12-03T17:46:21.527971+00:00
[2023-12-03T17:46:21.538+0000] {processor.py:179} INFO - Processing /home/airflow/.local/lib/python3.8/site-packages/airflow/example_dags/example_task_group_decorator.py took 0.057 seconds
[2023-12-03T18:33:41.328+0000] {processor.py:157} INFO - Started process (PID=3467) to work on /home/airflow/.local/lib/python3.8/site-packages/airflow/example_dags/example_task_group_decorator.py
[2023-12-03T18:33:41.332+0000] {processor.py:829} INFO - Processing file /home/airflow/.local/lib/python3.8/site-packages/airflow/example_dags/example_task_group_decorator.py for tasks to queue
[2023-12-03T18:33:41.334+0000] {logging_mixin.py:154} INFO - [2023-12-03T18:33:41.334+0000] {dagbag.py:536} INFO - Filling up the DagBag from /home/airflow/.local/lib/python3.8/site-packages/airflow/example_dags/example_task_group_decorator.py
[2023-12-03T18:33:41.351+0000] {processor.py:839} INFO - DAG(s) dict_keys(['example_task_group_decorator']) retrieved from /home/airflow/.local/lib/python3.8/site-packages/airflow/example_dags/example_task_group_decorator.py
[2023-12-03T18:33:41.398+0000] {logging_mixin.py:154} INFO - [2023-12-03T18:33:41.397+0000] {dag.py:2941} INFO - Sync 1 DAGs
[2023-12-03T18:33:41.425+0000] {logging_mixin.py:154} INFO - [2023-12-03T18:33:41.424+0000] {dag.py:3722} INFO - Setting next_dagrun for example_task_group_decorator to 2023-12-02T18:33:41.424063+00:00, run_after=2023-12-03T18:33:41.424063+00:00
[2023-12-03T18:33:41.447+0000] {processor.py:179} INFO - Processing /home/airflow/.local/lib/python3.8/site-packages/airflow/example_dags/example_task_group_decorator.py took 0.123 seconds
[2023-12-03T19:06:25.670+0000] {processor.py:157} INFO - Started process (PID=3525) to work on /home/airflow/.local/lib/python3.8/site-packages/airflow/example_dags/example_task_group_decorator.py
[2023-12-03T19:06:25.673+0000] {processor.py:829} INFO - Processing file /home/airflow/.local/lib/python3.8/site-packages/airflow/example_dags/example_task_group_decorator.py for tasks to queue
[2023-12-03T19:06:25.675+0000] {logging_mixin.py:154} INFO - [2023-12-03T19:06:25.675+0000] {dagbag.py:536} INFO - Filling up the DagBag from /home/airflow/.local/lib/python3.8/site-packages/airflow/example_dags/example_task_group_decorator.py
[2023-12-03T19:06:25.686+0000] {processor.py:839} INFO - DAG(s) dict_keys(['example_task_group_decorator']) retrieved from /home/airflow/.local/lib/python3.8/site-packages/airflow/example_dags/example_task_group_decorator.py
[2023-12-03T19:06:25.711+0000] {logging_mixin.py:154} INFO - [2023-12-03T19:06:25.711+0000] {dag.py:2941} INFO - Sync 1 DAGs
[2023-12-03T19:06:25.730+0000] {logging_mixin.py:154} INFO - [2023-12-03T19:06:25.729+0000] {dag.py:3722} INFO - Setting next_dagrun for example_task_group_decorator to 2023-12-02T19:06:25.729604+00:00, run_after=2023-12-03T19:06:25.729604+00:00
[2023-12-03T19:06:25.745+0000] {processor.py:179} INFO - Processing /home/airflow/.local/lib/python3.8/site-packages/airflow/example_dags/example_task_group_decorator.py took 0.077 seconds
[2023-12-03T19:22:01.053+0000] {processor.py:157} INFO - Started process (PID=3583) to work on /home/airflow/.local/lib/python3.8/site-packages/airflow/example_dags/example_task_group_decorator.py
[2023-12-03T19:22:01.054+0000] {processor.py:829} INFO - Processing file /home/airflow/.local/lib/python3.8/site-packages/airflow/example_dags/example_task_group_decorator.py for tasks to queue
[2023-12-03T19:22:01.057+0000] {logging_mixin.py:154} INFO - [2023-12-03T19:22:01.057+0000] {dagbag.py:536} INFO - Filling up the DagBag from /home/airflow/.local/lib/python3.8/site-packages/airflow/example_dags/example_task_group_decorator.py
[2023-12-03T19:22:01.069+0000] {processor.py:839} INFO - DAG(s) dict_keys(['example_task_group_decorator']) retrieved from /home/airflow/.local/lib/python3.8/site-packages/airflow/example_dags/example_task_group_decorator.py
[2023-12-03T19:22:01.090+0000] {logging_mixin.py:154} INFO - [2023-12-03T19:22:01.090+0000] {dag.py:2941} INFO - Sync 1 DAGs
[2023-12-03T19:22:01.109+0000] {logging_mixin.py:154} INFO - [2023-12-03T19:22:01.109+0000] {dag.py:3722} INFO - Setting next_dagrun for example_task_group_decorator to 2023-12-02T19:22:01.109267+00:00, run_after=2023-12-03T19:22:01.109267+00:00
[2023-12-03T19:22:01.123+0000] {processor.py:179} INFO - Processing /home/airflow/.local/lib/python3.8/site-packages/airflow/example_dags/example_task_group_decorator.py took 0.073 seconds
[2023-12-03T20:11:32.594+0000] {processor.py:157} INFO - Started process (PID=3640) to work on /home/airflow/.local/lib/python3.8/site-packages/airflow/example_dags/example_task_group_decorator.py
[2023-12-03T20:11:32.595+0000] {processor.py:829} INFO - Processing file /home/airflow/.local/lib/python3.8/site-packages/airflow/example_dags/example_task_group_decorator.py for tasks to queue
[2023-12-03T20:11:32.597+0000] {logging_mixin.py:154} INFO - [2023-12-03T20:11:32.597+0000] {dagbag.py:536} INFO - Filling up the DagBag from /home/airflow/.local/lib/python3.8/site-packages/airflow/example_dags/example_task_group_decorator.py
[2023-12-03T20:11:32.611+0000] {processor.py:839} INFO - DAG(s) dict_keys(['example_task_group_decorator']) retrieved from /home/airflow/.local/lib/python3.8/site-packages/airflow/example_dags/example_task_group_decorator.py
[2023-12-03T20:11:32.632+0000] {logging_mixin.py:154} INFO - [2023-12-03T20:11:32.632+0000] {dag.py:2941} INFO - Sync 1 DAGs
[2023-12-03T20:11:32.651+0000] {logging_mixin.py:154} INFO - [2023-12-03T20:11:32.650+0000] {dag.py:3722} INFO - Setting next_dagrun for example_task_group_decorator to 2023-12-02T20:11:32.650513+00:00, run_after=2023-12-03T20:11:32.650513+00:00
[2023-12-03T20:11:32.664+0000] {processor.py:179} INFO - Processing /home/airflow/.local/lib/python3.8/site-packages/airflow/example_dags/example_task_group_decorator.py took 0.073 seconds
[2023-12-03T21:36:32.798+0000] {processor.py:157} INFO - Started process (PID=3698) to work on /home/airflow/.local/lib/python3.8/site-packages/airflow/example_dags/example_task_group_decorator.py
[2023-12-03T21:36:32.800+0000] {processor.py:829} INFO - Processing file /home/airflow/.local/lib/python3.8/site-packages/airflow/example_dags/example_task_group_decorator.py for tasks to queue
[2023-12-03T21:36:32.802+0000] {logging_mixin.py:154} INFO - [2023-12-03T21:36:32.802+0000] {dagbag.py:536} INFO - Filling up the DagBag from /home/airflow/.local/lib/python3.8/site-packages/airflow/example_dags/example_task_group_decorator.py
[2023-12-03T21:36:32.812+0000] {processor.py:839} INFO - DAG(s) dict_keys(['example_task_group_decorator']) retrieved from /home/airflow/.local/lib/python3.8/site-packages/airflow/example_dags/example_task_group_decorator.py
[2023-12-03T21:36:32.832+0000] {logging_mixin.py:154} INFO - [2023-12-03T21:36:32.832+0000] {dag.py:2941} INFO - Sync 1 DAGs
[2023-12-03T21:36:32.845+0000] {logging_mixin.py:154} INFO - [2023-12-03T21:36:32.845+0000] {dag.py:3722} INFO - Setting next_dagrun for example_task_group_decorator to 2023-12-02T21:36:32.845233+00:00, run_after=2023-12-03T21:36:32.845233+00:00
[2023-12-03T21:36:32.856+0000] {processor.py:179} INFO - Processing /home/airflow/.local/lib/python3.8/site-packages/airflow/example_dags/example_task_group_decorator.py took 0.060 seconds
[2023-12-03T22:57:30.605+0000] {processor.py:157} INFO - Started process (PID=3756) to work on /home/airflow/.local/lib/python3.8/site-packages/airflow/example_dags/example_task_group_decorator.py
[2023-12-03T22:57:30.606+0000] {processor.py:829} INFO - Processing file /home/airflow/.local/lib/python3.8/site-packages/airflow/example_dags/example_task_group_decorator.py for tasks to queue
[2023-12-03T22:57:30.608+0000] {logging_mixin.py:154} INFO - [2023-12-03T22:57:30.608+0000] {dagbag.py:536} INFO - Filling up the DagBag from /home/airflow/.local/lib/python3.8/site-packages/airflow/example_dags/example_task_group_decorator.py
[2023-12-03T22:57:30.620+0000] {processor.py:839} INFO - DAG(s) dict_keys(['example_task_group_decorator']) retrieved from /home/airflow/.local/lib/python3.8/site-packages/airflow/example_dags/example_task_group_decorator.py
[2023-12-03T22:57:30.639+0000] {logging_mixin.py:154} INFO - [2023-12-03T22:57:30.639+0000] {dag.py:2941} INFO - Sync 1 DAGs
[2023-12-03T22:57:30.656+0000] {logging_mixin.py:154} INFO - [2023-12-03T22:57:30.656+0000] {dag.py:3722} INFO - Setting next_dagrun for example_task_group_decorator to 2023-12-02T22:57:30.656451+00:00, run_after=2023-12-03T22:57:30.656451+00:00
[2023-12-03T22:57:30.670+0000] {processor.py:179} INFO - Processing /home/airflow/.local/lib/python3.8/site-packages/airflow/example_dags/example_task_group_decorator.py took 0.069 seconds
[2023-12-03T23:13:09.702+0000] {processor.py:157} INFO - Started process (PID=3814) to work on /home/airflow/.local/lib/python3.8/site-packages/airflow/example_dags/example_task_group_decorator.py
[2023-12-03T23:13:09.703+0000] {processor.py:829} INFO - Processing file /home/airflow/.local/lib/python3.8/site-packages/airflow/example_dags/example_task_group_decorator.py for tasks to queue
[2023-12-03T23:13:09.705+0000] {logging_mixin.py:154} INFO - [2023-12-03T23:13:09.705+0000] {dagbag.py:536} INFO - Filling up the DagBag from /home/airflow/.local/lib/python3.8/site-packages/airflow/example_dags/example_task_group_decorator.py
[2023-12-03T23:13:09.717+0000] {processor.py:839} INFO - DAG(s) dict_keys(['example_task_group_decorator']) retrieved from /home/airflow/.local/lib/python3.8/site-packages/airflow/example_dags/example_task_group_decorator.py
[2023-12-03T23:13:09.737+0000] {logging_mixin.py:154} INFO - [2023-12-03T23:13:09.737+0000] {dag.py:2941} INFO - Sync 1 DAGs
[2023-12-03T23:13:09.754+0000] {logging_mixin.py:154} INFO - [2023-12-03T23:13:09.754+0000] {dag.py:3722} INFO - Setting next_dagrun for example_task_group_decorator to 2023-12-02T23:13:09.754152+00:00, run_after=2023-12-03T23:13:09.754152+00:00
[2023-12-03T23:13:09.767+0000] {processor.py:179} INFO - Processing /home/airflow/.local/lib/python3.8/site-packages/airflow/example_dags/example_task_group_decorator.py took 0.068 seconds
[2023-12-03T23:22:17.369+0000] {processor.py:157} INFO - Started process (PID=3872) to work on /home/airflow/.local/lib/python3.8/site-packages/airflow/example_dags/example_task_group_decorator.py
[2023-12-03T23:22:17.372+0000] {processor.py:829} INFO - Processing file /home/airflow/.local/lib/python3.8/site-packages/airflow/example_dags/example_task_group_decorator.py for tasks to queue
[2023-12-03T23:22:17.380+0000] {logging_mixin.py:154} INFO - [2023-12-03T23:22:17.380+0000] {dagbag.py:536} INFO - Filling up the DagBag from /home/airflow/.local/lib/python3.8/site-packages/airflow/example_dags/example_task_group_decorator.py
[2023-12-03T23:22:17.414+0000] {processor.py:839} INFO - DAG(s) dict_keys(['example_task_group_decorator']) retrieved from /home/airflow/.local/lib/python3.8/site-packages/airflow/example_dags/example_task_group_decorator.py
[2023-12-03T23:22:17.453+0000] {logging_mixin.py:154} INFO - [2023-12-03T23:22:17.453+0000] {dag.py:2941} INFO - Sync 1 DAGs
[2023-12-03T23:22:17.494+0000] {logging_mixin.py:154} INFO - [2023-12-03T23:22:17.494+0000] {dag.py:3722} INFO - Setting next_dagrun for example_task_group_decorator to 2023-12-02T23:22:17.494504+00:00, run_after=2023-12-03T23:22:17.494504+00:00
[2023-12-03T23:22:17.520+0000] {processor.py:179} INFO - Processing /home/airflow/.local/lib/python3.8/site-packages/airflow/example_dags/example_task_group_decorator.py took 0.156 seconds
