[2023-12-03T09:43:24.865+0000] {processor.py:157} INFO - Started process (PID=75) to work on /home/airflow/.local/lib/python3.8/site-packages/airflow/example_dags/example_short_circuit_decorator.py
[2023-12-03T09:43:24.866+0000] {processor.py:829} INFO - Processing file /home/airflow/.local/lib/python3.8/site-packages/airflow/example_dags/example_short_circuit_decorator.py for tasks to queue
[2023-12-03T09:43:24.869+0000] {logging_mixin.py:154} INFO - [2023-12-03T09:43:24.869+0000] {dagbag.py:536} INFO - Filling up the DagBag from /home/airflow/.local/lib/python3.8/site-packages/airflow/example_dags/example_short_circuit_decorator.py
[2023-12-03T09:43:24.883+0000] {processor.py:839} INFO - DAG(s) dict_keys(['example_short_circuit_decorator']) retrieved from /home/airflow/.local/lib/python3.8/site-packages/airflow/example_dags/example_short_circuit_decorator.py
[2023-12-03T09:43:24.897+0000] {logging_mixin.py:154} INFO - [2023-12-03T09:43:24.897+0000] {dag.py:2941} INFO - Sync 1 DAGs
[2023-12-03T09:43:24.923+0000] {logging_mixin.py:154} INFO - [2023-12-03T09:43:24.923+0000] {dag.py:3722} INFO - Setting next_dagrun for example_short_circuit_decorator to 2023-12-02T09:43:24.923347+00:00, run_after=2023-12-03T09:43:24.923347+00:00
[2023-12-03T09:43:24.950+0000] {processor.py:179} INFO - Processing /home/airflow/.local/lib/python3.8/site-packages/airflow/example_dags/example_short_circuit_decorator.py took 0.091 seconds
[2023-12-03T09:43:55.526+0000] {processor.py:157} INFO - Started process (PID=133) to work on /home/airflow/.local/lib/python3.8/site-packages/airflow/example_dags/example_short_circuit_decorator.py
[2023-12-03T09:43:55.527+0000] {processor.py:829} INFO - Processing file /home/airflow/.local/lib/python3.8/site-packages/airflow/example_dags/example_short_circuit_decorator.py for tasks to queue
[2023-12-03T09:43:55.529+0000] {logging_mixin.py:154} INFO - [2023-12-03T09:43:55.529+0000] {dagbag.py:536} INFO - Filling up the DagBag from /home/airflow/.local/lib/python3.8/site-packages/airflow/example_dags/example_short_circuit_decorator.py
[2023-12-03T09:43:55.540+0000] {processor.py:839} INFO - DAG(s) dict_keys(['example_short_circuit_decorator']) retrieved from /home/airflow/.local/lib/python3.8/site-packages/airflow/example_dags/example_short_circuit_decorator.py
[2023-12-03T09:43:55.563+0000] {logging_mixin.py:154} INFO - [2023-12-03T09:43:55.563+0000] {dag.py:2941} INFO - Sync 1 DAGs
[2023-12-03T09:43:55.584+0000] {logging_mixin.py:154} INFO - [2023-12-03T09:43:55.584+0000] {dag.py:3722} INFO - Setting next_dagrun for example_short_circuit_decorator to 2023-12-02T09:43:55.584278+00:00, run_after=2023-12-03T09:43:55.584278+00:00
[2023-12-03T09:43:55.600+0000] {processor.py:179} INFO - Processing /home/airflow/.local/lib/python3.8/site-packages/airflow/example_dags/example_short_circuit_decorator.py took 0.078 seconds
[2023-12-03T09:44:26.192+0000] {processor.py:157} INFO - Started process (PID=190) to work on /home/airflow/.local/lib/python3.8/site-packages/airflow/example_dags/example_short_circuit_decorator.py
[2023-12-03T09:44:26.193+0000] {processor.py:829} INFO - Processing file /home/airflow/.local/lib/python3.8/site-packages/airflow/example_dags/example_short_circuit_decorator.py for tasks to queue
[2023-12-03T09:44:26.195+0000] {logging_mixin.py:154} INFO - [2023-12-03T09:44:26.195+0000] {dagbag.py:536} INFO - Filling up the DagBag from /home/airflow/.local/lib/python3.8/site-packages/airflow/example_dags/example_short_circuit_decorator.py
[2023-12-03T09:44:26.204+0000] {processor.py:839} INFO - DAG(s) dict_keys(['example_short_circuit_decorator']) retrieved from /home/airflow/.local/lib/python3.8/site-packages/airflow/example_dags/example_short_circuit_decorator.py
[2023-12-03T09:44:26.227+0000] {logging_mixin.py:154} INFO - [2023-12-03T09:44:26.227+0000] {dag.py:2941} INFO - Sync 1 DAGs
[2023-12-03T09:44:26.248+0000] {logging_mixin.py:154} INFO - [2023-12-03T09:44:26.248+0000] {dag.py:3722} INFO - Setting next_dagrun for example_short_circuit_decorator to 2023-12-02T09:44:26.248500+00:00, run_after=2023-12-03T09:44:26.248500+00:00
[2023-12-03T09:44:26.265+0000] {processor.py:179} INFO - Processing /home/airflow/.local/lib/python3.8/site-packages/airflow/example_dags/example_short_circuit_decorator.py took 0.077 seconds
[2023-12-03T09:44:57.398+0000] {processor.py:157} INFO - Started process (PID=248) to work on /home/airflow/.local/lib/python3.8/site-packages/airflow/example_dags/example_short_circuit_decorator.py
[2023-12-03T09:44:57.399+0000] {processor.py:829} INFO - Processing file /home/airflow/.local/lib/python3.8/site-packages/airflow/example_dags/example_short_circuit_decorator.py for tasks to queue
[2023-12-03T09:44:57.401+0000] {logging_mixin.py:154} INFO - [2023-12-03T09:44:57.401+0000] {dagbag.py:536} INFO - Filling up the DagBag from /home/airflow/.local/lib/python3.8/site-packages/airflow/example_dags/example_short_circuit_decorator.py
[2023-12-03T09:44:57.412+0000] {processor.py:839} INFO - DAG(s) dict_keys(['example_short_circuit_decorator']) retrieved from /home/airflow/.local/lib/python3.8/site-packages/airflow/example_dags/example_short_circuit_decorator.py
[2023-12-03T09:44:57.439+0000] {logging_mixin.py:154} INFO - [2023-12-03T09:44:57.439+0000] {dag.py:2941} INFO - Sync 1 DAGs
[2023-12-03T09:44:57.464+0000] {logging_mixin.py:154} INFO - [2023-12-03T09:44:57.464+0000] {dag.py:3722} INFO - Setting next_dagrun for example_short_circuit_decorator to 2023-12-02T09:44:57.463964+00:00, run_after=2023-12-03T09:44:57.463964+00:00
[2023-12-03T09:44:57.484+0000] {processor.py:179} INFO - Processing /home/airflow/.local/lib/python3.8/site-packages/airflow/example_dags/example_short_circuit_decorator.py took 0.090 seconds
[2023-12-03T09:45:28.830+0000] {processor.py:157} INFO - Started process (PID=305) to work on /home/airflow/.local/lib/python3.8/site-packages/airflow/example_dags/example_short_circuit_decorator.py
[2023-12-03T09:45:28.831+0000] {processor.py:829} INFO - Processing file /home/airflow/.local/lib/python3.8/site-packages/airflow/example_dags/example_short_circuit_decorator.py for tasks to queue
[2023-12-03T09:45:28.835+0000] {logging_mixin.py:154} INFO - [2023-12-03T09:45:28.834+0000] {dagbag.py:536} INFO - Filling up the DagBag from /home/airflow/.local/lib/python3.8/site-packages/airflow/example_dags/example_short_circuit_decorator.py
[2023-12-03T09:45:28.849+0000] {processor.py:839} INFO - DAG(s) dict_keys(['example_short_circuit_decorator']) retrieved from /home/airflow/.local/lib/python3.8/site-packages/airflow/example_dags/example_short_circuit_decorator.py
[2023-12-03T09:45:28.884+0000] {logging_mixin.py:154} INFO - [2023-12-03T09:45:28.884+0000] {dag.py:2941} INFO - Sync 1 DAGs
[2023-12-03T09:45:28.916+0000] {logging_mixin.py:154} INFO - [2023-12-03T09:45:28.916+0000] {dag.py:3722} INFO - Setting next_dagrun for example_short_circuit_decorator to 2023-12-02T09:45:28.916410+00:00, run_after=2023-12-03T09:45:28.916410+00:00
[2023-12-03T09:45:28.944+0000] {processor.py:179} INFO - Processing /home/airflow/.local/lib/python3.8/site-packages/airflow/example_dags/example_short_circuit_decorator.py took 0.118 seconds
[2023-12-03T09:45:59.621+0000] {processor.py:157} INFO - Started process (PID=365) to work on /home/airflow/.local/lib/python3.8/site-packages/airflow/example_dags/example_short_circuit_decorator.py
[2023-12-03T09:45:59.622+0000] {processor.py:829} INFO - Processing file /home/airflow/.local/lib/python3.8/site-packages/airflow/example_dags/example_short_circuit_decorator.py for tasks to queue
[2023-12-03T09:45:59.624+0000] {logging_mixin.py:154} INFO - [2023-12-03T09:45:59.624+0000] {dagbag.py:536} INFO - Filling up the DagBag from /home/airflow/.local/lib/python3.8/site-packages/airflow/example_dags/example_short_circuit_decorator.py
[2023-12-03T09:45:59.632+0000] {processor.py:839} INFO - DAG(s) dict_keys(['example_short_circuit_decorator']) retrieved from /home/airflow/.local/lib/python3.8/site-packages/airflow/example_dags/example_short_circuit_decorator.py
[2023-12-03T09:45:59.650+0000] {logging_mixin.py:154} INFO - [2023-12-03T09:45:59.650+0000] {dag.py:2941} INFO - Sync 1 DAGs
[2023-12-03T09:45:59.667+0000] {logging_mixin.py:154} INFO - [2023-12-03T09:45:59.667+0000] {dag.py:3722} INFO - Setting next_dagrun for example_short_circuit_decorator to 2023-12-02T09:45:59.666817+00:00, run_after=2023-12-03T09:45:59.666817+00:00
[2023-12-03T09:45:59.681+0000] {processor.py:179} INFO - Processing /home/airflow/.local/lib/python3.8/site-packages/airflow/example_dags/example_short_circuit_decorator.py took 0.063 seconds
[2023-12-03T09:46:30.465+0000] {processor.py:157} INFO - Started process (PID=423) to work on /home/airflow/.local/lib/python3.8/site-packages/airflow/example_dags/example_short_circuit_decorator.py
[2023-12-03T09:46:30.466+0000] {processor.py:829} INFO - Processing file /home/airflow/.local/lib/python3.8/site-packages/airflow/example_dags/example_short_circuit_decorator.py for tasks to queue
[2023-12-03T09:46:30.469+0000] {logging_mixin.py:154} INFO - [2023-12-03T09:46:30.468+0000] {dagbag.py:536} INFO - Filling up the DagBag from /home/airflow/.local/lib/python3.8/site-packages/airflow/example_dags/example_short_circuit_decorator.py
[2023-12-03T09:46:30.478+0000] {processor.py:839} INFO - DAG(s) dict_keys(['example_short_circuit_decorator']) retrieved from /home/airflow/.local/lib/python3.8/site-packages/airflow/example_dags/example_short_circuit_decorator.py
[2023-12-03T09:46:30.500+0000] {logging_mixin.py:154} INFO - [2023-12-03T09:46:30.500+0000] {dag.py:2941} INFO - Sync 1 DAGs
[2023-12-03T09:46:30.520+0000] {logging_mixin.py:154} INFO - [2023-12-03T09:46:30.520+0000] {dag.py:3722} INFO - Setting next_dagrun for example_short_circuit_decorator to 2023-12-02T09:46:30.520311+00:00, run_after=2023-12-03T09:46:30.520311+00:00
[2023-12-03T09:46:30.537+0000] {processor.py:179} INFO - Processing /home/airflow/.local/lib/python3.8/site-packages/airflow/example_dags/example_short_circuit_decorator.py took 0.077 seconds
[2023-12-03T09:47:00.778+0000] {processor.py:157} INFO - Started process (PID=481) to work on /home/airflow/.local/lib/python3.8/site-packages/airflow/example_dags/example_short_circuit_decorator.py
[2023-12-03T09:47:00.779+0000] {processor.py:829} INFO - Processing file /home/airflow/.local/lib/python3.8/site-packages/airflow/example_dags/example_short_circuit_decorator.py for tasks to queue
[2023-12-03T09:47:00.782+0000] {logging_mixin.py:154} INFO - [2023-12-03T09:47:00.781+0000] {dagbag.py:536} INFO - Filling up the DagBag from /home/airflow/.local/lib/python3.8/site-packages/airflow/example_dags/example_short_circuit_decorator.py
[2023-12-03T09:47:00.791+0000] {processor.py:839} INFO - DAG(s) dict_keys(['example_short_circuit_decorator']) retrieved from /home/airflow/.local/lib/python3.8/site-packages/airflow/example_dags/example_short_circuit_decorator.py
[2023-12-03T09:47:00.815+0000] {logging_mixin.py:154} INFO - [2023-12-03T09:47:00.815+0000] {dag.py:2941} INFO - Sync 1 DAGs
[2023-12-03T09:47:00.837+0000] {logging_mixin.py:154} INFO - [2023-12-03T09:47:00.837+0000] {dag.py:3722} INFO - Setting next_dagrun for example_short_circuit_decorator to 2023-12-02T09:47:00.836969+00:00, run_after=2023-12-03T09:47:00.836969+00:00
[2023-12-03T09:47:00.853+0000] {processor.py:179} INFO - Processing /home/airflow/.local/lib/python3.8/site-packages/airflow/example_dags/example_short_circuit_decorator.py took 0.079 seconds
[2023-12-03T09:47:31.533+0000] {processor.py:157} INFO - Started process (PID=539) to work on /home/airflow/.local/lib/python3.8/site-packages/airflow/example_dags/example_short_circuit_decorator.py
[2023-12-03T09:47:31.535+0000] {processor.py:829} INFO - Processing file /home/airflow/.local/lib/python3.8/site-packages/airflow/example_dags/example_short_circuit_decorator.py for tasks to queue
[2023-12-03T09:47:31.539+0000] {logging_mixin.py:154} INFO - [2023-12-03T09:47:31.538+0000] {dagbag.py:536} INFO - Filling up the DagBag from /home/airflow/.local/lib/python3.8/site-packages/airflow/example_dags/example_short_circuit_decorator.py
[2023-12-03T09:47:31.551+0000] {processor.py:839} INFO - DAG(s) dict_keys(['example_short_circuit_decorator']) retrieved from /home/airflow/.local/lib/python3.8/site-packages/airflow/example_dags/example_short_circuit_decorator.py
[2023-12-03T09:47:31.590+0000] {logging_mixin.py:154} INFO - [2023-12-03T09:47:31.589+0000] {dag.py:2941} INFO - Sync 1 DAGs
[2023-12-03T09:47:31.636+0000] {logging_mixin.py:154} INFO - [2023-12-03T09:47:31.630+0000] {dag.py:3722} INFO - Setting next_dagrun for example_short_circuit_decorator to 2023-12-02T09:47:31.630224+00:00, run_after=2023-12-03T09:47:31.630224+00:00
[2023-12-03T09:47:31.877+0000] {processor.py:179} INFO - Processing /home/airflow/.local/lib/python3.8/site-packages/airflow/example_dags/example_short_circuit_decorator.py took 0.349 seconds
[2023-12-03T09:48:03.041+0000] {processor.py:157} INFO - Started process (PID=597) to work on /home/airflow/.local/lib/python3.8/site-packages/airflow/example_dags/example_short_circuit_decorator.py
[2023-12-03T09:48:03.042+0000] {processor.py:829} INFO - Processing file /home/airflow/.local/lib/python3.8/site-packages/airflow/example_dags/example_short_circuit_decorator.py for tasks to queue
[2023-12-03T09:48:03.045+0000] {logging_mixin.py:154} INFO - [2023-12-03T09:48:03.045+0000] {dagbag.py:536} INFO - Filling up the DagBag from /home/airflow/.local/lib/python3.8/site-packages/airflow/example_dags/example_short_circuit_decorator.py
[2023-12-03T09:48:03.056+0000] {processor.py:839} INFO - DAG(s) dict_keys(['example_short_circuit_decorator']) retrieved from /home/airflow/.local/lib/python3.8/site-packages/airflow/example_dags/example_short_circuit_decorator.py
[2023-12-03T09:48:03.085+0000] {logging_mixin.py:154} INFO - [2023-12-03T09:48:03.085+0000] {dag.py:2941} INFO - Sync 1 DAGs
[2023-12-03T09:48:03.109+0000] {logging_mixin.py:154} INFO - [2023-12-03T09:48:03.108+0000] {dag.py:3722} INFO - Setting next_dagrun for example_short_circuit_decorator to 2023-12-02T09:48:03.108622+00:00, run_after=2023-12-03T09:48:03.108622+00:00
[2023-12-03T09:48:03.125+0000] {processor.py:179} INFO - Processing /home/airflow/.local/lib/python3.8/site-packages/airflow/example_dags/example_short_circuit_decorator.py took 0.089 seconds
[2023-12-03T09:48:33.694+0000] {processor.py:157} INFO - Started process (PID=661) to work on /home/airflow/.local/lib/python3.8/site-packages/airflow/example_dags/example_short_circuit_decorator.py
[2023-12-03T09:48:33.696+0000] {processor.py:829} INFO - Processing file /home/airflow/.local/lib/python3.8/site-packages/airflow/example_dags/example_short_circuit_decorator.py for tasks to queue
[2023-12-03T09:48:33.698+0000] {logging_mixin.py:154} INFO - [2023-12-03T09:48:33.698+0000] {dagbag.py:536} INFO - Filling up the DagBag from /home/airflow/.local/lib/python3.8/site-packages/airflow/example_dags/example_short_circuit_decorator.py
[2023-12-03T09:48:33.709+0000] {processor.py:839} INFO - DAG(s) dict_keys(['example_short_circuit_decorator']) retrieved from /home/airflow/.local/lib/python3.8/site-packages/airflow/example_dags/example_short_circuit_decorator.py
[2023-12-03T09:48:33.731+0000] {logging_mixin.py:154} INFO - [2023-12-03T09:48:33.730+0000] {dag.py:2941} INFO - Sync 1 DAGs
[2023-12-03T09:48:33.753+0000] {logging_mixin.py:154} INFO - [2023-12-03T09:48:33.753+0000] {dag.py:3722} INFO - Setting next_dagrun for example_short_circuit_decorator to 2023-12-02T09:48:33.752980+00:00, run_after=2023-12-03T09:48:33.752980+00:00
[2023-12-03T09:48:33.914+0000] {processor.py:179} INFO - Processing /home/airflow/.local/lib/python3.8/site-packages/airflow/example_dags/example_short_circuit_decorator.py took 0.225 seconds
[2023-12-03T09:49:05.548+0000] {processor.py:157} INFO - Started process (PID=719) to work on /home/airflow/.local/lib/python3.8/site-packages/airflow/example_dags/example_short_circuit_decorator.py
[2023-12-03T09:49:05.552+0000] {processor.py:829} INFO - Processing file /home/airflow/.local/lib/python3.8/site-packages/airflow/example_dags/example_short_circuit_decorator.py for tasks to queue
[2023-12-03T09:49:05.556+0000] {logging_mixin.py:154} INFO - [2023-12-03T09:49:05.556+0000] {dagbag.py:536} INFO - Filling up the DagBag from /home/airflow/.local/lib/python3.8/site-packages/airflow/example_dags/example_short_circuit_decorator.py
[2023-12-03T09:49:05.570+0000] {processor.py:839} INFO - DAG(s) dict_keys(['example_short_circuit_decorator']) retrieved from /home/airflow/.local/lib/python3.8/site-packages/airflow/example_dags/example_short_circuit_decorator.py
[2023-12-03T09:49:05.594+0000] {logging_mixin.py:154} INFO - [2023-12-03T09:49:05.594+0000] {dag.py:2941} INFO - Sync 1 DAGs
[2023-12-03T09:49:05.775+0000] {logging_mixin.py:154} INFO - [2023-12-03T09:49:05.775+0000] {dag.py:3722} INFO - Setting next_dagrun for example_short_circuit_decorator to 2023-12-02T09:49:05.775208+00:00, run_after=2023-12-03T09:49:05.775208+00:00
[2023-12-03T09:49:05.791+0000] {processor.py:179} INFO - Processing /home/airflow/.local/lib/python3.8/site-packages/airflow/example_dags/example_short_circuit_decorator.py took 0.248 seconds
[2023-12-03T09:49:36.638+0000] {processor.py:157} INFO - Started process (PID=777) to work on /home/airflow/.local/lib/python3.8/site-packages/airflow/example_dags/example_short_circuit_decorator.py
[2023-12-03T09:49:36.639+0000] {processor.py:829} INFO - Processing file /home/airflow/.local/lib/python3.8/site-packages/airflow/example_dags/example_short_circuit_decorator.py for tasks to queue
[2023-12-03T09:49:36.642+0000] {logging_mixin.py:154} INFO - [2023-12-03T09:49:36.642+0000] {dagbag.py:536} INFO - Filling up the DagBag from /home/airflow/.local/lib/python3.8/site-packages/airflow/example_dags/example_short_circuit_decorator.py
[2023-12-03T09:49:36.651+0000] {processor.py:839} INFO - DAG(s) dict_keys(['example_short_circuit_decorator']) retrieved from /home/airflow/.local/lib/python3.8/site-packages/airflow/example_dags/example_short_circuit_decorator.py
[2023-12-03T09:49:36.674+0000] {logging_mixin.py:154} INFO - [2023-12-03T09:49:36.673+0000] {dag.py:2941} INFO - Sync 1 DAGs
[2023-12-03T09:49:36.854+0000] {logging_mixin.py:154} INFO - [2023-12-03T09:49:36.854+0000] {dag.py:3722} INFO - Setting next_dagrun for example_short_circuit_decorator to 2023-12-02T09:49:36.854002+00:00, run_after=2023-12-03T09:49:36.854002+00:00
[2023-12-03T09:49:36.869+0000] {processor.py:179} INFO - Processing /home/airflow/.local/lib/python3.8/site-packages/airflow/example_dags/example_short_circuit_decorator.py took 0.235 seconds
[2023-12-03T09:50:07.589+0000] {processor.py:157} INFO - Started process (PID=835) to work on /home/airflow/.local/lib/python3.8/site-packages/airflow/example_dags/example_short_circuit_decorator.py
[2023-12-03T09:50:07.590+0000] {processor.py:829} INFO - Processing file /home/airflow/.local/lib/python3.8/site-packages/airflow/example_dags/example_short_circuit_decorator.py for tasks to queue
[2023-12-03T09:50:07.592+0000] {logging_mixin.py:154} INFO - [2023-12-03T09:50:07.592+0000] {dagbag.py:536} INFO - Filling up the DagBag from /home/airflow/.local/lib/python3.8/site-packages/airflow/example_dags/example_short_circuit_decorator.py
[2023-12-03T09:50:07.601+0000] {processor.py:839} INFO - DAG(s) dict_keys(['example_short_circuit_decorator']) retrieved from /home/airflow/.local/lib/python3.8/site-packages/airflow/example_dags/example_short_circuit_decorator.py
[2023-12-03T09:50:07.624+0000] {logging_mixin.py:154} INFO - [2023-12-03T09:50:07.623+0000] {dag.py:2941} INFO - Sync 1 DAGs
[2023-12-03T09:50:07.781+0000] {logging_mixin.py:154} INFO - [2023-12-03T09:50:07.781+0000] {dag.py:3722} INFO - Setting next_dagrun for example_short_circuit_decorator to 2023-12-02T09:50:07.781291+00:00, run_after=2023-12-03T09:50:07.781291+00:00
[2023-12-03T09:50:07.795+0000] {processor.py:179} INFO - Processing /home/airflow/.local/lib/python3.8/site-packages/airflow/example_dags/example_short_circuit_decorator.py took 0.210 seconds
[2023-12-03T09:50:37.831+0000] {processor.py:157} INFO - Started process (PID=893) to work on /home/airflow/.local/lib/python3.8/site-packages/airflow/example_dags/example_short_circuit_decorator.py
[2023-12-03T09:50:37.832+0000] {processor.py:829} INFO - Processing file /home/airflow/.local/lib/python3.8/site-packages/airflow/example_dags/example_short_circuit_decorator.py for tasks to queue
[2023-12-03T09:50:37.835+0000] {logging_mixin.py:154} INFO - [2023-12-03T09:50:37.834+0000] {dagbag.py:536} INFO - Filling up the DagBag from /home/airflow/.local/lib/python3.8/site-packages/airflow/example_dags/example_short_circuit_decorator.py
[2023-12-03T09:50:37.846+0000] {processor.py:839} INFO - DAG(s) dict_keys(['example_short_circuit_decorator']) retrieved from /home/airflow/.local/lib/python3.8/site-packages/airflow/example_dags/example_short_circuit_decorator.py
[2023-12-03T09:50:37.870+0000] {logging_mixin.py:154} INFO - [2023-12-03T09:50:37.870+0000] {dag.py:2941} INFO - Sync 1 DAGs
[2023-12-03T09:50:37.897+0000] {logging_mixin.py:154} INFO - [2023-12-03T09:50:37.896+0000] {dag.py:3722} INFO - Setting next_dagrun for example_short_circuit_decorator to 2023-12-02T09:50:37.896643+00:00, run_after=2023-12-03T09:50:37.896643+00:00
[2023-12-03T09:50:37.914+0000] {processor.py:179} INFO - Processing /home/airflow/.local/lib/python3.8/site-packages/airflow/example_dags/example_short_circuit_decorator.py took 0.087 seconds
[2023-12-03T09:51:09.021+0000] {processor.py:157} INFO - Started process (PID=951) to work on /home/airflow/.local/lib/python3.8/site-packages/airflow/example_dags/example_short_circuit_decorator.py
[2023-12-03T09:51:09.022+0000] {processor.py:829} INFO - Processing file /home/airflow/.local/lib/python3.8/site-packages/airflow/example_dags/example_short_circuit_decorator.py for tasks to queue
[2023-12-03T09:51:09.024+0000] {logging_mixin.py:154} INFO - [2023-12-03T09:51:09.024+0000] {dagbag.py:536} INFO - Filling up the DagBag from /home/airflow/.local/lib/python3.8/site-packages/airflow/example_dags/example_short_circuit_decorator.py
[2023-12-03T09:51:09.033+0000] {processor.py:839} INFO - DAG(s) dict_keys(['example_short_circuit_decorator']) retrieved from /home/airflow/.local/lib/python3.8/site-packages/airflow/example_dags/example_short_circuit_decorator.py
[2023-12-03T09:51:09.052+0000] {logging_mixin.py:154} INFO - [2023-12-03T09:51:09.052+0000] {dag.py:2941} INFO - Sync 1 DAGs
[2023-12-03T09:51:09.069+0000] {logging_mixin.py:154} INFO - [2023-12-03T09:51:09.068+0000] {dag.py:3722} INFO - Setting next_dagrun for example_short_circuit_decorator to 2023-12-02T09:51:09.068673+00:00, run_after=2023-12-03T09:51:09.068673+00:00
[2023-12-03T09:51:09.082+0000] {processor.py:179} INFO - Processing /home/airflow/.local/lib/python3.8/site-packages/airflow/example_dags/example_short_circuit_decorator.py took 0.065 seconds
[2023-12-03T09:51:39.895+0000] {processor.py:157} INFO - Started process (PID=1009) to work on /home/airflow/.local/lib/python3.8/site-packages/airflow/example_dags/example_short_circuit_decorator.py
[2023-12-03T09:51:39.897+0000] {processor.py:829} INFO - Processing file /home/airflow/.local/lib/python3.8/site-packages/airflow/example_dags/example_short_circuit_decorator.py for tasks to queue
[2023-12-03T09:51:39.900+0000] {logging_mixin.py:154} INFO - [2023-12-03T09:51:39.899+0000] {dagbag.py:536} INFO - Filling up the DagBag from /home/airflow/.local/lib/python3.8/site-packages/airflow/example_dags/example_short_circuit_decorator.py
[2023-12-03T09:51:39.909+0000] {processor.py:839} INFO - DAG(s) dict_keys(['example_short_circuit_decorator']) retrieved from /home/airflow/.local/lib/python3.8/site-packages/airflow/example_dags/example_short_circuit_decorator.py
[2023-12-03T09:51:39.936+0000] {logging_mixin.py:154} INFO - [2023-12-03T09:51:39.936+0000] {dag.py:2941} INFO - Sync 1 DAGs
[2023-12-03T09:51:39.958+0000] {logging_mixin.py:154} INFO - [2023-12-03T09:51:39.958+0000] {dag.py:3722} INFO - Setting next_dagrun for example_short_circuit_decorator to 2023-12-02T09:51:39.958035+00:00, run_after=2023-12-03T09:51:39.958035+00:00
[2023-12-03T09:51:39.976+0000] {processor.py:179} INFO - Processing /home/airflow/.local/lib/python3.8/site-packages/airflow/example_dags/example_short_circuit_decorator.py took 0.085 seconds
[2023-12-03T09:52:10.838+0000] {processor.py:157} INFO - Started process (PID=1067) to work on /home/airflow/.local/lib/python3.8/site-packages/airflow/example_dags/example_short_circuit_decorator.py
[2023-12-03T09:52:10.839+0000] {processor.py:829} INFO - Processing file /home/airflow/.local/lib/python3.8/site-packages/airflow/example_dags/example_short_circuit_decorator.py for tasks to queue
[2023-12-03T09:52:10.841+0000] {logging_mixin.py:154} INFO - [2023-12-03T09:52:10.841+0000] {dagbag.py:536} INFO - Filling up the DagBag from /home/airflow/.local/lib/python3.8/site-packages/airflow/example_dags/example_short_circuit_decorator.py
[2023-12-03T09:52:10.850+0000] {processor.py:839} INFO - DAG(s) dict_keys(['example_short_circuit_decorator']) retrieved from /home/airflow/.local/lib/python3.8/site-packages/airflow/example_dags/example_short_circuit_decorator.py
[2023-12-03T09:52:10.871+0000] {logging_mixin.py:154} INFO - [2023-12-03T09:52:10.871+0000] {dag.py:2941} INFO - Sync 1 DAGs
[2023-12-03T09:52:10.891+0000] {logging_mixin.py:154} INFO - [2023-12-03T09:52:10.891+0000] {dag.py:3722} INFO - Setting next_dagrun for example_short_circuit_decorator to 2023-12-02T09:52:10.891599+00:00, run_after=2023-12-03T09:52:10.891599+00:00
[2023-12-03T09:52:10.909+0000] {processor.py:179} INFO - Processing /home/airflow/.local/lib/python3.8/site-packages/airflow/example_dags/example_short_circuit_decorator.py took 0.075 seconds
[2023-12-03T09:52:42.267+0000] {processor.py:157} INFO - Started process (PID=1125) to work on /home/airflow/.local/lib/python3.8/site-packages/airflow/example_dags/example_short_circuit_decorator.py
[2023-12-03T09:52:42.269+0000] {processor.py:829} INFO - Processing file /home/airflow/.local/lib/python3.8/site-packages/airflow/example_dags/example_short_circuit_decorator.py for tasks to queue
[2023-12-03T09:52:42.273+0000] {logging_mixin.py:154} INFO - [2023-12-03T09:52:42.272+0000] {dagbag.py:536} INFO - Filling up the DagBag from /home/airflow/.local/lib/python3.8/site-packages/airflow/example_dags/example_short_circuit_decorator.py
[2023-12-03T09:52:42.285+0000] {processor.py:839} INFO - DAG(s) dict_keys(['example_short_circuit_decorator']) retrieved from /home/airflow/.local/lib/python3.8/site-packages/airflow/example_dags/example_short_circuit_decorator.py
[2023-12-03T09:52:42.313+0000] {logging_mixin.py:154} INFO - [2023-12-03T09:52:42.312+0000] {dag.py:2941} INFO - Sync 1 DAGs
[2023-12-03T09:52:42.340+0000] {logging_mixin.py:154} INFO - [2023-12-03T09:52:42.340+0000] {dag.py:3722} INFO - Setting next_dagrun for example_short_circuit_decorator to 2023-12-02T09:52:42.339952+00:00, run_after=2023-12-03T09:52:42.339952+00:00
[2023-12-03T09:52:42.360+0000] {processor.py:179} INFO - Processing /home/airflow/.local/lib/python3.8/site-packages/airflow/example_dags/example_short_circuit_decorator.py took 0.098 seconds
[2023-12-03T09:53:13.435+0000] {processor.py:157} INFO - Started process (PID=1183) to work on /home/airflow/.local/lib/python3.8/site-packages/airflow/example_dags/example_short_circuit_decorator.py
[2023-12-03T09:53:13.457+0000] {processor.py:829} INFO - Processing file /home/airflow/.local/lib/python3.8/site-packages/airflow/example_dags/example_short_circuit_decorator.py for tasks to queue
[2023-12-03T09:53:13.510+0000] {logging_mixin.py:154} INFO - [2023-12-03T09:53:13.510+0000] {dagbag.py:536} INFO - Filling up the DagBag from /home/airflow/.local/lib/python3.8/site-packages/airflow/example_dags/example_short_circuit_decorator.py
[2023-12-03T09:53:13.566+0000] {processor.py:839} INFO - DAG(s) dict_keys(['example_short_circuit_decorator']) retrieved from /home/airflow/.local/lib/python3.8/site-packages/airflow/example_dags/example_short_circuit_decorator.py
[2023-12-03T09:53:13.600+0000] {logging_mixin.py:154} INFO - [2023-12-03T09:53:13.599+0000] {dag.py:2941} INFO - Sync 1 DAGs
[2023-12-03T09:53:13.632+0000] {logging_mixin.py:154} INFO - [2023-12-03T09:53:13.632+0000] {dag.py:3722} INFO - Setting next_dagrun for example_short_circuit_decorator to 2023-12-02T09:53:13.632302+00:00, run_after=2023-12-03T09:53:13.632302+00:00
[2023-12-03T09:53:13.653+0000] {processor.py:179} INFO - Processing /home/airflow/.local/lib/python3.8/site-packages/airflow/example_dags/example_short_circuit_decorator.py took 0.233 seconds
[2023-12-03T09:53:43.766+0000] {processor.py:157} INFO - Started process (PID=1241) to work on /home/airflow/.local/lib/python3.8/site-packages/airflow/example_dags/example_short_circuit_decorator.py
[2023-12-03T09:53:43.767+0000] {processor.py:829} INFO - Processing file /home/airflow/.local/lib/python3.8/site-packages/airflow/example_dags/example_short_circuit_decorator.py for tasks to queue
[2023-12-03T09:53:43.769+0000] {logging_mixin.py:154} INFO - [2023-12-03T09:53:43.769+0000] {dagbag.py:536} INFO - Filling up the DagBag from /home/airflow/.local/lib/python3.8/site-packages/airflow/example_dags/example_short_circuit_decorator.py
[2023-12-03T09:53:43.779+0000] {processor.py:839} INFO - DAG(s) dict_keys(['example_short_circuit_decorator']) retrieved from /home/airflow/.local/lib/python3.8/site-packages/airflow/example_dags/example_short_circuit_decorator.py
[2023-12-03T09:53:43.804+0000] {logging_mixin.py:154} INFO - [2023-12-03T09:53:43.804+0000] {dag.py:2941} INFO - Sync 1 DAGs
[2023-12-03T09:53:43.825+0000] {logging_mixin.py:154} INFO - [2023-12-03T09:53:43.825+0000] {dag.py:3722} INFO - Setting next_dagrun for example_short_circuit_decorator to 2023-12-02T09:53:43.824967+00:00, run_after=2023-12-03T09:53:43.824967+00:00
[2023-12-03T09:53:43.844+0000] {processor.py:179} INFO - Processing /home/airflow/.local/lib/python3.8/site-packages/airflow/example_dags/example_short_circuit_decorator.py took 0.082 seconds
[2023-12-03T09:54:14.193+0000] {processor.py:157} INFO - Started process (PID=1299) to work on /home/airflow/.local/lib/python3.8/site-packages/airflow/example_dags/example_short_circuit_decorator.py
[2023-12-03T09:54:14.195+0000] {processor.py:829} INFO - Processing file /home/airflow/.local/lib/python3.8/site-packages/airflow/example_dags/example_short_circuit_decorator.py for tasks to queue
[2023-12-03T09:54:14.198+0000] {logging_mixin.py:154} INFO - [2023-12-03T09:54:14.197+0000] {dagbag.py:536} INFO - Filling up the DagBag from /home/airflow/.local/lib/python3.8/site-packages/airflow/example_dags/example_short_circuit_decorator.py
[2023-12-03T09:54:14.209+0000] {processor.py:839} INFO - DAG(s) dict_keys(['example_short_circuit_decorator']) retrieved from /home/airflow/.local/lib/python3.8/site-packages/airflow/example_dags/example_short_circuit_decorator.py
[2023-12-03T09:54:14.240+0000] {logging_mixin.py:154} INFO - [2023-12-03T09:54:14.240+0000] {dag.py:2941} INFO - Sync 1 DAGs
[2023-12-03T09:54:14.267+0000] {logging_mixin.py:154} INFO - [2023-12-03T09:54:14.267+0000] {dag.py:3722} INFO - Setting next_dagrun for example_short_circuit_decorator to 2023-12-02T09:54:14.267436+00:00, run_after=2023-12-03T09:54:14.267436+00:00
[2023-12-03T09:54:14.291+0000] {processor.py:179} INFO - Processing /home/airflow/.local/lib/python3.8/site-packages/airflow/example_dags/example_short_circuit_decorator.py took 0.103 seconds
[2023-12-03T09:54:45.425+0000] {processor.py:157} INFO - Started process (PID=1357) to work on /home/airflow/.local/lib/python3.8/site-packages/airflow/example_dags/example_short_circuit_decorator.py
[2023-12-03T09:54:45.427+0000] {processor.py:829} INFO - Processing file /home/airflow/.local/lib/python3.8/site-packages/airflow/example_dags/example_short_circuit_decorator.py for tasks to queue
[2023-12-03T09:54:45.430+0000] {logging_mixin.py:154} INFO - [2023-12-03T09:54:45.430+0000] {dagbag.py:536} INFO - Filling up the DagBag from /home/airflow/.local/lib/python3.8/site-packages/airflow/example_dags/example_short_circuit_decorator.py
[2023-12-03T09:54:45.442+0000] {processor.py:839} INFO - DAG(s) dict_keys(['example_short_circuit_decorator']) retrieved from /home/airflow/.local/lib/python3.8/site-packages/airflow/example_dags/example_short_circuit_decorator.py
[2023-12-03T09:54:45.476+0000] {logging_mixin.py:154} INFO - [2023-12-03T09:54:45.476+0000] {dag.py:2941} INFO - Sync 1 DAGs
[2023-12-03T09:54:45.533+0000] {logging_mixin.py:154} INFO - [2023-12-03T09:54:45.532+0000] {dag.py:3722} INFO - Setting next_dagrun for example_short_circuit_decorator to 2023-12-02T09:54:45.532641+00:00, run_after=2023-12-03T09:54:45.532641+00:00
[2023-12-03T09:54:45.561+0000] {processor.py:179} INFO - Processing /home/airflow/.local/lib/python3.8/site-packages/airflow/example_dags/example_short_circuit_decorator.py took 0.141 seconds
[2023-12-03T09:55:16.495+0000] {processor.py:157} INFO - Started process (PID=1415) to work on /home/airflow/.local/lib/python3.8/site-packages/airflow/example_dags/example_short_circuit_decorator.py
[2023-12-03T09:55:16.496+0000] {processor.py:829} INFO - Processing file /home/airflow/.local/lib/python3.8/site-packages/airflow/example_dags/example_short_circuit_decorator.py for tasks to queue
[2023-12-03T09:55:16.499+0000] {logging_mixin.py:154} INFO - [2023-12-03T09:55:16.499+0000] {dagbag.py:536} INFO - Filling up the DagBag from /home/airflow/.local/lib/python3.8/site-packages/airflow/example_dags/example_short_circuit_decorator.py
[2023-12-03T09:55:16.507+0000] {processor.py:839} INFO - DAG(s) dict_keys(['example_short_circuit_decorator']) retrieved from /home/airflow/.local/lib/python3.8/site-packages/airflow/example_dags/example_short_circuit_decorator.py
[2023-12-03T09:55:16.530+0000] {logging_mixin.py:154} INFO - [2023-12-03T09:55:16.529+0000] {dag.py:2941} INFO - Sync 1 DAGs
[2023-12-03T09:55:16.550+0000] {logging_mixin.py:154} INFO - [2023-12-03T09:55:16.550+0000] {dag.py:3722} INFO - Setting next_dagrun for example_short_circuit_decorator to 2023-12-02T09:55:16.549946+00:00, run_after=2023-12-03T09:55:16.549946+00:00
[2023-12-03T09:55:16.565+0000] {processor.py:179} INFO - Processing /home/airflow/.local/lib/python3.8/site-packages/airflow/example_dags/example_short_circuit_decorator.py took 0.074 seconds
[2023-12-03T09:55:47.044+0000] {processor.py:157} INFO - Started process (PID=1474) to work on /home/airflow/.local/lib/python3.8/site-packages/airflow/example_dags/example_short_circuit_decorator.py
[2023-12-03T09:55:47.045+0000] {processor.py:829} INFO - Processing file /home/airflow/.local/lib/python3.8/site-packages/airflow/example_dags/example_short_circuit_decorator.py for tasks to queue
[2023-12-03T09:55:47.048+0000] {logging_mixin.py:154} INFO - [2023-12-03T09:55:47.047+0000] {dagbag.py:536} INFO - Filling up the DagBag from /home/airflow/.local/lib/python3.8/site-packages/airflow/example_dags/example_short_circuit_decorator.py
[2023-12-03T09:55:47.057+0000] {processor.py:839} INFO - DAG(s) dict_keys(['example_short_circuit_decorator']) retrieved from /home/airflow/.local/lib/python3.8/site-packages/airflow/example_dags/example_short_circuit_decorator.py
[2023-12-03T09:55:47.080+0000] {logging_mixin.py:154} INFO - [2023-12-03T09:55:47.080+0000] {dag.py:2941} INFO - Sync 1 DAGs
[2023-12-03T09:55:47.100+0000] {logging_mixin.py:154} INFO - [2023-12-03T09:55:47.099+0000] {dag.py:3722} INFO - Setting next_dagrun for example_short_circuit_decorator to 2023-12-02T09:55:47.099593+00:00, run_after=2023-12-03T09:55:47.099593+00:00
[2023-12-03T09:55:47.117+0000] {processor.py:179} INFO - Processing /home/airflow/.local/lib/python3.8/site-packages/airflow/example_dags/example_short_circuit_decorator.py took 0.077 seconds
[2023-12-03T09:56:17.224+0000] {processor.py:157} INFO - Started process (PID=1534) to work on /home/airflow/.local/lib/python3.8/site-packages/airflow/example_dags/example_short_circuit_decorator.py
[2023-12-03T09:56:17.226+0000] {processor.py:829} INFO - Processing file /home/airflow/.local/lib/python3.8/site-packages/airflow/example_dags/example_short_circuit_decorator.py for tasks to queue
[2023-12-03T09:56:17.228+0000] {logging_mixin.py:154} INFO - [2023-12-03T09:56:17.228+0000] {dagbag.py:536} INFO - Filling up the DagBag from /home/airflow/.local/lib/python3.8/site-packages/airflow/example_dags/example_short_circuit_decorator.py
[2023-12-03T09:56:17.239+0000] {processor.py:839} INFO - DAG(s) dict_keys(['example_short_circuit_decorator']) retrieved from /home/airflow/.local/lib/python3.8/site-packages/airflow/example_dags/example_short_circuit_decorator.py
[2023-12-03T09:56:17.263+0000] {logging_mixin.py:154} INFO - [2023-12-03T09:56:17.262+0000] {dag.py:2941} INFO - Sync 1 DAGs
[2023-12-03T09:56:17.283+0000] {logging_mixin.py:154} INFO - [2023-12-03T09:56:17.282+0000] {dag.py:3722} INFO - Setting next_dagrun for example_short_circuit_decorator to 2023-12-02T09:56:17.282442+00:00, run_after=2023-12-03T09:56:17.282442+00:00
[2023-12-03T09:56:17.299+0000] {processor.py:179} INFO - Processing /home/airflow/.local/lib/python3.8/site-packages/airflow/example_dags/example_short_circuit_decorator.py took 0.079 seconds
[2023-12-03T09:56:48.117+0000] {processor.py:157} INFO - Started process (PID=1592) to work on /home/airflow/.local/lib/python3.8/site-packages/airflow/example_dags/example_short_circuit_decorator.py
[2023-12-03T09:56:48.118+0000] {processor.py:829} INFO - Processing file /home/airflow/.local/lib/python3.8/site-packages/airflow/example_dags/example_short_circuit_decorator.py for tasks to queue
[2023-12-03T09:56:48.120+0000] {logging_mixin.py:154} INFO - [2023-12-03T09:56:48.120+0000] {dagbag.py:536} INFO - Filling up the DagBag from /home/airflow/.local/lib/python3.8/site-packages/airflow/example_dags/example_short_circuit_decorator.py
[2023-12-03T09:56:48.128+0000] {processor.py:839} INFO - DAG(s) dict_keys(['example_short_circuit_decorator']) retrieved from /home/airflow/.local/lib/python3.8/site-packages/airflow/example_dags/example_short_circuit_decorator.py
[2023-12-03T09:56:48.149+0000] {logging_mixin.py:154} INFO - [2023-12-03T09:56:48.148+0000] {dag.py:2941} INFO - Sync 1 DAGs
[2023-12-03T09:56:48.166+0000] {logging_mixin.py:154} INFO - [2023-12-03T09:56:48.166+0000] {dag.py:3722} INFO - Setting next_dagrun for example_short_circuit_decorator to 2023-12-02T09:56:48.166466+00:00, run_after=2023-12-03T09:56:48.166466+00:00
[2023-12-03T09:56:48.181+0000] {processor.py:179} INFO - Processing /home/airflow/.local/lib/python3.8/site-packages/airflow/example_dags/example_short_circuit_decorator.py took 0.068 seconds
[2023-12-03T09:57:18.875+0000] {processor.py:157} INFO - Started process (PID=1650) to work on /home/airflow/.local/lib/python3.8/site-packages/airflow/example_dags/example_short_circuit_decorator.py
[2023-12-03T09:57:18.876+0000] {processor.py:829} INFO - Processing file /home/airflow/.local/lib/python3.8/site-packages/airflow/example_dags/example_short_circuit_decorator.py for tasks to queue
[2023-12-03T09:57:18.878+0000] {logging_mixin.py:154} INFO - [2023-12-03T09:57:18.878+0000] {dagbag.py:536} INFO - Filling up the DagBag from /home/airflow/.local/lib/python3.8/site-packages/airflow/example_dags/example_short_circuit_decorator.py
[2023-12-03T09:57:18.887+0000] {processor.py:839} INFO - DAG(s) dict_keys(['example_short_circuit_decorator']) retrieved from /home/airflow/.local/lib/python3.8/site-packages/airflow/example_dags/example_short_circuit_decorator.py
[2023-12-03T09:57:18.906+0000] {logging_mixin.py:154} INFO - [2023-12-03T09:57:18.906+0000] {dag.py:2941} INFO - Sync 1 DAGs
[2023-12-03T09:57:18.923+0000] {logging_mixin.py:154} INFO - [2023-12-03T09:57:18.923+0000] {dag.py:3722} INFO - Setting next_dagrun for example_short_circuit_decorator to 2023-12-02T09:57:18.922835+00:00, run_after=2023-12-03T09:57:18.922835+00:00
[2023-12-03T09:57:18.936+0000] {processor.py:179} INFO - Processing /home/airflow/.local/lib/python3.8/site-packages/airflow/example_dags/example_short_circuit_decorator.py took 0.065 seconds
[2023-12-03T09:57:49.265+0000] {processor.py:157} INFO - Started process (PID=1710) to work on /home/airflow/.local/lib/python3.8/site-packages/airflow/example_dags/example_short_circuit_decorator.py
[2023-12-03T09:57:49.267+0000] {processor.py:829} INFO - Processing file /home/airflow/.local/lib/python3.8/site-packages/airflow/example_dags/example_short_circuit_decorator.py for tasks to queue
[2023-12-03T09:57:49.269+0000] {logging_mixin.py:154} INFO - [2023-12-03T09:57:49.269+0000] {dagbag.py:536} INFO - Filling up the DagBag from /home/airflow/.local/lib/python3.8/site-packages/airflow/example_dags/example_short_circuit_decorator.py
[2023-12-03T09:57:49.280+0000] {processor.py:839} INFO - DAG(s) dict_keys(['example_short_circuit_decorator']) retrieved from /home/airflow/.local/lib/python3.8/site-packages/airflow/example_dags/example_short_circuit_decorator.py
[2023-12-03T09:57:49.303+0000] {logging_mixin.py:154} INFO - [2023-12-03T09:57:49.303+0000] {dag.py:2941} INFO - Sync 1 DAGs
[2023-12-03T09:57:49.324+0000] {logging_mixin.py:154} INFO - [2023-12-03T09:57:49.324+0000] {dag.py:3722} INFO - Setting next_dagrun for example_short_circuit_decorator to 2023-12-02T09:57:49.324261+00:00, run_after=2023-12-03T09:57:49.324261+00:00
[2023-12-03T09:57:49.341+0000] {processor.py:179} INFO - Processing /home/airflow/.local/lib/python3.8/site-packages/airflow/example_dags/example_short_circuit_decorator.py took 0.080 seconds
[2023-12-03T09:58:19.382+0000] {processor.py:157} INFO - Started process (PID=1768) to work on /home/airflow/.local/lib/python3.8/site-packages/airflow/example_dags/example_short_circuit_decorator.py
[2023-12-03T09:58:19.383+0000] {processor.py:829} INFO - Processing file /home/airflow/.local/lib/python3.8/site-packages/airflow/example_dags/example_short_circuit_decorator.py for tasks to queue
[2023-12-03T09:58:19.385+0000] {logging_mixin.py:154} INFO - [2023-12-03T09:58:19.385+0000] {dagbag.py:536} INFO - Filling up the DagBag from /home/airflow/.local/lib/python3.8/site-packages/airflow/example_dags/example_short_circuit_decorator.py
[2023-12-03T09:58:19.395+0000] {processor.py:839} INFO - DAG(s) dict_keys(['example_short_circuit_decorator']) retrieved from /home/airflow/.local/lib/python3.8/site-packages/airflow/example_dags/example_short_circuit_decorator.py
[2023-12-03T09:58:19.418+0000] {logging_mixin.py:154} INFO - [2023-12-03T09:58:19.418+0000] {dag.py:2941} INFO - Sync 1 DAGs
[2023-12-03T09:58:19.438+0000] {logging_mixin.py:154} INFO - [2023-12-03T09:58:19.437+0000] {dag.py:3722} INFO - Setting next_dagrun for example_short_circuit_decorator to 2023-12-02T09:58:19.437704+00:00, run_after=2023-12-03T09:58:19.437704+00:00
[2023-12-03T09:58:19.454+0000] {processor.py:179} INFO - Processing /home/airflow/.local/lib/python3.8/site-packages/airflow/example_dags/example_short_circuit_decorator.py took 0.076 seconds
[2023-12-03T09:58:49.701+0000] {processor.py:157} INFO - Started process (PID=1825) to work on /home/airflow/.local/lib/python3.8/site-packages/airflow/example_dags/example_short_circuit_decorator.py
[2023-12-03T09:58:49.702+0000] {processor.py:829} INFO - Processing file /home/airflow/.local/lib/python3.8/site-packages/airflow/example_dags/example_short_circuit_decorator.py for tasks to queue
[2023-12-03T09:58:49.704+0000] {logging_mixin.py:154} INFO - [2023-12-03T09:58:49.704+0000] {dagbag.py:536} INFO - Filling up the DagBag from /home/airflow/.local/lib/python3.8/site-packages/airflow/example_dags/example_short_circuit_decorator.py
[2023-12-03T09:58:49.715+0000] {processor.py:839} INFO - DAG(s) dict_keys(['example_short_circuit_decorator']) retrieved from /home/airflow/.local/lib/python3.8/site-packages/airflow/example_dags/example_short_circuit_decorator.py
[2023-12-03T09:58:49.740+0000] {logging_mixin.py:154} INFO - [2023-12-03T09:58:49.740+0000] {dag.py:2941} INFO - Sync 1 DAGs
[2023-12-03T09:58:49.760+0000] {logging_mixin.py:154} INFO - [2023-12-03T09:58:49.760+0000] {dag.py:3722} INFO - Setting next_dagrun for example_short_circuit_decorator to 2023-12-02T09:58:49.759932+00:00, run_after=2023-12-03T09:58:49.759932+00:00
[2023-12-03T09:58:49.777+0000] {processor.py:179} INFO - Processing /home/airflow/.local/lib/python3.8/site-packages/airflow/example_dags/example_short_circuit_decorator.py took 0.081 seconds
[2023-12-03T09:59:20.365+0000] {processor.py:157} INFO - Started process (PID=1883) to work on /home/airflow/.local/lib/python3.8/site-packages/airflow/example_dags/example_short_circuit_decorator.py
[2023-12-03T09:59:20.366+0000] {processor.py:829} INFO - Processing file /home/airflow/.local/lib/python3.8/site-packages/airflow/example_dags/example_short_circuit_decorator.py for tasks to queue
[2023-12-03T09:59:20.368+0000] {logging_mixin.py:154} INFO - [2023-12-03T09:59:20.368+0000] {dagbag.py:536} INFO - Filling up the DagBag from /home/airflow/.local/lib/python3.8/site-packages/airflow/example_dags/example_short_circuit_decorator.py
[2023-12-03T09:59:20.377+0000] {processor.py:839} INFO - DAG(s) dict_keys(['example_short_circuit_decorator']) retrieved from /home/airflow/.local/lib/python3.8/site-packages/airflow/example_dags/example_short_circuit_decorator.py
[2023-12-03T09:59:20.398+0000] {logging_mixin.py:154} INFO - [2023-12-03T09:59:20.398+0000] {dag.py:2941} INFO - Sync 1 DAGs
[2023-12-03T09:59:20.418+0000] {logging_mixin.py:154} INFO - [2023-12-03T09:59:20.417+0000] {dag.py:3722} INFO - Setting next_dagrun for example_short_circuit_decorator to 2023-12-02T09:59:20.417660+00:00, run_after=2023-12-03T09:59:20.417660+00:00
[2023-12-03T09:59:20.434+0000] {processor.py:179} INFO - Processing /home/airflow/.local/lib/python3.8/site-packages/airflow/example_dags/example_short_circuit_decorator.py took 0.072 seconds
[2023-12-03T09:59:51.369+0000] {processor.py:157} INFO - Started process (PID=1942) to work on /home/airflow/.local/lib/python3.8/site-packages/airflow/example_dags/example_short_circuit_decorator.py
[2023-12-03T09:59:51.370+0000] {processor.py:829} INFO - Processing file /home/airflow/.local/lib/python3.8/site-packages/airflow/example_dags/example_short_circuit_decorator.py for tasks to queue
[2023-12-03T09:59:51.373+0000] {logging_mixin.py:154} INFO - [2023-12-03T09:59:51.372+0000] {dagbag.py:536} INFO - Filling up the DagBag from /home/airflow/.local/lib/python3.8/site-packages/airflow/example_dags/example_short_circuit_decorator.py
[2023-12-03T09:59:51.384+0000] {processor.py:839} INFO - DAG(s) dict_keys(['example_short_circuit_decorator']) retrieved from /home/airflow/.local/lib/python3.8/site-packages/airflow/example_dags/example_short_circuit_decorator.py
[2023-12-03T09:59:51.406+0000] {logging_mixin.py:154} INFO - [2023-12-03T09:59:51.406+0000] {dag.py:2941} INFO - Sync 1 DAGs
[2023-12-03T09:59:51.428+0000] {logging_mixin.py:154} INFO - [2023-12-03T09:59:51.428+0000] {dag.py:3722} INFO - Setting next_dagrun for example_short_circuit_decorator to 2023-12-02T09:59:51.428168+00:00, run_after=2023-12-03T09:59:51.428168+00:00
[2023-12-03T09:59:51.443+0000] {processor.py:179} INFO - Processing /home/airflow/.local/lib/python3.8/site-packages/airflow/example_dags/example_short_circuit_decorator.py took 0.080 seconds
[2023-12-03T10:00:21.788+0000] {processor.py:157} INFO - Started process (PID=2004) to work on /home/airflow/.local/lib/python3.8/site-packages/airflow/example_dags/example_short_circuit_decorator.py
[2023-12-03T10:00:21.789+0000] {processor.py:829} INFO - Processing file /home/airflow/.local/lib/python3.8/site-packages/airflow/example_dags/example_short_circuit_decorator.py for tasks to queue
[2023-12-03T10:00:21.791+0000] {logging_mixin.py:154} INFO - [2023-12-03T10:00:21.791+0000] {dagbag.py:536} INFO - Filling up the DagBag from /home/airflow/.local/lib/python3.8/site-packages/airflow/example_dags/example_short_circuit_decorator.py
[2023-12-03T10:00:21.800+0000] {processor.py:839} INFO - DAG(s) dict_keys(['example_short_circuit_decorator']) retrieved from /home/airflow/.local/lib/python3.8/site-packages/airflow/example_dags/example_short_circuit_decorator.py
[2023-12-03T10:00:21.820+0000] {logging_mixin.py:154} INFO - [2023-12-03T10:00:21.820+0000] {dag.py:2941} INFO - Sync 1 DAGs
[2023-12-03T10:00:21.840+0000] {logging_mixin.py:154} INFO - [2023-12-03T10:00:21.840+0000] {dag.py:3722} INFO - Setting next_dagrun for example_short_circuit_decorator to 2023-12-02T10:00:21.840099+00:00, run_after=2023-12-03T10:00:21.840099+00:00
[2023-12-03T10:00:21.855+0000] {processor.py:179} INFO - Processing /home/airflow/.local/lib/python3.8/site-packages/airflow/example_dags/example_short_circuit_decorator.py took 0.071 seconds
[2023-12-03T10:00:52.460+0000] {processor.py:157} INFO - Started process (PID=2062) to work on /home/airflow/.local/lib/python3.8/site-packages/airflow/example_dags/example_short_circuit_decorator.py
[2023-12-03T10:00:52.462+0000] {processor.py:829} INFO - Processing file /home/airflow/.local/lib/python3.8/site-packages/airflow/example_dags/example_short_circuit_decorator.py for tasks to queue
[2023-12-03T10:00:52.465+0000] {logging_mixin.py:154} INFO - [2023-12-03T10:00:52.465+0000] {dagbag.py:536} INFO - Filling up the DagBag from /home/airflow/.local/lib/python3.8/site-packages/airflow/example_dags/example_short_circuit_decorator.py
[2023-12-03T10:00:52.477+0000] {processor.py:839} INFO - DAG(s) dict_keys(['example_short_circuit_decorator']) retrieved from /home/airflow/.local/lib/python3.8/site-packages/airflow/example_dags/example_short_circuit_decorator.py
[2023-12-03T10:00:52.505+0000] {logging_mixin.py:154} INFO - [2023-12-03T10:00:52.505+0000] {dag.py:2941} INFO - Sync 1 DAGs
[2023-12-03T10:00:52.530+0000] {logging_mixin.py:154} INFO - [2023-12-03T10:00:52.528+0000] {dag.py:3722} INFO - Setting next_dagrun for example_short_circuit_decorator to 2023-12-02T10:00:52.528331+00:00, run_after=2023-12-03T10:00:52.528331+00:00
[2023-12-03T10:00:52.549+0000] {processor.py:179} INFO - Processing /home/airflow/.local/lib/python3.8/site-packages/airflow/example_dags/example_short_circuit_decorator.py took 0.094 seconds
[2023-12-03T10:01:23.488+0000] {processor.py:157} INFO - Started process (PID=2120) to work on /home/airflow/.local/lib/python3.8/site-packages/airflow/example_dags/example_short_circuit_decorator.py
[2023-12-03T10:01:23.489+0000] {processor.py:829} INFO - Processing file /home/airflow/.local/lib/python3.8/site-packages/airflow/example_dags/example_short_circuit_decorator.py for tasks to queue
[2023-12-03T10:01:23.492+0000] {logging_mixin.py:154} INFO - [2023-12-03T10:01:23.491+0000] {dagbag.py:536} INFO - Filling up the DagBag from /home/airflow/.local/lib/python3.8/site-packages/airflow/example_dags/example_short_circuit_decorator.py
[2023-12-03T10:01:23.502+0000] {processor.py:839} INFO - DAG(s) dict_keys(['example_short_circuit_decorator']) retrieved from /home/airflow/.local/lib/python3.8/site-packages/airflow/example_dags/example_short_circuit_decorator.py
[2023-12-03T10:01:23.524+0000] {logging_mixin.py:154} INFO - [2023-12-03T10:01:23.524+0000] {dag.py:2941} INFO - Sync 1 DAGs
[2023-12-03T10:01:23.544+0000] {logging_mixin.py:154} INFO - [2023-12-03T10:01:23.544+0000] {dag.py:3722} INFO - Setting next_dagrun for example_short_circuit_decorator to 2023-12-02T10:01:23.544641+00:00, run_after=2023-12-03T10:01:23.544641+00:00
[2023-12-03T10:01:23.563+0000] {processor.py:179} INFO - Processing /home/airflow/.local/lib/python3.8/site-packages/airflow/example_dags/example_short_circuit_decorator.py took 0.079 seconds
[2023-12-03T10:01:53.777+0000] {processor.py:157} INFO - Started process (PID=2179) to work on /home/airflow/.local/lib/python3.8/site-packages/airflow/example_dags/example_short_circuit_decorator.py
[2023-12-03T10:01:53.778+0000] {processor.py:829} INFO - Processing file /home/airflow/.local/lib/python3.8/site-packages/airflow/example_dags/example_short_circuit_decorator.py for tasks to queue
[2023-12-03T10:01:53.782+0000] {logging_mixin.py:154} INFO - [2023-12-03T10:01:53.781+0000] {dagbag.py:536} INFO - Filling up the DagBag from /home/airflow/.local/lib/python3.8/site-packages/airflow/example_dags/example_short_circuit_decorator.py
[2023-12-03T10:01:53.790+0000] {processor.py:839} INFO - DAG(s) dict_keys(['example_short_circuit_decorator']) retrieved from /home/airflow/.local/lib/python3.8/site-packages/airflow/example_dags/example_short_circuit_decorator.py
[2023-12-03T10:01:53.813+0000] {logging_mixin.py:154} INFO - [2023-12-03T10:01:53.812+0000] {dag.py:2941} INFO - Sync 1 DAGs
[2023-12-03T10:01:53.833+0000] {logging_mixin.py:154} INFO - [2023-12-03T10:01:53.833+0000] {dag.py:3722} INFO - Setting next_dagrun for example_short_circuit_decorator to 2023-12-02T10:01:53.833156+00:00, run_after=2023-12-03T10:01:53.833156+00:00
[2023-12-03T10:01:53.857+0000] {processor.py:179} INFO - Processing /home/airflow/.local/lib/python3.8/site-packages/airflow/example_dags/example_short_circuit_decorator.py took 0.083 seconds
[2023-12-03T10:02:24.755+0000] {processor.py:157} INFO - Started process (PID=2237) to work on /home/airflow/.local/lib/python3.8/site-packages/airflow/example_dags/example_short_circuit_decorator.py
[2023-12-03T10:02:24.756+0000] {processor.py:829} INFO - Processing file /home/airflow/.local/lib/python3.8/site-packages/airflow/example_dags/example_short_circuit_decorator.py for tasks to queue
[2023-12-03T10:02:24.759+0000] {logging_mixin.py:154} INFO - [2023-12-03T10:02:24.759+0000] {dagbag.py:536} INFO - Filling up the DagBag from /home/airflow/.local/lib/python3.8/site-packages/airflow/example_dags/example_short_circuit_decorator.py
[2023-12-03T10:02:24.768+0000] {processor.py:839} INFO - DAG(s) dict_keys(['example_short_circuit_decorator']) retrieved from /home/airflow/.local/lib/python3.8/site-packages/airflow/example_dags/example_short_circuit_decorator.py
[2023-12-03T10:02:24.791+0000] {logging_mixin.py:154} INFO - [2023-12-03T10:02:24.791+0000] {dag.py:2941} INFO - Sync 1 DAGs
[2023-12-03T10:02:24.811+0000] {logging_mixin.py:154} INFO - [2023-12-03T10:02:24.811+0000] {dag.py:3722} INFO - Setting next_dagrun for example_short_circuit_decorator to 2023-12-02T10:02:24.811149+00:00, run_after=2023-12-03T10:02:24.811149+00:00
[2023-12-03T10:02:24.827+0000] {processor.py:179} INFO - Processing /home/airflow/.local/lib/python3.8/site-packages/airflow/example_dags/example_short_circuit_decorator.py took 0.076 seconds
[2023-12-03T10:02:54.951+0000] {processor.py:157} INFO - Started process (PID=2294) to work on /home/airflow/.local/lib/python3.8/site-packages/airflow/example_dags/example_short_circuit_decorator.py
[2023-12-03T10:02:54.952+0000] {processor.py:829} INFO - Processing file /home/airflow/.local/lib/python3.8/site-packages/airflow/example_dags/example_short_circuit_decorator.py for tasks to queue
[2023-12-03T10:02:54.955+0000] {logging_mixin.py:154} INFO - [2023-12-03T10:02:54.955+0000] {dagbag.py:536} INFO - Filling up the DagBag from /home/airflow/.local/lib/python3.8/site-packages/airflow/example_dags/example_short_circuit_decorator.py
[2023-12-03T10:02:54.964+0000] {processor.py:839} INFO - DAG(s) dict_keys(['example_short_circuit_decorator']) retrieved from /home/airflow/.local/lib/python3.8/site-packages/airflow/example_dags/example_short_circuit_decorator.py
[2023-12-03T10:02:54.985+0000] {logging_mixin.py:154} INFO - [2023-12-03T10:02:54.985+0000] {dag.py:2941} INFO - Sync 1 DAGs
[2023-12-03T10:02:55.005+0000] {logging_mixin.py:154} INFO - [2023-12-03T10:02:55.005+0000] {dag.py:3722} INFO - Setting next_dagrun for example_short_circuit_decorator to 2023-12-02T10:02:55.004816+00:00, run_after=2023-12-03T10:02:55.004816+00:00
[2023-12-03T10:02:55.021+0000] {processor.py:179} INFO - Processing /home/airflow/.local/lib/python3.8/site-packages/airflow/example_dags/example_short_circuit_decorator.py took 0.074 seconds
[2023-12-03T10:03:25.265+0000] {processor.py:157} INFO - Started process (PID=2352) to work on /home/airflow/.local/lib/python3.8/site-packages/airflow/example_dags/example_short_circuit_decorator.py
[2023-12-03T10:03:25.266+0000] {processor.py:829} INFO - Processing file /home/airflow/.local/lib/python3.8/site-packages/airflow/example_dags/example_short_circuit_decorator.py for tasks to queue
[2023-12-03T10:03:25.268+0000] {logging_mixin.py:154} INFO - [2023-12-03T10:03:25.268+0000] {dagbag.py:536} INFO - Filling up the DagBag from /home/airflow/.local/lib/python3.8/site-packages/airflow/example_dags/example_short_circuit_decorator.py
[2023-12-03T10:03:25.277+0000] {processor.py:839} INFO - DAG(s) dict_keys(['example_short_circuit_decorator']) retrieved from /home/airflow/.local/lib/python3.8/site-packages/airflow/example_dags/example_short_circuit_decorator.py
[2023-12-03T10:03:25.300+0000] {logging_mixin.py:154} INFO - [2023-12-03T10:03:25.300+0000] {dag.py:2941} INFO - Sync 1 DAGs
[2023-12-03T10:03:25.325+0000] {logging_mixin.py:154} INFO - [2023-12-03T10:03:25.325+0000] {dag.py:3722} INFO - Setting next_dagrun for example_short_circuit_decorator to 2023-12-02T10:03:25.325163+00:00, run_after=2023-12-03T10:03:25.325163+00:00
[2023-12-03T10:03:25.345+0000] {processor.py:179} INFO - Processing /home/airflow/.local/lib/python3.8/site-packages/airflow/example_dags/example_short_circuit_decorator.py took 0.083 seconds
[2023-12-03T10:03:55.396+0000] {processor.py:157} INFO - Started process (PID=2410) to work on /home/airflow/.local/lib/python3.8/site-packages/airflow/example_dags/example_short_circuit_decorator.py
[2023-12-03T10:03:55.398+0000] {processor.py:829} INFO - Processing file /home/airflow/.local/lib/python3.8/site-packages/airflow/example_dags/example_short_circuit_decorator.py for tasks to queue
[2023-12-03T10:03:55.403+0000] {logging_mixin.py:154} INFO - [2023-12-03T10:03:55.402+0000] {dagbag.py:536} INFO - Filling up the DagBag from /home/airflow/.local/lib/python3.8/site-packages/airflow/example_dags/example_short_circuit_decorator.py
[2023-12-03T10:03:55.414+0000] {processor.py:839} INFO - DAG(s) dict_keys(['example_short_circuit_decorator']) retrieved from /home/airflow/.local/lib/python3.8/site-packages/airflow/example_dags/example_short_circuit_decorator.py
[2023-12-03T10:03:55.441+0000] {logging_mixin.py:154} INFO - [2023-12-03T10:03:55.441+0000] {dag.py:2941} INFO - Sync 1 DAGs
[2023-12-03T10:03:55.468+0000] {logging_mixin.py:154} INFO - [2023-12-03T10:03:55.468+0000] {dag.py:3722} INFO - Setting next_dagrun for example_short_circuit_decorator to 2023-12-02T10:03:55.468048+00:00, run_after=2023-12-03T10:03:55.468048+00:00
[2023-12-03T10:03:55.490+0000] {processor.py:179} INFO - Processing /home/airflow/.local/lib/python3.8/site-packages/airflow/example_dags/example_short_circuit_decorator.py took 0.098 seconds
[2023-12-03T10:04:25.991+0000] {processor.py:157} INFO - Started process (PID=2468) to work on /home/airflow/.local/lib/python3.8/site-packages/airflow/example_dags/example_short_circuit_decorator.py
[2023-12-03T10:04:25.992+0000] {processor.py:829} INFO - Processing file /home/airflow/.local/lib/python3.8/site-packages/airflow/example_dags/example_short_circuit_decorator.py for tasks to queue
[2023-12-03T10:04:25.995+0000] {logging_mixin.py:154} INFO - [2023-12-03T10:04:25.995+0000] {dagbag.py:536} INFO - Filling up the DagBag from /home/airflow/.local/lib/python3.8/site-packages/airflow/example_dags/example_short_circuit_decorator.py
[2023-12-03T10:04:26.007+0000] {processor.py:839} INFO - DAG(s) dict_keys(['example_short_circuit_decorator']) retrieved from /home/airflow/.local/lib/python3.8/site-packages/airflow/example_dags/example_short_circuit_decorator.py
[2023-12-03T10:04:26.034+0000] {logging_mixin.py:154} INFO - [2023-12-03T10:04:26.034+0000] {dag.py:2941} INFO - Sync 1 DAGs
[2023-12-03T10:04:26.059+0000] {logging_mixin.py:154} INFO - [2023-12-03T10:04:26.059+0000] {dag.py:3722} INFO - Setting next_dagrun for example_short_circuit_decorator to 2023-12-02T10:04:26.059150+00:00, run_after=2023-12-03T10:04:26.059150+00:00
[2023-12-03T10:04:26.082+0000] {processor.py:179} INFO - Processing /home/airflow/.local/lib/python3.8/site-packages/airflow/example_dags/example_short_circuit_decorator.py took 0.096 seconds
[2023-12-03T10:04:56.630+0000] {processor.py:157} INFO - Started process (PID=2526) to work on /home/airflow/.local/lib/python3.8/site-packages/airflow/example_dags/example_short_circuit_decorator.py
[2023-12-03T10:04:56.631+0000] {processor.py:829} INFO - Processing file /home/airflow/.local/lib/python3.8/site-packages/airflow/example_dags/example_short_circuit_decorator.py for tasks to queue
[2023-12-03T10:04:56.634+0000] {logging_mixin.py:154} INFO - [2023-12-03T10:04:56.634+0000] {dagbag.py:536} INFO - Filling up the DagBag from /home/airflow/.local/lib/python3.8/site-packages/airflow/example_dags/example_short_circuit_decorator.py
[2023-12-03T10:04:56.643+0000] {processor.py:839} INFO - DAG(s) dict_keys(['example_short_circuit_decorator']) retrieved from /home/airflow/.local/lib/python3.8/site-packages/airflow/example_dags/example_short_circuit_decorator.py
[2023-12-03T10:04:56.663+0000] {logging_mixin.py:154} INFO - [2023-12-03T10:04:56.663+0000] {dag.py:2941} INFO - Sync 1 DAGs
[2023-12-03T10:04:56.683+0000] {logging_mixin.py:154} INFO - [2023-12-03T10:04:56.683+0000] {dag.py:3722} INFO - Setting next_dagrun for example_short_circuit_decorator to 2023-12-02T10:04:56.683231+00:00, run_after=2023-12-03T10:04:56.683231+00:00
[2023-12-03T10:04:56.697+0000] {processor.py:179} INFO - Processing /home/airflow/.local/lib/python3.8/site-packages/airflow/example_dags/example_short_circuit_decorator.py took 0.072 seconds
[2023-12-03T10:05:27.101+0000] {processor.py:157} INFO - Started process (PID=2584) to work on /home/airflow/.local/lib/python3.8/site-packages/airflow/example_dags/example_short_circuit_decorator.py
[2023-12-03T10:05:27.102+0000] {processor.py:829} INFO - Processing file /home/airflow/.local/lib/python3.8/site-packages/airflow/example_dags/example_short_circuit_decorator.py for tasks to queue
[2023-12-03T10:05:27.104+0000] {logging_mixin.py:154} INFO - [2023-12-03T10:05:27.104+0000] {dagbag.py:536} INFO - Filling up the DagBag from /home/airflow/.local/lib/python3.8/site-packages/airflow/example_dags/example_short_circuit_decorator.py
[2023-12-03T10:05:27.114+0000] {processor.py:839} INFO - DAG(s) dict_keys(['example_short_circuit_decorator']) retrieved from /home/airflow/.local/lib/python3.8/site-packages/airflow/example_dags/example_short_circuit_decorator.py
[2023-12-03T10:05:27.137+0000] {logging_mixin.py:154} INFO - [2023-12-03T10:05:27.137+0000] {dag.py:2941} INFO - Sync 1 DAGs
[2023-12-03T10:05:27.157+0000] {logging_mixin.py:154} INFO - [2023-12-03T10:05:27.157+0000] {dag.py:3722} INFO - Setting next_dagrun for example_short_circuit_decorator to 2023-12-02T10:05:27.157538+00:00, run_after=2023-12-03T10:05:27.157538+00:00
[2023-12-03T10:05:27.174+0000] {processor.py:179} INFO - Processing /home/airflow/.local/lib/python3.8/site-packages/airflow/example_dags/example_short_circuit_decorator.py took 0.077 seconds
[2023-12-03T10:05:57.248+0000] {processor.py:157} INFO - Started process (PID=2641) to work on /home/airflow/.local/lib/python3.8/site-packages/airflow/example_dags/example_short_circuit_decorator.py
[2023-12-03T10:05:57.250+0000] {processor.py:829} INFO - Processing file /home/airflow/.local/lib/python3.8/site-packages/airflow/example_dags/example_short_circuit_decorator.py for tasks to queue
[2023-12-03T10:05:57.252+0000] {logging_mixin.py:154} INFO - [2023-12-03T10:05:57.252+0000] {dagbag.py:536} INFO - Filling up the DagBag from /home/airflow/.local/lib/python3.8/site-packages/airflow/example_dags/example_short_circuit_decorator.py
[2023-12-03T10:05:57.262+0000] {processor.py:839} INFO - DAG(s) dict_keys(['example_short_circuit_decorator']) retrieved from /home/airflow/.local/lib/python3.8/site-packages/airflow/example_dags/example_short_circuit_decorator.py
[2023-12-03T10:05:57.283+0000] {logging_mixin.py:154} INFO - [2023-12-03T10:05:57.283+0000] {dag.py:2941} INFO - Sync 1 DAGs
[2023-12-03T10:05:57.303+0000] {logging_mixin.py:154} INFO - [2023-12-03T10:05:57.303+0000] {dag.py:3722} INFO - Setting next_dagrun for example_short_circuit_decorator to 2023-12-02T10:05:57.302720+00:00, run_after=2023-12-03T10:05:57.302720+00:00
[2023-12-03T10:05:57.319+0000] {processor.py:179} INFO - Processing /home/airflow/.local/lib/python3.8/site-packages/airflow/example_dags/example_short_circuit_decorator.py took 0.074 seconds
[2023-12-03T10:06:27.347+0000] {processor.py:157} INFO - Started process (PID=2699) to work on /home/airflow/.local/lib/python3.8/site-packages/airflow/example_dags/example_short_circuit_decorator.py
[2023-12-03T10:06:27.349+0000] {processor.py:829} INFO - Processing file /home/airflow/.local/lib/python3.8/site-packages/airflow/example_dags/example_short_circuit_decorator.py for tasks to queue
[2023-12-03T10:06:27.352+0000] {logging_mixin.py:154} INFO - [2023-12-03T10:06:27.352+0000] {dagbag.py:536} INFO - Filling up the DagBag from /home/airflow/.local/lib/python3.8/site-packages/airflow/example_dags/example_short_circuit_decorator.py
[2023-12-03T10:06:27.363+0000] {processor.py:839} INFO - DAG(s) dict_keys(['example_short_circuit_decorator']) retrieved from /home/airflow/.local/lib/python3.8/site-packages/airflow/example_dags/example_short_circuit_decorator.py
[2023-12-03T10:06:27.389+0000] {logging_mixin.py:154} INFO - [2023-12-03T10:06:27.389+0000] {dag.py:2941} INFO - Sync 1 DAGs
[2023-12-03T10:06:27.412+0000] {logging_mixin.py:154} INFO - [2023-12-03T10:06:27.412+0000] {dag.py:3722} INFO - Setting next_dagrun for example_short_circuit_decorator to 2023-12-02T10:06:27.412189+00:00, run_after=2023-12-03T10:06:27.412189+00:00
[2023-12-03T10:06:27.430+0000] {processor.py:179} INFO - Processing /home/airflow/.local/lib/python3.8/site-packages/airflow/example_dags/example_short_circuit_decorator.py took 0.087 seconds
[2023-12-03T10:06:57.698+0000] {processor.py:157} INFO - Started process (PID=2757) to work on /home/airflow/.local/lib/python3.8/site-packages/airflow/example_dags/example_short_circuit_decorator.py
[2023-12-03T10:06:57.699+0000] {processor.py:829} INFO - Processing file /home/airflow/.local/lib/python3.8/site-packages/airflow/example_dags/example_short_circuit_decorator.py for tasks to queue
[2023-12-03T10:06:57.702+0000] {logging_mixin.py:154} INFO - [2023-12-03T10:06:57.701+0000] {dagbag.py:536} INFO - Filling up the DagBag from /home/airflow/.local/lib/python3.8/site-packages/airflow/example_dags/example_short_circuit_decorator.py
[2023-12-03T10:06:57.711+0000] {processor.py:839} INFO - DAG(s) dict_keys(['example_short_circuit_decorator']) retrieved from /home/airflow/.local/lib/python3.8/site-packages/airflow/example_dags/example_short_circuit_decorator.py
[2023-12-03T10:06:57.731+0000] {logging_mixin.py:154} INFO - [2023-12-03T10:06:57.731+0000] {dag.py:2941} INFO - Sync 1 DAGs
[2023-12-03T10:06:57.750+0000] {logging_mixin.py:154} INFO - [2023-12-03T10:06:57.750+0000] {dag.py:3722} INFO - Setting next_dagrun for example_short_circuit_decorator to 2023-12-02T10:06:57.749845+00:00, run_after=2023-12-03T10:06:57.749845+00:00
[2023-12-03T10:06:57.766+0000] {processor.py:179} INFO - Processing /home/airflow/.local/lib/python3.8/site-packages/airflow/example_dags/example_short_circuit_decorator.py took 0.071 seconds
[2023-12-03T10:07:27.843+0000] {processor.py:157} INFO - Started process (PID=2815) to work on /home/airflow/.local/lib/python3.8/site-packages/airflow/example_dags/example_short_circuit_decorator.py
[2023-12-03T10:07:27.844+0000] {processor.py:829} INFO - Processing file /home/airflow/.local/lib/python3.8/site-packages/airflow/example_dags/example_short_circuit_decorator.py for tasks to queue
[2023-12-03T10:07:27.846+0000] {logging_mixin.py:154} INFO - [2023-12-03T10:07:27.846+0000] {dagbag.py:536} INFO - Filling up the DagBag from /home/airflow/.local/lib/python3.8/site-packages/airflow/example_dags/example_short_circuit_decorator.py
[2023-12-03T10:07:27.855+0000] {processor.py:839} INFO - DAG(s) dict_keys(['example_short_circuit_decorator']) retrieved from /home/airflow/.local/lib/python3.8/site-packages/airflow/example_dags/example_short_circuit_decorator.py
[2023-12-03T10:07:27.878+0000] {logging_mixin.py:154} INFO - [2023-12-03T10:07:27.878+0000] {dag.py:2941} INFO - Sync 1 DAGs
[2023-12-03T10:07:27.900+0000] {logging_mixin.py:154} INFO - [2023-12-03T10:07:27.899+0000] {dag.py:3722} INFO - Setting next_dagrun for example_short_circuit_decorator to 2023-12-02T10:07:27.899430+00:00, run_after=2023-12-03T10:07:27.899430+00:00
[2023-12-03T10:07:27.916+0000] {processor.py:179} INFO - Processing /home/airflow/.local/lib/python3.8/site-packages/airflow/example_dags/example_short_circuit_decorator.py took 0.077 seconds
[2023-12-03T10:07:58.239+0000] {processor.py:157} INFO - Started process (PID=2873) to work on /home/airflow/.local/lib/python3.8/site-packages/airflow/example_dags/example_short_circuit_decorator.py
[2023-12-03T10:07:58.240+0000] {processor.py:829} INFO - Processing file /home/airflow/.local/lib/python3.8/site-packages/airflow/example_dags/example_short_circuit_decorator.py for tasks to queue
[2023-12-03T10:07:58.243+0000] {logging_mixin.py:154} INFO - [2023-12-03T10:07:58.242+0000] {dagbag.py:536} INFO - Filling up the DagBag from /home/airflow/.local/lib/python3.8/site-packages/airflow/example_dags/example_short_circuit_decorator.py
[2023-12-03T10:07:58.252+0000] {processor.py:839} INFO - DAG(s) dict_keys(['example_short_circuit_decorator']) retrieved from /home/airflow/.local/lib/python3.8/site-packages/airflow/example_dags/example_short_circuit_decorator.py
[2023-12-03T10:07:58.272+0000] {logging_mixin.py:154} INFO - [2023-12-03T10:07:58.272+0000] {dag.py:2941} INFO - Sync 1 DAGs
[2023-12-03T10:07:58.289+0000] {logging_mixin.py:154} INFO - [2023-12-03T10:07:58.289+0000] {dag.py:3722} INFO - Setting next_dagrun for example_short_circuit_decorator to 2023-12-02T10:07:58.288855+00:00, run_after=2023-12-03T10:07:58.288855+00:00
[2023-12-03T10:07:58.301+0000] {processor.py:179} INFO - Processing /home/airflow/.local/lib/python3.8/site-packages/airflow/example_dags/example_short_circuit_decorator.py took 0.066 seconds
[2023-12-03T11:28:20.977+0000] {processor.py:157} INFO - Started process (PID=2929) to work on /home/airflow/.local/lib/python3.8/site-packages/airflow/example_dags/example_short_circuit_decorator.py
[2023-12-03T11:28:20.978+0000] {processor.py:829} INFO - Processing file /home/airflow/.local/lib/python3.8/site-packages/airflow/example_dags/example_short_circuit_decorator.py for tasks to queue
[2023-12-03T11:28:20.981+0000] {logging_mixin.py:154} INFO - [2023-12-03T11:28:20.981+0000] {dagbag.py:536} INFO - Filling up the DagBag from /home/airflow/.local/lib/python3.8/site-packages/airflow/example_dags/example_short_circuit_decorator.py
[2023-12-03T11:28:20.989+0000] {processor.py:839} INFO - DAG(s) dict_keys(['example_short_circuit_decorator']) retrieved from /home/airflow/.local/lib/python3.8/site-packages/airflow/example_dags/example_short_circuit_decorator.py
[2023-12-03T11:28:21.009+0000] {logging_mixin.py:154} INFO - [2023-12-03T11:28:21.009+0000] {dag.py:2941} INFO - Sync 1 DAGs
[2023-12-03T11:28:21.025+0000] {logging_mixin.py:154} INFO - [2023-12-03T11:28:21.025+0000] {dag.py:3722} INFO - Setting next_dagrun for example_short_circuit_decorator to 2023-12-02T11:28:21.025063+00:00, run_after=2023-12-03T11:28:21.025063+00:00
[2023-12-03T11:28:21.039+0000] {processor.py:179} INFO - Processing /home/airflow/.local/lib/python3.8/site-packages/airflow/example_dags/example_short_circuit_decorator.py took 0.064 seconds
[2023-12-03T12:09:30.441+0000] {processor.py:157} INFO - Started process (PID=2986) to work on /home/airflow/.local/lib/python3.8/site-packages/airflow/example_dags/example_short_circuit_decorator.py
[2023-12-03T12:09:30.443+0000] {processor.py:829} INFO - Processing file /home/airflow/.local/lib/python3.8/site-packages/airflow/example_dags/example_short_circuit_decorator.py for tasks to queue
[2023-12-03T12:09:30.445+0000] {logging_mixin.py:154} INFO - [2023-12-03T12:09:30.445+0000] {dagbag.py:536} INFO - Filling up the DagBag from /home/airflow/.local/lib/python3.8/site-packages/airflow/example_dags/example_short_circuit_decorator.py
[2023-12-03T12:09:30.453+0000] {processor.py:839} INFO - DAG(s) dict_keys(['example_short_circuit_decorator']) retrieved from /home/airflow/.local/lib/python3.8/site-packages/airflow/example_dags/example_short_circuit_decorator.py
[2023-12-03T12:09:30.473+0000] {logging_mixin.py:154} INFO - [2023-12-03T12:09:30.473+0000] {dag.py:2941} INFO - Sync 1 DAGs
[2023-12-03T12:09:30.493+0000] {logging_mixin.py:154} INFO - [2023-12-03T12:09:30.493+0000] {dag.py:3722} INFO - Setting next_dagrun for example_short_circuit_decorator to 2023-12-02T12:09:30.492860+00:00, run_after=2023-12-03T12:09:30.492860+00:00
[2023-12-03T12:09:30.513+0000] {processor.py:179} INFO - Processing /home/airflow/.local/lib/python3.8/site-packages/airflow/example_dags/example_short_circuit_decorator.py took 0.075 seconds
[2023-12-03T12:27:32.865+0000] {processor.py:157} INFO - Started process (PID=3044) to work on /home/airflow/.local/lib/python3.8/site-packages/airflow/example_dags/example_short_circuit_decorator.py
[2023-12-03T12:27:32.867+0000] {processor.py:829} INFO - Processing file /home/airflow/.local/lib/python3.8/site-packages/airflow/example_dags/example_short_circuit_decorator.py for tasks to queue
[2023-12-03T12:27:32.869+0000] {logging_mixin.py:154} INFO - [2023-12-03T12:27:32.869+0000] {dagbag.py:536} INFO - Filling up the DagBag from /home/airflow/.local/lib/python3.8/site-packages/airflow/example_dags/example_short_circuit_decorator.py
[2023-12-03T12:27:32.878+0000] {processor.py:839} INFO - DAG(s) dict_keys(['example_short_circuit_decorator']) retrieved from /home/airflow/.local/lib/python3.8/site-packages/airflow/example_dags/example_short_circuit_decorator.py
[2023-12-03T12:27:32.896+0000] {logging_mixin.py:154} INFO - [2023-12-03T12:27:32.896+0000] {dag.py:2941} INFO - Sync 1 DAGs
[2023-12-03T12:27:32.912+0000] {logging_mixin.py:154} INFO - [2023-12-03T12:27:32.912+0000] {dag.py:3722} INFO - Setting next_dagrun for example_short_circuit_decorator to 2023-12-02T12:27:32.911980+00:00, run_after=2023-12-03T12:27:32.911980+00:00
[2023-12-03T12:27:32.927+0000] {processor.py:179} INFO - Processing /home/airflow/.local/lib/python3.8/site-packages/airflow/example_dags/example_short_circuit_decorator.py took 0.065 seconds
[2023-12-03T12:44:56.190+0000] {processor.py:157} INFO - Started process (PID=3102) to work on /home/airflow/.local/lib/python3.8/site-packages/airflow/example_dags/example_short_circuit_decorator.py
[2023-12-03T12:44:56.191+0000] {processor.py:829} INFO - Processing file /home/airflow/.local/lib/python3.8/site-packages/airflow/example_dags/example_short_circuit_decorator.py for tasks to queue
[2023-12-03T12:44:56.193+0000] {logging_mixin.py:154} INFO - [2023-12-03T12:44:56.193+0000] {dagbag.py:536} INFO - Filling up the DagBag from /home/airflow/.local/lib/python3.8/site-packages/airflow/example_dags/example_short_circuit_decorator.py
[2023-12-03T12:44:56.202+0000] {processor.py:839} INFO - DAG(s) dict_keys(['example_short_circuit_decorator']) retrieved from /home/airflow/.local/lib/python3.8/site-packages/airflow/example_dags/example_short_circuit_decorator.py
[2023-12-03T12:44:56.222+0000] {logging_mixin.py:154} INFO - [2023-12-03T12:44:56.222+0000] {dag.py:2941} INFO - Sync 1 DAGs
[2023-12-03T12:44:56.241+0000] {logging_mixin.py:154} INFO - [2023-12-03T12:44:56.241+0000] {dag.py:3722} INFO - Setting next_dagrun for example_short_circuit_decorator to 2023-12-02T12:44:56.240776+00:00, run_after=2023-12-03T12:44:56.240776+00:00
[2023-12-03T12:44:56.255+0000] {processor.py:179} INFO - Processing /home/airflow/.local/lib/python3.8/site-packages/airflow/example_dags/example_short_circuit_decorator.py took 0.068 seconds
[2023-12-03T13:35:11.573+0000] {processor.py:157} INFO - Started process (PID=3160) to work on /home/airflow/.local/lib/python3.8/site-packages/airflow/example_dags/example_short_circuit_decorator.py
[2023-12-03T13:35:11.575+0000] {processor.py:829} INFO - Processing file /home/airflow/.local/lib/python3.8/site-packages/airflow/example_dags/example_short_circuit_decorator.py for tasks to queue
[2023-12-03T13:35:11.578+0000] {logging_mixin.py:154} INFO - [2023-12-03T13:35:11.577+0000] {dagbag.py:536} INFO - Filling up the DagBag from /home/airflow/.local/lib/python3.8/site-packages/airflow/example_dags/example_short_circuit_decorator.py
[2023-12-03T13:35:11.586+0000] {processor.py:839} INFO - DAG(s) dict_keys(['example_short_circuit_decorator']) retrieved from /home/airflow/.local/lib/python3.8/site-packages/airflow/example_dags/example_short_circuit_decorator.py
[2023-12-03T13:35:11.607+0000] {logging_mixin.py:154} INFO - [2023-12-03T13:35:11.606+0000] {dag.py:2941} INFO - Sync 1 DAGs
[2023-12-03T13:35:11.622+0000] {logging_mixin.py:154} INFO - [2023-12-03T13:35:11.622+0000] {dag.py:3722} INFO - Setting next_dagrun for example_short_circuit_decorator to 2023-12-02T13:35:11.622171+00:00, run_after=2023-12-03T13:35:11.622171+00:00
[2023-12-03T13:35:11.635+0000] {processor.py:179} INFO - Processing /home/airflow/.local/lib/python3.8/site-packages/airflow/example_dags/example_short_circuit_decorator.py took 0.065 seconds
[2023-12-03T14:27:25.574+0000] {processor.py:157} INFO - Started process (PID=3218) to work on /home/airflow/.local/lib/python3.8/site-packages/airflow/example_dags/example_short_circuit_decorator.py
[2023-12-03T14:27:25.575+0000] {processor.py:829} INFO - Processing file /home/airflow/.local/lib/python3.8/site-packages/airflow/example_dags/example_short_circuit_decorator.py for tasks to queue
[2023-12-03T14:27:25.578+0000] {logging_mixin.py:154} INFO - [2023-12-03T14:27:25.578+0000] {dagbag.py:536} INFO - Filling up the DagBag from /home/airflow/.local/lib/python3.8/site-packages/airflow/example_dags/example_short_circuit_decorator.py
[2023-12-03T14:27:25.588+0000] {processor.py:839} INFO - DAG(s) dict_keys(['example_short_circuit_decorator']) retrieved from /home/airflow/.local/lib/python3.8/site-packages/airflow/example_dags/example_short_circuit_decorator.py
[2023-12-03T14:27:25.607+0000] {logging_mixin.py:154} INFO - [2023-12-03T14:27:25.607+0000] {dag.py:2941} INFO - Sync 1 DAGs
[2023-12-03T14:27:25.625+0000] {logging_mixin.py:154} INFO - [2023-12-03T14:27:25.625+0000] {dag.py:3722} INFO - Setting next_dagrun for example_short_circuit_decorator to 2023-12-02T14:27:25.624999+00:00, run_after=2023-12-03T14:27:25.624999+00:00
[2023-12-03T14:27:25.638+0000] {processor.py:179} INFO - Processing /home/airflow/.local/lib/python3.8/site-packages/airflow/example_dags/example_short_circuit_decorator.py took 0.068 seconds
[2023-12-03T15:18:34.031+0000] {processor.py:157} INFO - Started process (PID=3276) to work on /home/airflow/.local/lib/python3.8/site-packages/airflow/example_dags/example_short_circuit_decorator.py
[2023-12-03T15:18:34.032+0000] {processor.py:829} INFO - Processing file /home/airflow/.local/lib/python3.8/site-packages/airflow/example_dags/example_short_circuit_decorator.py for tasks to queue
[2023-12-03T15:18:34.036+0000] {logging_mixin.py:154} INFO - [2023-12-03T15:18:34.035+0000] {dagbag.py:536} INFO - Filling up the DagBag from /home/airflow/.local/lib/python3.8/site-packages/airflow/example_dags/example_short_circuit_decorator.py
[2023-12-03T15:18:34.043+0000] {processor.py:839} INFO - DAG(s) dict_keys(['example_short_circuit_decorator']) retrieved from /home/airflow/.local/lib/python3.8/site-packages/airflow/example_dags/example_short_circuit_decorator.py
[2023-12-03T15:18:34.069+0000] {logging_mixin.py:154} INFO - [2023-12-03T15:18:34.068+0000] {dag.py:2941} INFO - Sync 1 DAGs
[2023-12-03T15:18:34.086+0000] {logging_mixin.py:154} INFO - [2023-12-03T15:18:34.086+0000] {dag.py:3722} INFO - Setting next_dagrun for example_short_circuit_decorator to 2023-12-02T15:18:34.085908+00:00, run_after=2023-12-03T15:18:34.085908+00:00
[2023-12-03T15:18:34.098+0000] {processor.py:179} INFO - Processing /home/airflow/.local/lib/python3.8/site-packages/airflow/example_dags/example_short_circuit_decorator.py took 0.071 seconds
[2023-12-03T16:07:34.258+0000] {processor.py:157} INFO - Started process (PID=3334) to work on /home/airflow/.local/lib/python3.8/site-packages/airflow/example_dags/example_short_circuit_decorator.py
[2023-12-03T16:07:34.259+0000] {processor.py:829} INFO - Processing file /home/airflow/.local/lib/python3.8/site-packages/airflow/example_dags/example_short_circuit_decorator.py for tasks to queue
[2023-12-03T16:07:34.261+0000] {logging_mixin.py:154} INFO - [2023-12-03T16:07:34.261+0000] {dagbag.py:536} INFO - Filling up the DagBag from /home/airflow/.local/lib/python3.8/site-packages/airflow/example_dags/example_short_circuit_decorator.py
[2023-12-03T16:07:34.270+0000] {processor.py:839} INFO - DAG(s) dict_keys(['example_short_circuit_decorator']) retrieved from /home/airflow/.local/lib/python3.8/site-packages/airflow/example_dags/example_short_circuit_decorator.py
[2023-12-03T16:07:34.287+0000] {logging_mixin.py:154} INFO - [2023-12-03T16:07:34.287+0000] {dag.py:2941} INFO - Sync 1 DAGs
[2023-12-03T16:07:34.303+0000] {logging_mixin.py:154} INFO - [2023-12-03T16:07:34.302+0000] {dag.py:3722} INFO - Setting next_dagrun for example_short_circuit_decorator to 2023-12-02T16:07:34.302753+00:00, run_after=2023-12-03T16:07:34.302753+00:00
[2023-12-03T16:07:34.319+0000] {processor.py:179} INFO - Processing /home/airflow/.local/lib/python3.8/site-packages/airflow/example_dags/example_short_circuit_decorator.py took 0.065 seconds
[2023-12-03T16:58:05.199+0000] {processor.py:157} INFO - Started process (PID=3392) to work on /home/airflow/.local/lib/python3.8/site-packages/airflow/example_dags/example_short_circuit_decorator.py
[2023-12-03T16:58:05.202+0000] {processor.py:829} INFO - Processing file /home/airflow/.local/lib/python3.8/site-packages/airflow/example_dags/example_short_circuit_decorator.py for tasks to queue
[2023-12-03T16:58:05.204+0000] {logging_mixin.py:154} INFO - [2023-12-03T16:58:05.204+0000] {dagbag.py:536} INFO - Filling up the DagBag from /home/airflow/.local/lib/python3.8/site-packages/airflow/example_dags/example_short_circuit_decorator.py
[2023-12-03T16:58:05.213+0000] {processor.py:839} INFO - DAG(s) dict_keys(['example_short_circuit_decorator']) retrieved from /home/airflow/.local/lib/python3.8/site-packages/airflow/example_dags/example_short_circuit_decorator.py
[2023-12-03T16:58:05.231+0000] {logging_mixin.py:154} INFO - [2023-12-03T16:58:05.231+0000] {dag.py:2941} INFO - Sync 1 DAGs
[2023-12-03T16:58:05.245+0000] {logging_mixin.py:154} INFO - [2023-12-03T16:58:05.245+0000] {dag.py:3722} INFO - Setting next_dagrun for example_short_circuit_decorator to 2023-12-02T16:58:05.245378+00:00, run_after=2023-12-03T16:58:05.245378+00:00
[2023-12-03T16:58:05.259+0000] {processor.py:179} INFO - Processing /home/airflow/.local/lib/python3.8/site-packages/airflow/example_dags/example_short_circuit_decorator.py took 0.063 seconds
[2023-12-03T17:46:23.445+0000] {processor.py:157} INFO - Started process (PID=3450) to work on /home/airflow/.local/lib/python3.8/site-packages/airflow/example_dags/example_short_circuit_decorator.py
[2023-12-03T17:46:23.445+0000] {processor.py:829} INFO - Processing file /home/airflow/.local/lib/python3.8/site-packages/airflow/example_dags/example_short_circuit_decorator.py for tasks to queue
[2023-12-03T17:46:23.449+0000] {logging_mixin.py:154} INFO - [2023-12-03T17:46:23.448+0000] {dagbag.py:536} INFO - Filling up the DagBag from /home/airflow/.local/lib/python3.8/site-packages/airflow/example_dags/example_short_circuit_decorator.py
[2023-12-03T17:46:23.456+0000] {processor.py:839} INFO - DAG(s) dict_keys(['example_short_circuit_decorator']) retrieved from /home/airflow/.local/lib/python3.8/site-packages/airflow/example_dags/example_short_circuit_decorator.py
[2023-12-03T17:46:23.475+0000] {logging_mixin.py:154} INFO - [2023-12-03T17:46:23.475+0000] {dag.py:2941} INFO - Sync 1 DAGs
[2023-12-03T17:46:23.488+0000] {logging_mixin.py:154} INFO - [2023-12-03T17:46:23.488+0000] {dag.py:3722} INFO - Setting next_dagrun for example_short_circuit_decorator to 2023-12-02T17:46:23.488112+00:00, run_after=2023-12-03T17:46:23.488112+00:00
[2023-12-03T17:46:23.501+0000] {processor.py:179} INFO - Processing /home/airflow/.local/lib/python3.8/site-packages/airflow/example_dags/example_short_circuit_decorator.py took 0.060 seconds
[2023-12-03T18:33:43.011+0000] {processor.py:157} INFO - Started process (PID=3508) to work on /home/airflow/.local/lib/python3.8/site-packages/airflow/example_dags/example_short_circuit_decorator.py
[2023-12-03T18:33:43.012+0000] {processor.py:829} INFO - Processing file /home/airflow/.local/lib/python3.8/site-packages/airflow/example_dags/example_short_circuit_decorator.py for tasks to queue
[2023-12-03T18:33:43.014+0000] {logging_mixin.py:154} INFO - [2023-12-03T18:33:43.014+0000] {dagbag.py:536} INFO - Filling up the DagBag from /home/airflow/.local/lib/python3.8/site-packages/airflow/example_dags/example_short_circuit_decorator.py
[2023-12-03T18:33:43.022+0000] {processor.py:839} INFO - DAG(s) dict_keys(['example_short_circuit_decorator']) retrieved from /home/airflow/.local/lib/python3.8/site-packages/airflow/example_dags/example_short_circuit_decorator.py
[2023-12-03T18:33:43.042+0000] {logging_mixin.py:154} INFO - [2023-12-03T18:33:43.042+0000] {dag.py:2941} INFO - Sync 1 DAGs
[2023-12-03T18:33:43.069+0000] {logging_mixin.py:154} INFO - [2023-12-03T18:33:43.069+0000] {dag.py:3722} INFO - Setting next_dagrun for example_short_circuit_decorator to 2023-12-02T18:33:43.069182+00:00, run_after=2023-12-03T18:33:43.069182+00:00
[2023-12-03T18:33:43.092+0000] {processor.py:179} INFO - Processing /home/airflow/.local/lib/python3.8/site-packages/airflow/example_dags/example_short_circuit_decorator.py took 0.085 seconds
[2023-12-03T19:06:27.778+0000] {processor.py:157} INFO - Started process (PID=3566) to work on /home/airflow/.local/lib/python3.8/site-packages/airflow/example_dags/example_short_circuit_decorator.py
[2023-12-03T19:06:27.779+0000] {processor.py:829} INFO - Processing file /home/airflow/.local/lib/python3.8/site-packages/airflow/example_dags/example_short_circuit_decorator.py for tasks to queue
[2023-12-03T19:06:27.782+0000] {logging_mixin.py:154} INFO - [2023-12-03T19:06:27.782+0000] {dagbag.py:536} INFO - Filling up the DagBag from /home/airflow/.local/lib/python3.8/site-packages/airflow/example_dags/example_short_circuit_decorator.py
[2023-12-03T19:06:27.789+0000] {processor.py:839} INFO - DAG(s) dict_keys(['example_short_circuit_decorator']) retrieved from /home/airflow/.local/lib/python3.8/site-packages/airflow/example_dags/example_short_circuit_decorator.py
[2023-12-03T19:06:27.808+0000] {logging_mixin.py:154} INFO - [2023-12-03T19:06:27.808+0000] {dag.py:2941} INFO - Sync 1 DAGs
[2023-12-03T19:06:27.823+0000] {logging_mixin.py:154} INFO - [2023-12-03T19:06:27.822+0000] {dag.py:3722} INFO - Setting next_dagrun for example_short_circuit_decorator to 2023-12-02T19:06:27.822572+00:00, run_after=2023-12-03T19:06:27.822572+00:00
[2023-12-03T19:06:27.837+0000] {processor.py:179} INFO - Processing /home/airflow/.local/lib/python3.8/site-packages/airflow/example_dags/example_short_circuit_decorator.py took 0.062 seconds
[2023-12-03T19:22:02.667+0000] {processor.py:157} INFO - Started process (PID=3623) to work on /home/airflow/.local/lib/python3.8/site-packages/airflow/example_dags/example_short_circuit_decorator.py
[2023-12-03T19:22:02.668+0000] {processor.py:829} INFO - Processing file /home/airflow/.local/lib/python3.8/site-packages/airflow/example_dags/example_short_circuit_decorator.py for tasks to queue
[2023-12-03T19:22:02.671+0000] {logging_mixin.py:154} INFO - [2023-12-03T19:22:02.671+0000] {dagbag.py:536} INFO - Filling up the DagBag from /home/airflow/.local/lib/python3.8/site-packages/airflow/example_dags/example_short_circuit_decorator.py
[2023-12-03T19:22:02.680+0000] {processor.py:839} INFO - DAG(s) dict_keys(['example_short_circuit_decorator']) retrieved from /home/airflow/.local/lib/python3.8/site-packages/airflow/example_dags/example_short_circuit_decorator.py
[2023-12-03T19:22:02.702+0000] {logging_mixin.py:154} INFO - [2023-12-03T19:22:02.702+0000] {dag.py:2941} INFO - Sync 1 DAGs
[2023-12-03T19:22:02.717+0000] {logging_mixin.py:154} INFO - [2023-12-03T19:22:02.716+0000] {dag.py:3722} INFO - Setting next_dagrun for example_short_circuit_decorator to 2023-12-02T19:22:02.716647+00:00, run_after=2023-12-03T19:22:02.716647+00:00
[2023-12-03T19:22:02.732+0000] {processor.py:179} INFO - Processing /home/airflow/.local/lib/python3.8/site-packages/airflow/example_dags/example_short_circuit_decorator.py took 0.067 seconds
[2023-12-03T20:11:34.871+0000] {processor.py:157} INFO - Started process (PID=3681) to work on /home/airflow/.local/lib/python3.8/site-packages/airflow/example_dags/example_short_circuit_decorator.py
[2023-12-03T20:11:34.872+0000] {processor.py:829} INFO - Processing file /home/airflow/.local/lib/python3.8/site-packages/airflow/example_dags/example_short_circuit_decorator.py for tasks to queue
[2023-12-03T20:11:34.874+0000] {logging_mixin.py:154} INFO - [2023-12-03T20:11:34.874+0000] {dagbag.py:536} INFO - Filling up the DagBag from /home/airflow/.local/lib/python3.8/site-packages/airflow/example_dags/example_short_circuit_decorator.py
[2023-12-03T20:11:34.883+0000] {processor.py:839} INFO - DAG(s) dict_keys(['example_short_circuit_decorator']) retrieved from /home/airflow/.local/lib/python3.8/site-packages/airflow/example_dags/example_short_circuit_decorator.py
[2023-12-03T20:11:34.913+0000] {logging_mixin.py:154} INFO - [2023-12-03T20:11:34.912+0000] {dag.py:2941} INFO - Sync 1 DAGs
[2023-12-03T20:11:34.933+0000] {logging_mixin.py:154} INFO - [2023-12-03T20:11:34.933+0000] {dag.py:3722} INFO - Setting next_dagrun for example_short_circuit_decorator to 2023-12-02T20:11:34.932774+00:00, run_after=2023-12-03T20:11:34.932774+00:00
[2023-12-03T20:11:34.961+0000] {processor.py:179} INFO - Processing /home/airflow/.local/lib/python3.8/site-packages/airflow/example_dags/example_short_circuit_decorator.py took 0.094 seconds
[2023-12-03T21:36:34.902+0000] {processor.py:157} INFO - Started process (PID=3739) to work on /home/airflow/.local/lib/python3.8/site-packages/airflow/example_dags/example_short_circuit_decorator.py
[2023-12-03T21:36:34.903+0000] {processor.py:829} INFO - Processing file /home/airflow/.local/lib/python3.8/site-packages/airflow/example_dags/example_short_circuit_decorator.py for tasks to queue
[2023-12-03T21:36:34.908+0000] {logging_mixin.py:154} INFO - [2023-12-03T21:36:34.908+0000] {dagbag.py:536} INFO - Filling up the DagBag from /home/airflow/.local/lib/python3.8/site-packages/airflow/example_dags/example_short_circuit_decorator.py
[2023-12-03T21:36:34.920+0000] {processor.py:839} INFO - DAG(s) dict_keys(['example_short_circuit_decorator']) retrieved from /home/airflow/.local/lib/python3.8/site-packages/airflow/example_dags/example_short_circuit_decorator.py
[2023-12-03T21:36:34.951+0000] {logging_mixin.py:154} INFO - [2023-12-03T21:36:34.951+0000] {dag.py:2941} INFO - Sync 1 DAGs
[2023-12-03T21:36:35.088+0000] {logging_mixin.py:154} INFO - [2023-12-03T21:36:35.088+0000] {dag.py:3722} INFO - Setting next_dagrun for example_short_circuit_decorator to 2023-12-02T21:36:35.088173+00:00, run_after=2023-12-03T21:36:35.088173+00:00
[2023-12-03T21:36:35.117+0000] {processor.py:179} INFO - Processing /home/airflow/.local/lib/python3.8/site-packages/airflow/example_dags/example_short_circuit_decorator.py took 0.217 seconds
[2023-12-03T22:57:32.449+0000] {processor.py:157} INFO - Started process (PID=3797) to work on /home/airflow/.local/lib/python3.8/site-packages/airflow/example_dags/example_short_circuit_decorator.py
[2023-12-03T22:57:32.450+0000] {processor.py:829} INFO - Processing file /home/airflow/.local/lib/python3.8/site-packages/airflow/example_dags/example_short_circuit_decorator.py for tasks to queue
[2023-12-03T22:57:32.453+0000] {logging_mixin.py:154} INFO - [2023-12-03T22:57:32.452+0000] {dagbag.py:536} INFO - Filling up the DagBag from /home/airflow/.local/lib/python3.8/site-packages/airflow/example_dags/example_short_circuit_decorator.py
[2023-12-03T22:57:32.461+0000] {processor.py:839} INFO - DAG(s) dict_keys(['example_short_circuit_decorator']) retrieved from /home/airflow/.local/lib/python3.8/site-packages/airflow/example_dags/example_short_circuit_decorator.py
[2023-12-03T22:57:32.479+0000] {logging_mixin.py:154} INFO - [2023-12-03T22:57:32.479+0000] {dag.py:2941} INFO - Sync 1 DAGs
[2023-12-03T22:57:32.498+0000] {logging_mixin.py:154} INFO - [2023-12-03T22:57:32.498+0000] {dag.py:3722} INFO - Setting next_dagrun for example_short_circuit_decorator to 2023-12-02T22:57:32.498218+00:00, run_after=2023-12-03T22:57:32.498218+00:00
[2023-12-03T22:57:32.513+0000] {processor.py:179} INFO - Processing /home/airflow/.local/lib/python3.8/site-packages/airflow/example_dags/example_short_circuit_decorator.py took 0.068 seconds
[2023-12-03T23:13:11.314+0000] {processor.py:157} INFO - Started process (PID=3848) to work on /home/airflow/.local/lib/python3.8/site-packages/airflow/example_dags/example_short_circuit_decorator.py
[2023-12-03T23:13:11.315+0000] {processor.py:829} INFO - Processing file /home/airflow/.local/lib/python3.8/site-packages/airflow/example_dags/example_short_circuit_decorator.py for tasks to queue
[2023-12-03T23:13:11.318+0000] {logging_mixin.py:154} INFO - [2023-12-03T23:13:11.318+0000] {dagbag.py:536} INFO - Filling up the DagBag from /home/airflow/.local/lib/python3.8/site-packages/airflow/example_dags/example_short_circuit_decorator.py
[2023-12-03T23:13:11.326+0000] {processor.py:839} INFO - DAG(s) dict_keys(['example_short_circuit_decorator']) retrieved from /home/airflow/.local/lib/python3.8/site-packages/airflow/example_dags/example_short_circuit_decorator.py
[2023-12-03T23:13:11.344+0000] {logging_mixin.py:154} INFO - [2023-12-03T23:13:11.344+0000] {dag.py:2941} INFO - Sync 1 DAGs
[2023-12-03T23:13:11.358+0000] {logging_mixin.py:154} INFO - [2023-12-03T23:13:11.358+0000] {dag.py:3722} INFO - Setting next_dagrun for example_short_circuit_decorator to 2023-12-02T23:13:11.357979+00:00, run_after=2023-12-03T23:13:11.357979+00:00
[2023-12-03T23:13:11.374+0000] {processor.py:179} INFO - Processing /home/airflow/.local/lib/python3.8/site-packages/airflow/example_dags/example_short_circuit_decorator.py took 0.063 seconds
[2023-12-03T23:22:19.745+0000] {processor.py:157} INFO - Started process (PID=3906) to work on /home/airflow/.local/lib/python3.8/site-packages/airflow/example_dags/example_short_circuit_decorator.py
[2023-12-03T23:22:19.746+0000] {processor.py:829} INFO - Processing file /home/airflow/.local/lib/python3.8/site-packages/airflow/example_dags/example_short_circuit_decorator.py for tasks to queue
[2023-12-03T23:22:19.748+0000] {logging_mixin.py:154} INFO - [2023-12-03T23:22:19.748+0000] {dagbag.py:536} INFO - Filling up the DagBag from /home/airflow/.local/lib/python3.8/site-packages/airflow/example_dags/example_short_circuit_decorator.py
[2023-12-03T23:22:19.756+0000] {processor.py:839} INFO - DAG(s) dict_keys(['example_short_circuit_decorator']) retrieved from /home/airflow/.local/lib/python3.8/site-packages/airflow/example_dags/example_short_circuit_decorator.py
[2023-12-03T23:22:19.775+0000] {logging_mixin.py:154} INFO - [2023-12-03T23:22:19.775+0000] {dag.py:2941} INFO - Sync 1 DAGs
[2023-12-03T23:22:19.792+0000] {logging_mixin.py:154} INFO - [2023-12-03T23:22:19.792+0000] {dag.py:3722} INFO - Setting next_dagrun for example_short_circuit_decorator to 2023-12-02T23:22:19.792622+00:00, run_after=2023-12-03T23:22:19.792622+00:00
[2023-12-03T23:22:19.807+0000] {processor.py:179} INFO - Processing /home/airflow/.local/lib/python3.8/site-packages/airflow/example_dags/example_short_circuit_decorator.py took 0.066 seconds
