[2023-12-03T09:43:23.338+0000] {processor.py:157} INFO - Started process (PID=52) to work on /home/airflow/.local/lib/python3.8/site-packages/airflow/example_dags/example_branch_labels.py
[2023-12-03T09:43:23.339+0000] {processor.py:829} INFO - Processing file /home/airflow/.local/lib/python3.8/site-packages/airflow/example_dags/example_branch_labels.py for tasks to queue
[2023-12-03T09:43:23.342+0000] {logging_mixin.py:154} INFO - [2023-12-03T09:43:23.342+0000] {dagbag.py:536} INFO - Filling up the DagBag from /home/airflow/.local/lib/python3.8/site-packages/airflow/example_dags/example_branch_labels.py
[2023-12-03T09:43:23.359+0000] {processor.py:839} INFO - DAG(s) dict_keys(['example_branch_labels']) retrieved from /home/airflow/.local/lib/python3.8/site-packages/airflow/example_dags/example_branch_labels.py
[2023-12-03T09:43:23.376+0000] {logging_mixin.py:154} INFO - [2023-12-03T09:43:23.376+0000] {dag.py:2941} INFO - Sync 1 DAGs
[2023-12-03T09:43:23.408+0000] {logging_mixin.py:154} INFO - [2023-12-03T09:43:23.408+0000] {dag.py:3722} INFO - Setting next_dagrun for example_branch_labels to 2023-12-02T00:00:00+00:00, run_after=2023-12-03T00:00:00+00:00
[2023-12-03T09:43:23.435+0000] {processor.py:179} INFO - Processing /home/airflow/.local/lib/python3.8/site-packages/airflow/example_dags/example_branch_labels.py took 0.101 seconds
[2023-12-03T09:43:54.006+0000] {processor.py:157} INFO - Started process (PID=110) to work on /home/airflow/.local/lib/python3.8/site-packages/airflow/example_dags/example_branch_labels.py
[2023-12-03T09:43:54.007+0000] {processor.py:829} INFO - Processing file /home/airflow/.local/lib/python3.8/site-packages/airflow/example_dags/example_branch_labels.py for tasks to queue
[2023-12-03T09:43:54.010+0000] {logging_mixin.py:154} INFO - [2023-12-03T09:43:54.009+0000] {dagbag.py:536} INFO - Filling up the DagBag from /home/airflow/.local/lib/python3.8/site-packages/airflow/example_dags/example_branch_labels.py
[2023-12-03T09:43:54.018+0000] {processor.py:839} INFO - DAG(s) dict_keys(['example_branch_labels']) retrieved from /home/airflow/.local/lib/python3.8/site-packages/airflow/example_dags/example_branch_labels.py
[2023-12-03T09:43:54.041+0000] {logging_mixin.py:154} INFO - [2023-12-03T09:43:54.041+0000] {dag.py:2941} INFO - Sync 1 DAGs
[2023-12-03T09:43:54.065+0000] {logging_mixin.py:154} INFO - [2023-12-03T09:43:54.065+0000] {dag.py:3722} INFO - Setting next_dagrun for example_branch_labels to 2023-12-02T00:00:00+00:00, run_after=2023-12-03T00:00:00+00:00
[2023-12-03T09:43:54.081+0000] {processor.py:179} INFO - Processing /home/airflow/.local/lib/python3.8/site-packages/airflow/example_dags/example_branch_labels.py took 0.078 seconds
[2023-12-03T09:44:25.005+0000] {processor.py:157} INFO - Started process (PID=167) to work on /home/airflow/.local/lib/python3.8/site-packages/airflow/example_dags/example_branch_labels.py
[2023-12-03T09:44:25.006+0000] {processor.py:829} INFO - Processing file /home/airflow/.local/lib/python3.8/site-packages/airflow/example_dags/example_branch_labels.py for tasks to queue
[2023-12-03T09:44:25.008+0000] {logging_mixin.py:154} INFO - [2023-12-03T09:44:25.008+0000] {dagbag.py:536} INFO - Filling up the DagBag from /home/airflow/.local/lib/python3.8/site-packages/airflow/example_dags/example_branch_labels.py
[2023-12-03T09:44:25.016+0000] {processor.py:839} INFO - DAG(s) dict_keys(['example_branch_labels']) retrieved from /home/airflow/.local/lib/python3.8/site-packages/airflow/example_dags/example_branch_labels.py
[2023-12-03T09:44:25.039+0000] {logging_mixin.py:154} INFO - [2023-12-03T09:44:25.039+0000] {dag.py:2941} INFO - Sync 1 DAGs
[2023-12-03T09:44:25.059+0000] {logging_mixin.py:154} INFO - [2023-12-03T09:44:25.059+0000] {dag.py:3722} INFO - Setting next_dagrun for example_branch_labels to 2023-12-02T00:00:00+00:00, run_after=2023-12-03T00:00:00+00:00
[2023-12-03T09:44:25.075+0000] {processor.py:179} INFO - Processing /home/airflow/.local/lib/python3.8/site-packages/airflow/example_dags/example_branch_labels.py took 0.074 seconds
[2023-12-03T09:44:56.089+0000] {processor.py:157} INFO - Started process (PID=225) to work on /home/airflow/.local/lib/python3.8/site-packages/airflow/example_dags/example_branch_labels.py
[2023-12-03T09:44:56.090+0000] {processor.py:829} INFO - Processing file /home/airflow/.local/lib/python3.8/site-packages/airflow/example_dags/example_branch_labels.py for tasks to queue
[2023-12-03T09:44:56.092+0000] {logging_mixin.py:154} INFO - [2023-12-03T09:44:56.092+0000] {dagbag.py:536} INFO - Filling up the DagBag from /home/airflow/.local/lib/python3.8/site-packages/airflow/example_dags/example_branch_labels.py
[2023-12-03T09:44:56.100+0000] {processor.py:839} INFO - DAG(s) dict_keys(['example_branch_labels']) retrieved from /home/airflow/.local/lib/python3.8/site-packages/airflow/example_dags/example_branch_labels.py
[2023-12-03T09:44:56.122+0000] {logging_mixin.py:154} INFO - [2023-12-03T09:44:56.122+0000] {dag.py:2941} INFO - Sync 1 DAGs
[2023-12-03T09:44:56.144+0000] {logging_mixin.py:154} INFO - [2023-12-03T09:44:56.143+0000] {dag.py:3722} INFO - Setting next_dagrun for example_branch_labels to 2023-12-02T00:00:00+00:00, run_after=2023-12-03T00:00:00+00:00
[2023-12-03T09:44:56.158+0000] {processor.py:179} INFO - Processing /home/airflow/.local/lib/python3.8/site-packages/airflow/example_dags/example_branch_labels.py took 0.073 seconds
[2023-12-03T09:45:26.682+0000] {processor.py:157} INFO - Started process (PID=282) to work on /home/airflow/.local/lib/python3.8/site-packages/airflow/example_dags/example_branch_labels.py
[2023-12-03T09:45:26.684+0000] {processor.py:829} INFO - Processing file /home/airflow/.local/lib/python3.8/site-packages/airflow/example_dags/example_branch_labels.py for tasks to queue
[2023-12-03T09:45:26.686+0000] {logging_mixin.py:154} INFO - [2023-12-03T09:45:26.686+0000] {dagbag.py:536} INFO - Filling up the DagBag from /home/airflow/.local/lib/python3.8/site-packages/airflow/example_dags/example_branch_labels.py
[2023-12-03T09:45:26.694+0000] {processor.py:839} INFO - DAG(s) dict_keys(['example_branch_labels']) retrieved from /home/airflow/.local/lib/python3.8/site-packages/airflow/example_dags/example_branch_labels.py
[2023-12-03T09:45:26.721+0000] {logging_mixin.py:154} INFO - [2023-12-03T09:45:26.721+0000] {dag.py:2941} INFO - Sync 1 DAGs
[2023-12-03T09:45:26.745+0000] {logging_mixin.py:154} INFO - [2023-12-03T09:45:26.744+0000] {dag.py:3722} INFO - Setting next_dagrun for example_branch_labels to 2023-12-02T00:00:00+00:00, run_after=2023-12-03T00:00:00+00:00
[2023-12-03T09:45:26.770+0000] {processor.py:179} INFO - Processing /home/airflow/.local/lib/python3.8/site-packages/airflow/example_dags/example_branch_labels.py took 0.092 seconds
[2023-12-03T09:45:57.298+0000] {processor.py:157} INFO - Started process (PID=342) to work on /home/airflow/.local/lib/python3.8/site-packages/airflow/example_dags/example_branch_labels.py
[2023-12-03T09:45:57.299+0000] {processor.py:829} INFO - Processing file /home/airflow/.local/lib/python3.8/site-packages/airflow/example_dags/example_branch_labels.py for tasks to queue
[2023-12-03T09:45:57.301+0000] {logging_mixin.py:154} INFO - [2023-12-03T09:45:57.301+0000] {dagbag.py:536} INFO - Filling up the DagBag from /home/airflow/.local/lib/python3.8/site-packages/airflow/example_dags/example_branch_labels.py
[2023-12-03T09:45:57.310+0000] {processor.py:839} INFO - DAG(s) dict_keys(['example_branch_labels']) retrieved from /home/airflow/.local/lib/python3.8/site-packages/airflow/example_dags/example_branch_labels.py
[2023-12-03T09:45:57.329+0000] {logging_mixin.py:154} INFO - [2023-12-03T09:45:57.328+0000] {dag.py:2941} INFO - Sync 1 DAGs
[2023-12-03T09:45:57.349+0000] {logging_mixin.py:154} INFO - [2023-12-03T09:45:57.348+0000] {dag.py:3722} INFO - Setting next_dagrun for example_branch_labels to 2023-12-02T00:00:00+00:00, run_after=2023-12-03T00:00:00+00:00
[2023-12-03T09:45:57.364+0000] {processor.py:179} INFO - Processing /home/airflow/.local/lib/python3.8/site-packages/airflow/example_dags/example_branch_labels.py took 0.071 seconds
[2023-12-03T09:46:27.905+0000] {processor.py:157} INFO - Started process (PID=400) to work on /home/airflow/.local/lib/python3.8/site-packages/airflow/example_dags/example_branch_labels.py
[2023-12-03T09:46:27.906+0000] {processor.py:829} INFO - Processing file /home/airflow/.local/lib/python3.8/site-packages/airflow/example_dags/example_branch_labels.py for tasks to queue
[2023-12-03T09:46:27.909+0000] {logging_mixin.py:154} INFO - [2023-12-03T09:46:27.909+0000] {dagbag.py:536} INFO - Filling up the DagBag from /home/airflow/.local/lib/python3.8/site-packages/airflow/example_dags/example_branch_labels.py
[2023-12-03T09:46:27.917+0000] {processor.py:839} INFO - DAG(s) dict_keys(['example_branch_labels']) retrieved from /home/airflow/.local/lib/python3.8/site-packages/airflow/example_dags/example_branch_labels.py
[2023-12-03T09:46:27.941+0000] {logging_mixin.py:154} INFO - [2023-12-03T09:46:27.941+0000] {dag.py:2941} INFO - Sync 1 DAGs
[2023-12-03T09:46:27.977+0000] {logging_mixin.py:154} INFO - [2023-12-03T09:46:27.977+0000] {dag.py:3722} INFO - Setting next_dagrun for example_branch_labels to 2023-12-02T00:00:00+00:00, run_after=2023-12-03T00:00:00+00:00
[2023-12-03T09:46:27.991+0000] {processor.py:179} INFO - Processing /home/airflow/.local/lib/python3.8/site-packages/airflow/example_dags/example_branch_labels.py took 0.091 seconds
[2023-12-03T09:46:58.982+0000] {processor.py:157} INFO - Started process (PID=458) to work on /home/airflow/.local/lib/python3.8/site-packages/airflow/example_dags/example_branch_labels.py
[2023-12-03T09:46:58.983+0000] {processor.py:829} INFO - Processing file /home/airflow/.local/lib/python3.8/site-packages/airflow/example_dags/example_branch_labels.py for tasks to queue
[2023-12-03T09:46:58.986+0000] {logging_mixin.py:154} INFO - [2023-12-03T09:46:58.986+0000] {dagbag.py:536} INFO - Filling up the DagBag from /home/airflow/.local/lib/python3.8/site-packages/airflow/example_dags/example_branch_labels.py
[2023-12-03T09:46:58.996+0000] {processor.py:839} INFO - DAG(s) dict_keys(['example_branch_labels']) retrieved from /home/airflow/.local/lib/python3.8/site-packages/airflow/example_dags/example_branch_labels.py
[2023-12-03T09:46:59.022+0000] {logging_mixin.py:154} INFO - [2023-12-03T09:46:59.022+0000] {dag.py:2941} INFO - Sync 1 DAGs
[2023-12-03T09:46:59.050+0000] {logging_mixin.py:154} INFO - [2023-12-03T09:46:59.049+0000] {dag.py:3722} INFO - Setting next_dagrun for example_branch_labels to 2023-12-02T00:00:00+00:00, run_after=2023-12-03T00:00:00+00:00
[2023-12-03T09:46:59.070+0000] {processor.py:179} INFO - Processing /home/airflow/.local/lib/python3.8/site-packages/airflow/example_dags/example_branch_labels.py took 0.093 seconds
[2023-12-03T09:47:29.763+0000] {processor.py:157} INFO - Started process (PID=516) to work on /home/airflow/.local/lib/python3.8/site-packages/airflow/example_dags/example_branch_labels.py
[2023-12-03T09:47:29.764+0000] {processor.py:829} INFO - Processing file /home/airflow/.local/lib/python3.8/site-packages/airflow/example_dags/example_branch_labels.py for tasks to queue
[2023-12-03T09:47:29.767+0000] {logging_mixin.py:154} INFO - [2023-12-03T09:47:29.767+0000] {dagbag.py:536} INFO - Filling up the DagBag from /home/airflow/.local/lib/python3.8/site-packages/airflow/example_dags/example_branch_labels.py
[2023-12-03T09:47:29.777+0000] {processor.py:839} INFO - DAG(s) dict_keys(['example_branch_labels']) retrieved from /home/airflow/.local/lib/python3.8/site-packages/airflow/example_dags/example_branch_labels.py
[2023-12-03T09:47:29.800+0000] {logging_mixin.py:154} INFO - [2023-12-03T09:47:29.800+0000] {dag.py:2941} INFO - Sync 1 DAGs
[2023-12-03T09:47:29.825+0000] {logging_mixin.py:154} INFO - [2023-12-03T09:47:29.825+0000] {dag.py:3722} INFO - Setting next_dagrun for example_branch_labels to 2023-12-02T00:00:00+00:00, run_after=2023-12-03T00:00:00+00:00
[2023-12-03T09:47:29.841+0000] {processor.py:179} INFO - Processing /home/airflow/.local/lib/python3.8/site-packages/airflow/example_dags/example_branch_labels.py took 0.082 seconds
[2023-12-03T09:47:59.867+0000] {processor.py:157} INFO - Started process (PID=572) to work on /home/airflow/.local/lib/python3.8/site-packages/airflow/example_dags/example_branch_labels.py
[2023-12-03T09:47:59.868+0000] {processor.py:829} INFO - Processing file /home/airflow/.local/lib/python3.8/site-packages/airflow/example_dags/example_branch_labels.py for tasks to queue
[2023-12-03T09:47:59.871+0000] {logging_mixin.py:154} INFO - [2023-12-03T09:47:59.871+0000] {dagbag.py:536} INFO - Filling up the DagBag from /home/airflow/.local/lib/python3.8/site-packages/airflow/example_dags/example_branch_labels.py
[2023-12-03T09:47:59.879+0000] {processor.py:839} INFO - DAG(s) dict_keys(['example_branch_labels']) retrieved from /home/airflow/.local/lib/python3.8/site-packages/airflow/example_dags/example_branch_labels.py
[2023-12-03T09:47:59.899+0000] {logging_mixin.py:154} INFO - [2023-12-03T09:47:59.898+0000] {dag.py:2941} INFO - Sync 1 DAGs
[2023-12-03T09:47:59.918+0000] {logging_mixin.py:154} INFO - [2023-12-03T09:47:59.917+0000] {dag.py:3722} INFO - Setting next_dagrun for example_branch_labels to 2023-12-02T00:00:00+00:00, run_after=2023-12-03T00:00:00+00:00
[2023-12-03T09:47:59.934+0000] {processor.py:179} INFO - Processing /home/airflow/.local/lib/python3.8/site-packages/airflow/example_dags/example_branch_labels.py took 0.072 seconds
[2023-12-03T09:48:30.855+0000] {processor.py:157} INFO - Started process (PID=629) to work on /home/airflow/.local/lib/python3.8/site-packages/airflow/example_dags/example_branch_labels.py
[2023-12-03T09:48:30.856+0000] {processor.py:829} INFO - Processing file /home/airflow/.local/lib/python3.8/site-packages/airflow/example_dags/example_branch_labels.py for tasks to queue
[2023-12-03T09:48:30.858+0000] {logging_mixin.py:154} INFO - [2023-12-03T09:48:30.858+0000] {dagbag.py:536} INFO - Filling up the DagBag from /home/airflow/.local/lib/python3.8/site-packages/airflow/example_dags/example_branch_labels.py
[2023-12-03T09:48:30.864+0000] {processor.py:839} INFO - DAG(s) dict_keys(['example_branch_labels']) retrieved from /home/airflow/.local/lib/python3.8/site-packages/airflow/example_dags/example_branch_labels.py
[2023-12-03T09:48:30.879+0000] {logging_mixin.py:154} INFO - [2023-12-03T09:48:30.879+0000] {dag.py:2941} INFO - Sync 1 DAGs
[2023-12-03T09:48:30.895+0000] {logging_mixin.py:154} INFO - [2023-12-03T09:48:30.895+0000] {dag.py:3722} INFO - Setting next_dagrun for example_branch_labels to 2023-12-02T00:00:00+00:00, run_after=2023-12-03T00:00:00+00:00
[2023-12-03T09:48:30.908+0000] {processor.py:179} INFO - Processing /home/airflow/.local/lib/python3.8/site-packages/airflow/example_dags/example_branch_labels.py took 0.056 seconds
[2023-12-03T09:49:01.823+0000] {processor.py:157} INFO - Started process (PID=687) to work on /home/airflow/.local/lib/python3.8/site-packages/airflow/example_dags/example_branch_labels.py
[2023-12-03T09:49:01.824+0000] {processor.py:829} INFO - Processing file /home/airflow/.local/lib/python3.8/site-packages/airflow/example_dags/example_branch_labels.py for tasks to queue
[2023-12-03T09:49:01.827+0000] {logging_mixin.py:154} INFO - [2023-12-03T09:49:01.826+0000] {dagbag.py:536} INFO - Filling up the DagBag from /home/airflow/.local/lib/python3.8/site-packages/airflow/example_dags/example_branch_labels.py
[2023-12-03T09:49:01.834+0000] {processor.py:839} INFO - DAG(s) dict_keys(['example_branch_labels']) retrieved from /home/airflow/.local/lib/python3.8/site-packages/airflow/example_dags/example_branch_labels.py
[2023-12-03T09:49:01.852+0000] {logging_mixin.py:154} INFO - [2023-12-03T09:49:01.852+0000] {dag.py:2941} INFO - Sync 1 DAGs
[2023-12-03T09:49:01.871+0000] {logging_mixin.py:154} INFO - [2023-12-03T09:49:01.871+0000] {dag.py:3722} INFO - Setting next_dagrun for example_branch_labels to 2023-12-02T00:00:00+00:00, run_after=2023-12-03T00:00:00+00:00
[2023-12-03T09:49:01.884+0000] {processor.py:179} INFO - Processing /home/airflow/.local/lib/python3.8/site-packages/airflow/example_dags/example_branch_labels.py took 0.064 seconds
[2023-12-03T09:49:32.681+0000] {processor.py:157} INFO - Started process (PID=745) to work on /home/airflow/.local/lib/python3.8/site-packages/airflow/example_dags/example_branch_labels.py
[2023-12-03T09:49:32.683+0000] {processor.py:829} INFO - Processing file /home/airflow/.local/lib/python3.8/site-packages/airflow/example_dags/example_branch_labels.py for tasks to queue
[2023-12-03T09:49:32.686+0000] {logging_mixin.py:154} INFO - [2023-12-03T09:49:32.686+0000] {dagbag.py:536} INFO - Filling up the DagBag from /home/airflow/.local/lib/python3.8/site-packages/airflow/example_dags/example_branch_labels.py
[2023-12-03T09:49:32.694+0000] {processor.py:839} INFO - DAG(s) dict_keys(['example_branch_labels']) retrieved from /home/airflow/.local/lib/python3.8/site-packages/airflow/example_dags/example_branch_labels.py
[2023-12-03T09:49:32.710+0000] {logging_mixin.py:154} INFO - [2023-12-03T09:49:32.710+0000] {dag.py:2941} INFO - Sync 1 DAGs
[2023-12-03T09:49:32.726+0000] {logging_mixin.py:154} INFO - [2023-12-03T09:49:32.726+0000] {dag.py:3722} INFO - Setting next_dagrun for example_branch_labels to 2023-12-02T00:00:00+00:00, run_after=2023-12-03T00:00:00+00:00
[2023-12-03T09:49:32.737+0000] {processor.py:179} INFO - Processing /home/airflow/.local/lib/python3.8/site-packages/airflow/example_dags/example_branch_labels.py took 0.059 seconds
[2023-12-03T09:50:02.993+0000] {processor.py:157} INFO - Started process (PID=803) to work on /home/airflow/.local/lib/python3.8/site-packages/airflow/example_dags/example_branch_labels.py
[2023-12-03T09:50:02.994+0000] {processor.py:829} INFO - Processing file /home/airflow/.local/lib/python3.8/site-packages/airflow/example_dags/example_branch_labels.py for tasks to queue
[2023-12-03T09:50:02.996+0000] {logging_mixin.py:154} INFO - [2023-12-03T09:50:02.996+0000] {dagbag.py:536} INFO - Filling up the DagBag from /home/airflow/.local/lib/python3.8/site-packages/airflow/example_dags/example_branch_labels.py
[2023-12-03T09:50:03.003+0000] {processor.py:839} INFO - DAG(s) dict_keys(['example_branch_labels']) retrieved from /home/airflow/.local/lib/python3.8/site-packages/airflow/example_dags/example_branch_labels.py
[2023-12-03T09:50:03.021+0000] {logging_mixin.py:154} INFO - [2023-12-03T09:50:03.021+0000] {dag.py:2941} INFO - Sync 1 DAGs
[2023-12-03T09:50:03.039+0000] {logging_mixin.py:154} INFO - [2023-12-03T09:50:03.039+0000] {dag.py:3722} INFO - Setting next_dagrun for example_branch_labels to 2023-12-02T00:00:00+00:00, run_after=2023-12-03T00:00:00+00:00
[2023-12-03T09:50:03.051+0000] {processor.py:179} INFO - Processing /home/airflow/.local/lib/python3.8/site-packages/airflow/example_dags/example_branch_labels.py took 0.063 seconds
[2023-12-03T09:50:33.269+0000] {processor.py:157} INFO - Started process (PID=861) to work on /home/airflow/.local/lib/python3.8/site-packages/airflow/example_dags/example_branch_labels.py
[2023-12-03T09:50:33.270+0000] {processor.py:829} INFO - Processing file /home/airflow/.local/lib/python3.8/site-packages/airflow/example_dags/example_branch_labels.py for tasks to queue
[2023-12-03T09:50:33.273+0000] {logging_mixin.py:154} INFO - [2023-12-03T09:50:33.273+0000] {dagbag.py:536} INFO - Filling up the DagBag from /home/airflow/.local/lib/python3.8/site-packages/airflow/example_dags/example_branch_labels.py
[2023-12-03T09:50:33.282+0000] {processor.py:839} INFO - DAG(s) dict_keys(['example_branch_labels']) retrieved from /home/airflow/.local/lib/python3.8/site-packages/airflow/example_dags/example_branch_labels.py
[2023-12-03T09:50:33.307+0000] {logging_mixin.py:154} INFO - [2023-12-03T09:50:33.306+0000] {dag.py:2941} INFO - Sync 1 DAGs
[2023-12-03T09:50:33.339+0000] {logging_mixin.py:154} INFO - [2023-12-03T09:50:33.339+0000] {dag.py:3722} INFO - Setting next_dagrun for example_branch_labels to 2023-12-02T00:00:00+00:00, run_after=2023-12-03T00:00:00+00:00
[2023-12-03T09:50:33.360+0000] {processor.py:179} INFO - Processing /home/airflow/.local/lib/python3.8/site-packages/airflow/example_dags/example_branch_labels.py took 0.095 seconds
[2023-12-03T09:51:03.416+0000] {processor.py:157} INFO - Started process (PID=919) to work on /home/airflow/.local/lib/python3.8/site-packages/airflow/example_dags/example_branch_labels.py
[2023-12-03T09:51:03.417+0000] {processor.py:829} INFO - Processing file /home/airflow/.local/lib/python3.8/site-packages/airflow/example_dags/example_branch_labels.py for tasks to queue
[2023-12-03T09:51:03.419+0000] {logging_mixin.py:154} INFO - [2023-12-03T09:51:03.419+0000] {dagbag.py:536} INFO - Filling up the DagBag from /home/airflow/.local/lib/python3.8/site-packages/airflow/example_dags/example_branch_labels.py
[2023-12-03T09:51:03.427+0000] {processor.py:839} INFO - DAG(s) dict_keys(['example_branch_labels']) retrieved from /home/airflow/.local/lib/python3.8/site-packages/airflow/example_dags/example_branch_labels.py
[2023-12-03T09:51:03.448+0000] {logging_mixin.py:154} INFO - [2023-12-03T09:51:03.448+0000] {dag.py:2941} INFO - Sync 1 DAGs
[2023-12-03T09:51:03.470+0000] {logging_mixin.py:154} INFO - [2023-12-03T09:51:03.470+0000] {dag.py:3722} INFO - Setting next_dagrun for example_branch_labels to 2023-12-02T00:00:00+00:00, run_after=2023-12-03T00:00:00+00:00
[2023-12-03T09:51:03.487+0000] {processor.py:179} INFO - Processing /home/airflow/.local/lib/python3.8/site-packages/airflow/example_dags/example_branch_labels.py took 0.076 seconds
[2023-12-03T09:51:34.428+0000] {processor.py:157} INFO - Started process (PID=984) to work on /home/airflow/.local/lib/python3.8/site-packages/airflow/example_dags/example_branch_labels.py
[2023-12-03T09:51:34.429+0000] {processor.py:829} INFO - Processing file /home/airflow/.local/lib/python3.8/site-packages/airflow/example_dags/example_branch_labels.py for tasks to queue
[2023-12-03T09:51:34.432+0000] {logging_mixin.py:154} INFO - [2023-12-03T09:51:34.431+0000] {dagbag.py:536} INFO - Filling up the DagBag from /home/airflow/.local/lib/python3.8/site-packages/airflow/example_dags/example_branch_labels.py
[2023-12-03T09:51:34.440+0000] {processor.py:839} INFO - DAG(s) dict_keys(['example_branch_labels']) retrieved from /home/airflow/.local/lib/python3.8/site-packages/airflow/example_dags/example_branch_labels.py
[2023-12-03T09:51:34.461+0000] {logging_mixin.py:154} INFO - [2023-12-03T09:51:34.461+0000] {dag.py:2941} INFO - Sync 1 DAGs
[2023-12-03T09:51:34.485+0000] {logging_mixin.py:154} INFO - [2023-12-03T09:51:34.485+0000] {dag.py:3722} INFO - Setting next_dagrun for example_branch_labels to 2023-12-02T00:00:00+00:00, run_after=2023-12-03T00:00:00+00:00
[2023-12-03T09:51:34.503+0000] {processor.py:179} INFO - Processing /home/airflow/.local/lib/python3.8/site-packages/airflow/example_dags/example_branch_labels.py took 0.080 seconds
[2023-12-03T09:52:05.395+0000] {processor.py:157} INFO - Started process (PID=1042) to work on /home/airflow/.local/lib/python3.8/site-packages/airflow/example_dags/example_branch_labels.py
[2023-12-03T09:52:05.397+0000] {processor.py:829} INFO - Processing file /home/airflow/.local/lib/python3.8/site-packages/airflow/example_dags/example_branch_labels.py for tasks to queue
[2023-12-03T09:52:05.399+0000] {logging_mixin.py:154} INFO - [2023-12-03T09:52:05.399+0000] {dagbag.py:536} INFO - Filling up the DagBag from /home/airflow/.local/lib/python3.8/site-packages/airflow/example_dags/example_branch_labels.py
[2023-12-03T09:52:05.408+0000] {processor.py:839} INFO - DAG(s) dict_keys(['example_branch_labels']) retrieved from /home/airflow/.local/lib/python3.8/site-packages/airflow/example_dags/example_branch_labels.py
[2023-12-03T09:52:05.427+0000] {logging_mixin.py:154} INFO - [2023-12-03T09:52:05.427+0000] {dag.py:2941} INFO - Sync 1 DAGs
[2023-12-03T09:52:05.444+0000] {logging_mixin.py:154} INFO - [2023-12-03T09:52:05.444+0000] {dag.py:3722} INFO - Setting next_dagrun for example_branch_labels to 2023-12-02T00:00:00+00:00, run_after=2023-12-03T00:00:00+00:00
[2023-12-03T09:52:05.458+0000] {processor.py:179} INFO - Processing /home/airflow/.local/lib/python3.8/site-packages/airflow/example_dags/example_branch_labels.py took 0.067 seconds
[2023-12-03T09:52:35.516+0000] {processor.py:157} INFO - Started process (PID=1100) to work on /home/airflow/.local/lib/python3.8/site-packages/airflow/example_dags/example_branch_labels.py
[2023-12-03T09:52:35.517+0000] {processor.py:829} INFO - Processing file /home/airflow/.local/lib/python3.8/site-packages/airflow/example_dags/example_branch_labels.py for tasks to queue
[2023-12-03T09:52:35.520+0000] {logging_mixin.py:154} INFO - [2023-12-03T09:52:35.520+0000] {dagbag.py:536} INFO - Filling up the DagBag from /home/airflow/.local/lib/python3.8/site-packages/airflow/example_dags/example_branch_labels.py
[2023-12-03T09:52:35.529+0000] {processor.py:839} INFO - DAG(s) dict_keys(['example_branch_labels']) retrieved from /home/airflow/.local/lib/python3.8/site-packages/airflow/example_dags/example_branch_labels.py
[2023-12-03T09:52:35.546+0000] {logging_mixin.py:154} INFO - [2023-12-03T09:52:35.546+0000] {dag.py:2941} INFO - Sync 1 DAGs
[2023-12-03T09:52:35.566+0000] {logging_mixin.py:154} INFO - [2023-12-03T09:52:35.566+0000] {dag.py:3722} INFO - Setting next_dagrun for example_branch_labels to 2023-12-02T00:00:00+00:00, run_after=2023-12-03T00:00:00+00:00
[2023-12-03T09:52:35.581+0000] {processor.py:179} INFO - Processing /home/airflow/.local/lib/python3.8/site-packages/airflow/example_dags/example_branch_labels.py took 0.070 seconds
[2023-12-03T09:53:05.857+0000] {processor.py:157} INFO - Started process (PID=1158) to work on /home/airflow/.local/lib/python3.8/site-packages/airflow/example_dags/example_branch_labels.py
[2023-12-03T09:53:05.858+0000] {processor.py:829} INFO - Processing file /home/airflow/.local/lib/python3.8/site-packages/airflow/example_dags/example_branch_labels.py for tasks to queue
[2023-12-03T09:53:05.861+0000] {logging_mixin.py:154} INFO - [2023-12-03T09:53:05.861+0000] {dagbag.py:536} INFO - Filling up the DagBag from /home/airflow/.local/lib/python3.8/site-packages/airflow/example_dags/example_branch_labels.py
[2023-12-03T09:53:05.868+0000] {processor.py:839} INFO - DAG(s) dict_keys(['example_branch_labels']) retrieved from /home/airflow/.local/lib/python3.8/site-packages/airflow/example_dags/example_branch_labels.py
[2023-12-03T09:53:05.886+0000] {logging_mixin.py:154} INFO - [2023-12-03T09:53:05.886+0000] {dag.py:2941} INFO - Sync 1 DAGs
[2023-12-03T09:53:05.903+0000] {logging_mixin.py:154} INFO - [2023-12-03T09:53:05.902+0000] {dag.py:3722} INFO - Setting next_dagrun for example_branch_labels to 2023-12-02T00:00:00+00:00, run_after=2023-12-03T00:00:00+00:00
[2023-12-03T09:53:05.915+0000] {processor.py:179} INFO - Processing /home/airflow/.local/lib/python3.8/site-packages/airflow/example_dags/example_branch_labels.py took 0.063 seconds
[2023-12-03T09:53:36.118+0000] {processor.py:157} INFO - Started process (PID=1216) to work on /home/airflow/.local/lib/python3.8/site-packages/airflow/example_dags/example_branch_labels.py
[2023-12-03T09:53:36.120+0000] {processor.py:829} INFO - Processing file /home/airflow/.local/lib/python3.8/site-packages/airflow/example_dags/example_branch_labels.py for tasks to queue
[2023-12-03T09:53:36.122+0000] {logging_mixin.py:154} INFO - [2023-12-03T09:53:36.122+0000] {dagbag.py:536} INFO - Filling up the DagBag from /home/airflow/.local/lib/python3.8/site-packages/airflow/example_dags/example_branch_labels.py
[2023-12-03T09:53:36.131+0000] {processor.py:839} INFO - DAG(s) dict_keys(['example_branch_labels']) retrieved from /home/airflow/.local/lib/python3.8/site-packages/airflow/example_dags/example_branch_labels.py
[2023-12-03T09:53:36.151+0000] {logging_mixin.py:154} INFO - [2023-12-03T09:53:36.151+0000] {dag.py:2941} INFO - Sync 1 DAGs
[2023-12-03T09:53:36.170+0000] {logging_mixin.py:154} INFO - [2023-12-03T09:53:36.170+0000] {dag.py:3722} INFO - Setting next_dagrun for example_branch_labels to 2023-12-02T00:00:00+00:00, run_after=2023-12-03T00:00:00+00:00
[2023-12-03T09:53:36.184+0000] {processor.py:179} INFO - Processing /home/airflow/.local/lib/python3.8/site-packages/airflow/example_dags/example_branch_labels.py took 0.070 seconds
[2023-12-03T09:54:06.438+0000] {processor.py:157} INFO - Started process (PID=1274) to work on /home/airflow/.local/lib/python3.8/site-packages/airflow/example_dags/example_branch_labels.py
[2023-12-03T09:54:06.439+0000] {processor.py:829} INFO - Processing file /home/airflow/.local/lib/python3.8/site-packages/airflow/example_dags/example_branch_labels.py for tasks to queue
[2023-12-03T09:54:06.442+0000] {logging_mixin.py:154} INFO - [2023-12-03T09:54:06.442+0000] {dagbag.py:536} INFO - Filling up the DagBag from /home/airflow/.local/lib/python3.8/site-packages/airflow/example_dags/example_branch_labels.py
[2023-12-03T09:54:06.450+0000] {processor.py:839} INFO - DAG(s) dict_keys(['example_branch_labels']) retrieved from /home/airflow/.local/lib/python3.8/site-packages/airflow/example_dags/example_branch_labels.py
[2023-12-03T09:54:06.473+0000] {logging_mixin.py:154} INFO - [2023-12-03T09:54:06.473+0000] {dag.py:2941} INFO - Sync 1 DAGs
[2023-12-03T09:54:06.496+0000] {logging_mixin.py:154} INFO - [2023-12-03T09:54:06.496+0000] {dag.py:3722} INFO - Setting next_dagrun for example_branch_labels to 2023-12-02T00:00:00+00:00, run_after=2023-12-03T00:00:00+00:00
[2023-12-03T09:54:06.510+0000] {processor.py:179} INFO - Processing /home/airflow/.local/lib/python3.8/site-packages/airflow/example_dags/example_branch_labels.py took 0.078 seconds
[2023-12-03T09:54:36.939+0000] {processor.py:157} INFO - Started process (PID=1332) to work on /home/airflow/.local/lib/python3.8/site-packages/airflow/example_dags/example_branch_labels.py
[2023-12-03T09:54:36.941+0000] {processor.py:829} INFO - Processing file /home/airflow/.local/lib/python3.8/site-packages/airflow/example_dags/example_branch_labels.py for tasks to queue
[2023-12-03T09:54:36.945+0000] {logging_mixin.py:154} INFO - [2023-12-03T09:54:36.945+0000] {dagbag.py:536} INFO - Filling up the DagBag from /home/airflow/.local/lib/python3.8/site-packages/airflow/example_dags/example_branch_labels.py
[2023-12-03T09:54:36.954+0000] {processor.py:839} INFO - DAG(s) dict_keys(['example_branch_labels']) retrieved from /home/airflow/.local/lib/python3.8/site-packages/airflow/example_dags/example_branch_labels.py
[2023-12-03T09:54:36.976+0000] {logging_mixin.py:154} INFO - [2023-12-03T09:54:36.976+0000] {dag.py:2941} INFO - Sync 1 DAGs
[2023-12-03T09:54:36.998+0000] {logging_mixin.py:154} INFO - [2023-12-03T09:54:36.998+0000] {dag.py:3722} INFO - Setting next_dagrun for example_branch_labels to 2023-12-02T00:00:00+00:00, run_after=2023-12-03T00:00:00+00:00
[2023-12-03T09:54:37.011+0000] {processor.py:179} INFO - Processing /home/airflow/.local/lib/python3.8/site-packages/airflow/example_dags/example_branch_labels.py took 0.076 seconds
[2023-12-03T09:55:07.253+0000] {processor.py:157} INFO - Started process (PID=1390) to work on /home/airflow/.local/lib/python3.8/site-packages/airflow/example_dags/example_branch_labels.py
[2023-12-03T09:55:07.254+0000] {processor.py:829} INFO - Processing file /home/airflow/.local/lib/python3.8/site-packages/airflow/example_dags/example_branch_labels.py for tasks to queue
[2023-12-03T09:55:07.257+0000] {logging_mixin.py:154} INFO - [2023-12-03T09:55:07.257+0000] {dagbag.py:536} INFO - Filling up the DagBag from /home/airflow/.local/lib/python3.8/site-packages/airflow/example_dags/example_branch_labels.py
[2023-12-03T09:55:07.265+0000] {processor.py:839} INFO - DAG(s) dict_keys(['example_branch_labels']) retrieved from /home/airflow/.local/lib/python3.8/site-packages/airflow/example_dags/example_branch_labels.py
[2023-12-03T09:55:07.284+0000] {logging_mixin.py:154} INFO - [2023-12-03T09:55:07.283+0000] {dag.py:2941} INFO - Sync 1 DAGs
[2023-12-03T09:55:07.304+0000] {logging_mixin.py:154} INFO - [2023-12-03T09:55:07.304+0000] {dag.py:3722} INFO - Setting next_dagrun for example_branch_labels to 2023-12-02T00:00:00+00:00, run_after=2023-12-03T00:00:00+00:00
[2023-12-03T09:55:07.319+0000] {processor.py:179} INFO - Processing /home/airflow/.local/lib/python3.8/site-packages/airflow/example_dags/example_branch_labels.py took 0.070 seconds
[2023-12-03T09:55:37.767+0000] {processor.py:157} INFO - Started process (PID=1449) to work on /home/airflow/.local/lib/python3.8/site-packages/airflow/example_dags/example_branch_labels.py
[2023-12-03T09:55:37.768+0000] {processor.py:829} INFO - Processing file /home/airflow/.local/lib/python3.8/site-packages/airflow/example_dags/example_branch_labels.py for tasks to queue
[2023-12-03T09:55:37.771+0000] {logging_mixin.py:154} INFO - [2023-12-03T09:55:37.771+0000] {dagbag.py:536} INFO - Filling up the DagBag from /home/airflow/.local/lib/python3.8/site-packages/airflow/example_dags/example_branch_labels.py
[2023-12-03T09:55:37.782+0000] {processor.py:839} INFO - DAG(s) dict_keys(['example_branch_labels']) retrieved from /home/airflow/.local/lib/python3.8/site-packages/airflow/example_dags/example_branch_labels.py
[2023-12-03T09:55:37.804+0000] {logging_mixin.py:154} INFO - [2023-12-03T09:55:37.803+0000] {dag.py:2941} INFO - Sync 1 DAGs
[2023-12-03T09:55:37.826+0000] {logging_mixin.py:154} INFO - [2023-12-03T09:55:37.826+0000] {dag.py:3722} INFO - Setting next_dagrun for example_branch_labels to 2023-12-02T00:00:00+00:00, run_after=2023-12-03T00:00:00+00:00
[2023-12-03T09:55:37.840+0000] {processor.py:179} INFO - Processing /home/airflow/.local/lib/python3.8/site-packages/airflow/example_dags/example_branch_labels.py took 0.077 seconds
[2023-12-03T09:56:08.088+0000] {processor.py:157} INFO - Started process (PID=1511) to work on /home/airflow/.local/lib/python3.8/site-packages/airflow/example_dags/example_branch_labels.py
[2023-12-03T09:56:08.089+0000] {processor.py:829} INFO - Processing file /home/airflow/.local/lib/python3.8/site-packages/airflow/example_dags/example_branch_labels.py for tasks to queue
[2023-12-03T09:56:08.091+0000] {logging_mixin.py:154} INFO - [2023-12-03T09:56:08.091+0000] {dagbag.py:536} INFO - Filling up the DagBag from /home/airflow/.local/lib/python3.8/site-packages/airflow/example_dags/example_branch_labels.py
[2023-12-03T09:56:08.100+0000] {processor.py:839} INFO - DAG(s) dict_keys(['example_branch_labels']) retrieved from /home/airflow/.local/lib/python3.8/site-packages/airflow/example_dags/example_branch_labels.py
[2023-12-03T09:56:08.119+0000] {logging_mixin.py:154} INFO - [2023-12-03T09:56:08.119+0000] {dag.py:2941} INFO - Sync 1 DAGs
[2023-12-03T09:56:08.138+0000] {logging_mixin.py:154} INFO - [2023-12-03T09:56:08.138+0000] {dag.py:3722} INFO - Setting next_dagrun for example_branch_labels to 2023-12-02T00:00:00+00:00, run_after=2023-12-03T00:00:00+00:00
[2023-12-03T09:56:08.152+0000] {processor.py:179} INFO - Processing /home/airflow/.local/lib/python3.8/site-packages/airflow/example_dags/example_branch_labels.py took 0.069 seconds
[2023-12-03T09:56:39.001+0000] {processor.py:157} INFO - Started process (PID=1569) to work on /home/airflow/.local/lib/python3.8/site-packages/airflow/example_dags/example_branch_labels.py
[2023-12-03T09:56:39.002+0000] {processor.py:829} INFO - Processing file /home/airflow/.local/lib/python3.8/site-packages/airflow/example_dags/example_branch_labels.py for tasks to queue
[2023-12-03T09:56:39.005+0000] {logging_mixin.py:154} INFO - [2023-12-03T09:56:39.004+0000] {dagbag.py:536} INFO - Filling up the DagBag from /home/airflow/.local/lib/python3.8/site-packages/airflow/example_dags/example_branch_labels.py
[2023-12-03T09:56:39.011+0000] {processor.py:839} INFO - DAG(s) dict_keys(['example_branch_labels']) retrieved from /home/airflow/.local/lib/python3.8/site-packages/airflow/example_dags/example_branch_labels.py
[2023-12-03T09:56:39.029+0000] {logging_mixin.py:154} INFO - [2023-12-03T09:56:39.028+0000] {dag.py:2941} INFO - Sync 1 DAGs
[2023-12-03T09:56:39.046+0000] {logging_mixin.py:154} INFO - [2023-12-03T09:56:39.046+0000] {dag.py:3722} INFO - Setting next_dagrun for example_branch_labels to 2023-12-02T00:00:00+00:00, run_after=2023-12-03T00:00:00+00:00
[2023-12-03T09:56:39.058+0000] {processor.py:179} INFO - Processing /home/airflow/.local/lib/python3.8/site-packages/airflow/example_dags/example_branch_labels.py took 0.062 seconds
[2023-12-03T09:57:09.782+0000] {processor.py:157} INFO - Started process (PID=1627) to work on /home/airflow/.local/lib/python3.8/site-packages/airflow/example_dags/example_branch_labels.py
[2023-12-03T09:57:09.783+0000] {processor.py:829} INFO - Processing file /home/airflow/.local/lib/python3.8/site-packages/airflow/example_dags/example_branch_labels.py for tasks to queue
[2023-12-03T09:57:09.785+0000] {logging_mixin.py:154} INFO - [2023-12-03T09:57:09.785+0000] {dagbag.py:536} INFO - Filling up the DagBag from /home/airflow/.local/lib/python3.8/site-packages/airflow/example_dags/example_branch_labels.py
[2023-12-03T09:57:09.793+0000] {processor.py:839} INFO - DAG(s) dict_keys(['example_branch_labels']) retrieved from /home/airflow/.local/lib/python3.8/site-packages/airflow/example_dags/example_branch_labels.py
[2023-12-03T09:57:09.813+0000] {logging_mixin.py:154} INFO - [2023-12-03T09:57:09.813+0000] {dag.py:2941} INFO - Sync 1 DAGs
[2023-12-03T09:57:09.831+0000] {logging_mixin.py:154} INFO - [2023-12-03T09:57:09.831+0000] {dag.py:3722} INFO - Setting next_dagrun for example_branch_labels to 2023-12-02T00:00:00+00:00, run_after=2023-12-03T00:00:00+00:00
[2023-12-03T09:57:09.845+0000] {processor.py:179} INFO - Processing /home/airflow/.local/lib/python3.8/site-packages/airflow/example_dags/example_branch_labels.py took 0.067 seconds
[2023-12-03T09:57:40.033+0000] {processor.py:157} INFO - Started process (PID=1687) to work on /home/airflow/.local/lib/python3.8/site-packages/airflow/example_dags/example_branch_labels.py
[2023-12-03T09:57:40.034+0000] {processor.py:829} INFO - Processing file /home/airflow/.local/lib/python3.8/site-packages/airflow/example_dags/example_branch_labels.py for tasks to queue
[2023-12-03T09:57:40.037+0000] {logging_mixin.py:154} INFO - [2023-12-03T09:57:40.037+0000] {dagbag.py:536} INFO - Filling up the DagBag from /home/airflow/.local/lib/python3.8/site-packages/airflow/example_dags/example_branch_labels.py
[2023-12-03T09:57:40.045+0000] {processor.py:839} INFO - DAG(s) dict_keys(['example_branch_labels']) retrieved from /home/airflow/.local/lib/python3.8/site-packages/airflow/example_dags/example_branch_labels.py
[2023-12-03T09:57:40.064+0000] {logging_mixin.py:154} INFO - [2023-12-03T09:57:40.064+0000] {dag.py:2941} INFO - Sync 1 DAGs
[2023-12-03T09:57:40.084+0000] {logging_mixin.py:154} INFO - [2023-12-03T09:57:40.084+0000] {dag.py:3722} INFO - Setting next_dagrun for example_branch_labels to 2023-12-02T00:00:00+00:00, run_after=2023-12-03T00:00:00+00:00
[2023-12-03T09:57:40.105+0000] {processor.py:179} INFO - Processing /home/airflow/.local/lib/python3.8/site-packages/airflow/example_dags/example_branch_labels.py took 0.076 seconds
[2023-12-03T09:58:10.184+0000] {processor.py:157} INFO - Started process (PID=1745) to work on /home/airflow/.local/lib/python3.8/site-packages/airflow/example_dags/example_branch_labels.py
[2023-12-03T09:58:10.186+0000] {processor.py:829} INFO - Processing file /home/airflow/.local/lib/python3.8/site-packages/airflow/example_dags/example_branch_labels.py for tasks to queue
[2023-12-03T09:58:10.188+0000] {logging_mixin.py:154} INFO - [2023-12-03T09:58:10.188+0000] {dagbag.py:536} INFO - Filling up the DagBag from /home/airflow/.local/lib/python3.8/site-packages/airflow/example_dags/example_branch_labels.py
[2023-12-03T09:58:10.196+0000] {processor.py:839} INFO - DAG(s) dict_keys(['example_branch_labels']) retrieved from /home/airflow/.local/lib/python3.8/site-packages/airflow/example_dags/example_branch_labels.py
[2023-12-03T09:58:10.219+0000] {logging_mixin.py:154} INFO - [2023-12-03T09:58:10.219+0000] {dag.py:2941} INFO - Sync 1 DAGs
[2023-12-03T09:58:10.248+0000] {logging_mixin.py:154} INFO - [2023-12-03T09:58:10.248+0000] {dag.py:3722} INFO - Setting next_dagrun for example_branch_labels to 2023-12-02T00:00:00+00:00, run_after=2023-12-03T00:00:00+00:00
[2023-12-03T09:58:10.268+0000] {processor.py:179} INFO - Processing /home/airflow/.local/lib/python3.8/site-packages/airflow/example_dags/example_branch_labels.py took 0.089 seconds
[2023-12-03T09:58:40.575+0000] {processor.py:157} INFO - Started process (PID=1802) to work on /home/airflow/.local/lib/python3.8/site-packages/airflow/example_dags/example_branch_labels.py
[2023-12-03T09:58:40.576+0000] {processor.py:829} INFO - Processing file /home/airflow/.local/lib/python3.8/site-packages/airflow/example_dags/example_branch_labels.py for tasks to queue
[2023-12-03T09:58:40.579+0000] {logging_mixin.py:154} INFO - [2023-12-03T09:58:40.579+0000] {dagbag.py:536} INFO - Filling up the DagBag from /home/airflow/.local/lib/python3.8/site-packages/airflow/example_dags/example_branch_labels.py
[2023-12-03T09:58:40.588+0000] {processor.py:839} INFO - DAG(s) dict_keys(['example_branch_labels']) retrieved from /home/airflow/.local/lib/python3.8/site-packages/airflow/example_dags/example_branch_labels.py
[2023-12-03T09:58:40.608+0000] {logging_mixin.py:154} INFO - [2023-12-03T09:58:40.607+0000] {dag.py:2941} INFO - Sync 1 DAGs
[2023-12-03T09:58:40.628+0000] {logging_mixin.py:154} INFO - [2023-12-03T09:58:40.627+0000] {dag.py:3722} INFO - Setting next_dagrun for example_branch_labels to 2023-12-02T00:00:00+00:00, run_after=2023-12-03T00:00:00+00:00
[2023-12-03T09:58:40.642+0000] {processor.py:179} INFO - Processing /home/airflow/.local/lib/python3.8/site-packages/airflow/example_dags/example_branch_labels.py took 0.071 seconds
[2023-12-03T09:59:11.214+0000] {processor.py:157} INFO - Started process (PID=1860) to work on /home/airflow/.local/lib/python3.8/site-packages/airflow/example_dags/example_branch_labels.py
[2023-12-03T09:59:11.215+0000] {processor.py:829} INFO - Processing file /home/airflow/.local/lib/python3.8/site-packages/airflow/example_dags/example_branch_labels.py for tasks to queue
[2023-12-03T09:59:11.218+0000] {logging_mixin.py:154} INFO - [2023-12-03T09:59:11.218+0000] {dagbag.py:536} INFO - Filling up the DagBag from /home/airflow/.local/lib/python3.8/site-packages/airflow/example_dags/example_branch_labels.py
[2023-12-03T09:59:11.226+0000] {processor.py:839} INFO - DAG(s) dict_keys(['example_branch_labels']) retrieved from /home/airflow/.local/lib/python3.8/site-packages/airflow/example_dags/example_branch_labels.py
[2023-12-03T09:59:11.246+0000] {logging_mixin.py:154} INFO - [2023-12-03T09:59:11.245+0000] {dag.py:2941} INFO - Sync 1 DAGs
[2023-12-03T09:59:11.266+0000] {logging_mixin.py:154} INFO - [2023-12-03T09:59:11.265+0000] {dag.py:3722} INFO - Setting next_dagrun for example_branch_labels to 2023-12-02T00:00:00+00:00, run_after=2023-12-03T00:00:00+00:00
[2023-12-03T09:59:11.278+0000] {processor.py:179} INFO - Processing /home/airflow/.local/lib/python3.8/site-packages/airflow/example_dags/example_branch_labels.py took 0.069 seconds
[2023-12-03T09:59:42.150+0000] {processor.py:157} INFO - Started process (PID=1919) to work on /home/airflow/.local/lib/python3.8/site-packages/airflow/example_dags/example_branch_labels.py
[2023-12-03T09:59:42.151+0000] {processor.py:829} INFO - Processing file /home/airflow/.local/lib/python3.8/site-packages/airflow/example_dags/example_branch_labels.py for tasks to queue
[2023-12-03T09:59:42.153+0000] {logging_mixin.py:154} INFO - [2023-12-03T09:59:42.153+0000] {dagbag.py:536} INFO - Filling up the DagBag from /home/airflow/.local/lib/python3.8/site-packages/airflow/example_dags/example_branch_labels.py
[2023-12-03T09:59:42.162+0000] {processor.py:839} INFO - DAG(s) dict_keys(['example_branch_labels']) retrieved from /home/airflow/.local/lib/python3.8/site-packages/airflow/example_dags/example_branch_labels.py
[2023-12-03T09:59:42.181+0000] {logging_mixin.py:154} INFO - [2023-12-03T09:59:42.181+0000] {dag.py:2941} INFO - Sync 1 DAGs
[2023-12-03T09:59:42.201+0000] {logging_mixin.py:154} INFO - [2023-12-03T09:59:42.200+0000] {dag.py:3722} INFO - Setting next_dagrun for example_branch_labels to 2023-12-02T00:00:00+00:00, run_after=2023-12-03T00:00:00+00:00
[2023-12-03T09:59:42.213+0000] {processor.py:179} INFO - Processing /home/airflow/.local/lib/python3.8/site-packages/airflow/example_dags/example_branch_labels.py took 0.068 seconds
[2023-12-03T10:00:12.478+0000] {processor.py:157} INFO - Started process (PID=1979) to work on /home/airflow/.local/lib/python3.8/site-packages/airflow/example_dags/example_branch_labels.py
[2023-12-03T10:00:12.478+0000] {processor.py:829} INFO - Processing file /home/airflow/.local/lib/python3.8/site-packages/airflow/example_dags/example_branch_labels.py for tasks to queue
[2023-12-03T10:00:12.482+0000] {logging_mixin.py:154} INFO - [2023-12-03T10:00:12.481+0000] {dagbag.py:536} INFO - Filling up the DagBag from /home/airflow/.local/lib/python3.8/site-packages/airflow/example_dags/example_branch_labels.py
[2023-12-03T10:00:12.490+0000] {processor.py:839} INFO - DAG(s) dict_keys(['example_branch_labels']) retrieved from /home/airflow/.local/lib/python3.8/site-packages/airflow/example_dags/example_branch_labels.py
[2023-12-03T10:00:12.511+0000] {logging_mixin.py:154} INFO - [2023-12-03T10:00:12.511+0000] {dag.py:2941} INFO - Sync 1 DAGs
[2023-12-03T10:00:12.536+0000] {logging_mixin.py:154} INFO - [2023-12-03T10:00:12.535+0000] {dag.py:3722} INFO - Setting next_dagrun for example_branch_labels to 2023-12-02T00:00:00+00:00, run_after=2023-12-03T00:00:00+00:00
[2023-12-03T10:00:12.553+0000] {processor.py:179} INFO - Processing /home/airflow/.local/lib/python3.8/site-packages/airflow/example_dags/example_branch_labels.py took 0.079 seconds
[2023-12-03T10:00:42.630+0000] {processor.py:157} INFO - Started process (PID=2037) to work on /home/airflow/.local/lib/python3.8/site-packages/airflow/example_dags/example_branch_labels.py
[2023-12-03T10:00:42.631+0000] {processor.py:829} INFO - Processing file /home/airflow/.local/lib/python3.8/site-packages/airflow/example_dags/example_branch_labels.py for tasks to queue
[2023-12-03T10:00:42.633+0000] {logging_mixin.py:154} INFO - [2023-12-03T10:00:42.632+0000] {dagbag.py:536} INFO - Filling up the DagBag from /home/airflow/.local/lib/python3.8/site-packages/airflow/example_dags/example_branch_labels.py
[2023-12-03T10:00:42.641+0000] {processor.py:839} INFO - DAG(s) dict_keys(['example_branch_labels']) retrieved from /home/airflow/.local/lib/python3.8/site-packages/airflow/example_dags/example_branch_labels.py
[2023-12-03T10:00:42.662+0000] {logging_mixin.py:154} INFO - [2023-12-03T10:00:42.661+0000] {dag.py:2941} INFO - Sync 1 DAGs
[2023-12-03T10:00:42.686+0000] {logging_mixin.py:154} INFO - [2023-12-03T10:00:42.686+0000] {dag.py:3722} INFO - Setting next_dagrun for example_branch_labels to 2023-12-02T00:00:00+00:00, run_after=2023-12-03T00:00:00+00:00
[2023-12-03T10:00:42.703+0000] {processor.py:179} INFO - Processing /home/airflow/.local/lib/python3.8/site-packages/airflow/example_dags/example_branch_labels.py took 0.077 seconds
[2023-12-03T10:01:12.969+0000] {processor.py:157} INFO - Started process (PID=2095) to work on /home/airflow/.local/lib/python3.8/site-packages/airflow/example_dags/example_branch_labels.py
[2023-12-03T10:01:12.970+0000] {processor.py:829} INFO - Processing file /home/airflow/.local/lib/python3.8/site-packages/airflow/example_dags/example_branch_labels.py for tasks to queue
[2023-12-03T10:01:12.972+0000] {logging_mixin.py:154} INFO - [2023-12-03T10:01:12.972+0000] {dagbag.py:536} INFO - Filling up the DagBag from /home/airflow/.local/lib/python3.8/site-packages/airflow/example_dags/example_branch_labels.py
[2023-12-03T10:01:12.980+0000] {processor.py:839} INFO - DAG(s) dict_keys(['example_branch_labels']) retrieved from /home/airflow/.local/lib/python3.8/site-packages/airflow/example_dags/example_branch_labels.py
[2023-12-03T10:01:12.999+0000] {logging_mixin.py:154} INFO - [2023-12-03T10:01:12.999+0000] {dag.py:2941} INFO - Sync 1 DAGs
[2023-12-03T10:01:13.018+0000] {logging_mixin.py:154} INFO - [2023-12-03T10:01:13.018+0000] {dag.py:3722} INFO - Setting next_dagrun for example_branch_labels to 2023-12-02T00:00:00+00:00, run_after=2023-12-03T00:00:00+00:00
[2023-12-03T10:01:13.031+0000] {processor.py:179} INFO - Processing /home/airflow/.local/lib/python3.8/site-packages/airflow/example_dags/example_branch_labels.py took 0.067 seconds
[2023-12-03T10:01:43.220+0000] {processor.py:157} INFO - Started process (PID=2153) to work on /home/airflow/.local/lib/python3.8/site-packages/airflow/example_dags/example_branch_labels.py
[2023-12-03T10:01:43.221+0000] {processor.py:829} INFO - Processing file /home/airflow/.local/lib/python3.8/site-packages/airflow/example_dags/example_branch_labels.py for tasks to queue
[2023-12-03T10:01:43.224+0000] {logging_mixin.py:154} INFO - [2023-12-03T10:01:43.224+0000] {dagbag.py:536} INFO - Filling up the DagBag from /home/airflow/.local/lib/python3.8/site-packages/airflow/example_dags/example_branch_labels.py
[2023-12-03T10:01:43.232+0000] {processor.py:839} INFO - DAG(s) dict_keys(['example_branch_labels']) retrieved from /home/airflow/.local/lib/python3.8/site-packages/airflow/example_dags/example_branch_labels.py
[2023-12-03T10:01:43.254+0000] {logging_mixin.py:154} INFO - [2023-12-03T10:01:43.254+0000] {dag.py:2941} INFO - Sync 1 DAGs
[2023-12-03T10:01:43.274+0000] {logging_mixin.py:154} INFO - [2023-12-03T10:01:43.273+0000] {dag.py:3722} INFO - Setting next_dagrun for example_branch_labels to 2023-12-02T00:00:00+00:00, run_after=2023-12-03T00:00:00+00:00
[2023-12-03T10:01:43.286+0000] {processor.py:179} INFO - Processing /home/airflow/.local/lib/python3.8/site-packages/airflow/example_dags/example_branch_labels.py took 0.071 seconds
[2023-12-03T10:02:13.387+0000] {processor.py:157} INFO - Started process (PID=2213) to work on /home/airflow/.local/lib/python3.8/site-packages/airflow/example_dags/example_branch_labels.py
[2023-12-03T10:02:13.389+0000] {processor.py:829} INFO - Processing file /home/airflow/.local/lib/python3.8/site-packages/airflow/example_dags/example_branch_labels.py for tasks to queue
[2023-12-03T10:02:13.391+0000] {logging_mixin.py:154} INFO - [2023-12-03T10:02:13.391+0000] {dagbag.py:536} INFO - Filling up the DagBag from /home/airflow/.local/lib/python3.8/site-packages/airflow/example_dags/example_branch_labels.py
[2023-12-03T10:02:13.399+0000] {processor.py:839} INFO - DAG(s) dict_keys(['example_branch_labels']) retrieved from /home/airflow/.local/lib/python3.8/site-packages/airflow/example_dags/example_branch_labels.py
[2023-12-03T10:02:13.420+0000] {logging_mixin.py:154} INFO - [2023-12-03T10:02:13.420+0000] {dag.py:2941} INFO - Sync 1 DAGs
[2023-12-03T10:02:13.441+0000] {logging_mixin.py:154} INFO - [2023-12-03T10:02:13.441+0000] {dag.py:3722} INFO - Setting next_dagrun for example_branch_labels to 2023-12-02T00:00:00+00:00, run_after=2023-12-03T00:00:00+00:00
[2023-12-03T10:02:13.458+0000] {processor.py:179} INFO - Processing /home/airflow/.local/lib/python3.8/site-packages/airflow/example_dags/example_branch_labels.py took 0.075 seconds
[2023-12-03T10:02:43.571+0000] {processor.py:157} INFO - Started process (PID=2271) to work on /home/airflow/.local/lib/python3.8/site-packages/airflow/example_dags/example_branch_labels.py
[2023-12-03T10:02:43.572+0000] {processor.py:829} INFO - Processing file /home/airflow/.local/lib/python3.8/site-packages/airflow/example_dags/example_branch_labels.py for tasks to queue
[2023-12-03T10:02:43.574+0000] {logging_mixin.py:154} INFO - [2023-12-03T10:02:43.574+0000] {dagbag.py:536} INFO - Filling up the DagBag from /home/airflow/.local/lib/python3.8/site-packages/airflow/example_dags/example_branch_labels.py
[2023-12-03T10:02:43.583+0000] {processor.py:839} INFO - DAG(s) dict_keys(['example_branch_labels']) retrieved from /home/airflow/.local/lib/python3.8/site-packages/airflow/example_dags/example_branch_labels.py
[2023-12-03T10:02:43.602+0000] {logging_mixin.py:154} INFO - [2023-12-03T10:02:43.602+0000] {dag.py:2941} INFO - Sync 1 DAGs
[2023-12-03T10:02:43.624+0000] {logging_mixin.py:154} INFO - [2023-12-03T10:02:43.624+0000] {dag.py:3722} INFO - Setting next_dagrun for example_branch_labels to 2023-12-02T00:00:00+00:00, run_after=2023-12-03T00:00:00+00:00
[2023-12-03T10:02:43.640+0000] {processor.py:179} INFO - Processing /home/airflow/.local/lib/python3.8/site-packages/airflow/example_dags/example_branch_labels.py took 0.073 seconds
[2023-12-03T10:03:13.837+0000] {processor.py:157} INFO - Started process (PID=2329) to work on /home/airflow/.local/lib/python3.8/site-packages/airflow/example_dags/example_branch_labels.py
[2023-12-03T10:03:13.838+0000] {processor.py:829} INFO - Processing file /home/airflow/.local/lib/python3.8/site-packages/airflow/example_dags/example_branch_labels.py for tasks to queue
[2023-12-03T10:03:13.840+0000] {logging_mixin.py:154} INFO - [2023-12-03T10:03:13.840+0000] {dagbag.py:536} INFO - Filling up the DagBag from /home/airflow/.local/lib/python3.8/site-packages/airflow/example_dags/example_branch_labels.py
[2023-12-03T10:03:13.848+0000] {processor.py:839} INFO - DAG(s) dict_keys(['example_branch_labels']) retrieved from /home/airflow/.local/lib/python3.8/site-packages/airflow/example_dags/example_branch_labels.py
[2023-12-03T10:03:13.868+0000] {logging_mixin.py:154} INFO - [2023-12-03T10:03:13.868+0000] {dag.py:2941} INFO - Sync 1 DAGs
[2023-12-03T10:03:13.888+0000] {logging_mixin.py:154} INFO - [2023-12-03T10:03:13.888+0000] {dag.py:3722} INFO - Setting next_dagrun for example_branch_labels to 2023-12-02T00:00:00+00:00, run_after=2023-12-03T00:00:00+00:00
[2023-12-03T10:03:13.905+0000] {processor.py:179} INFO - Processing /home/airflow/.local/lib/python3.8/site-packages/airflow/example_dags/example_branch_labels.py took 0.071 seconds
[2023-12-03T10:03:44.218+0000] {processor.py:157} INFO - Started process (PID=2387) to work on /home/airflow/.local/lib/python3.8/site-packages/airflow/example_dags/example_branch_labels.py
[2023-12-03T10:03:44.219+0000] {processor.py:829} INFO - Processing file /home/airflow/.local/lib/python3.8/site-packages/airflow/example_dags/example_branch_labels.py for tasks to queue
[2023-12-03T10:03:44.221+0000] {logging_mixin.py:154} INFO - [2023-12-03T10:03:44.221+0000] {dagbag.py:536} INFO - Filling up the DagBag from /home/airflow/.local/lib/python3.8/site-packages/airflow/example_dags/example_branch_labels.py
[2023-12-03T10:03:44.229+0000] {processor.py:839} INFO - DAG(s) dict_keys(['example_branch_labels']) retrieved from /home/airflow/.local/lib/python3.8/site-packages/airflow/example_dags/example_branch_labels.py
[2023-12-03T10:03:44.247+0000] {logging_mixin.py:154} INFO - [2023-12-03T10:03:44.247+0000] {dag.py:2941} INFO - Sync 1 DAGs
[2023-12-03T10:03:44.266+0000] {logging_mixin.py:154} INFO - [2023-12-03T10:03:44.265+0000] {dag.py:3722} INFO - Setting next_dagrun for example_branch_labels to 2023-12-02T00:00:00+00:00, run_after=2023-12-03T00:00:00+00:00
[2023-12-03T10:03:44.278+0000] {processor.py:179} INFO - Processing /home/airflow/.local/lib/python3.8/site-packages/airflow/example_dags/example_branch_labels.py took 0.064 seconds
[2023-12-03T10:04:14.963+0000] {processor.py:157} INFO - Started process (PID=2445) to work on /home/airflow/.local/lib/python3.8/site-packages/airflow/example_dags/example_branch_labels.py
[2023-12-03T10:04:14.964+0000] {processor.py:829} INFO - Processing file /home/airflow/.local/lib/python3.8/site-packages/airflow/example_dags/example_branch_labels.py for tasks to queue
[2023-12-03T10:04:14.966+0000] {logging_mixin.py:154} INFO - [2023-12-03T10:04:14.966+0000] {dagbag.py:536} INFO - Filling up the DagBag from /home/airflow/.local/lib/python3.8/site-packages/airflow/example_dags/example_branch_labels.py
[2023-12-03T10:04:14.973+0000] {processor.py:839} INFO - DAG(s) dict_keys(['example_branch_labels']) retrieved from /home/airflow/.local/lib/python3.8/site-packages/airflow/example_dags/example_branch_labels.py
[2023-12-03T10:04:14.990+0000] {logging_mixin.py:154} INFO - [2023-12-03T10:04:14.990+0000] {dag.py:2941} INFO - Sync 1 DAGs
[2023-12-03T10:04:15.007+0000] {logging_mixin.py:154} INFO - [2023-12-03T10:04:15.007+0000] {dag.py:3722} INFO - Setting next_dagrun for example_branch_labels to 2023-12-02T00:00:00+00:00, run_after=2023-12-03T00:00:00+00:00
[2023-12-03T10:04:15.020+0000] {processor.py:179} INFO - Processing /home/airflow/.local/lib/python3.8/site-packages/airflow/example_dags/example_branch_labels.py took 0.060 seconds
[2023-12-03T10:04:45.563+0000] {processor.py:157} INFO - Started process (PID=2503) to work on /home/airflow/.local/lib/python3.8/site-packages/airflow/example_dags/example_branch_labels.py
[2023-12-03T10:04:45.564+0000] {processor.py:829} INFO - Processing file /home/airflow/.local/lib/python3.8/site-packages/airflow/example_dags/example_branch_labels.py for tasks to queue
[2023-12-03T10:04:45.567+0000] {logging_mixin.py:154} INFO - [2023-12-03T10:04:45.566+0000] {dagbag.py:536} INFO - Filling up the DagBag from /home/airflow/.local/lib/python3.8/site-packages/airflow/example_dags/example_branch_labels.py
[2023-12-03T10:04:45.575+0000] {processor.py:839} INFO - DAG(s) dict_keys(['example_branch_labels']) retrieved from /home/airflow/.local/lib/python3.8/site-packages/airflow/example_dags/example_branch_labels.py
[2023-12-03T10:04:45.598+0000] {logging_mixin.py:154} INFO - [2023-12-03T10:04:45.597+0000] {dag.py:2941} INFO - Sync 1 DAGs
[2023-12-03T10:04:45.621+0000] {logging_mixin.py:154} INFO - [2023-12-03T10:04:45.620+0000] {dag.py:3722} INFO - Setting next_dagrun for example_branch_labels to 2023-12-02T00:00:00+00:00, run_after=2023-12-03T00:00:00+00:00
[2023-12-03T10:04:45.636+0000] {processor.py:179} INFO - Processing /home/airflow/.local/lib/python3.8/site-packages/airflow/example_dags/example_branch_labels.py took 0.077 seconds
[2023-12-03T10:05:15.821+0000] {processor.py:157} INFO - Started process (PID=2561) to work on /home/airflow/.local/lib/python3.8/site-packages/airflow/example_dags/example_branch_labels.py
[2023-12-03T10:05:15.822+0000] {processor.py:829} INFO - Processing file /home/airflow/.local/lib/python3.8/site-packages/airflow/example_dags/example_branch_labels.py for tasks to queue
[2023-12-03T10:05:15.824+0000] {logging_mixin.py:154} INFO - [2023-12-03T10:05:15.823+0000] {dagbag.py:536} INFO - Filling up the DagBag from /home/airflow/.local/lib/python3.8/site-packages/airflow/example_dags/example_branch_labels.py
[2023-12-03T10:05:15.835+0000] {processor.py:839} INFO - DAG(s) dict_keys(['example_branch_labels']) retrieved from /home/airflow/.local/lib/python3.8/site-packages/airflow/example_dags/example_branch_labels.py
[2023-12-03T10:05:15.857+0000] {logging_mixin.py:154} INFO - [2023-12-03T10:05:15.857+0000] {dag.py:2941} INFO - Sync 1 DAGs
[2023-12-03T10:05:15.886+0000] {logging_mixin.py:154} INFO - [2023-12-03T10:05:15.886+0000] {dag.py:3722} INFO - Setting next_dagrun for example_branch_labels to 2023-12-02T00:00:00+00:00, run_after=2023-12-03T00:00:00+00:00
[2023-12-03T10:05:15.902+0000] {processor.py:179} INFO - Processing /home/airflow/.local/lib/python3.8/site-packages/airflow/example_dags/example_branch_labels.py took 0.085 seconds
[2023-12-03T10:05:46.838+0000] {processor.py:157} INFO - Started process (PID=2618) to work on /home/airflow/.local/lib/python3.8/site-packages/airflow/example_dags/example_branch_labels.py
[2023-12-03T10:05:46.840+0000] {processor.py:829} INFO - Processing file /home/airflow/.local/lib/python3.8/site-packages/airflow/example_dags/example_branch_labels.py for tasks to queue
[2023-12-03T10:05:46.843+0000] {logging_mixin.py:154} INFO - [2023-12-03T10:05:46.843+0000] {dagbag.py:536} INFO - Filling up the DagBag from /home/airflow/.local/lib/python3.8/site-packages/airflow/example_dags/example_branch_labels.py
[2023-12-03T10:05:46.851+0000] {processor.py:839} INFO - DAG(s) dict_keys(['example_branch_labels']) retrieved from /home/airflow/.local/lib/python3.8/site-packages/airflow/example_dags/example_branch_labels.py
[2023-12-03T10:05:46.871+0000] {logging_mixin.py:154} INFO - [2023-12-03T10:05:46.871+0000] {dag.py:2941} INFO - Sync 1 DAGs
[2023-12-03T10:05:46.891+0000] {logging_mixin.py:154} INFO - [2023-12-03T10:05:46.891+0000] {dag.py:3722} INFO - Setting next_dagrun for example_branch_labels to 2023-12-02T00:00:00+00:00, run_after=2023-12-03T00:00:00+00:00
[2023-12-03T10:05:46.905+0000] {processor.py:179} INFO - Processing /home/airflow/.local/lib/python3.8/site-packages/airflow/example_dags/example_branch_labels.py took 0.071 seconds
[2023-12-03T10:06:17.096+0000] {processor.py:157} INFO - Started process (PID=2676) to work on /home/airflow/.local/lib/python3.8/site-packages/airflow/example_dags/example_branch_labels.py
[2023-12-03T10:06:17.097+0000] {processor.py:829} INFO - Processing file /home/airflow/.local/lib/python3.8/site-packages/airflow/example_dags/example_branch_labels.py for tasks to queue
[2023-12-03T10:06:17.100+0000] {logging_mixin.py:154} INFO - [2023-12-03T10:06:17.100+0000] {dagbag.py:536} INFO - Filling up the DagBag from /home/airflow/.local/lib/python3.8/site-packages/airflow/example_dags/example_branch_labels.py
[2023-12-03T10:06:17.108+0000] {processor.py:839} INFO - DAG(s) dict_keys(['example_branch_labels']) retrieved from /home/airflow/.local/lib/python3.8/site-packages/airflow/example_dags/example_branch_labels.py
[2023-12-03T10:06:17.125+0000] {logging_mixin.py:154} INFO - [2023-12-03T10:06:17.125+0000] {dag.py:2941} INFO - Sync 1 DAGs
[2023-12-03T10:06:17.142+0000] {logging_mixin.py:154} INFO - [2023-12-03T10:06:17.142+0000] {dag.py:3722} INFO - Setting next_dagrun for example_branch_labels to 2023-12-02T00:00:00+00:00, run_after=2023-12-03T00:00:00+00:00
[2023-12-03T10:06:17.154+0000] {processor.py:179} INFO - Processing /home/airflow/.local/lib/python3.8/site-packages/airflow/example_dags/example_branch_labels.py took 0.063 seconds
[2023-12-03T10:06:47.545+0000] {processor.py:157} INFO - Started process (PID=2734) to work on /home/airflow/.local/lib/python3.8/site-packages/airflow/example_dags/example_branch_labels.py
[2023-12-03T10:06:47.546+0000] {processor.py:829} INFO - Processing file /home/airflow/.local/lib/python3.8/site-packages/airflow/example_dags/example_branch_labels.py for tasks to queue
[2023-12-03T10:06:47.549+0000] {logging_mixin.py:154} INFO - [2023-12-03T10:06:47.549+0000] {dagbag.py:536} INFO - Filling up the DagBag from /home/airflow/.local/lib/python3.8/site-packages/airflow/example_dags/example_branch_labels.py
[2023-12-03T10:06:47.557+0000] {processor.py:839} INFO - DAG(s) dict_keys(['example_branch_labels']) retrieved from /home/airflow/.local/lib/python3.8/site-packages/airflow/example_dags/example_branch_labels.py
[2023-12-03T10:06:47.577+0000] {logging_mixin.py:154} INFO - [2023-12-03T10:06:47.577+0000] {dag.py:2941} INFO - Sync 1 DAGs
[2023-12-03T10:06:47.597+0000] {logging_mixin.py:154} INFO - [2023-12-03T10:06:47.597+0000] {dag.py:3722} INFO - Setting next_dagrun for example_branch_labels to 2023-12-02T00:00:00+00:00, run_after=2023-12-03T00:00:00+00:00
[2023-12-03T10:06:47.610+0000] {processor.py:179} INFO - Processing /home/airflow/.local/lib/python3.8/site-packages/airflow/example_dags/example_branch_labels.py took 0.069 seconds
[2023-12-03T10:07:17.711+0000] {processor.py:157} INFO - Started process (PID=2792) to work on /home/airflow/.local/lib/python3.8/site-packages/airflow/example_dags/example_branch_labels.py
[2023-12-03T10:07:17.712+0000] {processor.py:829} INFO - Processing file /home/airflow/.local/lib/python3.8/site-packages/airflow/example_dags/example_branch_labels.py for tasks to queue
[2023-12-03T10:07:17.715+0000] {logging_mixin.py:154} INFO - [2023-12-03T10:07:17.714+0000] {dagbag.py:536} INFO - Filling up the DagBag from /home/airflow/.local/lib/python3.8/site-packages/airflow/example_dags/example_branch_labels.py
[2023-12-03T10:07:17.722+0000] {processor.py:839} INFO - DAG(s) dict_keys(['example_branch_labels']) retrieved from /home/airflow/.local/lib/python3.8/site-packages/airflow/example_dags/example_branch_labels.py
[2023-12-03T10:07:17.738+0000] {logging_mixin.py:154} INFO - [2023-12-03T10:07:17.738+0000] {dag.py:2941} INFO - Sync 1 DAGs
[2023-12-03T10:07:17.755+0000] {logging_mixin.py:154} INFO - [2023-12-03T10:07:17.755+0000] {dag.py:3722} INFO - Setting next_dagrun for example_branch_labels to 2023-12-02T00:00:00+00:00, run_after=2023-12-03T00:00:00+00:00
[2023-12-03T10:07:17.767+0000] {processor.py:179} INFO - Processing /home/airflow/.local/lib/python3.8/site-packages/airflow/example_dags/example_branch_labels.py took 0.061 seconds
[2023-12-03T10:07:48.016+0000] {processor.py:157} INFO - Started process (PID=2850) to work on /home/airflow/.local/lib/python3.8/site-packages/airflow/example_dags/example_branch_labels.py
[2023-12-03T10:07:48.017+0000] {processor.py:829} INFO - Processing file /home/airflow/.local/lib/python3.8/site-packages/airflow/example_dags/example_branch_labels.py for tasks to queue
[2023-12-03T10:07:48.019+0000] {logging_mixin.py:154} INFO - [2023-12-03T10:07:48.019+0000] {dagbag.py:536} INFO - Filling up the DagBag from /home/airflow/.local/lib/python3.8/site-packages/airflow/example_dags/example_branch_labels.py
[2023-12-03T10:07:48.025+0000] {processor.py:839} INFO - DAG(s) dict_keys(['example_branch_labels']) retrieved from /home/airflow/.local/lib/python3.8/site-packages/airflow/example_dags/example_branch_labels.py
[2023-12-03T10:07:48.040+0000] {logging_mixin.py:154} INFO - [2023-12-03T10:07:48.040+0000] {dag.py:2941} INFO - Sync 1 DAGs
[2023-12-03T10:07:48.056+0000] {logging_mixin.py:154} INFO - [2023-12-03T10:07:48.055+0000] {dag.py:3722} INFO - Setting next_dagrun for example_branch_labels to 2023-12-02T00:00:00+00:00, run_after=2023-12-03T00:00:00+00:00
[2023-12-03T10:07:48.066+0000] {processor.py:179} INFO - Processing /home/airflow/.local/lib/python3.8/site-packages/airflow/example_dags/example_branch_labels.py took 0.055 seconds
[2023-12-03T11:28:19.874+0000] {processor.py:157} INFO - Started process (PID=2906) to work on /home/airflow/.local/lib/python3.8/site-packages/airflow/example_dags/example_branch_labels.py
[2023-12-03T11:28:19.875+0000] {processor.py:829} INFO - Processing file /home/airflow/.local/lib/python3.8/site-packages/airflow/example_dags/example_branch_labels.py for tasks to queue
[2023-12-03T11:28:19.878+0000] {logging_mixin.py:154} INFO - [2023-12-03T11:28:19.878+0000] {dagbag.py:536} INFO - Filling up the DagBag from /home/airflow/.local/lib/python3.8/site-packages/airflow/example_dags/example_branch_labels.py
[2023-12-03T11:28:19.886+0000] {processor.py:839} INFO - DAG(s) dict_keys(['example_branch_labels']) retrieved from /home/airflow/.local/lib/python3.8/site-packages/airflow/example_dags/example_branch_labels.py
[2023-12-03T11:28:19.904+0000] {logging_mixin.py:154} INFO - [2023-12-03T11:28:19.904+0000] {dag.py:2941} INFO - Sync 1 DAGs
[2023-12-03T11:28:19.929+0000] {logging_mixin.py:154} INFO - [2023-12-03T11:28:19.929+0000] {dag.py:3722} INFO - Setting next_dagrun for example_branch_labels to 2023-12-02T00:00:00+00:00, run_after=2023-12-03T00:00:00+00:00
[2023-12-03T11:28:19.943+0000] {processor.py:179} INFO - Processing /home/airflow/.local/lib/python3.8/site-packages/airflow/example_dags/example_branch_labels.py took 0.073 seconds
[2023-12-03T12:09:29.424+0000] {processor.py:157} INFO - Started process (PID=2963) to work on /home/airflow/.local/lib/python3.8/site-packages/airflow/example_dags/example_branch_labels.py
[2023-12-03T12:09:29.425+0000] {processor.py:829} INFO - Processing file /home/airflow/.local/lib/python3.8/site-packages/airflow/example_dags/example_branch_labels.py for tasks to queue
[2023-12-03T12:09:29.428+0000] {logging_mixin.py:154} INFO - [2023-12-03T12:09:29.428+0000] {dagbag.py:536} INFO - Filling up the DagBag from /home/airflow/.local/lib/python3.8/site-packages/airflow/example_dags/example_branch_labels.py
[2023-12-03T12:09:29.438+0000] {processor.py:839} INFO - DAG(s) dict_keys(['example_branch_labels']) retrieved from /home/airflow/.local/lib/python3.8/site-packages/airflow/example_dags/example_branch_labels.py
[2023-12-03T12:09:29.466+0000] {logging_mixin.py:154} INFO - [2023-12-03T12:09:29.466+0000] {dag.py:2941} INFO - Sync 1 DAGs
[2023-12-03T12:09:29.483+0000] {logging_mixin.py:154} INFO - [2023-12-03T12:09:29.483+0000] {dag.py:3722} INFO - Setting next_dagrun for example_branch_labels to 2023-12-02T00:00:00+00:00, run_after=2023-12-03T00:00:00+00:00
[2023-12-03T12:09:29.496+0000] {processor.py:179} INFO - Processing /home/airflow/.local/lib/python3.8/site-packages/airflow/example_dags/example_branch_labels.py took 0.075 seconds
[2023-12-03T12:27:31.470+0000] {processor.py:157} INFO - Started process (PID=3021) to work on /home/airflow/.local/lib/python3.8/site-packages/airflow/example_dags/example_branch_labels.py
[2023-12-03T12:27:31.473+0000] {processor.py:829} INFO - Processing file /home/airflow/.local/lib/python3.8/site-packages/airflow/example_dags/example_branch_labels.py for tasks to queue
[2023-12-03T12:27:31.475+0000] {logging_mixin.py:154} INFO - [2023-12-03T12:27:31.475+0000] {dagbag.py:536} INFO - Filling up the DagBag from /home/airflow/.local/lib/python3.8/site-packages/airflow/example_dags/example_branch_labels.py
[2023-12-03T12:27:31.483+0000] {processor.py:839} INFO - DAG(s) dict_keys(['example_branch_labels']) retrieved from /home/airflow/.local/lib/python3.8/site-packages/airflow/example_dags/example_branch_labels.py
[2023-12-03T12:27:31.503+0000] {logging_mixin.py:154} INFO - [2023-12-03T12:27:31.503+0000] {dag.py:2941} INFO - Sync 1 DAGs
[2023-12-03T12:27:31.526+0000] {logging_mixin.py:154} INFO - [2023-12-03T12:27:31.525+0000] {dag.py:3722} INFO - Setting next_dagrun for example_branch_labels to 2023-12-02T00:00:00+00:00, run_after=2023-12-03T00:00:00+00:00
[2023-12-03T12:27:31.545+0000] {processor.py:179} INFO - Processing /home/airflow/.local/lib/python3.8/site-packages/airflow/example_dags/example_branch_labels.py took 0.077 seconds
[2023-12-03T12:44:54.827+0000] {processor.py:157} INFO - Started process (PID=3079) to work on /home/airflow/.local/lib/python3.8/site-packages/airflow/example_dags/example_branch_labels.py
[2023-12-03T12:44:54.829+0000] {processor.py:829} INFO - Processing file /home/airflow/.local/lib/python3.8/site-packages/airflow/example_dags/example_branch_labels.py for tasks to queue
[2023-12-03T12:44:54.836+0000] {logging_mixin.py:154} INFO - [2023-12-03T12:44:54.835+0000] {dagbag.py:536} INFO - Filling up the DagBag from /home/airflow/.local/lib/python3.8/site-packages/airflow/example_dags/example_branch_labels.py
[2023-12-03T12:44:54.847+0000] {processor.py:839} INFO - DAG(s) dict_keys(['example_branch_labels']) retrieved from /home/airflow/.local/lib/python3.8/site-packages/airflow/example_dags/example_branch_labels.py
[2023-12-03T12:44:54.897+0000] {logging_mixin.py:154} INFO - [2023-12-03T12:44:54.897+0000] {dag.py:2941} INFO - Sync 1 DAGs
[2023-12-03T12:44:54.925+0000] {logging_mixin.py:154} INFO - [2023-12-03T12:44:54.925+0000] {dag.py:3722} INFO - Setting next_dagrun for example_branch_labels to 2023-12-02T00:00:00+00:00, run_after=2023-12-03T00:00:00+00:00
[2023-12-03T12:44:54.955+0000] {processor.py:179} INFO - Processing /home/airflow/.local/lib/python3.8/site-packages/airflow/example_dags/example_branch_labels.py took 0.135 seconds
[2023-12-03T13:35:10.464+0000] {processor.py:157} INFO - Started process (PID=3136) to work on /home/airflow/.local/lib/python3.8/site-packages/airflow/example_dags/example_branch_labels.py
[2023-12-03T13:35:10.466+0000] {processor.py:829} INFO - Processing file /home/airflow/.local/lib/python3.8/site-packages/airflow/example_dags/example_branch_labels.py for tasks to queue
[2023-12-03T13:35:10.469+0000] {logging_mixin.py:154} INFO - [2023-12-03T13:35:10.468+0000] {dagbag.py:536} INFO - Filling up the DagBag from /home/airflow/.local/lib/python3.8/site-packages/airflow/example_dags/example_branch_labels.py
[2023-12-03T13:35:10.478+0000] {processor.py:839} INFO - DAG(s) dict_keys(['example_branch_labels']) retrieved from /home/airflow/.local/lib/python3.8/site-packages/airflow/example_dags/example_branch_labels.py
[2023-12-03T13:35:10.498+0000] {logging_mixin.py:154} INFO - [2023-12-03T13:35:10.498+0000] {dag.py:2941} INFO - Sync 1 DAGs
[2023-12-03T13:35:10.513+0000] {logging_mixin.py:154} INFO - [2023-12-03T13:35:10.513+0000] {dag.py:3722} INFO - Setting next_dagrun for example_branch_labels to 2023-12-02T00:00:00+00:00, run_after=2023-12-03T00:00:00+00:00
[2023-12-03T13:35:10.523+0000] {processor.py:179} INFO - Processing /home/airflow/.local/lib/python3.8/site-packages/airflow/example_dags/example_branch_labels.py took 0.064 seconds
[2023-12-03T14:27:24.117+0000] {processor.py:157} INFO - Started process (PID=3188) to work on /home/airflow/.local/lib/python3.8/site-packages/airflow/example_dags/example_branch_labels.py
[2023-12-03T14:27:24.118+0000] {processor.py:829} INFO - Processing file /home/airflow/.local/lib/python3.8/site-packages/airflow/example_dags/example_branch_labels.py for tasks to queue
[2023-12-03T14:27:24.121+0000] {logging_mixin.py:154} INFO - [2023-12-03T14:27:24.120+0000] {dagbag.py:536} INFO - Filling up the DagBag from /home/airflow/.local/lib/python3.8/site-packages/airflow/example_dags/example_branch_labels.py
[2023-12-03T14:27:24.128+0000] {processor.py:839} INFO - DAG(s) dict_keys(['example_branch_labels']) retrieved from /home/airflow/.local/lib/python3.8/site-packages/airflow/example_dags/example_branch_labels.py
[2023-12-03T14:27:24.145+0000] {logging_mixin.py:154} INFO - [2023-12-03T14:27:24.145+0000] {dag.py:2941} INFO - Sync 1 DAGs
[2023-12-03T14:27:24.161+0000] {logging_mixin.py:154} INFO - [2023-12-03T14:27:24.161+0000] {dag.py:3722} INFO - Setting next_dagrun for example_branch_labels to 2023-12-02T00:00:00+00:00, run_after=2023-12-03T00:00:00+00:00
[2023-12-03T14:27:24.185+0000] {processor.py:179} INFO - Processing /home/airflow/.local/lib/python3.8/site-packages/airflow/example_dags/example_branch_labels.py took 0.071 seconds
[2023-12-03T15:18:32.902+0000] {processor.py:157} INFO - Started process (PID=3246) to work on /home/airflow/.local/lib/python3.8/site-packages/airflow/example_dags/example_branch_labels.py
[2023-12-03T15:18:32.903+0000] {processor.py:829} INFO - Processing file /home/airflow/.local/lib/python3.8/site-packages/airflow/example_dags/example_branch_labels.py for tasks to queue
[2023-12-03T15:18:32.905+0000] {logging_mixin.py:154} INFO - [2023-12-03T15:18:32.905+0000] {dagbag.py:536} INFO - Filling up the DagBag from /home/airflow/.local/lib/python3.8/site-packages/airflow/example_dags/example_branch_labels.py
[2023-12-03T15:18:32.912+0000] {processor.py:839} INFO - DAG(s) dict_keys(['example_branch_labels']) retrieved from /home/airflow/.local/lib/python3.8/site-packages/airflow/example_dags/example_branch_labels.py
[2023-12-03T15:18:32.927+0000] {logging_mixin.py:154} INFO - [2023-12-03T15:18:32.927+0000] {dag.py:2941} INFO - Sync 1 DAGs
[2023-12-03T15:18:32.941+0000] {logging_mixin.py:154} INFO - [2023-12-03T15:18:32.941+0000] {dag.py:3722} INFO - Setting next_dagrun for example_branch_labels to 2023-12-02T00:00:00+00:00, run_after=2023-12-03T00:00:00+00:00
[2023-12-03T15:18:32.964+0000] {processor.py:179} INFO - Processing /home/airflow/.local/lib/python3.8/site-packages/airflow/example_dags/example_branch_labels.py took 0.065 seconds
[2023-12-03T16:07:33.093+0000] {processor.py:157} INFO - Started process (PID=3311) to work on /home/airflow/.local/lib/python3.8/site-packages/airflow/example_dags/example_branch_labels.py
[2023-12-03T16:07:33.094+0000] {processor.py:829} INFO - Processing file /home/airflow/.local/lib/python3.8/site-packages/airflow/example_dags/example_branch_labels.py for tasks to queue
[2023-12-03T16:07:33.098+0000] {logging_mixin.py:154} INFO - [2023-12-03T16:07:33.097+0000] {dagbag.py:536} INFO - Filling up the DagBag from /home/airflow/.local/lib/python3.8/site-packages/airflow/example_dags/example_branch_labels.py
[2023-12-03T16:07:33.109+0000] {processor.py:839} INFO - DAG(s) dict_keys(['example_branch_labels']) retrieved from /home/airflow/.local/lib/python3.8/site-packages/airflow/example_dags/example_branch_labels.py
[2023-12-03T16:07:33.131+0000] {logging_mixin.py:154} INFO - [2023-12-03T16:07:33.130+0000] {dag.py:2941} INFO - Sync 1 DAGs
[2023-12-03T16:07:33.149+0000] {logging_mixin.py:154} INFO - [2023-12-03T16:07:33.148+0000] {dag.py:3722} INFO - Setting next_dagrun for example_branch_labels to 2023-12-02T00:00:00+00:00, run_after=2023-12-03T00:00:00+00:00
[2023-12-03T16:07:33.161+0000] {processor.py:179} INFO - Processing /home/airflow/.local/lib/python3.8/site-packages/airflow/example_dags/example_branch_labels.py took 0.073 seconds
[2023-12-03T16:58:04.021+0000] {processor.py:157} INFO - Started process (PID=3362) to work on /home/airflow/.local/lib/python3.8/site-packages/airflow/example_dags/example_branch_labels.py
[2023-12-03T16:58:04.022+0000] {processor.py:829} INFO - Processing file /home/airflow/.local/lib/python3.8/site-packages/airflow/example_dags/example_branch_labels.py for tasks to queue
[2023-12-03T16:58:04.024+0000] {logging_mixin.py:154} INFO - [2023-12-03T16:58:04.024+0000] {dagbag.py:536} INFO - Filling up the DagBag from /home/airflow/.local/lib/python3.8/site-packages/airflow/example_dags/example_branch_labels.py
[2023-12-03T16:58:04.032+0000] {processor.py:839} INFO - DAG(s) dict_keys(['example_branch_labels']) retrieved from /home/airflow/.local/lib/python3.8/site-packages/airflow/example_dags/example_branch_labels.py
[2023-12-03T16:58:04.053+0000] {logging_mixin.py:154} INFO - [2023-12-03T16:58:04.052+0000] {dag.py:2941} INFO - Sync 1 DAGs
[2023-12-03T16:58:04.076+0000] {logging_mixin.py:154} INFO - [2023-12-03T16:58:04.076+0000] {dag.py:3722} INFO - Setting next_dagrun for example_branch_labels to 2023-12-02T00:00:00+00:00, run_after=2023-12-03T00:00:00+00:00
[2023-12-03T16:58:04.093+0000] {processor.py:179} INFO - Processing /home/airflow/.local/lib/python3.8/site-packages/airflow/example_dags/example_branch_labels.py took 0.076 seconds
[2023-12-03T17:46:22.187+0000] {processor.py:157} INFO - Started process (PID=3427) to work on /home/airflow/.local/lib/python3.8/site-packages/airflow/example_dags/example_branch_labels.py
[2023-12-03T17:46:22.188+0000] {processor.py:829} INFO - Processing file /home/airflow/.local/lib/python3.8/site-packages/airflow/example_dags/example_branch_labels.py for tasks to queue
[2023-12-03T17:46:22.190+0000] {logging_mixin.py:154} INFO - [2023-12-03T17:46:22.190+0000] {dagbag.py:536} INFO - Filling up the DagBag from /home/airflow/.local/lib/python3.8/site-packages/airflow/example_dags/example_branch_labels.py
[2023-12-03T17:46:22.198+0000] {processor.py:839} INFO - DAG(s) dict_keys(['example_branch_labels']) retrieved from /home/airflow/.local/lib/python3.8/site-packages/airflow/example_dags/example_branch_labels.py
[2023-12-03T17:46:22.215+0000] {logging_mixin.py:154} INFO - [2023-12-03T17:46:22.215+0000] {dag.py:2941} INFO - Sync 1 DAGs
[2023-12-03T17:46:22.233+0000] {logging_mixin.py:154} INFO - [2023-12-03T17:46:22.232+0000] {dag.py:3722} INFO - Setting next_dagrun for example_branch_labels to 2023-12-02T00:00:00+00:00, run_after=2023-12-03T00:00:00+00:00
[2023-12-03T17:46:22.296+0000] {processor.py:179} INFO - Processing /home/airflow/.local/lib/python3.8/site-packages/airflow/example_dags/example_branch_labels.py took 0.112 seconds
[2023-12-03T18:33:41.880+0000] {processor.py:157} INFO - Started process (PID=3478) to work on /home/airflow/.local/lib/python3.8/site-packages/airflow/example_dags/example_branch_labels.py
[2023-12-03T18:33:41.881+0000] {processor.py:829} INFO - Processing file /home/airflow/.local/lib/python3.8/site-packages/airflow/example_dags/example_branch_labels.py for tasks to queue
[2023-12-03T18:33:41.883+0000] {logging_mixin.py:154} INFO - [2023-12-03T18:33:41.883+0000] {dagbag.py:536} INFO - Filling up the DagBag from /home/airflow/.local/lib/python3.8/site-packages/airflow/example_dags/example_branch_labels.py
[2023-12-03T18:33:41.889+0000] {processor.py:839} INFO - DAG(s) dict_keys(['example_branch_labels']) retrieved from /home/airflow/.local/lib/python3.8/site-packages/airflow/example_dags/example_branch_labels.py
[2023-12-03T18:33:41.905+0000] {logging_mixin.py:154} INFO - [2023-12-03T18:33:41.905+0000] {dag.py:2941} INFO - Sync 1 DAGs
[2023-12-03T18:33:41.921+0000] {logging_mixin.py:154} INFO - [2023-12-03T18:33:41.921+0000] {dag.py:3722} INFO - Setting next_dagrun for example_branch_labels to 2023-12-02T00:00:00+00:00, run_after=2023-12-03T00:00:00+00:00
[2023-12-03T18:33:41.932+0000] {processor.py:179} INFO - Processing /home/airflow/.local/lib/python3.8/site-packages/airflow/example_dags/example_branch_labels.py took 0.055 seconds
[2023-12-03T19:06:26.328+0000] {processor.py:157} INFO - Started process (PID=3536) to work on /home/airflow/.local/lib/python3.8/site-packages/airflow/example_dags/example_branch_labels.py
[2023-12-03T19:06:26.329+0000] {processor.py:829} INFO - Processing file /home/airflow/.local/lib/python3.8/site-packages/airflow/example_dags/example_branch_labels.py for tasks to queue
[2023-12-03T19:06:26.331+0000] {logging_mixin.py:154} INFO - [2023-12-03T19:06:26.331+0000] {dagbag.py:536} INFO - Filling up the DagBag from /home/airflow/.local/lib/python3.8/site-packages/airflow/example_dags/example_branch_labels.py
[2023-12-03T19:06:26.338+0000] {processor.py:839} INFO - DAG(s) dict_keys(['example_branch_labels']) retrieved from /home/airflow/.local/lib/python3.8/site-packages/airflow/example_dags/example_branch_labels.py
[2023-12-03T19:06:26.353+0000] {logging_mixin.py:154} INFO - [2023-12-03T19:06:26.353+0000] {dag.py:2941} INFO - Sync 1 DAGs
[2023-12-03T19:06:26.373+0000] {logging_mixin.py:154} INFO - [2023-12-03T19:06:26.373+0000] {dag.py:3722} INFO - Setting next_dagrun for example_branch_labels to 2023-12-02T00:00:00+00:00, run_after=2023-12-03T00:00:00+00:00
[2023-12-03T19:06:26.400+0000] {processor.py:179} INFO - Processing /home/airflow/.local/lib/python3.8/site-packages/airflow/example_dags/example_branch_labels.py took 0.075 seconds
[2023-12-03T19:22:01.588+0000] {processor.py:157} INFO - Started process (PID=3594) to work on /home/airflow/.local/lib/python3.8/site-packages/airflow/example_dags/example_branch_labels.py
[2023-12-03T19:22:01.589+0000] {processor.py:829} INFO - Processing file /home/airflow/.local/lib/python3.8/site-packages/airflow/example_dags/example_branch_labels.py for tasks to queue
[2023-12-03T19:22:01.592+0000] {logging_mixin.py:154} INFO - [2023-12-03T19:22:01.591+0000] {dagbag.py:536} INFO - Filling up the DagBag from /home/airflow/.local/lib/python3.8/site-packages/airflow/example_dags/example_branch_labels.py
[2023-12-03T19:22:01.600+0000] {processor.py:839} INFO - DAG(s) dict_keys(['example_branch_labels']) retrieved from /home/airflow/.local/lib/python3.8/site-packages/airflow/example_dags/example_branch_labels.py
[2023-12-03T19:22:01.621+0000] {logging_mixin.py:154} INFO - [2023-12-03T19:22:01.621+0000] {dag.py:2941} INFO - Sync 1 DAGs
[2023-12-03T19:22:01.639+0000] {logging_mixin.py:154} INFO - [2023-12-03T19:22:01.639+0000] {dag.py:3722} INFO - Setting next_dagrun for example_branch_labels to 2023-12-02T00:00:00+00:00, run_after=2023-12-03T00:00:00+00:00
[2023-12-03T19:22:01.653+0000] {processor.py:179} INFO - Processing /home/airflow/.local/lib/python3.8/site-packages/airflow/example_dags/example_branch_labels.py took 0.068 seconds
[2023-12-03T20:11:33.077+0000] {processor.py:157} INFO - Started process (PID=3651) to work on /home/airflow/.local/lib/python3.8/site-packages/airflow/example_dags/example_branch_labels.py
[2023-12-03T20:11:33.078+0000] {processor.py:829} INFO - Processing file /home/airflow/.local/lib/python3.8/site-packages/airflow/example_dags/example_branch_labels.py for tasks to queue
[2023-12-03T20:11:33.080+0000] {logging_mixin.py:154} INFO - [2023-12-03T20:11:33.080+0000] {dagbag.py:536} INFO - Filling up the DagBag from /home/airflow/.local/lib/python3.8/site-packages/airflow/example_dags/example_branch_labels.py
[2023-12-03T20:11:33.088+0000] {processor.py:839} INFO - DAG(s) dict_keys(['example_branch_labels']) retrieved from /home/airflow/.local/lib/python3.8/site-packages/airflow/example_dags/example_branch_labels.py
[2023-12-03T20:11:33.107+0000] {logging_mixin.py:154} INFO - [2023-12-03T20:11:33.106+0000] {dag.py:2941} INFO - Sync 1 DAGs
[2023-12-03T20:11:33.130+0000] {logging_mixin.py:154} INFO - [2023-12-03T20:11:33.130+0000] {dag.py:3722} INFO - Setting next_dagrun for example_branch_labels to 2023-12-02T00:00:00+00:00, run_after=2023-12-03T00:00:00+00:00
[2023-12-03T20:11:33.521+0000] {processor.py:179} INFO - Processing /home/airflow/.local/lib/python3.8/site-packages/airflow/example_dags/example_branch_labels.py took 0.448 seconds
[2023-12-03T21:36:33.290+0000] {processor.py:157} INFO - Started process (PID=3709) to work on /home/airflow/.local/lib/python3.8/site-packages/airflow/example_dags/example_branch_labels.py
[2023-12-03T21:36:33.292+0000] {processor.py:829} INFO - Processing file /home/airflow/.local/lib/python3.8/site-packages/airflow/example_dags/example_branch_labels.py for tasks to queue
[2023-12-03T21:36:33.295+0000] {logging_mixin.py:154} INFO - [2023-12-03T21:36:33.294+0000] {dagbag.py:536} INFO - Filling up the DagBag from /home/airflow/.local/lib/python3.8/site-packages/airflow/example_dags/example_branch_labels.py
[2023-12-03T21:36:33.303+0000] {processor.py:839} INFO - DAG(s) dict_keys(['example_branch_labels']) retrieved from /home/airflow/.local/lib/python3.8/site-packages/airflow/example_dags/example_branch_labels.py
[2023-12-03T21:36:33.317+0000] {logging_mixin.py:154} INFO - [2023-12-03T21:36:33.317+0000] {dag.py:2941} INFO - Sync 1 DAGs
[2023-12-03T21:36:33.331+0000] {logging_mixin.py:154} INFO - [2023-12-03T21:36:33.331+0000] {dag.py:3722} INFO - Setting next_dagrun for example_branch_labels to 2023-12-02T00:00:00+00:00, run_after=2023-12-03T00:00:00+00:00
[2023-12-03T21:36:33.341+0000] {processor.py:179} INFO - Processing /home/airflow/.local/lib/python3.8/site-packages/airflow/example_dags/example_branch_labels.py took 0.054 seconds
[2023-12-03T22:57:31.318+0000] {processor.py:157} INFO - Started process (PID=3767) to work on /home/airflow/.local/lib/python3.8/site-packages/airflow/example_dags/example_branch_labels.py
[2023-12-03T22:57:31.320+0000] {processor.py:829} INFO - Processing file /home/airflow/.local/lib/python3.8/site-packages/airflow/example_dags/example_branch_labels.py for tasks to queue
[2023-12-03T22:57:31.323+0000] {logging_mixin.py:154} INFO - [2023-12-03T22:57:31.323+0000] {dagbag.py:536} INFO - Filling up the DagBag from /home/airflow/.local/lib/python3.8/site-packages/airflow/example_dags/example_branch_labels.py
[2023-12-03T22:57:31.330+0000] {processor.py:839} INFO - DAG(s) dict_keys(['example_branch_labels']) retrieved from /home/airflow/.local/lib/python3.8/site-packages/airflow/example_dags/example_branch_labels.py
[2023-12-03T22:57:31.349+0000] {logging_mixin.py:154} INFO - [2023-12-03T22:57:31.349+0000] {dag.py:2941} INFO - Sync 1 DAGs
[2023-12-03T22:57:31.370+0000] {logging_mixin.py:154} INFO - [2023-12-03T22:57:31.370+0000] {dag.py:3722} INFO - Setting next_dagrun for example_branch_labels to 2023-12-02T00:00:00+00:00, run_after=2023-12-03T00:00:00+00:00
[2023-12-03T22:57:31.384+0000] {processor.py:179} INFO - Processing /home/airflow/.local/lib/python3.8/site-packages/airflow/example_dags/example_branch_labels.py took 0.069 seconds
[2023-12-03T23:13:10.214+0000] {processor.py:157} INFO - Started process (PID=3825) to work on /home/airflow/.local/lib/python3.8/site-packages/airflow/example_dags/example_branch_labels.py
[2023-12-03T23:13:10.216+0000] {processor.py:829} INFO - Processing file /home/airflow/.local/lib/python3.8/site-packages/airflow/example_dags/example_branch_labels.py for tasks to queue
[2023-12-03T23:13:10.218+0000] {logging_mixin.py:154} INFO - [2023-12-03T23:13:10.218+0000] {dagbag.py:536} INFO - Filling up the DagBag from /home/airflow/.local/lib/python3.8/site-packages/airflow/example_dags/example_branch_labels.py
[2023-12-03T23:13:10.228+0000] {processor.py:839} INFO - DAG(s) dict_keys(['example_branch_labels']) retrieved from /home/airflow/.local/lib/python3.8/site-packages/airflow/example_dags/example_branch_labels.py
[2023-12-03T23:13:10.250+0000] {logging_mixin.py:154} INFO - [2023-12-03T23:13:10.250+0000] {dag.py:2941} INFO - Sync 1 DAGs
[2023-12-03T23:13:10.270+0000] {logging_mixin.py:154} INFO - [2023-12-03T23:13:10.270+0000] {dag.py:3722} INFO - Setting next_dagrun for example_branch_labels to 2023-12-02T00:00:00+00:00, run_after=2023-12-03T00:00:00+00:00
[2023-12-03T23:13:10.287+0000] {processor.py:179} INFO - Processing /home/airflow/.local/lib/python3.8/site-packages/airflow/example_dags/example_branch_labels.py took 0.077 seconds
[2023-12-03T23:22:18.373+0000] {processor.py:157} INFO - Started process (PID=3883) to work on /home/airflow/.local/lib/python3.8/site-packages/airflow/example_dags/example_branch_labels.py
[2023-12-03T23:22:18.375+0000] {processor.py:829} INFO - Processing file /home/airflow/.local/lib/python3.8/site-packages/airflow/example_dags/example_branch_labels.py for tasks to queue
[2023-12-03T23:22:18.378+0000] {logging_mixin.py:154} INFO - [2023-12-03T23:22:18.378+0000] {dagbag.py:536} INFO - Filling up the DagBag from /home/airflow/.local/lib/python3.8/site-packages/airflow/example_dags/example_branch_labels.py
[2023-12-03T23:22:18.386+0000] {processor.py:839} INFO - DAG(s) dict_keys(['example_branch_labels']) retrieved from /home/airflow/.local/lib/python3.8/site-packages/airflow/example_dags/example_branch_labels.py
[2023-12-03T23:22:18.404+0000] {logging_mixin.py:154} INFO - [2023-12-03T23:22:18.404+0000] {dag.py:2941} INFO - Sync 1 DAGs
[2023-12-03T23:22:18.422+0000] {logging_mixin.py:154} INFO - [2023-12-03T23:22:18.422+0000] {dag.py:3722} INFO - Setting next_dagrun for example_branch_labels to 2023-12-02T00:00:00+00:00, run_after=2023-12-03T00:00:00+00:00
[2023-12-03T23:22:18.438+0000] {processor.py:179} INFO - Processing /home/airflow/.local/lib/python3.8/site-packages/airflow/example_dags/example_branch_labels.py took 0.069 seconds
