[2023-12-03T09:43:23.684+0000] {processor.py:157} INFO - Started process (PID=57) to work on /home/airflow/.local/lib/python3.8/site-packages/airflow/example_dags/example_sensors.py
[2023-12-03T09:43:23.685+0000] {processor.py:829} INFO - Processing file /home/airflow/.local/lib/python3.8/site-packages/airflow/example_dags/example_sensors.py for tasks to queue
[2023-12-03T09:43:23.688+0000] {logging_mixin.py:154} INFO - [2023-12-03T09:43:23.688+0000] {dagbag.py:536} INFO - Filling up the DagBag from /home/airflow/.local/lib/python3.8/site-packages/airflow/example_dags/example_sensors.py
[2023-12-03T09:43:23.705+0000] {processor.py:839} INFO - DAG(s) dict_keys(['example_sensors']) retrieved from /home/airflow/.local/lib/python3.8/site-packages/airflow/example_dags/example_sensors.py
[2023-12-03T09:43:23.721+0000] {logging_mixin.py:154} INFO - [2023-12-03T09:43:23.720+0000] {dag.py:2941} INFO - Sync 1 DAGs
[2023-12-03T09:43:23.735+0000] {logging_mixin.py:154} INFO - [2023-12-03T09:43:23.735+0000] {dag.py:3722} INFO - Setting next_dagrun for example_sensors to None, run_after=None
[2023-12-03T09:43:23.766+0000] {processor.py:179} INFO - Processing /home/airflow/.local/lib/python3.8/site-packages/airflow/example_dags/example_sensors.py took 0.086 seconds
[2023-12-03T09:43:54.227+0000] {processor.py:157} INFO - Started process (PID=115) to work on /home/airflow/.local/lib/python3.8/site-packages/airflow/example_dags/example_sensors.py
[2023-12-03T09:43:54.228+0000] {processor.py:829} INFO - Processing file /home/airflow/.local/lib/python3.8/site-packages/airflow/example_dags/example_sensors.py for tasks to queue
[2023-12-03T09:43:54.231+0000] {logging_mixin.py:154} INFO - [2023-12-03T09:43:54.231+0000] {dagbag.py:536} INFO - Filling up the DagBag from /home/airflow/.local/lib/python3.8/site-packages/airflow/example_dags/example_sensors.py
[2023-12-03T09:43:54.240+0000] {processor.py:839} INFO - DAG(s) dict_keys(['example_sensors']) retrieved from /home/airflow/.local/lib/python3.8/site-packages/airflow/example_dags/example_sensors.py
[2023-12-03T09:43:54.263+0000] {logging_mixin.py:154} INFO - [2023-12-03T09:43:54.263+0000] {dag.py:2941} INFO - Sync 1 DAGs
[2023-12-03T09:43:54.273+0000] {logging_mixin.py:154} INFO - [2023-12-03T09:43:54.273+0000] {dag.py:3722} INFO - Setting next_dagrun for example_sensors to None, run_after=None
[2023-12-03T09:43:54.292+0000] {processor.py:179} INFO - Processing /home/airflow/.local/lib/python3.8/site-packages/airflow/example_dags/example_sensors.py took 0.069 seconds
[2023-12-03T09:44:25.206+0000] {processor.py:157} INFO - Started process (PID=172) to work on /home/airflow/.local/lib/python3.8/site-packages/airflow/example_dags/example_sensors.py
[2023-12-03T09:44:25.207+0000] {processor.py:829} INFO - Processing file /home/airflow/.local/lib/python3.8/site-packages/airflow/example_dags/example_sensors.py for tasks to queue
[2023-12-03T09:44:25.210+0000] {logging_mixin.py:154} INFO - [2023-12-03T09:44:25.209+0000] {dagbag.py:536} INFO - Filling up the DagBag from /home/airflow/.local/lib/python3.8/site-packages/airflow/example_dags/example_sensors.py
[2023-12-03T09:44:25.218+0000] {processor.py:839} INFO - DAG(s) dict_keys(['example_sensors']) retrieved from /home/airflow/.local/lib/python3.8/site-packages/airflow/example_dags/example_sensors.py
[2023-12-03T09:44:25.243+0000] {logging_mixin.py:154} INFO - [2023-12-03T09:44:25.242+0000] {dag.py:2941} INFO - Sync 1 DAGs
[2023-12-03T09:44:25.253+0000] {logging_mixin.py:154} INFO - [2023-12-03T09:44:25.253+0000] {dag.py:3722} INFO - Setting next_dagrun for example_sensors to None, run_after=None
[2023-12-03T09:44:25.269+0000] {processor.py:179} INFO - Processing /home/airflow/.local/lib/python3.8/site-packages/airflow/example_dags/example_sensors.py took 0.067 seconds
[2023-12-03T09:44:56.284+0000] {processor.py:157} INFO - Started process (PID=230) to work on /home/airflow/.local/lib/python3.8/site-packages/airflow/example_dags/example_sensors.py
[2023-12-03T09:44:56.285+0000] {processor.py:829} INFO - Processing file /home/airflow/.local/lib/python3.8/site-packages/airflow/example_dags/example_sensors.py for tasks to queue
[2023-12-03T09:44:56.288+0000] {logging_mixin.py:154} INFO - [2023-12-03T09:44:56.288+0000] {dagbag.py:536} INFO - Filling up the DagBag from /home/airflow/.local/lib/python3.8/site-packages/airflow/example_dags/example_sensors.py
[2023-12-03T09:44:56.299+0000] {processor.py:839} INFO - DAG(s) dict_keys(['example_sensors']) retrieved from /home/airflow/.local/lib/python3.8/site-packages/airflow/example_dags/example_sensors.py
[2023-12-03T09:44:56.323+0000] {logging_mixin.py:154} INFO - [2023-12-03T09:44:56.323+0000] {dag.py:2941} INFO - Sync 1 DAGs
[2023-12-03T09:44:56.334+0000] {logging_mixin.py:154} INFO - [2023-12-03T09:44:56.334+0000] {dag.py:3722} INFO - Setting next_dagrun for example_sensors to None, run_after=None
[2023-12-03T09:44:56.350+0000] {processor.py:179} INFO - Processing /home/airflow/.local/lib/python3.8/site-packages/airflow/example_dags/example_sensors.py took 0.070 seconds
[2023-12-03T09:45:26.951+0000] {processor.py:157} INFO - Started process (PID=287) to work on /home/airflow/.local/lib/python3.8/site-packages/airflow/example_dags/example_sensors.py
[2023-12-03T09:45:26.952+0000] {processor.py:829} INFO - Processing file /home/airflow/.local/lib/python3.8/site-packages/airflow/example_dags/example_sensors.py for tasks to queue
[2023-12-03T09:45:26.955+0000] {logging_mixin.py:154} INFO - [2023-12-03T09:45:26.955+0000] {dagbag.py:536} INFO - Filling up the DagBag from /home/airflow/.local/lib/python3.8/site-packages/airflow/example_dags/example_sensors.py
[2023-12-03T09:45:26.966+0000] {processor.py:839} INFO - DAG(s) dict_keys(['example_sensors']) retrieved from /home/airflow/.local/lib/python3.8/site-packages/airflow/example_dags/example_sensors.py
[2023-12-03T09:45:26.996+0000] {logging_mixin.py:154} INFO - [2023-12-03T09:45:26.996+0000] {dag.py:2941} INFO - Sync 1 DAGs
[2023-12-03T09:45:27.011+0000] {logging_mixin.py:154} INFO - [2023-12-03T09:45:27.010+0000] {dag.py:3722} INFO - Setting next_dagrun for example_sensors to None, run_after=None
[2023-12-03T09:45:27.030+0000] {processor.py:179} INFO - Processing /home/airflow/.local/lib/python3.8/site-packages/airflow/example_dags/example_sensors.py took 0.084 seconds
[2023-12-03T09:45:57.543+0000] {processor.py:157} INFO - Started process (PID=347) to work on /home/airflow/.local/lib/python3.8/site-packages/airflow/example_dags/example_sensors.py
[2023-12-03T09:45:57.545+0000] {processor.py:829} INFO - Processing file /home/airflow/.local/lib/python3.8/site-packages/airflow/example_dags/example_sensors.py for tasks to queue
[2023-12-03T09:45:57.547+0000] {logging_mixin.py:154} INFO - [2023-12-03T09:45:57.547+0000] {dagbag.py:536} INFO - Filling up the DagBag from /home/airflow/.local/lib/python3.8/site-packages/airflow/example_dags/example_sensors.py
[2023-12-03T09:45:57.557+0000] {processor.py:839} INFO - DAG(s) dict_keys(['example_sensors']) retrieved from /home/airflow/.local/lib/python3.8/site-packages/airflow/example_dags/example_sensors.py
[2023-12-03T09:45:57.581+0000] {logging_mixin.py:154} INFO - [2023-12-03T09:45:57.581+0000] {dag.py:2941} INFO - Sync 1 DAGs
[2023-12-03T09:45:57.594+0000] {logging_mixin.py:154} INFO - [2023-12-03T09:45:57.594+0000] {dag.py:3722} INFO - Setting next_dagrun for example_sensors to None, run_after=None
[2023-12-03T09:45:57.622+0000] {processor.py:179} INFO - Processing /home/airflow/.local/lib/python3.8/site-packages/airflow/example_dags/example_sensors.py took 0.083 seconds
[2023-12-03T09:46:28.167+0000] {processor.py:157} INFO - Started process (PID=405) to work on /home/airflow/.local/lib/python3.8/site-packages/airflow/example_dags/example_sensors.py
[2023-12-03T09:46:28.168+0000] {processor.py:829} INFO - Processing file /home/airflow/.local/lib/python3.8/site-packages/airflow/example_dags/example_sensors.py for tasks to queue
[2023-12-03T09:46:28.171+0000] {logging_mixin.py:154} INFO - [2023-12-03T09:46:28.171+0000] {dagbag.py:536} INFO - Filling up the DagBag from /home/airflow/.local/lib/python3.8/site-packages/airflow/example_dags/example_sensors.py
[2023-12-03T09:46:28.181+0000] {processor.py:839} INFO - DAG(s) dict_keys(['example_sensors']) retrieved from /home/airflow/.local/lib/python3.8/site-packages/airflow/example_dags/example_sensors.py
[2023-12-03T09:46:28.216+0000] {logging_mixin.py:154} INFO - [2023-12-03T09:46:28.216+0000] {dag.py:2941} INFO - Sync 1 DAGs
[2023-12-03T09:46:28.232+0000] {logging_mixin.py:154} INFO - [2023-12-03T09:46:28.232+0000] {dag.py:3722} INFO - Setting next_dagrun for example_sensors to None, run_after=None
[2023-12-03T09:46:28.257+0000] {processor.py:179} INFO - Processing /home/airflow/.local/lib/python3.8/site-packages/airflow/example_dags/example_sensors.py took 0.093 seconds
[2023-12-03T09:46:59.461+0000] {processor.py:157} INFO - Started process (PID=463) to work on /home/airflow/.local/lib/python3.8/site-packages/airflow/example_dags/example_sensors.py
[2023-12-03T09:46:59.463+0000] {processor.py:829} INFO - Processing file /home/airflow/.local/lib/python3.8/site-packages/airflow/example_dags/example_sensors.py for tasks to queue
[2023-12-03T09:46:59.466+0000] {logging_mixin.py:154} INFO - [2023-12-03T09:46:59.465+0000] {dagbag.py:536} INFO - Filling up the DagBag from /home/airflow/.local/lib/python3.8/site-packages/airflow/example_dags/example_sensors.py
[2023-12-03T09:46:59.476+0000] {processor.py:839} INFO - DAG(s) dict_keys(['example_sensors']) retrieved from /home/airflow/.local/lib/python3.8/site-packages/airflow/example_dags/example_sensors.py
[2023-12-03T09:46:59.505+0000] {logging_mixin.py:154} INFO - [2023-12-03T09:46:59.505+0000] {dag.py:2941} INFO - Sync 1 DAGs
[2023-12-03T09:46:59.523+0000] {logging_mixin.py:154} INFO - [2023-12-03T09:46:59.523+0000] {dag.py:3722} INFO - Setting next_dagrun for example_sensors to None, run_after=None
[2023-12-03T09:46:59.543+0000] {processor.py:179} INFO - Processing /home/airflow/.local/lib/python3.8/site-packages/airflow/example_dags/example_sensors.py took 0.087 seconds
[2023-12-03T09:47:30.215+0000] {processor.py:157} INFO - Started process (PID=521) to work on /home/airflow/.local/lib/python3.8/site-packages/airflow/example_dags/example_sensors.py
[2023-12-03T09:47:30.216+0000] {processor.py:829} INFO - Processing file /home/airflow/.local/lib/python3.8/site-packages/airflow/example_dags/example_sensors.py for tasks to queue
[2023-12-03T09:47:30.219+0000] {logging_mixin.py:154} INFO - [2023-12-03T09:47:30.218+0000] {dagbag.py:536} INFO - Filling up the DagBag from /home/airflow/.local/lib/python3.8/site-packages/airflow/example_dags/example_sensors.py
[2023-12-03T09:47:30.229+0000] {processor.py:839} INFO - DAG(s) dict_keys(['example_sensors']) retrieved from /home/airflow/.local/lib/python3.8/site-packages/airflow/example_dags/example_sensors.py
[2023-12-03T09:47:30.255+0000] {logging_mixin.py:154} INFO - [2023-12-03T09:47:30.255+0000] {dag.py:2941} INFO - Sync 1 DAGs
[2023-12-03T09:47:30.270+0000] {logging_mixin.py:154} INFO - [2023-12-03T09:47:30.270+0000] {dag.py:3722} INFO - Setting next_dagrun for example_sensors to None, run_after=None
[2023-12-03T09:47:30.288+0000] {processor.py:179} INFO - Processing /home/airflow/.local/lib/python3.8/site-packages/airflow/example_dags/example_sensors.py took 0.077 seconds
[2023-12-03T09:48:01.387+0000] {processor.py:157} INFO - Started process (PID=579) to work on /home/airflow/.local/lib/python3.8/site-packages/airflow/example_dags/example_sensors.py
[2023-12-03T09:48:01.388+0000] {processor.py:829} INFO - Processing file /home/airflow/.local/lib/python3.8/site-packages/airflow/example_dags/example_sensors.py for tasks to queue
[2023-12-03T09:48:01.391+0000] {logging_mixin.py:154} INFO - [2023-12-03T09:48:01.390+0000] {dagbag.py:536} INFO - Filling up the DagBag from /home/airflow/.local/lib/python3.8/site-packages/airflow/example_dags/example_sensors.py
[2023-12-03T09:48:01.400+0000] {processor.py:839} INFO - DAG(s) dict_keys(['example_sensors']) retrieved from /home/airflow/.local/lib/python3.8/site-packages/airflow/example_dags/example_sensors.py
[2023-12-03T09:48:01.425+0000] {logging_mixin.py:154} INFO - [2023-12-03T09:48:01.425+0000] {dag.py:2941} INFO - Sync 1 DAGs
[2023-12-03T09:48:01.438+0000] {logging_mixin.py:154} INFO - [2023-12-03T09:48:01.437+0000] {dag.py:3722} INFO - Setting next_dagrun for example_sensors to None, run_after=None
[2023-12-03T09:48:01.455+0000] {processor.py:179} INFO - Processing /home/airflow/.local/lib/python3.8/site-packages/airflow/example_dags/example_sensors.py took 0.073 seconds
[2023-12-03T09:48:32.259+0000] {processor.py:157} INFO - Started process (PID=636) to work on /home/airflow/.local/lib/python3.8/site-packages/airflow/example_dags/example_sensors.py
[2023-12-03T09:48:32.260+0000] {processor.py:829} INFO - Processing file /home/airflow/.local/lib/python3.8/site-packages/airflow/example_dags/example_sensors.py for tasks to queue
[2023-12-03T09:48:32.262+0000] {logging_mixin.py:154} INFO - [2023-12-03T09:48:32.262+0000] {dagbag.py:536} INFO - Filling up the DagBag from /home/airflow/.local/lib/python3.8/site-packages/airflow/example_dags/example_sensors.py
[2023-12-03T09:48:32.270+0000] {processor.py:839} INFO - DAG(s) dict_keys(['example_sensors']) retrieved from /home/airflow/.local/lib/python3.8/site-packages/airflow/example_dags/example_sensors.py
[2023-12-03T09:48:32.297+0000] {logging_mixin.py:154} INFO - [2023-12-03T09:48:32.296+0000] {dag.py:2941} INFO - Sync 1 DAGs
[2023-12-03T09:48:32.308+0000] {logging_mixin.py:154} INFO - [2023-12-03T09:48:32.308+0000] {dag.py:3722} INFO - Setting next_dagrun for example_sensors to None, run_after=None
[2023-12-03T09:48:32.323+0000] {processor.py:179} INFO - Processing /home/airflow/.local/lib/python3.8/site-packages/airflow/example_dags/example_sensors.py took 0.068 seconds
[2023-12-03T09:49:03.472+0000] {processor.py:157} INFO - Started process (PID=701) to work on /home/airflow/.local/lib/python3.8/site-packages/airflow/example_dags/example_sensors.py
[2023-12-03T09:49:03.473+0000] {processor.py:829} INFO - Processing file /home/airflow/.local/lib/python3.8/site-packages/airflow/example_dags/example_sensors.py for tasks to queue
[2023-12-03T09:49:03.475+0000] {logging_mixin.py:154} INFO - [2023-12-03T09:49:03.475+0000] {dagbag.py:536} INFO - Filling up the DagBag from /home/airflow/.local/lib/python3.8/site-packages/airflow/example_dags/example_sensors.py
[2023-12-03T09:49:03.485+0000] {processor.py:839} INFO - DAG(s) dict_keys(['example_sensors']) retrieved from /home/airflow/.local/lib/python3.8/site-packages/airflow/example_dags/example_sensors.py
[2023-12-03T09:49:03.510+0000] {logging_mixin.py:154} INFO - [2023-12-03T09:49:03.509+0000] {dag.py:2941} INFO - Sync 1 DAGs
[2023-12-03T09:49:03.522+0000] {logging_mixin.py:154} INFO - [2023-12-03T09:49:03.522+0000] {dag.py:3722} INFO - Setting next_dagrun for example_sensors to None, run_after=None
[2023-12-03T09:49:03.539+0000] {processor.py:179} INFO - Processing /home/airflow/.local/lib/python3.8/site-packages/airflow/example_dags/example_sensors.py took 0.073 seconds
[2023-12-03T09:49:34.297+0000] {processor.py:157} INFO - Started process (PID=759) to work on /home/airflow/.local/lib/python3.8/site-packages/airflow/example_dags/example_sensors.py
[2023-12-03T09:49:34.299+0000] {processor.py:829} INFO - Processing file /home/airflow/.local/lib/python3.8/site-packages/airflow/example_dags/example_sensors.py for tasks to queue
[2023-12-03T09:49:34.302+0000] {logging_mixin.py:154} INFO - [2023-12-03T09:49:34.302+0000] {dagbag.py:536} INFO - Filling up the DagBag from /home/airflow/.local/lib/python3.8/site-packages/airflow/example_dags/example_sensors.py
[2023-12-03T09:49:34.312+0000] {processor.py:839} INFO - DAG(s) dict_keys(['example_sensors']) retrieved from /home/airflow/.local/lib/python3.8/site-packages/airflow/example_dags/example_sensors.py
[2023-12-03T09:49:34.347+0000] {logging_mixin.py:154} INFO - [2023-12-03T09:49:34.347+0000] {dag.py:2941} INFO - Sync 1 DAGs
[2023-12-03T09:49:34.361+0000] {logging_mixin.py:154} INFO - [2023-12-03T09:49:34.360+0000] {dag.py:3722} INFO - Setting next_dagrun for example_sensors to None, run_after=None
[2023-12-03T09:49:34.378+0000] {processor.py:179} INFO - Processing /home/airflow/.local/lib/python3.8/site-packages/airflow/example_dags/example_sensors.py took 0.085 seconds
[2023-12-03T09:50:05.408+0000] {processor.py:157} INFO - Started process (PID=817) to work on /home/airflow/.local/lib/python3.8/site-packages/airflow/example_dags/example_sensors.py
[2023-12-03T09:50:05.409+0000] {processor.py:829} INFO - Processing file /home/airflow/.local/lib/python3.8/site-packages/airflow/example_dags/example_sensors.py for tasks to queue
[2023-12-03T09:50:05.411+0000] {logging_mixin.py:154} INFO - [2023-12-03T09:50:05.411+0000] {dagbag.py:536} INFO - Filling up the DagBag from /home/airflow/.local/lib/python3.8/site-packages/airflow/example_dags/example_sensors.py
[2023-12-03T09:50:05.419+0000] {processor.py:839} INFO - DAG(s) dict_keys(['example_sensors']) retrieved from /home/airflow/.local/lib/python3.8/site-packages/airflow/example_dags/example_sensors.py
[2023-12-03T09:50:05.443+0000] {logging_mixin.py:154} INFO - [2023-12-03T09:50:05.443+0000] {dag.py:2941} INFO - Sync 1 DAGs
[2023-12-03T09:50:05.456+0000] {logging_mixin.py:154} INFO - [2023-12-03T09:50:05.456+0000] {dag.py:3722} INFO - Setting next_dagrun for example_sensors to None, run_after=None
[2023-12-03T09:50:05.473+0000] {processor.py:179} INFO - Processing /home/airflow/.local/lib/python3.8/site-packages/airflow/example_dags/example_sensors.py took 0.068 seconds
[2023-12-03T09:50:35.588+0000] {processor.py:157} INFO - Started process (PID=873) to work on /home/airflow/.local/lib/python3.8/site-packages/airflow/example_dags/example_sensors.py
[2023-12-03T09:50:35.589+0000] {processor.py:829} INFO - Processing file /home/airflow/.local/lib/python3.8/site-packages/airflow/example_dags/example_sensors.py for tasks to queue
[2023-12-03T09:50:35.592+0000] {logging_mixin.py:154} INFO - [2023-12-03T09:50:35.591+0000] {dagbag.py:536} INFO - Filling up the DagBag from /home/airflow/.local/lib/python3.8/site-packages/airflow/example_dags/example_sensors.py
[2023-12-03T09:50:35.601+0000] {processor.py:839} INFO - DAG(s) dict_keys(['example_sensors']) retrieved from /home/airflow/.local/lib/python3.8/site-packages/airflow/example_dags/example_sensors.py
[2023-12-03T09:50:35.624+0000] {logging_mixin.py:154} INFO - [2023-12-03T09:50:35.624+0000] {dag.py:2941} INFO - Sync 1 DAGs
[2023-12-03T09:50:35.635+0000] {logging_mixin.py:154} INFO - [2023-12-03T09:50:35.635+0000] {dag.py:3722} INFO - Setting next_dagrun for example_sensors to None, run_after=None
[2023-12-03T09:50:35.649+0000] {processor.py:179} INFO - Processing /home/airflow/.local/lib/python3.8/site-packages/airflow/example_dags/example_sensors.py took 0.065 seconds
[2023-12-03T09:51:05.781+0000] {processor.py:157} INFO - Started process (PID=931) to work on /home/airflow/.local/lib/python3.8/site-packages/airflow/example_dags/example_sensors.py
[2023-12-03T09:51:05.782+0000] {processor.py:829} INFO - Processing file /home/airflow/.local/lib/python3.8/site-packages/airflow/example_dags/example_sensors.py for tasks to queue
[2023-12-03T09:51:05.784+0000] {logging_mixin.py:154} INFO - [2023-12-03T09:51:05.784+0000] {dagbag.py:536} INFO - Filling up the DagBag from /home/airflow/.local/lib/python3.8/site-packages/airflow/example_dags/example_sensors.py
[2023-12-03T09:51:05.794+0000] {processor.py:839} INFO - DAG(s) dict_keys(['example_sensors']) retrieved from /home/airflow/.local/lib/python3.8/site-packages/airflow/example_dags/example_sensors.py
[2023-12-03T09:51:05.820+0000] {logging_mixin.py:154} INFO - [2023-12-03T09:51:05.820+0000] {dag.py:2941} INFO - Sync 1 DAGs
[2023-12-03T09:51:05.832+0000] {logging_mixin.py:154} INFO - [2023-12-03T09:51:05.832+0000] {dag.py:3722} INFO - Setting next_dagrun for example_sensors to None, run_after=None
[2023-12-03T09:51:05.848+0000] {processor.py:179} INFO - Processing /home/airflow/.local/lib/python3.8/site-packages/airflow/example_dags/example_sensors.py took 0.072 seconds
[2023-12-03T09:51:36.642+0000] {processor.py:157} INFO - Started process (PID=989) to work on /home/airflow/.local/lib/python3.8/site-packages/airflow/example_dags/example_sensors.py
[2023-12-03T09:51:36.643+0000] {processor.py:829} INFO - Processing file /home/airflow/.local/lib/python3.8/site-packages/airflow/example_dags/example_sensors.py for tasks to queue
[2023-12-03T09:51:36.646+0000] {logging_mixin.py:154} INFO - [2023-12-03T09:51:36.646+0000] {dagbag.py:536} INFO - Filling up the DagBag from /home/airflow/.local/lib/python3.8/site-packages/airflow/example_dags/example_sensors.py
[2023-12-03T09:51:36.657+0000] {processor.py:839} INFO - DAG(s) dict_keys(['example_sensors']) retrieved from /home/airflow/.local/lib/python3.8/site-packages/airflow/example_dags/example_sensors.py
[2023-12-03T09:51:36.687+0000] {logging_mixin.py:154} INFO - [2023-12-03T09:51:36.686+0000] {dag.py:2941} INFO - Sync 1 DAGs
[2023-12-03T09:51:36.704+0000] {logging_mixin.py:154} INFO - [2023-12-03T09:51:36.704+0000] {dag.py:3722} INFO - Setting next_dagrun for example_sensors to None, run_after=None
[2023-12-03T09:51:36.728+0000] {processor.py:179} INFO - Processing /home/airflow/.local/lib/python3.8/site-packages/airflow/example_dags/example_sensors.py took 0.090 seconds
[2023-12-03T09:52:07.591+0000] {processor.py:157} INFO - Started process (PID=1047) to work on /home/airflow/.local/lib/python3.8/site-packages/airflow/example_dags/example_sensors.py
[2023-12-03T09:52:07.592+0000] {processor.py:829} INFO - Processing file /home/airflow/.local/lib/python3.8/site-packages/airflow/example_dags/example_sensors.py for tasks to queue
[2023-12-03T09:52:07.594+0000] {logging_mixin.py:154} INFO - [2023-12-03T09:52:07.594+0000] {dagbag.py:536} INFO - Filling up the DagBag from /home/airflow/.local/lib/python3.8/site-packages/airflow/example_dags/example_sensors.py
[2023-12-03T09:52:07.603+0000] {processor.py:839} INFO - DAG(s) dict_keys(['example_sensors']) retrieved from /home/airflow/.local/lib/python3.8/site-packages/airflow/example_dags/example_sensors.py
[2023-12-03T09:52:07.624+0000] {logging_mixin.py:154} INFO - [2023-12-03T09:52:07.624+0000] {dag.py:2941} INFO - Sync 1 DAGs
[2023-12-03T09:52:07.635+0000] {logging_mixin.py:154} INFO - [2023-12-03T09:52:07.635+0000] {dag.py:3722} INFO - Setting next_dagrun for example_sensors to None, run_after=None
[2023-12-03T09:52:07.652+0000] {processor.py:179} INFO - Processing /home/airflow/.local/lib/python3.8/site-packages/airflow/example_dags/example_sensors.py took 0.064 seconds
[2023-12-03T09:52:37.718+0000] {processor.py:157} INFO - Started process (PID=1105) to work on /home/airflow/.local/lib/python3.8/site-packages/airflow/example_dags/example_sensors.py
[2023-12-03T09:52:37.719+0000] {processor.py:829} INFO - Processing file /home/airflow/.local/lib/python3.8/site-packages/airflow/example_dags/example_sensors.py for tasks to queue
[2023-12-03T09:52:37.722+0000] {logging_mixin.py:154} INFO - [2023-12-03T09:52:37.722+0000] {dagbag.py:536} INFO - Filling up the DagBag from /home/airflow/.local/lib/python3.8/site-packages/airflow/example_dags/example_sensors.py
[2023-12-03T09:52:37.732+0000] {processor.py:839} INFO - DAG(s) dict_keys(['example_sensors']) retrieved from /home/airflow/.local/lib/python3.8/site-packages/airflow/example_dags/example_sensors.py
[2023-12-03T09:52:37.762+0000] {logging_mixin.py:154} INFO - [2023-12-03T09:52:37.762+0000] {dag.py:2941} INFO - Sync 1 DAGs
[2023-12-03T09:52:37.778+0000] {logging_mixin.py:154} INFO - [2023-12-03T09:52:37.778+0000] {dag.py:3722} INFO - Setting next_dagrun for example_sensors to None, run_after=None
[2023-12-03T09:52:37.801+0000] {processor.py:179} INFO - Processing /home/airflow/.local/lib/python3.8/site-packages/airflow/example_dags/example_sensors.py took 0.087 seconds
[2023-12-03T09:53:08.070+0000] {processor.py:157} INFO - Started process (PID=1163) to work on /home/airflow/.local/lib/python3.8/site-packages/airflow/example_dags/example_sensors.py
[2023-12-03T09:53:08.071+0000] {processor.py:829} INFO - Processing file /home/airflow/.local/lib/python3.8/site-packages/airflow/example_dags/example_sensors.py for tasks to queue
[2023-12-03T09:53:08.073+0000] {logging_mixin.py:154} INFO - [2023-12-03T09:53:08.073+0000] {dagbag.py:536} INFO - Filling up the DagBag from /home/airflow/.local/lib/python3.8/site-packages/airflow/example_dags/example_sensors.py
[2023-12-03T09:53:08.082+0000] {processor.py:839} INFO - DAG(s) dict_keys(['example_sensors']) retrieved from /home/airflow/.local/lib/python3.8/site-packages/airflow/example_dags/example_sensors.py
[2023-12-03T09:53:08.108+0000] {logging_mixin.py:154} INFO - [2023-12-03T09:53:08.107+0000] {dag.py:2941} INFO - Sync 1 DAGs
[2023-12-03T09:53:08.121+0000] {logging_mixin.py:154} INFO - [2023-12-03T09:53:08.121+0000] {dag.py:3722} INFO - Setting next_dagrun for example_sensors to None, run_after=None
[2023-12-03T09:53:08.137+0000] {processor.py:179} INFO - Processing /home/airflow/.local/lib/python3.8/site-packages/airflow/example_dags/example_sensors.py took 0.071 seconds
[2023-12-03T09:53:38.331+0000] {processor.py:157} INFO - Started process (PID=1221) to work on /home/airflow/.local/lib/python3.8/site-packages/airflow/example_dags/example_sensors.py
[2023-12-03T09:53:38.332+0000] {processor.py:829} INFO - Processing file /home/airflow/.local/lib/python3.8/site-packages/airflow/example_dags/example_sensors.py for tasks to queue
[2023-12-03T09:53:38.335+0000] {logging_mixin.py:154} INFO - [2023-12-03T09:53:38.335+0000] {dagbag.py:536} INFO - Filling up the DagBag from /home/airflow/.local/lib/python3.8/site-packages/airflow/example_dags/example_sensors.py
[2023-12-03T09:53:38.344+0000] {processor.py:839} INFO - DAG(s) dict_keys(['example_sensors']) retrieved from /home/airflow/.local/lib/python3.8/site-packages/airflow/example_dags/example_sensors.py
[2023-12-03T09:53:38.367+0000] {logging_mixin.py:154} INFO - [2023-12-03T09:53:38.367+0000] {dag.py:2941} INFO - Sync 1 DAGs
[2023-12-03T09:53:38.381+0000] {logging_mixin.py:154} INFO - [2023-12-03T09:53:38.381+0000] {dag.py:3722} INFO - Setting next_dagrun for example_sensors to None, run_after=None
[2023-12-03T09:53:38.398+0000] {processor.py:179} INFO - Processing /home/airflow/.local/lib/python3.8/site-packages/airflow/example_dags/example_sensors.py took 0.071 seconds
[2023-12-03T09:54:08.645+0000] {processor.py:157} INFO - Started process (PID=1279) to work on /home/airflow/.local/lib/python3.8/site-packages/airflow/example_dags/example_sensors.py
[2023-12-03T09:54:08.646+0000] {processor.py:829} INFO - Processing file /home/airflow/.local/lib/python3.8/site-packages/airflow/example_dags/example_sensors.py for tasks to queue
[2023-12-03T09:54:08.649+0000] {logging_mixin.py:154} INFO - [2023-12-03T09:54:08.648+0000] {dagbag.py:536} INFO - Filling up the DagBag from /home/airflow/.local/lib/python3.8/site-packages/airflow/example_dags/example_sensors.py
[2023-12-03T09:54:08.657+0000] {processor.py:839} INFO - DAG(s) dict_keys(['example_sensors']) retrieved from /home/airflow/.local/lib/python3.8/site-packages/airflow/example_dags/example_sensors.py
[2023-12-03T09:54:08.681+0000] {logging_mixin.py:154} INFO - [2023-12-03T09:54:08.681+0000] {dag.py:2941} INFO - Sync 1 DAGs
[2023-12-03T09:54:08.692+0000] {logging_mixin.py:154} INFO - [2023-12-03T09:54:08.692+0000] {dag.py:3722} INFO - Setting next_dagrun for example_sensors to None, run_after=None
[2023-12-03T09:54:08.708+0000] {processor.py:179} INFO - Processing /home/airflow/.local/lib/python3.8/site-packages/airflow/example_dags/example_sensors.py took 0.067 seconds
[2023-12-03T09:54:39.082+0000] {processor.py:157} INFO - Started process (PID=1337) to work on /home/airflow/.local/lib/python3.8/site-packages/airflow/example_dags/example_sensors.py
[2023-12-03T09:54:39.083+0000] {processor.py:829} INFO - Processing file /home/airflow/.local/lib/python3.8/site-packages/airflow/example_dags/example_sensors.py for tasks to queue
[2023-12-03T09:54:39.085+0000] {logging_mixin.py:154} INFO - [2023-12-03T09:54:39.085+0000] {dagbag.py:536} INFO - Filling up the DagBag from /home/airflow/.local/lib/python3.8/site-packages/airflow/example_dags/example_sensors.py
[2023-12-03T09:54:39.094+0000] {processor.py:839} INFO - DAG(s) dict_keys(['example_sensors']) retrieved from /home/airflow/.local/lib/python3.8/site-packages/airflow/example_dags/example_sensors.py
[2023-12-03T09:54:39.118+0000] {logging_mixin.py:154} INFO - [2023-12-03T09:54:39.118+0000] {dag.py:2941} INFO - Sync 1 DAGs
[2023-12-03T09:54:39.129+0000] {logging_mixin.py:154} INFO - [2023-12-03T09:54:39.129+0000] {dag.py:3722} INFO - Setting next_dagrun for example_sensors to None, run_after=None
[2023-12-03T09:54:39.146+0000] {processor.py:179} INFO - Processing /home/airflow/.local/lib/python3.8/site-packages/airflow/example_dags/example_sensors.py took 0.068 seconds
[2023-12-03T09:55:09.431+0000] {processor.py:157} INFO - Started process (PID=1395) to work on /home/airflow/.local/lib/python3.8/site-packages/airflow/example_dags/example_sensors.py
[2023-12-03T09:55:09.432+0000] {processor.py:829} INFO - Processing file /home/airflow/.local/lib/python3.8/site-packages/airflow/example_dags/example_sensors.py for tasks to queue
[2023-12-03T09:55:09.435+0000] {logging_mixin.py:154} INFO - [2023-12-03T09:55:09.435+0000] {dagbag.py:536} INFO - Filling up the DagBag from /home/airflow/.local/lib/python3.8/site-packages/airflow/example_dags/example_sensors.py
[2023-12-03T09:55:09.444+0000] {processor.py:839} INFO - DAG(s) dict_keys(['example_sensors']) retrieved from /home/airflow/.local/lib/python3.8/site-packages/airflow/example_dags/example_sensors.py
[2023-12-03T09:55:09.466+0000] {logging_mixin.py:154} INFO - [2023-12-03T09:55:09.466+0000] {dag.py:2941} INFO - Sync 1 DAGs
[2023-12-03T09:55:09.479+0000] {logging_mixin.py:154} INFO - [2023-12-03T09:55:09.479+0000] {dag.py:3722} INFO - Setting next_dagrun for example_sensors to None, run_after=None
[2023-12-03T09:55:09.495+0000] {processor.py:179} INFO - Processing /home/airflow/.local/lib/python3.8/site-packages/airflow/example_dags/example_sensors.py took 0.068 seconds
[2023-12-03T09:55:39.951+0000] {processor.py:157} INFO - Started process (PID=1454) to work on /home/airflow/.local/lib/python3.8/site-packages/airflow/example_dags/example_sensors.py
[2023-12-03T09:55:39.952+0000] {processor.py:829} INFO - Processing file /home/airflow/.local/lib/python3.8/site-packages/airflow/example_dags/example_sensors.py for tasks to queue
[2023-12-03T09:55:39.955+0000] {logging_mixin.py:154} INFO - [2023-12-03T09:55:39.955+0000] {dagbag.py:536} INFO - Filling up the DagBag from /home/airflow/.local/lib/python3.8/site-packages/airflow/example_dags/example_sensors.py
[2023-12-03T09:55:39.965+0000] {processor.py:839} INFO - DAG(s) dict_keys(['example_sensors']) retrieved from /home/airflow/.local/lib/python3.8/site-packages/airflow/example_dags/example_sensors.py
[2023-12-03T09:55:39.987+0000] {logging_mixin.py:154} INFO - [2023-12-03T09:55:39.987+0000] {dag.py:2941} INFO - Sync 1 DAGs
[2023-12-03T09:55:39.999+0000] {logging_mixin.py:154} INFO - [2023-12-03T09:55:39.999+0000] {dag.py:3722} INFO - Setting next_dagrun for example_sensors to None, run_after=None
[2023-12-03T09:55:40.016+0000] {processor.py:179} INFO - Processing /home/airflow/.local/lib/python3.8/site-packages/airflow/example_dags/example_sensors.py took 0.069 seconds
[2023-12-03T09:56:10.275+0000] {processor.py:157} INFO - Started process (PID=1516) to work on /home/airflow/.local/lib/python3.8/site-packages/airflow/example_dags/example_sensors.py
[2023-12-03T09:56:10.276+0000] {processor.py:829} INFO - Processing file /home/airflow/.local/lib/python3.8/site-packages/airflow/example_dags/example_sensors.py for tasks to queue
[2023-12-03T09:56:10.279+0000] {logging_mixin.py:154} INFO - [2023-12-03T09:56:10.279+0000] {dagbag.py:536} INFO - Filling up the DagBag from /home/airflow/.local/lib/python3.8/site-packages/airflow/example_dags/example_sensors.py
[2023-12-03T09:56:10.287+0000] {processor.py:839} INFO - DAG(s) dict_keys(['example_sensors']) retrieved from /home/airflow/.local/lib/python3.8/site-packages/airflow/example_dags/example_sensors.py
[2023-12-03T09:56:10.309+0000] {logging_mixin.py:154} INFO - [2023-12-03T09:56:10.309+0000] {dag.py:2941} INFO - Sync 1 DAGs
[2023-12-03T09:56:10.322+0000] {logging_mixin.py:154} INFO - [2023-12-03T09:56:10.322+0000] {dag.py:3722} INFO - Setting next_dagrun for example_sensors to None, run_after=None
[2023-12-03T09:56:10.339+0000] {processor.py:179} INFO - Processing /home/airflow/.local/lib/python3.8/site-packages/airflow/example_dags/example_sensors.py took 0.067 seconds
[2023-12-03T09:56:41.209+0000] {processor.py:157} INFO - Started process (PID=1574) to work on /home/airflow/.local/lib/python3.8/site-packages/airflow/example_dags/example_sensors.py
[2023-12-03T09:56:41.210+0000] {processor.py:829} INFO - Processing file /home/airflow/.local/lib/python3.8/site-packages/airflow/example_dags/example_sensors.py for tasks to queue
[2023-12-03T09:56:41.212+0000] {logging_mixin.py:154} INFO - [2023-12-03T09:56:41.212+0000] {dagbag.py:536} INFO - Filling up the DagBag from /home/airflow/.local/lib/python3.8/site-packages/airflow/example_dags/example_sensors.py
[2023-12-03T09:56:41.220+0000] {processor.py:839} INFO - DAG(s) dict_keys(['example_sensors']) retrieved from /home/airflow/.local/lib/python3.8/site-packages/airflow/example_dags/example_sensors.py
[2023-12-03T09:56:41.242+0000] {logging_mixin.py:154} INFO - [2023-12-03T09:56:41.242+0000] {dag.py:2941} INFO - Sync 1 DAGs
[2023-12-03T09:56:41.254+0000] {logging_mixin.py:154} INFO - [2023-12-03T09:56:41.254+0000] {dag.py:3722} INFO - Setting next_dagrun for example_sensors to None, run_after=None
[2023-12-03T09:56:41.273+0000] {processor.py:179} INFO - Processing /home/airflow/.local/lib/python3.8/site-packages/airflow/example_dags/example_sensors.py took 0.067 seconds
[2023-12-03T09:57:11.978+0000] {processor.py:157} INFO - Started process (PID=1632) to work on /home/airflow/.local/lib/python3.8/site-packages/airflow/example_dags/example_sensors.py
[2023-12-03T09:57:11.979+0000] {processor.py:829} INFO - Processing file /home/airflow/.local/lib/python3.8/site-packages/airflow/example_dags/example_sensors.py for tasks to queue
[2023-12-03T09:57:11.982+0000] {logging_mixin.py:154} INFO - [2023-12-03T09:57:11.982+0000] {dagbag.py:536} INFO - Filling up the DagBag from /home/airflow/.local/lib/python3.8/site-packages/airflow/example_dags/example_sensors.py
[2023-12-03T09:57:11.990+0000] {processor.py:839} INFO - DAG(s) dict_keys(['example_sensors']) retrieved from /home/airflow/.local/lib/python3.8/site-packages/airflow/example_dags/example_sensors.py
[2023-12-03T09:57:12.015+0000] {logging_mixin.py:154} INFO - [2023-12-03T09:57:12.015+0000] {dag.py:2941} INFO - Sync 1 DAGs
[2023-12-03T09:57:12.027+0000] {logging_mixin.py:154} INFO - [2023-12-03T09:57:12.027+0000] {dag.py:3722} INFO - Setting next_dagrun for example_sensors to None, run_after=None
[2023-12-03T09:57:12.044+0000] {processor.py:179} INFO - Processing /home/airflow/.local/lib/python3.8/site-packages/airflow/example_dags/example_sensors.py took 0.070 seconds
[2023-12-03T09:57:42.194+0000] {processor.py:157} INFO - Started process (PID=1692) to work on /home/airflow/.local/lib/python3.8/site-packages/airflow/example_dags/example_sensors.py
[2023-12-03T09:57:42.195+0000] {processor.py:829} INFO - Processing file /home/airflow/.local/lib/python3.8/site-packages/airflow/example_dags/example_sensors.py for tasks to queue
[2023-12-03T09:57:42.198+0000] {logging_mixin.py:154} INFO - [2023-12-03T09:57:42.198+0000] {dagbag.py:536} INFO - Filling up the DagBag from /home/airflow/.local/lib/python3.8/site-packages/airflow/example_dags/example_sensors.py
[2023-12-03T09:57:42.212+0000] {processor.py:839} INFO - DAG(s) dict_keys(['example_sensors']) retrieved from /home/airflow/.local/lib/python3.8/site-packages/airflow/example_dags/example_sensors.py
[2023-12-03T09:57:42.240+0000] {logging_mixin.py:154} INFO - [2023-12-03T09:57:42.240+0000] {dag.py:2941} INFO - Sync 1 DAGs
[2023-12-03T09:57:42.256+0000] {logging_mixin.py:154} INFO - [2023-12-03T09:57:42.256+0000] {dag.py:3722} INFO - Setting next_dagrun for example_sensors to None, run_after=None
[2023-12-03T09:57:42.281+0000] {processor.py:179} INFO - Processing /home/airflow/.local/lib/python3.8/site-packages/airflow/example_dags/example_sensors.py took 0.093 seconds
[2023-12-03T09:58:12.302+0000] {processor.py:157} INFO - Started process (PID=1749) to work on /home/airflow/.local/lib/python3.8/site-packages/airflow/example_dags/example_sensors.py
[2023-12-03T09:58:12.302+0000] {processor.py:829} INFO - Processing file /home/airflow/.local/lib/python3.8/site-packages/airflow/example_dags/example_sensors.py for tasks to queue
[2023-12-03T09:58:12.304+0000] {logging_mixin.py:154} INFO - [2023-12-03T09:58:12.304+0000] {dagbag.py:536} INFO - Filling up the DagBag from /home/airflow/.local/lib/python3.8/site-packages/airflow/example_dags/example_sensors.py
[2023-12-03T09:58:12.313+0000] {processor.py:839} INFO - DAG(s) dict_keys(['example_sensors']) retrieved from /home/airflow/.local/lib/python3.8/site-packages/airflow/example_dags/example_sensors.py
[2023-12-03T09:58:12.333+0000] {logging_mixin.py:154} INFO - [2023-12-03T09:58:12.333+0000] {dag.py:2941} INFO - Sync 1 DAGs
[2023-12-03T09:58:12.342+0000] {logging_mixin.py:154} INFO - [2023-12-03T09:58:12.342+0000] {dag.py:3722} INFO - Setting next_dagrun for example_sensors to None, run_after=None
[2023-12-03T09:58:12.358+0000] {processor.py:179} INFO - Processing /home/airflow/.local/lib/python3.8/site-packages/airflow/example_dags/example_sensors.py took 0.059 seconds
[2023-12-03T09:58:42.775+0000] {processor.py:157} INFO - Started process (PID=1807) to work on /home/airflow/.local/lib/python3.8/site-packages/airflow/example_dags/example_sensors.py
[2023-12-03T09:58:42.776+0000] {processor.py:829} INFO - Processing file /home/airflow/.local/lib/python3.8/site-packages/airflow/example_dags/example_sensors.py for tasks to queue
[2023-12-03T09:58:42.779+0000] {logging_mixin.py:154} INFO - [2023-12-03T09:58:42.778+0000] {dagbag.py:536} INFO - Filling up the DagBag from /home/airflow/.local/lib/python3.8/site-packages/airflow/example_dags/example_sensors.py
[2023-12-03T09:58:42.788+0000] {processor.py:839} INFO - DAG(s) dict_keys(['example_sensors']) retrieved from /home/airflow/.local/lib/python3.8/site-packages/airflow/example_dags/example_sensors.py
[2023-12-03T09:58:42.809+0000] {logging_mixin.py:154} INFO - [2023-12-03T09:58:42.809+0000] {dag.py:2941} INFO - Sync 1 DAGs
[2023-12-03T09:58:42.822+0000] {logging_mixin.py:154} INFO - [2023-12-03T09:58:42.822+0000] {dag.py:3722} INFO - Setting next_dagrun for example_sensors to None, run_after=None
[2023-12-03T09:58:42.839+0000] {processor.py:179} INFO - Processing /home/airflow/.local/lib/python3.8/site-packages/airflow/example_dags/example_sensors.py took 0.068 seconds
[2023-12-03T09:59:13.424+0000] {processor.py:157} INFO - Started process (PID=1865) to work on /home/airflow/.local/lib/python3.8/site-packages/airflow/example_dags/example_sensors.py
[2023-12-03T09:59:13.425+0000] {processor.py:829} INFO - Processing file /home/airflow/.local/lib/python3.8/site-packages/airflow/example_dags/example_sensors.py for tasks to queue
[2023-12-03T09:59:13.428+0000] {logging_mixin.py:154} INFO - [2023-12-03T09:59:13.427+0000] {dagbag.py:536} INFO - Filling up the DagBag from /home/airflow/.local/lib/python3.8/site-packages/airflow/example_dags/example_sensors.py
[2023-12-03T09:59:13.438+0000] {processor.py:839} INFO - DAG(s) dict_keys(['example_sensors']) retrieved from /home/airflow/.local/lib/python3.8/site-packages/airflow/example_dags/example_sensors.py
[2023-12-03T09:59:13.465+0000] {logging_mixin.py:154} INFO - [2023-12-03T09:59:13.465+0000] {dag.py:2941} INFO - Sync 1 DAGs
[2023-12-03T09:59:13.480+0000] {logging_mixin.py:154} INFO - [2023-12-03T09:59:13.480+0000] {dag.py:3722} INFO - Setting next_dagrun for example_sensors to None, run_after=None
[2023-12-03T09:59:13.499+0000] {processor.py:179} INFO - Processing /home/airflow/.local/lib/python3.8/site-packages/airflow/example_dags/example_sensors.py took 0.079 seconds
[2023-12-03T09:59:44.347+0000] {processor.py:157} INFO - Started process (PID=1924) to work on /home/airflow/.local/lib/python3.8/site-packages/airflow/example_dags/example_sensors.py
[2023-12-03T09:59:44.348+0000] {processor.py:829} INFO - Processing file /home/airflow/.local/lib/python3.8/site-packages/airflow/example_dags/example_sensors.py for tasks to queue
[2023-12-03T09:59:44.350+0000] {logging_mixin.py:154} INFO - [2023-12-03T09:59:44.350+0000] {dagbag.py:536} INFO - Filling up the DagBag from /home/airflow/.local/lib/python3.8/site-packages/airflow/example_dags/example_sensors.py
[2023-12-03T09:59:44.359+0000] {processor.py:839} INFO - DAG(s) dict_keys(['example_sensors']) retrieved from /home/airflow/.local/lib/python3.8/site-packages/airflow/example_dags/example_sensors.py
[2023-12-03T09:59:44.383+0000] {logging_mixin.py:154} INFO - [2023-12-03T09:59:44.383+0000] {dag.py:2941} INFO - Sync 1 DAGs
[2023-12-03T09:59:44.394+0000] {logging_mixin.py:154} INFO - [2023-12-03T09:59:44.394+0000] {dag.py:3722} INFO - Setting next_dagrun for example_sensors to None, run_after=None
[2023-12-03T09:59:44.411+0000] {processor.py:179} INFO - Processing /home/airflow/.local/lib/python3.8/site-packages/airflow/example_dags/example_sensors.py took 0.068 seconds
[2023-12-03T10:00:14.860+0000] {processor.py:157} INFO - Started process (PID=1986) to work on /home/airflow/.local/lib/python3.8/site-packages/airflow/example_dags/example_sensors.py
[2023-12-03T10:00:14.862+0000] {processor.py:829} INFO - Processing file /home/airflow/.local/lib/python3.8/site-packages/airflow/example_dags/example_sensors.py for tasks to queue
[2023-12-03T10:00:14.865+0000] {logging_mixin.py:154} INFO - [2023-12-03T10:00:14.864+0000] {dagbag.py:536} INFO - Filling up the DagBag from /home/airflow/.local/lib/python3.8/site-packages/airflow/example_dags/example_sensors.py
[2023-12-03T10:00:14.876+0000] {processor.py:839} INFO - DAG(s) dict_keys(['example_sensors']) retrieved from /home/airflow/.local/lib/python3.8/site-packages/airflow/example_dags/example_sensors.py
[2023-12-03T10:00:14.903+0000] {logging_mixin.py:154} INFO - [2023-12-03T10:00:14.903+0000] {dag.py:2941} INFO - Sync 1 DAGs
[2023-12-03T10:00:14.916+0000] {logging_mixin.py:154} INFO - [2023-12-03T10:00:14.916+0000] {dag.py:3722} INFO - Setting next_dagrun for example_sensors to None, run_after=None
[2023-12-03T10:00:14.938+0000] {processor.py:179} INFO - Processing /home/airflow/.local/lib/python3.8/site-packages/airflow/example_dags/example_sensors.py took 0.081 seconds
[2023-12-03T10:00:45.432+0000] {processor.py:157} INFO - Started process (PID=2044) to work on /home/airflow/.local/lib/python3.8/site-packages/airflow/example_dags/example_sensors.py
[2023-12-03T10:00:45.434+0000] {processor.py:829} INFO - Processing file /home/airflow/.local/lib/python3.8/site-packages/airflow/example_dags/example_sensors.py for tasks to queue
[2023-12-03T10:00:45.438+0000] {logging_mixin.py:154} INFO - [2023-12-03T10:00:45.437+0000] {dagbag.py:536} INFO - Filling up the DagBag from /home/airflow/.local/lib/python3.8/site-packages/airflow/example_dags/example_sensors.py
[2023-12-03T10:00:45.450+0000] {processor.py:839} INFO - DAG(s) dict_keys(['example_sensors']) retrieved from /home/airflow/.local/lib/python3.8/site-packages/airflow/example_dags/example_sensors.py
[2023-12-03T10:00:45.477+0000] {logging_mixin.py:154} INFO - [2023-12-03T10:00:45.477+0000] {dag.py:2941} INFO - Sync 1 DAGs
[2023-12-03T10:00:45.488+0000] {logging_mixin.py:154} INFO - [2023-12-03T10:00:45.488+0000] {dag.py:3722} INFO - Setting next_dagrun for example_sensors to None, run_after=None
[2023-12-03T10:00:45.505+0000] {processor.py:179} INFO - Processing /home/airflow/.local/lib/python3.8/site-packages/airflow/example_dags/example_sensors.py took 0.077 seconds
[2023-12-03T10:01:16.262+0000] {processor.py:157} INFO - Started process (PID=2102) to work on /home/airflow/.local/lib/python3.8/site-packages/airflow/example_dags/example_sensors.py
[2023-12-03T10:01:16.263+0000] {processor.py:829} INFO - Processing file /home/airflow/.local/lib/python3.8/site-packages/airflow/example_dags/example_sensors.py for tasks to queue
[2023-12-03T10:01:16.265+0000] {logging_mixin.py:154} INFO - [2023-12-03T10:01:16.265+0000] {dagbag.py:536} INFO - Filling up the DagBag from /home/airflow/.local/lib/python3.8/site-packages/airflow/example_dags/example_sensors.py
[2023-12-03T10:01:16.274+0000] {processor.py:839} INFO - DAG(s) dict_keys(['example_sensors']) retrieved from /home/airflow/.local/lib/python3.8/site-packages/airflow/example_dags/example_sensors.py
[2023-12-03T10:01:16.297+0000] {logging_mixin.py:154} INFO - [2023-12-03T10:01:16.297+0000] {dag.py:2941} INFO - Sync 1 DAGs
[2023-12-03T10:01:16.308+0000] {logging_mixin.py:154} INFO - [2023-12-03T10:01:16.308+0000] {dag.py:3722} INFO - Setting next_dagrun for example_sensors to None, run_after=None
[2023-12-03T10:01:16.324+0000] {processor.py:179} INFO - Processing /home/airflow/.local/lib/python3.8/site-packages/airflow/example_dags/example_sensors.py took 0.067 seconds
[2023-12-03T10:01:46.406+0000] {processor.py:157} INFO - Started process (PID=2158) to work on /home/airflow/.local/lib/python3.8/site-packages/airflow/example_dags/example_sensors.py
[2023-12-03T10:01:46.408+0000] {processor.py:829} INFO - Processing file /home/airflow/.local/lib/python3.8/site-packages/airflow/example_dags/example_sensors.py for tasks to queue
[2023-12-03T10:01:46.410+0000] {logging_mixin.py:154} INFO - [2023-12-03T10:01:46.410+0000] {dagbag.py:536} INFO - Filling up the DagBag from /home/airflow/.local/lib/python3.8/site-packages/airflow/example_dags/example_sensors.py
[2023-12-03T10:01:46.423+0000] {processor.py:839} INFO - DAG(s) dict_keys(['example_sensors']) retrieved from /home/airflow/.local/lib/python3.8/site-packages/airflow/example_dags/example_sensors.py
[2023-12-03T10:01:46.452+0000] {logging_mixin.py:154} INFO - [2023-12-03T10:01:46.451+0000] {dag.py:2941} INFO - Sync 1 DAGs
[2023-12-03T10:01:46.468+0000] {logging_mixin.py:154} INFO - [2023-12-03T10:01:46.468+0000] {dag.py:3722} INFO - Setting next_dagrun for example_sensors to None, run_after=None
[2023-12-03T10:01:46.488+0000] {processor.py:179} INFO - Processing /home/airflow/.local/lib/python3.8/site-packages/airflow/example_dags/example_sensors.py took 0.087 seconds
[2023-12-03T10:02:16.522+0000] {processor.py:157} INFO - Started process (PID=2217) to work on /home/airflow/.local/lib/python3.8/site-packages/airflow/example_dags/example_sensors.py
[2023-12-03T10:02:16.523+0000] {processor.py:829} INFO - Processing file /home/airflow/.local/lib/python3.8/site-packages/airflow/example_dags/example_sensors.py for tasks to queue
[2023-12-03T10:02:16.525+0000] {logging_mixin.py:154} INFO - [2023-12-03T10:02:16.524+0000] {dagbag.py:536} INFO - Filling up the DagBag from /home/airflow/.local/lib/python3.8/site-packages/airflow/example_dags/example_sensors.py
[2023-12-03T10:02:16.533+0000] {processor.py:839} INFO - DAG(s) dict_keys(['example_sensors']) retrieved from /home/airflow/.local/lib/python3.8/site-packages/airflow/example_dags/example_sensors.py
[2023-12-03T10:02:16.552+0000] {logging_mixin.py:154} INFO - [2023-12-03T10:02:16.552+0000] {dag.py:2941} INFO - Sync 1 DAGs
[2023-12-03T10:02:16.561+0000] {logging_mixin.py:154} INFO - [2023-12-03T10:02:16.561+0000] {dag.py:3722} INFO - Setting next_dagrun for example_sensors to None, run_after=None
[2023-12-03T10:02:16.576+0000] {processor.py:179} INFO - Processing /home/airflow/.local/lib/python3.8/site-packages/airflow/example_dags/example_sensors.py took 0.058 seconds
[2023-12-03T10:02:46.785+0000] {processor.py:157} INFO - Started process (PID=2276) to work on /home/airflow/.local/lib/python3.8/site-packages/airflow/example_dags/example_sensors.py
[2023-12-03T10:02:46.787+0000] {processor.py:829} INFO - Processing file /home/airflow/.local/lib/python3.8/site-packages/airflow/example_dags/example_sensors.py for tasks to queue
[2023-12-03T10:02:46.789+0000] {logging_mixin.py:154} INFO - [2023-12-03T10:02:46.789+0000] {dagbag.py:536} INFO - Filling up the DagBag from /home/airflow/.local/lib/python3.8/site-packages/airflow/example_dags/example_sensors.py
[2023-12-03T10:02:46.799+0000] {processor.py:839} INFO - DAG(s) dict_keys(['example_sensors']) retrieved from /home/airflow/.local/lib/python3.8/site-packages/airflow/example_dags/example_sensors.py
[2023-12-03T10:02:46.829+0000] {logging_mixin.py:154} INFO - [2023-12-03T10:02:46.828+0000] {dag.py:2941} INFO - Sync 1 DAGs
[2023-12-03T10:02:46.841+0000] {logging_mixin.py:154} INFO - [2023-12-03T10:02:46.841+0000] {dag.py:3722} INFO - Setting next_dagrun for example_sensors to None, run_after=None
[2023-12-03T10:02:46.857+0000] {processor.py:179} INFO - Processing /home/airflow/.local/lib/python3.8/site-packages/airflow/example_dags/example_sensors.py took 0.076 seconds
[2023-12-03T10:03:17.048+0000] {processor.py:157} INFO - Started process (PID=2334) to work on /home/airflow/.local/lib/python3.8/site-packages/airflow/example_dags/example_sensors.py
[2023-12-03T10:03:17.049+0000] {processor.py:829} INFO - Processing file /home/airflow/.local/lib/python3.8/site-packages/airflow/example_dags/example_sensors.py for tasks to queue
[2023-12-03T10:03:17.052+0000] {logging_mixin.py:154} INFO - [2023-12-03T10:03:17.051+0000] {dagbag.py:536} INFO - Filling up the DagBag from /home/airflow/.local/lib/python3.8/site-packages/airflow/example_dags/example_sensors.py
[2023-12-03T10:03:17.063+0000] {processor.py:839} INFO - DAG(s) dict_keys(['example_sensors']) retrieved from /home/airflow/.local/lib/python3.8/site-packages/airflow/example_dags/example_sensors.py
[2023-12-03T10:03:17.093+0000] {logging_mixin.py:154} INFO - [2023-12-03T10:03:17.093+0000] {dag.py:2941} INFO - Sync 1 DAGs
[2023-12-03T10:03:17.109+0000] {logging_mixin.py:154} INFO - [2023-12-03T10:03:17.109+0000] {dag.py:3722} INFO - Setting next_dagrun for example_sensors to None, run_after=None
[2023-12-03T10:03:17.134+0000] {processor.py:179} INFO - Processing /home/airflow/.local/lib/python3.8/site-packages/airflow/example_dags/example_sensors.py took 0.090 seconds
[2023-12-03T10:03:47.356+0000] {processor.py:157} INFO - Started process (PID=2392) to work on /home/airflow/.local/lib/python3.8/site-packages/airflow/example_dags/example_sensors.py
[2023-12-03T10:03:47.357+0000] {processor.py:829} INFO - Processing file /home/airflow/.local/lib/python3.8/site-packages/airflow/example_dags/example_sensors.py for tasks to queue
[2023-12-03T10:03:47.359+0000] {logging_mixin.py:154} INFO - [2023-12-03T10:03:47.359+0000] {dagbag.py:536} INFO - Filling up the DagBag from /home/airflow/.local/lib/python3.8/site-packages/airflow/example_dags/example_sensors.py
[2023-12-03T10:03:47.368+0000] {processor.py:839} INFO - DAG(s) dict_keys(['example_sensors']) retrieved from /home/airflow/.local/lib/python3.8/site-packages/airflow/example_dags/example_sensors.py
[2023-12-03T10:03:47.391+0000] {logging_mixin.py:154} INFO - [2023-12-03T10:03:47.391+0000] {dag.py:2941} INFO - Sync 1 DAGs
[2023-12-03T10:03:47.402+0000] {logging_mixin.py:154} INFO - [2023-12-03T10:03:47.402+0000] {dag.py:3722} INFO - Setting next_dagrun for example_sensors to None, run_after=None
[2023-12-03T10:03:47.418+0000] {processor.py:179} INFO - Processing /home/airflow/.local/lib/python3.8/site-packages/airflow/example_dags/example_sensors.py took 0.066 seconds
[2023-12-03T10:04:18.105+0000] {processor.py:157} INFO - Started process (PID=2450) to work on /home/airflow/.local/lib/python3.8/site-packages/airflow/example_dags/example_sensors.py
[2023-12-03T10:04:18.106+0000] {processor.py:829} INFO - Processing file /home/airflow/.local/lib/python3.8/site-packages/airflow/example_dags/example_sensors.py for tasks to queue
[2023-12-03T10:04:18.108+0000] {logging_mixin.py:154} INFO - [2023-12-03T10:04:18.108+0000] {dagbag.py:536} INFO - Filling up the DagBag from /home/airflow/.local/lib/python3.8/site-packages/airflow/example_dags/example_sensors.py
[2023-12-03T10:04:18.118+0000] {processor.py:839} INFO - DAG(s) dict_keys(['example_sensors']) retrieved from /home/airflow/.local/lib/python3.8/site-packages/airflow/example_dags/example_sensors.py
[2023-12-03T10:04:18.142+0000] {logging_mixin.py:154} INFO - [2023-12-03T10:04:18.141+0000] {dag.py:2941} INFO - Sync 1 DAGs
[2023-12-03T10:04:18.153+0000] {logging_mixin.py:154} INFO - [2023-12-03T10:04:18.153+0000] {dag.py:3722} INFO - Setting next_dagrun for example_sensors to None, run_after=None
[2023-12-03T10:04:18.169+0000] {processor.py:179} INFO - Processing /home/airflow/.local/lib/python3.8/site-packages/airflow/example_dags/example_sensors.py took 0.068 seconds
[2023-12-03T10:04:48.781+0000] {processor.py:157} INFO - Started process (PID=2508) to work on /home/airflow/.local/lib/python3.8/site-packages/airflow/example_dags/example_sensors.py
[2023-12-03T10:04:48.782+0000] {processor.py:829} INFO - Processing file /home/airflow/.local/lib/python3.8/site-packages/airflow/example_dags/example_sensors.py for tasks to queue
[2023-12-03T10:04:48.784+0000] {logging_mixin.py:154} INFO - [2023-12-03T10:04:48.784+0000] {dagbag.py:536} INFO - Filling up the DagBag from /home/airflow/.local/lib/python3.8/site-packages/airflow/example_dags/example_sensors.py
[2023-12-03T10:04:48.792+0000] {processor.py:839} INFO - DAG(s) dict_keys(['example_sensors']) retrieved from /home/airflow/.local/lib/python3.8/site-packages/airflow/example_dags/example_sensors.py
[2023-12-03T10:04:48.815+0000] {logging_mixin.py:154} INFO - [2023-12-03T10:04:48.815+0000] {dag.py:2941} INFO - Sync 1 DAGs
[2023-12-03T10:04:48.827+0000] {logging_mixin.py:154} INFO - [2023-12-03T10:04:48.827+0000] {dag.py:3722} INFO - Setting next_dagrun for example_sensors to None, run_after=None
[2023-12-03T10:04:48.845+0000] {processor.py:179} INFO - Processing /home/airflow/.local/lib/python3.8/site-packages/airflow/example_dags/example_sensors.py took 0.068 seconds
[2023-12-03T10:05:18.989+0000] {processor.py:157} INFO - Started process (PID=2566) to work on /home/airflow/.local/lib/python3.8/site-packages/airflow/example_dags/example_sensors.py
[2023-12-03T10:05:18.991+0000] {processor.py:829} INFO - Processing file /home/airflow/.local/lib/python3.8/site-packages/airflow/example_dags/example_sensors.py for tasks to queue
[2023-12-03T10:05:18.994+0000] {logging_mixin.py:154} INFO - [2023-12-03T10:05:18.993+0000] {dagbag.py:536} INFO - Filling up the DagBag from /home/airflow/.local/lib/python3.8/site-packages/airflow/example_dags/example_sensors.py
[2023-12-03T10:05:19.004+0000] {processor.py:839} INFO - DAG(s) dict_keys(['example_sensors']) retrieved from /home/airflow/.local/lib/python3.8/site-packages/airflow/example_dags/example_sensors.py
[2023-12-03T10:05:19.028+0000] {logging_mixin.py:154} INFO - [2023-12-03T10:05:19.028+0000] {dag.py:2941} INFO - Sync 1 DAGs
[2023-12-03T10:05:19.041+0000] {logging_mixin.py:154} INFO - [2023-12-03T10:05:19.041+0000] {dag.py:3722} INFO - Setting next_dagrun for example_sensors to None, run_after=None
[2023-12-03T10:05:19.059+0000] {processor.py:179} INFO - Processing /home/airflow/.local/lib/python3.8/site-packages/airflow/example_dags/example_sensors.py took 0.074 seconds
[2023-12-03T10:05:49.105+0000] {processor.py:157} INFO - Started process (PID=2622) to work on /home/airflow/.local/lib/python3.8/site-packages/airflow/example_dags/example_sensors.py
[2023-12-03T10:05:49.107+0000] {processor.py:829} INFO - Processing file /home/airflow/.local/lib/python3.8/site-packages/airflow/example_dags/example_sensors.py for tasks to queue
[2023-12-03T10:05:49.110+0000] {logging_mixin.py:154} INFO - [2023-12-03T10:05:49.109+0000] {dagbag.py:536} INFO - Filling up the DagBag from /home/airflow/.local/lib/python3.8/site-packages/airflow/example_dags/example_sensors.py
[2023-12-03T10:05:49.119+0000] {processor.py:839} INFO - DAG(s) dict_keys(['example_sensors']) retrieved from /home/airflow/.local/lib/python3.8/site-packages/airflow/example_dags/example_sensors.py
[2023-12-03T10:05:49.141+0000] {logging_mixin.py:154} INFO - [2023-12-03T10:05:49.140+0000] {dag.py:2941} INFO - Sync 1 DAGs
[2023-12-03T10:05:49.151+0000] {logging_mixin.py:154} INFO - [2023-12-03T10:05:49.151+0000] {dag.py:3722} INFO - Setting next_dagrun for example_sensors to None, run_after=None
[2023-12-03T10:05:49.164+0000] {processor.py:179} INFO - Processing /home/airflow/.local/lib/python3.8/site-packages/airflow/example_dags/example_sensors.py took 0.063 seconds
[2023-12-03T10:06:19.289+0000] {processor.py:157} INFO - Started process (PID=2680) to work on /home/airflow/.local/lib/python3.8/site-packages/airflow/example_dags/example_sensors.py
[2023-12-03T10:06:19.290+0000] {processor.py:829} INFO - Processing file /home/airflow/.local/lib/python3.8/site-packages/airflow/example_dags/example_sensors.py for tasks to queue
[2023-12-03T10:06:19.292+0000] {logging_mixin.py:154} INFO - [2023-12-03T10:06:19.292+0000] {dagbag.py:536} INFO - Filling up the DagBag from /home/airflow/.local/lib/python3.8/site-packages/airflow/example_dags/example_sensors.py
[2023-12-03T10:06:19.300+0000] {processor.py:839} INFO - DAG(s) dict_keys(['example_sensors']) retrieved from /home/airflow/.local/lib/python3.8/site-packages/airflow/example_dags/example_sensors.py
[2023-12-03T10:06:19.322+0000] {logging_mixin.py:154} INFO - [2023-12-03T10:06:19.322+0000] {dag.py:2941} INFO - Sync 1 DAGs
[2023-12-03T10:06:19.334+0000] {logging_mixin.py:154} INFO - [2023-12-03T10:06:19.334+0000] {dag.py:3722} INFO - Setting next_dagrun for example_sensors to None, run_after=None
[2023-12-03T10:06:19.349+0000] {processor.py:179} INFO - Processing /home/airflow/.local/lib/python3.8/site-packages/airflow/example_dags/example_sensors.py took 0.065 seconds
[2023-12-03T10:06:49.731+0000] {processor.py:157} INFO - Started process (PID=2739) to work on /home/airflow/.local/lib/python3.8/site-packages/airflow/example_dags/example_sensors.py
[2023-12-03T10:06:49.733+0000] {processor.py:829} INFO - Processing file /home/airflow/.local/lib/python3.8/site-packages/airflow/example_dags/example_sensors.py for tasks to queue
[2023-12-03T10:06:49.735+0000] {logging_mixin.py:154} INFO - [2023-12-03T10:06:49.735+0000] {dagbag.py:536} INFO - Filling up the DagBag from /home/airflow/.local/lib/python3.8/site-packages/airflow/example_dags/example_sensors.py
[2023-12-03T10:06:49.743+0000] {processor.py:839} INFO - DAG(s) dict_keys(['example_sensors']) retrieved from /home/airflow/.local/lib/python3.8/site-packages/airflow/example_dags/example_sensors.py
[2023-12-03T10:06:49.768+0000] {logging_mixin.py:154} INFO - [2023-12-03T10:06:49.768+0000] {dag.py:2941} INFO - Sync 1 DAGs
[2023-12-03T10:06:49.780+0000] {logging_mixin.py:154} INFO - [2023-12-03T10:06:49.780+0000] {dag.py:3722} INFO - Setting next_dagrun for example_sensors to None, run_after=None
[2023-12-03T10:06:49.796+0000] {processor.py:179} INFO - Processing /home/airflow/.local/lib/python3.8/site-packages/airflow/example_dags/example_sensors.py took 0.068 seconds
[2023-12-03T10:07:19.848+0000] {processor.py:157} INFO - Started process (PID=2796) to work on /home/airflow/.local/lib/python3.8/site-packages/airflow/example_dags/example_sensors.py
[2023-12-03T10:07:19.849+0000] {processor.py:829} INFO - Processing file /home/airflow/.local/lib/python3.8/site-packages/airflow/example_dags/example_sensors.py for tasks to queue
[2023-12-03T10:07:19.851+0000] {logging_mixin.py:154} INFO - [2023-12-03T10:07:19.851+0000] {dagbag.py:536} INFO - Filling up the DagBag from /home/airflow/.local/lib/python3.8/site-packages/airflow/example_dags/example_sensors.py
[2023-12-03T10:07:19.859+0000] {processor.py:839} INFO - DAG(s) dict_keys(['example_sensors']) retrieved from /home/airflow/.local/lib/python3.8/site-packages/airflow/example_dags/example_sensors.py
[2023-12-03T10:07:19.882+0000] {logging_mixin.py:154} INFO - [2023-12-03T10:07:19.881+0000] {dag.py:2941} INFO - Sync 1 DAGs
[2023-12-03T10:07:19.895+0000] {logging_mixin.py:154} INFO - [2023-12-03T10:07:19.895+0000] {dag.py:3722} INFO - Setting next_dagrun for example_sensors to None, run_after=None
[2023-12-03T10:07:19.910+0000] {processor.py:179} INFO - Processing /home/airflow/.local/lib/python3.8/site-packages/airflow/example_dags/example_sensors.py took 0.067 seconds
[2023-12-03T10:07:50.416+0000] {processor.py:157} INFO - Started process (PID=2855) to work on /home/airflow/.local/lib/python3.8/site-packages/airflow/example_dags/example_sensors.py
[2023-12-03T10:07:50.417+0000] {processor.py:829} INFO - Processing file /home/airflow/.local/lib/python3.8/site-packages/airflow/example_dags/example_sensors.py for tasks to queue
[2023-12-03T10:07:50.419+0000] {logging_mixin.py:154} INFO - [2023-12-03T10:07:50.419+0000] {dagbag.py:536} INFO - Filling up the DagBag from /home/airflow/.local/lib/python3.8/site-packages/airflow/example_dags/example_sensors.py
[2023-12-03T10:07:50.426+0000] {processor.py:839} INFO - DAG(s) dict_keys(['example_sensors']) retrieved from /home/airflow/.local/lib/python3.8/site-packages/airflow/example_dags/example_sensors.py
[2023-12-03T10:07:50.442+0000] {logging_mixin.py:154} INFO - [2023-12-03T10:07:50.442+0000] {dag.py:2941} INFO - Sync 1 DAGs
[2023-12-03T10:07:50.452+0000] {logging_mixin.py:154} INFO - [2023-12-03T10:07:50.452+0000] {dag.py:3722} INFO - Setting next_dagrun for example_sensors to None, run_after=None
[2023-12-03T10:07:50.466+0000] {processor.py:179} INFO - Processing /home/airflow/.local/lib/python3.8/site-packages/airflow/example_dags/example_sensors.py took 0.053 seconds
[2023-12-03T11:28:20.072+0000] {processor.py:157} INFO - Started process (PID=2911) to work on /home/airflow/.local/lib/python3.8/site-packages/airflow/example_dags/example_sensors.py
[2023-12-03T11:28:20.074+0000] {processor.py:829} INFO - Processing file /home/airflow/.local/lib/python3.8/site-packages/airflow/example_dags/example_sensors.py for tasks to queue
[2023-12-03T11:28:20.076+0000] {logging_mixin.py:154} INFO - [2023-12-03T11:28:20.076+0000] {dagbag.py:536} INFO - Filling up the DagBag from /home/airflow/.local/lib/python3.8/site-packages/airflow/example_dags/example_sensors.py
[2023-12-03T11:28:20.084+0000] {processor.py:839} INFO - DAG(s) dict_keys(['example_sensors']) retrieved from /home/airflow/.local/lib/python3.8/site-packages/airflow/example_dags/example_sensors.py
[2023-12-03T11:28:20.104+0000] {logging_mixin.py:154} INFO - [2023-12-03T11:28:20.104+0000] {dag.py:2941} INFO - Sync 1 DAGs
[2023-12-03T11:28:20.113+0000] {logging_mixin.py:154} INFO - [2023-12-03T11:28:20.112+0000] {dag.py:3722} INFO - Setting next_dagrun for example_sensors to None, run_after=None
[2023-12-03T11:28:20.125+0000] {processor.py:179} INFO - Processing /home/airflow/.local/lib/python3.8/site-packages/airflow/example_dags/example_sensors.py took 0.057 seconds
[2023-12-03T12:09:29.633+0000] {processor.py:157} INFO - Started process (PID=2968) to work on /home/airflow/.local/lib/python3.8/site-packages/airflow/example_dags/example_sensors.py
[2023-12-03T12:09:29.634+0000] {processor.py:829} INFO - Processing file /home/airflow/.local/lib/python3.8/site-packages/airflow/example_dags/example_sensors.py for tasks to queue
[2023-12-03T12:09:29.636+0000] {logging_mixin.py:154} INFO - [2023-12-03T12:09:29.636+0000] {dagbag.py:536} INFO - Filling up the DagBag from /home/airflow/.local/lib/python3.8/site-packages/airflow/example_dags/example_sensors.py
[2023-12-03T12:09:29.644+0000] {processor.py:839} INFO - DAG(s) dict_keys(['example_sensors']) retrieved from /home/airflow/.local/lib/python3.8/site-packages/airflow/example_dags/example_sensors.py
[2023-12-03T12:09:29.663+0000] {logging_mixin.py:154} INFO - [2023-12-03T12:09:29.663+0000] {dag.py:2941} INFO - Sync 1 DAGs
[2023-12-03T12:09:29.671+0000] {logging_mixin.py:154} INFO - [2023-12-03T12:09:29.671+0000] {dag.py:3722} INFO - Setting next_dagrun for example_sensors to None, run_after=None
[2023-12-03T12:09:29.684+0000] {processor.py:179} INFO - Processing /home/airflow/.local/lib/python3.8/site-packages/airflow/example_dags/example_sensors.py took 0.055 seconds
[2023-12-03T12:27:31.767+0000] {processor.py:157} INFO - Started process (PID=3026) to work on /home/airflow/.local/lib/python3.8/site-packages/airflow/example_dags/example_sensors.py
[2023-12-03T12:27:31.770+0000] {processor.py:829} INFO - Processing file /home/airflow/.local/lib/python3.8/site-packages/airflow/example_dags/example_sensors.py for tasks to queue
[2023-12-03T12:27:31.773+0000] {logging_mixin.py:154} INFO - [2023-12-03T12:27:31.772+0000] {dagbag.py:536} INFO - Filling up the DagBag from /home/airflow/.local/lib/python3.8/site-packages/airflow/example_dags/example_sensors.py
[2023-12-03T12:27:31.783+0000] {processor.py:839} INFO - DAG(s) dict_keys(['example_sensors']) retrieved from /home/airflow/.local/lib/python3.8/site-packages/airflow/example_dags/example_sensors.py
[2023-12-03T12:27:31.833+0000] {logging_mixin.py:154} INFO - [2023-12-03T12:27:31.832+0000] {dag.py:2941} INFO - Sync 1 DAGs
[2023-12-03T12:27:31.846+0000] {logging_mixin.py:154} INFO - [2023-12-03T12:27:31.846+0000] {dag.py:3722} INFO - Setting next_dagrun for example_sensors to None, run_after=None
[2023-12-03T12:27:31.868+0000] {processor.py:179} INFO - Processing /home/airflow/.local/lib/python3.8/site-packages/airflow/example_dags/example_sensors.py took 0.103 seconds
[2023-12-03T12:44:55.094+0000] {processor.py:157} INFO - Started process (PID=3084) to work on /home/airflow/.local/lib/python3.8/site-packages/airflow/example_dags/example_sensors.py
[2023-12-03T12:44:55.095+0000] {processor.py:829} INFO - Processing file /home/airflow/.local/lib/python3.8/site-packages/airflow/example_dags/example_sensors.py for tasks to queue
[2023-12-03T12:44:55.097+0000] {logging_mixin.py:154} INFO - [2023-12-03T12:44:55.097+0000] {dagbag.py:536} INFO - Filling up the DagBag from /home/airflow/.local/lib/python3.8/site-packages/airflow/example_dags/example_sensors.py
[2023-12-03T12:44:55.104+0000] {processor.py:839} INFO - DAG(s) dict_keys(['example_sensors']) retrieved from /home/airflow/.local/lib/python3.8/site-packages/airflow/example_dags/example_sensors.py
[2023-12-03T12:44:55.124+0000] {logging_mixin.py:154} INFO - [2023-12-03T12:44:55.124+0000] {dag.py:2941} INFO - Sync 1 DAGs
[2023-12-03T12:44:55.137+0000] {logging_mixin.py:154} INFO - [2023-12-03T12:44:55.136+0000] {dag.py:3722} INFO - Setting next_dagrun for example_sensors to None, run_after=None
[2023-12-03T12:44:55.150+0000] {processor.py:179} INFO - Processing /home/airflow/.local/lib/python3.8/site-packages/airflow/example_dags/example_sensors.py took 0.060 seconds
[2023-12-03T13:35:10.684+0000] {processor.py:157} INFO - Started process (PID=3142) to work on /home/airflow/.local/lib/python3.8/site-packages/airflow/example_dags/example_sensors.py
[2023-12-03T13:35:10.685+0000] {processor.py:829} INFO - Processing file /home/airflow/.local/lib/python3.8/site-packages/airflow/example_dags/example_sensors.py for tasks to queue
[2023-12-03T13:35:10.687+0000] {logging_mixin.py:154} INFO - [2023-12-03T13:35:10.687+0000] {dagbag.py:536} INFO - Filling up the DagBag from /home/airflow/.local/lib/python3.8/site-packages/airflow/example_dags/example_sensors.py
[2023-12-03T13:35:10.695+0000] {processor.py:839} INFO - DAG(s) dict_keys(['example_sensors']) retrieved from /home/airflow/.local/lib/python3.8/site-packages/airflow/example_dags/example_sensors.py
[2023-12-03T13:35:10.716+0000] {logging_mixin.py:154} INFO - [2023-12-03T13:35:10.716+0000] {dag.py:2941} INFO - Sync 1 DAGs
[2023-12-03T13:35:10.728+0000] {logging_mixin.py:154} INFO - [2023-12-03T13:35:10.728+0000] {dag.py:3722} INFO - Setting next_dagrun for example_sensors to None, run_after=None
[2023-12-03T13:35:10.746+0000] {processor.py:179} INFO - Processing /home/airflow/.local/lib/python3.8/site-packages/airflow/example_dags/example_sensors.py took 0.066 seconds
[2023-12-03T14:27:24.378+0000] {processor.py:157} INFO - Started process (PID=3200) to work on /home/airflow/.local/lib/python3.8/site-packages/airflow/example_dags/example_sensors.py
[2023-12-03T14:27:24.379+0000] {processor.py:829} INFO - Processing file /home/airflow/.local/lib/python3.8/site-packages/airflow/example_dags/example_sensors.py for tasks to queue
[2023-12-03T14:27:24.382+0000] {logging_mixin.py:154} INFO - [2023-12-03T14:27:24.382+0000] {dagbag.py:536} INFO - Filling up the DagBag from /home/airflow/.local/lib/python3.8/site-packages/airflow/example_dags/example_sensors.py
[2023-12-03T14:27:24.391+0000] {processor.py:839} INFO - DAG(s) dict_keys(['example_sensors']) retrieved from /home/airflow/.local/lib/python3.8/site-packages/airflow/example_dags/example_sensors.py
[2023-12-03T14:27:24.410+0000] {logging_mixin.py:154} INFO - [2023-12-03T14:27:24.410+0000] {dag.py:2941} INFO - Sync 1 DAGs
[2023-12-03T14:27:24.419+0000] {logging_mixin.py:154} INFO - [2023-12-03T14:27:24.418+0000] {dag.py:3722} INFO - Setting next_dagrun for example_sensors to None, run_after=None
[2023-12-03T14:27:24.433+0000] {processor.py:179} INFO - Processing /home/airflow/.local/lib/python3.8/site-packages/airflow/example_dags/example_sensors.py took 0.058 seconds
[2023-12-03T15:18:33.144+0000] {processor.py:157} INFO - Started process (PID=3258) to work on /home/airflow/.local/lib/python3.8/site-packages/airflow/example_dags/example_sensors.py
[2023-12-03T15:18:33.145+0000] {processor.py:829} INFO - Processing file /home/airflow/.local/lib/python3.8/site-packages/airflow/example_dags/example_sensors.py for tasks to queue
[2023-12-03T15:18:33.147+0000] {logging_mixin.py:154} INFO - [2023-12-03T15:18:33.147+0000] {dagbag.py:536} INFO - Filling up the DagBag from /home/airflow/.local/lib/python3.8/site-packages/airflow/example_dags/example_sensors.py
[2023-12-03T15:18:33.155+0000] {processor.py:839} INFO - DAG(s) dict_keys(['example_sensors']) retrieved from /home/airflow/.local/lib/python3.8/site-packages/airflow/example_dags/example_sensors.py
[2023-12-03T15:18:33.173+0000] {logging_mixin.py:154} INFO - [2023-12-03T15:18:33.173+0000] {dag.py:2941} INFO - Sync 1 DAGs
[2023-12-03T15:18:33.182+0000] {logging_mixin.py:154} INFO - [2023-12-03T15:18:33.182+0000] {dag.py:3722} INFO - Setting next_dagrun for example_sensors to None, run_after=None
[2023-12-03T15:18:33.196+0000] {processor.py:179} INFO - Processing /home/airflow/.local/lib/python3.8/site-packages/airflow/example_dags/example_sensors.py took 0.055 seconds
[2023-12-03T16:07:33.277+0000] {processor.py:157} INFO - Started process (PID=3316) to work on /home/airflow/.local/lib/python3.8/site-packages/airflow/example_dags/example_sensors.py
[2023-12-03T16:07:33.279+0000] {processor.py:829} INFO - Processing file /home/airflow/.local/lib/python3.8/site-packages/airflow/example_dags/example_sensors.py for tasks to queue
[2023-12-03T16:07:33.281+0000] {logging_mixin.py:154} INFO - [2023-12-03T16:07:33.281+0000] {dagbag.py:536} INFO - Filling up the DagBag from /home/airflow/.local/lib/python3.8/site-packages/airflow/example_dags/example_sensors.py
[2023-12-03T16:07:33.289+0000] {processor.py:839} INFO - DAG(s) dict_keys(['example_sensors']) retrieved from /home/airflow/.local/lib/python3.8/site-packages/airflow/example_dags/example_sensors.py
[2023-12-03T16:07:33.310+0000] {logging_mixin.py:154} INFO - [2023-12-03T16:07:33.310+0000] {dag.py:2941} INFO - Sync 1 DAGs
[2023-12-03T16:07:33.319+0000] {logging_mixin.py:154} INFO - [2023-12-03T16:07:33.319+0000] {dag.py:3722} INFO - Setting next_dagrun for example_sensors to None, run_after=None
[2023-12-03T16:07:33.332+0000] {processor.py:179} INFO - Processing /home/airflow/.local/lib/python3.8/site-packages/airflow/example_dags/example_sensors.py took 0.058 seconds
[2023-12-03T16:58:04.287+0000] {processor.py:157} INFO - Started process (PID=3374) to work on /home/airflow/.local/lib/python3.8/site-packages/airflow/example_dags/example_sensors.py
[2023-12-03T16:58:04.288+0000] {processor.py:829} INFO - Processing file /home/airflow/.local/lib/python3.8/site-packages/airflow/example_dags/example_sensors.py for tasks to queue
[2023-12-03T16:58:04.291+0000] {logging_mixin.py:154} INFO - [2023-12-03T16:58:04.291+0000] {dagbag.py:536} INFO - Filling up the DagBag from /home/airflow/.local/lib/python3.8/site-packages/airflow/example_dags/example_sensors.py
[2023-12-03T16:58:04.299+0000] {processor.py:839} INFO - DAG(s) dict_keys(['example_sensors']) retrieved from /home/airflow/.local/lib/python3.8/site-packages/airflow/example_dags/example_sensors.py
[2023-12-03T16:58:04.319+0000] {logging_mixin.py:154} INFO - [2023-12-03T16:58:04.319+0000] {dag.py:2941} INFO - Sync 1 DAGs
[2023-12-03T16:58:04.328+0000] {logging_mixin.py:154} INFO - [2023-12-03T16:58:04.328+0000] {dag.py:3722} INFO - Setting next_dagrun for example_sensors to None, run_after=None
[2023-12-03T16:58:04.346+0000] {processor.py:179} INFO - Processing /home/airflow/.local/lib/python3.8/site-packages/airflow/example_dags/example_sensors.py took 0.063 seconds
[2023-12-03T17:46:22.532+0000] {processor.py:157} INFO - Started process (PID=3432) to work on /home/airflow/.local/lib/python3.8/site-packages/airflow/example_dags/example_sensors.py
[2023-12-03T17:46:22.533+0000] {processor.py:829} INFO - Processing file /home/airflow/.local/lib/python3.8/site-packages/airflow/example_dags/example_sensors.py for tasks to queue
[2023-12-03T17:46:22.535+0000] {logging_mixin.py:154} INFO - [2023-12-03T17:46:22.535+0000] {dagbag.py:536} INFO - Filling up the DagBag from /home/airflow/.local/lib/python3.8/site-packages/airflow/example_dags/example_sensors.py
[2023-12-03T17:46:22.543+0000] {processor.py:839} INFO - DAG(s) dict_keys(['example_sensors']) retrieved from /home/airflow/.local/lib/python3.8/site-packages/airflow/example_dags/example_sensors.py
[2023-12-03T17:46:22.561+0000] {logging_mixin.py:154} INFO - [2023-12-03T17:46:22.561+0000] {dag.py:2941} INFO - Sync 1 DAGs
[2023-12-03T17:46:22.570+0000] {logging_mixin.py:154} INFO - [2023-12-03T17:46:22.570+0000] {dag.py:3722} INFO - Setting next_dagrun for example_sensors to None, run_after=None
[2023-12-03T17:46:22.585+0000] {processor.py:179} INFO - Processing /home/airflow/.local/lib/python3.8/site-packages/airflow/example_dags/example_sensors.py took 0.057 seconds
[2023-12-03T18:33:42.092+0000] {processor.py:157} INFO - Started process (PID=3483) to work on /home/airflow/.local/lib/python3.8/site-packages/airflow/example_dags/example_sensors.py
[2023-12-03T18:33:42.093+0000] {processor.py:829} INFO - Processing file /home/airflow/.local/lib/python3.8/site-packages/airflow/example_dags/example_sensors.py for tasks to queue
[2023-12-03T18:33:42.096+0000] {logging_mixin.py:154} INFO - [2023-12-03T18:33:42.095+0000] {dagbag.py:536} INFO - Filling up the DagBag from /home/airflow/.local/lib/python3.8/site-packages/airflow/example_dags/example_sensors.py
[2023-12-03T18:33:42.104+0000] {processor.py:839} INFO - DAG(s) dict_keys(['example_sensors']) retrieved from /home/airflow/.local/lib/python3.8/site-packages/airflow/example_dags/example_sensors.py
[2023-12-03T18:33:42.122+0000] {logging_mixin.py:154} INFO - [2023-12-03T18:33:42.122+0000] {dag.py:2941} INFO - Sync 1 DAGs
[2023-12-03T18:33:42.131+0000] {logging_mixin.py:154} INFO - [2023-12-03T18:33:42.131+0000] {dag.py:3722} INFO - Setting next_dagrun for example_sensors to None, run_after=None
[2023-12-03T18:33:42.143+0000] {processor.py:179} INFO - Processing /home/airflow/.local/lib/python3.8/site-packages/airflow/example_dags/example_sensors.py took 0.054 seconds
[2023-12-03T19:06:26.592+0000] {processor.py:157} INFO - Started process (PID=3548) to work on /home/airflow/.local/lib/python3.8/site-packages/airflow/example_dags/example_sensors.py
[2023-12-03T19:06:26.593+0000] {processor.py:829} INFO - Processing file /home/airflow/.local/lib/python3.8/site-packages/airflow/example_dags/example_sensors.py for tasks to queue
[2023-12-03T19:06:26.595+0000] {logging_mixin.py:154} INFO - [2023-12-03T19:06:26.595+0000] {dagbag.py:536} INFO - Filling up the DagBag from /home/airflow/.local/lib/python3.8/site-packages/airflow/example_dags/example_sensors.py
[2023-12-03T19:06:26.602+0000] {processor.py:839} INFO - DAG(s) dict_keys(['example_sensors']) retrieved from /home/airflow/.local/lib/python3.8/site-packages/airflow/example_dags/example_sensors.py
[2023-12-03T19:06:26.623+0000] {logging_mixin.py:154} INFO - [2023-12-03T19:06:26.622+0000] {dag.py:2941} INFO - Sync 1 DAGs
[2023-12-03T19:06:26.631+0000] {logging_mixin.py:154} INFO - [2023-12-03T19:06:26.631+0000] {dag.py:3722} INFO - Setting next_dagrun for example_sensors to None, run_after=None
[2023-12-03T19:06:26.644+0000] {processor.py:179} INFO - Processing /home/airflow/.local/lib/python3.8/site-packages/airflow/example_dags/example_sensors.py took 0.056 seconds
[2023-12-03T19:22:01.844+0000] {processor.py:157} INFO - Started process (PID=3605) to work on /home/airflow/.local/lib/python3.8/site-packages/airflow/example_dags/example_sensors.py
[2023-12-03T19:22:01.845+0000] {processor.py:829} INFO - Processing file /home/airflow/.local/lib/python3.8/site-packages/airflow/example_dags/example_sensors.py for tasks to queue
[2023-12-03T19:22:01.848+0000] {logging_mixin.py:154} INFO - [2023-12-03T19:22:01.847+0000] {dagbag.py:536} INFO - Filling up the DagBag from /home/airflow/.local/lib/python3.8/site-packages/airflow/example_dags/example_sensors.py
[2023-12-03T19:22:01.855+0000] {processor.py:839} INFO - DAG(s) dict_keys(['example_sensors']) retrieved from /home/airflow/.local/lib/python3.8/site-packages/airflow/example_dags/example_sensors.py
[2023-12-03T19:22:01.882+0000] {logging_mixin.py:154} INFO - [2023-12-03T19:22:01.882+0000] {dag.py:2941} INFO - Sync 1 DAGs
[2023-12-03T19:22:01.893+0000] {logging_mixin.py:154} INFO - [2023-12-03T19:22:01.893+0000] {dag.py:3722} INFO - Setting next_dagrun for example_sensors to None, run_after=None
[2023-12-03T19:22:01.909+0000] {processor.py:179} INFO - Processing /home/airflow/.local/lib/python3.8/site-packages/airflow/example_dags/example_sensors.py took 0.069 seconds
[2023-12-03T20:11:33.871+0000] {processor.py:157} INFO - Started process (PID=3656) to work on /home/airflow/.local/lib/python3.8/site-packages/airflow/example_dags/example_sensors.py
[2023-12-03T20:11:33.887+0000] {processor.py:829} INFO - Processing file /home/airflow/.local/lib/python3.8/site-packages/airflow/example_dags/example_sensors.py for tasks to queue
[2023-12-03T20:11:33.892+0000] {logging_mixin.py:154} INFO - [2023-12-03T20:11:33.891+0000] {dagbag.py:536} INFO - Filling up the DagBag from /home/airflow/.local/lib/python3.8/site-packages/airflow/example_dags/example_sensors.py
[2023-12-03T20:11:33.910+0000] {processor.py:839} INFO - DAG(s) dict_keys(['example_sensors']) retrieved from /home/airflow/.local/lib/python3.8/site-packages/airflow/example_dags/example_sensors.py
[2023-12-03T20:11:33.952+0000] {logging_mixin.py:154} INFO - [2023-12-03T20:11:33.952+0000] {dag.py:2941} INFO - Sync 1 DAGs
[2023-12-03T20:11:34.009+0000] {logging_mixin.py:154} INFO - [2023-12-03T20:11:34.009+0000] {dag.py:3722} INFO - Setting next_dagrun for example_sensors to None, run_after=None
[2023-12-03T20:11:34.035+0000] {processor.py:179} INFO - Processing /home/airflow/.local/lib/python3.8/site-packages/airflow/example_dags/example_sensors.py took 0.184 seconds
[2023-12-03T21:36:33.497+0000] {processor.py:157} INFO - Started process (PID=3714) to work on /home/airflow/.local/lib/python3.8/site-packages/airflow/example_dags/example_sensors.py
[2023-12-03T21:36:33.498+0000] {processor.py:829} INFO - Processing file /home/airflow/.local/lib/python3.8/site-packages/airflow/example_dags/example_sensors.py for tasks to queue
[2023-12-03T21:36:33.500+0000] {logging_mixin.py:154} INFO - [2023-12-03T21:36:33.500+0000] {dagbag.py:536} INFO - Filling up the DagBag from /home/airflow/.local/lib/python3.8/site-packages/airflow/example_dags/example_sensors.py
[2023-12-03T21:36:33.507+0000] {processor.py:839} INFO - DAG(s) dict_keys(['example_sensors']) retrieved from /home/airflow/.local/lib/python3.8/site-packages/airflow/example_dags/example_sensors.py
[2023-12-03T21:36:33.526+0000] {logging_mixin.py:154} INFO - [2023-12-03T21:36:33.526+0000] {dag.py:2941} INFO - Sync 1 DAGs
[2023-12-03T21:36:33.535+0000] {logging_mixin.py:154} INFO - [2023-12-03T21:36:33.534+0000] {dag.py:3722} INFO - Setting next_dagrun for example_sensors to None, run_after=None
[2023-12-03T21:36:33.550+0000] {processor.py:179} INFO - Processing /home/airflow/.local/lib/python3.8/site-packages/airflow/example_dags/example_sensors.py took 0.057 seconds
[2023-12-03T22:57:31.526+0000] {processor.py:157} INFO - Started process (PID=3772) to work on /home/airflow/.local/lib/python3.8/site-packages/airflow/example_dags/example_sensors.py
[2023-12-03T22:57:31.528+0000] {processor.py:829} INFO - Processing file /home/airflow/.local/lib/python3.8/site-packages/airflow/example_dags/example_sensors.py for tasks to queue
[2023-12-03T22:57:31.531+0000] {logging_mixin.py:154} INFO - [2023-12-03T22:57:31.531+0000] {dagbag.py:536} INFO - Filling up the DagBag from /home/airflow/.local/lib/python3.8/site-packages/airflow/example_dags/example_sensors.py
[2023-12-03T22:57:31.539+0000] {processor.py:839} INFO - DAG(s) dict_keys(['example_sensors']) retrieved from /home/airflow/.local/lib/python3.8/site-packages/airflow/example_dags/example_sensors.py
[2023-12-03T22:57:31.557+0000] {logging_mixin.py:154} INFO - [2023-12-03T22:57:31.557+0000] {dag.py:2941} INFO - Sync 1 DAGs
[2023-12-03T22:57:31.566+0000] {logging_mixin.py:154} INFO - [2023-12-03T22:57:31.566+0000] {dag.py:3722} INFO - Setting next_dagrun for example_sensors to None, run_after=None
[2023-12-03T22:57:31.579+0000] {processor.py:179} INFO - Processing /home/airflow/.local/lib/python3.8/site-packages/airflow/example_dags/example_sensors.py took 0.056 seconds
[2023-12-03T23:13:10.429+0000] {processor.py:157} INFO - Started process (PID=3830) to work on /home/airflow/.local/lib/python3.8/site-packages/airflow/example_dags/example_sensors.py
[2023-12-03T23:13:10.430+0000] {processor.py:829} INFO - Processing file /home/airflow/.local/lib/python3.8/site-packages/airflow/example_dags/example_sensors.py for tasks to queue
[2023-12-03T23:13:10.432+0000] {logging_mixin.py:154} INFO - [2023-12-03T23:13:10.432+0000] {dagbag.py:536} INFO - Filling up the DagBag from /home/airflow/.local/lib/python3.8/site-packages/airflow/example_dags/example_sensors.py
[2023-12-03T23:13:10.439+0000] {processor.py:839} INFO - DAG(s) dict_keys(['example_sensors']) retrieved from /home/airflow/.local/lib/python3.8/site-packages/airflow/example_dags/example_sensors.py
[2023-12-03T23:13:10.459+0000] {logging_mixin.py:154} INFO - [2023-12-03T23:13:10.459+0000] {dag.py:2941} INFO - Sync 1 DAGs
[2023-12-03T23:13:10.468+0000] {logging_mixin.py:154} INFO - [2023-12-03T23:13:10.468+0000] {dag.py:3722} INFO - Setting next_dagrun for example_sensors to None, run_after=None
[2023-12-03T23:13:10.481+0000] {processor.py:179} INFO - Processing /home/airflow/.local/lib/python3.8/site-packages/airflow/example_dags/example_sensors.py took 0.056 seconds
[2023-12-03T23:22:18.802+0000] {processor.py:157} INFO - Started process (PID=3888) to work on /home/airflow/.local/lib/python3.8/site-packages/airflow/example_dags/example_sensors.py
[2023-12-03T23:22:18.804+0000] {processor.py:829} INFO - Processing file /home/airflow/.local/lib/python3.8/site-packages/airflow/example_dags/example_sensors.py for tasks to queue
[2023-12-03T23:22:18.807+0000] {logging_mixin.py:154} INFO - [2023-12-03T23:22:18.807+0000] {dagbag.py:536} INFO - Filling up the DagBag from /home/airflow/.local/lib/python3.8/site-packages/airflow/example_dags/example_sensors.py
[2023-12-03T23:22:18.826+0000] {processor.py:839} INFO - DAG(s) dict_keys(['example_sensors']) retrieved from /home/airflow/.local/lib/python3.8/site-packages/airflow/example_dags/example_sensors.py
[2023-12-03T23:22:18.868+0000] {logging_mixin.py:154} INFO - [2023-12-03T23:22:18.868+0000] {dag.py:2941} INFO - Sync 1 DAGs
[2023-12-03T23:22:18.886+0000] {logging_mixin.py:154} INFO - [2023-12-03T23:22:18.885+0000] {dag.py:3722} INFO - Setting next_dagrun for example_sensors to None, run_after=None
[2023-12-03T23:22:18.916+0000] {processor.py:179} INFO - Processing /home/airflow/.local/lib/python3.8/site-packages/airflow/example_dags/example_sensors.py took 0.120 seconds
