[2023-12-03T09:43:25.065+0000] {processor.py:157} INFO - Started process (PID=79) to work on /home/airflow/.local/lib/python3.8/site-packages/airflow/example_dags/example_setup_teardown_taskflow.py
[2023-12-03T09:43:25.067+0000] {processor.py:829} INFO - Processing file /home/airflow/.local/lib/python3.8/site-packages/airflow/example_dags/example_setup_teardown_taskflow.py for tasks to queue
[2023-12-03T09:43:25.069+0000] {logging_mixin.py:154} INFO - [2023-12-03T09:43:25.069+0000] {dagbag.py:536} INFO - Filling up the DagBag from /home/airflow/.local/lib/python3.8/site-packages/airflow/example_dags/example_setup_teardown_taskflow.py
[2023-12-03T09:43:25.079+0000] {processor.py:839} INFO - DAG(s) dict_keys(['example_setup_teardown_taskflow']) retrieved from /home/airflow/.local/lib/python3.8/site-packages/airflow/example_dags/example_setup_teardown_taskflow.py
[2023-12-03T09:43:25.091+0000] {logging_mixin.py:154} INFO - [2023-12-03T09:43:25.090+0000] {dag.py:2941} INFO - Sync 1 DAGs
[2023-12-03T09:43:25.110+0000] {logging_mixin.py:154} INFO - [2023-12-03T09:43:25.110+0000] {dag.py:3722} INFO - Setting next_dagrun for example_setup_teardown_taskflow to 2023-12-02T09:43:25.110277+00:00, run_after=2023-12-03T09:43:25.110277+00:00
[2023-12-03T09:43:25.128+0000] {processor.py:179} INFO - Processing /home/airflow/.local/lib/python3.8/site-packages/airflow/example_dags/example_setup_teardown_taskflow.py took 0.066 seconds
[2023-12-03T09:43:55.722+0000] {processor.py:157} INFO - Started process (PID=137) to work on /home/airflow/.local/lib/python3.8/site-packages/airflow/example_dags/example_setup_teardown_taskflow.py
[2023-12-03T09:43:55.723+0000] {processor.py:829} INFO - Processing file /home/airflow/.local/lib/python3.8/site-packages/airflow/example_dags/example_setup_teardown_taskflow.py for tasks to queue
[2023-12-03T09:43:55.726+0000] {logging_mixin.py:154} INFO - [2023-12-03T09:43:55.726+0000] {dagbag.py:536} INFO - Filling up the DagBag from /home/airflow/.local/lib/python3.8/site-packages/airflow/example_dags/example_setup_teardown_taskflow.py
[2023-12-03T09:43:55.734+0000] {processor.py:839} INFO - DAG(s) dict_keys(['example_setup_teardown_taskflow']) retrieved from /home/airflow/.local/lib/python3.8/site-packages/airflow/example_dags/example_setup_teardown_taskflow.py
[2023-12-03T09:43:55.751+0000] {logging_mixin.py:154} INFO - [2023-12-03T09:43:55.751+0000] {dag.py:2941} INFO - Sync 1 DAGs
[2023-12-03T09:43:55.767+0000] {logging_mixin.py:154} INFO - [2023-12-03T09:43:55.767+0000] {dag.py:3722} INFO - Setting next_dagrun for example_setup_teardown_taskflow to 2023-12-02T09:43:55.767541+00:00, run_after=2023-12-03T09:43:55.767541+00:00
[2023-12-03T09:43:55.779+0000] {processor.py:179} INFO - Processing /home/airflow/.local/lib/python3.8/site-packages/airflow/example_dags/example_setup_teardown_taskflow.py took 0.061 seconds
[2023-12-03T09:44:26.375+0000] {processor.py:157} INFO - Started process (PID=194) to work on /home/airflow/.local/lib/python3.8/site-packages/airflow/example_dags/example_setup_teardown_taskflow.py
[2023-12-03T09:44:26.376+0000] {processor.py:829} INFO - Processing file /home/airflow/.local/lib/python3.8/site-packages/airflow/example_dags/example_setup_teardown_taskflow.py for tasks to queue
[2023-12-03T09:44:26.378+0000] {logging_mixin.py:154} INFO - [2023-12-03T09:44:26.378+0000] {dagbag.py:536} INFO - Filling up the DagBag from /home/airflow/.local/lib/python3.8/site-packages/airflow/example_dags/example_setup_teardown_taskflow.py
[2023-12-03T09:44:26.387+0000] {processor.py:839} INFO - DAG(s) dict_keys(['example_setup_teardown_taskflow']) retrieved from /home/airflow/.local/lib/python3.8/site-packages/airflow/example_dags/example_setup_teardown_taskflow.py
[2023-12-03T09:44:26.407+0000] {logging_mixin.py:154} INFO - [2023-12-03T09:44:26.407+0000] {dag.py:2941} INFO - Sync 1 DAGs
[2023-12-03T09:44:26.428+0000] {logging_mixin.py:154} INFO - [2023-12-03T09:44:26.428+0000] {dag.py:3722} INFO - Setting next_dagrun for example_setup_teardown_taskflow to 2023-12-02T09:44:26.428006+00:00, run_after=2023-12-03T09:44:26.428006+00:00
[2023-12-03T09:44:26.446+0000] {processor.py:179} INFO - Processing /home/airflow/.local/lib/python3.8/site-packages/airflow/example_dags/example_setup_teardown_taskflow.py took 0.074 seconds
[2023-12-03T09:44:57.612+0000] {processor.py:157} INFO - Started process (PID=252) to work on /home/airflow/.local/lib/python3.8/site-packages/airflow/example_dags/example_setup_teardown_taskflow.py
[2023-12-03T09:44:57.614+0000] {processor.py:829} INFO - Processing file /home/airflow/.local/lib/python3.8/site-packages/airflow/example_dags/example_setup_teardown_taskflow.py for tasks to queue
[2023-12-03T09:44:57.618+0000] {logging_mixin.py:154} INFO - [2023-12-03T09:44:57.618+0000] {dagbag.py:536} INFO - Filling up the DagBag from /home/airflow/.local/lib/python3.8/site-packages/airflow/example_dags/example_setup_teardown_taskflow.py
[2023-12-03T09:44:57.629+0000] {processor.py:839} INFO - DAG(s) dict_keys(['example_setup_teardown_taskflow']) retrieved from /home/airflow/.local/lib/python3.8/site-packages/airflow/example_dags/example_setup_teardown_taskflow.py
[2023-12-03T09:44:57.651+0000] {logging_mixin.py:154} INFO - [2023-12-03T09:44:57.651+0000] {dag.py:2941} INFO - Sync 1 DAGs
[2023-12-03T09:44:57.678+0000] {logging_mixin.py:154} INFO - [2023-12-03T09:44:57.677+0000] {dag.py:3722} INFO - Setting next_dagrun for example_setup_teardown_taskflow to 2023-12-02T09:44:57.677631+00:00, run_after=2023-12-03T09:44:57.677631+00:00
[2023-12-03T09:44:57.698+0000] {processor.py:179} INFO - Processing /home/airflow/.local/lib/python3.8/site-packages/airflow/example_dags/example_setup_teardown_taskflow.py took 0.090 seconds
[2023-12-03T09:45:29.116+0000] {processor.py:157} INFO - Started process (PID=309) to work on /home/airflow/.local/lib/python3.8/site-packages/airflow/example_dags/example_setup_teardown_taskflow.py
[2023-12-03T09:45:29.117+0000] {processor.py:829} INFO - Processing file /home/airflow/.local/lib/python3.8/site-packages/airflow/example_dags/example_setup_teardown_taskflow.py for tasks to queue
[2023-12-03T09:45:29.121+0000] {logging_mixin.py:154} INFO - [2023-12-03T09:45:29.121+0000] {dagbag.py:536} INFO - Filling up the DagBag from /home/airflow/.local/lib/python3.8/site-packages/airflow/example_dags/example_setup_teardown_taskflow.py
[2023-12-03T09:45:29.131+0000] {processor.py:839} INFO - DAG(s) dict_keys(['example_setup_teardown_taskflow']) retrieved from /home/airflow/.local/lib/python3.8/site-packages/airflow/example_dags/example_setup_teardown_taskflow.py
[2023-12-03T09:45:29.159+0000] {logging_mixin.py:154} INFO - [2023-12-03T09:45:29.159+0000] {dag.py:2941} INFO - Sync 1 DAGs
[2023-12-03T09:45:29.182+0000] {logging_mixin.py:154} INFO - [2023-12-03T09:45:29.182+0000] {dag.py:3722} INFO - Setting next_dagrun for example_setup_teardown_taskflow to 2023-12-02T09:45:29.181972+00:00, run_after=2023-12-03T09:45:29.181972+00:00
[2023-12-03T09:45:29.208+0000] {processor.py:179} INFO - Processing /home/airflow/.local/lib/python3.8/site-packages/airflow/example_dags/example_setup_teardown_taskflow.py took 0.096 seconds
[2023-12-03T09:45:59.797+0000] {processor.py:157} INFO - Started process (PID=369) to work on /home/airflow/.local/lib/python3.8/site-packages/airflow/example_dags/example_setup_teardown_taskflow.py
[2023-12-03T09:45:59.798+0000] {processor.py:829} INFO - Processing file /home/airflow/.local/lib/python3.8/site-packages/airflow/example_dags/example_setup_teardown_taskflow.py for tasks to queue
[2023-12-03T09:45:59.801+0000] {logging_mixin.py:154} INFO - [2023-12-03T09:45:59.801+0000] {dagbag.py:536} INFO - Filling up the DagBag from /home/airflow/.local/lib/python3.8/site-packages/airflow/example_dags/example_setup_teardown_taskflow.py
[2023-12-03T09:45:59.809+0000] {processor.py:839} INFO - DAG(s) dict_keys(['example_setup_teardown_taskflow']) retrieved from /home/airflow/.local/lib/python3.8/site-packages/airflow/example_dags/example_setup_teardown_taskflow.py
[2023-12-03T09:45:59.832+0000] {logging_mixin.py:154} INFO - [2023-12-03T09:45:59.831+0000] {dag.py:2941} INFO - Sync 1 DAGs
[2023-12-03T09:45:59.851+0000] {logging_mixin.py:154} INFO - [2023-12-03T09:45:59.851+0000] {dag.py:3722} INFO - Setting next_dagrun for example_setup_teardown_taskflow to 2023-12-02T09:45:59.850879+00:00, run_after=2023-12-03T09:45:59.850879+00:00
[2023-12-03T09:45:59.867+0000] {processor.py:179} INFO - Processing /home/airflow/.local/lib/python3.8/site-packages/airflow/example_dags/example_setup_teardown_taskflow.py took 0.074 seconds
[2023-12-03T09:46:30.692+0000] {processor.py:157} INFO - Started process (PID=427) to work on /home/airflow/.local/lib/python3.8/site-packages/airflow/example_dags/example_setup_teardown_taskflow.py
[2023-12-03T09:46:30.693+0000] {processor.py:829} INFO - Processing file /home/airflow/.local/lib/python3.8/site-packages/airflow/example_dags/example_setup_teardown_taskflow.py for tasks to queue
[2023-12-03T09:46:30.696+0000] {logging_mixin.py:154} INFO - [2023-12-03T09:46:30.695+0000] {dagbag.py:536} INFO - Filling up the DagBag from /home/airflow/.local/lib/python3.8/site-packages/airflow/example_dags/example_setup_teardown_taskflow.py
[2023-12-03T09:46:30.705+0000] {processor.py:839} INFO - DAG(s) dict_keys(['example_setup_teardown_taskflow']) retrieved from /home/airflow/.local/lib/python3.8/site-packages/airflow/example_dags/example_setup_teardown_taskflow.py
[2023-12-03T09:46:30.729+0000] {logging_mixin.py:154} INFO - [2023-12-03T09:46:30.729+0000] {dag.py:2941} INFO - Sync 1 DAGs
[2023-12-03T09:46:30.753+0000] {logging_mixin.py:154} INFO - [2023-12-03T09:46:30.753+0000] {dag.py:3722} INFO - Setting next_dagrun for example_setup_teardown_taskflow to 2023-12-02T09:46:30.752745+00:00, run_after=2023-12-03T09:46:30.752745+00:00
[2023-12-03T09:46:30.772+0000] {processor.py:179} INFO - Processing /home/airflow/.local/lib/python3.8/site-packages/airflow/example_dags/example_setup_teardown_taskflow.py took 0.084 seconds
[2023-12-03T09:47:00.979+0000] {processor.py:157} INFO - Started process (PID=485) to work on /home/airflow/.local/lib/python3.8/site-packages/airflow/example_dags/example_setup_teardown_taskflow.py
[2023-12-03T09:47:00.980+0000] {processor.py:829} INFO - Processing file /home/airflow/.local/lib/python3.8/site-packages/airflow/example_dags/example_setup_teardown_taskflow.py for tasks to queue
[2023-12-03T09:47:00.984+0000] {logging_mixin.py:154} INFO - [2023-12-03T09:47:00.984+0000] {dagbag.py:536} INFO - Filling up the DagBag from /home/airflow/.local/lib/python3.8/site-packages/airflow/example_dags/example_setup_teardown_taskflow.py
[2023-12-03T09:47:00.997+0000] {processor.py:839} INFO - DAG(s) dict_keys(['example_setup_teardown_taskflow']) retrieved from /home/airflow/.local/lib/python3.8/site-packages/airflow/example_dags/example_setup_teardown_taskflow.py
[2023-12-03T09:47:01.025+0000] {logging_mixin.py:154} INFO - [2023-12-03T09:47:01.025+0000] {dag.py:2941} INFO - Sync 1 DAGs
[2023-12-03T09:47:01.055+0000] {logging_mixin.py:154} INFO - [2023-12-03T09:47:01.054+0000] {dag.py:3722} INFO - Setting next_dagrun for example_setup_teardown_taskflow to 2023-12-02T09:47:01.054795+00:00, run_after=2023-12-03T09:47:01.054795+00:00
[2023-12-03T09:47:01.080+0000] {processor.py:179} INFO - Processing /home/airflow/.local/lib/python3.8/site-packages/airflow/example_dags/example_setup_teardown_taskflow.py took 0.105 seconds
[2023-12-03T09:47:32.201+0000] {processor.py:157} INFO - Started process (PID=543) to work on /home/airflow/.local/lib/python3.8/site-packages/airflow/example_dags/example_setup_teardown_taskflow.py
[2023-12-03T09:47:32.202+0000] {processor.py:829} INFO - Processing file /home/airflow/.local/lib/python3.8/site-packages/airflow/example_dags/example_setup_teardown_taskflow.py for tasks to queue
[2023-12-03T09:47:32.206+0000] {logging_mixin.py:154} INFO - [2023-12-03T09:47:32.205+0000] {dagbag.py:536} INFO - Filling up the DagBag from /home/airflow/.local/lib/python3.8/site-packages/airflow/example_dags/example_setup_teardown_taskflow.py
[2023-12-03T09:47:32.218+0000] {processor.py:839} INFO - DAG(s) dict_keys(['example_setup_teardown_taskflow']) retrieved from /home/airflow/.local/lib/python3.8/site-packages/airflow/example_dags/example_setup_teardown_taskflow.py
[2023-12-03T09:47:32.247+0000] {logging_mixin.py:154} INFO - [2023-12-03T09:47:32.247+0000] {dag.py:2941} INFO - Sync 1 DAGs
[2023-12-03T09:47:32.278+0000] {logging_mixin.py:154} INFO - [2023-12-03T09:47:32.277+0000] {dag.py:3722} INFO - Setting next_dagrun for example_setup_teardown_taskflow to 2023-12-02T09:47:32.277649+00:00, run_after=2023-12-03T09:47:32.277649+00:00
[2023-12-03T09:47:32.305+0000] {processor.py:179} INFO - Processing /home/airflow/.local/lib/python3.8/site-packages/airflow/example_dags/example_setup_teardown_taskflow.py took 0.109 seconds
[2023-12-03T09:48:03.276+0000] {processor.py:157} INFO - Started process (PID=607) to work on /home/airflow/.local/lib/python3.8/site-packages/airflow/example_dags/example_setup_teardown_taskflow.py
[2023-12-03T09:48:03.278+0000] {processor.py:829} INFO - Processing file /home/airflow/.local/lib/python3.8/site-packages/airflow/example_dags/example_setup_teardown_taskflow.py for tasks to queue
[2023-12-03T09:48:03.280+0000] {logging_mixin.py:154} INFO - [2023-12-03T09:48:03.280+0000] {dagbag.py:536} INFO - Filling up the DagBag from /home/airflow/.local/lib/python3.8/site-packages/airflow/example_dags/example_setup_teardown_taskflow.py
[2023-12-03T09:48:03.289+0000] {processor.py:839} INFO - DAG(s) dict_keys(['example_setup_teardown_taskflow']) retrieved from /home/airflow/.local/lib/python3.8/site-packages/airflow/example_dags/example_setup_teardown_taskflow.py
[2023-12-03T09:48:03.312+0000] {logging_mixin.py:154} INFO - [2023-12-03T09:48:03.311+0000] {dag.py:2941} INFO - Sync 1 DAGs
[2023-12-03T09:48:03.333+0000] {logging_mixin.py:154} INFO - [2023-12-03T09:48:03.333+0000] {dag.py:3722} INFO - Setting next_dagrun for example_setup_teardown_taskflow to 2023-12-02T09:48:03.333240+00:00, run_after=2023-12-03T09:48:03.333240+00:00
[2023-12-03T09:48:03.350+0000] {processor.py:179} INFO - Processing /home/airflow/.local/lib/python3.8/site-packages/airflow/example_dags/example_setup_teardown_taskflow.py took 0.078 seconds
[2023-12-03T09:48:34.159+0000] {processor.py:157} INFO - Started process (PID=665) to work on /home/airflow/.local/lib/python3.8/site-packages/airflow/example_dags/example_setup_teardown_taskflow.py
[2023-12-03T09:48:34.159+0000] {processor.py:829} INFO - Processing file /home/airflow/.local/lib/python3.8/site-packages/airflow/example_dags/example_setup_teardown_taskflow.py for tasks to queue
[2023-12-03T09:48:34.162+0000] {logging_mixin.py:154} INFO - [2023-12-03T09:48:34.162+0000] {dagbag.py:536} INFO - Filling up the DagBag from /home/airflow/.local/lib/python3.8/site-packages/airflow/example_dags/example_setup_teardown_taskflow.py
[2023-12-03T09:48:34.170+0000] {processor.py:839} INFO - DAG(s) dict_keys(['example_setup_teardown_taskflow']) retrieved from /home/airflow/.local/lib/python3.8/site-packages/airflow/example_dags/example_setup_teardown_taskflow.py
[2023-12-03T09:48:34.195+0000] {logging_mixin.py:154} INFO - [2023-12-03T09:48:34.195+0000] {dag.py:2941} INFO - Sync 1 DAGs
[2023-12-03T09:48:34.220+0000] {logging_mixin.py:154} INFO - [2023-12-03T09:48:34.220+0000] {dag.py:3722} INFO - Setting next_dagrun for example_setup_teardown_taskflow to 2023-12-02T09:48:34.219804+00:00, run_after=2023-12-03T09:48:34.219804+00:00
[2023-12-03T09:48:34.404+0000] {processor.py:179} INFO - Processing /home/airflow/.local/lib/python3.8/site-packages/airflow/example_dags/example_setup_teardown_taskflow.py took 0.249 seconds
[2023-12-03T09:49:05.988+0000] {processor.py:157} INFO - Started process (PID=723) to work on /home/airflow/.local/lib/python3.8/site-packages/airflow/example_dags/example_setup_teardown_taskflow.py
[2023-12-03T09:49:05.990+0000] {processor.py:829} INFO - Processing file /home/airflow/.local/lib/python3.8/site-packages/airflow/example_dags/example_setup_teardown_taskflow.py for tasks to queue
[2023-12-03T09:49:05.994+0000] {logging_mixin.py:154} INFO - [2023-12-03T09:49:05.993+0000] {dagbag.py:536} INFO - Filling up the DagBag from /home/airflow/.local/lib/python3.8/site-packages/airflow/example_dags/example_setup_teardown_taskflow.py
[2023-12-03T09:49:06.008+0000] {processor.py:839} INFO - DAG(s) dict_keys(['example_setup_teardown_taskflow']) retrieved from /home/airflow/.local/lib/python3.8/site-packages/airflow/example_dags/example_setup_teardown_taskflow.py
[2023-12-03T09:49:06.040+0000] {logging_mixin.py:154} INFO - [2023-12-03T09:49:06.040+0000] {dag.py:2941} INFO - Sync 1 DAGs
[2023-12-03T09:49:06.224+0000] {logging_mixin.py:154} INFO - [2023-12-03T09:49:06.224+0000] {dag.py:3722} INFO - Setting next_dagrun for example_setup_teardown_taskflow to 2023-12-02T09:49:06.224199+00:00, run_after=2023-12-03T09:49:06.224199+00:00
[2023-12-03T09:49:06.245+0000] {processor.py:179} INFO - Processing /home/airflow/.local/lib/python3.8/site-packages/airflow/example_dags/example_setup_teardown_taskflow.py took 0.262 seconds
[2023-12-03T09:49:37.296+0000] {processor.py:157} INFO - Started process (PID=781) to work on /home/airflow/.local/lib/python3.8/site-packages/airflow/example_dags/example_setup_teardown_taskflow.py
[2023-12-03T09:49:37.298+0000] {processor.py:829} INFO - Processing file /home/airflow/.local/lib/python3.8/site-packages/airflow/example_dags/example_setup_teardown_taskflow.py for tasks to queue
[2023-12-03T09:49:37.302+0000] {logging_mixin.py:154} INFO - [2023-12-03T09:49:37.301+0000] {dagbag.py:536} INFO - Filling up the DagBag from /home/airflow/.local/lib/python3.8/site-packages/airflow/example_dags/example_setup_teardown_taskflow.py
[2023-12-03T09:49:37.312+0000] {processor.py:839} INFO - DAG(s) dict_keys(['example_setup_teardown_taskflow']) retrieved from /home/airflow/.local/lib/python3.8/site-packages/airflow/example_dags/example_setup_teardown_taskflow.py
[2023-12-03T09:49:37.336+0000] {logging_mixin.py:154} INFO - [2023-12-03T09:49:37.336+0000] {dag.py:2941} INFO - Sync 1 DAGs
[2023-12-03T09:49:37.525+0000] {logging_mixin.py:154} INFO - [2023-12-03T09:49:37.524+0000] {dag.py:3722} INFO - Setting next_dagrun for example_setup_teardown_taskflow to 2023-12-02T09:49:37.524795+00:00, run_after=2023-12-03T09:49:37.524795+00:00
[2023-12-03T09:49:37.544+0000] {processor.py:179} INFO - Processing /home/airflow/.local/lib/python3.8/site-packages/airflow/example_dags/example_setup_teardown_taskflow.py took 0.251 seconds
[2023-12-03T09:50:08.124+0000] {processor.py:157} INFO - Started process (PID=839) to work on /home/airflow/.local/lib/python3.8/site-packages/airflow/example_dags/example_setup_teardown_taskflow.py
[2023-12-03T09:50:08.126+0000] {processor.py:829} INFO - Processing file /home/airflow/.local/lib/python3.8/site-packages/airflow/example_dags/example_setup_teardown_taskflow.py for tasks to queue
[2023-12-03T09:50:08.128+0000] {logging_mixin.py:154} INFO - [2023-12-03T09:50:08.128+0000] {dagbag.py:536} INFO - Filling up the DagBag from /home/airflow/.local/lib/python3.8/site-packages/airflow/example_dags/example_setup_teardown_taskflow.py
[2023-12-03T09:50:08.138+0000] {processor.py:839} INFO - DAG(s) dict_keys(['example_setup_teardown_taskflow']) retrieved from /home/airflow/.local/lib/python3.8/site-packages/airflow/example_dags/example_setup_teardown_taskflow.py
[2023-12-03T09:50:08.160+0000] {logging_mixin.py:154} INFO - [2023-12-03T09:50:08.160+0000] {dag.py:2941} INFO - Sync 1 DAGs
[2023-12-03T09:50:08.294+0000] {logging_mixin.py:154} INFO - [2023-12-03T09:50:08.294+0000] {dag.py:3722} INFO - Setting next_dagrun for example_setup_teardown_taskflow to 2023-12-02T09:50:08.294365+00:00, run_after=2023-12-03T09:50:08.294365+00:00
[2023-12-03T09:50:08.305+0000] {processor.py:179} INFO - Processing /home/airflow/.local/lib/python3.8/site-packages/airflow/example_dags/example_setup_teardown_taskflow.py took 0.185 seconds
[2023-12-03T09:50:38.950+0000] {processor.py:157} INFO - Started process (PID=897) to work on /home/airflow/.local/lib/python3.8/site-packages/airflow/example_dags/example_setup_teardown_taskflow.py
[2023-12-03T09:50:38.951+0000] {processor.py:829} INFO - Processing file /home/airflow/.local/lib/python3.8/site-packages/airflow/example_dags/example_setup_teardown_taskflow.py for tasks to queue
[2023-12-03T09:50:38.954+0000] {logging_mixin.py:154} INFO - [2023-12-03T09:50:38.954+0000] {dagbag.py:536} INFO - Filling up the DagBag from /home/airflow/.local/lib/python3.8/site-packages/airflow/example_dags/example_setup_teardown_taskflow.py
[2023-12-03T09:50:38.962+0000] {processor.py:839} INFO - DAG(s) dict_keys(['example_setup_teardown_taskflow']) retrieved from /home/airflow/.local/lib/python3.8/site-packages/airflow/example_dags/example_setup_teardown_taskflow.py
[2023-12-03T09:50:38.982+0000] {logging_mixin.py:154} INFO - [2023-12-03T09:50:38.982+0000] {dag.py:2941} INFO - Sync 1 DAGs
[2023-12-03T09:50:39.002+0000] {logging_mixin.py:154} INFO - [2023-12-03T09:50:39.002+0000] {dag.py:3722} INFO - Setting next_dagrun for example_setup_teardown_taskflow to 2023-12-02T09:50:39.002293+00:00, run_after=2023-12-03T09:50:39.002293+00:00
[2023-12-03T09:50:39.022+0000] {processor.py:179} INFO - Processing /home/airflow/.local/lib/python3.8/site-packages/airflow/example_dags/example_setup_teardown_taskflow.py took 0.076 seconds
[2023-12-03T09:51:09.202+0000] {processor.py:157} INFO - Started process (PID=955) to work on /home/airflow/.local/lib/python3.8/site-packages/airflow/example_dags/example_setup_teardown_taskflow.py
[2023-12-03T09:51:09.203+0000] {processor.py:829} INFO - Processing file /home/airflow/.local/lib/python3.8/site-packages/airflow/example_dags/example_setup_teardown_taskflow.py for tasks to queue
[2023-12-03T09:51:09.206+0000] {logging_mixin.py:154} INFO - [2023-12-03T09:51:09.206+0000] {dagbag.py:536} INFO - Filling up the DagBag from /home/airflow/.local/lib/python3.8/site-packages/airflow/example_dags/example_setup_teardown_taskflow.py
[2023-12-03T09:51:09.214+0000] {processor.py:839} INFO - DAG(s) dict_keys(['example_setup_teardown_taskflow']) retrieved from /home/airflow/.local/lib/python3.8/site-packages/airflow/example_dags/example_setup_teardown_taskflow.py
[2023-12-03T09:51:09.234+0000] {logging_mixin.py:154} INFO - [2023-12-03T09:51:09.234+0000] {dag.py:2941} INFO - Sync 1 DAGs
[2023-12-03T09:51:09.252+0000] {logging_mixin.py:154} INFO - [2023-12-03T09:51:09.252+0000] {dag.py:3722} INFO - Setting next_dagrun for example_setup_teardown_taskflow to 2023-12-02T09:51:09.252234+00:00, run_after=2023-12-03T09:51:09.252234+00:00
[2023-12-03T09:51:09.275+0000] {processor.py:179} INFO - Processing /home/airflow/.local/lib/python3.8/site-packages/airflow/example_dags/example_setup_teardown_taskflow.py took 0.077 seconds
[2023-12-03T09:51:40.079+0000] {processor.py:157} INFO - Started process (PID=1013) to work on /home/airflow/.local/lib/python3.8/site-packages/airflow/example_dags/example_setup_teardown_taskflow.py
[2023-12-03T09:51:40.080+0000] {processor.py:829} INFO - Processing file /home/airflow/.local/lib/python3.8/site-packages/airflow/example_dags/example_setup_teardown_taskflow.py for tasks to queue
[2023-12-03T09:51:40.083+0000] {logging_mixin.py:154} INFO - [2023-12-03T09:51:40.083+0000] {dagbag.py:536} INFO - Filling up the DagBag from /home/airflow/.local/lib/python3.8/site-packages/airflow/example_dags/example_setup_teardown_taskflow.py
[2023-12-03T09:51:40.093+0000] {processor.py:839} INFO - DAG(s) dict_keys(['example_setup_teardown_taskflow']) retrieved from /home/airflow/.local/lib/python3.8/site-packages/airflow/example_dags/example_setup_teardown_taskflow.py
[2023-12-03T09:51:40.114+0000] {logging_mixin.py:154} INFO - [2023-12-03T09:51:40.114+0000] {dag.py:2941} INFO - Sync 1 DAGs
[2023-12-03T09:51:40.134+0000] {logging_mixin.py:154} INFO - [2023-12-03T09:51:40.134+0000] {dag.py:3722} INFO - Setting next_dagrun for example_setup_teardown_taskflow to 2023-12-02T09:51:40.133833+00:00, run_after=2023-12-03T09:51:40.133833+00:00
[2023-12-03T09:51:40.164+0000] {processor.py:179} INFO - Processing /home/airflow/.local/lib/python3.8/site-packages/airflow/example_dags/example_setup_teardown_taskflow.py took 0.088 seconds
[2023-12-03T09:52:11.031+0000] {processor.py:157} INFO - Started process (PID=1071) to work on /home/airflow/.local/lib/python3.8/site-packages/airflow/example_dags/example_setup_teardown_taskflow.py
[2023-12-03T09:52:11.033+0000] {processor.py:829} INFO - Processing file /home/airflow/.local/lib/python3.8/site-packages/airflow/example_dags/example_setup_teardown_taskflow.py for tasks to queue
[2023-12-03T09:52:11.035+0000] {logging_mixin.py:154} INFO - [2023-12-03T09:52:11.035+0000] {dagbag.py:536} INFO - Filling up the DagBag from /home/airflow/.local/lib/python3.8/site-packages/airflow/example_dags/example_setup_teardown_taskflow.py
[2023-12-03T09:52:11.044+0000] {processor.py:839} INFO - DAG(s) dict_keys(['example_setup_teardown_taskflow']) retrieved from /home/airflow/.local/lib/python3.8/site-packages/airflow/example_dags/example_setup_teardown_taskflow.py
[2023-12-03T09:52:11.066+0000] {logging_mixin.py:154} INFO - [2023-12-03T09:52:11.066+0000] {dag.py:2941} INFO - Sync 1 DAGs
[2023-12-03T09:52:11.089+0000] {logging_mixin.py:154} INFO - [2023-12-03T09:52:11.088+0000] {dag.py:3722} INFO - Setting next_dagrun for example_setup_teardown_taskflow to 2023-12-02T09:52:11.088618+00:00, run_after=2023-12-03T09:52:11.088618+00:00
[2023-12-03T09:52:11.104+0000] {processor.py:179} INFO - Processing /home/airflow/.local/lib/python3.8/site-packages/airflow/example_dags/example_setup_teardown_taskflow.py took 0.078 seconds
[2023-12-03T09:52:42.499+0000] {processor.py:157} INFO - Started process (PID=1129) to work on /home/airflow/.local/lib/python3.8/site-packages/airflow/example_dags/example_setup_teardown_taskflow.py
[2023-12-03T09:52:42.500+0000] {processor.py:829} INFO - Processing file /home/airflow/.local/lib/python3.8/site-packages/airflow/example_dags/example_setup_teardown_taskflow.py for tasks to queue
[2023-12-03T09:52:42.504+0000] {logging_mixin.py:154} INFO - [2023-12-03T09:52:42.503+0000] {dagbag.py:536} INFO - Filling up the DagBag from /home/airflow/.local/lib/python3.8/site-packages/airflow/example_dags/example_setup_teardown_taskflow.py
[2023-12-03T09:52:42.516+0000] {processor.py:839} INFO - DAG(s) dict_keys(['example_setup_teardown_taskflow']) retrieved from /home/airflow/.local/lib/python3.8/site-packages/airflow/example_dags/example_setup_teardown_taskflow.py
[2023-12-03T09:52:42.543+0000] {logging_mixin.py:154} INFO - [2023-12-03T09:52:42.543+0000] {dag.py:2941} INFO - Sync 1 DAGs
[2023-12-03T09:52:42.568+0000] {logging_mixin.py:154} INFO - [2023-12-03T09:52:42.568+0000] {dag.py:3722} INFO - Setting next_dagrun for example_setup_teardown_taskflow to 2023-12-02T09:52:42.568442+00:00, run_after=2023-12-03T09:52:42.568442+00:00
[2023-12-03T09:52:42.588+0000] {processor.py:179} INFO - Processing /home/airflow/.local/lib/python3.8/site-packages/airflow/example_dags/example_setup_teardown_taskflow.py took 0.094 seconds
[2023-12-03T09:53:13.753+0000] {processor.py:157} INFO - Started process (PID=1187) to work on /home/airflow/.local/lib/python3.8/site-packages/airflow/example_dags/example_setup_teardown_taskflow.py
[2023-12-03T09:53:13.754+0000] {processor.py:829} INFO - Processing file /home/airflow/.local/lib/python3.8/site-packages/airflow/example_dags/example_setup_teardown_taskflow.py for tasks to queue
[2023-12-03T09:53:13.757+0000] {logging_mixin.py:154} INFO - [2023-12-03T09:53:13.757+0000] {dagbag.py:536} INFO - Filling up the DagBag from /home/airflow/.local/lib/python3.8/site-packages/airflow/example_dags/example_setup_teardown_taskflow.py
[2023-12-03T09:53:13.768+0000] {processor.py:839} INFO - DAG(s) dict_keys(['example_setup_teardown_taskflow']) retrieved from /home/airflow/.local/lib/python3.8/site-packages/airflow/example_dags/example_setup_teardown_taskflow.py
[2023-12-03T09:53:13.793+0000] {logging_mixin.py:154} INFO - [2023-12-03T09:53:13.792+0000] {dag.py:2941} INFO - Sync 1 DAGs
[2023-12-03T09:53:13.821+0000] {logging_mixin.py:154} INFO - [2023-12-03T09:53:13.821+0000] {dag.py:3722} INFO - Setting next_dagrun for example_setup_teardown_taskflow to 2023-12-02T09:53:13.820645+00:00, run_after=2023-12-03T09:53:13.820645+00:00
[2023-12-03T09:53:13.843+0000] {processor.py:179} INFO - Processing /home/airflow/.local/lib/python3.8/site-packages/airflow/example_dags/example_setup_teardown_taskflow.py took 0.095 seconds
[2023-12-03T09:53:43.968+0000] {processor.py:157} INFO - Started process (PID=1245) to work on /home/airflow/.local/lib/python3.8/site-packages/airflow/example_dags/example_setup_teardown_taskflow.py
[2023-12-03T09:53:43.969+0000] {processor.py:829} INFO - Processing file /home/airflow/.local/lib/python3.8/site-packages/airflow/example_dags/example_setup_teardown_taskflow.py for tasks to queue
[2023-12-03T09:53:43.973+0000] {logging_mixin.py:154} INFO - [2023-12-03T09:53:43.972+0000] {dagbag.py:536} INFO - Filling up the DagBag from /home/airflow/.local/lib/python3.8/site-packages/airflow/example_dags/example_setup_teardown_taskflow.py
[2023-12-03T09:53:43.983+0000] {processor.py:839} INFO - DAG(s) dict_keys(['example_setup_teardown_taskflow']) retrieved from /home/airflow/.local/lib/python3.8/site-packages/airflow/example_dags/example_setup_teardown_taskflow.py
[2023-12-03T09:53:44.005+0000] {logging_mixin.py:154} INFO - [2023-12-03T09:53:44.005+0000] {dag.py:2941} INFO - Sync 1 DAGs
[2023-12-03T09:53:44.025+0000] {logging_mixin.py:154} INFO - [2023-12-03T09:53:44.024+0000] {dag.py:3722} INFO - Setting next_dagrun for example_setup_teardown_taskflow to 2023-12-02T09:53:44.024770+00:00, run_after=2023-12-03T09:53:44.024770+00:00
[2023-12-03T09:53:44.042+0000] {processor.py:179} INFO - Processing /home/airflow/.local/lib/python3.8/site-packages/airflow/example_dags/example_setup_teardown_taskflow.py took 0.078 seconds
[2023-12-03T09:54:14.441+0000] {processor.py:157} INFO - Started process (PID=1303) to work on /home/airflow/.local/lib/python3.8/site-packages/airflow/example_dags/example_setup_teardown_taskflow.py
[2023-12-03T09:54:14.443+0000] {processor.py:829} INFO - Processing file /home/airflow/.local/lib/python3.8/site-packages/airflow/example_dags/example_setup_teardown_taskflow.py for tasks to queue
[2023-12-03T09:54:14.446+0000] {logging_mixin.py:154} INFO - [2023-12-03T09:54:14.446+0000] {dagbag.py:536} INFO - Filling up the DagBag from /home/airflow/.local/lib/python3.8/site-packages/airflow/example_dags/example_setup_teardown_taskflow.py
[2023-12-03T09:54:14.458+0000] {processor.py:839} INFO - DAG(s) dict_keys(['example_setup_teardown_taskflow']) retrieved from /home/airflow/.local/lib/python3.8/site-packages/airflow/example_dags/example_setup_teardown_taskflow.py
[2023-12-03T09:54:14.483+0000] {logging_mixin.py:154} INFO - [2023-12-03T09:54:14.483+0000] {dag.py:2941} INFO - Sync 1 DAGs
[2023-12-03T09:54:14.509+0000] {logging_mixin.py:154} INFO - [2023-12-03T09:54:14.509+0000] {dag.py:3722} INFO - Setting next_dagrun for example_setup_teardown_taskflow to 2023-12-02T09:54:14.508673+00:00, run_after=2023-12-03T09:54:14.508673+00:00
[2023-12-03T09:54:14.533+0000] {processor.py:179} INFO - Processing /home/airflow/.local/lib/python3.8/site-packages/airflow/example_dags/example_setup_teardown_taskflow.py took 0.095 seconds
[2023-12-03T09:54:45.805+0000] {processor.py:157} INFO - Started process (PID=1361) to work on /home/airflow/.local/lib/python3.8/site-packages/airflow/example_dags/example_setup_teardown_taskflow.py
[2023-12-03T09:54:45.806+0000] {processor.py:829} INFO - Processing file /home/airflow/.local/lib/python3.8/site-packages/airflow/example_dags/example_setup_teardown_taskflow.py for tasks to queue
[2023-12-03T09:54:45.808+0000] {logging_mixin.py:154} INFO - [2023-12-03T09:54:45.808+0000] {dagbag.py:536} INFO - Filling up the DagBag from /home/airflow/.local/lib/python3.8/site-packages/airflow/example_dags/example_setup_teardown_taskflow.py
[2023-12-03T09:54:45.818+0000] {processor.py:839} INFO - DAG(s) dict_keys(['example_setup_teardown_taskflow']) retrieved from /home/airflow/.local/lib/python3.8/site-packages/airflow/example_dags/example_setup_teardown_taskflow.py
[2023-12-03T09:54:45.839+0000] {logging_mixin.py:154} INFO - [2023-12-03T09:54:45.839+0000] {dag.py:2941} INFO - Sync 1 DAGs
[2023-12-03T09:54:45.860+0000] {logging_mixin.py:154} INFO - [2023-12-03T09:54:45.860+0000] {dag.py:3722} INFO - Setting next_dagrun for example_setup_teardown_taskflow to 2023-12-02T09:54:45.859898+00:00, run_after=2023-12-03T09:54:45.859898+00:00
[2023-12-03T09:54:45.877+0000] {processor.py:179} INFO - Processing /home/airflow/.local/lib/python3.8/site-packages/airflow/example_dags/example_setup_teardown_taskflow.py took 0.076 seconds
[2023-12-03T09:55:16.889+0000] {processor.py:157} INFO - Started process (PID=1419) to work on /home/airflow/.local/lib/python3.8/site-packages/airflow/example_dags/example_setup_teardown_taskflow.py
[2023-12-03T09:55:16.890+0000] {processor.py:829} INFO - Processing file /home/airflow/.local/lib/python3.8/site-packages/airflow/example_dags/example_setup_teardown_taskflow.py for tasks to queue
[2023-12-03T09:55:16.893+0000] {logging_mixin.py:154} INFO - [2023-12-03T09:55:16.893+0000] {dagbag.py:536} INFO - Filling up the DagBag from /home/airflow/.local/lib/python3.8/site-packages/airflow/example_dags/example_setup_teardown_taskflow.py
[2023-12-03T09:55:16.904+0000] {processor.py:839} INFO - DAG(s) dict_keys(['example_setup_teardown_taskflow']) retrieved from /home/airflow/.local/lib/python3.8/site-packages/airflow/example_dags/example_setup_teardown_taskflow.py
[2023-12-03T09:55:16.930+0000] {logging_mixin.py:154} INFO - [2023-12-03T09:55:16.929+0000] {dag.py:2941} INFO - Sync 1 DAGs
[2023-12-03T09:55:16.951+0000] {logging_mixin.py:154} INFO - [2023-12-03T09:55:16.951+0000] {dag.py:3722} INFO - Setting next_dagrun for example_setup_teardown_taskflow to 2023-12-02T09:55:16.951332+00:00, run_after=2023-12-03T09:55:16.951332+00:00
[2023-12-03T09:55:16.970+0000] {processor.py:179} INFO - Processing /home/airflow/.local/lib/python3.8/site-packages/airflow/example_dags/example_setup_teardown_taskflow.py took 0.086 seconds
[2023-12-03T09:55:47.423+0000] {processor.py:157} INFO - Started process (PID=1478) to work on /home/airflow/.local/lib/python3.8/site-packages/airflow/example_dags/example_setup_teardown_taskflow.py
[2023-12-03T09:55:47.424+0000] {processor.py:829} INFO - Processing file /home/airflow/.local/lib/python3.8/site-packages/airflow/example_dags/example_setup_teardown_taskflow.py for tasks to queue
[2023-12-03T09:55:47.427+0000] {logging_mixin.py:154} INFO - [2023-12-03T09:55:47.426+0000] {dagbag.py:536} INFO - Filling up the DagBag from /home/airflow/.local/lib/python3.8/site-packages/airflow/example_dags/example_setup_teardown_taskflow.py
[2023-12-03T09:55:47.438+0000] {processor.py:839} INFO - DAG(s) dict_keys(['example_setup_teardown_taskflow']) retrieved from /home/airflow/.local/lib/python3.8/site-packages/airflow/example_dags/example_setup_teardown_taskflow.py
[2023-12-03T09:55:47.462+0000] {logging_mixin.py:154} INFO - [2023-12-03T09:55:47.462+0000] {dag.py:2941} INFO - Sync 1 DAGs
[2023-12-03T09:55:47.483+0000] {logging_mixin.py:154} INFO - [2023-12-03T09:55:47.482+0000] {dag.py:3722} INFO - Setting next_dagrun for example_setup_teardown_taskflow to 2023-12-02T09:55:47.482401+00:00, run_after=2023-12-03T09:55:47.482401+00:00
[2023-12-03T09:55:47.501+0000] {processor.py:179} INFO - Processing /home/airflow/.local/lib/python3.8/site-packages/airflow/example_dags/example_setup_teardown_taskflow.py took 0.084 seconds
[2023-12-03T09:56:18.504+0000] {processor.py:157} INFO - Started process (PID=1540) to work on /home/airflow/.local/lib/python3.8/site-packages/airflow/example_dags/example_setup_teardown_taskflow.py
[2023-12-03T09:56:18.505+0000] {processor.py:829} INFO - Processing file /home/airflow/.local/lib/python3.8/site-packages/airflow/example_dags/example_setup_teardown_taskflow.py for tasks to queue
[2023-12-03T09:56:18.508+0000] {logging_mixin.py:154} INFO - [2023-12-03T09:56:18.508+0000] {dagbag.py:536} INFO - Filling up the DagBag from /home/airflow/.local/lib/python3.8/site-packages/airflow/example_dags/example_setup_teardown_taskflow.py
[2023-12-03T09:56:18.517+0000] {processor.py:839} INFO - DAG(s) dict_keys(['example_setup_teardown_taskflow']) retrieved from /home/airflow/.local/lib/python3.8/site-packages/airflow/example_dags/example_setup_teardown_taskflow.py
[2023-12-03T09:56:18.538+0000] {logging_mixin.py:154} INFO - [2023-12-03T09:56:18.538+0000] {dag.py:2941} INFO - Sync 1 DAGs
[2023-12-03T09:56:18.558+0000] {logging_mixin.py:154} INFO - [2023-12-03T09:56:18.558+0000] {dag.py:3722} INFO - Setting next_dagrun for example_setup_teardown_taskflow to 2023-12-02T09:56:18.557868+00:00, run_after=2023-12-03T09:56:18.557868+00:00
[2023-12-03T09:56:18.574+0000] {processor.py:179} INFO - Processing /home/airflow/.local/lib/python3.8/site-packages/airflow/example_dags/example_setup_teardown_taskflow.py took 0.074 seconds
[2023-12-03T09:56:49.389+0000] {processor.py:157} INFO - Started process (PID=1598) to work on /home/airflow/.local/lib/python3.8/site-packages/airflow/example_dags/example_setup_teardown_taskflow.py
[2023-12-03T09:56:49.391+0000] {processor.py:829} INFO - Processing file /home/airflow/.local/lib/python3.8/site-packages/airflow/example_dags/example_setup_teardown_taskflow.py for tasks to queue
[2023-12-03T09:56:49.393+0000] {logging_mixin.py:154} INFO - [2023-12-03T09:56:49.393+0000] {dagbag.py:536} INFO - Filling up the DagBag from /home/airflow/.local/lib/python3.8/site-packages/airflow/example_dags/example_setup_teardown_taskflow.py
[2023-12-03T09:56:49.402+0000] {processor.py:839} INFO - DAG(s) dict_keys(['example_setup_teardown_taskflow']) retrieved from /home/airflow/.local/lib/python3.8/site-packages/airflow/example_dags/example_setup_teardown_taskflow.py
[2023-12-03T09:56:49.421+0000] {logging_mixin.py:154} INFO - [2023-12-03T09:56:49.421+0000] {dag.py:2941} INFO - Sync 1 DAGs
[2023-12-03T09:56:49.442+0000] {logging_mixin.py:154} INFO - [2023-12-03T09:56:49.442+0000] {dag.py:3722} INFO - Setting next_dagrun for example_setup_teardown_taskflow to 2023-12-02T09:56:49.441827+00:00, run_after=2023-12-03T09:56:49.441827+00:00
[2023-12-03T09:56:49.457+0000] {processor.py:179} INFO - Processing /home/airflow/.local/lib/python3.8/site-packages/airflow/example_dags/example_setup_teardown_taskflow.py took 0.072 seconds
[2023-12-03T09:57:20.231+0000] {processor.py:157} INFO - Started process (PID=1656) to work on /home/airflow/.local/lib/python3.8/site-packages/airflow/example_dags/example_setup_teardown_taskflow.py
[2023-12-03T09:57:20.232+0000] {processor.py:829} INFO - Processing file /home/airflow/.local/lib/python3.8/site-packages/airflow/example_dags/example_setup_teardown_taskflow.py for tasks to queue
[2023-12-03T09:57:20.234+0000] {logging_mixin.py:154} INFO - [2023-12-03T09:57:20.234+0000] {dagbag.py:536} INFO - Filling up the DagBag from /home/airflow/.local/lib/python3.8/site-packages/airflow/example_dags/example_setup_teardown_taskflow.py
[2023-12-03T09:57:20.243+0000] {processor.py:839} INFO - DAG(s) dict_keys(['example_setup_teardown_taskflow']) retrieved from /home/airflow/.local/lib/python3.8/site-packages/airflow/example_dags/example_setup_teardown_taskflow.py
[2023-12-03T09:57:20.264+0000] {logging_mixin.py:154} INFO - [2023-12-03T09:57:20.264+0000] {dag.py:2941} INFO - Sync 1 DAGs
[2023-12-03T09:57:20.284+0000] {logging_mixin.py:154} INFO - [2023-12-03T09:57:20.284+0000] {dag.py:3722} INFO - Setting next_dagrun for example_setup_teardown_taskflow to 2023-12-02T09:57:20.284295+00:00, run_after=2023-12-03T09:57:20.284295+00:00
[2023-12-03T09:57:20.301+0000] {processor.py:179} INFO - Processing /home/airflow/.local/lib/python3.8/site-packages/airflow/example_dags/example_setup_teardown_taskflow.py took 0.075 seconds
[2023-12-03T09:57:50.451+0000] {processor.py:157} INFO - Started process (PID=1714) to work on /home/airflow/.local/lib/python3.8/site-packages/airflow/example_dags/example_setup_teardown_taskflow.py
[2023-12-03T09:57:50.452+0000] {processor.py:829} INFO - Processing file /home/airflow/.local/lib/python3.8/site-packages/airflow/example_dags/example_setup_teardown_taskflow.py for tasks to queue
[2023-12-03T09:57:50.454+0000] {logging_mixin.py:154} INFO - [2023-12-03T09:57:50.454+0000] {dagbag.py:536} INFO - Filling up the DagBag from /home/airflow/.local/lib/python3.8/site-packages/airflow/example_dags/example_setup_teardown_taskflow.py
[2023-12-03T09:57:50.466+0000] {processor.py:839} INFO - DAG(s) dict_keys(['example_setup_teardown_taskflow']) retrieved from /home/airflow/.local/lib/python3.8/site-packages/airflow/example_dags/example_setup_teardown_taskflow.py
[2023-12-03T09:57:50.488+0000] {logging_mixin.py:154} INFO - [2023-12-03T09:57:50.488+0000] {dag.py:2941} INFO - Sync 1 DAGs
[2023-12-03T09:57:50.511+0000] {logging_mixin.py:154} INFO - [2023-12-03T09:57:50.511+0000] {dag.py:3722} INFO - Setting next_dagrun for example_setup_teardown_taskflow to 2023-12-02T09:57:50.511314+00:00, run_after=2023-12-03T09:57:50.511314+00:00
[2023-12-03T09:57:50.527+0000] {processor.py:179} INFO - Processing /home/airflow/.local/lib/python3.8/site-packages/airflow/example_dags/example_setup_teardown_taskflow.py took 0.080 seconds
[2023-12-03T09:58:20.603+0000] {processor.py:157} INFO - Started process (PID=1772) to work on /home/airflow/.local/lib/python3.8/site-packages/airflow/example_dags/example_setup_teardown_taskflow.py
[2023-12-03T09:58:20.604+0000] {processor.py:829} INFO - Processing file /home/airflow/.local/lib/python3.8/site-packages/airflow/example_dags/example_setup_teardown_taskflow.py for tasks to queue
[2023-12-03T09:58:20.607+0000] {logging_mixin.py:154} INFO - [2023-12-03T09:58:20.607+0000] {dagbag.py:536} INFO - Filling up the DagBag from /home/airflow/.local/lib/python3.8/site-packages/airflow/example_dags/example_setup_teardown_taskflow.py
[2023-12-03T09:58:20.617+0000] {processor.py:839} INFO - DAG(s) dict_keys(['example_setup_teardown_taskflow']) retrieved from /home/airflow/.local/lib/python3.8/site-packages/airflow/example_dags/example_setup_teardown_taskflow.py
[2023-12-03T09:58:20.640+0000] {logging_mixin.py:154} INFO - [2023-12-03T09:58:20.639+0000] {dag.py:2941} INFO - Sync 1 DAGs
[2023-12-03T09:58:20.663+0000] {logging_mixin.py:154} INFO - [2023-12-03T09:58:20.662+0000] {dag.py:3722} INFO - Setting next_dagrun for example_setup_teardown_taskflow to 2023-12-02T09:58:20.662629+00:00, run_after=2023-12-03T09:58:20.662629+00:00
[2023-12-03T09:58:20.680+0000] {processor.py:179} INFO - Processing /home/airflow/.local/lib/python3.8/site-packages/airflow/example_dags/example_setup_teardown_taskflow.py took 0.080 seconds
[2023-12-03T09:58:50.895+0000] {processor.py:157} INFO - Started process (PID=1829) to work on /home/airflow/.local/lib/python3.8/site-packages/airflow/example_dags/example_setup_teardown_taskflow.py
[2023-12-03T09:58:50.896+0000] {processor.py:829} INFO - Processing file /home/airflow/.local/lib/python3.8/site-packages/airflow/example_dags/example_setup_teardown_taskflow.py for tasks to queue
[2023-12-03T09:58:50.899+0000] {logging_mixin.py:154} INFO - [2023-12-03T09:58:50.899+0000] {dagbag.py:536} INFO - Filling up the DagBag from /home/airflow/.local/lib/python3.8/site-packages/airflow/example_dags/example_setup_teardown_taskflow.py
[2023-12-03T09:58:50.909+0000] {processor.py:839} INFO - DAG(s) dict_keys(['example_setup_teardown_taskflow']) retrieved from /home/airflow/.local/lib/python3.8/site-packages/airflow/example_dags/example_setup_teardown_taskflow.py
[2023-12-03T09:58:50.929+0000] {logging_mixin.py:154} INFO - [2023-12-03T09:58:50.929+0000] {dag.py:2941} INFO - Sync 1 DAGs
[2023-12-03T09:58:50.950+0000] {logging_mixin.py:154} INFO - [2023-12-03T09:58:50.949+0000] {dag.py:3722} INFO - Setting next_dagrun for example_setup_teardown_taskflow to 2023-12-02T09:58:50.949708+00:00, run_after=2023-12-03T09:58:50.949708+00:00
[2023-12-03T09:58:50.972+0000] {processor.py:179} INFO - Processing /home/airflow/.local/lib/python3.8/site-packages/airflow/example_dags/example_setup_teardown_taskflow.py took 0.081 seconds
[2023-12-03T09:59:21.554+0000] {processor.py:157} INFO - Started process (PID=1887) to work on /home/airflow/.local/lib/python3.8/site-packages/airflow/example_dags/example_setup_teardown_taskflow.py
[2023-12-03T09:59:21.555+0000] {processor.py:829} INFO - Processing file /home/airflow/.local/lib/python3.8/site-packages/airflow/example_dags/example_setup_teardown_taskflow.py for tasks to queue
[2023-12-03T09:59:21.557+0000] {logging_mixin.py:154} INFO - [2023-12-03T09:59:21.557+0000] {dagbag.py:536} INFO - Filling up the DagBag from /home/airflow/.local/lib/python3.8/site-packages/airflow/example_dags/example_setup_teardown_taskflow.py
[2023-12-03T09:59:21.566+0000] {processor.py:839} INFO - DAG(s) dict_keys(['example_setup_teardown_taskflow']) retrieved from /home/airflow/.local/lib/python3.8/site-packages/airflow/example_dags/example_setup_teardown_taskflow.py
[2023-12-03T09:59:21.586+0000] {logging_mixin.py:154} INFO - [2023-12-03T09:59:21.586+0000] {dag.py:2941} INFO - Sync 1 DAGs
[2023-12-03T09:59:21.606+0000] {logging_mixin.py:154} INFO - [2023-12-03T09:59:21.606+0000] {dag.py:3722} INFO - Setting next_dagrun for example_setup_teardown_taskflow to 2023-12-02T09:59:21.606300+00:00, run_after=2023-12-03T09:59:21.606300+00:00
[2023-12-03T09:59:21.621+0000] {processor.py:179} INFO - Processing /home/airflow/.local/lib/python3.8/site-packages/airflow/example_dags/example_setup_teardown_taskflow.py took 0.071 seconds
[2023-12-03T09:59:52.558+0000] {processor.py:157} INFO - Started process (PID=1946) to work on /home/airflow/.local/lib/python3.8/site-packages/airflow/example_dags/example_setup_teardown_taskflow.py
[2023-12-03T09:59:52.560+0000] {processor.py:829} INFO - Processing file /home/airflow/.local/lib/python3.8/site-packages/airflow/example_dags/example_setup_teardown_taskflow.py for tasks to queue
[2023-12-03T09:59:52.562+0000] {logging_mixin.py:154} INFO - [2023-12-03T09:59:52.562+0000] {dagbag.py:536} INFO - Filling up the DagBag from /home/airflow/.local/lib/python3.8/site-packages/airflow/example_dags/example_setup_teardown_taskflow.py
[2023-12-03T09:59:52.573+0000] {processor.py:839} INFO - DAG(s) dict_keys(['example_setup_teardown_taskflow']) retrieved from /home/airflow/.local/lib/python3.8/site-packages/airflow/example_dags/example_setup_teardown_taskflow.py
[2023-12-03T09:59:52.596+0000] {logging_mixin.py:154} INFO - [2023-12-03T09:59:52.596+0000] {dag.py:2941} INFO - Sync 1 DAGs
[2023-12-03T09:59:52.618+0000] {logging_mixin.py:154} INFO - [2023-12-03T09:59:52.618+0000] {dag.py:3722} INFO - Setting next_dagrun for example_setup_teardown_taskflow to 2023-12-02T09:59:52.618017+00:00, run_after=2023-12-03T09:59:52.618017+00:00
[2023-12-03T09:59:52.634+0000] {processor.py:179} INFO - Processing /home/airflow/.local/lib/python3.8/site-packages/airflow/example_dags/example_setup_teardown_taskflow.py took 0.080 seconds
[2023-12-03T10:00:22.970+0000] {processor.py:157} INFO - Started process (PID=2008) to work on /home/airflow/.local/lib/python3.8/site-packages/airflow/example_dags/example_setup_teardown_taskflow.py
[2023-12-03T10:00:22.971+0000] {processor.py:829} INFO - Processing file /home/airflow/.local/lib/python3.8/site-packages/airflow/example_dags/example_setup_teardown_taskflow.py for tasks to queue
[2023-12-03T10:00:22.974+0000] {logging_mixin.py:154} INFO - [2023-12-03T10:00:22.973+0000] {dagbag.py:536} INFO - Filling up the DagBag from /home/airflow/.local/lib/python3.8/site-packages/airflow/example_dags/example_setup_teardown_taskflow.py
[2023-12-03T10:00:22.982+0000] {processor.py:839} INFO - DAG(s) dict_keys(['example_setup_teardown_taskflow']) retrieved from /home/airflow/.local/lib/python3.8/site-packages/airflow/example_dags/example_setup_teardown_taskflow.py
[2023-12-03T10:00:23.001+0000] {logging_mixin.py:154} INFO - [2023-12-03T10:00:23.001+0000] {dag.py:2941} INFO - Sync 1 DAGs
[2023-12-03T10:00:23.021+0000] {logging_mixin.py:154} INFO - [2023-12-03T10:00:23.021+0000] {dag.py:3722} INFO - Setting next_dagrun for example_setup_teardown_taskflow to 2023-12-02T10:00:23.021572+00:00, run_after=2023-12-03T10:00:23.021572+00:00
[2023-12-03T10:00:23.037+0000] {processor.py:179} INFO - Processing /home/airflow/.local/lib/python3.8/site-packages/airflow/example_dags/example_setup_teardown_taskflow.py took 0.071 seconds
[2023-12-03T10:00:53.656+0000] {processor.py:157} INFO - Started process (PID=2066) to work on /home/airflow/.local/lib/python3.8/site-packages/airflow/example_dags/example_setup_teardown_taskflow.py
[2023-12-03T10:00:53.658+0000] {processor.py:829} INFO - Processing file /home/airflow/.local/lib/python3.8/site-packages/airflow/example_dags/example_setup_teardown_taskflow.py for tasks to queue
[2023-12-03T10:00:53.660+0000] {logging_mixin.py:154} INFO - [2023-12-03T10:00:53.660+0000] {dagbag.py:536} INFO - Filling up the DagBag from /home/airflow/.local/lib/python3.8/site-packages/airflow/example_dags/example_setup_teardown_taskflow.py
[2023-12-03T10:00:53.670+0000] {processor.py:839} INFO - DAG(s) dict_keys(['example_setup_teardown_taskflow']) retrieved from /home/airflow/.local/lib/python3.8/site-packages/airflow/example_dags/example_setup_teardown_taskflow.py
[2023-12-03T10:00:53.690+0000] {logging_mixin.py:154} INFO - [2023-12-03T10:00:53.690+0000] {dag.py:2941} INFO - Sync 1 DAGs
[2023-12-03T10:00:53.712+0000] {logging_mixin.py:154} INFO - [2023-12-03T10:00:53.712+0000] {dag.py:3722} INFO - Setting next_dagrun for example_setup_teardown_taskflow to 2023-12-02T10:00:53.711850+00:00, run_after=2023-12-03T10:00:53.711850+00:00
[2023-12-03T10:00:53.728+0000] {processor.py:179} INFO - Processing /home/airflow/.local/lib/python3.8/site-packages/airflow/example_dags/example_setup_teardown_taskflow.py took 0.076 seconds
[2023-12-03T10:01:24.688+0000] {processor.py:157} INFO - Started process (PID=2124) to work on /home/airflow/.local/lib/python3.8/site-packages/airflow/example_dags/example_setup_teardown_taskflow.py
[2023-12-03T10:01:24.689+0000] {processor.py:829} INFO - Processing file /home/airflow/.local/lib/python3.8/site-packages/airflow/example_dags/example_setup_teardown_taskflow.py for tasks to queue
[2023-12-03T10:01:24.691+0000] {logging_mixin.py:154} INFO - [2023-12-03T10:01:24.691+0000] {dagbag.py:536} INFO - Filling up the DagBag from /home/airflow/.local/lib/python3.8/site-packages/airflow/example_dags/example_setup_teardown_taskflow.py
[2023-12-03T10:01:24.700+0000] {processor.py:839} INFO - DAG(s) dict_keys(['example_setup_teardown_taskflow']) retrieved from /home/airflow/.local/lib/python3.8/site-packages/airflow/example_dags/example_setup_teardown_taskflow.py
[2023-12-03T10:01:24.721+0000] {logging_mixin.py:154} INFO - [2023-12-03T10:01:24.720+0000] {dag.py:2941} INFO - Sync 1 DAGs
[2023-12-03T10:01:24.740+0000] {logging_mixin.py:154} INFO - [2023-12-03T10:01:24.740+0000] {dag.py:3722} INFO - Setting next_dagrun for example_setup_teardown_taskflow to 2023-12-02T10:01:24.740448+00:00, run_after=2023-12-03T10:01:24.740448+00:00
[2023-12-03T10:01:24.758+0000] {processor.py:179} INFO - Processing /home/airflow/.local/lib/python3.8/site-packages/airflow/example_dags/example_setup_teardown_taskflow.py took 0.074 seconds
[2023-12-03T10:01:55.109+0000] {processor.py:157} INFO - Started process (PID=2184) to work on /home/airflow/.local/lib/python3.8/site-packages/airflow/example_dags/example_setup_teardown_taskflow.py
[2023-12-03T10:01:55.110+0000] {processor.py:829} INFO - Processing file /home/airflow/.local/lib/python3.8/site-packages/airflow/example_dags/example_setup_teardown_taskflow.py for tasks to queue
[2023-12-03T10:01:55.113+0000] {logging_mixin.py:154} INFO - [2023-12-03T10:01:55.112+0000] {dagbag.py:536} INFO - Filling up the DagBag from /home/airflow/.local/lib/python3.8/site-packages/airflow/example_dags/example_setup_teardown_taskflow.py
[2023-12-03T10:01:55.122+0000] {processor.py:839} INFO - DAG(s) dict_keys(['example_setup_teardown_taskflow']) retrieved from /home/airflow/.local/lib/python3.8/site-packages/airflow/example_dags/example_setup_teardown_taskflow.py
[2023-12-03T10:01:55.143+0000] {logging_mixin.py:154} INFO - [2023-12-03T10:01:55.142+0000] {dag.py:2941} INFO - Sync 1 DAGs
[2023-12-03T10:01:55.162+0000] {logging_mixin.py:154} INFO - [2023-12-03T10:01:55.162+0000] {dag.py:3722} INFO - Setting next_dagrun for example_setup_teardown_taskflow to 2023-12-02T10:01:55.162036+00:00, run_after=2023-12-03T10:01:55.162036+00:00
[2023-12-03T10:01:55.179+0000] {processor.py:179} INFO - Processing /home/airflow/.local/lib/python3.8/site-packages/airflow/example_dags/example_setup_teardown_taskflow.py took 0.074 seconds
[2023-12-03T10:02:25.289+0000] {processor.py:157} INFO - Started process (PID=2242) to work on /home/airflow/.local/lib/python3.8/site-packages/airflow/example_dags/example_setup_teardown_taskflow.py
[2023-12-03T10:02:25.290+0000] {processor.py:829} INFO - Processing file /home/airflow/.local/lib/python3.8/site-packages/airflow/example_dags/example_setup_teardown_taskflow.py for tasks to queue
[2023-12-03T10:02:25.293+0000] {logging_mixin.py:154} INFO - [2023-12-03T10:02:25.292+0000] {dagbag.py:536} INFO - Filling up the DagBag from /home/airflow/.local/lib/python3.8/site-packages/airflow/example_dags/example_setup_teardown_taskflow.py
[2023-12-03T10:02:25.302+0000] {processor.py:839} INFO - DAG(s) dict_keys(['example_setup_teardown_taskflow']) retrieved from /home/airflow/.local/lib/python3.8/site-packages/airflow/example_dags/example_setup_teardown_taskflow.py
[2023-12-03T10:02:25.322+0000] {logging_mixin.py:154} INFO - [2023-12-03T10:02:25.322+0000] {dag.py:2941} INFO - Sync 1 DAGs
[2023-12-03T10:02:25.342+0000] {logging_mixin.py:154} INFO - [2023-12-03T10:02:25.342+0000] {dag.py:3722} INFO - Setting next_dagrun for example_setup_teardown_taskflow to 2023-12-02T10:02:25.342310+00:00, run_after=2023-12-03T10:02:25.342310+00:00
[2023-12-03T10:02:25.357+0000] {processor.py:179} INFO - Processing /home/airflow/.local/lib/python3.8/site-packages/airflow/example_dags/example_setup_teardown_taskflow.py took 0.072 seconds
[2023-12-03T10:02:56.230+0000] {processor.py:157} INFO - Started process (PID=2299) to work on /home/airflow/.local/lib/python3.8/site-packages/airflow/example_dags/example_setup_teardown_taskflow.py
[2023-12-03T10:02:56.231+0000] {processor.py:829} INFO - Processing file /home/airflow/.local/lib/python3.8/site-packages/airflow/example_dags/example_setup_teardown_taskflow.py for tasks to queue
[2023-12-03T10:02:56.234+0000] {logging_mixin.py:154} INFO - [2023-12-03T10:02:56.233+0000] {dagbag.py:536} INFO - Filling up the DagBag from /home/airflow/.local/lib/python3.8/site-packages/airflow/example_dags/example_setup_teardown_taskflow.py
[2023-12-03T10:02:56.244+0000] {processor.py:839} INFO - DAG(s) dict_keys(['example_setup_teardown_taskflow']) retrieved from /home/airflow/.local/lib/python3.8/site-packages/airflow/example_dags/example_setup_teardown_taskflow.py
[2023-12-03T10:02:56.266+0000] {logging_mixin.py:154} INFO - [2023-12-03T10:02:56.266+0000] {dag.py:2941} INFO - Sync 1 DAGs
[2023-12-03T10:02:56.287+0000] {logging_mixin.py:154} INFO - [2023-12-03T10:02:56.286+0000] {dag.py:3722} INFO - Setting next_dagrun for example_setup_teardown_taskflow to 2023-12-02T10:02:56.286694+00:00, run_after=2023-12-03T10:02:56.286694+00:00
[2023-12-03T10:02:56.304+0000] {processor.py:179} INFO - Processing /home/airflow/.local/lib/python3.8/site-packages/airflow/example_dags/example_setup_teardown_taskflow.py took 0.078 seconds
[2023-12-03T10:03:26.470+0000] {processor.py:157} INFO - Started process (PID=2356) to work on /home/airflow/.local/lib/python3.8/site-packages/airflow/example_dags/example_setup_teardown_taskflow.py
[2023-12-03T10:03:26.471+0000] {processor.py:829} INFO - Processing file /home/airflow/.local/lib/python3.8/site-packages/airflow/example_dags/example_setup_teardown_taskflow.py for tasks to queue
[2023-12-03T10:03:26.473+0000] {logging_mixin.py:154} INFO - [2023-12-03T10:03:26.473+0000] {dagbag.py:536} INFO - Filling up the DagBag from /home/airflow/.local/lib/python3.8/site-packages/airflow/example_dags/example_setup_teardown_taskflow.py
[2023-12-03T10:03:26.482+0000] {processor.py:839} INFO - DAG(s) dict_keys(['example_setup_teardown_taskflow']) retrieved from /home/airflow/.local/lib/python3.8/site-packages/airflow/example_dags/example_setup_teardown_taskflow.py
[2023-12-03T10:03:26.500+0000] {logging_mixin.py:154} INFO - [2023-12-03T10:03:26.500+0000] {dag.py:2941} INFO - Sync 1 DAGs
[2023-12-03T10:03:26.517+0000] {logging_mixin.py:154} INFO - [2023-12-03T10:03:26.517+0000] {dag.py:3722} INFO - Setting next_dagrun for example_setup_teardown_taskflow to 2023-12-02T10:03:26.516971+00:00, run_after=2023-12-03T10:03:26.516971+00:00
[2023-12-03T10:03:26.530+0000] {processor.py:179} INFO - Processing /home/airflow/.local/lib/python3.8/site-packages/airflow/example_dags/example_setup_teardown_taskflow.py took 0.064 seconds
[2023-12-03T10:03:56.652+0000] {processor.py:157} INFO - Started process (PID=2414) to work on /home/airflow/.local/lib/python3.8/site-packages/airflow/example_dags/example_setup_teardown_taskflow.py
[2023-12-03T10:03:56.652+0000] {processor.py:829} INFO - Processing file /home/airflow/.local/lib/python3.8/site-packages/airflow/example_dags/example_setup_teardown_taskflow.py for tasks to queue
[2023-12-03T10:03:56.655+0000] {logging_mixin.py:154} INFO - [2023-12-03T10:03:56.655+0000] {dagbag.py:536} INFO - Filling up the DagBag from /home/airflow/.local/lib/python3.8/site-packages/airflow/example_dags/example_setup_teardown_taskflow.py
[2023-12-03T10:03:56.663+0000] {processor.py:839} INFO - DAG(s) dict_keys(['example_setup_teardown_taskflow']) retrieved from /home/airflow/.local/lib/python3.8/site-packages/airflow/example_dags/example_setup_teardown_taskflow.py
[2023-12-03T10:03:56.681+0000] {logging_mixin.py:154} INFO - [2023-12-03T10:03:56.681+0000] {dag.py:2941} INFO - Sync 1 DAGs
[2023-12-03T10:03:56.702+0000] {logging_mixin.py:154} INFO - [2023-12-03T10:03:56.702+0000] {dag.py:3722} INFO - Setting next_dagrun for example_setup_teardown_taskflow to 2023-12-02T10:03:56.701823+00:00, run_after=2023-12-03T10:03:56.701823+00:00
[2023-12-03T10:03:56.718+0000] {processor.py:179} INFO - Processing /home/airflow/.local/lib/python3.8/site-packages/airflow/example_dags/example_setup_teardown_taskflow.py took 0.070 seconds
[2023-12-03T10:04:27.224+0000] {processor.py:157} INFO - Started process (PID=2472) to work on /home/airflow/.local/lib/python3.8/site-packages/airflow/example_dags/example_setup_teardown_taskflow.py
[2023-12-03T10:04:27.225+0000] {processor.py:829} INFO - Processing file /home/airflow/.local/lib/python3.8/site-packages/airflow/example_dags/example_setup_teardown_taskflow.py for tasks to queue
[2023-12-03T10:04:27.228+0000] {logging_mixin.py:154} INFO - [2023-12-03T10:04:27.228+0000] {dagbag.py:536} INFO - Filling up the DagBag from /home/airflow/.local/lib/python3.8/site-packages/airflow/example_dags/example_setup_teardown_taskflow.py
[2023-12-03T10:04:27.240+0000] {processor.py:839} INFO - DAG(s) dict_keys(['example_setup_teardown_taskflow']) retrieved from /home/airflow/.local/lib/python3.8/site-packages/airflow/example_dags/example_setup_teardown_taskflow.py
[2023-12-03T10:04:27.265+0000] {logging_mixin.py:154} INFO - [2023-12-03T10:04:27.265+0000] {dag.py:2941} INFO - Sync 1 DAGs
[2023-12-03T10:04:27.291+0000] {logging_mixin.py:154} INFO - [2023-12-03T10:04:27.291+0000] {dag.py:3722} INFO - Setting next_dagrun for example_setup_teardown_taskflow to 2023-12-02T10:04:27.290771+00:00, run_after=2023-12-03T10:04:27.290771+00:00
[2023-12-03T10:04:27.311+0000] {processor.py:179} INFO - Processing /home/airflow/.local/lib/python3.8/site-packages/airflow/example_dags/example_setup_teardown_taskflow.py took 0.092 seconds
[2023-12-03T10:04:57.806+0000] {processor.py:157} INFO - Started process (PID=2530) to work on /home/airflow/.local/lib/python3.8/site-packages/airflow/example_dags/example_setup_teardown_taskflow.py
[2023-12-03T10:04:57.807+0000] {processor.py:829} INFO - Processing file /home/airflow/.local/lib/python3.8/site-packages/airflow/example_dags/example_setup_teardown_taskflow.py for tasks to queue
[2023-12-03T10:04:57.810+0000] {logging_mixin.py:154} INFO - [2023-12-03T10:04:57.810+0000] {dagbag.py:536} INFO - Filling up the DagBag from /home/airflow/.local/lib/python3.8/site-packages/airflow/example_dags/example_setup_teardown_taskflow.py
[2023-12-03T10:04:57.821+0000] {processor.py:839} INFO - DAG(s) dict_keys(['example_setup_teardown_taskflow']) retrieved from /home/airflow/.local/lib/python3.8/site-packages/airflow/example_dags/example_setup_teardown_taskflow.py
[2023-12-03T10:04:57.846+0000] {logging_mixin.py:154} INFO - [2023-12-03T10:04:57.846+0000] {dag.py:2941} INFO - Sync 1 DAGs
[2023-12-03T10:04:57.870+0000] {logging_mixin.py:154} INFO - [2023-12-03T10:04:57.870+0000] {dag.py:3722} INFO - Setting next_dagrun for example_setup_teardown_taskflow to 2023-12-02T10:04:57.870248+00:00, run_after=2023-12-03T10:04:57.870248+00:00
[2023-12-03T10:04:57.891+0000] {processor.py:179} INFO - Processing /home/airflow/.local/lib/python3.8/site-packages/airflow/example_dags/example_setup_teardown_taskflow.py took 0.090 seconds
[2023-12-03T10:05:28.283+0000] {processor.py:157} INFO - Started process (PID=2588) to work on /home/airflow/.local/lib/python3.8/site-packages/airflow/example_dags/example_setup_teardown_taskflow.py
[2023-12-03T10:05:28.284+0000] {processor.py:829} INFO - Processing file /home/airflow/.local/lib/python3.8/site-packages/airflow/example_dags/example_setup_teardown_taskflow.py for tasks to queue
[2023-12-03T10:05:28.287+0000] {logging_mixin.py:154} INFO - [2023-12-03T10:05:28.286+0000] {dagbag.py:536} INFO - Filling up the DagBag from /home/airflow/.local/lib/python3.8/site-packages/airflow/example_dags/example_setup_teardown_taskflow.py
[2023-12-03T10:05:28.295+0000] {processor.py:839} INFO - DAG(s) dict_keys(['example_setup_teardown_taskflow']) retrieved from /home/airflow/.local/lib/python3.8/site-packages/airflow/example_dags/example_setup_teardown_taskflow.py
[2023-12-03T10:05:28.314+0000] {logging_mixin.py:154} INFO - [2023-12-03T10:05:28.314+0000] {dag.py:2941} INFO - Sync 1 DAGs
[2023-12-03T10:05:28.334+0000] {logging_mixin.py:154} INFO - [2023-12-03T10:05:28.334+0000] {dag.py:3722} INFO - Setting next_dagrun for example_setup_teardown_taskflow to 2023-12-02T10:05:28.333918+00:00, run_after=2023-12-03T10:05:28.333918+00:00
[2023-12-03T10:05:28.349+0000] {processor.py:179} INFO - Processing /home/airflow/.local/lib/python3.8/site-packages/airflow/example_dags/example_setup_teardown_taskflow.py took 0.070 seconds
[2023-12-03T10:05:58.440+0000] {processor.py:157} INFO - Started process (PID=2645) to work on /home/airflow/.local/lib/python3.8/site-packages/airflow/example_dags/example_setup_teardown_taskflow.py
[2023-12-03T10:05:58.442+0000] {processor.py:829} INFO - Processing file /home/airflow/.local/lib/python3.8/site-packages/airflow/example_dags/example_setup_teardown_taskflow.py for tasks to queue
[2023-12-03T10:05:58.444+0000] {logging_mixin.py:154} INFO - [2023-12-03T10:05:58.444+0000] {dagbag.py:536} INFO - Filling up the DagBag from /home/airflow/.local/lib/python3.8/site-packages/airflow/example_dags/example_setup_teardown_taskflow.py
[2023-12-03T10:05:58.453+0000] {processor.py:839} INFO - DAG(s) dict_keys(['example_setup_teardown_taskflow']) retrieved from /home/airflow/.local/lib/python3.8/site-packages/airflow/example_dags/example_setup_teardown_taskflow.py
[2023-12-03T10:05:58.472+0000] {logging_mixin.py:154} INFO - [2023-12-03T10:05:58.472+0000] {dag.py:2941} INFO - Sync 1 DAGs
[2023-12-03T10:05:58.492+0000] {logging_mixin.py:154} INFO - [2023-12-03T10:05:58.492+0000] {dag.py:3722} INFO - Setting next_dagrun for example_setup_teardown_taskflow to 2023-12-02T10:05:58.492273+00:00, run_after=2023-12-03T10:05:58.492273+00:00
[2023-12-03T10:05:58.508+0000] {processor.py:179} INFO - Processing /home/airflow/.local/lib/python3.8/site-packages/airflow/example_dags/example_setup_teardown_taskflow.py took 0.071 seconds
[2023-12-03T10:06:28.556+0000] {processor.py:157} INFO - Started process (PID=2703) to work on /home/airflow/.local/lib/python3.8/site-packages/airflow/example_dags/example_setup_teardown_taskflow.py
[2023-12-03T10:06:28.557+0000] {processor.py:829} INFO - Processing file /home/airflow/.local/lib/python3.8/site-packages/airflow/example_dags/example_setup_teardown_taskflow.py for tasks to queue
[2023-12-03T10:06:28.559+0000] {logging_mixin.py:154} INFO - [2023-12-03T10:06:28.559+0000] {dagbag.py:536} INFO - Filling up the DagBag from /home/airflow/.local/lib/python3.8/site-packages/airflow/example_dags/example_setup_teardown_taskflow.py
[2023-12-03T10:06:28.572+0000] {processor.py:839} INFO - DAG(s) dict_keys(['example_setup_teardown_taskflow']) retrieved from /home/airflow/.local/lib/python3.8/site-packages/airflow/example_dags/example_setup_teardown_taskflow.py
[2023-12-03T10:06:28.597+0000] {logging_mixin.py:154} INFO - [2023-12-03T10:06:28.597+0000] {dag.py:2941} INFO - Sync 1 DAGs
[2023-12-03T10:06:28.625+0000] {logging_mixin.py:154} INFO - [2023-12-03T10:06:28.625+0000] {dag.py:3722} INFO - Setting next_dagrun for example_setup_teardown_taskflow to 2023-12-02T10:06:28.624923+00:00, run_after=2023-12-03T10:06:28.624923+00:00
[2023-12-03T10:06:28.645+0000] {processor.py:179} INFO - Processing /home/airflow/.local/lib/python3.8/site-packages/airflow/example_dags/example_setup_teardown_taskflow.py took 0.093 seconds
[2023-12-03T10:06:58.878+0000] {processor.py:157} INFO - Started process (PID=2761) to work on /home/airflow/.local/lib/python3.8/site-packages/airflow/example_dags/example_setup_teardown_taskflow.py
[2023-12-03T10:06:58.879+0000] {processor.py:829} INFO - Processing file /home/airflow/.local/lib/python3.8/site-packages/airflow/example_dags/example_setup_teardown_taskflow.py for tasks to queue
[2023-12-03T10:06:58.882+0000] {logging_mixin.py:154} INFO - [2023-12-03T10:06:58.881+0000] {dagbag.py:536} INFO - Filling up the DagBag from /home/airflow/.local/lib/python3.8/site-packages/airflow/example_dags/example_setup_teardown_taskflow.py
[2023-12-03T10:06:58.890+0000] {processor.py:839} INFO - DAG(s) dict_keys(['example_setup_teardown_taskflow']) retrieved from /home/airflow/.local/lib/python3.8/site-packages/airflow/example_dags/example_setup_teardown_taskflow.py
[2023-12-03T10:06:58.913+0000] {logging_mixin.py:154} INFO - [2023-12-03T10:06:58.913+0000] {dag.py:2941} INFO - Sync 1 DAGs
[2023-12-03T10:06:58.938+0000] {logging_mixin.py:154} INFO - [2023-12-03T10:06:58.938+0000] {dag.py:3722} INFO - Setting next_dagrun for example_setup_teardown_taskflow to 2023-12-02T10:06:58.938010+00:00, run_after=2023-12-03T10:06:58.938010+00:00
[2023-12-03T10:06:58.954+0000] {processor.py:179} INFO - Processing /home/airflow/.local/lib/python3.8/site-packages/airflow/example_dags/example_setup_teardown_taskflow.py took 0.079 seconds
[2023-12-03T10:07:29.003+0000] {processor.py:157} INFO - Started process (PID=2819) to work on /home/airflow/.local/lib/python3.8/site-packages/airflow/example_dags/example_setup_teardown_taskflow.py
[2023-12-03T10:07:29.004+0000] {processor.py:829} INFO - Processing file /home/airflow/.local/lib/python3.8/site-packages/airflow/example_dags/example_setup_teardown_taskflow.py for tasks to queue
[2023-12-03T10:07:29.007+0000] {logging_mixin.py:154} INFO - [2023-12-03T10:07:29.007+0000] {dagbag.py:536} INFO - Filling up the DagBag from /home/airflow/.local/lib/python3.8/site-packages/airflow/example_dags/example_setup_teardown_taskflow.py
[2023-12-03T10:07:29.017+0000] {processor.py:839} INFO - DAG(s) dict_keys(['example_setup_teardown_taskflow']) retrieved from /home/airflow/.local/lib/python3.8/site-packages/airflow/example_dags/example_setup_teardown_taskflow.py
[2023-12-03T10:07:29.037+0000] {logging_mixin.py:154} INFO - [2023-12-03T10:07:29.037+0000] {dag.py:2941} INFO - Sync 1 DAGs
[2023-12-03T10:07:29.056+0000] {logging_mixin.py:154} INFO - [2023-12-03T10:07:29.056+0000] {dag.py:3722} INFO - Setting next_dagrun for example_setup_teardown_taskflow to 2023-12-02T10:07:29.056307+00:00, run_after=2023-12-03T10:07:29.056307+00:00
[2023-12-03T10:07:29.071+0000] {processor.py:179} INFO - Processing /home/airflow/.local/lib/python3.8/site-packages/airflow/example_dags/example_setup_teardown_taskflow.py took 0.072 seconds
[2023-12-03T10:07:59.353+0000] {processor.py:157} INFO - Started process (PID=2877) to work on /home/airflow/.local/lib/python3.8/site-packages/airflow/example_dags/example_setup_teardown_taskflow.py
[2023-12-03T10:07:59.353+0000] {processor.py:829} INFO - Processing file /home/airflow/.local/lib/python3.8/site-packages/airflow/example_dags/example_setup_teardown_taskflow.py for tasks to queue
[2023-12-03T10:07:59.356+0000] {logging_mixin.py:154} INFO - [2023-12-03T10:07:59.355+0000] {dagbag.py:536} INFO - Filling up the DagBag from /home/airflow/.local/lib/python3.8/site-packages/airflow/example_dags/example_setup_teardown_taskflow.py
[2023-12-03T10:07:59.362+0000] {processor.py:839} INFO - DAG(s) dict_keys(['example_setup_teardown_taskflow']) retrieved from /home/airflow/.local/lib/python3.8/site-packages/airflow/example_dags/example_setup_teardown_taskflow.py
[2023-12-03T10:07:59.378+0000] {logging_mixin.py:154} INFO - [2023-12-03T10:07:59.378+0000] {dag.py:2941} INFO - Sync 1 DAGs
[2023-12-03T10:07:59.394+0000] {logging_mixin.py:154} INFO - [2023-12-03T10:07:59.394+0000] {dag.py:3722} INFO - Setting next_dagrun for example_setup_teardown_taskflow to 2023-12-02T10:07:59.393892+00:00, run_after=2023-12-03T10:07:59.393892+00:00
[2023-12-03T10:07:59.404+0000] {processor.py:179} INFO - Processing /home/airflow/.local/lib/python3.8/site-packages/airflow/example_dags/example_setup_teardown_taskflow.py took 0.054 seconds
[2023-12-03T11:28:21.129+0000] {processor.py:157} INFO - Started process (PID=2933) to work on /home/airflow/.local/lib/python3.8/site-packages/airflow/example_dags/example_setup_teardown_taskflow.py
[2023-12-03T11:28:21.131+0000] {processor.py:829} INFO - Processing file /home/airflow/.local/lib/python3.8/site-packages/airflow/example_dags/example_setup_teardown_taskflow.py for tasks to queue
[2023-12-03T11:28:21.134+0000] {logging_mixin.py:154} INFO - [2023-12-03T11:28:21.133+0000] {dagbag.py:536} INFO - Filling up the DagBag from /home/airflow/.local/lib/python3.8/site-packages/airflow/example_dags/example_setup_teardown_taskflow.py
[2023-12-03T11:28:21.142+0000] {processor.py:839} INFO - DAG(s) dict_keys(['example_setup_teardown_taskflow']) retrieved from /home/airflow/.local/lib/python3.8/site-packages/airflow/example_dags/example_setup_teardown_taskflow.py
[2023-12-03T11:28:21.160+0000] {logging_mixin.py:154} INFO - [2023-12-03T11:28:21.159+0000] {dag.py:2941} INFO - Sync 1 DAGs
[2023-12-03T11:28:21.176+0000] {logging_mixin.py:154} INFO - [2023-12-03T11:28:21.176+0000] {dag.py:3722} INFO - Setting next_dagrun for example_setup_teardown_taskflow to 2023-12-02T11:28:21.176497+00:00, run_after=2023-12-03T11:28:21.176497+00:00
[2023-12-03T11:28:21.189+0000] {processor.py:179} INFO - Processing /home/airflow/.local/lib/python3.8/site-packages/airflow/example_dags/example_setup_teardown_taskflow.py took 0.064 seconds
[2023-12-03T12:09:30.622+0000] {processor.py:157} INFO - Started process (PID=2990) to work on /home/airflow/.local/lib/python3.8/site-packages/airflow/example_dags/example_setup_teardown_taskflow.py
[2023-12-03T12:09:30.623+0000] {processor.py:829} INFO - Processing file /home/airflow/.local/lib/python3.8/site-packages/airflow/example_dags/example_setup_teardown_taskflow.py for tasks to queue
[2023-12-03T12:09:30.627+0000] {logging_mixin.py:154} INFO - [2023-12-03T12:09:30.627+0000] {dagbag.py:536} INFO - Filling up the DagBag from /home/airflow/.local/lib/python3.8/site-packages/airflow/example_dags/example_setup_teardown_taskflow.py
[2023-12-03T12:09:30.635+0000] {processor.py:839} INFO - DAG(s) dict_keys(['example_setup_teardown_taskflow']) retrieved from /home/airflow/.local/lib/python3.8/site-packages/airflow/example_dags/example_setup_teardown_taskflow.py
[2023-12-03T12:09:30.651+0000] {logging_mixin.py:154} INFO - [2023-12-03T12:09:30.651+0000] {dag.py:2941} INFO - Sync 1 DAGs
[2023-12-03T12:09:30.669+0000] {logging_mixin.py:154} INFO - [2023-12-03T12:09:30.669+0000] {dag.py:3722} INFO - Setting next_dagrun for example_setup_teardown_taskflow to 2023-12-02T12:09:30.669060+00:00, run_after=2023-12-03T12:09:30.669060+00:00
[2023-12-03T12:09:30.684+0000] {processor.py:179} INFO - Processing /home/airflow/.local/lib/python3.8/site-packages/airflow/example_dags/example_setup_teardown_taskflow.py took 0.066 seconds
[2023-12-03T12:27:33.037+0000] {processor.py:157} INFO - Started process (PID=3048) to work on /home/airflow/.local/lib/python3.8/site-packages/airflow/example_dags/example_setup_teardown_taskflow.py
[2023-12-03T12:27:33.039+0000] {processor.py:829} INFO - Processing file /home/airflow/.local/lib/python3.8/site-packages/airflow/example_dags/example_setup_teardown_taskflow.py for tasks to queue
[2023-12-03T12:27:33.042+0000] {logging_mixin.py:154} INFO - [2023-12-03T12:27:33.042+0000] {dagbag.py:536} INFO - Filling up the DagBag from /home/airflow/.local/lib/python3.8/site-packages/airflow/example_dags/example_setup_teardown_taskflow.py
[2023-12-03T12:27:33.049+0000] {processor.py:839} INFO - DAG(s) dict_keys(['example_setup_teardown_taskflow']) retrieved from /home/airflow/.local/lib/python3.8/site-packages/airflow/example_dags/example_setup_teardown_taskflow.py
[2023-12-03T12:27:33.067+0000] {logging_mixin.py:154} INFO - [2023-12-03T12:27:33.067+0000] {dag.py:2941} INFO - Sync 1 DAGs
[2023-12-03T12:27:33.085+0000] {logging_mixin.py:154} INFO - [2023-12-03T12:27:33.085+0000] {dag.py:3722} INFO - Setting next_dagrun for example_setup_teardown_taskflow to 2023-12-02T12:27:33.084978+00:00, run_after=2023-12-03T12:27:33.084978+00:00
[2023-12-03T12:27:33.099+0000] {processor.py:179} INFO - Processing /home/airflow/.local/lib/python3.8/site-packages/airflow/example_dags/example_setup_teardown_taskflow.py took 0.065 seconds
[2023-12-03T12:44:56.370+0000] {processor.py:157} INFO - Started process (PID=3106) to work on /home/airflow/.local/lib/python3.8/site-packages/airflow/example_dags/example_setup_teardown_taskflow.py
[2023-12-03T12:44:56.371+0000] {processor.py:829} INFO - Processing file /home/airflow/.local/lib/python3.8/site-packages/airflow/example_dags/example_setup_teardown_taskflow.py for tasks to queue
[2023-12-03T12:44:56.375+0000] {logging_mixin.py:154} INFO - [2023-12-03T12:44:56.375+0000] {dagbag.py:536} INFO - Filling up the DagBag from /home/airflow/.local/lib/python3.8/site-packages/airflow/example_dags/example_setup_teardown_taskflow.py
[2023-12-03T12:44:56.388+0000] {processor.py:839} INFO - DAG(s) dict_keys(['example_setup_teardown_taskflow']) retrieved from /home/airflow/.local/lib/python3.8/site-packages/airflow/example_dags/example_setup_teardown_taskflow.py
[2023-12-03T12:44:56.417+0000] {logging_mixin.py:154} INFO - [2023-12-03T12:44:56.416+0000] {dag.py:2941} INFO - Sync 1 DAGs
[2023-12-03T12:44:56.454+0000] {logging_mixin.py:154} INFO - [2023-12-03T12:44:56.454+0000] {dag.py:3722} INFO - Setting next_dagrun for example_setup_teardown_taskflow to 2023-12-02T12:44:56.453657+00:00, run_after=2023-12-03T12:44:56.453657+00:00
[2023-12-03T12:44:56.480+0000] {processor.py:179} INFO - Processing /home/airflow/.local/lib/python3.8/site-packages/airflow/example_dags/example_setup_teardown_taskflow.py took 0.115 seconds
[2023-12-03T13:35:11.736+0000] {processor.py:157} INFO - Started process (PID=3164) to work on /home/airflow/.local/lib/python3.8/site-packages/airflow/example_dags/example_setup_teardown_taskflow.py
[2023-12-03T13:35:11.737+0000] {processor.py:829} INFO - Processing file /home/airflow/.local/lib/python3.8/site-packages/airflow/example_dags/example_setup_teardown_taskflow.py for tasks to queue
[2023-12-03T13:35:11.740+0000] {logging_mixin.py:154} INFO - [2023-12-03T13:35:11.740+0000] {dagbag.py:536} INFO - Filling up the DagBag from /home/airflow/.local/lib/python3.8/site-packages/airflow/example_dags/example_setup_teardown_taskflow.py
[2023-12-03T13:35:11.748+0000] {processor.py:839} INFO - DAG(s) dict_keys(['example_setup_teardown_taskflow']) retrieved from /home/airflow/.local/lib/python3.8/site-packages/airflow/example_dags/example_setup_teardown_taskflow.py
[2023-12-03T13:35:11.771+0000] {logging_mixin.py:154} INFO - [2023-12-03T13:35:11.771+0000] {dag.py:2941} INFO - Sync 1 DAGs
[2023-12-03T13:35:11.787+0000] {logging_mixin.py:154} INFO - [2023-12-03T13:35:11.787+0000] {dag.py:3722} INFO - Setting next_dagrun for example_setup_teardown_taskflow to 2023-12-02T13:35:11.786898+00:00, run_after=2023-12-03T13:35:11.786898+00:00
[2023-12-03T13:35:11.800+0000] {processor.py:179} INFO - Processing /home/airflow/.local/lib/python3.8/site-packages/airflow/example_dags/example_setup_teardown_taskflow.py took 0.069 seconds
[2023-12-03T14:27:25.737+0000] {processor.py:157} INFO - Started process (PID=3222) to work on /home/airflow/.local/lib/python3.8/site-packages/airflow/example_dags/example_setup_teardown_taskflow.py
[2023-12-03T14:27:25.739+0000] {processor.py:829} INFO - Processing file /home/airflow/.local/lib/python3.8/site-packages/airflow/example_dags/example_setup_teardown_taskflow.py for tasks to queue
[2023-12-03T14:27:25.742+0000] {logging_mixin.py:154} INFO - [2023-12-03T14:27:25.742+0000] {dagbag.py:536} INFO - Filling up the DagBag from /home/airflow/.local/lib/python3.8/site-packages/airflow/example_dags/example_setup_teardown_taskflow.py
[2023-12-03T14:27:25.750+0000] {processor.py:839} INFO - DAG(s) dict_keys(['example_setup_teardown_taskflow']) retrieved from /home/airflow/.local/lib/python3.8/site-packages/airflow/example_dags/example_setup_teardown_taskflow.py
[2023-12-03T14:27:25.769+0000] {logging_mixin.py:154} INFO - [2023-12-03T14:27:25.769+0000] {dag.py:2941} INFO - Sync 1 DAGs
[2023-12-03T14:27:25.786+0000] {logging_mixin.py:154} INFO - [2023-12-03T14:27:25.786+0000] {dag.py:3722} INFO - Setting next_dagrun for example_setup_teardown_taskflow to 2023-12-02T14:27:25.786552+00:00, run_after=2023-12-03T14:27:25.786552+00:00
[2023-12-03T14:27:25.799+0000] {processor.py:179} INFO - Processing /home/airflow/.local/lib/python3.8/site-packages/airflow/example_dags/example_setup_teardown_taskflow.py took 0.064 seconds
[2023-12-03T15:18:34.312+0000] {processor.py:157} INFO - Started process (PID=3280) to work on /home/airflow/.local/lib/python3.8/site-packages/airflow/example_dags/example_setup_teardown_taskflow.py
[2023-12-03T15:18:34.313+0000] {processor.py:829} INFO - Processing file /home/airflow/.local/lib/python3.8/site-packages/airflow/example_dags/example_setup_teardown_taskflow.py for tasks to queue
[2023-12-03T15:18:34.315+0000] {logging_mixin.py:154} INFO - [2023-12-03T15:18:34.314+0000] {dagbag.py:536} INFO - Filling up the DagBag from /home/airflow/.local/lib/python3.8/site-packages/airflow/example_dags/example_setup_teardown_taskflow.py
[2023-12-03T15:18:34.322+0000] {processor.py:839} INFO - DAG(s) dict_keys(['example_setup_teardown_taskflow']) retrieved from /home/airflow/.local/lib/python3.8/site-packages/airflow/example_dags/example_setup_teardown_taskflow.py
[2023-12-03T15:18:34.339+0000] {logging_mixin.py:154} INFO - [2023-12-03T15:18:34.338+0000] {dag.py:2941} INFO - Sync 1 DAGs
[2023-12-03T15:18:34.361+0000] {logging_mixin.py:154} INFO - [2023-12-03T15:18:34.360+0000] {dag.py:3722} INFO - Setting next_dagrun for example_setup_teardown_taskflow to 2023-12-02T15:18:34.360614+00:00, run_after=2023-12-03T15:18:34.360614+00:00
[2023-12-03T15:18:34.377+0000] {processor.py:179} INFO - Processing /home/airflow/.local/lib/python3.8/site-packages/airflow/example_dags/example_setup_teardown_taskflow.py took 0.099 seconds
[2023-12-03T16:07:34.421+0000] {processor.py:157} INFO - Started process (PID=3338) to work on /home/airflow/.local/lib/python3.8/site-packages/airflow/example_dags/example_setup_teardown_taskflow.py
[2023-12-03T16:07:34.423+0000] {processor.py:829} INFO - Processing file /home/airflow/.local/lib/python3.8/site-packages/airflow/example_dags/example_setup_teardown_taskflow.py for tasks to queue
[2023-12-03T16:07:34.426+0000] {logging_mixin.py:154} INFO - [2023-12-03T16:07:34.425+0000] {dagbag.py:536} INFO - Filling up the DagBag from /home/airflow/.local/lib/python3.8/site-packages/airflow/example_dags/example_setup_teardown_taskflow.py
[2023-12-03T16:07:34.433+0000] {processor.py:839} INFO - DAG(s) dict_keys(['example_setup_teardown_taskflow']) retrieved from /home/airflow/.local/lib/python3.8/site-packages/airflow/example_dags/example_setup_teardown_taskflow.py
[2023-12-03T16:07:34.450+0000] {logging_mixin.py:154} INFO - [2023-12-03T16:07:34.450+0000] {dag.py:2941} INFO - Sync 1 DAGs
[2023-12-03T16:07:34.466+0000] {logging_mixin.py:154} INFO - [2023-12-03T16:07:34.466+0000] {dag.py:3722} INFO - Setting next_dagrun for example_setup_teardown_taskflow to 2023-12-02T16:07:34.465916+00:00, run_after=2023-12-03T16:07:34.465916+00:00
[2023-12-03T16:07:34.482+0000] {processor.py:179} INFO - Processing /home/airflow/.local/lib/python3.8/site-packages/airflow/example_dags/example_setup_teardown_taskflow.py took 0.065 seconds
[2023-12-03T16:58:05.350+0000] {processor.py:157} INFO - Started process (PID=3396) to work on /home/airflow/.local/lib/python3.8/site-packages/airflow/example_dags/example_setup_teardown_taskflow.py
[2023-12-03T16:58:05.351+0000] {processor.py:829} INFO - Processing file /home/airflow/.local/lib/python3.8/site-packages/airflow/example_dags/example_setup_teardown_taskflow.py for tasks to queue
[2023-12-03T16:58:05.354+0000] {logging_mixin.py:154} INFO - [2023-12-03T16:58:05.354+0000] {dagbag.py:536} INFO - Filling up the DagBag from /home/airflow/.local/lib/python3.8/site-packages/airflow/example_dags/example_setup_teardown_taskflow.py
[2023-12-03T16:58:05.362+0000] {processor.py:839} INFO - DAG(s) dict_keys(['example_setup_teardown_taskflow']) retrieved from /home/airflow/.local/lib/python3.8/site-packages/airflow/example_dags/example_setup_teardown_taskflow.py
[2023-12-03T16:58:05.385+0000] {logging_mixin.py:154} INFO - [2023-12-03T16:58:05.385+0000] {dag.py:2941} INFO - Sync 1 DAGs
[2023-12-03T16:58:05.401+0000] {logging_mixin.py:154} INFO - [2023-12-03T16:58:05.401+0000] {dag.py:3722} INFO - Setting next_dagrun for example_setup_teardown_taskflow to 2023-12-02T16:58:05.401467+00:00, run_after=2023-12-03T16:58:05.401467+00:00
[2023-12-03T16:58:05.413+0000] {processor.py:179} INFO - Processing /home/airflow/.local/lib/python3.8/site-packages/airflow/example_dags/example_setup_teardown_taskflow.py took 0.067 seconds
[2023-12-03T17:46:23.585+0000] {processor.py:157} INFO - Started process (PID=3454) to work on /home/airflow/.local/lib/python3.8/site-packages/airflow/example_dags/example_setup_teardown_taskflow.py
[2023-12-03T17:46:23.586+0000] {processor.py:829} INFO - Processing file /home/airflow/.local/lib/python3.8/site-packages/airflow/example_dags/example_setup_teardown_taskflow.py for tasks to queue
[2023-12-03T17:46:23.588+0000] {logging_mixin.py:154} INFO - [2023-12-03T17:46:23.588+0000] {dagbag.py:536} INFO - Filling up the DagBag from /home/airflow/.local/lib/python3.8/site-packages/airflow/example_dags/example_setup_teardown_taskflow.py
[2023-12-03T17:46:23.595+0000] {processor.py:839} INFO - DAG(s) dict_keys(['example_setup_teardown_taskflow']) retrieved from /home/airflow/.local/lib/python3.8/site-packages/airflow/example_dags/example_setup_teardown_taskflow.py
[2023-12-03T17:46:23.612+0000] {logging_mixin.py:154} INFO - [2023-12-03T17:46:23.612+0000] {dag.py:2941} INFO - Sync 1 DAGs
[2023-12-03T17:46:23.627+0000] {logging_mixin.py:154} INFO - [2023-12-03T17:46:23.627+0000] {dag.py:3722} INFO - Setting next_dagrun for example_setup_teardown_taskflow to 2023-12-02T17:46:23.627374+00:00, run_after=2023-12-03T17:46:23.627374+00:00
[2023-12-03T17:46:23.640+0000] {processor.py:179} INFO - Processing /home/airflow/.local/lib/python3.8/site-packages/airflow/example_dags/example_setup_teardown_taskflow.py took 0.057 seconds
[2023-12-03T18:33:43.638+0000] {processor.py:157} INFO - Started process (PID=3512) to work on /home/airflow/.local/lib/python3.8/site-packages/airflow/example_dags/example_setup_teardown_taskflow.py
[2023-12-03T18:33:43.670+0000] {processor.py:829} INFO - Processing file /home/airflow/.local/lib/python3.8/site-packages/airflow/example_dags/example_setup_teardown_taskflow.py for tasks to queue
[2023-12-03T18:33:43.676+0000] {logging_mixin.py:154} INFO - [2023-12-03T18:33:43.675+0000] {dagbag.py:536} INFO - Filling up the DagBag from /home/airflow/.local/lib/python3.8/site-packages/airflow/example_dags/example_setup_teardown_taskflow.py
[2023-12-03T18:33:43.685+0000] {processor.py:839} INFO - DAG(s) dict_keys(['example_setup_teardown_taskflow']) retrieved from /home/airflow/.local/lib/python3.8/site-packages/airflow/example_dags/example_setup_teardown_taskflow.py
[2023-12-03T18:33:43.704+0000] {logging_mixin.py:154} INFO - [2023-12-03T18:33:43.704+0000] {dag.py:2941} INFO - Sync 1 DAGs
[2023-12-03T18:33:43.724+0000] {logging_mixin.py:154} INFO - [2023-12-03T18:33:43.724+0000] {dag.py:3722} INFO - Setting next_dagrun for example_setup_teardown_taskflow to 2023-12-02T18:33:43.723759+00:00, run_after=2023-12-03T18:33:43.723759+00:00
[2023-12-03T18:33:43.738+0000] {processor.py:179} INFO - Processing /home/airflow/.local/lib/python3.8/site-packages/airflow/example_dags/example_setup_teardown_taskflow.py took 0.123 seconds
[2023-12-03T19:06:27.966+0000] {processor.py:157} INFO - Started process (PID=3570) to work on /home/airflow/.local/lib/python3.8/site-packages/airflow/example_dags/example_setup_teardown_taskflow.py
[2023-12-03T19:06:27.968+0000] {processor.py:829} INFO - Processing file /home/airflow/.local/lib/python3.8/site-packages/airflow/example_dags/example_setup_teardown_taskflow.py for tasks to queue
[2023-12-03T19:06:27.972+0000] {logging_mixin.py:154} INFO - [2023-12-03T19:06:27.972+0000] {dagbag.py:536} INFO - Filling up the DagBag from /home/airflow/.local/lib/python3.8/site-packages/airflow/example_dags/example_setup_teardown_taskflow.py
[2023-12-03T19:06:27.983+0000] {processor.py:839} INFO - DAG(s) dict_keys(['example_setup_teardown_taskflow']) retrieved from /home/airflow/.local/lib/python3.8/site-packages/airflow/example_dags/example_setup_teardown_taskflow.py
[2023-12-03T19:06:28.018+0000] {logging_mixin.py:154} INFO - [2023-12-03T19:06:28.017+0000] {dag.py:2941} INFO - Sync 1 DAGs
[2023-12-03T19:06:28.033+0000] {logging_mixin.py:154} INFO - [2023-12-03T19:06:28.033+0000] {dag.py:3722} INFO - Setting next_dagrun for example_setup_teardown_taskflow to 2023-12-02T19:06:28.033267+00:00, run_after=2023-12-03T19:06:28.033267+00:00
[2023-12-03T19:06:28.054+0000] {processor.py:179} INFO - Processing /home/airflow/.local/lib/python3.8/site-packages/airflow/example_dags/example_setup_teardown_taskflow.py took 0.093 seconds
[2023-12-03T19:22:02.871+0000] {processor.py:157} INFO - Started process (PID=3627) to work on /home/airflow/.local/lib/python3.8/site-packages/airflow/example_dags/example_setup_teardown_taskflow.py
[2023-12-03T19:22:02.872+0000] {processor.py:829} INFO - Processing file /home/airflow/.local/lib/python3.8/site-packages/airflow/example_dags/example_setup_teardown_taskflow.py for tasks to queue
[2023-12-03T19:22:02.878+0000] {logging_mixin.py:154} INFO - [2023-12-03T19:22:02.877+0000] {dagbag.py:536} INFO - Filling up the DagBag from /home/airflow/.local/lib/python3.8/site-packages/airflow/example_dags/example_setup_teardown_taskflow.py
[2023-12-03T19:22:02.889+0000] {processor.py:839} INFO - DAG(s) dict_keys(['example_setup_teardown_taskflow']) retrieved from /home/airflow/.local/lib/python3.8/site-packages/airflow/example_dags/example_setup_teardown_taskflow.py
[2023-12-03T19:22:02.911+0000] {logging_mixin.py:154} INFO - [2023-12-03T19:22:02.911+0000] {dag.py:2941} INFO - Sync 1 DAGs
[2023-12-03T19:22:02.930+0000] {logging_mixin.py:154} INFO - [2023-12-03T19:22:02.930+0000] {dag.py:3722} INFO - Setting next_dagrun for example_setup_teardown_taskflow to 2023-12-02T19:22:02.930208+00:00, run_after=2023-12-03T19:22:02.930208+00:00
[2023-12-03T19:22:02.944+0000] {processor.py:179} INFO - Processing /home/airflow/.local/lib/python3.8/site-packages/airflow/example_dags/example_setup_teardown_taskflow.py took 0.076 seconds
[2023-12-03T20:11:35.097+0000] {processor.py:157} INFO - Started process (PID=3685) to work on /home/airflow/.local/lib/python3.8/site-packages/airflow/example_dags/example_setup_teardown_taskflow.py
[2023-12-03T20:11:35.099+0000] {processor.py:829} INFO - Processing file /home/airflow/.local/lib/python3.8/site-packages/airflow/example_dags/example_setup_teardown_taskflow.py for tasks to queue
[2023-12-03T20:11:35.101+0000] {logging_mixin.py:154} INFO - [2023-12-03T20:11:35.101+0000] {dagbag.py:536} INFO - Filling up the DagBag from /home/airflow/.local/lib/python3.8/site-packages/airflow/example_dags/example_setup_teardown_taskflow.py
[2023-12-03T20:11:35.109+0000] {processor.py:839} INFO - DAG(s) dict_keys(['example_setup_teardown_taskflow']) retrieved from /home/airflow/.local/lib/python3.8/site-packages/airflow/example_dags/example_setup_teardown_taskflow.py
[2023-12-03T20:11:35.128+0000] {logging_mixin.py:154} INFO - [2023-12-03T20:11:35.128+0000] {dag.py:2941} INFO - Sync 1 DAGs
[2023-12-03T20:11:35.147+0000] {logging_mixin.py:154} INFO - [2023-12-03T20:11:35.146+0000] {dag.py:3722} INFO - Setting next_dagrun for example_setup_teardown_taskflow to 2023-12-02T20:11:35.146586+00:00, run_after=2023-12-03T20:11:35.146586+00:00
[2023-12-03T20:11:35.160+0000] {processor.py:179} INFO - Processing /home/airflow/.local/lib/python3.8/site-packages/airflow/example_dags/example_setup_teardown_taskflow.py took 0.067 seconds
[2023-12-03T21:36:35.174+0000] {processor.py:157} INFO - Started process (PID=3743) to work on /home/airflow/.local/lib/python3.8/site-packages/airflow/example_dags/example_setup_teardown_taskflow.py
[2023-12-03T21:36:35.175+0000] {processor.py:829} INFO - Processing file /home/airflow/.local/lib/python3.8/site-packages/airflow/example_dags/example_setup_teardown_taskflow.py for tasks to queue
[2023-12-03T21:36:35.179+0000] {logging_mixin.py:154} INFO - [2023-12-03T21:36:35.178+0000] {dagbag.py:536} INFO - Filling up the DagBag from /home/airflow/.local/lib/python3.8/site-packages/airflow/example_dags/example_setup_teardown_taskflow.py
[2023-12-03T21:36:35.197+0000] {processor.py:839} INFO - DAG(s) dict_keys(['example_setup_teardown_taskflow']) retrieved from /home/airflow/.local/lib/python3.8/site-packages/airflow/example_dags/example_setup_teardown_taskflow.py
[2023-12-03T21:36:35.222+0000] {logging_mixin.py:154} INFO - [2023-12-03T21:36:35.222+0000] {dag.py:2941} INFO - Sync 1 DAGs
[2023-12-03T21:36:35.238+0000] {logging_mixin.py:154} INFO - [2023-12-03T21:36:35.238+0000] {dag.py:3722} INFO - Setting next_dagrun for example_setup_teardown_taskflow to 2023-12-02T21:36:35.238281+00:00, run_after=2023-12-03T21:36:35.238281+00:00
[2023-12-03T21:36:35.252+0000] {processor.py:179} INFO - Processing /home/airflow/.local/lib/python3.8/site-packages/airflow/example_dags/example_setup_teardown_taskflow.py took 0.101 seconds
[2023-12-03T22:57:32.615+0000] {processor.py:157} INFO - Started process (PID=3801) to work on /home/airflow/.local/lib/python3.8/site-packages/airflow/example_dags/example_setup_teardown_taskflow.py
[2023-12-03T22:57:32.617+0000] {processor.py:829} INFO - Processing file /home/airflow/.local/lib/python3.8/site-packages/airflow/example_dags/example_setup_teardown_taskflow.py for tasks to queue
[2023-12-03T22:57:32.620+0000] {logging_mixin.py:154} INFO - [2023-12-03T22:57:32.620+0000] {dagbag.py:536} INFO - Filling up the DagBag from /home/airflow/.local/lib/python3.8/site-packages/airflow/example_dags/example_setup_teardown_taskflow.py
[2023-12-03T22:57:32.629+0000] {processor.py:839} INFO - DAG(s) dict_keys(['example_setup_teardown_taskflow']) retrieved from /home/airflow/.local/lib/python3.8/site-packages/airflow/example_dags/example_setup_teardown_taskflow.py
[2023-12-03T22:57:32.646+0000] {logging_mixin.py:154} INFO - [2023-12-03T22:57:32.646+0000] {dag.py:2941} INFO - Sync 1 DAGs
[2023-12-03T22:57:32.662+0000] {logging_mixin.py:154} INFO - [2023-12-03T22:57:32.662+0000] {dag.py:3722} INFO - Setting next_dagrun for example_setup_teardown_taskflow to 2023-12-02T22:57:32.662598+00:00, run_after=2023-12-03T22:57:32.662598+00:00
[2023-12-03T22:57:32.678+0000] {processor.py:179} INFO - Processing /home/airflow/.local/lib/python3.8/site-packages/airflow/example_dags/example_setup_teardown_taskflow.py took 0.066 seconds
[2023-12-03T23:13:11.469+0000] {processor.py:157} INFO - Started process (PID=3852) to work on /home/airflow/.local/lib/python3.8/site-packages/airflow/example_dags/example_setup_teardown_taskflow.py
[2023-12-03T23:13:11.470+0000] {processor.py:829} INFO - Processing file /home/airflow/.local/lib/python3.8/site-packages/airflow/example_dags/example_setup_teardown_taskflow.py for tasks to queue
[2023-12-03T23:13:11.474+0000] {logging_mixin.py:154} INFO - [2023-12-03T23:13:11.473+0000] {dagbag.py:536} INFO - Filling up the DagBag from /home/airflow/.local/lib/python3.8/site-packages/airflow/example_dags/example_setup_teardown_taskflow.py
[2023-12-03T23:13:11.481+0000] {processor.py:839} INFO - DAG(s) dict_keys(['example_setup_teardown_taskflow']) retrieved from /home/airflow/.local/lib/python3.8/site-packages/airflow/example_dags/example_setup_teardown_taskflow.py
[2023-12-03T23:13:11.502+0000] {logging_mixin.py:154} INFO - [2023-12-03T23:13:11.502+0000] {dag.py:2941} INFO - Sync 1 DAGs
[2023-12-03T23:13:11.518+0000] {logging_mixin.py:154} INFO - [2023-12-03T23:13:11.518+0000] {dag.py:3722} INFO - Setting next_dagrun for example_setup_teardown_taskflow to 2023-12-02T23:13:11.518615+00:00, run_after=2023-12-03T23:13:11.518615+00:00
[2023-12-03T23:13:11.531+0000] {processor.py:179} INFO - Processing /home/airflow/.local/lib/python3.8/site-packages/airflow/example_dags/example_setup_teardown_taskflow.py took 0.066 seconds
[2023-12-03T23:22:19.913+0000] {processor.py:157} INFO - Started process (PID=3910) to work on /home/airflow/.local/lib/python3.8/site-packages/airflow/example_dags/example_setup_teardown_taskflow.py
[2023-12-03T23:22:19.914+0000] {processor.py:829} INFO - Processing file /home/airflow/.local/lib/python3.8/site-packages/airflow/example_dags/example_setup_teardown_taskflow.py for tasks to queue
[2023-12-03T23:22:19.917+0000] {logging_mixin.py:154} INFO - [2023-12-03T23:22:19.917+0000] {dagbag.py:536} INFO - Filling up the DagBag from /home/airflow/.local/lib/python3.8/site-packages/airflow/example_dags/example_setup_teardown_taskflow.py
[2023-12-03T23:22:19.924+0000] {processor.py:839} INFO - DAG(s) dict_keys(['example_setup_teardown_taskflow']) retrieved from /home/airflow/.local/lib/python3.8/site-packages/airflow/example_dags/example_setup_teardown_taskflow.py
[2023-12-03T23:22:19.944+0000] {logging_mixin.py:154} INFO - [2023-12-03T23:22:19.943+0000] {dag.py:2941} INFO - Sync 1 DAGs
[2023-12-03T23:22:19.958+0000] {logging_mixin.py:154} INFO - [2023-12-03T23:22:19.958+0000] {dag.py:3722} INFO - Setting next_dagrun for example_setup_teardown_taskflow to 2023-12-02T23:22:19.958682+00:00, run_after=2023-12-03T23:22:19.958682+00:00
[2023-12-03T23:22:19.972+0000] {processor.py:179} INFO - Processing /home/airflow/.local/lib/python3.8/site-packages/airflow/example_dags/example_setup_teardown_taskflow.py took 0.064 seconds
