[2023-12-03T09:43:22.204+0000] {processor.py:157} INFO - Started process (PID=39) to work on /home/airflow/.local/lib/python3.8/site-packages/airflow/example_dags/example_setup_teardown.py
[2023-12-03T09:43:22.206+0000] {processor.py:829} INFO - Processing file /home/airflow/.local/lib/python3.8/site-packages/airflow/example_dags/example_setup_teardown.py for tasks to queue
[2023-12-03T09:43:22.209+0000] {logging_mixin.py:154} INFO - [2023-12-03T09:43:22.209+0000] {dagbag.py:536} INFO - Filling up the DagBag from /home/airflow/.local/lib/python3.8/site-packages/airflow/example_dags/example_setup_teardown.py
[2023-12-03T09:43:22.224+0000] {processor.py:839} INFO - DAG(s) dict_keys(['example_setup_teardown']) retrieved from /home/airflow/.local/lib/python3.8/site-packages/airflow/example_dags/example_setup_teardown.py
[2023-12-03T09:43:22.239+0000] {logging_mixin.py:154} INFO - [2023-12-03T09:43:22.239+0000] {dag.py:2941} INFO - Sync 1 DAGs
[2023-12-03T09:43:22.270+0000] {logging_mixin.py:154} INFO - [2023-12-03T09:43:22.269+0000] {dag.py:3722} INFO - Setting next_dagrun for example_setup_teardown to 2023-12-02T09:43:22.269664+00:00, run_after=2023-12-03T09:43:22.269664+00:00
[2023-12-03T09:43:22.292+0000] {processor.py:179} INFO - Processing /home/airflow/.local/lib/python3.8/site-packages/airflow/example_dags/example_setup_teardown.py took 0.094 seconds
[2023-12-03T09:43:53.323+0000] {processor.py:157} INFO - Started process (PID=97) to work on /home/airflow/.local/lib/python3.8/site-packages/airflow/example_dags/example_setup_teardown.py
[2023-12-03T09:43:53.325+0000] {processor.py:829} INFO - Processing file /home/airflow/.local/lib/python3.8/site-packages/airflow/example_dags/example_setup_teardown.py for tasks to queue
[2023-12-03T09:43:53.328+0000] {logging_mixin.py:154} INFO - [2023-12-03T09:43:53.327+0000] {dagbag.py:536} INFO - Filling up the DagBag from /home/airflow/.local/lib/python3.8/site-packages/airflow/example_dags/example_setup_teardown.py
[2023-12-03T09:43:53.337+0000] {processor.py:839} INFO - DAG(s) dict_keys(['example_setup_teardown']) retrieved from /home/airflow/.local/lib/python3.8/site-packages/airflow/example_dags/example_setup_teardown.py
[2023-12-03T09:43:53.359+0000] {logging_mixin.py:154} INFO - [2023-12-03T09:43:53.358+0000] {dag.py:2941} INFO - Sync 1 DAGs
[2023-12-03T09:43:53.379+0000] {logging_mixin.py:154} INFO - [2023-12-03T09:43:53.379+0000] {dag.py:3722} INFO - Setting next_dagrun for example_setup_teardown to 2023-12-02T09:43:53.378984+00:00, run_after=2023-12-03T09:43:53.378984+00:00
[2023-12-03T09:43:53.397+0000] {processor.py:179} INFO - Processing /home/airflow/.local/lib/python3.8/site-packages/airflow/example_dags/example_setup_teardown.py took 0.078 seconds
[2023-12-03T09:44:24.361+0000] {processor.py:157} INFO - Started process (PID=154) to work on /home/airflow/.local/lib/python3.8/site-packages/airflow/example_dags/example_setup_teardown.py
[2023-12-03T09:44:24.362+0000] {processor.py:829} INFO - Processing file /home/airflow/.local/lib/python3.8/site-packages/airflow/example_dags/example_setup_teardown.py for tasks to queue
[2023-12-03T09:44:24.364+0000] {logging_mixin.py:154} INFO - [2023-12-03T09:44:24.364+0000] {dagbag.py:536} INFO - Filling up the DagBag from /home/airflow/.local/lib/python3.8/site-packages/airflow/example_dags/example_setup_teardown.py
[2023-12-03T09:44:24.371+0000] {processor.py:839} INFO - DAG(s) dict_keys(['example_setup_teardown']) retrieved from /home/airflow/.local/lib/python3.8/site-packages/airflow/example_dags/example_setup_teardown.py
[2023-12-03T09:44:24.390+0000] {logging_mixin.py:154} INFO - [2023-12-03T09:44:24.390+0000] {dag.py:2941} INFO - Sync 1 DAGs
[2023-12-03T09:44:24.410+0000] {logging_mixin.py:154} INFO - [2023-12-03T09:44:24.410+0000] {dag.py:3722} INFO - Setting next_dagrun for example_setup_teardown to 2023-12-02T09:44:24.409636+00:00, run_after=2023-12-03T09:44:24.409636+00:00
[2023-12-03T09:44:24.425+0000] {processor.py:179} INFO - Processing /home/airflow/.local/lib/python3.8/site-packages/airflow/example_dags/example_setup_teardown.py took 0.069 seconds
[2023-12-03T09:44:55.454+0000] {processor.py:157} INFO - Started process (PID=212) to work on /home/airflow/.local/lib/python3.8/site-packages/airflow/example_dags/example_setup_teardown.py
[2023-12-03T09:44:55.455+0000] {processor.py:829} INFO - Processing file /home/airflow/.local/lib/python3.8/site-packages/airflow/example_dags/example_setup_teardown.py for tasks to queue
[2023-12-03T09:44:55.457+0000] {logging_mixin.py:154} INFO - [2023-12-03T09:44:55.457+0000] {dagbag.py:536} INFO - Filling up the DagBag from /home/airflow/.local/lib/python3.8/site-packages/airflow/example_dags/example_setup_teardown.py
[2023-12-03T09:44:55.465+0000] {processor.py:839} INFO - DAG(s) dict_keys(['example_setup_teardown']) retrieved from /home/airflow/.local/lib/python3.8/site-packages/airflow/example_dags/example_setup_teardown.py
[2023-12-03T09:44:55.485+0000] {logging_mixin.py:154} INFO - [2023-12-03T09:44:55.485+0000] {dag.py:2941} INFO - Sync 1 DAGs
[2023-12-03T09:44:55.506+0000] {logging_mixin.py:154} INFO - [2023-12-03T09:44:55.506+0000] {dag.py:3722} INFO - Setting next_dagrun for example_setup_teardown to 2023-12-02T09:44:55.506329+00:00, run_after=2023-12-03T09:44:55.506329+00:00
[2023-12-03T09:44:55.522+0000] {processor.py:179} INFO - Processing /home/airflow/.local/lib/python3.8/site-packages/airflow/example_dags/example_setup_teardown.py took 0.072 seconds
[2023-12-03T09:45:25.556+0000] {processor.py:157} INFO - Started process (PID=268) to work on /home/airflow/.local/lib/python3.8/site-packages/airflow/example_dags/example_setup_teardown.py
[2023-12-03T09:45:25.557+0000] {processor.py:829} INFO - Processing file /home/airflow/.local/lib/python3.8/site-packages/airflow/example_dags/example_setup_teardown.py for tasks to queue
[2023-12-03T09:45:25.559+0000] {logging_mixin.py:154} INFO - [2023-12-03T09:45:25.559+0000] {dagbag.py:536} INFO - Filling up the DagBag from /home/airflow/.local/lib/python3.8/site-packages/airflow/example_dags/example_setup_teardown.py
[2023-12-03T09:45:25.568+0000] {processor.py:839} INFO - DAG(s) dict_keys(['example_setup_teardown']) retrieved from /home/airflow/.local/lib/python3.8/site-packages/airflow/example_dags/example_setup_teardown.py
[2023-12-03T09:45:25.591+0000] {logging_mixin.py:154} INFO - [2023-12-03T09:45:25.591+0000] {dag.py:2941} INFO - Sync 1 DAGs
[2023-12-03T09:45:25.616+0000] {logging_mixin.py:154} INFO - [2023-12-03T09:45:25.615+0000] {dag.py:3722} INFO - Setting next_dagrun for example_setup_teardown to 2023-12-02T09:45:25.615492+00:00, run_after=2023-12-03T09:45:25.615492+00:00
[2023-12-03T09:45:25.635+0000] {processor.py:179} INFO - Processing /home/airflow/.local/lib/python3.8/site-packages/airflow/example_dags/example_setup_teardown.py took 0.083 seconds
[2023-12-03T09:45:55.954+0000] {processor.py:157} INFO - Started process (PID=327) to work on /home/airflow/.local/lib/python3.8/site-packages/airflow/example_dags/example_setup_teardown.py
[2023-12-03T09:45:55.956+0000] {processor.py:829} INFO - Processing file /home/airflow/.local/lib/python3.8/site-packages/airflow/example_dags/example_setup_teardown.py for tasks to queue
[2023-12-03T09:45:55.961+0000] {logging_mixin.py:154} INFO - [2023-12-03T09:45:55.960+0000] {dagbag.py:536} INFO - Filling up the DagBag from /home/airflow/.local/lib/python3.8/site-packages/airflow/example_dags/example_setup_teardown.py
[2023-12-03T09:45:55.969+0000] {processor.py:839} INFO - DAG(s) dict_keys(['example_setup_teardown']) retrieved from /home/airflow/.local/lib/python3.8/site-packages/airflow/example_dags/example_setup_teardown.py
[2023-12-03T09:45:56.003+0000] {logging_mixin.py:154} INFO - [2023-12-03T09:45:56.002+0000] {dag.py:2941} INFO - Sync 1 DAGs
[2023-12-03T09:45:56.034+0000] {logging_mixin.py:154} INFO - [2023-12-03T09:45:56.034+0000] {dag.py:3722} INFO - Setting next_dagrun for example_setup_teardown to 2023-12-02T09:45:56.033951+00:00, run_after=2023-12-03T09:45:56.033951+00:00
[2023-12-03T09:45:56.063+0000] {processor.py:179} INFO - Processing /home/airflow/.local/lib/python3.8/site-packages/airflow/example_dags/example_setup_teardown.py took 0.115 seconds
[2023-12-03T09:46:26.645+0000] {processor.py:157} INFO - Started process (PID=385) to work on /home/airflow/.local/lib/python3.8/site-packages/airflow/example_dags/example_setup_teardown.py
[2023-12-03T09:46:26.647+0000] {processor.py:829} INFO - Processing file /home/airflow/.local/lib/python3.8/site-packages/airflow/example_dags/example_setup_teardown.py for tasks to queue
[2023-12-03T09:46:26.651+0000] {logging_mixin.py:154} INFO - [2023-12-03T09:46:26.651+0000] {dagbag.py:536} INFO - Filling up the DagBag from /home/airflow/.local/lib/python3.8/site-packages/airflow/example_dags/example_setup_teardown.py
[2023-12-03T09:46:26.660+0000] {processor.py:839} INFO - DAG(s) dict_keys(['example_setup_teardown']) retrieved from /home/airflow/.local/lib/python3.8/site-packages/airflow/example_dags/example_setup_teardown.py
[2023-12-03T09:46:26.685+0000] {logging_mixin.py:154} INFO - [2023-12-03T09:46:26.685+0000] {dag.py:2941} INFO - Sync 1 DAGs
[2023-12-03T09:46:26.710+0000] {logging_mixin.py:154} INFO - [2023-12-03T09:46:26.710+0000] {dag.py:3722} INFO - Setting next_dagrun for example_setup_teardown to 2023-12-02T09:46:26.709823+00:00, run_after=2023-12-03T09:46:26.709823+00:00
[2023-12-03T09:46:26.729+0000] {processor.py:179} INFO - Processing /home/airflow/.local/lib/python3.8/site-packages/airflow/example_dags/example_setup_teardown.py took 0.090 seconds
[2023-12-03T09:46:57.076+0000] {processor.py:157} INFO - Started process (PID=443) to work on /home/airflow/.local/lib/python3.8/site-packages/airflow/example_dags/example_setup_teardown.py
[2023-12-03T09:46:57.078+0000] {processor.py:829} INFO - Processing file /home/airflow/.local/lib/python3.8/site-packages/airflow/example_dags/example_setup_teardown.py for tasks to queue
[2023-12-03T09:46:57.081+0000] {logging_mixin.py:154} INFO - [2023-12-03T09:46:57.081+0000] {dagbag.py:536} INFO - Filling up the DagBag from /home/airflow/.local/lib/python3.8/site-packages/airflow/example_dags/example_setup_teardown.py
[2023-12-03T09:46:57.087+0000] {processor.py:839} INFO - DAG(s) dict_keys(['example_setup_teardown']) retrieved from /home/airflow/.local/lib/python3.8/site-packages/airflow/example_dags/example_setup_teardown.py
[2023-12-03T09:46:57.113+0000] {logging_mixin.py:154} INFO - [2023-12-03T09:46:57.112+0000] {dag.py:2941} INFO - Sync 1 DAGs
[2023-12-03T09:46:57.137+0000] {logging_mixin.py:154} INFO - [2023-12-03T09:46:57.137+0000] {dag.py:3722} INFO - Setting next_dagrun for example_setup_teardown to 2023-12-02T09:46:57.137137+00:00, run_after=2023-12-03T09:46:57.137137+00:00
[2023-12-03T09:46:57.156+0000] {processor.py:179} INFO - Processing /home/airflow/.local/lib/python3.8/site-packages/airflow/example_dags/example_setup_teardown.py took 0.083 seconds
[2023-12-03T09:47:27.869+0000] {processor.py:157} INFO - Started process (PID=501) to work on /home/airflow/.local/lib/python3.8/site-packages/airflow/example_dags/example_setup_teardown.py
[2023-12-03T09:47:27.870+0000] {processor.py:829} INFO - Processing file /home/airflow/.local/lib/python3.8/site-packages/airflow/example_dags/example_setup_teardown.py for tasks to queue
[2023-12-03T09:47:27.874+0000] {logging_mixin.py:154} INFO - [2023-12-03T09:47:27.873+0000] {dagbag.py:536} INFO - Filling up the DagBag from /home/airflow/.local/lib/python3.8/site-packages/airflow/example_dags/example_setup_teardown.py
[2023-12-03T09:47:27.882+0000] {processor.py:839} INFO - DAG(s) dict_keys(['example_setup_teardown']) retrieved from /home/airflow/.local/lib/python3.8/site-packages/airflow/example_dags/example_setup_teardown.py
[2023-12-03T09:47:27.904+0000] {logging_mixin.py:154} INFO - [2023-12-03T09:47:27.904+0000] {dag.py:2941} INFO - Sync 1 DAGs
[2023-12-03T09:47:27.925+0000] {logging_mixin.py:154} INFO - [2023-12-03T09:47:27.925+0000] {dag.py:3722} INFO - Setting next_dagrun for example_setup_teardown to 2023-12-02T09:47:27.924974+00:00, run_after=2023-12-03T09:47:27.924974+00:00
[2023-12-03T09:47:27.941+0000] {processor.py:179} INFO - Processing /home/airflow/.local/lib/python3.8/site-packages/airflow/example_dags/example_setup_teardown.py took 0.077 seconds
[2023-12-03T09:47:58.051+0000] {processor.py:157} INFO - Started process (PID=559) to work on /home/airflow/.local/lib/python3.8/site-packages/airflow/example_dags/example_setup_teardown.py
[2023-12-03T09:47:58.052+0000] {processor.py:829} INFO - Processing file /home/airflow/.local/lib/python3.8/site-packages/airflow/example_dags/example_setup_teardown.py for tasks to queue
[2023-12-03T09:47:58.056+0000] {logging_mixin.py:154} INFO - [2023-12-03T09:47:58.056+0000] {dagbag.py:536} INFO - Filling up the DagBag from /home/airflow/.local/lib/python3.8/site-packages/airflow/example_dags/example_setup_teardown.py
[2023-12-03T09:47:58.063+0000] {processor.py:839} INFO - DAG(s) dict_keys(['example_setup_teardown']) retrieved from /home/airflow/.local/lib/python3.8/site-packages/airflow/example_dags/example_setup_teardown.py
[2023-12-03T09:47:58.083+0000] {logging_mixin.py:154} INFO - [2023-12-03T09:47:58.083+0000] {dag.py:2941} INFO - Sync 1 DAGs
[2023-12-03T09:47:58.103+0000] {logging_mixin.py:154} INFO - [2023-12-03T09:47:58.102+0000] {dag.py:3722} INFO - Setting next_dagrun for example_setup_teardown to 2023-12-02T09:47:58.102630+00:00, run_after=2023-12-03T09:47:58.102630+00:00
[2023-12-03T09:47:58.118+0000] {processor.py:179} INFO - Processing /home/airflow/.local/lib/python3.8/site-packages/airflow/example_dags/example_setup_teardown.py took 0.072 seconds
[2023-12-03T09:48:28.247+0000] {processor.py:157} INFO - Started process (PID=616) to work on /home/airflow/.local/lib/python3.8/site-packages/airflow/example_dags/example_setup_teardown.py
[2023-12-03T09:48:28.249+0000] {processor.py:829} INFO - Processing file /home/airflow/.local/lib/python3.8/site-packages/airflow/example_dags/example_setup_teardown.py for tasks to queue
[2023-12-03T09:48:28.252+0000] {logging_mixin.py:154} INFO - [2023-12-03T09:48:28.252+0000] {dagbag.py:536} INFO - Filling up the DagBag from /home/airflow/.local/lib/python3.8/site-packages/airflow/example_dags/example_setup_teardown.py
[2023-12-03T09:48:28.258+0000] {processor.py:839} INFO - DAG(s) dict_keys(['example_setup_teardown']) retrieved from /home/airflow/.local/lib/python3.8/site-packages/airflow/example_dags/example_setup_teardown.py
[2023-12-03T09:48:28.278+0000] {logging_mixin.py:154} INFO - [2023-12-03T09:48:28.277+0000] {dag.py:2941} INFO - Sync 1 DAGs
[2023-12-03T09:48:28.300+0000] {logging_mixin.py:154} INFO - [2023-12-03T09:48:28.300+0000] {dag.py:3722} INFO - Setting next_dagrun for example_setup_teardown to 2023-12-02T09:48:28.300242+00:00, run_after=2023-12-03T09:48:28.300242+00:00
[2023-12-03T09:48:28.314+0000] {processor.py:179} INFO - Processing /home/airflow/.local/lib/python3.8/site-packages/airflow/example_dags/example_setup_teardown.py took 0.071 seconds
[2023-12-03T09:48:59.166+0000] {processor.py:157} INFO - Started process (PID=674) to work on /home/airflow/.local/lib/python3.8/site-packages/airflow/example_dags/example_setup_teardown.py
[2023-12-03T09:48:59.167+0000] {processor.py:829} INFO - Processing file /home/airflow/.local/lib/python3.8/site-packages/airflow/example_dags/example_setup_teardown.py for tasks to queue
[2023-12-03T09:48:59.170+0000] {logging_mixin.py:154} INFO - [2023-12-03T09:48:59.169+0000] {dagbag.py:536} INFO - Filling up the DagBag from /home/airflow/.local/lib/python3.8/site-packages/airflow/example_dags/example_setup_teardown.py
[2023-12-03T09:48:59.175+0000] {processor.py:839} INFO - DAG(s) dict_keys(['example_setup_teardown']) retrieved from /home/airflow/.local/lib/python3.8/site-packages/airflow/example_dags/example_setup_teardown.py
[2023-12-03T09:48:59.196+0000] {logging_mixin.py:154} INFO - [2023-12-03T09:48:59.195+0000] {dag.py:2941} INFO - Sync 1 DAGs
[2023-12-03T09:48:59.215+0000] {logging_mixin.py:154} INFO - [2023-12-03T09:48:59.215+0000] {dag.py:3722} INFO - Setting next_dagrun for example_setup_teardown to 2023-12-02T09:48:59.214898+00:00, run_after=2023-12-03T09:48:59.214898+00:00
[2023-12-03T09:48:59.230+0000] {processor.py:179} INFO - Processing /home/airflow/.local/lib/python3.8/site-packages/airflow/example_dags/example_setup_teardown.py took 0.068 seconds
[2023-12-03T09:49:30.042+0000] {processor.py:157} INFO - Started process (PID=732) to work on /home/airflow/.local/lib/python3.8/site-packages/airflow/example_dags/example_setup_teardown.py
[2023-12-03T09:49:30.043+0000] {processor.py:829} INFO - Processing file /home/airflow/.local/lib/python3.8/site-packages/airflow/example_dags/example_setup_teardown.py for tasks to queue
[2023-12-03T09:49:30.047+0000] {logging_mixin.py:154} INFO - [2023-12-03T09:49:30.047+0000] {dagbag.py:536} INFO - Filling up the DagBag from /home/airflow/.local/lib/python3.8/site-packages/airflow/example_dags/example_setup_teardown.py
[2023-12-03T09:49:30.056+0000] {processor.py:839} INFO - DAG(s) dict_keys(['example_setup_teardown']) retrieved from /home/airflow/.local/lib/python3.8/site-packages/airflow/example_dags/example_setup_teardown.py
[2023-12-03T09:49:30.081+0000] {logging_mixin.py:154} INFO - [2023-12-03T09:49:30.081+0000] {dag.py:2941} INFO - Sync 1 DAGs
[2023-12-03T09:49:30.102+0000] {logging_mixin.py:154} INFO - [2023-12-03T09:49:30.102+0000] {dag.py:3722} INFO - Setting next_dagrun for example_setup_teardown to 2023-12-02T09:49:30.102155+00:00, run_after=2023-12-03T09:49:30.102155+00:00
[2023-12-03T09:49:30.117+0000] {processor.py:179} INFO - Processing /home/airflow/.local/lib/python3.8/site-packages/airflow/example_dags/example_setup_teardown.py took 0.080 seconds
[2023-12-03T09:50:00.347+0000] {processor.py:157} INFO - Started process (PID=790) to work on /home/airflow/.local/lib/python3.8/site-packages/airflow/example_dags/example_setup_teardown.py
[2023-12-03T09:50:00.348+0000] {processor.py:829} INFO - Processing file /home/airflow/.local/lib/python3.8/site-packages/airflow/example_dags/example_setup_teardown.py for tasks to queue
[2023-12-03T09:50:00.352+0000] {logging_mixin.py:154} INFO - [2023-12-03T09:50:00.352+0000] {dagbag.py:536} INFO - Filling up the DagBag from /home/airflow/.local/lib/python3.8/site-packages/airflow/example_dags/example_setup_teardown.py
[2023-12-03T09:50:00.359+0000] {processor.py:839} INFO - DAG(s) dict_keys(['example_setup_teardown']) retrieved from /home/airflow/.local/lib/python3.8/site-packages/airflow/example_dags/example_setup_teardown.py
[2023-12-03T09:50:00.384+0000] {logging_mixin.py:154} INFO - [2023-12-03T09:50:00.384+0000] {dag.py:2941} INFO - Sync 1 DAGs
[2023-12-03T09:50:00.410+0000] {logging_mixin.py:154} INFO - [2023-12-03T09:50:00.410+0000] {dag.py:3722} INFO - Setting next_dagrun for example_setup_teardown to 2023-12-02T09:50:00.409701+00:00, run_after=2023-12-03T09:50:00.409701+00:00
[2023-12-03T09:50:00.431+0000] {processor.py:179} INFO - Processing /home/airflow/.local/lib/python3.8/site-packages/airflow/example_dags/example_setup_teardown.py took 0.089 seconds
[2023-12-03T09:50:30.612+0000] {processor.py:157} INFO - Started process (PID=848) to work on /home/airflow/.local/lib/python3.8/site-packages/airflow/example_dags/example_setup_teardown.py
[2023-12-03T09:50:30.613+0000] {processor.py:829} INFO - Processing file /home/airflow/.local/lib/python3.8/site-packages/airflow/example_dags/example_setup_teardown.py for tasks to queue
[2023-12-03T09:50:30.617+0000] {logging_mixin.py:154} INFO - [2023-12-03T09:50:30.616+0000] {dagbag.py:536} INFO - Filling up the DagBag from /home/airflow/.local/lib/python3.8/site-packages/airflow/example_dags/example_setup_teardown.py
[2023-12-03T09:50:30.816+0000] {processor.py:839} INFO - DAG(s) dict_keys(['example_setup_teardown']) retrieved from /home/airflow/.local/lib/python3.8/site-packages/airflow/example_dags/example_setup_teardown.py
[2023-12-03T09:50:30.839+0000] {logging_mixin.py:154} INFO - [2023-12-03T09:50:30.838+0000] {dag.py:2941} INFO - Sync 1 DAGs
[2023-12-03T09:50:30.861+0000] {logging_mixin.py:154} INFO - [2023-12-03T09:50:30.861+0000] {dag.py:3722} INFO - Setting next_dagrun for example_setup_teardown to 2023-12-02T09:50:30.861385+00:00, run_after=2023-12-03T09:50:30.861385+00:00
[2023-12-03T09:50:30.881+0000] {processor.py:179} INFO - Processing /home/airflow/.local/lib/python3.8/site-packages/airflow/example_dags/example_setup_teardown.py took 0.273 seconds
[2023-12-03T09:51:01.583+0000] {processor.py:157} INFO - Started process (PID=906) to work on /home/airflow/.local/lib/python3.8/site-packages/airflow/example_dags/example_setup_teardown.py
[2023-12-03T09:51:01.584+0000] {processor.py:829} INFO - Processing file /home/airflow/.local/lib/python3.8/site-packages/airflow/example_dags/example_setup_teardown.py for tasks to queue
[2023-12-03T09:51:01.588+0000] {logging_mixin.py:154} INFO - [2023-12-03T09:51:01.588+0000] {dagbag.py:536} INFO - Filling up the DagBag from /home/airflow/.local/lib/python3.8/site-packages/airflow/example_dags/example_setup_teardown.py
[2023-12-03T09:51:01.594+0000] {processor.py:839} INFO - DAG(s) dict_keys(['example_setup_teardown']) retrieved from /home/airflow/.local/lib/python3.8/site-packages/airflow/example_dags/example_setup_teardown.py
[2023-12-03T09:51:01.614+0000] {logging_mixin.py:154} INFO - [2023-12-03T09:51:01.614+0000] {dag.py:2941} INFO - Sync 1 DAGs
[2023-12-03T09:51:01.633+0000] {logging_mixin.py:154} INFO - [2023-12-03T09:51:01.633+0000] {dag.py:3722} INFO - Setting next_dagrun for example_setup_teardown to 2023-12-02T09:51:01.633475+00:00, run_after=2023-12-03T09:51:01.633475+00:00
[2023-12-03T09:51:01.650+0000] {processor.py:179} INFO - Processing /home/airflow/.local/lib/python3.8/site-packages/airflow/example_dags/example_setup_teardown.py took 0.071 seconds
[2023-12-03T09:51:31.851+0000] {processor.py:157} INFO - Started process (PID=964) to work on /home/airflow/.local/lib/python3.8/site-packages/airflow/example_dags/example_setup_teardown.py
[2023-12-03T09:51:31.852+0000] {processor.py:829} INFO - Processing file /home/airflow/.local/lib/python3.8/site-packages/airflow/example_dags/example_setup_teardown.py for tasks to queue
[2023-12-03T09:51:31.854+0000] {logging_mixin.py:154} INFO - [2023-12-03T09:51:31.854+0000] {dagbag.py:536} INFO - Filling up the DagBag from /home/airflow/.local/lib/python3.8/site-packages/airflow/example_dags/example_setup_teardown.py
[2023-12-03T09:51:31.862+0000] {processor.py:839} INFO - DAG(s) dict_keys(['example_setup_teardown']) retrieved from /home/airflow/.local/lib/python3.8/site-packages/airflow/example_dags/example_setup_teardown.py
[2023-12-03T09:51:31.882+0000] {logging_mixin.py:154} INFO - [2023-12-03T09:51:31.882+0000] {dag.py:2941} INFO - Sync 1 DAGs
[2023-12-03T09:51:31.902+0000] {logging_mixin.py:154} INFO - [2023-12-03T09:51:31.902+0000] {dag.py:3722} INFO - Setting next_dagrun for example_setup_teardown to 2023-12-02T09:51:31.902168+00:00, run_after=2023-12-03T09:51:31.902168+00:00
[2023-12-03T09:51:31.917+0000] {processor.py:179} INFO - Processing /home/airflow/.local/lib/python3.8/site-packages/airflow/example_dags/example_setup_teardown.py took 0.071 seconds
[2023-12-03T09:52:02.724+0000] {processor.py:157} INFO - Started process (PID=1022) to work on /home/airflow/.local/lib/python3.8/site-packages/airflow/example_dags/example_setup_teardown.py
[2023-12-03T09:52:02.725+0000] {processor.py:829} INFO - Processing file /home/airflow/.local/lib/python3.8/site-packages/airflow/example_dags/example_setup_teardown.py for tasks to queue
[2023-12-03T09:52:02.729+0000] {logging_mixin.py:154} INFO - [2023-12-03T09:52:02.729+0000] {dagbag.py:536} INFO - Filling up the DagBag from /home/airflow/.local/lib/python3.8/site-packages/airflow/example_dags/example_setup_teardown.py
[2023-12-03T09:52:02.736+0000] {processor.py:839} INFO - DAG(s) dict_keys(['example_setup_teardown']) retrieved from /home/airflow/.local/lib/python3.8/site-packages/airflow/example_dags/example_setup_teardown.py
[2023-12-03T09:52:02.755+0000] {logging_mixin.py:154} INFO - [2023-12-03T09:52:02.755+0000] {dag.py:2941} INFO - Sync 1 DAGs
[2023-12-03T09:52:02.775+0000] {logging_mixin.py:154} INFO - [2023-12-03T09:52:02.775+0000] {dag.py:3722} INFO - Setting next_dagrun for example_setup_teardown to 2023-12-02T09:52:02.775095+00:00, run_after=2023-12-03T09:52:02.775095+00:00
[2023-12-03T09:52:02.792+0000] {processor.py:179} INFO - Processing /home/airflow/.local/lib/python3.8/site-packages/airflow/example_dags/example_setup_teardown.py took 0.073 seconds
[2023-12-03T09:52:32.857+0000] {processor.py:157} INFO - Started process (PID=1080) to work on /home/airflow/.local/lib/python3.8/site-packages/airflow/example_dags/example_setup_teardown.py
[2023-12-03T09:52:32.858+0000] {processor.py:829} INFO - Processing file /home/airflow/.local/lib/python3.8/site-packages/airflow/example_dags/example_setup_teardown.py for tasks to queue
[2023-12-03T09:52:32.861+0000] {logging_mixin.py:154} INFO - [2023-12-03T09:52:32.860+0000] {dagbag.py:536} INFO - Filling up the DagBag from /home/airflow/.local/lib/python3.8/site-packages/airflow/example_dags/example_setup_teardown.py
[2023-12-03T09:52:32.868+0000] {processor.py:839} INFO - DAG(s) dict_keys(['example_setup_teardown']) retrieved from /home/airflow/.local/lib/python3.8/site-packages/airflow/example_dags/example_setup_teardown.py
[2023-12-03T09:52:32.889+0000] {logging_mixin.py:154} INFO - [2023-12-03T09:52:32.889+0000] {dag.py:2941} INFO - Sync 1 DAGs
[2023-12-03T09:52:32.909+0000] {logging_mixin.py:154} INFO - [2023-12-03T09:52:32.909+0000] {dag.py:3722} INFO - Setting next_dagrun for example_setup_teardown to 2023-12-02T09:52:32.908831+00:00, run_after=2023-12-03T09:52:32.908831+00:00
[2023-12-03T09:52:32.924+0000] {processor.py:179} INFO - Processing /home/airflow/.local/lib/python3.8/site-packages/airflow/example_dags/example_setup_teardown.py took 0.072 seconds
[2023-12-03T09:53:03.236+0000] {processor.py:157} INFO - Started process (PID=1138) to work on /home/airflow/.local/lib/python3.8/site-packages/airflow/example_dags/example_setup_teardown.py
[2023-12-03T09:53:03.237+0000] {processor.py:829} INFO - Processing file /home/airflow/.local/lib/python3.8/site-packages/airflow/example_dags/example_setup_teardown.py for tasks to queue
[2023-12-03T09:53:03.241+0000] {logging_mixin.py:154} INFO - [2023-12-03T09:53:03.240+0000] {dagbag.py:536} INFO - Filling up the DagBag from /home/airflow/.local/lib/python3.8/site-packages/airflow/example_dags/example_setup_teardown.py
[2023-12-03T09:53:03.249+0000] {processor.py:839} INFO - DAG(s) dict_keys(['example_setup_teardown']) retrieved from /home/airflow/.local/lib/python3.8/site-packages/airflow/example_dags/example_setup_teardown.py
[2023-12-03T09:53:03.270+0000] {logging_mixin.py:154} INFO - [2023-12-03T09:53:03.270+0000] {dag.py:2941} INFO - Sync 1 DAGs
[2023-12-03T09:53:03.290+0000] {logging_mixin.py:154} INFO - [2023-12-03T09:53:03.290+0000] {dag.py:3722} INFO - Setting next_dagrun for example_setup_teardown to 2023-12-02T09:53:03.290088+00:00, run_after=2023-12-03T09:53:03.290088+00:00
[2023-12-03T09:53:03.308+0000] {processor.py:179} INFO - Processing /home/airflow/.local/lib/python3.8/site-packages/airflow/example_dags/example_setup_teardown.py took 0.076 seconds
[2023-12-03T09:53:33.480+0000] {processor.py:157} INFO - Started process (PID=1196) to work on /home/airflow/.local/lib/python3.8/site-packages/airflow/example_dags/example_setup_teardown.py
[2023-12-03T09:53:33.482+0000] {processor.py:829} INFO - Processing file /home/airflow/.local/lib/python3.8/site-packages/airflow/example_dags/example_setup_teardown.py for tasks to queue
[2023-12-03T09:53:33.485+0000] {logging_mixin.py:154} INFO - [2023-12-03T09:53:33.484+0000] {dagbag.py:536} INFO - Filling up the DagBag from /home/airflow/.local/lib/python3.8/site-packages/airflow/example_dags/example_setup_teardown.py
[2023-12-03T09:53:33.492+0000] {processor.py:839} INFO - DAG(s) dict_keys(['example_setup_teardown']) retrieved from /home/airflow/.local/lib/python3.8/site-packages/airflow/example_dags/example_setup_teardown.py
[2023-12-03T09:53:33.514+0000] {logging_mixin.py:154} INFO - [2023-12-03T09:53:33.514+0000] {dag.py:2941} INFO - Sync 1 DAGs
[2023-12-03T09:53:33.536+0000] {logging_mixin.py:154} INFO - [2023-12-03T09:53:33.536+0000] {dag.py:3722} INFO - Setting next_dagrun for example_setup_teardown to 2023-12-02T09:53:33.536245+00:00, run_after=2023-12-03T09:53:33.536245+00:00
[2023-12-03T09:53:33.556+0000] {processor.py:179} INFO - Processing /home/airflow/.local/lib/python3.8/site-packages/airflow/example_dags/example_setup_teardown.py took 0.081 seconds
[2023-12-03T09:54:03.774+0000] {processor.py:157} INFO - Started process (PID=1254) to work on /home/airflow/.local/lib/python3.8/site-packages/airflow/example_dags/example_setup_teardown.py
[2023-12-03T09:54:03.775+0000] {processor.py:829} INFO - Processing file /home/airflow/.local/lib/python3.8/site-packages/airflow/example_dags/example_setup_teardown.py for tasks to queue
[2023-12-03T09:54:03.778+0000] {logging_mixin.py:154} INFO - [2023-12-03T09:54:03.778+0000] {dagbag.py:536} INFO - Filling up the DagBag from /home/airflow/.local/lib/python3.8/site-packages/airflow/example_dags/example_setup_teardown.py
[2023-12-03T09:54:03.784+0000] {processor.py:839} INFO - DAG(s) dict_keys(['example_setup_teardown']) retrieved from /home/airflow/.local/lib/python3.8/site-packages/airflow/example_dags/example_setup_teardown.py
[2023-12-03T09:54:03.812+0000] {logging_mixin.py:154} INFO - [2023-12-03T09:54:03.812+0000] {dag.py:2941} INFO - Sync 1 DAGs
[2023-12-03T09:54:03.834+0000] {logging_mixin.py:154} INFO - [2023-12-03T09:54:03.834+0000] {dag.py:3722} INFO - Setting next_dagrun for example_setup_teardown to 2023-12-02T09:54:03.833962+00:00, run_after=2023-12-03T09:54:03.833962+00:00
[2023-12-03T09:54:03.857+0000] {processor.py:179} INFO - Processing /home/airflow/.local/lib/python3.8/site-packages/airflow/example_dags/example_setup_teardown.py took 0.087 seconds
[2023-12-03T09:54:34.092+0000] {processor.py:157} INFO - Started process (PID=1319) to work on /home/airflow/.local/lib/python3.8/site-packages/airflow/example_dags/example_setup_teardown.py
[2023-12-03T09:54:34.093+0000] {processor.py:829} INFO - Processing file /home/airflow/.local/lib/python3.8/site-packages/airflow/example_dags/example_setup_teardown.py for tasks to queue
[2023-12-03T09:54:34.097+0000] {logging_mixin.py:154} INFO - [2023-12-03T09:54:34.096+0000] {dagbag.py:536} INFO - Filling up the DagBag from /home/airflow/.local/lib/python3.8/site-packages/airflow/example_dags/example_setup_teardown.py
[2023-12-03T09:54:34.105+0000] {processor.py:839} INFO - DAG(s) dict_keys(['example_setup_teardown']) retrieved from /home/airflow/.local/lib/python3.8/site-packages/airflow/example_dags/example_setup_teardown.py
[2023-12-03T09:54:34.136+0000] {logging_mixin.py:154} INFO - [2023-12-03T09:54:34.136+0000] {dag.py:2941} INFO - Sync 1 DAGs
[2023-12-03T09:54:34.160+0000] {logging_mixin.py:154} INFO - [2023-12-03T09:54:34.160+0000] {dag.py:3722} INFO - Setting next_dagrun for example_setup_teardown to 2023-12-02T09:54:34.159896+00:00, run_after=2023-12-03T09:54:34.159896+00:00
[2023-12-03T09:54:34.176+0000] {processor.py:179} INFO - Processing /home/airflow/.local/lib/python3.8/site-packages/airflow/example_dags/example_setup_teardown.py took 0.089 seconds
[2023-12-03T09:55:04.589+0000] {processor.py:157} INFO - Started process (PID=1377) to work on /home/airflow/.local/lib/python3.8/site-packages/airflow/example_dags/example_setup_teardown.py
[2023-12-03T09:55:04.591+0000] {processor.py:829} INFO - Processing file /home/airflow/.local/lib/python3.8/site-packages/airflow/example_dags/example_setup_teardown.py for tasks to queue
[2023-12-03T09:55:04.594+0000] {logging_mixin.py:154} INFO - [2023-12-03T09:55:04.594+0000] {dagbag.py:536} INFO - Filling up the DagBag from /home/airflow/.local/lib/python3.8/site-packages/airflow/example_dags/example_setup_teardown.py
[2023-12-03T09:55:04.600+0000] {processor.py:839} INFO - DAG(s) dict_keys(['example_setup_teardown']) retrieved from /home/airflow/.local/lib/python3.8/site-packages/airflow/example_dags/example_setup_teardown.py
[2023-12-03T09:55:04.620+0000] {logging_mixin.py:154} INFO - [2023-12-03T09:55:04.620+0000] {dag.py:2941} INFO - Sync 1 DAGs
[2023-12-03T09:55:04.641+0000] {logging_mixin.py:154} INFO - [2023-12-03T09:55:04.641+0000] {dag.py:3722} INFO - Setting next_dagrun for example_setup_teardown to 2023-12-02T09:55:04.641127+00:00, run_after=2023-12-03T09:55:04.641127+00:00
[2023-12-03T09:55:04.658+0000] {processor.py:179} INFO - Processing /home/airflow/.local/lib/python3.8/site-packages/airflow/example_dags/example_setup_teardown.py took 0.073 seconds
[2023-12-03T09:55:34.984+0000] {processor.py:157} INFO - Started process (PID=1435) to work on /home/airflow/.local/lib/python3.8/site-packages/airflow/example_dags/example_setup_teardown.py
[2023-12-03T09:55:34.985+0000] {processor.py:829} INFO - Processing file /home/airflow/.local/lib/python3.8/site-packages/airflow/example_dags/example_setup_teardown.py for tasks to queue
[2023-12-03T09:55:34.990+0000] {logging_mixin.py:154} INFO - [2023-12-03T09:55:34.990+0000] {dagbag.py:536} INFO - Filling up the DagBag from /home/airflow/.local/lib/python3.8/site-packages/airflow/example_dags/example_setup_teardown.py
[2023-12-03T09:55:35.001+0000] {processor.py:839} INFO - DAG(s) dict_keys(['example_setup_teardown']) retrieved from /home/airflow/.local/lib/python3.8/site-packages/airflow/example_dags/example_setup_teardown.py
[2023-12-03T09:55:35.029+0000] {logging_mixin.py:154} INFO - [2023-12-03T09:55:35.029+0000] {dag.py:2941} INFO - Sync 1 DAGs
[2023-12-03T09:55:35.050+0000] {logging_mixin.py:154} INFO - [2023-12-03T09:55:35.050+0000] {dag.py:3722} INFO - Setting next_dagrun for example_setup_teardown to 2023-12-02T09:55:35.050144+00:00, run_after=2023-12-03T09:55:35.050144+00:00
[2023-12-03T09:55:35.068+0000] {processor.py:179} INFO - Processing /home/airflow/.local/lib/python3.8/site-packages/airflow/example_dags/example_setup_teardown.py took 0.090 seconds
[2023-12-03T09:56:05.256+0000] {processor.py:157} INFO - Started process (PID=1497) to work on /home/airflow/.local/lib/python3.8/site-packages/airflow/example_dags/example_setup_teardown.py
[2023-12-03T09:56:05.257+0000] {processor.py:829} INFO - Processing file /home/airflow/.local/lib/python3.8/site-packages/airflow/example_dags/example_setup_teardown.py for tasks to queue
[2023-12-03T09:56:05.259+0000] {logging_mixin.py:154} INFO - [2023-12-03T09:56:05.259+0000] {dagbag.py:536} INFO - Filling up the DagBag from /home/airflow/.local/lib/python3.8/site-packages/airflow/example_dags/example_setup_teardown.py
[2023-12-03T09:56:05.266+0000] {processor.py:839} INFO - DAG(s) dict_keys(['example_setup_teardown']) retrieved from /home/airflow/.local/lib/python3.8/site-packages/airflow/example_dags/example_setup_teardown.py
[2023-12-03T09:56:05.287+0000] {logging_mixin.py:154} INFO - [2023-12-03T09:56:05.287+0000] {dag.py:2941} INFO - Sync 1 DAGs
[2023-12-03T09:56:05.307+0000] {logging_mixin.py:154} INFO - [2023-12-03T09:56:05.307+0000] {dag.py:3722} INFO - Setting next_dagrun for example_setup_teardown to 2023-12-02T09:56:05.306784+00:00, run_after=2023-12-03T09:56:05.306784+00:00
[2023-12-03T09:56:05.324+0000] {processor.py:179} INFO - Processing /home/airflow/.local/lib/python3.8/site-packages/airflow/example_dags/example_setup_teardown.py took 0.071 seconds
[2023-12-03T09:56:36.172+0000] {processor.py:157} INFO - Started process (PID=1555) to work on /home/airflow/.local/lib/python3.8/site-packages/airflow/example_dags/example_setup_teardown.py
[2023-12-03T09:56:36.173+0000] {processor.py:829} INFO - Processing file /home/airflow/.local/lib/python3.8/site-packages/airflow/example_dags/example_setup_teardown.py for tasks to queue
[2023-12-03T09:56:36.175+0000] {logging_mixin.py:154} INFO - [2023-12-03T09:56:36.175+0000] {dagbag.py:536} INFO - Filling up the DagBag from /home/airflow/.local/lib/python3.8/site-packages/airflow/example_dags/example_setup_teardown.py
[2023-12-03T09:56:36.183+0000] {processor.py:839} INFO - DAG(s) dict_keys(['example_setup_teardown']) retrieved from /home/airflow/.local/lib/python3.8/site-packages/airflow/example_dags/example_setup_teardown.py
[2023-12-03T09:56:36.205+0000] {logging_mixin.py:154} INFO - [2023-12-03T09:56:36.205+0000] {dag.py:2941} INFO - Sync 1 DAGs
[2023-12-03T09:56:36.231+0000] {logging_mixin.py:154} INFO - [2023-12-03T09:56:36.230+0000] {dag.py:3722} INFO - Setting next_dagrun for example_setup_teardown to 2023-12-02T09:56:36.230443+00:00, run_after=2023-12-03T09:56:36.230443+00:00
[2023-12-03T09:56:36.251+0000] {processor.py:179} INFO - Processing /home/airflow/.local/lib/python3.8/site-packages/airflow/example_dags/example_setup_teardown.py took 0.082 seconds
[2023-12-03T09:57:06.993+0000] {processor.py:157} INFO - Started process (PID=1613) to work on /home/airflow/.local/lib/python3.8/site-packages/airflow/example_dags/example_setup_teardown.py
[2023-12-03T09:57:06.994+0000] {processor.py:829} INFO - Processing file /home/airflow/.local/lib/python3.8/site-packages/airflow/example_dags/example_setup_teardown.py for tasks to queue
[2023-12-03T09:57:06.998+0000] {logging_mixin.py:154} INFO - [2023-12-03T09:57:06.998+0000] {dagbag.py:536} INFO - Filling up the DagBag from /home/airflow/.local/lib/python3.8/site-packages/airflow/example_dags/example_setup_teardown.py
[2023-12-03T09:57:07.007+0000] {processor.py:839} INFO - DAG(s) dict_keys(['example_setup_teardown']) retrieved from /home/airflow/.local/lib/python3.8/site-packages/airflow/example_dags/example_setup_teardown.py
[2023-12-03T09:57:07.027+0000] {logging_mixin.py:154} INFO - [2023-12-03T09:57:07.027+0000] {dag.py:2941} INFO - Sync 1 DAGs
[2023-12-03T09:57:07.047+0000] {logging_mixin.py:154} INFO - [2023-12-03T09:57:07.047+0000] {dag.py:3722} INFO - Setting next_dagrun for example_setup_teardown to 2023-12-02T09:57:07.046807+00:00, run_after=2023-12-03T09:57:07.046807+00:00
[2023-12-03T09:57:07.062+0000] {processor.py:179} INFO - Processing /home/airflow/.local/lib/python3.8/site-packages/airflow/example_dags/example_setup_teardown.py took 0.074 seconds
[2023-12-03T09:57:37.220+0000] {processor.py:157} INFO - Started process (PID=1674) to work on /home/airflow/.local/lib/python3.8/site-packages/airflow/example_dags/example_setup_teardown.py
[2023-12-03T09:57:37.222+0000] {processor.py:829} INFO - Processing file /home/airflow/.local/lib/python3.8/site-packages/airflow/example_dags/example_setup_teardown.py for tasks to queue
[2023-12-03T09:57:37.226+0000] {logging_mixin.py:154} INFO - [2023-12-03T09:57:37.225+0000] {dagbag.py:536} INFO - Filling up the DagBag from /home/airflow/.local/lib/python3.8/site-packages/airflow/example_dags/example_setup_teardown.py
[2023-12-03T09:57:37.236+0000] {processor.py:839} INFO - DAG(s) dict_keys(['example_setup_teardown']) retrieved from /home/airflow/.local/lib/python3.8/site-packages/airflow/example_dags/example_setup_teardown.py
[2023-12-03T09:57:37.263+0000] {logging_mixin.py:154} INFO - [2023-12-03T09:57:37.263+0000] {dag.py:2941} INFO - Sync 1 DAGs
[2023-12-03T09:57:37.289+0000] {logging_mixin.py:154} INFO - [2023-12-03T09:57:37.289+0000] {dag.py:3722} INFO - Setting next_dagrun for example_setup_teardown to 2023-12-02T09:57:37.288968+00:00, run_after=2023-12-03T09:57:37.288968+00:00
[2023-12-03T09:57:37.307+0000] {processor.py:179} INFO - Processing /home/airflow/.local/lib/python3.8/site-packages/airflow/example_dags/example_setup_teardown.py took 0.093 seconds
[2023-12-03T09:58:07.488+0000] {processor.py:157} INFO - Started process (PID=1732) to work on /home/airflow/.local/lib/python3.8/site-packages/airflow/example_dags/example_setup_teardown.py
[2023-12-03T09:58:07.490+0000] {processor.py:829} INFO - Processing file /home/airflow/.local/lib/python3.8/site-packages/airflow/example_dags/example_setup_teardown.py for tasks to queue
[2023-12-03T09:58:07.494+0000] {logging_mixin.py:154} INFO - [2023-12-03T09:58:07.493+0000] {dagbag.py:536} INFO - Filling up the DagBag from /home/airflow/.local/lib/python3.8/site-packages/airflow/example_dags/example_setup_teardown.py
[2023-12-03T09:58:07.503+0000] {processor.py:839} INFO - DAG(s) dict_keys(['example_setup_teardown']) retrieved from /home/airflow/.local/lib/python3.8/site-packages/airflow/example_dags/example_setup_teardown.py
[2023-12-03T09:58:07.529+0000] {logging_mixin.py:154} INFO - [2023-12-03T09:58:07.529+0000] {dag.py:2941} INFO - Sync 1 DAGs
[2023-12-03T09:58:07.551+0000] {logging_mixin.py:154} INFO - [2023-12-03T09:58:07.550+0000] {dag.py:3722} INFO - Setting next_dagrun for example_setup_teardown to 2023-12-02T09:58:07.550508+00:00, run_after=2023-12-03T09:58:07.550508+00:00
[2023-12-03T09:58:07.569+0000] {processor.py:179} INFO - Processing /home/airflow/.local/lib/python3.8/site-packages/airflow/example_dags/example_setup_teardown.py took 0.086 seconds
[2023-12-03T09:58:37.977+0000] {processor.py:157} INFO - Started process (PID=1789) to work on /home/airflow/.local/lib/python3.8/site-packages/airflow/example_dags/example_setup_teardown.py
[2023-12-03T09:58:37.978+0000] {processor.py:829} INFO - Processing file /home/airflow/.local/lib/python3.8/site-packages/airflow/example_dags/example_setup_teardown.py for tasks to queue
[2023-12-03T09:58:37.982+0000] {logging_mixin.py:154} INFO - [2023-12-03T09:58:37.981+0000] {dagbag.py:536} INFO - Filling up the DagBag from /home/airflow/.local/lib/python3.8/site-packages/airflow/example_dags/example_setup_teardown.py
[2023-12-03T09:58:37.990+0000] {processor.py:839} INFO - DAG(s) dict_keys(['example_setup_teardown']) retrieved from /home/airflow/.local/lib/python3.8/site-packages/airflow/example_dags/example_setup_teardown.py
[2023-12-03T09:58:38.014+0000] {logging_mixin.py:154} INFO - [2023-12-03T09:58:38.013+0000] {dag.py:2941} INFO - Sync 1 DAGs
[2023-12-03T09:58:38.035+0000] {logging_mixin.py:154} INFO - [2023-12-03T09:58:38.035+0000] {dag.py:3722} INFO - Setting next_dagrun for example_setup_teardown to 2023-12-02T09:58:38.035170+00:00, run_after=2023-12-03T09:58:38.035170+00:00
[2023-12-03T09:58:38.051+0000] {processor.py:179} INFO - Processing /home/airflow/.local/lib/python3.8/site-packages/airflow/example_dags/example_setup_teardown.py took 0.080 seconds
[2023-12-03T09:59:08.644+0000] {processor.py:157} INFO - Started process (PID=1847) to work on /home/airflow/.local/lib/python3.8/site-packages/airflow/example_dags/example_setup_teardown.py
[2023-12-03T09:59:08.646+0000] {processor.py:829} INFO - Processing file /home/airflow/.local/lib/python3.8/site-packages/airflow/example_dags/example_setup_teardown.py for tasks to queue
[2023-12-03T09:59:08.649+0000] {logging_mixin.py:154} INFO - [2023-12-03T09:59:08.648+0000] {dagbag.py:536} INFO - Filling up the DagBag from /home/airflow/.local/lib/python3.8/site-packages/airflow/example_dags/example_setup_teardown.py
[2023-12-03T09:59:08.656+0000] {processor.py:839} INFO - DAG(s) dict_keys(['example_setup_teardown']) retrieved from /home/airflow/.local/lib/python3.8/site-packages/airflow/example_dags/example_setup_teardown.py
[2023-12-03T09:59:08.675+0000] {logging_mixin.py:154} INFO - [2023-12-03T09:59:08.675+0000] {dag.py:2941} INFO - Sync 1 DAGs
[2023-12-03T09:59:08.693+0000] {logging_mixin.py:154} INFO - [2023-12-03T09:59:08.693+0000] {dag.py:3722} INFO - Setting next_dagrun for example_setup_teardown to 2023-12-02T09:59:08.693432+00:00, run_after=2023-12-03T09:59:08.693432+00:00
[2023-12-03T09:59:08.708+0000] {processor.py:179} INFO - Processing /home/airflow/.local/lib/python3.8/site-packages/airflow/example_dags/example_setup_teardown.py took 0.069 seconds
[2023-12-03T09:59:39.555+0000] {processor.py:157} INFO - Started process (PID=1906) to work on /home/airflow/.local/lib/python3.8/site-packages/airflow/example_dags/example_setup_teardown.py
[2023-12-03T09:59:39.556+0000] {processor.py:829} INFO - Processing file /home/airflow/.local/lib/python3.8/site-packages/airflow/example_dags/example_setup_teardown.py for tasks to queue
[2023-12-03T09:59:39.559+0000] {logging_mixin.py:154} INFO - [2023-12-03T09:59:39.559+0000] {dagbag.py:536} INFO - Filling up the DagBag from /home/airflow/.local/lib/python3.8/site-packages/airflow/example_dags/example_setup_teardown.py
[2023-12-03T09:59:39.566+0000] {processor.py:839} INFO - DAG(s) dict_keys(['example_setup_teardown']) retrieved from /home/airflow/.local/lib/python3.8/site-packages/airflow/example_dags/example_setup_teardown.py
[2023-12-03T09:59:39.586+0000] {logging_mixin.py:154} INFO - [2023-12-03T09:59:39.586+0000] {dag.py:2941} INFO - Sync 1 DAGs
[2023-12-03T09:59:39.607+0000] {logging_mixin.py:154} INFO - [2023-12-03T09:59:39.607+0000] {dag.py:3722} INFO - Setting next_dagrun for example_setup_teardown to 2023-12-02T09:59:39.607480+00:00, run_after=2023-12-03T09:59:39.607480+00:00
[2023-12-03T09:59:39.624+0000] {processor.py:179} INFO - Processing /home/airflow/.local/lib/python3.8/site-packages/airflow/example_dags/example_setup_teardown.py took 0.074 seconds
[2023-12-03T10:00:09.690+0000] {processor.py:157} INFO - Started process (PID=1966) to work on /home/airflow/.local/lib/python3.8/site-packages/airflow/example_dags/example_setup_teardown.py
[2023-12-03T10:00:09.691+0000] {processor.py:829} INFO - Processing file /home/airflow/.local/lib/python3.8/site-packages/airflow/example_dags/example_setup_teardown.py for tasks to queue
[2023-12-03T10:00:09.696+0000] {logging_mixin.py:154} INFO - [2023-12-03T10:00:09.695+0000] {dagbag.py:536} INFO - Filling up the DagBag from /home/airflow/.local/lib/python3.8/site-packages/airflow/example_dags/example_setup_teardown.py
[2023-12-03T10:00:09.704+0000] {processor.py:839} INFO - DAG(s) dict_keys(['example_setup_teardown']) retrieved from /home/airflow/.local/lib/python3.8/site-packages/airflow/example_dags/example_setup_teardown.py
[2023-12-03T10:00:09.729+0000] {logging_mixin.py:154} INFO - [2023-12-03T10:00:09.729+0000] {dag.py:2941} INFO - Sync 1 DAGs
[2023-12-03T10:00:09.757+0000] {logging_mixin.py:154} INFO - [2023-12-03T10:00:09.757+0000] {dag.py:3722} INFO - Setting next_dagrun for example_setup_teardown to 2023-12-02T10:00:09.756959+00:00, run_after=2023-12-03T10:00:09.756959+00:00
[2023-12-03T10:00:09.780+0000] {processor.py:179} INFO - Processing /home/airflow/.local/lib/python3.8/site-packages/airflow/example_dags/example_setup_teardown.py took 0.095 seconds
[2023-12-03T10:00:40.001+0000] {processor.py:157} INFO - Started process (PID=2024) to work on /home/airflow/.local/lib/python3.8/site-packages/airflow/example_dags/example_setup_teardown.py
[2023-12-03T10:00:40.003+0000] {processor.py:829} INFO - Processing file /home/airflow/.local/lib/python3.8/site-packages/airflow/example_dags/example_setup_teardown.py for tasks to queue
[2023-12-03T10:00:40.005+0000] {logging_mixin.py:154} INFO - [2023-12-03T10:00:40.005+0000] {dagbag.py:536} INFO - Filling up the DagBag from /home/airflow/.local/lib/python3.8/site-packages/airflow/example_dags/example_setup_teardown.py
[2023-12-03T10:00:40.013+0000] {processor.py:839} INFO - DAG(s) dict_keys(['example_setup_teardown']) retrieved from /home/airflow/.local/lib/python3.8/site-packages/airflow/example_dags/example_setup_teardown.py
[2023-12-03T10:00:40.037+0000] {logging_mixin.py:154} INFO - [2023-12-03T10:00:40.037+0000] {dag.py:2941} INFO - Sync 1 DAGs
[2023-12-03T10:00:40.058+0000] {logging_mixin.py:154} INFO - [2023-12-03T10:00:40.058+0000] {dag.py:3722} INFO - Setting next_dagrun for example_setup_teardown to 2023-12-02T10:00:40.058444+00:00, run_after=2023-12-03T10:00:40.058444+00:00
[2023-12-03T10:00:40.073+0000] {processor.py:179} INFO - Processing /home/airflow/.local/lib/python3.8/site-packages/airflow/example_dags/example_setup_teardown.py took 0.076 seconds
[2023-12-03T10:01:10.305+0000] {processor.py:157} INFO - Started process (PID=2082) to work on /home/airflow/.local/lib/python3.8/site-packages/airflow/example_dags/example_setup_teardown.py
[2023-12-03T10:01:10.306+0000] {processor.py:829} INFO - Processing file /home/airflow/.local/lib/python3.8/site-packages/airflow/example_dags/example_setup_teardown.py for tasks to queue
[2023-12-03T10:01:10.309+0000] {logging_mixin.py:154} INFO - [2023-12-03T10:01:10.309+0000] {dagbag.py:536} INFO - Filling up the DagBag from /home/airflow/.local/lib/python3.8/site-packages/airflow/example_dags/example_setup_teardown.py
[2023-12-03T10:01:10.315+0000] {processor.py:839} INFO - DAG(s) dict_keys(['example_setup_teardown']) retrieved from /home/airflow/.local/lib/python3.8/site-packages/airflow/example_dags/example_setup_teardown.py
[2023-12-03T10:01:10.336+0000] {logging_mixin.py:154} INFO - [2023-12-03T10:01:10.336+0000] {dag.py:2941} INFO - Sync 1 DAGs
[2023-12-03T10:01:10.356+0000] {logging_mixin.py:154} INFO - [2023-12-03T10:01:10.356+0000] {dag.py:3722} INFO - Setting next_dagrun for example_setup_teardown to 2023-12-02T10:01:10.355872+00:00, run_after=2023-12-03T10:01:10.355872+00:00
[2023-12-03T10:01:10.372+0000] {processor.py:179} INFO - Processing /home/airflow/.local/lib/python3.8/site-packages/airflow/example_dags/example_setup_teardown.py took 0.070 seconds
[2023-12-03T10:01:40.501+0000] {processor.py:157} INFO - Started process (PID=2141) to work on /home/airflow/.local/lib/python3.8/site-packages/airflow/example_dags/example_setup_teardown.py
[2023-12-03T10:01:40.502+0000] {processor.py:829} INFO - Processing file /home/airflow/.local/lib/python3.8/site-packages/airflow/example_dags/example_setup_teardown.py for tasks to queue
[2023-12-03T10:01:40.506+0000] {logging_mixin.py:154} INFO - [2023-12-03T10:01:40.506+0000] {dagbag.py:536} INFO - Filling up the DagBag from /home/airflow/.local/lib/python3.8/site-packages/airflow/example_dags/example_setup_teardown.py
[2023-12-03T10:01:40.515+0000] {processor.py:839} INFO - DAG(s) dict_keys(['example_setup_teardown']) retrieved from /home/airflow/.local/lib/python3.8/site-packages/airflow/example_dags/example_setup_teardown.py
[2023-12-03T10:01:40.541+0000] {logging_mixin.py:154} INFO - [2023-12-03T10:01:40.541+0000] {dag.py:2941} INFO - Sync 1 DAGs
[2023-12-03T10:01:40.570+0000] {logging_mixin.py:154} INFO - [2023-12-03T10:01:40.569+0000] {dag.py:3722} INFO - Setting next_dagrun for example_setup_teardown to 2023-12-02T10:01:40.569752+00:00, run_after=2023-12-03T10:01:40.569752+00:00
[2023-12-03T10:01:40.591+0000] {processor.py:179} INFO - Processing /home/airflow/.local/lib/python3.8/site-packages/airflow/example_dags/example_setup_teardown.py took 0.096 seconds
[2023-12-03T10:02:10.625+0000] {processor.py:157} INFO - Started process (PID=2201) to work on /home/airflow/.local/lib/python3.8/site-packages/airflow/example_dags/example_setup_teardown.py
[2023-12-03T10:02:10.626+0000] {processor.py:829} INFO - Processing file /home/airflow/.local/lib/python3.8/site-packages/airflow/example_dags/example_setup_teardown.py for tasks to queue
[2023-12-03T10:02:10.629+0000] {logging_mixin.py:154} INFO - [2023-12-03T10:02:10.628+0000] {dagbag.py:536} INFO - Filling up the DagBag from /home/airflow/.local/lib/python3.8/site-packages/airflow/example_dags/example_setup_teardown.py
[2023-12-03T10:02:10.636+0000] {processor.py:839} INFO - DAG(s) dict_keys(['example_setup_teardown']) retrieved from /home/airflow/.local/lib/python3.8/site-packages/airflow/example_dags/example_setup_teardown.py
[2023-12-03T10:02:10.657+0000] {logging_mixin.py:154} INFO - [2023-12-03T10:02:10.657+0000] {dag.py:2941} INFO - Sync 1 DAGs
[2023-12-03T10:02:10.677+0000] {logging_mixin.py:154} INFO - [2023-12-03T10:02:10.677+0000] {dag.py:3722} INFO - Setting next_dagrun for example_setup_teardown to 2023-12-02T10:02:10.676823+00:00, run_after=2023-12-03T10:02:10.676823+00:00
[2023-12-03T10:02:10.692+0000] {processor.py:179} INFO - Processing /home/airflow/.local/lib/python3.8/site-packages/airflow/example_dags/example_setup_teardown.py took 0.072 seconds
[2023-12-03T10:02:40.976+0000] {processor.py:157} INFO - Started process (PID=2258) to work on /home/airflow/.local/lib/python3.8/site-packages/airflow/example_dags/example_setup_teardown.py
[2023-12-03T10:02:40.977+0000] {processor.py:829} INFO - Processing file /home/airflow/.local/lib/python3.8/site-packages/airflow/example_dags/example_setup_teardown.py for tasks to queue
[2023-12-03T10:02:40.981+0000] {logging_mixin.py:154} INFO - [2023-12-03T10:02:40.980+0000] {dagbag.py:536} INFO - Filling up the DagBag from /home/airflow/.local/lib/python3.8/site-packages/airflow/example_dags/example_setup_teardown.py
[2023-12-03T10:02:40.991+0000] {processor.py:839} INFO - DAG(s) dict_keys(['example_setup_teardown']) retrieved from /home/airflow/.local/lib/python3.8/site-packages/airflow/example_dags/example_setup_teardown.py
[2023-12-03T10:02:41.013+0000] {logging_mixin.py:154} INFO - [2023-12-03T10:02:41.013+0000] {dag.py:2941} INFO - Sync 1 DAGs
[2023-12-03T10:02:41.036+0000] {logging_mixin.py:154} INFO - [2023-12-03T10:02:41.036+0000] {dag.py:3722} INFO - Setting next_dagrun for example_setup_teardown to 2023-12-02T10:02:41.036311+00:00, run_after=2023-12-03T10:02:41.036311+00:00
[2023-12-03T10:02:41.053+0000] {processor.py:179} INFO - Processing /home/airflow/.local/lib/python3.8/site-packages/airflow/example_dags/example_setup_teardown.py took 0.083 seconds
[2023-12-03T10:03:11.266+0000] {processor.py:157} INFO - Started process (PID=2316) to work on /home/airflow/.local/lib/python3.8/site-packages/airflow/example_dags/example_setup_teardown.py
[2023-12-03T10:03:11.268+0000] {processor.py:829} INFO - Processing file /home/airflow/.local/lib/python3.8/site-packages/airflow/example_dags/example_setup_teardown.py for tasks to queue
[2023-12-03T10:03:11.270+0000] {logging_mixin.py:154} INFO - [2023-12-03T10:03:11.270+0000] {dagbag.py:536} INFO - Filling up the DagBag from /home/airflow/.local/lib/python3.8/site-packages/airflow/example_dags/example_setup_teardown.py
[2023-12-03T10:03:11.276+0000] {processor.py:839} INFO - DAG(s) dict_keys(['example_setup_teardown']) retrieved from /home/airflow/.local/lib/python3.8/site-packages/airflow/example_dags/example_setup_teardown.py
[2023-12-03T10:03:11.296+0000] {logging_mixin.py:154} INFO - [2023-12-03T10:03:11.296+0000] {dag.py:2941} INFO - Sync 1 DAGs
[2023-12-03T10:03:11.317+0000] {logging_mixin.py:154} INFO - [2023-12-03T10:03:11.316+0000] {dag.py:3722} INFO - Setting next_dagrun for example_setup_teardown to 2023-12-02T10:03:11.316741+00:00, run_after=2023-12-03T10:03:11.316741+00:00
[2023-12-03T10:03:11.331+0000] {processor.py:179} INFO - Processing /home/airflow/.local/lib/python3.8/site-packages/airflow/example_dags/example_setup_teardown.py took 0.068 seconds
[2023-12-03T10:03:41.621+0000] {processor.py:157} INFO - Started process (PID=2374) to work on /home/airflow/.local/lib/python3.8/site-packages/airflow/example_dags/example_setup_teardown.py
[2023-12-03T10:03:41.623+0000] {processor.py:829} INFO - Processing file /home/airflow/.local/lib/python3.8/site-packages/airflow/example_dags/example_setup_teardown.py for tasks to queue
[2023-12-03T10:03:41.625+0000] {logging_mixin.py:154} INFO - [2023-12-03T10:03:41.625+0000] {dagbag.py:536} INFO - Filling up the DagBag from /home/airflow/.local/lib/python3.8/site-packages/airflow/example_dags/example_setup_teardown.py
[2023-12-03T10:03:41.632+0000] {processor.py:839} INFO - DAG(s) dict_keys(['example_setup_teardown']) retrieved from /home/airflow/.local/lib/python3.8/site-packages/airflow/example_dags/example_setup_teardown.py
[2023-12-03T10:03:41.658+0000] {logging_mixin.py:154} INFO - [2023-12-03T10:03:41.658+0000] {dag.py:2941} INFO - Sync 1 DAGs
[2023-12-03T10:03:41.685+0000] {logging_mixin.py:154} INFO - [2023-12-03T10:03:41.684+0000] {dag.py:3722} INFO - Setting next_dagrun for example_setup_teardown to 2023-12-02T10:03:41.684624+00:00, run_after=2023-12-03T10:03:41.684624+00:00
[2023-12-03T10:03:41.700+0000] {processor.py:179} INFO - Processing /home/airflow/.local/lib/python3.8/site-packages/airflow/example_dags/example_setup_teardown.py took 0.084 seconds
[2023-12-03T10:04:12.382+0000] {processor.py:157} INFO - Started process (PID=2432) to work on /home/airflow/.local/lib/python3.8/site-packages/airflow/example_dags/example_setup_teardown.py
[2023-12-03T10:04:12.384+0000] {processor.py:829} INFO - Processing file /home/airflow/.local/lib/python3.8/site-packages/airflow/example_dags/example_setup_teardown.py for tasks to queue
[2023-12-03T10:04:12.386+0000] {logging_mixin.py:154} INFO - [2023-12-03T10:04:12.386+0000] {dagbag.py:536} INFO - Filling up the DagBag from /home/airflow/.local/lib/python3.8/site-packages/airflow/example_dags/example_setup_teardown.py
[2023-12-03T10:04:12.392+0000] {processor.py:839} INFO - DAG(s) dict_keys(['example_setup_teardown']) retrieved from /home/airflow/.local/lib/python3.8/site-packages/airflow/example_dags/example_setup_teardown.py
[2023-12-03T10:04:12.413+0000] {logging_mixin.py:154} INFO - [2023-12-03T10:04:12.413+0000] {dag.py:2941} INFO - Sync 1 DAGs
[2023-12-03T10:04:12.432+0000] {logging_mixin.py:154} INFO - [2023-12-03T10:04:12.432+0000] {dag.py:3722} INFO - Setting next_dagrun for example_setup_teardown to 2023-12-02T10:04:12.432333+00:00, run_after=2023-12-03T10:04:12.432333+00:00
[2023-12-03T10:04:12.449+0000] {processor.py:179} INFO - Processing /home/airflow/.local/lib/python3.8/site-packages/airflow/example_dags/example_setup_teardown.py took 0.071 seconds
[2023-12-03T10:04:42.965+0000] {processor.py:157} INFO - Started process (PID=2490) to work on /home/airflow/.local/lib/python3.8/site-packages/airflow/example_dags/example_setup_teardown.py
[2023-12-03T10:04:42.966+0000] {processor.py:829} INFO - Processing file /home/airflow/.local/lib/python3.8/site-packages/airflow/example_dags/example_setup_teardown.py for tasks to queue
[2023-12-03T10:04:42.969+0000] {logging_mixin.py:154} INFO - [2023-12-03T10:04:42.969+0000] {dagbag.py:536} INFO - Filling up the DagBag from /home/airflow/.local/lib/python3.8/site-packages/airflow/example_dags/example_setup_teardown.py
[2023-12-03T10:04:42.977+0000] {processor.py:839} INFO - DAG(s) dict_keys(['example_setup_teardown']) retrieved from /home/airflow/.local/lib/python3.8/site-packages/airflow/example_dags/example_setup_teardown.py
[2023-12-03T10:04:42.999+0000] {logging_mixin.py:154} INFO - [2023-12-03T10:04:42.999+0000] {dag.py:2941} INFO - Sync 1 DAGs
[2023-12-03T10:04:43.019+0000] {logging_mixin.py:154} INFO - [2023-12-03T10:04:43.019+0000] {dag.py:3722} INFO - Setting next_dagrun for example_setup_teardown to 2023-12-02T10:04:43.019252+00:00, run_after=2023-12-03T10:04:43.019252+00:00
[2023-12-03T10:04:43.036+0000] {processor.py:179} INFO - Processing /home/airflow/.local/lib/python3.8/site-packages/airflow/example_dags/example_setup_teardown.py took 0.077 seconds
[2023-12-03T10:05:13.083+0000] {processor.py:157} INFO - Started process (PID=2548) to work on /home/airflow/.local/lib/python3.8/site-packages/airflow/example_dags/example_setup_teardown.py
[2023-12-03T10:05:13.084+0000] {processor.py:829} INFO - Processing file /home/airflow/.local/lib/python3.8/site-packages/airflow/example_dags/example_setup_teardown.py for tasks to queue
[2023-12-03T10:05:13.087+0000] {logging_mixin.py:154} INFO - [2023-12-03T10:05:13.087+0000] {dagbag.py:536} INFO - Filling up the DagBag from /home/airflow/.local/lib/python3.8/site-packages/airflow/example_dags/example_setup_teardown.py
[2023-12-03T10:05:13.093+0000] {processor.py:839} INFO - DAG(s) dict_keys(['example_setup_teardown']) retrieved from /home/airflow/.local/lib/python3.8/site-packages/airflow/example_dags/example_setup_teardown.py
[2023-12-03T10:05:13.113+0000] {logging_mixin.py:154} INFO - [2023-12-03T10:05:13.113+0000] {dag.py:2941} INFO - Sync 1 DAGs
[2023-12-03T10:05:13.132+0000] {logging_mixin.py:154} INFO - [2023-12-03T10:05:13.132+0000] {dag.py:3722} INFO - Setting next_dagrun for example_setup_teardown to 2023-12-02T10:05:13.132331+00:00, run_after=2023-12-03T10:05:13.132331+00:00
[2023-12-03T10:05:13.150+0000] {processor.py:179} INFO - Processing /home/airflow/.local/lib/python3.8/site-packages/airflow/example_dags/example_setup_teardown.py took 0.070 seconds
[2023-12-03T10:05:43.299+0000] {processor.py:157} INFO - Started process (PID=2605) to work on /home/airflow/.local/lib/python3.8/site-packages/airflow/example_dags/example_setup_teardown.py
[2023-12-03T10:05:43.300+0000] {processor.py:829} INFO - Processing file /home/airflow/.local/lib/python3.8/site-packages/airflow/example_dags/example_setup_teardown.py for tasks to queue
[2023-12-03T10:05:43.303+0000] {logging_mixin.py:154} INFO - [2023-12-03T10:05:43.303+0000] {dagbag.py:536} INFO - Filling up the DagBag from /home/airflow/.local/lib/python3.8/site-packages/airflow/example_dags/example_setup_teardown.py
[2023-12-03T10:05:43.311+0000] {processor.py:839} INFO - DAG(s) dict_keys(['example_setup_teardown']) retrieved from /home/airflow/.local/lib/python3.8/site-packages/airflow/example_dags/example_setup_teardown.py
[2023-12-03T10:05:43.334+0000] {logging_mixin.py:154} INFO - [2023-12-03T10:05:43.334+0000] {dag.py:2941} INFO - Sync 1 DAGs
[2023-12-03T10:05:43.356+0000] {logging_mixin.py:154} INFO - [2023-12-03T10:05:43.356+0000] {dag.py:3722} INFO - Setting next_dagrun for example_setup_teardown to 2023-12-02T10:05:43.355795+00:00, run_after=2023-12-03T10:05:43.355795+00:00
[2023-12-03T10:05:43.372+0000] {processor.py:179} INFO - Processing /home/airflow/.local/lib/python3.8/site-packages/airflow/example_dags/example_setup_teardown.py took 0.079 seconds
[2023-12-03T10:06:13.566+0000] {processor.py:157} INFO - Started process (PID=2663) to work on /home/airflow/.local/lib/python3.8/site-packages/airflow/example_dags/example_setup_teardown.py
[2023-12-03T10:06:13.567+0000] {processor.py:829} INFO - Processing file /home/airflow/.local/lib/python3.8/site-packages/airflow/example_dags/example_setup_teardown.py for tasks to queue
[2023-12-03T10:06:13.571+0000] {logging_mixin.py:154} INFO - [2023-12-03T10:06:13.571+0000] {dagbag.py:536} INFO - Filling up the DagBag from /home/airflow/.local/lib/python3.8/site-packages/airflow/example_dags/example_setup_teardown.py
[2023-12-03T10:06:13.578+0000] {processor.py:839} INFO - DAG(s) dict_keys(['example_setup_teardown']) retrieved from /home/airflow/.local/lib/python3.8/site-packages/airflow/example_dags/example_setup_teardown.py
[2023-12-03T10:06:13.600+0000] {logging_mixin.py:154} INFO - [2023-12-03T10:06:13.599+0000] {dag.py:2941} INFO - Sync 1 DAGs
[2023-12-03T10:06:13.619+0000] {logging_mixin.py:154} INFO - [2023-12-03T10:06:13.619+0000] {dag.py:3722} INFO - Setting next_dagrun for example_setup_teardown to 2023-12-02T10:06:13.619240+00:00, run_after=2023-12-03T10:06:13.619240+00:00
[2023-12-03T10:06:13.636+0000] {processor.py:179} INFO - Processing /home/airflow/.local/lib/python3.8/site-packages/airflow/example_dags/example_setup_teardown.py took 0.075 seconds
[2023-12-03T10:06:43.938+0000] {processor.py:157} INFO - Started process (PID=2721) to work on /home/airflow/.local/lib/python3.8/site-packages/airflow/example_dags/example_setup_teardown.py
[2023-12-03T10:06:43.939+0000] {processor.py:829} INFO - Processing file /home/airflow/.local/lib/python3.8/site-packages/airflow/example_dags/example_setup_teardown.py for tasks to queue
[2023-12-03T10:06:43.941+0000] {logging_mixin.py:154} INFO - [2023-12-03T10:06:43.941+0000] {dagbag.py:536} INFO - Filling up the DagBag from /home/airflow/.local/lib/python3.8/site-packages/airflow/example_dags/example_setup_teardown.py
[2023-12-03T10:06:43.947+0000] {processor.py:839} INFO - DAG(s) dict_keys(['example_setup_teardown']) retrieved from /home/airflow/.local/lib/python3.8/site-packages/airflow/example_dags/example_setup_teardown.py
[2023-12-03T10:06:43.991+0000] {logging_mixin.py:154} INFO - [2023-12-03T10:06:43.991+0000] {dag.py:2941} INFO - Sync 1 DAGs
[2023-12-03T10:06:44.011+0000] {logging_mixin.py:154} INFO - [2023-12-03T10:06:44.011+0000] {dag.py:3722} INFO - Setting next_dagrun for example_setup_teardown to 2023-12-02T10:06:44.010821+00:00, run_after=2023-12-03T10:06:44.010821+00:00
[2023-12-03T10:06:44.028+0000] {processor.py:179} INFO - Processing /home/airflow/.local/lib/python3.8/site-packages/airflow/example_dags/example_setup_teardown.py took 0.095 seconds
[2023-12-03T10:07:14.109+0000] {processor.py:157} INFO - Started process (PID=2779) to work on /home/airflow/.local/lib/python3.8/site-packages/airflow/example_dags/example_setup_teardown.py
[2023-12-03T10:07:14.110+0000] {processor.py:829} INFO - Processing file /home/airflow/.local/lib/python3.8/site-packages/airflow/example_dags/example_setup_teardown.py for tasks to queue
[2023-12-03T10:07:14.114+0000] {logging_mixin.py:154} INFO - [2023-12-03T10:07:14.114+0000] {dagbag.py:536} INFO - Filling up the DagBag from /home/airflow/.local/lib/python3.8/site-packages/airflow/example_dags/example_setup_teardown.py
[2023-12-03T10:07:14.123+0000] {processor.py:839} INFO - DAG(s) dict_keys(['example_setup_teardown']) retrieved from /home/airflow/.local/lib/python3.8/site-packages/airflow/example_dags/example_setup_teardown.py
[2023-12-03T10:07:14.146+0000] {logging_mixin.py:154} INFO - [2023-12-03T10:07:14.145+0000] {dag.py:2941} INFO - Sync 1 DAGs
[2023-12-03T10:07:14.166+0000] {logging_mixin.py:154} INFO - [2023-12-03T10:07:14.165+0000] {dag.py:3722} INFO - Setting next_dagrun for example_setup_teardown to 2023-12-02T10:07:14.165731+00:00, run_after=2023-12-03T10:07:14.165731+00:00
[2023-12-03T10:07:14.181+0000] {processor.py:179} INFO - Processing /home/airflow/.local/lib/python3.8/site-packages/airflow/example_dags/example_setup_teardown.py took 0.077 seconds
[2023-12-03T10:07:44.525+0000] {processor.py:157} INFO - Started process (PID=2837) to work on /home/airflow/.local/lib/python3.8/site-packages/airflow/example_dags/example_setup_teardown.py
[2023-12-03T10:07:44.527+0000] {processor.py:829} INFO - Processing file /home/airflow/.local/lib/python3.8/site-packages/airflow/example_dags/example_setup_teardown.py for tasks to queue
[2023-12-03T10:07:44.530+0000] {logging_mixin.py:154} INFO - [2023-12-03T10:07:44.529+0000] {dagbag.py:536} INFO - Filling up the DagBag from /home/airflow/.local/lib/python3.8/site-packages/airflow/example_dags/example_setup_teardown.py
[2023-12-03T10:07:44.534+0000] {processor.py:839} INFO - DAG(s) dict_keys(['example_setup_teardown']) retrieved from /home/airflow/.local/lib/python3.8/site-packages/airflow/example_dags/example_setup_teardown.py
[2023-12-03T10:07:44.554+0000] {logging_mixin.py:154} INFO - [2023-12-03T10:07:44.554+0000] {dag.py:2941} INFO - Sync 1 DAGs
[2023-12-03T10:07:44.569+0000] {logging_mixin.py:154} INFO - [2023-12-03T10:07:44.569+0000] {dag.py:3722} INFO - Setting next_dagrun for example_setup_teardown to 2023-12-02T10:07:44.569451+00:00, run_after=2023-12-03T10:07:44.569451+00:00
[2023-12-03T10:07:44.580+0000] {processor.py:179} INFO - Processing /home/airflow/.local/lib/python3.8/site-packages/airflow/example_dags/example_setup_teardown.py took 0.060 seconds
[2023-12-03T11:28:19.228+0000] {processor.py:157} INFO - Started process (PID=2893) to work on /home/airflow/.local/lib/python3.8/site-packages/airflow/example_dags/example_setup_teardown.py
[2023-12-03T11:28:19.231+0000] {processor.py:829} INFO - Processing file /home/airflow/.local/lib/python3.8/site-packages/airflow/example_dags/example_setup_teardown.py for tasks to queue
[2023-12-03T11:28:19.235+0000] {logging_mixin.py:154} INFO - [2023-12-03T11:28:19.235+0000] {dagbag.py:536} INFO - Filling up the DagBag from /home/airflow/.local/lib/python3.8/site-packages/airflow/example_dags/example_setup_teardown.py
[2023-12-03T11:28:19.245+0000] {processor.py:839} INFO - DAG(s) dict_keys(['example_setup_teardown']) retrieved from /home/airflow/.local/lib/python3.8/site-packages/airflow/example_dags/example_setup_teardown.py
[2023-12-03T11:28:19.276+0000] {logging_mixin.py:154} INFO - [2023-12-03T11:28:19.275+0000] {dag.py:2941} INFO - Sync 1 DAGs
[2023-12-03T11:28:19.306+0000] {logging_mixin.py:154} INFO - [2023-12-03T11:28:19.305+0000] {dag.py:3722} INFO - Setting next_dagrun for example_setup_teardown to 2023-12-02T11:28:19.305773+00:00, run_after=2023-12-03T11:28:19.305773+00:00
[2023-12-03T11:28:19.328+0000] {processor.py:179} INFO - Processing /home/airflow/.local/lib/python3.8/site-packages/airflow/example_dags/example_setup_teardown.py took 0.105 seconds
[2023-12-03T12:09:28.410+0000] {processor.py:157} INFO - Started process (PID=2950) to work on /home/airflow/.local/lib/python3.8/site-packages/airflow/example_dags/example_setup_teardown.py
[2023-12-03T12:09:28.411+0000] {processor.py:829} INFO - Processing file /home/airflow/.local/lib/python3.8/site-packages/airflow/example_dags/example_setup_teardown.py for tasks to queue
[2023-12-03T12:09:28.416+0000] {logging_mixin.py:154} INFO - [2023-12-03T12:09:28.415+0000] {dagbag.py:536} INFO - Filling up the DagBag from /home/airflow/.local/lib/python3.8/site-packages/airflow/example_dags/example_setup_teardown.py
[2023-12-03T12:09:28.427+0000] {processor.py:839} INFO - DAG(s) dict_keys(['example_setup_teardown']) retrieved from /home/airflow/.local/lib/python3.8/site-packages/airflow/example_dags/example_setup_teardown.py
[2023-12-03T12:09:28.469+0000] {logging_mixin.py:154} INFO - [2023-12-03T12:09:28.469+0000] {dag.py:2941} INFO - Sync 1 DAGs
[2023-12-03T12:09:28.495+0000] {logging_mixin.py:154} INFO - [2023-12-03T12:09:28.495+0000] {dag.py:3722} INFO - Setting next_dagrun for example_setup_teardown to 2023-12-02T12:09:28.494992+00:00, run_after=2023-12-03T12:09:28.494992+00:00
[2023-12-03T12:09:28.545+0000] {processor.py:179} INFO - Processing /home/airflow/.local/lib/python3.8/site-packages/airflow/example_dags/example_setup_teardown.py took 0.142 seconds
[2023-12-03T12:27:30.518+0000] {processor.py:157} INFO - Started process (PID=3008) to work on /home/airflow/.local/lib/python3.8/site-packages/airflow/example_dags/example_setup_teardown.py
[2023-12-03T12:27:30.519+0000] {processor.py:829} INFO - Processing file /home/airflow/.local/lib/python3.8/site-packages/airflow/example_dags/example_setup_teardown.py for tasks to queue
[2023-12-03T12:27:30.523+0000] {logging_mixin.py:154} INFO - [2023-12-03T12:27:30.523+0000] {dagbag.py:536} INFO - Filling up the DagBag from /home/airflow/.local/lib/python3.8/site-packages/airflow/example_dags/example_setup_teardown.py
[2023-12-03T12:27:30.533+0000] {processor.py:839} INFO - DAG(s) dict_keys(['example_setup_teardown']) retrieved from /home/airflow/.local/lib/python3.8/site-packages/airflow/example_dags/example_setup_teardown.py
[2023-12-03T12:27:30.564+0000] {logging_mixin.py:154} INFO - [2023-12-03T12:27:30.564+0000] {dag.py:2941} INFO - Sync 1 DAGs
[2023-12-03T12:27:30.593+0000] {logging_mixin.py:154} INFO - [2023-12-03T12:27:30.582+0000] {dag.py:3722} INFO - Setting next_dagrun for example_setup_teardown to 2023-12-02T12:27:30.582132+00:00, run_after=2023-12-03T12:27:30.582132+00:00
[2023-12-03T12:27:30.663+0000] {processor.py:179} INFO - Processing /home/airflow/.local/lib/python3.8/site-packages/airflow/example_dags/example_setup_teardown.py took 0.149 seconds
[2023-12-03T12:44:53.583+0000] {processor.py:157} INFO - Started process (PID=3059) to work on /home/airflow/.local/lib/python3.8/site-packages/airflow/example_dags/example_setup_teardown.py
[2023-12-03T12:44:53.583+0000] {processor.py:829} INFO - Processing file /home/airflow/.local/lib/python3.8/site-packages/airflow/example_dags/example_setup_teardown.py for tasks to queue
[2023-12-03T12:44:53.585+0000] {logging_mixin.py:154} INFO - [2023-12-03T12:44:53.585+0000] {dagbag.py:536} INFO - Filling up the DagBag from /home/airflow/.local/lib/python3.8/site-packages/airflow/example_dags/example_setup_teardown.py
[2023-12-03T12:44:53.590+0000] {processor.py:839} INFO - DAG(s) dict_keys(['example_setup_teardown']) retrieved from /home/airflow/.local/lib/python3.8/site-packages/airflow/example_dags/example_setup_teardown.py
[2023-12-03T12:44:53.606+0000] {logging_mixin.py:154} INFO - [2023-12-03T12:44:53.605+0000] {dag.py:2941} INFO - Sync 1 DAGs
[2023-12-03T12:44:53.619+0000] {logging_mixin.py:154} INFO - [2023-12-03T12:44:53.619+0000] {dag.py:3722} INFO - Setting next_dagrun for example_setup_teardown to 2023-12-02T12:44:53.619169+00:00, run_after=2023-12-03T12:44:53.619169+00:00
[2023-12-03T12:44:53.629+0000] {processor.py:179} INFO - Processing /home/airflow/.local/lib/python3.8/site-packages/airflow/example_dags/example_setup_teardown.py took 0.049 seconds
[2023-12-03T13:35:09.556+0000] {processor.py:157} INFO - Started process (PID=3117) to work on /home/airflow/.local/lib/python3.8/site-packages/airflow/example_dags/example_setup_teardown.py
[2023-12-03T13:35:09.561+0000] {processor.py:829} INFO - Processing file /home/airflow/.local/lib/python3.8/site-packages/airflow/example_dags/example_setup_teardown.py for tasks to queue
[2023-12-03T13:35:09.570+0000] {logging_mixin.py:154} INFO - [2023-12-03T13:35:09.570+0000] {dagbag.py:536} INFO - Filling up the DagBag from /home/airflow/.local/lib/python3.8/site-packages/airflow/example_dags/example_setup_teardown.py
[2023-12-03T13:35:09.593+0000] {processor.py:839} INFO - DAG(s) dict_keys(['example_setup_teardown']) retrieved from /home/airflow/.local/lib/python3.8/site-packages/airflow/example_dags/example_setup_teardown.py
[2023-12-03T13:35:09.718+0000] {logging_mixin.py:154} INFO - [2023-12-03T13:35:09.718+0000] {dag.py:2941} INFO - Sync 1 DAGs
[2023-12-03T13:35:09.832+0000] {logging_mixin.py:154} INFO - [2023-12-03T13:35:09.832+0000] {dag.py:3722} INFO - Setting next_dagrun for example_setup_teardown to 2023-12-02T13:35:09.832384+00:00, run_after=2023-12-03T13:35:09.832384+00:00
[2023-12-03T13:35:09.856+0000] {processor.py:179} INFO - Processing /home/airflow/.local/lib/python3.8/site-packages/airflow/example_dags/example_setup_teardown.py took 0.306 seconds
[2023-12-03T14:27:22.864+0000] {processor.py:157} INFO - Started process (PID=3175) to work on /home/airflow/.local/lib/python3.8/site-packages/airflow/example_dags/example_setup_teardown.py
[2023-12-03T14:27:22.865+0000] {processor.py:829} INFO - Processing file /home/airflow/.local/lib/python3.8/site-packages/airflow/example_dags/example_setup_teardown.py for tasks to queue
[2023-12-03T14:27:22.867+0000] {logging_mixin.py:154} INFO - [2023-12-03T14:27:22.866+0000] {dagbag.py:536} INFO - Filling up the DagBag from /home/airflow/.local/lib/python3.8/site-packages/airflow/example_dags/example_setup_teardown.py
[2023-12-03T14:27:22.872+0000] {processor.py:839} INFO - DAG(s) dict_keys(['example_setup_teardown']) retrieved from /home/airflow/.local/lib/python3.8/site-packages/airflow/example_dags/example_setup_teardown.py
[2023-12-03T14:27:22.888+0000] {logging_mixin.py:154} INFO - [2023-12-03T14:27:22.888+0000] {dag.py:2941} INFO - Sync 1 DAGs
[2023-12-03T14:27:22.902+0000] {logging_mixin.py:154} INFO - [2023-12-03T14:27:22.902+0000] {dag.py:3722} INFO - Setting next_dagrun for example_setup_teardown to 2023-12-02T14:27:22.901825+00:00, run_after=2023-12-03T14:27:22.901825+00:00
[2023-12-03T14:27:22.914+0000] {processor.py:179} INFO - Processing /home/airflow/.local/lib/python3.8/site-packages/airflow/example_dags/example_setup_teardown.py took 0.052 seconds
[2023-12-03T15:18:32.215+0000] {processor.py:157} INFO - Started process (PID=3233) to work on /home/airflow/.local/lib/python3.8/site-packages/airflow/example_dags/example_setup_teardown.py
[2023-12-03T15:18:32.220+0000] {processor.py:829} INFO - Processing file /home/airflow/.local/lib/python3.8/site-packages/airflow/example_dags/example_setup_teardown.py for tasks to queue
[2023-12-03T15:18:32.222+0000] {logging_mixin.py:154} INFO - [2023-12-03T15:18:32.222+0000] {dagbag.py:536} INFO - Filling up the DagBag from /home/airflow/.local/lib/python3.8/site-packages/airflow/example_dags/example_setup_teardown.py
[2023-12-03T15:18:32.242+0000] {processor.py:839} INFO - DAG(s) dict_keys(['example_setup_teardown']) retrieved from /home/airflow/.local/lib/python3.8/site-packages/airflow/example_dags/example_setup_teardown.py
[2023-12-03T15:18:32.272+0000] {logging_mixin.py:154} INFO - [2023-12-03T15:18:32.272+0000] {dag.py:2941} INFO - Sync 1 DAGs
[2023-12-03T15:18:32.305+0000] {logging_mixin.py:154} INFO - [2023-12-03T15:18:32.305+0000] {dag.py:3722} INFO - Setting next_dagrun for example_setup_teardown to 2023-12-02T15:18:32.305111+00:00, run_after=2023-12-03T15:18:32.305111+00:00
[2023-12-03T15:18:32.337+0000] {processor.py:179} INFO - Processing /home/airflow/.local/lib/python3.8/site-packages/airflow/example_dags/example_setup_teardown.py took 0.129 seconds
[2023-12-03T16:07:32.287+0000] {processor.py:157} INFO - Started process (PID=3291) to work on /home/airflow/.local/lib/python3.8/site-packages/airflow/example_dags/example_setup_teardown.py
[2023-12-03T16:07:32.288+0000] {processor.py:829} INFO - Processing file /home/airflow/.local/lib/python3.8/site-packages/airflow/example_dags/example_setup_teardown.py for tasks to queue
[2023-12-03T16:07:32.290+0000] {logging_mixin.py:154} INFO - [2023-12-03T16:07:32.289+0000] {dagbag.py:536} INFO - Filling up the DagBag from /home/airflow/.local/lib/python3.8/site-packages/airflow/example_dags/example_setup_teardown.py
[2023-12-03T16:07:32.294+0000] {processor.py:839} INFO - DAG(s) dict_keys(['example_setup_teardown']) retrieved from /home/airflow/.local/lib/python3.8/site-packages/airflow/example_dags/example_setup_teardown.py
[2023-12-03T16:07:32.313+0000] {logging_mixin.py:154} INFO - [2023-12-03T16:07:32.313+0000] {dag.py:2941} INFO - Sync 1 DAGs
[2023-12-03T16:07:32.328+0000] {logging_mixin.py:154} INFO - [2023-12-03T16:07:32.328+0000] {dag.py:3722} INFO - Setting next_dagrun for example_setup_teardown to 2023-12-02T16:07:32.328288+00:00, run_after=2023-12-03T16:07:32.328288+00:00
[2023-12-03T16:07:32.342+0000] {processor.py:179} INFO - Processing /home/airflow/.local/lib/python3.8/site-packages/airflow/example_dags/example_setup_teardown.py took 0.058 seconds
[2023-12-03T16:58:03.447+0000] {processor.py:157} INFO - Started process (PID=3349) to work on /home/airflow/.local/lib/python3.8/site-packages/airflow/example_dags/example_setup_teardown.py
[2023-12-03T16:58:03.448+0000] {processor.py:829} INFO - Processing file /home/airflow/.local/lib/python3.8/site-packages/airflow/example_dags/example_setup_teardown.py for tasks to queue
[2023-12-03T16:58:03.451+0000] {logging_mixin.py:154} INFO - [2023-12-03T16:58:03.450+0000] {dagbag.py:536} INFO - Filling up the DagBag from /home/airflow/.local/lib/python3.8/site-packages/airflow/example_dags/example_setup_teardown.py
[2023-12-03T16:58:03.457+0000] {processor.py:839} INFO - DAG(s) dict_keys(['example_setup_teardown']) retrieved from /home/airflow/.local/lib/python3.8/site-packages/airflow/example_dags/example_setup_teardown.py
[2023-12-03T16:58:03.479+0000] {logging_mixin.py:154} INFO - [2023-12-03T16:58:03.479+0000] {dag.py:2941} INFO - Sync 1 DAGs
[2023-12-03T16:58:03.496+0000] {logging_mixin.py:154} INFO - [2023-12-03T16:58:03.496+0000] {dag.py:3722} INFO - Setting next_dagrun for example_setup_teardown to 2023-12-02T16:58:03.496224+00:00, run_after=2023-12-03T16:58:03.496224+00:00
[2023-12-03T16:58:03.512+0000] {processor.py:179} INFO - Processing /home/airflow/.local/lib/python3.8/site-packages/airflow/example_dags/example_setup_teardown.py took 0.068 seconds
[2023-12-03T17:46:21.401+0000] {processor.py:157} INFO - Started process (PID=3407) to work on /home/airflow/.local/lib/python3.8/site-packages/airflow/example_dags/example_setup_teardown.py
[2023-12-03T17:46:21.402+0000] {processor.py:829} INFO - Processing file /home/airflow/.local/lib/python3.8/site-packages/airflow/example_dags/example_setup_teardown.py for tasks to queue
[2023-12-03T17:46:21.406+0000] {logging_mixin.py:154} INFO - [2023-12-03T17:46:21.406+0000] {dagbag.py:536} INFO - Filling up the DagBag from /home/airflow/.local/lib/python3.8/site-packages/airflow/example_dags/example_setup_teardown.py
[2023-12-03T17:46:21.416+0000] {processor.py:839} INFO - DAG(s) dict_keys(['example_setup_teardown']) retrieved from /home/airflow/.local/lib/python3.8/site-packages/airflow/example_dags/example_setup_teardown.py
[2023-12-03T17:46:21.434+0000] {logging_mixin.py:154} INFO - [2023-12-03T17:46:21.434+0000] {dag.py:2941} INFO - Sync 1 DAGs
[2023-12-03T17:46:21.452+0000] {logging_mixin.py:154} INFO - [2023-12-03T17:46:21.451+0000] {dag.py:3722} INFO - Setting next_dagrun for example_setup_teardown to 2023-12-02T17:46:21.451752+00:00, run_after=2023-12-03T17:46:21.451752+00:00
[2023-12-03T17:46:21.466+0000] {processor.py:179} INFO - Processing /home/airflow/.local/lib/python3.8/site-packages/airflow/example_dags/example_setup_teardown.py took 0.067 seconds
[2023-12-03T18:33:41.244+0000] {processor.py:157} INFO - Started process (PID=3465) to work on /home/airflow/.local/lib/python3.8/site-packages/airflow/example_dags/example_setup_teardown.py
[2023-12-03T18:33:41.245+0000] {processor.py:829} INFO - Processing file /home/airflow/.local/lib/python3.8/site-packages/airflow/example_dags/example_setup_teardown.py for tasks to queue
[2023-12-03T18:33:41.247+0000] {logging_mixin.py:154} INFO - [2023-12-03T18:33:41.247+0000] {dagbag.py:536} INFO - Filling up the DagBag from /home/airflow/.local/lib/python3.8/site-packages/airflow/example_dags/example_setup_teardown.py
[2023-12-03T18:33:41.254+0000] {processor.py:839} INFO - DAG(s) dict_keys(['example_setup_teardown']) retrieved from /home/airflow/.local/lib/python3.8/site-packages/airflow/example_dags/example_setup_teardown.py
[2023-12-03T18:33:41.278+0000] {logging_mixin.py:154} INFO - [2023-12-03T18:33:41.278+0000] {dag.py:2941} INFO - Sync 1 DAGs
[2023-12-03T18:33:41.295+0000] {logging_mixin.py:154} INFO - [2023-12-03T18:33:41.295+0000] {dag.py:3722} INFO - Setting next_dagrun for example_setup_teardown to 2023-12-02T18:33:41.295325+00:00, run_after=2023-12-03T18:33:41.295325+00:00
[2023-12-03T18:33:41.309+0000] {processor.py:179} INFO - Processing /home/airflow/.local/lib/python3.8/site-packages/airflow/example_dags/example_setup_teardown.py took 0.069 seconds
[2023-12-03T19:06:25.592+0000] {processor.py:157} INFO - Started process (PID=3523) to work on /home/airflow/.local/lib/python3.8/site-packages/airflow/example_dags/example_setup_teardown.py
[2023-12-03T19:06:25.593+0000] {processor.py:829} INFO - Processing file /home/airflow/.local/lib/python3.8/site-packages/airflow/example_dags/example_setup_teardown.py for tasks to queue
[2023-12-03T19:06:25.595+0000] {logging_mixin.py:154} INFO - [2023-12-03T19:06:25.595+0000] {dagbag.py:536} INFO - Filling up the DagBag from /home/airflow/.local/lib/python3.8/site-packages/airflow/example_dags/example_setup_teardown.py
[2023-12-03T19:06:25.600+0000] {processor.py:839} INFO - DAG(s) dict_keys(['example_setup_teardown']) retrieved from /home/airflow/.local/lib/python3.8/site-packages/airflow/example_dags/example_setup_teardown.py
[2023-12-03T19:06:25.621+0000] {logging_mixin.py:154} INFO - [2023-12-03T19:06:25.621+0000] {dag.py:2941} INFO - Sync 1 DAGs
[2023-12-03T19:06:25.637+0000] {logging_mixin.py:154} INFO - [2023-12-03T19:06:25.637+0000] {dag.py:3722} INFO - Setting next_dagrun for example_setup_teardown to 2023-12-02T19:06:25.637202+00:00, run_after=2023-12-03T19:06:25.637202+00:00
[2023-12-03T19:06:25.651+0000] {processor.py:179} INFO - Processing /home/airflow/.local/lib/python3.8/site-packages/airflow/example_dags/example_setup_teardown.py took 0.062 seconds
[2023-12-03T19:22:00.960+0000] {processor.py:157} INFO - Started process (PID=3581) to work on /home/airflow/.local/lib/python3.8/site-packages/airflow/example_dags/example_setup_teardown.py
[2023-12-03T19:22:00.961+0000] {processor.py:829} INFO - Processing file /home/airflow/.local/lib/python3.8/site-packages/airflow/example_dags/example_setup_teardown.py for tasks to queue
[2023-12-03T19:22:00.963+0000] {logging_mixin.py:154} INFO - [2023-12-03T19:22:00.963+0000] {dagbag.py:536} INFO - Filling up the DagBag from /home/airflow/.local/lib/python3.8/site-packages/airflow/example_dags/example_setup_teardown.py
[2023-12-03T19:22:00.969+0000] {processor.py:839} INFO - DAG(s) dict_keys(['example_setup_teardown']) retrieved from /home/airflow/.local/lib/python3.8/site-packages/airflow/example_dags/example_setup_teardown.py
[2023-12-03T19:22:00.993+0000] {logging_mixin.py:154} INFO - [2023-12-03T19:22:00.993+0000] {dag.py:2941} INFO - Sync 1 DAGs
[2023-12-03T19:22:01.017+0000] {logging_mixin.py:154} INFO - [2023-12-03T19:22:01.017+0000] {dag.py:3722} INFO - Setting next_dagrun for example_setup_teardown to 2023-12-02T19:22:01.017006+00:00, run_after=2023-12-03T19:22:01.017006+00:00
[2023-12-03T19:22:01.032+0000] {processor.py:179} INFO - Processing /home/airflow/.local/lib/python3.8/site-packages/airflow/example_dags/example_setup_teardown.py took 0.075 seconds
[2023-12-03T20:11:32.502+0000] {processor.py:157} INFO - Started process (PID=3638) to work on /home/airflow/.local/lib/python3.8/site-packages/airflow/example_dags/example_setup_teardown.py
[2023-12-03T20:11:32.504+0000] {processor.py:829} INFO - Processing file /home/airflow/.local/lib/python3.8/site-packages/airflow/example_dags/example_setup_teardown.py for tasks to queue
[2023-12-03T20:11:32.507+0000] {logging_mixin.py:154} INFO - [2023-12-03T20:11:32.506+0000] {dagbag.py:536} INFO - Filling up the DagBag from /home/airflow/.local/lib/python3.8/site-packages/airflow/example_dags/example_setup_teardown.py
[2023-12-03T20:11:32.515+0000] {processor.py:839} INFO - DAG(s) dict_keys(['example_setup_teardown']) retrieved from /home/airflow/.local/lib/python3.8/site-packages/airflow/example_dags/example_setup_teardown.py
[2023-12-03T20:11:32.532+0000] {logging_mixin.py:154} INFO - [2023-12-03T20:11:32.532+0000] {dag.py:2941} INFO - Sync 1 DAGs
[2023-12-03T20:11:32.550+0000] {logging_mixin.py:154} INFO - [2023-12-03T20:11:32.550+0000] {dag.py:3722} INFO - Setting next_dagrun for example_setup_teardown to 2023-12-02T20:11:32.550352+00:00, run_after=2023-12-03T20:11:32.550352+00:00
[2023-12-03T20:11:32.572+0000] {processor.py:179} INFO - Processing /home/airflow/.local/lib/python3.8/site-packages/airflow/example_dags/example_setup_teardown.py took 0.075 seconds
[2023-12-03T21:36:32.703+0000] {processor.py:157} INFO - Started process (PID=3696) to work on /home/airflow/.local/lib/python3.8/site-packages/airflow/example_dags/example_setup_teardown.py
[2023-12-03T21:36:32.704+0000] {processor.py:829} INFO - Processing file /home/airflow/.local/lib/python3.8/site-packages/airflow/example_dags/example_setup_teardown.py for tasks to queue
[2023-12-03T21:36:32.711+0000] {logging_mixin.py:154} INFO - [2023-12-03T21:36:32.711+0000] {dagbag.py:536} INFO - Filling up the DagBag from /home/airflow/.local/lib/python3.8/site-packages/airflow/example_dags/example_setup_teardown.py
[2023-12-03T21:36:32.718+0000] {processor.py:839} INFO - DAG(s) dict_keys(['example_setup_teardown']) retrieved from /home/airflow/.local/lib/python3.8/site-packages/airflow/example_dags/example_setup_teardown.py
[2023-12-03T21:36:32.741+0000] {logging_mixin.py:154} INFO - [2023-12-03T21:36:32.741+0000] {dag.py:2941} INFO - Sync 1 DAGs
[2023-12-03T21:36:32.760+0000] {logging_mixin.py:154} INFO - [2023-12-03T21:36:32.760+0000] {dag.py:3722} INFO - Setting next_dagrun for example_setup_teardown to 2023-12-02T21:36:32.759832+00:00, run_after=2023-12-03T21:36:32.759832+00:00
[2023-12-03T21:36:32.780+0000] {processor.py:179} INFO - Processing /home/airflow/.local/lib/python3.8/site-packages/airflow/example_dags/example_setup_teardown.py took 0.080 seconds
[2023-12-03T22:57:30.536+0000] {processor.py:157} INFO - Started process (PID=3754) to work on /home/airflow/.local/lib/python3.8/site-packages/airflow/example_dags/example_setup_teardown.py
[2023-12-03T22:57:30.536+0000] {processor.py:829} INFO - Processing file /home/airflow/.local/lib/python3.8/site-packages/airflow/example_dags/example_setup_teardown.py for tasks to queue
[2023-12-03T22:57:30.538+0000] {logging_mixin.py:154} INFO - [2023-12-03T22:57:30.538+0000] {dagbag.py:536} INFO - Filling up the DagBag from /home/airflow/.local/lib/python3.8/site-packages/airflow/example_dags/example_setup_teardown.py
[2023-12-03T22:57:30.543+0000] {processor.py:839} INFO - DAG(s) dict_keys(['example_setup_teardown']) retrieved from /home/airflow/.local/lib/python3.8/site-packages/airflow/example_dags/example_setup_teardown.py
[2023-12-03T22:57:30.561+0000] {logging_mixin.py:154} INFO - [2023-12-03T22:57:30.561+0000] {dag.py:2941} INFO - Sync 1 DAGs
[2023-12-03T22:57:30.575+0000] {logging_mixin.py:154} INFO - [2023-12-03T22:57:30.575+0000] {dag.py:3722} INFO - Setting next_dagrun for example_setup_teardown to 2023-12-02T22:57:30.574823+00:00, run_after=2023-12-03T22:57:30.574823+00:00
[2023-12-03T22:57:30.585+0000] {processor.py:179} INFO - Processing /home/airflow/.local/lib/python3.8/site-packages/airflow/example_dags/example_setup_teardown.py took 0.052 seconds
[2023-12-03T23:13:09.619+0000] {processor.py:157} INFO - Started process (PID=3812) to work on /home/airflow/.local/lib/python3.8/site-packages/airflow/example_dags/example_setup_teardown.py
[2023-12-03T23:13:09.620+0000] {processor.py:829} INFO - Processing file /home/airflow/.local/lib/python3.8/site-packages/airflow/example_dags/example_setup_teardown.py for tasks to queue
[2023-12-03T23:13:09.623+0000] {logging_mixin.py:154} INFO - [2023-12-03T23:13:09.622+0000] {dagbag.py:536} INFO - Filling up the DagBag from /home/airflow/.local/lib/python3.8/site-packages/airflow/example_dags/example_setup_teardown.py
[2023-12-03T23:13:09.629+0000] {processor.py:839} INFO - DAG(s) dict_keys(['example_setup_teardown']) retrieved from /home/airflow/.local/lib/python3.8/site-packages/airflow/example_dags/example_setup_teardown.py
[2023-12-03T23:13:09.651+0000] {logging_mixin.py:154} INFO - [2023-12-03T23:13:09.651+0000] {dag.py:2941} INFO - Sync 1 DAGs
[2023-12-03T23:13:09.669+0000] {logging_mixin.py:154} INFO - [2023-12-03T23:13:09.668+0000] {dag.py:3722} INFO - Setting next_dagrun for example_setup_teardown to 2023-12-02T23:13:09.668648+00:00, run_after=2023-12-03T23:13:09.668648+00:00
[2023-12-03T23:13:09.681+0000] {processor.py:179} INFO - Processing /home/airflow/.local/lib/python3.8/site-packages/airflow/example_dags/example_setup_teardown.py took 0.064 seconds
[2023-12-03T23:22:17.207+0000] {processor.py:157} INFO - Started process (PID=3870) to work on /home/airflow/.local/lib/python3.8/site-packages/airflow/example_dags/example_setup_teardown.py
[2023-12-03T23:22:17.213+0000] {processor.py:829} INFO - Processing file /home/airflow/.local/lib/python3.8/site-packages/airflow/example_dags/example_setup_teardown.py for tasks to queue
[2023-12-03T23:22:17.216+0000] {logging_mixin.py:154} INFO - [2023-12-03T23:22:17.216+0000] {dagbag.py:536} INFO - Filling up the DagBag from /home/airflow/.local/lib/python3.8/site-packages/airflow/example_dags/example_setup_teardown.py
[2023-12-03T23:22:17.223+0000] {processor.py:839} INFO - DAG(s) dict_keys(['example_setup_teardown']) retrieved from /home/airflow/.local/lib/python3.8/site-packages/airflow/example_dags/example_setup_teardown.py
[2023-12-03T23:22:17.254+0000] {logging_mixin.py:154} INFO - [2023-12-03T23:22:17.254+0000] {dag.py:2941} INFO - Sync 1 DAGs
[2023-12-03T23:22:17.280+0000] {logging_mixin.py:154} INFO - [2023-12-03T23:22:17.279+0000] {dag.py:3722} INFO - Setting next_dagrun for example_setup_teardown to 2023-12-02T23:22:17.279589+00:00, run_after=2023-12-03T23:22:17.279589+00:00
[2023-12-03T23:22:17.310+0000] {processor.py:179} INFO - Processing /home/airflow/.local/lib/python3.8/site-packages/airflow/example_dags/example_setup_teardown.py took 0.107 seconds
