[2023-12-03T09:43:25.153+0000] {processor.py:157} INFO - Started process (PID=80) to work on /home/airflow/.local/lib/python3.8/site-packages/airflow/example_dags/example_python_operator.py
[2023-12-03T09:43:25.154+0000] {processor.py:829} INFO - Processing file /home/airflow/.local/lib/python3.8/site-packages/airflow/example_dags/example_python_operator.py for tasks to queue
[2023-12-03T09:43:25.158+0000] {logging_mixin.py:154} INFO - [2023-12-03T09:43:25.158+0000] {dagbag.py:536} INFO - Filling up the DagBag from /home/airflow/.local/lib/python3.8/site-packages/airflow/example_dags/example_python_operator.py
[2023-12-03T09:43:25.174+0000] {processor.py:839} INFO - DAG(s) dict_keys(['example_python_operator']) retrieved from /home/airflow/.local/lib/python3.8/site-packages/airflow/example_dags/example_python_operator.py
[2023-12-03T09:43:25.189+0000] {logging_mixin.py:154} INFO - [2023-12-03T09:43:25.189+0000] {dag.py:2941} INFO - Sync 1 DAGs
[2023-12-03T09:43:25.204+0000] {logging_mixin.py:154} INFO - [2023-12-03T09:43:25.204+0000] {dag.py:3722} INFO - Setting next_dagrun for example_python_operator to None, run_after=None
[2023-12-03T09:43:25.227+0000] {processor.py:179} INFO - Processing /home/airflow/.local/lib/python3.8/site-packages/airflow/example_dags/example_python_operator.py took 0.079 seconds
[2023-12-03T09:43:55.797+0000] {processor.py:157} INFO - Started process (PID=138) to work on /home/airflow/.local/lib/python3.8/site-packages/airflow/example_dags/example_python_operator.py
[2023-12-03T09:43:55.799+0000] {processor.py:829} INFO - Processing file /home/airflow/.local/lib/python3.8/site-packages/airflow/example_dags/example_python_operator.py for tasks to queue
[2023-12-03T09:43:55.801+0000] {logging_mixin.py:154} INFO - [2023-12-03T09:43:55.801+0000] {dagbag.py:536} INFO - Filling up the DagBag from /home/airflow/.local/lib/python3.8/site-packages/airflow/example_dags/example_python_operator.py
[2023-12-03T09:43:55.811+0000] {processor.py:839} INFO - DAG(s) dict_keys(['example_python_operator']) retrieved from /home/airflow/.local/lib/python3.8/site-packages/airflow/example_dags/example_python_operator.py
[2023-12-03T09:43:55.917+0000] {logging_mixin.py:154} INFO - [2023-12-03T09:43:55.917+0000] {dag.py:2941} INFO - Sync 1 DAGs
[2023-12-03T09:43:55.929+0000] {logging_mixin.py:154} INFO - [2023-12-03T09:43:55.928+0000] {dag.py:3722} INFO - Setting next_dagrun for example_python_operator to None, run_after=None
[2023-12-03T09:43:55.949+0000] {processor.py:179} INFO - Processing /home/airflow/.local/lib/python3.8/site-packages/airflow/example_dags/example_python_operator.py took 0.155 seconds
[2023-12-03T09:44:26.470+0000] {processor.py:157} INFO - Started process (PID=195) to work on /home/airflow/.local/lib/python3.8/site-packages/airflow/example_dags/example_python_operator.py
[2023-12-03T09:44:26.471+0000] {processor.py:829} INFO - Processing file /home/airflow/.local/lib/python3.8/site-packages/airflow/example_dags/example_python_operator.py for tasks to queue
[2023-12-03T09:44:26.473+0000] {logging_mixin.py:154} INFO - [2023-12-03T09:44:26.473+0000] {dagbag.py:536} INFO - Filling up the DagBag from /home/airflow/.local/lib/python3.8/site-packages/airflow/example_dags/example_python_operator.py
[2023-12-03T09:44:26.482+0000] {processor.py:839} INFO - DAG(s) dict_keys(['example_python_operator']) retrieved from /home/airflow/.local/lib/python3.8/site-packages/airflow/example_dags/example_python_operator.py
[2023-12-03T09:44:26.505+0000] {logging_mixin.py:154} INFO - [2023-12-03T09:44:26.505+0000] {dag.py:2941} INFO - Sync 1 DAGs
[2023-12-03T09:44:26.516+0000] {logging_mixin.py:154} INFO - [2023-12-03T09:44:26.516+0000] {dag.py:3722} INFO - Setting next_dagrun for example_python_operator to None, run_after=None
[2023-12-03T09:44:26.529+0000] {processor.py:179} INFO - Processing /home/airflow/.local/lib/python3.8/site-packages/airflow/example_dags/example_python_operator.py took 0.062 seconds
[2023-12-03T09:44:57.681+0000] {processor.py:157} INFO - Started process (PID=253) to work on /home/airflow/.local/lib/python3.8/site-packages/airflow/example_dags/example_python_operator.py
[2023-12-03T09:44:57.682+0000] {processor.py:829} INFO - Processing file /home/airflow/.local/lib/python3.8/site-packages/airflow/example_dags/example_python_operator.py for tasks to queue
[2023-12-03T09:44:57.685+0000] {logging_mixin.py:154} INFO - [2023-12-03T09:44:57.684+0000] {dagbag.py:536} INFO - Filling up the DagBag from /home/airflow/.local/lib/python3.8/site-packages/airflow/example_dags/example_python_operator.py
[2023-12-03T09:44:57.697+0000] {processor.py:839} INFO - DAG(s) dict_keys(['example_python_operator']) retrieved from /home/airflow/.local/lib/python3.8/site-packages/airflow/example_dags/example_python_operator.py
[2023-12-03T09:44:57.724+0000] {logging_mixin.py:154} INFO - [2023-12-03T09:44:57.724+0000] {dag.py:2941} INFO - Sync 1 DAGs
[2023-12-03T09:44:57.738+0000] {logging_mixin.py:154} INFO - [2023-12-03T09:44:57.738+0000] {dag.py:3722} INFO - Setting next_dagrun for example_python_operator to None, run_after=None
[2023-12-03T09:44:57.761+0000] {processor.py:179} INFO - Processing /home/airflow/.local/lib/python3.8/site-packages/airflow/example_dags/example_python_operator.py took 0.083 seconds
[2023-12-03T09:45:29.143+0000] {processor.py:157} INFO - Started process (PID=310) to work on /home/airflow/.local/lib/python3.8/site-packages/airflow/example_dags/example_python_operator.py
[2023-12-03T09:45:29.144+0000] {processor.py:829} INFO - Processing file /home/airflow/.local/lib/python3.8/site-packages/airflow/example_dags/example_python_operator.py for tasks to queue
[2023-12-03T09:45:29.147+0000] {logging_mixin.py:154} INFO - [2023-12-03T09:45:29.147+0000] {dagbag.py:536} INFO - Filling up the DagBag from /home/airflow/.local/lib/python3.8/site-packages/airflow/example_dags/example_python_operator.py
[2023-12-03T09:45:29.160+0000] {processor.py:839} INFO - DAG(s) dict_keys(['example_python_operator']) retrieved from /home/airflow/.local/lib/python3.8/site-packages/airflow/example_dags/example_python_operator.py
[2023-12-03T09:45:29.186+0000] {logging_mixin.py:154} INFO - [2023-12-03T09:45:29.186+0000] {dag.py:2941} INFO - Sync 1 DAGs
[2023-12-03T09:45:29.203+0000] {logging_mixin.py:154} INFO - [2023-12-03T09:45:29.203+0000] {dag.py:3722} INFO - Setting next_dagrun for example_python_operator to None, run_after=None
[2023-12-03T09:45:29.256+0000] {processor.py:179} INFO - Processing /home/airflow/.local/lib/python3.8/site-packages/airflow/example_dags/example_python_operator.py took 0.118 seconds
[2023-12-03T09:45:59.872+0000] {processor.py:157} INFO - Started process (PID=370) to work on /home/airflow/.local/lib/python3.8/site-packages/airflow/example_dags/example_python_operator.py
[2023-12-03T09:45:59.874+0000] {processor.py:829} INFO - Processing file /home/airflow/.local/lib/python3.8/site-packages/airflow/example_dags/example_python_operator.py for tasks to queue
[2023-12-03T09:45:59.876+0000] {logging_mixin.py:154} INFO - [2023-12-03T09:45:59.876+0000] {dagbag.py:536} INFO - Filling up the DagBag from /home/airflow/.local/lib/python3.8/site-packages/airflow/example_dags/example_python_operator.py
[2023-12-03T09:45:59.886+0000] {processor.py:839} INFO - DAG(s) dict_keys(['example_python_operator']) retrieved from /home/airflow/.local/lib/python3.8/site-packages/airflow/example_dags/example_python_operator.py
[2023-12-03T09:45:59.910+0000] {logging_mixin.py:154} INFO - [2023-12-03T09:45:59.910+0000] {dag.py:2941} INFO - Sync 1 DAGs
[2023-12-03T09:45:59.922+0000] {logging_mixin.py:154} INFO - [2023-12-03T09:45:59.922+0000] {dag.py:3722} INFO - Setting next_dagrun for example_python_operator to None, run_after=None
[2023-12-03T09:45:59.944+0000] {processor.py:179} INFO - Processing /home/airflow/.local/lib/python3.8/site-packages/airflow/example_dags/example_python_operator.py took 0.075 seconds
[2023-12-03T09:46:30.775+0000] {processor.py:157} INFO - Started process (PID=428) to work on /home/airflow/.local/lib/python3.8/site-packages/airflow/example_dags/example_python_operator.py
[2023-12-03T09:46:30.776+0000] {processor.py:829} INFO - Processing file /home/airflow/.local/lib/python3.8/site-packages/airflow/example_dags/example_python_operator.py for tasks to queue
[2023-12-03T09:46:30.778+0000] {logging_mixin.py:154} INFO - [2023-12-03T09:46:30.778+0000] {dagbag.py:536} INFO - Filling up the DagBag from /home/airflow/.local/lib/python3.8/site-packages/airflow/example_dags/example_python_operator.py
[2023-12-03T09:46:30.789+0000] {processor.py:839} INFO - DAG(s) dict_keys(['example_python_operator']) retrieved from /home/airflow/.local/lib/python3.8/site-packages/airflow/example_dags/example_python_operator.py
[2023-12-03T09:46:30.815+0000] {logging_mixin.py:154} INFO - [2023-12-03T09:46:30.815+0000] {dag.py:2941} INFO - Sync 1 DAGs
[2023-12-03T09:46:30.829+0000] {logging_mixin.py:154} INFO - [2023-12-03T09:46:30.829+0000] {dag.py:3722} INFO - Setting next_dagrun for example_python_operator to None, run_after=None
[2023-12-03T09:46:30.848+0000] {processor.py:179} INFO - Processing /home/airflow/.local/lib/python3.8/site-packages/airflow/example_dags/example_python_operator.py took 0.078 seconds
[2023-12-03T09:47:01.008+0000] {processor.py:157} INFO - Started process (PID=486) to work on /home/airflow/.local/lib/python3.8/site-packages/airflow/example_dags/example_python_operator.py
[2023-12-03T09:47:01.009+0000] {processor.py:829} INFO - Processing file /home/airflow/.local/lib/python3.8/site-packages/airflow/example_dags/example_python_operator.py for tasks to queue
[2023-12-03T09:47:01.012+0000] {logging_mixin.py:154} INFO - [2023-12-03T09:47:01.012+0000] {dagbag.py:536} INFO - Filling up the DagBag from /home/airflow/.local/lib/python3.8/site-packages/airflow/example_dags/example_python_operator.py
[2023-12-03T09:47:01.024+0000] {processor.py:839} INFO - DAG(s) dict_keys(['example_python_operator']) retrieved from /home/airflow/.local/lib/python3.8/site-packages/airflow/example_dags/example_python_operator.py
[2023-12-03T09:47:01.056+0000] {logging_mixin.py:154} INFO - [2023-12-03T09:47:01.056+0000] {dag.py:2941} INFO - Sync 1 DAGs
[2023-12-03T09:47:01.073+0000] {logging_mixin.py:154} INFO - [2023-12-03T09:47:01.073+0000] {dag.py:3722} INFO - Setting next_dagrun for example_python_operator to None, run_after=None
[2023-12-03T09:47:01.098+0000] {processor.py:179} INFO - Processing /home/airflow/.local/lib/python3.8/site-packages/airflow/example_dags/example_python_operator.py took 0.095 seconds
[2023-12-03T09:47:32.286+0000] {processor.py:157} INFO - Started process (PID=544) to work on /home/airflow/.local/lib/python3.8/site-packages/airflow/example_dags/example_python_operator.py
[2023-12-03T09:47:32.287+0000] {processor.py:829} INFO - Processing file /home/airflow/.local/lib/python3.8/site-packages/airflow/example_dags/example_python_operator.py for tasks to queue
[2023-12-03T09:47:32.291+0000] {logging_mixin.py:154} INFO - [2023-12-03T09:47:32.290+0000] {dagbag.py:536} INFO - Filling up the DagBag from /home/airflow/.local/lib/python3.8/site-packages/airflow/example_dags/example_python_operator.py
[2023-12-03T09:47:32.305+0000] {processor.py:839} INFO - DAG(s) dict_keys(['example_python_operator']) retrieved from /home/airflow/.local/lib/python3.8/site-packages/airflow/example_dags/example_python_operator.py
[2023-12-03T09:47:32.339+0000] {logging_mixin.py:154} INFO - [2023-12-03T09:47:32.338+0000] {dag.py:2941} INFO - Sync 1 DAGs
[2023-12-03T09:47:32.356+0000] {logging_mixin.py:154} INFO - [2023-12-03T09:47:32.356+0000] {dag.py:3722} INFO - Setting next_dagrun for example_python_operator to None, run_after=None
[2023-12-03T09:47:32.380+0000] {processor.py:179} INFO - Processing /home/airflow/.local/lib/python3.8/site-packages/airflow/example_dags/example_python_operator.py took 0.099 seconds
[2023-12-03T09:48:03.317+0000] {processor.py:157} INFO - Started process (PID=608) to work on /home/airflow/.local/lib/python3.8/site-packages/airflow/example_dags/example_python_operator.py
[2023-12-03T09:48:03.318+0000] {processor.py:829} INFO - Processing file /home/airflow/.local/lib/python3.8/site-packages/airflow/example_dags/example_python_operator.py for tasks to queue
[2023-12-03T09:48:03.320+0000] {logging_mixin.py:154} INFO - [2023-12-03T09:48:03.320+0000] {dagbag.py:536} INFO - Filling up the DagBag from /home/airflow/.local/lib/python3.8/site-packages/airflow/example_dags/example_python_operator.py
[2023-12-03T09:48:03.330+0000] {processor.py:839} INFO - DAG(s) dict_keys(['example_python_operator']) retrieved from /home/airflow/.local/lib/python3.8/site-packages/airflow/example_dags/example_python_operator.py
[2023-12-03T09:48:03.354+0000] {logging_mixin.py:154} INFO - [2023-12-03T09:48:03.353+0000] {dag.py:2941} INFO - Sync 1 DAGs
[2023-12-03T09:48:03.366+0000] {logging_mixin.py:154} INFO - [2023-12-03T09:48:03.366+0000] {dag.py:3722} INFO - Setting next_dagrun for example_python_operator to None, run_after=None
[2023-12-03T09:48:03.385+0000] {processor.py:179} INFO - Processing /home/airflow/.local/lib/python3.8/site-packages/airflow/example_dags/example_python_operator.py took 0.072 seconds
[2023-12-03T09:48:34.192+0000] {processor.py:157} INFO - Started process (PID=666) to work on /home/airflow/.local/lib/python3.8/site-packages/airflow/example_dags/example_python_operator.py
[2023-12-03T09:48:34.193+0000] {processor.py:829} INFO - Processing file /home/airflow/.local/lib/python3.8/site-packages/airflow/example_dags/example_python_operator.py for tasks to queue
[2023-12-03T09:48:34.195+0000] {logging_mixin.py:154} INFO - [2023-12-03T09:48:34.195+0000] {dagbag.py:536} INFO - Filling up the DagBag from /home/airflow/.local/lib/python3.8/site-packages/airflow/example_dags/example_python_operator.py
[2023-12-03T09:48:34.204+0000] {processor.py:839} INFO - DAG(s) dict_keys(['example_python_operator']) retrieved from /home/airflow/.local/lib/python3.8/site-packages/airflow/example_dags/example_python_operator.py
[2023-12-03T09:48:34.237+0000] {logging_mixin.py:154} INFO - [2023-12-03T09:48:34.237+0000] {dag.py:2941} INFO - Sync 1 DAGs
[2023-12-03T09:48:34.253+0000] {logging_mixin.py:154} INFO - [2023-12-03T09:48:34.253+0000] {dag.py:3722} INFO - Setting next_dagrun for example_python_operator to None, run_after=None
[2023-12-03T09:48:34.427+0000] {processor.py:179} INFO - Processing /home/airflow/.local/lib/python3.8/site-packages/airflow/example_dags/example_python_operator.py took 0.238 seconds
[2023-12-03T09:49:06.093+0000] {processor.py:157} INFO - Started process (PID=724) to work on /home/airflow/.local/lib/python3.8/site-packages/airflow/example_dags/example_python_operator.py
[2023-12-03T09:49:06.095+0000] {processor.py:829} INFO - Processing file /home/airflow/.local/lib/python3.8/site-packages/airflow/example_dags/example_python_operator.py for tasks to queue
[2023-12-03T09:49:06.097+0000] {logging_mixin.py:154} INFO - [2023-12-03T09:49:06.097+0000] {dagbag.py:536} INFO - Filling up the DagBag from /home/airflow/.local/lib/python3.8/site-packages/airflow/example_dags/example_python_operator.py
[2023-12-03T09:49:06.107+0000] {processor.py:839} INFO - DAG(s) dict_keys(['example_python_operator']) retrieved from /home/airflow/.local/lib/python3.8/site-packages/airflow/example_dags/example_python_operator.py
[2023-12-03T09:49:06.136+0000] {logging_mixin.py:154} INFO - [2023-12-03T09:49:06.136+0000] {dag.py:2941} INFO - Sync 1 DAGs
[2023-12-03T09:49:06.151+0000] {logging_mixin.py:154} INFO - [2023-12-03T09:49:06.151+0000] {dag.py:3722} INFO - Setting next_dagrun for example_python_operator to None, run_after=None
[2023-12-03T09:49:06.335+0000] {processor.py:179} INFO - Processing /home/airflow/.local/lib/python3.8/site-packages/airflow/example_dags/example_python_operator.py took 0.246 seconds
[2023-12-03T09:49:37.430+0000] {processor.py:157} INFO - Started process (PID=782) to work on /home/airflow/.local/lib/python3.8/site-packages/airflow/example_dags/example_python_operator.py
[2023-12-03T09:49:37.431+0000] {processor.py:829} INFO - Processing file /home/airflow/.local/lib/python3.8/site-packages/airflow/example_dags/example_python_operator.py for tasks to queue
[2023-12-03T09:49:37.434+0000] {logging_mixin.py:154} INFO - [2023-12-03T09:49:37.433+0000] {dagbag.py:536} INFO - Filling up the DagBag from /home/airflow/.local/lib/python3.8/site-packages/airflow/example_dags/example_python_operator.py
[2023-12-03T09:49:37.447+0000] {processor.py:839} INFO - DAG(s) dict_keys(['example_python_operator']) retrieved from /home/airflow/.local/lib/python3.8/site-packages/airflow/example_dags/example_python_operator.py
[2023-12-03T09:49:37.473+0000] {logging_mixin.py:154} INFO - [2023-12-03T09:49:37.472+0000] {dag.py:2941} INFO - Sync 1 DAGs
[2023-12-03T09:49:37.645+0000] {logging_mixin.py:154} INFO - [2023-12-03T09:49:37.645+0000] {dag.py:3722} INFO - Setting next_dagrun for example_python_operator to None, run_after=None
[2023-12-03T09:49:37.661+0000] {processor.py:179} INFO - Processing /home/airflow/.local/lib/python3.8/site-packages/airflow/example_dags/example_python_operator.py took 0.235 seconds
[2023-12-03T09:50:08.334+0000] {processor.py:157} INFO - Started process (PID=840) to work on /home/airflow/.local/lib/python3.8/site-packages/airflow/example_dags/example_python_operator.py
[2023-12-03T09:50:08.335+0000] {processor.py:829} INFO - Processing file /home/airflow/.local/lib/python3.8/site-packages/airflow/example_dags/example_python_operator.py for tasks to queue
[2023-12-03T09:50:08.338+0000] {logging_mixin.py:154} INFO - [2023-12-03T09:50:08.338+0000] {dagbag.py:536} INFO - Filling up the DagBag from /home/airflow/.local/lib/python3.8/site-packages/airflow/example_dags/example_python_operator.py
[2023-12-03T09:50:08.349+0000] {processor.py:839} INFO - DAG(s) dict_keys(['example_python_operator']) retrieved from /home/airflow/.local/lib/python3.8/site-packages/airflow/example_dags/example_python_operator.py
[2023-12-03T09:50:08.373+0000] {logging_mixin.py:154} INFO - [2023-12-03T09:50:08.373+0000] {dag.py:2941} INFO - Sync 1 DAGs
[2023-12-03T09:50:08.531+0000] {logging_mixin.py:154} INFO - [2023-12-03T09:50:08.531+0000] {dag.py:3722} INFO - Setting next_dagrun for example_python_operator to None, run_after=None
[2023-12-03T09:50:08.547+0000] {processor.py:179} INFO - Processing /home/airflow/.local/lib/python3.8/site-packages/airflow/example_dags/example_python_operator.py took 0.218 seconds
[2023-12-03T09:50:39.021+0000] {processor.py:157} INFO - Started process (PID=898) to work on /home/airflow/.local/lib/python3.8/site-packages/airflow/example_dags/example_python_operator.py
[2023-12-03T09:50:39.022+0000] {processor.py:829} INFO - Processing file /home/airflow/.local/lib/python3.8/site-packages/airflow/example_dags/example_python_operator.py for tasks to queue
[2023-12-03T09:50:39.025+0000] {logging_mixin.py:154} INFO - [2023-12-03T09:50:39.024+0000] {dagbag.py:536} INFO - Filling up the DagBag from /home/airflow/.local/lib/python3.8/site-packages/airflow/example_dags/example_python_operator.py
[2023-12-03T09:50:39.035+0000] {processor.py:839} INFO - DAG(s) dict_keys(['example_python_operator']) retrieved from /home/airflow/.local/lib/python3.8/site-packages/airflow/example_dags/example_python_operator.py
[2023-12-03T09:50:39.059+0000] {logging_mixin.py:154} INFO - [2023-12-03T09:50:39.059+0000] {dag.py:2941} INFO - Sync 1 DAGs
[2023-12-03T09:50:39.069+0000] {logging_mixin.py:154} INFO - [2023-12-03T09:50:39.069+0000] {dag.py:3722} INFO - Setting next_dagrun for example_python_operator to None, run_after=None
[2023-12-03T09:50:39.087+0000] {processor.py:179} INFO - Processing /home/airflow/.local/lib/python3.8/site-packages/airflow/example_dags/example_python_operator.py took 0.070 seconds
[2023-12-03T09:51:09.300+0000] {processor.py:157} INFO - Started process (PID=957) to work on /home/airflow/.local/lib/python3.8/site-packages/airflow/example_dags/example_python_operator.py
[2023-12-03T09:51:09.301+0000] {processor.py:829} INFO - Processing file /home/airflow/.local/lib/python3.8/site-packages/airflow/example_dags/example_python_operator.py for tasks to queue
[2023-12-03T09:51:09.304+0000] {logging_mixin.py:154} INFO - [2023-12-03T09:51:09.304+0000] {dagbag.py:536} INFO - Filling up the DagBag from /home/airflow/.local/lib/python3.8/site-packages/airflow/example_dags/example_python_operator.py
[2023-12-03T09:51:09.313+0000] {processor.py:839} INFO - DAG(s) dict_keys(['example_python_operator']) retrieved from /home/airflow/.local/lib/python3.8/site-packages/airflow/example_dags/example_python_operator.py
[2023-12-03T09:51:09.338+0000] {logging_mixin.py:154} INFO - [2023-12-03T09:51:09.338+0000] {dag.py:2941} INFO - Sync 1 DAGs
[2023-12-03T09:51:09.349+0000] {logging_mixin.py:154} INFO - [2023-12-03T09:51:09.349+0000] {dag.py:3722} INFO - Setting next_dagrun for example_python_operator to None, run_after=None
[2023-12-03T09:51:09.369+0000] {processor.py:179} INFO - Processing /home/airflow/.local/lib/python3.8/site-packages/airflow/example_dags/example_python_operator.py took 0.073 seconds
[2023-12-03T09:51:40.098+0000] {processor.py:157} INFO - Started process (PID=1014) to work on /home/airflow/.local/lib/python3.8/site-packages/airflow/example_dags/example_python_operator.py
[2023-12-03T09:51:40.099+0000] {processor.py:829} INFO - Processing file /home/airflow/.local/lib/python3.8/site-packages/airflow/example_dags/example_python_operator.py for tasks to queue
[2023-12-03T09:51:40.101+0000] {logging_mixin.py:154} INFO - [2023-12-03T09:51:40.101+0000] {dagbag.py:536} INFO - Filling up the DagBag from /home/airflow/.local/lib/python3.8/site-packages/airflow/example_dags/example_python_operator.py
[2023-12-03T09:51:40.110+0000] {processor.py:839} INFO - DAG(s) dict_keys(['example_python_operator']) retrieved from /home/airflow/.local/lib/python3.8/site-packages/airflow/example_dags/example_python_operator.py
[2023-12-03T09:51:40.130+0000] {logging_mixin.py:154} INFO - [2023-12-03T09:51:40.129+0000] {dag.py:2941} INFO - Sync 1 DAGs
[2023-12-03T09:51:40.143+0000] {logging_mixin.py:154} INFO - [2023-12-03T09:51:40.143+0000] {dag.py:3722} INFO - Setting next_dagrun for example_python_operator to None, run_after=None
[2023-12-03T09:51:40.169+0000] {processor.py:179} INFO - Processing /home/airflow/.local/lib/python3.8/site-packages/airflow/example_dags/example_python_operator.py took 0.075 seconds
[2023-12-03T09:52:11.081+0000] {processor.py:157} INFO - Started process (PID=1072) to work on /home/airflow/.local/lib/python3.8/site-packages/airflow/example_dags/example_python_operator.py
[2023-12-03T09:52:11.083+0000] {processor.py:829} INFO - Processing file /home/airflow/.local/lib/python3.8/site-packages/airflow/example_dags/example_python_operator.py for tasks to queue
[2023-12-03T09:52:11.085+0000] {logging_mixin.py:154} INFO - [2023-12-03T09:52:11.085+0000] {dagbag.py:536} INFO - Filling up the DagBag from /home/airflow/.local/lib/python3.8/site-packages/airflow/example_dags/example_python_operator.py
[2023-12-03T09:52:11.095+0000] {processor.py:839} INFO - DAG(s) dict_keys(['example_python_operator']) retrieved from /home/airflow/.local/lib/python3.8/site-packages/airflow/example_dags/example_python_operator.py
[2023-12-03T09:52:11.119+0000] {logging_mixin.py:154} INFO - [2023-12-03T09:52:11.119+0000] {dag.py:2941} INFO - Sync 1 DAGs
[2023-12-03T09:52:11.132+0000] {logging_mixin.py:154} INFO - [2023-12-03T09:52:11.132+0000] {dag.py:3722} INFO - Setting next_dagrun for example_python_operator to None, run_after=None
[2023-12-03T09:52:11.149+0000] {processor.py:179} INFO - Processing /home/airflow/.local/lib/python3.8/site-packages/airflow/example_dags/example_python_operator.py took 0.071 seconds
[2023-12-03T09:52:42.608+0000] {processor.py:157} INFO - Started process (PID=1130) to work on /home/airflow/.local/lib/python3.8/site-packages/airflow/example_dags/example_python_operator.py
[2023-12-03T09:52:42.609+0000] {processor.py:829} INFO - Processing file /home/airflow/.local/lib/python3.8/site-packages/airflow/example_dags/example_python_operator.py for tasks to queue
[2023-12-03T09:52:42.611+0000] {logging_mixin.py:154} INFO - [2023-12-03T09:52:42.611+0000] {dagbag.py:536} INFO - Filling up the DagBag from /home/airflow/.local/lib/python3.8/site-packages/airflow/example_dags/example_python_operator.py
[2023-12-03T09:52:42.620+0000] {processor.py:839} INFO - DAG(s) dict_keys(['example_python_operator']) retrieved from /home/airflow/.local/lib/python3.8/site-packages/airflow/example_dags/example_python_operator.py
[2023-12-03T09:52:42.640+0000] {logging_mixin.py:154} INFO - [2023-12-03T09:52:42.639+0000] {dag.py:2941} INFO - Sync 1 DAGs
[2023-12-03T09:52:42.649+0000] {logging_mixin.py:154} INFO - [2023-12-03T09:52:42.649+0000] {dag.py:3722} INFO - Setting next_dagrun for example_python_operator to None, run_after=None
[2023-12-03T09:52:42.664+0000] {processor.py:179} INFO - Processing /home/airflow/.local/lib/python3.8/site-packages/airflow/example_dags/example_python_operator.py took 0.059 seconds
[2023-12-03T09:53:13.803+0000] {processor.py:157} INFO - Started process (PID=1188) to work on /home/airflow/.local/lib/python3.8/site-packages/airflow/example_dags/example_python_operator.py
[2023-12-03T09:53:13.805+0000] {processor.py:829} INFO - Processing file /home/airflow/.local/lib/python3.8/site-packages/airflow/example_dags/example_python_operator.py for tasks to queue
[2023-12-03T09:53:13.807+0000] {logging_mixin.py:154} INFO - [2023-12-03T09:53:13.807+0000] {dagbag.py:536} INFO - Filling up the DagBag from /home/airflow/.local/lib/python3.8/site-packages/airflow/example_dags/example_python_operator.py
[2023-12-03T09:53:13.820+0000] {processor.py:839} INFO - DAG(s) dict_keys(['example_python_operator']) retrieved from /home/airflow/.local/lib/python3.8/site-packages/airflow/example_dags/example_python_operator.py
[2023-12-03T09:53:13.847+0000] {logging_mixin.py:154} INFO - [2023-12-03T09:53:13.847+0000] {dag.py:2941} INFO - Sync 1 DAGs
[2023-12-03T09:53:13.862+0000] {logging_mixin.py:154} INFO - [2023-12-03T09:53:13.862+0000] {dag.py:3722} INFO - Setting next_dagrun for example_python_operator to None, run_after=None
[2023-12-03T09:53:13.896+0000] {processor.py:179} INFO - Processing /home/airflow/.local/lib/python3.8/site-packages/airflow/example_dags/example_python_operator.py took 0.097 seconds
[2023-12-03T09:53:43.985+0000] {processor.py:157} INFO - Started process (PID=1246) to work on /home/airflow/.local/lib/python3.8/site-packages/airflow/example_dags/example_python_operator.py
[2023-12-03T09:53:43.986+0000] {processor.py:829} INFO - Processing file /home/airflow/.local/lib/python3.8/site-packages/airflow/example_dags/example_python_operator.py for tasks to queue
[2023-12-03T09:53:43.989+0000] {logging_mixin.py:154} INFO - [2023-12-03T09:53:43.988+0000] {dagbag.py:536} INFO - Filling up the DagBag from /home/airflow/.local/lib/python3.8/site-packages/airflow/example_dags/example_python_operator.py
[2023-12-03T09:53:43.999+0000] {processor.py:839} INFO - DAG(s) dict_keys(['example_python_operator']) retrieved from /home/airflow/.local/lib/python3.8/site-packages/airflow/example_dags/example_python_operator.py
[2023-12-03T09:53:44.021+0000] {logging_mixin.py:154} INFO - [2023-12-03T09:53:44.021+0000] {dag.py:2941} INFO - Sync 1 DAGs
[2023-12-03T09:53:44.034+0000] {logging_mixin.py:154} INFO - [2023-12-03T09:53:44.034+0000] {dag.py:3722} INFO - Setting next_dagrun for example_python_operator to None, run_after=None
[2023-12-03T09:53:44.052+0000] {processor.py:179} INFO - Processing /home/airflow/.local/lib/python3.8/site-packages/airflow/example_dags/example_python_operator.py took 0.070 seconds
[2023-12-03T09:54:14.521+0000] {processor.py:157} INFO - Started process (PID=1304) to work on /home/airflow/.local/lib/python3.8/site-packages/airflow/example_dags/example_python_operator.py
[2023-12-03T09:54:14.523+0000] {processor.py:829} INFO - Processing file /home/airflow/.local/lib/python3.8/site-packages/airflow/example_dags/example_python_operator.py for tasks to queue
[2023-12-03T09:54:14.526+0000] {logging_mixin.py:154} INFO - [2023-12-03T09:54:14.526+0000] {dagbag.py:536} INFO - Filling up the DagBag from /home/airflow/.local/lib/python3.8/site-packages/airflow/example_dags/example_python_operator.py
[2023-12-03T09:54:14.541+0000] {processor.py:839} INFO - DAG(s) dict_keys(['example_python_operator']) retrieved from /home/airflow/.local/lib/python3.8/site-packages/airflow/example_dags/example_python_operator.py
[2023-12-03T09:54:14.571+0000] {logging_mixin.py:154} INFO - [2023-12-03T09:54:14.571+0000] {dag.py:2941} INFO - Sync 1 DAGs
[2023-12-03T09:54:14.588+0000] {logging_mixin.py:154} INFO - [2023-12-03T09:54:14.588+0000] {dag.py:3722} INFO - Setting next_dagrun for example_python_operator to None, run_after=None
[2023-12-03T09:54:14.611+0000] {processor.py:179} INFO - Processing /home/airflow/.local/lib/python3.8/site-packages/airflow/example_dags/example_python_operator.py took 0.094 seconds
[2023-12-03T09:54:45.902+0000] {processor.py:157} INFO - Started process (PID=1362) to work on /home/airflow/.local/lib/python3.8/site-packages/airflow/example_dags/example_python_operator.py
[2023-12-03T09:54:45.903+0000] {processor.py:829} INFO - Processing file /home/airflow/.local/lib/python3.8/site-packages/airflow/example_dags/example_python_operator.py for tasks to queue
[2023-12-03T09:54:45.906+0000] {logging_mixin.py:154} INFO - [2023-12-03T09:54:45.906+0000] {dagbag.py:536} INFO - Filling up the DagBag from /home/airflow/.local/lib/python3.8/site-packages/airflow/example_dags/example_python_operator.py
[2023-12-03T09:54:45.919+0000] {processor.py:839} INFO - DAG(s) dict_keys(['example_python_operator']) retrieved from /home/airflow/.local/lib/python3.8/site-packages/airflow/example_dags/example_python_operator.py
[2023-12-03T09:54:45.951+0000] {logging_mixin.py:154} INFO - [2023-12-03T09:54:45.951+0000] {dag.py:2941} INFO - Sync 1 DAGs
[2023-12-03T09:54:45.970+0000] {logging_mixin.py:154} INFO - [2023-12-03T09:54:45.969+0000] {dag.py:3722} INFO - Setting next_dagrun for example_python_operator to None, run_after=None
[2023-12-03T09:54:45.992+0000] {processor.py:179} INFO - Processing /home/airflow/.local/lib/python3.8/site-packages/airflow/example_dags/example_python_operator.py took 0.095 seconds
[2023-12-03T09:55:16.918+0000] {processor.py:157} INFO - Started process (PID=1420) to work on /home/airflow/.local/lib/python3.8/site-packages/airflow/example_dags/example_python_operator.py
[2023-12-03T09:55:16.919+0000] {processor.py:829} INFO - Processing file /home/airflow/.local/lib/python3.8/site-packages/airflow/example_dags/example_python_operator.py for tasks to queue
[2023-12-03T09:55:16.922+0000] {logging_mixin.py:154} INFO - [2023-12-03T09:55:16.922+0000] {dagbag.py:536} INFO - Filling up the DagBag from /home/airflow/.local/lib/python3.8/site-packages/airflow/example_dags/example_python_operator.py
[2023-12-03T09:55:16.934+0000] {processor.py:839} INFO - DAG(s) dict_keys(['example_python_operator']) retrieved from /home/airflow/.local/lib/python3.8/site-packages/airflow/example_dags/example_python_operator.py
[2023-12-03T09:55:16.959+0000] {logging_mixin.py:154} INFO - [2023-12-03T09:55:16.959+0000] {dag.py:2941} INFO - Sync 1 DAGs
[2023-12-03T09:55:16.972+0000] {logging_mixin.py:154} INFO - [2023-12-03T09:55:16.971+0000] {dag.py:3722} INFO - Setting next_dagrun for example_python_operator to None, run_after=None
[2023-12-03T09:55:16.991+0000] {processor.py:179} INFO - Processing /home/airflow/.local/lib/python3.8/site-packages/airflow/example_dags/example_python_operator.py took 0.078 seconds
[2023-12-03T09:55:47.461+0000] {processor.py:157} INFO - Started process (PID=1479) to work on /home/airflow/.local/lib/python3.8/site-packages/airflow/example_dags/example_python_operator.py
[2023-12-03T09:55:47.462+0000] {processor.py:829} INFO - Processing file /home/airflow/.local/lib/python3.8/site-packages/airflow/example_dags/example_python_operator.py for tasks to queue
[2023-12-03T09:55:47.465+0000] {logging_mixin.py:154} INFO - [2023-12-03T09:55:47.465+0000] {dagbag.py:536} INFO - Filling up the DagBag from /home/airflow/.local/lib/python3.8/site-packages/airflow/example_dags/example_python_operator.py
[2023-12-03T09:55:47.475+0000] {processor.py:839} INFO - DAG(s) dict_keys(['example_python_operator']) retrieved from /home/airflow/.local/lib/python3.8/site-packages/airflow/example_dags/example_python_operator.py
[2023-12-03T09:55:47.498+0000] {logging_mixin.py:154} INFO - [2023-12-03T09:55:47.498+0000] {dag.py:2941} INFO - Sync 1 DAGs
[2023-12-03T09:55:47.512+0000] {logging_mixin.py:154} INFO - [2023-12-03T09:55:47.511+0000] {dag.py:3722} INFO - Setting next_dagrun for example_python_operator to None, run_after=None
[2023-12-03T09:55:47.530+0000] {processor.py:179} INFO - Processing /home/airflow/.local/lib/python3.8/site-packages/airflow/example_dags/example_python_operator.py took 0.073 seconds
[2023-12-03T09:56:18.596+0000] {processor.py:157} INFO - Started process (PID=1541) to work on /home/airflow/.local/lib/python3.8/site-packages/airflow/example_dags/example_python_operator.py
[2023-12-03T09:56:18.597+0000] {processor.py:829} INFO - Processing file /home/airflow/.local/lib/python3.8/site-packages/airflow/example_dags/example_python_operator.py for tasks to queue
[2023-12-03T09:56:18.599+0000] {logging_mixin.py:154} INFO - [2023-12-03T09:56:18.599+0000] {dagbag.py:536} INFO - Filling up the DagBag from /home/airflow/.local/lib/python3.8/site-packages/airflow/example_dags/example_python_operator.py
[2023-12-03T09:56:18.608+0000] {processor.py:839} INFO - DAG(s) dict_keys(['example_python_operator']) retrieved from /home/airflow/.local/lib/python3.8/site-packages/airflow/example_dags/example_python_operator.py
[2023-12-03T09:56:18.630+0000] {logging_mixin.py:154} INFO - [2023-12-03T09:56:18.630+0000] {dag.py:2941} INFO - Sync 1 DAGs
[2023-12-03T09:56:18.642+0000] {logging_mixin.py:154} INFO - [2023-12-03T09:56:18.642+0000] {dag.py:3722} INFO - Setting next_dagrun for example_python_operator to None, run_after=None
[2023-12-03T09:56:18.658+0000] {processor.py:179} INFO - Processing /home/airflow/.local/lib/python3.8/site-packages/airflow/example_dags/example_python_operator.py took 0.066 seconds
[2023-12-03T09:56:49.479+0000] {processor.py:157} INFO - Started process (PID=1599) to work on /home/airflow/.local/lib/python3.8/site-packages/airflow/example_dags/example_python_operator.py
[2023-12-03T09:56:49.480+0000] {processor.py:829} INFO - Processing file /home/airflow/.local/lib/python3.8/site-packages/airflow/example_dags/example_python_operator.py for tasks to queue
[2023-12-03T09:56:49.483+0000] {logging_mixin.py:154} INFO - [2023-12-03T09:56:49.483+0000] {dagbag.py:536} INFO - Filling up the DagBag from /home/airflow/.local/lib/python3.8/site-packages/airflow/example_dags/example_python_operator.py
[2023-12-03T09:56:49.494+0000] {processor.py:839} INFO - DAG(s) dict_keys(['example_python_operator']) retrieved from /home/airflow/.local/lib/python3.8/site-packages/airflow/example_dags/example_python_operator.py
[2023-12-03T09:56:49.516+0000] {logging_mixin.py:154} INFO - [2023-12-03T09:56:49.516+0000] {dag.py:2941} INFO - Sync 1 DAGs
[2023-12-03T09:56:49.528+0000] {logging_mixin.py:154} INFO - [2023-12-03T09:56:49.528+0000] {dag.py:3722} INFO - Setting next_dagrun for example_python_operator to None, run_after=None
[2023-12-03T09:56:49.544+0000] {processor.py:179} INFO - Processing /home/airflow/.local/lib/python3.8/site-packages/airflow/example_dags/example_python_operator.py took 0.069 seconds
[2023-12-03T09:57:20.324+0000] {processor.py:157} INFO - Started process (PID=1657) to work on /home/airflow/.local/lib/python3.8/site-packages/airflow/example_dags/example_python_operator.py
[2023-12-03T09:57:20.325+0000] {processor.py:829} INFO - Processing file /home/airflow/.local/lib/python3.8/site-packages/airflow/example_dags/example_python_operator.py for tasks to queue
[2023-12-03T09:57:20.327+0000] {logging_mixin.py:154} INFO - [2023-12-03T09:57:20.327+0000] {dagbag.py:536} INFO - Filling up the DagBag from /home/airflow/.local/lib/python3.8/site-packages/airflow/example_dags/example_python_operator.py
[2023-12-03T09:57:20.336+0000] {processor.py:839} INFO - DAG(s) dict_keys(['example_python_operator']) retrieved from /home/airflow/.local/lib/python3.8/site-packages/airflow/example_dags/example_python_operator.py
[2023-12-03T09:57:20.358+0000] {logging_mixin.py:154} INFO - [2023-12-03T09:57:20.358+0000] {dag.py:2941} INFO - Sync 1 DAGs
[2023-12-03T09:57:20.370+0000] {logging_mixin.py:154} INFO - [2023-12-03T09:57:20.370+0000] {dag.py:3722} INFO - Setting next_dagrun for example_python_operator to None, run_after=None
[2023-12-03T09:57:20.386+0000] {processor.py:179} INFO - Processing /home/airflow/.local/lib/python3.8/site-packages/airflow/example_dags/example_python_operator.py took 0.066 seconds
[2023-12-03T09:57:50.546+0000] {processor.py:157} INFO - Started process (PID=1715) to work on /home/airflow/.local/lib/python3.8/site-packages/airflow/example_dags/example_python_operator.py
[2023-12-03T09:57:50.547+0000] {processor.py:829} INFO - Processing file /home/airflow/.local/lib/python3.8/site-packages/airflow/example_dags/example_python_operator.py for tasks to queue
[2023-12-03T09:57:50.549+0000] {logging_mixin.py:154} INFO - [2023-12-03T09:57:50.549+0000] {dagbag.py:536} INFO - Filling up the DagBag from /home/airflow/.local/lib/python3.8/site-packages/airflow/example_dags/example_python_operator.py
[2023-12-03T09:57:50.558+0000] {processor.py:839} INFO - DAG(s) dict_keys(['example_python_operator']) retrieved from /home/airflow/.local/lib/python3.8/site-packages/airflow/example_dags/example_python_operator.py
[2023-12-03T09:57:50.578+0000] {logging_mixin.py:154} INFO - [2023-12-03T09:57:50.578+0000] {dag.py:2941} INFO - Sync 1 DAGs
[2023-12-03T09:57:50.588+0000] {logging_mixin.py:154} INFO - [2023-12-03T09:57:50.588+0000] {dag.py:3722} INFO - Setting next_dagrun for example_python_operator to None, run_after=None
[2023-12-03T09:57:50.602+0000] {processor.py:179} INFO - Processing /home/airflow/.local/lib/python3.8/site-packages/airflow/example_dags/example_python_operator.py took 0.060 seconds
[2023-12-03T09:58:20.701+0000] {processor.py:157} INFO - Started process (PID=1773) to work on /home/airflow/.local/lib/python3.8/site-packages/airflow/example_dags/example_python_operator.py
[2023-12-03T09:58:20.702+0000] {processor.py:829} INFO - Processing file /home/airflow/.local/lib/python3.8/site-packages/airflow/example_dags/example_python_operator.py for tasks to queue
[2023-12-03T09:58:20.704+0000] {logging_mixin.py:154} INFO - [2023-12-03T09:58:20.704+0000] {dagbag.py:536} INFO - Filling up the DagBag from /home/airflow/.local/lib/python3.8/site-packages/airflow/example_dags/example_python_operator.py
[2023-12-03T09:58:20.713+0000] {processor.py:839} INFO - DAG(s) dict_keys(['example_python_operator']) retrieved from /home/airflow/.local/lib/python3.8/site-packages/airflow/example_dags/example_python_operator.py
[2023-12-03T09:58:20.735+0000] {logging_mixin.py:154} INFO - [2023-12-03T09:58:20.735+0000] {dag.py:2941} INFO - Sync 1 DAGs
[2023-12-03T09:58:20.746+0000] {logging_mixin.py:154} INFO - [2023-12-03T09:58:20.746+0000] {dag.py:3722} INFO - Setting next_dagrun for example_python_operator to None, run_after=None
[2023-12-03T09:58:20.761+0000] {processor.py:179} INFO - Processing /home/airflow/.local/lib/python3.8/site-packages/airflow/example_dags/example_python_operator.py took 0.064 seconds
[2023-12-03T09:58:51.006+0000] {processor.py:157} INFO - Started process (PID=1830) to work on /home/airflow/.local/lib/python3.8/site-packages/airflow/example_dags/example_python_operator.py
[2023-12-03T09:58:51.007+0000] {processor.py:829} INFO - Processing file /home/airflow/.local/lib/python3.8/site-packages/airflow/example_dags/example_python_operator.py for tasks to queue
[2023-12-03T09:58:51.011+0000] {logging_mixin.py:154} INFO - [2023-12-03T09:58:51.011+0000] {dagbag.py:536} INFO - Filling up the DagBag from /home/airflow/.local/lib/python3.8/site-packages/airflow/example_dags/example_python_operator.py
[2023-12-03T09:58:51.024+0000] {processor.py:839} INFO - DAG(s) dict_keys(['example_python_operator']) retrieved from /home/airflow/.local/lib/python3.8/site-packages/airflow/example_dags/example_python_operator.py
[2023-12-03T09:58:51.054+0000] {logging_mixin.py:154} INFO - [2023-12-03T09:58:51.054+0000] {dag.py:2941} INFO - Sync 1 DAGs
[2023-12-03T09:58:51.066+0000] {logging_mixin.py:154} INFO - [2023-12-03T09:58:51.066+0000] {dag.py:3722} INFO - Setting next_dagrun for example_python_operator to None, run_after=None
[2023-12-03T09:58:51.081+0000] {processor.py:179} INFO - Processing /home/airflow/.local/lib/python3.8/site-packages/airflow/example_dags/example_python_operator.py took 0.079 seconds
[2023-12-03T09:59:21.635+0000] {processor.py:157} INFO - Started process (PID=1888) to work on /home/airflow/.local/lib/python3.8/site-packages/airflow/example_dags/example_python_operator.py
[2023-12-03T09:59:21.636+0000] {processor.py:829} INFO - Processing file /home/airflow/.local/lib/python3.8/site-packages/airflow/example_dags/example_python_operator.py for tasks to queue
[2023-12-03T09:59:21.638+0000] {logging_mixin.py:154} INFO - [2023-12-03T09:59:21.638+0000] {dagbag.py:536} INFO - Filling up the DagBag from /home/airflow/.local/lib/python3.8/site-packages/airflow/example_dags/example_python_operator.py
[2023-12-03T09:59:21.646+0000] {processor.py:839} INFO - DAG(s) dict_keys(['example_python_operator']) retrieved from /home/airflow/.local/lib/python3.8/site-packages/airflow/example_dags/example_python_operator.py
[2023-12-03T09:59:21.666+0000] {logging_mixin.py:154} INFO - [2023-12-03T09:59:21.666+0000] {dag.py:2941} INFO - Sync 1 DAGs
[2023-12-03T09:59:21.677+0000] {logging_mixin.py:154} INFO - [2023-12-03T09:59:21.676+0000] {dag.py:3722} INFO - Setting next_dagrun for example_python_operator to None, run_after=None
[2023-12-03T09:59:21.690+0000] {processor.py:179} INFO - Processing /home/airflow/.local/lib/python3.8/site-packages/airflow/example_dags/example_python_operator.py took 0.059 seconds
[2023-12-03T09:59:52.652+0000] {processor.py:157} INFO - Started process (PID=1947) to work on /home/airflow/.local/lib/python3.8/site-packages/airflow/example_dags/example_python_operator.py
[2023-12-03T09:59:52.653+0000] {processor.py:829} INFO - Processing file /home/airflow/.local/lib/python3.8/site-packages/airflow/example_dags/example_python_operator.py for tasks to queue
[2023-12-03T09:59:52.655+0000] {logging_mixin.py:154} INFO - [2023-12-03T09:59:52.655+0000] {dagbag.py:536} INFO - Filling up the DagBag from /home/airflow/.local/lib/python3.8/site-packages/airflow/example_dags/example_python_operator.py
[2023-12-03T09:59:52.664+0000] {processor.py:839} INFO - DAG(s) dict_keys(['example_python_operator']) retrieved from /home/airflow/.local/lib/python3.8/site-packages/airflow/example_dags/example_python_operator.py
[2023-12-03T09:59:52.684+0000] {logging_mixin.py:154} INFO - [2023-12-03T09:59:52.683+0000] {dag.py:2941} INFO - Sync 1 DAGs
[2023-12-03T09:59:52.694+0000] {logging_mixin.py:154} INFO - [2023-12-03T09:59:52.694+0000] {dag.py:3722} INFO - Setting next_dagrun for example_python_operator to None, run_after=None
[2023-12-03T09:59:52.708+0000] {processor.py:179} INFO - Processing /home/airflow/.local/lib/python3.8/site-packages/airflow/example_dags/example_python_operator.py took 0.061 seconds
[2023-12-03T10:00:23.056+0000] {processor.py:157} INFO - Started process (PID=2009) to work on /home/airflow/.local/lib/python3.8/site-packages/airflow/example_dags/example_python_operator.py
[2023-12-03T10:00:23.057+0000] {processor.py:829} INFO - Processing file /home/airflow/.local/lib/python3.8/site-packages/airflow/example_dags/example_python_operator.py for tasks to queue
[2023-12-03T10:00:23.059+0000] {logging_mixin.py:154} INFO - [2023-12-03T10:00:23.059+0000] {dagbag.py:536} INFO - Filling up the DagBag from /home/airflow/.local/lib/python3.8/site-packages/airflow/example_dags/example_python_operator.py
[2023-12-03T10:00:23.068+0000] {processor.py:839} INFO - DAG(s) dict_keys(['example_python_operator']) retrieved from /home/airflow/.local/lib/python3.8/site-packages/airflow/example_dags/example_python_operator.py
[2023-12-03T10:00:23.088+0000] {logging_mixin.py:154} INFO - [2023-12-03T10:00:23.088+0000] {dag.py:2941} INFO - Sync 1 DAGs
[2023-12-03T10:00:23.099+0000] {logging_mixin.py:154} INFO - [2023-12-03T10:00:23.099+0000] {dag.py:3722} INFO - Setting next_dagrun for example_python_operator to None, run_after=None
[2023-12-03T10:00:23.113+0000] {processor.py:179} INFO - Processing /home/airflow/.local/lib/python3.8/site-packages/airflow/example_dags/example_python_operator.py took 0.061 seconds
[2023-12-03T10:00:53.743+0000] {processor.py:157} INFO - Started process (PID=2067) to work on /home/airflow/.local/lib/python3.8/site-packages/airflow/example_dags/example_python_operator.py
[2023-12-03T10:00:53.744+0000] {processor.py:829} INFO - Processing file /home/airflow/.local/lib/python3.8/site-packages/airflow/example_dags/example_python_operator.py for tasks to queue
[2023-12-03T10:00:53.747+0000] {logging_mixin.py:154} INFO - [2023-12-03T10:00:53.747+0000] {dagbag.py:536} INFO - Filling up the DagBag from /home/airflow/.local/lib/python3.8/site-packages/airflow/example_dags/example_python_operator.py
[2023-12-03T10:00:53.757+0000] {processor.py:839} INFO - DAG(s) dict_keys(['example_python_operator']) retrieved from /home/airflow/.local/lib/python3.8/site-packages/airflow/example_dags/example_python_operator.py
[2023-12-03T10:00:53.782+0000] {logging_mixin.py:154} INFO - [2023-12-03T10:00:53.782+0000] {dag.py:2941} INFO - Sync 1 DAGs
[2023-12-03T10:00:53.795+0000] {logging_mixin.py:154} INFO - [2023-12-03T10:00:53.794+0000] {dag.py:3722} INFO - Setting next_dagrun for example_python_operator to None, run_after=None
[2023-12-03T10:00:53.813+0000] {processor.py:179} INFO - Processing /home/airflow/.local/lib/python3.8/site-packages/airflow/example_dags/example_python_operator.py took 0.073 seconds
[2023-12-03T10:01:24.773+0000] {processor.py:157} INFO - Started process (PID=2125) to work on /home/airflow/.local/lib/python3.8/site-packages/airflow/example_dags/example_python_operator.py
[2023-12-03T10:01:24.774+0000] {processor.py:829} INFO - Processing file /home/airflow/.local/lib/python3.8/site-packages/airflow/example_dags/example_python_operator.py for tasks to queue
[2023-12-03T10:01:24.776+0000] {logging_mixin.py:154} INFO - [2023-12-03T10:01:24.776+0000] {dagbag.py:536} INFO - Filling up the DagBag from /home/airflow/.local/lib/python3.8/site-packages/airflow/example_dags/example_python_operator.py
[2023-12-03T10:01:24.785+0000] {processor.py:839} INFO - DAG(s) dict_keys(['example_python_operator']) retrieved from /home/airflow/.local/lib/python3.8/site-packages/airflow/example_dags/example_python_operator.py
[2023-12-03T10:01:24.805+0000] {logging_mixin.py:154} INFO - [2023-12-03T10:01:24.805+0000] {dag.py:2941} INFO - Sync 1 DAGs
[2023-12-03T10:01:24.815+0000] {logging_mixin.py:154} INFO - [2023-12-03T10:01:24.815+0000] {dag.py:3722} INFO - Setting next_dagrun for example_python_operator to None, run_after=None
[2023-12-03T10:01:24.831+0000] {processor.py:179} INFO - Processing /home/airflow/.local/lib/python3.8/site-packages/airflow/example_dags/example_python_operator.py took 0.062 seconds
[2023-12-03T10:01:55.195+0000] {processor.py:157} INFO - Started process (PID=2185) to work on /home/airflow/.local/lib/python3.8/site-packages/airflow/example_dags/example_python_operator.py
[2023-12-03T10:01:55.196+0000] {processor.py:829} INFO - Processing file /home/airflow/.local/lib/python3.8/site-packages/airflow/example_dags/example_python_operator.py for tasks to queue
[2023-12-03T10:01:55.198+0000] {logging_mixin.py:154} INFO - [2023-12-03T10:01:55.198+0000] {dagbag.py:536} INFO - Filling up the DagBag from /home/airflow/.local/lib/python3.8/site-packages/airflow/example_dags/example_python_operator.py
[2023-12-03T10:01:55.206+0000] {processor.py:839} INFO - DAG(s) dict_keys(['example_python_operator']) retrieved from /home/airflow/.local/lib/python3.8/site-packages/airflow/example_dags/example_python_operator.py
[2023-12-03T10:01:55.224+0000] {logging_mixin.py:154} INFO - [2023-12-03T10:01:55.224+0000] {dag.py:2941} INFO - Sync 1 DAGs
[2023-12-03T10:01:55.234+0000] {logging_mixin.py:154} INFO - [2023-12-03T10:01:55.234+0000] {dag.py:3722} INFO - Setting next_dagrun for example_python_operator to None, run_after=None
[2023-12-03T10:01:55.247+0000] {processor.py:179} INFO - Processing /home/airflow/.local/lib/python3.8/site-packages/airflow/example_dags/example_python_operator.py took 0.056 seconds
[2023-12-03T10:02:25.379+0000] {processor.py:157} INFO - Started process (PID=2243) to work on /home/airflow/.local/lib/python3.8/site-packages/airflow/example_dags/example_python_operator.py
[2023-12-03T10:02:25.380+0000] {processor.py:829} INFO - Processing file /home/airflow/.local/lib/python3.8/site-packages/airflow/example_dags/example_python_operator.py for tasks to queue
[2023-12-03T10:02:25.382+0000] {logging_mixin.py:154} INFO - [2023-12-03T10:02:25.382+0000] {dagbag.py:536} INFO - Filling up the DagBag from /home/airflow/.local/lib/python3.8/site-packages/airflow/example_dags/example_python_operator.py
[2023-12-03T10:02:25.391+0000] {processor.py:839} INFO - DAG(s) dict_keys(['example_python_operator']) retrieved from /home/airflow/.local/lib/python3.8/site-packages/airflow/example_dags/example_python_operator.py
[2023-12-03T10:02:25.410+0000] {logging_mixin.py:154} INFO - [2023-12-03T10:02:25.410+0000] {dag.py:2941} INFO - Sync 1 DAGs
[2023-12-03T10:02:25.420+0000] {logging_mixin.py:154} INFO - [2023-12-03T10:02:25.420+0000] {dag.py:3722} INFO - Setting next_dagrun for example_python_operator to None, run_after=None
[2023-12-03T10:02:25.436+0000] {processor.py:179} INFO - Processing /home/airflow/.local/lib/python3.8/site-packages/airflow/example_dags/example_python_operator.py took 0.061 seconds
[2023-12-03T10:02:56.326+0000] {processor.py:157} INFO - Started process (PID=2301) to work on /home/airflow/.local/lib/python3.8/site-packages/airflow/example_dags/example_python_operator.py
[2023-12-03T10:02:56.327+0000] {processor.py:829} INFO - Processing file /home/airflow/.local/lib/python3.8/site-packages/airflow/example_dags/example_python_operator.py for tasks to queue
[2023-12-03T10:02:56.330+0000] {logging_mixin.py:154} INFO - [2023-12-03T10:02:56.329+0000] {dagbag.py:536} INFO - Filling up the DagBag from /home/airflow/.local/lib/python3.8/site-packages/airflow/example_dags/example_python_operator.py
[2023-12-03T10:02:56.340+0000] {processor.py:839} INFO - DAG(s) dict_keys(['example_python_operator']) retrieved from /home/airflow/.local/lib/python3.8/site-packages/airflow/example_dags/example_python_operator.py
[2023-12-03T10:02:56.364+0000] {logging_mixin.py:154} INFO - [2023-12-03T10:02:56.364+0000] {dag.py:2941} INFO - Sync 1 DAGs
[2023-12-03T10:02:56.376+0000] {logging_mixin.py:154} INFO - [2023-12-03T10:02:56.376+0000] {dag.py:3722} INFO - Setting next_dagrun for example_python_operator to None, run_after=None
[2023-12-03T10:02:56.393+0000] {processor.py:179} INFO - Processing /home/airflow/.local/lib/python3.8/site-packages/airflow/example_dags/example_python_operator.py took 0.072 seconds
[2023-12-03T10:03:26.549+0000] {processor.py:157} INFO - Started process (PID=2357) to work on /home/airflow/.local/lib/python3.8/site-packages/airflow/example_dags/example_python_operator.py
[2023-12-03T10:03:26.550+0000] {processor.py:829} INFO - Processing file /home/airflow/.local/lib/python3.8/site-packages/airflow/example_dags/example_python_operator.py for tasks to queue
[2023-12-03T10:03:26.552+0000] {logging_mixin.py:154} INFO - [2023-12-03T10:03:26.552+0000] {dagbag.py:536} INFO - Filling up the DagBag from /home/airflow/.local/lib/python3.8/site-packages/airflow/example_dags/example_python_operator.py
[2023-12-03T10:03:26.562+0000] {processor.py:839} INFO - DAG(s) dict_keys(['example_python_operator']) retrieved from /home/airflow/.local/lib/python3.8/site-packages/airflow/example_dags/example_python_operator.py
[2023-12-03T10:03:26.582+0000] {logging_mixin.py:154} INFO - [2023-12-03T10:03:26.582+0000] {dag.py:2941} INFO - Sync 1 DAGs
[2023-12-03T10:03:26.594+0000] {logging_mixin.py:154} INFO - [2023-12-03T10:03:26.593+0000] {dag.py:3722} INFO - Setting next_dagrun for example_python_operator to None, run_after=None
[2023-12-03T10:03:26.609+0000] {processor.py:179} INFO - Processing /home/airflow/.local/lib/python3.8/site-packages/airflow/example_dags/example_python_operator.py took 0.065 seconds
[2023-12-03T10:03:56.732+0000] {processor.py:157} INFO - Started process (PID=2415) to work on /home/airflow/.local/lib/python3.8/site-packages/airflow/example_dags/example_python_operator.py
[2023-12-03T10:03:56.733+0000] {processor.py:829} INFO - Processing file /home/airflow/.local/lib/python3.8/site-packages/airflow/example_dags/example_python_operator.py for tasks to queue
[2023-12-03T10:03:56.736+0000] {logging_mixin.py:154} INFO - [2023-12-03T10:03:56.736+0000] {dagbag.py:536} INFO - Filling up the DagBag from /home/airflow/.local/lib/python3.8/site-packages/airflow/example_dags/example_python_operator.py
[2023-12-03T10:03:56.745+0000] {processor.py:839} INFO - DAG(s) dict_keys(['example_python_operator']) retrieved from /home/airflow/.local/lib/python3.8/site-packages/airflow/example_dags/example_python_operator.py
[2023-12-03T10:03:56.765+0000] {logging_mixin.py:154} INFO - [2023-12-03T10:03:56.765+0000] {dag.py:2941} INFO - Sync 1 DAGs
[2023-12-03T10:03:56.775+0000] {logging_mixin.py:154} INFO - [2023-12-03T10:03:56.775+0000] {dag.py:3722} INFO - Setting next_dagrun for example_python_operator to None, run_after=None
[2023-12-03T10:03:56.790+0000] {processor.py:179} INFO - Processing /home/airflow/.local/lib/python3.8/site-packages/airflow/example_dags/example_python_operator.py took 0.061 seconds
[2023-12-03T10:04:27.336+0000] {processor.py:157} INFO - Started process (PID=2473) to work on /home/airflow/.local/lib/python3.8/site-packages/airflow/example_dags/example_python_operator.py
[2023-12-03T10:04:27.337+0000] {processor.py:829} INFO - Processing file /home/airflow/.local/lib/python3.8/site-packages/airflow/example_dags/example_python_operator.py for tasks to queue
[2023-12-03T10:04:27.339+0000] {logging_mixin.py:154} INFO - [2023-12-03T10:04:27.339+0000] {dagbag.py:536} INFO - Filling up the DagBag from /home/airflow/.local/lib/python3.8/site-packages/airflow/example_dags/example_python_operator.py
[2023-12-03T10:04:27.350+0000] {processor.py:839} INFO - DAG(s) dict_keys(['example_python_operator']) retrieved from /home/airflow/.local/lib/python3.8/site-packages/airflow/example_dags/example_python_operator.py
[2023-12-03T10:04:27.375+0000] {logging_mixin.py:154} INFO - [2023-12-03T10:04:27.375+0000] {dag.py:2941} INFO - Sync 1 DAGs
[2023-12-03T10:04:27.390+0000] {logging_mixin.py:154} INFO - [2023-12-03T10:04:27.389+0000] {dag.py:3722} INFO - Setting next_dagrun for example_python_operator to None, run_after=None
[2023-12-03T10:04:27.408+0000] {processor.py:179} INFO - Processing /home/airflow/.local/lib/python3.8/site-packages/airflow/example_dags/example_python_operator.py took 0.076 seconds
[2023-12-03T10:04:57.911+0000] {processor.py:157} INFO - Started process (PID=2531) to work on /home/airflow/.local/lib/python3.8/site-packages/airflow/example_dags/example_python_operator.py
[2023-12-03T10:04:57.912+0000] {processor.py:829} INFO - Processing file /home/airflow/.local/lib/python3.8/site-packages/airflow/example_dags/example_python_operator.py for tasks to queue
[2023-12-03T10:04:57.914+0000] {logging_mixin.py:154} INFO - [2023-12-03T10:04:57.914+0000] {dagbag.py:536} INFO - Filling up the DagBag from /home/airflow/.local/lib/python3.8/site-packages/airflow/example_dags/example_python_operator.py
[2023-12-03T10:04:57.924+0000] {processor.py:839} INFO - DAG(s) dict_keys(['example_python_operator']) retrieved from /home/airflow/.local/lib/python3.8/site-packages/airflow/example_dags/example_python_operator.py
[2023-12-03T10:04:57.946+0000] {logging_mixin.py:154} INFO - [2023-12-03T10:04:57.946+0000] {dag.py:2941} INFO - Sync 1 DAGs
[2023-12-03T10:04:57.963+0000] {logging_mixin.py:154} INFO - [2023-12-03T10:04:57.963+0000] {dag.py:3722} INFO - Setting next_dagrun for example_python_operator to None, run_after=None
[2023-12-03T10:04:57.980+0000] {processor.py:179} INFO - Processing /home/airflow/.local/lib/python3.8/site-packages/airflow/example_dags/example_python_operator.py took 0.074 seconds
[2023-12-03T10:05:28.366+0000] {processor.py:157} INFO - Started process (PID=2589) to work on /home/airflow/.local/lib/python3.8/site-packages/airflow/example_dags/example_python_operator.py
[2023-12-03T10:05:28.367+0000] {processor.py:829} INFO - Processing file /home/airflow/.local/lib/python3.8/site-packages/airflow/example_dags/example_python_operator.py for tasks to queue
[2023-12-03T10:05:28.369+0000] {logging_mixin.py:154} INFO - [2023-12-03T10:05:28.369+0000] {dagbag.py:536} INFO - Filling up the DagBag from /home/airflow/.local/lib/python3.8/site-packages/airflow/example_dags/example_python_operator.py
[2023-12-03T10:05:28.378+0000] {processor.py:839} INFO - DAG(s) dict_keys(['example_python_operator']) retrieved from /home/airflow/.local/lib/python3.8/site-packages/airflow/example_dags/example_python_operator.py
[2023-12-03T10:05:28.398+0000] {logging_mixin.py:154} INFO - [2023-12-03T10:05:28.398+0000] {dag.py:2941} INFO - Sync 1 DAGs
[2023-12-03T10:05:28.408+0000] {logging_mixin.py:154} INFO - [2023-12-03T10:05:28.408+0000] {dag.py:3722} INFO - Setting next_dagrun for example_python_operator to None, run_after=None
[2023-12-03T10:05:28.422+0000] {processor.py:179} INFO - Processing /home/airflow/.local/lib/python3.8/site-packages/airflow/example_dags/example_python_operator.py took 0.059 seconds
[2023-12-03T10:05:58.527+0000] {processor.py:157} INFO - Started process (PID=2646) to work on /home/airflow/.local/lib/python3.8/site-packages/airflow/example_dags/example_python_operator.py
[2023-12-03T10:05:58.528+0000] {processor.py:829} INFO - Processing file /home/airflow/.local/lib/python3.8/site-packages/airflow/example_dags/example_python_operator.py for tasks to queue
[2023-12-03T10:05:58.530+0000] {logging_mixin.py:154} INFO - [2023-12-03T10:05:58.530+0000] {dagbag.py:536} INFO - Filling up the DagBag from /home/airflow/.local/lib/python3.8/site-packages/airflow/example_dags/example_python_operator.py
[2023-12-03T10:05:58.540+0000] {processor.py:839} INFO - DAG(s) dict_keys(['example_python_operator']) retrieved from /home/airflow/.local/lib/python3.8/site-packages/airflow/example_dags/example_python_operator.py
[2023-12-03T10:05:58.558+0000] {logging_mixin.py:154} INFO - [2023-12-03T10:05:58.557+0000] {dag.py:2941} INFO - Sync 1 DAGs
[2023-12-03T10:05:58.567+0000] {logging_mixin.py:154} INFO - [2023-12-03T10:05:58.567+0000] {dag.py:3722} INFO - Setting next_dagrun for example_python_operator to None, run_after=None
[2023-12-03T10:05:58.580+0000] {processor.py:179} INFO - Processing /home/airflow/.local/lib/python3.8/site-packages/airflow/example_dags/example_python_operator.py took 0.057 seconds
[2023-12-03T10:06:28.669+0000] {processor.py:157} INFO - Started process (PID=2704) to work on /home/airflow/.local/lib/python3.8/site-packages/airflow/example_dags/example_python_operator.py
[2023-12-03T10:06:28.670+0000] {processor.py:829} INFO - Processing file /home/airflow/.local/lib/python3.8/site-packages/airflow/example_dags/example_python_operator.py for tasks to queue
[2023-12-03T10:06:28.674+0000] {logging_mixin.py:154} INFO - [2023-12-03T10:06:28.673+0000] {dagbag.py:536} INFO - Filling up the DagBag from /home/airflow/.local/lib/python3.8/site-packages/airflow/example_dags/example_python_operator.py
[2023-12-03T10:06:28.687+0000] {processor.py:839} INFO - DAG(s) dict_keys(['example_python_operator']) retrieved from /home/airflow/.local/lib/python3.8/site-packages/airflow/example_dags/example_python_operator.py
[2023-12-03T10:06:28.711+0000] {logging_mixin.py:154} INFO - [2023-12-03T10:06:28.711+0000] {dag.py:2941} INFO - Sync 1 DAGs
[2023-12-03T10:06:28.725+0000] {logging_mixin.py:154} INFO - [2023-12-03T10:06:28.725+0000] {dag.py:3722} INFO - Setting next_dagrun for example_python_operator to None, run_after=None
[2023-12-03T10:06:28.745+0000] {processor.py:179} INFO - Processing /home/airflow/.local/lib/python3.8/site-packages/airflow/example_dags/example_python_operator.py took 0.081 seconds
[2023-12-03T10:06:58.975+0000] {processor.py:157} INFO - Started process (PID=2762) to work on /home/airflow/.local/lib/python3.8/site-packages/airflow/example_dags/example_python_operator.py
[2023-12-03T10:06:58.976+0000] {processor.py:829} INFO - Processing file /home/airflow/.local/lib/python3.8/site-packages/airflow/example_dags/example_python_operator.py for tasks to queue
[2023-12-03T10:06:58.978+0000] {logging_mixin.py:154} INFO - [2023-12-03T10:06:58.978+0000] {dagbag.py:536} INFO - Filling up the DagBag from /home/airflow/.local/lib/python3.8/site-packages/airflow/example_dags/example_python_operator.py
[2023-12-03T10:06:58.988+0000] {processor.py:839} INFO - DAG(s) dict_keys(['example_python_operator']) retrieved from /home/airflow/.local/lib/python3.8/site-packages/airflow/example_dags/example_python_operator.py
[2023-12-03T10:06:59.010+0000] {logging_mixin.py:154} INFO - [2023-12-03T10:06:59.010+0000] {dag.py:2941} INFO - Sync 1 DAGs
[2023-12-03T10:06:59.022+0000] {logging_mixin.py:154} INFO - [2023-12-03T10:06:59.021+0000] {dag.py:3722} INFO - Setting next_dagrun for example_python_operator to None, run_after=None
[2023-12-03T10:06:59.038+0000] {processor.py:179} INFO - Processing /home/airflow/.local/lib/python3.8/site-packages/airflow/example_dags/example_python_operator.py took 0.067 seconds
[2023-12-03T10:07:29.087+0000] {processor.py:157} INFO - Started process (PID=2820) to work on /home/airflow/.local/lib/python3.8/site-packages/airflow/example_dags/example_python_operator.py
[2023-12-03T10:07:29.088+0000] {processor.py:829} INFO - Processing file /home/airflow/.local/lib/python3.8/site-packages/airflow/example_dags/example_python_operator.py for tasks to queue
[2023-12-03T10:07:29.091+0000] {logging_mixin.py:154} INFO - [2023-12-03T10:07:29.091+0000] {dagbag.py:536} INFO - Filling up the DagBag from /home/airflow/.local/lib/python3.8/site-packages/airflow/example_dags/example_python_operator.py
[2023-12-03T10:07:29.100+0000] {processor.py:839} INFO - DAG(s) dict_keys(['example_python_operator']) retrieved from /home/airflow/.local/lib/python3.8/site-packages/airflow/example_dags/example_python_operator.py
[2023-12-03T10:07:29.121+0000] {logging_mixin.py:154} INFO - [2023-12-03T10:07:29.121+0000] {dag.py:2941} INFO - Sync 1 DAGs
[2023-12-03T10:07:29.133+0000] {logging_mixin.py:154} INFO - [2023-12-03T10:07:29.133+0000] {dag.py:3722} INFO - Setting next_dagrun for example_python_operator to None, run_after=None
[2023-12-03T10:07:29.149+0000] {processor.py:179} INFO - Processing /home/airflow/.local/lib/python3.8/site-packages/airflow/example_dags/example_python_operator.py took 0.066 seconds
[2023-12-03T10:07:59.420+0000] {processor.py:157} INFO - Started process (PID=2878) to work on /home/airflow/.local/lib/python3.8/site-packages/airflow/example_dags/example_python_operator.py
[2023-12-03T10:07:59.421+0000] {processor.py:829} INFO - Processing file /home/airflow/.local/lib/python3.8/site-packages/airflow/example_dags/example_python_operator.py for tasks to queue
[2023-12-03T10:07:59.423+0000] {logging_mixin.py:154} INFO - [2023-12-03T10:07:59.423+0000] {dagbag.py:536} INFO - Filling up the DagBag from /home/airflow/.local/lib/python3.8/site-packages/airflow/example_dags/example_python_operator.py
[2023-12-03T10:07:59.430+0000] {processor.py:839} INFO - DAG(s) dict_keys(['example_python_operator']) retrieved from /home/airflow/.local/lib/python3.8/site-packages/airflow/example_dags/example_python_operator.py
[2023-12-03T10:07:59.445+0000] {logging_mixin.py:154} INFO - [2023-12-03T10:07:59.445+0000] {dag.py:2941} INFO - Sync 1 DAGs
[2023-12-03T10:07:59.453+0000] {logging_mixin.py:154} INFO - [2023-12-03T10:07:59.453+0000] {dag.py:3722} INFO - Setting next_dagrun for example_python_operator to None, run_after=None
[2023-12-03T10:07:59.462+0000] {processor.py:179} INFO - Processing /home/airflow/.local/lib/python3.8/site-packages/airflow/example_dags/example_python_operator.py took 0.045 seconds
[2023-12-03T11:28:21.148+0000] {processor.py:157} INFO - Started process (PID=2934) to work on /home/airflow/.local/lib/python3.8/site-packages/airflow/example_dags/example_python_operator.py
[2023-12-03T11:28:21.150+0000] {processor.py:829} INFO - Processing file /home/airflow/.local/lib/python3.8/site-packages/airflow/example_dags/example_python_operator.py for tasks to queue
[2023-12-03T11:28:21.152+0000] {logging_mixin.py:154} INFO - [2023-12-03T11:28:21.152+0000] {dagbag.py:536} INFO - Filling up the DagBag from /home/airflow/.local/lib/python3.8/site-packages/airflow/example_dags/example_python_operator.py
[2023-12-03T11:28:21.165+0000] {processor.py:839} INFO - DAG(s) dict_keys(['example_python_operator']) retrieved from /home/airflow/.local/lib/python3.8/site-packages/airflow/example_dags/example_python_operator.py
[2023-12-03T11:28:21.184+0000] {logging_mixin.py:154} INFO - [2023-12-03T11:28:21.183+0000] {dag.py:2941} INFO - Sync 1 DAGs
[2023-12-03T11:28:21.194+0000] {logging_mixin.py:154} INFO - [2023-12-03T11:28:21.194+0000] {dag.py:3722} INFO - Setting next_dagrun for example_python_operator to None, run_after=None
[2023-12-03T11:28:21.209+0000] {processor.py:179} INFO - Processing /home/airflow/.local/lib/python3.8/site-packages/airflow/example_dags/example_python_operator.py took 0.064 seconds
[2023-12-03T12:09:30.672+0000] {processor.py:157} INFO - Started process (PID=2991) to work on /home/airflow/.local/lib/python3.8/site-packages/airflow/example_dags/example_python_operator.py
[2023-12-03T12:09:30.674+0000] {processor.py:829} INFO - Processing file /home/airflow/.local/lib/python3.8/site-packages/airflow/example_dags/example_python_operator.py for tasks to queue
[2023-12-03T12:09:30.676+0000] {logging_mixin.py:154} INFO - [2023-12-03T12:09:30.676+0000] {dagbag.py:536} INFO - Filling up the DagBag from /home/airflow/.local/lib/python3.8/site-packages/airflow/example_dags/example_python_operator.py
[2023-12-03T12:09:30.685+0000] {processor.py:839} INFO - DAG(s) dict_keys(['example_python_operator']) retrieved from /home/airflow/.local/lib/python3.8/site-packages/airflow/example_dags/example_python_operator.py
[2023-12-03T12:09:30.707+0000] {logging_mixin.py:154} INFO - [2023-12-03T12:09:30.707+0000] {dag.py:2941} INFO - Sync 1 DAGs
[2023-12-03T12:09:30.718+0000] {logging_mixin.py:154} INFO - [2023-12-03T12:09:30.718+0000] {dag.py:3722} INFO - Setting next_dagrun for example_python_operator to None, run_after=None
[2023-12-03T12:09:30.733+0000] {processor.py:179} INFO - Processing /home/airflow/.local/lib/python3.8/site-packages/airflow/example_dags/example_python_operator.py took 0.065 seconds
[2023-12-03T12:27:33.086+0000] {processor.py:157} INFO - Started process (PID=3049) to work on /home/airflow/.local/lib/python3.8/site-packages/airflow/example_dags/example_python_operator.py
[2023-12-03T12:27:33.087+0000] {processor.py:829} INFO - Processing file /home/airflow/.local/lib/python3.8/site-packages/airflow/example_dags/example_python_operator.py for tasks to queue
[2023-12-03T12:27:33.089+0000] {logging_mixin.py:154} INFO - [2023-12-03T12:27:33.089+0000] {dagbag.py:536} INFO - Filling up the DagBag from /home/airflow/.local/lib/python3.8/site-packages/airflow/example_dags/example_python_operator.py
[2023-12-03T12:27:33.097+0000] {processor.py:839} INFO - DAG(s) dict_keys(['example_python_operator']) retrieved from /home/airflow/.local/lib/python3.8/site-packages/airflow/example_dags/example_python_operator.py
[2023-12-03T12:27:33.118+0000] {logging_mixin.py:154} INFO - [2023-12-03T12:27:33.118+0000] {dag.py:2941} INFO - Sync 1 DAGs
[2023-12-03T12:27:33.129+0000] {logging_mixin.py:154} INFO - [2023-12-03T12:27:33.129+0000] {dag.py:3722} INFO - Setting next_dagrun for example_python_operator to None, run_after=None
[2023-12-03T12:27:33.146+0000] {processor.py:179} INFO - Processing /home/airflow/.local/lib/python3.8/site-packages/airflow/example_dags/example_python_operator.py took 0.064 seconds
[2023-12-03T12:44:56.389+0000] {processor.py:157} INFO - Started process (PID=3107) to work on /home/airflow/.local/lib/python3.8/site-packages/airflow/example_dags/example_python_operator.py
[2023-12-03T12:44:56.391+0000] {processor.py:829} INFO - Processing file /home/airflow/.local/lib/python3.8/site-packages/airflow/example_dags/example_python_operator.py for tasks to queue
[2023-12-03T12:44:56.394+0000] {logging_mixin.py:154} INFO - [2023-12-03T12:44:56.394+0000] {dagbag.py:536} INFO - Filling up the DagBag from /home/airflow/.local/lib/python3.8/site-packages/airflow/example_dags/example_python_operator.py
[2023-12-03T12:44:56.405+0000] {processor.py:839} INFO - DAG(s) dict_keys(['example_python_operator']) retrieved from /home/airflow/.local/lib/python3.8/site-packages/airflow/example_dags/example_python_operator.py
[2023-12-03T12:44:56.433+0000] {logging_mixin.py:154} INFO - [2023-12-03T12:44:56.433+0000] {dag.py:2941} INFO - Sync 1 DAGs
[2023-12-03T12:44:56.456+0000] {logging_mixin.py:154} INFO - [2023-12-03T12:44:56.456+0000] {dag.py:3722} INFO - Setting next_dagrun for example_python_operator to None, run_after=None
[2023-12-03T12:44:56.491+0000] {processor.py:179} INFO - Processing /home/airflow/.local/lib/python3.8/site-packages/airflow/example_dags/example_python_operator.py took 0.105 seconds
[2023-12-03T13:35:11.761+0000] {processor.py:157} INFO - Started process (PID=3165) to work on /home/airflow/.local/lib/python3.8/site-packages/airflow/example_dags/example_python_operator.py
[2023-12-03T13:35:11.763+0000] {processor.py:829} INFO - Processing file /home/airflow/.local/lib/python3.8/site-packages/airflow/example_dags/example_python_operator.py for tasks to queue
[2023-12-03T13:35:11.765+0000] {logging_mixin.py:154} INFO - [2023-12-03T13:35:11.765+0000] {dagbag.py:536} INFO - Filling up the DagBag from /home/airflow/.local/lib/python3.8/site-packages/airflow/example_dags/example_python_operator.py
[2023-12-03T13:35:11.773+0000] {processor.py:839} INFO - DAG(s) dict_keys(['example_python_operator']) retrieved from /home/airflow/.local/lib/python3.8/site-packages/airflow/example_dags/example_python_operator.py
[2023-12-03T13:35:11.791+0000] {logging_mixin.py:154} INFO - [2023-12-03T13:35:11.791+0000] {dag.py:2941} INFO - Sync 1 DAGs
[2023-12-03T13:35:11.800+0000] {logging_mixin.py:154} INFO - [2023-12-03T13:35:11.800+0000] {dag.py:3722} INFO - Setting next_dagrun for example_python_operator to None, run_after=None
[2023-12-03T13:35:11.817+0000] {processor.py:179} INFO - Processing /home/airflow/.local/lib/python3.8/site-packages/airflow/example_dags/example_python_operator.py took 0.059 seconds
[2023-12-03T14:27:25.768+0000] {processor.py:157} INFO - Started process (PID=3223) to work on /home/airflow/.local/lib/python3.8/site-packages/airflow/example_dags/example_python_operator.py
[2023-12-03T14:27:25.769+0000] {processor.py:829} INFO - Processing file /home/airflow/.local/lib/python3.8/site-packages/airflow/example_dags/example_python_operator.py for tasks to queue
[2023-12-03T14:27:25.771+0000] {logging_mixin.py:154} INFO - [2023-12-03T14:27:25.771+0000] {dagbag.py:536} INFO - Filling up the DagBag from /home/airflow/.local/lib/python3.8/site-packages/airflow/example_dags/example_python_operator.py
[2023-12-03T14:27:25.780+0000] {processor.py:839} INFO - DAG(s) dict_keys(['example_python_operator']) retrieved from /home/airflow/.local/lib/python3.8/site-packages/airflow/example_dags/example_python_operator.py
[2023-12-03T14:27:25.797+0000] {logging_mixin.py:154} INFO - [2023-12-03T14:27:25.797+0000] {dag.py:2941} INFO - Sync 1 DAGs
[2023-12-03T14:27:25.807+0000] {logging_mixin.py:154} INFO - [2023-12-03T14:27:25.806+0000] {dag.py:3722} INFO - Setting next_dagrun for example_python_operator to None, run_after=None
[2023-12-03T14:27:25.823+0000] {processor.py:179} INFO - Processing /home/airflow/.local/lib/python3.8/site-packages/airflow/example_dags/example_python_operator.py took 0.059 seconds
[2023-12-03T15:18:34.366+0000] {processor.py:157} INFO - Started process (PID=3281) to work on /home/airflow/.local/lib/python3.8/site-packages/airflow/example_dags/example_python_operator.py
[2023-12-03T15:18:34.368+0000] {processor.py:829} INFO - Processing file /home/airflow/.local/lib/python3.8/site-packages/airflow/example_dags/example_python_operator.py for tasks to queue
[2023-12-03T15:18:34.370+0000] {logging_mixin.py:154} INFO - [2023-12-03T15:18:34.370+0000] {dagbag.py:536} INFO - Filling up the DagBag from /home/airflow/.local/lib/python3.8/site-packages/airflow/example_dags/example_python_operator.py
[2023-12-03T15:18:34.378+0000] {processor.py:839} INFO - DAG(s) dict_keys(['example_python_operator']) retrieved from /home/airflow/.local/lib/python3.8/site-packages/airflow/example_dags/example_python_operator.py
[2023-12-03T15:18:34.401+0000] {logging_mixin.py:154} INFO - [2023-12-03T15:18:34.401+0000] {dag.py:2941} INFO - Sync 1 DAGs
[2023-12-03T15:18:34.410+0000] {logging_mixin.py:154} INFO - [2023-12-03T15:18:34.410+0000] {dag.py:3722} INFO - Setting next_dagrun for example_python_operator to None, run_after=None
[2023-12-03T15:18:34.425+0000] {processor.py:179} INFO - Processing /home/airflow/.local/lib/python3.8/site-packages/airflow/example_dags/example_python_operator.py took 0.061 seconds
[2023-12-03T16:07:34.474+0000] {processor.py:157} INFO - Started process (PID=3339) to work on /home/airflow/.local/lib/python3.8/site-packages/airflow/example_dags/example_python_operator.py
[2023-12-03T16:07:34.475+0000] {processor.py:829} INFO - Processing file /home/airflow/.local/lib/python3.8/site-packages/airflow/example_dags/example_python_operator.py for tasks to queue
[2023-12-03T16:07:34.477+0000] {logging_mixin.py:154} INFO - [2023-12-03T16:07:34.477+0000] {dagbag.py:536} INFO - Filling up the DagBag from /home/airflow/.local/lib/python3.8/site-packages/airflow/example_dags/example_python_operator.py
[2023-12-03T16:07:34.486+0000] {processor.py:839} INFO - DAG(s) dict_keys(['example_python_operator']) retrieved from /home/airflow/.local/lib/python3.8/site-packages/airflow/example_dags/example_python_operator.py
[2023-12-03T16:07:34.506+0000] {logging_mixin.py:154} INFO - [2023-12-03T16:07:34.506+0000] {dag.py:2941} INFO - Sync 1 DAGs
[2023-12-03T16:07:34.515+0000] {logging_mixin.py:154} INFO - [2023-12-03T16:07:34.515+0000] {dag.py:3722} INFO - Setting next_dagrun for example_python_operator to None, run_after=None
[2023-12-03T16:07:34.529+0000] {processor.py:179} INFO - Processing /home/airflow/.local/lib/python3.8/site-packages/airflow/example_dags/example_python_operator.py took 0.059 seconds
[2023-12-03T16:58:05.369+0000] {processor.py:157} INFO - Started process (PID=3397) to work on /home/airflow/.local/lib/python3.8/site-packages/airflow/example_dags/example_python_operator.py
[2023-12-03T16:58:05.371+0000] {processor.py:829} INFO - Processing file /home/airflow/.local/lib/python3.8/site-packages/airflow/example_dags/example_python_operator.py for tasks to queue
[2023-12-03T16:58:05.374+0000] {logging_mixin.py:154} INFO - [2023-12-03T16:58:05.373+0000] {dagbag.py:536} INFO - Filling up the DagBag from /home/airflow/.local/lib/python3.8/site-packages/airflow/example_dags/example_python_operator.py
[2023-12-03T16:58:05.383+0000] {processor.py:839} INFO - DAG(s) dict_keys(['example_python_operator']) retrieved from /home/airflow/.local/lib/python3.8/site-packages/airflow/example_dags/example_python_operator.py
[2023-12-03T16:58:05.400+0000] {logging_mixin.py:154} INFO - [2023-12-03T16:58:05.400+0000] {dag.py:2941} INFO - Sync 1 DAGs
[2023-12-03T16:58:05.409+0000] {logging_mixin.py:154} INFO - [2023-12-03T16:58:05.409+0000] {dag.py:3722} INFO - Setting next_dagrun for example_python_operator to None, run_after=None
[2023-12-03T16:58:05.423+0000] {processor.py:179} INFO - Processing /home/airflow/.local/lib/python3.8/site-packages/airflow/example_dags/example_python_operator.py took 0.057 seconds
[2023-12-03T17:46:23.658+0000] {processor.py:157} INFO - Started process (PID=3455) to work on /home/airflow/.local/lib/python3.8/site-packages/airflow/example_dags/example_python_operator.py
[2023-12-03T17:46:23.659+0000] {processor.py:829} INFO - Processing file /home/airflow/.local/lib/python3.8/site-packages/airflow/example_dags/example_python_operator.py for tasks to queue
[2023-12-03T17:46:23.661+0000] {logging_mixin.py:154} INFO - [2023-12-03T17:46:23.661+0000] {dagbag.py:536} INFO - Filling up the DagBag from /home/airflow/.local/lib/python3.8/site-packages/airflow/example_dags/example_python_operator.py
[2023-12-03T17:46:23.668+0000] {processor.py:839} INFO - DAG(s) dict_keys(['example_python_operator']) retrieved from /home/airflow/.local/lib/python3.8/site-packages/airflow/example_dags/example_python_operator.py
[2023-12-03T17:46:23.684+0000] {logging_mixin.py:154} INFO - [2023-12-03T17:46:23.684+0000] {dag.py:2941} INFO - Sync 1 DAGs
[2023-12-03T17:46:23.691+0000] {logging_mixin.py:154} INFO - [2023-12-03T17:46:23.691+0000] {dag.py:3722} INFO - Setting next_dagrun for example_python_operator to None, run_after=None
[2023-12-03T17:46:23.702+0000] {processor.py:179} INFO - Processing /home/airflow/.local/lib/python3.8/site-packages/airflow/example_dags/example_python_operator.py took 0.046 seconds
[2023-12-03T18:33:43.759+0000] {processor.py:157} INFO - Started process (PID=3513) to work on /home/airflow/.local/lib/python3.8/site-packages/airflow/example_dags/example_python_operator.py
[2023-12-03T18:33:43.760+0000] {processor.py:829} INFO - Processing file /home/airflow/.local/lib/python3.8/site-packages/airflow/example_dags/example_python_operator.py for tasks to queue
[2023-12-03T18:33:43.763+0000] {logging_mixin.py:154} INFO - [2023-12-03T18:33:43.763+0000] {dagbag.py:536} INFO - Filling up the DagBag from /home/airflow/.local/lib/python3.8/site-packages/airflow/example_dags/example_python_operator.py
[2023-12-03T18:33:43.773+0000] {processor.py:839} INFO - DAG(s) dict_keys(['example_python_operator']) retrieved from /home/airflow/.local/lib/python3.8/site-packages/airflow/example_dags/example_python_operator.py
[2023-12-03T18:33:43.794+0000] {logging_mixin.py:154} INFO - [2023-12-03T18:33:43.794+0000] {dag.py:2941} INFO - Sync 1 DAGs
[2023-12-03T18:33:43.806+0000] {logging_mixin.py:154} INFO - [2023-12-03T18:33:43.806+0000] {dag.py:3722} INFO - Setting next_dagrun for example_python_operator to None, run_after=None
[2023-12-03T18:33:43.821+0000] {processor.py:179} INFO - Processing /home/airflow/.local/lib/python3.8/site-packages/airflow/example_dags/example_python_operator.py took 0.065 seconds
[2023-12-03T19:06:28.045+0000] {processor.py:157} INFO - Started process (PID=3571) to work on /home/airflow/.local/lib/python3.8/site-packages/airflow/example_dags/example_python_operator.py
[2023-12-03T19:06:28.047+0000] {processor.py:829} INFO - Processing file /home/airflow/.local/lib/python3.8/site-packages/airflow/example_dags/example_python_operator.py for tasks to queue
[2023-12-03T19:06:28.049+0000] {logging_mixin.py:154} INFO - [2023-12-03T19:06:28.049+0000] {dagbag.py:536} INFO - Filling up the DagBag from /home/airflow/.local/lib/python3.8/site-packages/airflow/example_dags/example_python_operator.py
[2023-12-03T19:06:28.060+0000] {processor.py:839} INFO - DAG(s) dict_keys(['example_python_operator']) retrieved from /home/airflow/.local/lib/python3.8/site-packages/airflow/example_dags/example_python_operator.py
[2023-12-03T19:06:28.081+0000] {logging_mixin.py:154} INFO - [2023-12-03T19:06:28.081+0000] {dag.py:2941} INFO - Sync 1 DAGs
[2023-12-03T19:06:28.091+0000] {logging_mixin.py:154} INFO - [2023-12-03T19:06:28.091+0000] {dag.py:3722} INFO - Setting next_dagrun for example_python_operator to None, run_after=None
[2023-12-03T19:06:28.107+0000] {processor.py:179} INFO - Processing /home/airflow/.local/lib/python3.8/site-packages/airflow/example_dags/example_python_operator.py took 0.066 seconds
[2023-12-03T19:22:02.897+0000] {processor.py:157} INFO - Started process (PID=3628) to work on /home/airflow/.local/lib/python3.8/site-packages/airflow/example_dags/example_python_operator.py
[2023-12-03T19:22:02.898+0000] {processor.py:829} INFO - Processing file /home/airflow/.local/lib/python3.8/site-packages/airflow/example_dags/example_python_operator.py for tasks to queue
[2023-12-03T19:22:02.901+0000] {logging_mixin.py:154} INFO - [2023-12-03T19:22:02.900+0000] {dagbag.py:536} INFO - Filling up the DagBag from /home/airflow/.local/lib/python3.8/site-packages/airflow/example_dags/example_python_operator.py
[2023-12-03T19:22:02.909+0000] {processor.py:839} INFO - DAG(s) dict_keys(['example_python_operator']) retrieved from /home/airflow/.local/lib/python3.8/site-packages/airflow/example_dags/example_python_operator.py
[2023-12-03T19:22:02.933+0000] {logging_mixin.py:154} INFO - [2023-12-03T19:22:02.933+0000] {dag.py:2941} INFO - Sync 1 DAGs
[2023-12-03T19:22:02.942+0000] {logging_mixin.py:154} INFO - [2023-12-03T19:22:02.942+0000] {dag.py:3722} INFO - Setting next_dagrun for example_python_operator to None, run_after=None
[2023-12-03T19:22:02.958+0000] {processor.py:179} INFO - Processing /home/airflow/.local/lib/python3.8/site-packages/airflow/example_dags/example_python_operator.py took 0.064 seconds
[2023-12-03T20:11:35.149+0000] {processor.py:157} INFO - Started process (PID=3686) to work on /home/airflow/.local/lib/python3.8/site-packages/airflow/example_dags/example_python_operator.py
[2023-12-03T20:11:35.150+0000] {processor.py:829} INFO - Processing file /home/airflow/.local/lib/python3.8/site-packages/airflow/example_dags/example_python_operator.py for tasks to queue
[2023-12-03T20:11:35.152+0000] {logging_mixin.py:154} INFO - [2023-12-03T20:11:35.152+0000] {dagbag.py:536} INFO - Filling up the DagBag from /home/airflow/.local/lib/python3.8/site-packages/airflow/example_dags/example_python_operator.py
[2023-12-03T20:11:35.160+0000] {processor.py:839} INFO - DAG(s) dict_keys(['example_python_operator']) retrieved from /home/airflow/.local/lib/python3.8/site-packages/airflow/example_dags/example_python_operator.py
[2023-12-03T20:11:35.183+0000] {logging_mixin.py:154} INFO - [2023-12-03T20:11:35.183+0000] {dag.py:2941} INFO - Sync 1 DAGs
[2023-12-03T20:11:35.194+0000] {logging_mixin.py:154} INFO - [2023-12-03T20:11:35.193+0000] {dag.py:3722} INFO - Setting next_dagrun for example_python_operator to None, run_after=None
[2023-12-03T20:11:35.208+0000] {processor.py:179} INFO - Processing /home/airflow/.local/lib/python3.8/site-packages/airflow/example_dags/example_python_operator.py took 0.063 seconds
[2023-12-03T21:36:35.199+0000] {processor.py:157} INFO - Started process (PID=3744) to work on /home/airflow/.local/lib/python3.8/site-packages/airflow/example_dags/example_python_operator.py
[2023-12-03T21:36:35.203+0000] {processor.py:829} INFO - Processing file /home/airflow/.local/lib/python3.8/site-packages/airflow/example_dags/example_python_operator.py for tasks to queue
[2023-12-03T21:36:35.207+0000] {logging_mixin.py:154} INFO - [2023-12-03T21:36:35.207+0000] {dagbag.py:536} INFO - Filling up the DagBag from /home/airflow/.local/lib/python3.8/site-packages/airflow/example_dags/example_python_operator.py
[2023-12-03T21:36:35.216+0000] {processor.py:839} INFO - DAG(s) dict_keys(['example_python_operator']) retrieved from /home/airflow/.local/lib/python3.8/site-packages/airflow/example_dags/example_python_operator.py
[2023-12-03T21:36:35.236+0000] {logging_mixin.py:154} INFO - [2023-12-03T21:36:35.236+0000] {dag.py:2941} INFO - Sync 1 DAGs
[2023-12-03T21:36:35.245+0000] {logging_mixin.py:154} INFO - [2023-12-03T21:36:35.245+0000] {dag.py:3722} INFO - Setting next_dagrun for example_python_operator to None, run_after=None
[2023-12-03T21:36:35.259+0000] {processor.py:179} INFO - Processing /home/airflow/.local/lib/python3.8/site-packages/airflow/example_dags/example_python_operator.py took 0.064 seconds
[2023-12-03T22:57:32.670+0000] {processor.py:157} INFO - Started process (PID=3802) to work on /home/airflow/.local/lib/python3.8/site-packages/airflow/example_dags/example_python_operator.py
[2023-12-03T22:57:32.672+0000] {processor.py:829} INFO - Processing file /home/airflow/.local/lib/python3.8/site-packages/airflow/example_dags/example_python_operator.py for tasks to queue
[2023-12-03T22:57:32.674+0000] {logging_mixin.py:154} INFO - [2023-12-03T22:57:32.674+0000] {dagbag.py:536} INFO - Filling up the DagBag from /home/airflow/.local/lib/python3.8/site-packages/airflow/example_dags/example_python_operator.py
[2023-12-03T22:57:32.683+0000] {processor.py:839} INFO - DAG(s) dict_keys(['example_python_operator']) retrieved from /home/airflow/.local/lib/python3.8/site-packages/airflow/example_dags/example_python_operator.py
[2023-12-03T22:57:32.705+0000] {logging_mixin.py:154} INFO - [2023-12-03T22:57:32.704+0000] {dag.py:2941} INFO - Sync 1 DAGs
[2023-12-03T22:57:32.714+0000] {logging_mixin.py:154} INFO - [2023-12-03T22:57:32.714+0000] {dag.py:3722} INFO - Setting next_dagrun for example_python_operator to None, run_after=None
[2023-12-03T22:57:32.730+0000] {processor.py:179} INFO - Processing /home/airflow/.local/lib/python3.8/site-packages/airflow/example_dags/example_python_operator.py took 0.063 seconds
[2023-12-03T23:13:11.488+0000] {processor.py:157} INFO - Started process (PID=3853) to work on /home/airflow/.local/lib/python3.8/site-packages/airflow/example_dags/example_python_operator.py
[2023-12-03T23:13:11.489+0000] {processor.py:829} INFO - Processing file /home/airflow/.local/lib/python3.8/site-packages/airflow/example_dags/example_python_operator.py for tasks to queue
[2023-12-03T23:13:11.492+0000] {logging_mixin.py:154} INFO - [2023-12-03T23:13:11.491+0000] {dagbag.py:536} INFO - Filling up the DagBag from /home/airflow/.local/lib/python3.8/site-packages/airflow/example_dags/example_python_operator.py
[2023-12-03T23:13:11.499+0000] {processor.py:839} INFO - DAG(s) dict_keys(['example_python_operator']) retrieved from /home/airflow/.local/lib/python3.8/site-packages/airflow/example_dags/example_python_operator.py
[2023-12-03T23:13:11.518+0000] {logging_mixin.py:154} INFO - [2023-12-03T23:13:11.518+0000] {dag.py:2941} INFO - Sync 1 DAGs
[2023-12-03T23:13:11.526+0000] {logging_mixin.py:154} INFO - [2023-12-03T23:13:11.526+0000] {dag.py:3722} INFO - Setting next_dagrun for example_python_operator to None, run_after=None
[2023-12-03T23:13:11.542+0000] {processor.py:179} INFO - Processing /home/airflow/.local/lib/python3.8/site-packages/airflow/example_dags/example_python_operator.py took 0.057 seconds
[2023-12-03T23:22:19.929+0000] {processor.py:157} INFO - Started process (PID=3911) to work on /home/airflow/.local/lib/python3.8/site-packages/airflow/example_dags/example_python_operator.py
[2023-12-03T23:22:19.930+0000] {processor.py:829} INFO - Processing file /home/airflow/.local/lib/python3.8/site-packages/airflow/example_dags/example_python_operator.py for tasks to queue
[2023-12-03T23:22:19.932+0000] {logging_mixin.py:154} INFO - [2023-12-03T23:22:19.932+0000] {dagbag.py:536} INFO - Filling up the DagBag from /home/airflow/.local/lib/python3.8/site-packages/airflow/example_dags/example_python_operator.py
[2023-12-03T23:22:19.940+0000] {processor.py:839} INFO - DAG(s) dict_keys(['example_python_operator']) retrieved from /home/airflow/.local/lib/python3.8/site-packages/airflow/example_dags/example_python_operator.py
[2023-12-03T23:22:19.958+0000] {logging_mixin.py:154} INFO - [2023-12-03T23:22:19.958+0000] {dag.py:2941} INFO - Sync 1 DAGs
[2023-12-03T23:22:19.968+0000] {logging_mixin.py:154} INFO - [2023-12-03T23:22:19.968+0000] {dag.py:3722} INFO - Setting next_dagrun for example_python_operator to None, run_after=None
[2023-12-03T23:22:19.985+0000] {processor.py:179} INFO - Processing /home/airflow/.local/lib/python3.8/site-packages/airflow/example_dags/example_python_operator.py took 0.060 seconds
