[2023-12-03T09:43:24.573+0000] {processor.py:157} INFO - Started process (PID=71) to work on /home/airflow/.local/lib/python3.8/site-packages/airflow/example_dags/example_task_group.py
[2023-12-03T09:43:24.574+0000] {processor.py:829} INFO - Processing file /home/airflow/.local/lib/python3.8/site-packages/airflow/example_dags/example_task_group.py for tasks to queue
[2023-12-03T09:43:24.576+0000] {logging_mixin.py:154} INFO - [2023-12-03T09:43:24.576+0000] {dagbag.py:536} INFO - Filling up the DagBag from /home/airflow/.local/lib/python3.8/site-packages/airflow/example_dags/example_task_group.py
[2023-12-03T09:43:24.589+0000] {processor.py:839} INFO - DAG(s) dict_keys(['example_task_group']) retrieved from /home/airflow/.local/lib/python3.8/site-packages/airflow/example_dags/example_task_group.py
[2023-12-03T09:43:24.605+0000] {logging_mixin.py:154} INFO - [2023-12-03T09:43:24.604+0000] {dag.py:2941} INFO - Sync 1 DAGs
[2023-12-03T09:43:24.632+0000] {logging_mixin.py:154} INFO - [2023-12-03T09:43:24.632+0000] {dag.py:3722} INFO - Setting next_dagrun for example_task_group to 2023-12-02T09:43:24.632329+00:00, run_after=2023-12-03T09:43:24.632329+00:00
[2023-12-03T09:43:24.654+0000] {processor.py:179} INFO - Processing /home/airflow/.local/lib/python3.8/site-packages/airflow/example_dags/example_task_group.py took 0.085 seconds
[2023-12-03T09:43:55.313+0000] {processor.py:157} INFO - Started process (PID=129) to work on /home/airflow/.local/lib/python3.8/site-packages/airflow/example_dags/example_task_group.py
[2023-12-03T09:43:55.315+0000] {processor.py:829} INFO - Processing file /home/airflow/.local/lib/python3.8/site-packages/airflow/example_dags/example_task_group.py for tasks to queue
[2023-12-03T09:43:55.318+0000] {logging_mixin.py:154} INFO - [2023-12-03T09:43:55.318+0000] {dagbag.py:536} INFO - Filling up the DagBag from /home/airflow/.local/lib/python3.8/site-packages/airflow/example_dags/example_task_group.py
[2023-12-03T09:43:55.328+0000] {processor.py:839} INFO - DAG(s) dict_keys(['example_task_group']) retrieved from /home/airflow/.local/lib/python3.8/site-packages/airflow/example_dags/example_task_group.py
[2023-12-03T09:43:55.356+0000] {logging_mixin.py:154} INFO - [2023-12-03T09:43:55.355+0000] {dag.py:2941} INFO - Sync 1 DAGs
[2023-12-03T09:43:55.383+0000] {logging_mixin.py:154} INFO - [2023-12-03T09:43:55.383+0000] {dag.py:3722} INFO - Setting next_dagrun for example_task_group to 2023-12-02T09:43:55.383332+00:00, run_after=2023-12-03T09:43:55.383332+00:00
[2023-12-03T09:43:55.401+0000] {processor.py:179} INFO - Processing /home/airflow/.local/lib/python3.8/site-packages/airflow/example_dags/example_task_group.py took 0.094 seconds
[2023-12-03T09:44:26.003+0000] {processor.py:157} INFO - Started process (PID=186) to work on /home/airflow/.local/lib/python3.8/site-packages/airflow/example_dags/example_task_group.py
[2023-12-03T09:44:26.006+0000] {processor.py:829} INFO - Processing file /home/airflow/.local/lib/python3.8/site-packages/airflow/example_dags/example_task_group.py for tasks to queue
[2023-12-03T09:44:26.013+0000] {logging_mixin.py:154} INFO - [2023-12-03T09:44:26.012+0000] {dagbag.py:536} INFO - Filling up the DagBag from /home/airflow/.local/lib/python3.8/site-packages/airflow/example_dags/example_task_group.py
[2023-12-03T09:44:26.023+0000] {processor.py:839} INFO - DAG(s) dict_keys(['example_task_group']) retrieved from /home/airflow/.local/lib/python3.8/site-packages/airflow/example_dags/example_task_group.py
[2023-12-03T09:44:26.046+0000] {logging_mixin.py:154} INFO - [2023-12-03T09:44:26.046+0000] {dag.py:2941} INFO - Sync 1 DAGs
[2023-12-03T09:44:26.065+0000] {logging_mixin.py:154} INFO - [2023-12-03T09:44:26.065+0000] {dag.py:3722} INFO - Setting next_dagrun for example_task_group to 2023-12-02T09:44:26.064937+00:00, run_after=2023-12-03T09:44:26.064937+00:00
[2023-12-03T09:44:26.082+0000] {processor.py:179} INFO - Processing /home/airflow/.local/lib/python3.8/site-packages/airflow/example_dags/example_task_group.py took 0.082 seconds
[2023-12-03T09:44:57.184+0000] {processor.py:157} INFO - Started process (PID=244) to work on /home/airflow/.local/lib/python3.8/site-packages/airflow/example_dags/example_task_group.py
[2023-12-03T09:44:57.186+0000] {processor.py:829} INFO - Processing file /home/airflow/.local/lib/python3.8/site-packages/airflow/example_dags/example_task_group.py for tasks to queue
[2023-12-03T09:44:57.189+0000] {logging_mixin.py:154} INFO - [2023-12-03T09:44:57.189+0000] {dagbag.py:536} INFO - Filling up the DagBag from /home/airflow/.local/lib/python3.8/site-packages/airflow/example_dags/example_task_group.py
[2023-12-03T09:44:57.197+0000] {processor.py:839} INFO - DAG(s) dict_keys(['example_task_group']) retrieved from /home/airflow/.local/lib/python3.8/site-packages/airflow/example_dags/example_task_group.py
[2023-12-03T09:44:57.223+0000] {logging_mixin.py:154} INFO - [2023-12-03T09:44:57.223+0000] {dag.py:2941} INFO - Sync 1 DAGs
[2023-12-03T09:44:57.249+0000] {logging_mixin.py:154} INFO - [2023-12-03T09:44:57.249+0000] {dag.py:3722} INFO - Setting next_dagrun for example_task_group to 2023-12-02T09:44:57.249139+00:00, run_after=2023-12-03T09:44:57.249139+00:00
[2023-12-03T09:44:57.268+0000] {processor.py:179} INFO - Processing /home/airflow/.local/lib/python3.8/site-packages/airflow/example_dags/example_task_group.py took 0.087 seconds
[2023-12-03T09:45:28.538+0000] {processor.py:157} INFO - Started process (PID=301) to work on /home/airflow/.local/lib/python3.8/site-packages/airflow/example_dags/example_task_group.py
[2023-12-03T09:45:28.540+0000] {processor.py:829} INFO - Processing file /home/airflow/.local/lib/python3.8/site-packages/airflow/example_dags/example_task_group.py for tasks to queue
[2023-12-03T09:45:28.544+0000] {logging_mixin.py:154} INFO - [2023-12-03T09:45:28.543+0000] {dagbag.py:536} INFO - Filling up the DagBag from /home/airflow/.local/lib/python3.8/site-packages/airflow/example_dags/example_task_group.py
[2023-12-03T09:45:28.555+0000] {processor.py:839} INFO - DAG(s) dict_keys(['example_task_group']) retrieved from /home/airflow/.local/lib/python3.8/site-packages/airflow/example_dags/example_task_group.py
[2023-12-03T09:45:28.592+0000] {logging_mixin.py:154} INFO - [2023-12-03T09:45:28.591+0000] {dag.py:2941} INFO - Sync 1 DAGs
[2023-12-03T09:45:28.629+0000] {logging_mixin.py:154} INFO - [2023-12-03T09:45:28.629+0000] {dag.py:3722} INFO - Setting next_dagrun for example_task_group to 2023-12-02T09:45:28.629071+00:00, run_after=2023-12-03T09:45:28.629071+00:00
[2023-12-03T09:45:28.660+0000] {processor.py:179} INFO - Processing /home/airflow/.local/lib/python3.8/site-packages/airflow/example_dags/example_task_group.py took 0.127 seconds
[2023-12-03T09:45:59.376+0000] {processor.py:157} INFO - Started process (PID=361) to work on /home/airflow/.local/lib/python3.8/site-packages/airflow/example_dags/example_task_group.py
[2023-12-03T09:45:59.377+0000] {processor.py:829} INFO - Processing file /home/airflow/.local/lib/python3.8/site-packages/airflow/example_dags/example_task_group.py for tasks to queue
[2023-12-03T09:45:59.379+0000] {logging_mixin.py:154} INFO - [2023-12-03T09:45:59.379+0000] {dagbag.py:536} INFO - Filling up the DagBag from /home/airflow/.local/lib/python3.8/site-packages/airflow/example_dags/example_task_group.py
[2023-12-03T09:45:59.386+0000] {processor.py:839} INFO - DAG(s) dict_keys(['example_task_group']) retrieved from /home/airflow/.local/lib/python3.8/site-packages/airflow/example_dags/example_task_group.py
[2023-12-03T09:45:59.407+0000] {logging_mixin.py:154} INFO - [2023-12-03T09:45:59.407+0000] {dag.py:2941} INFO - Sync 1 DAGs
[2023-12-03T09:45:59.428+0000] {logging_mixin.py:154} INFO - [2023-12-03T09:45:59.427+0000] {dag.py:3722} INFO - Setting next_dagrun for example_task_group to 2023-12-02T09:45:59.427639+00:00, run_after=2023-12-03T09:45:59.427639+00:00
[2023-12-03T09:45:59.445+0000] {processor.py:179} INFO - Processing /home/airflow/.local/lib/python3.8/site-packages/airflow/example_dags/example_task_group.py took 0.072 seconds
[2023-12-03T09:46:30.159+0000] {processor.py:157} INFO - Started process (PID=419) to work on /home/airflow/.local/lib/python3.8/site-packages/airflow/example_dags/example_task_group.py
[2023-12-03T09:46:30.160+0000] {processor.py:829} INFO - Processing file /home/airflow/.local/lib/python3.8/site-packages/airflow/example_dags/example_task_group.py for tasks to queue
[2023-12-03T09:46:30.162+0000] {logging_mixin.py:154} INFO - [2023-12-03T09:46:30.162+0000] {dagbag.py:536} INFO - Filling up the DagBag from /home/airflow/.local/lib/python3.8/site-packages/airflow/example_dags/example_task_group.py
[2023-12-03T09:46:30.170+0000] {processor.py:839} INFO - DAG(s) dict_keys(['example_task_group']) retrieved from /home/airflow/.local/lib/python3.8/site-packages/airflow/example_dags/example_task_group.py
[2023-12-03T09:46:30.194+0000] {logging_mixin.py:154} INFO - [2023-12-03T09:46:30.194+0000] {dag.py:2941} INFO - Sync 1 DAGs
[2023-12-03T09:46:30.218+0000] {logging_mixin.py:154} INFO - [2023-12-03T09:46:30.218+0000] {dag.py:3722} INFO - Setting next_dagrun for example_task_group to 2023-12-02T09:46:30.218250+00:00, run_after=2023-12-03T09:46:30.218250+00:00
[2023-12-03T09:46:30.239+0000] {processor.py:179} INFO - Processing /home/airflow/.local/lib/python3.8/site-packages/airflow/example_dags/example_task_group.py took 0.084 seconds
[2023-12-03T09:47:00.491+0000] {processor.py:157} INFO - Started process (PID=477) to work on /home/airflow/.local/lib/python3.8/site-packages/airflow/example_dags/example_task_group.py
[2023-12-03T09:47:00.493+0000] {processor.py:829} INFO - Processing file /home/airflow/.local/lib/python3.8/site-packages/airflow/example_dags/example_task_group.py for tasks to queue
[2023-12-03T09:47:00.497+0000] {logging_mixin.py:154} INFO - [2023-12-03T09:47:00.496+0000] {dagbag.py:536} INFO - Filling up the DagBag from /home/airflow/.local/lib/python3.8/site-packages/airflow/example_dags/example_task_group.py
[2023-12-03T09:47:00.506+0000] {processor.py:839} INFO - DAG(s) dict_keys(['example_task_group']) retrieved from /home/airflow/.local/lib/python3.8/site-packages/airflow/example_dags/example_task_group.py
[2023-12-03T09:47:00.532+0000] {logging_mixin.py:154} INFO - [2023-12-03T09:47:00.532+0000] {dag.py:2941} INFO - Sync 1 DAGs
[2023-12-03T09:47:00.556+0000] {logging_mixin.py:154} INFO - [2023-12-03T09:47:00.556+0000] {dag.py:3722} INFO - Setting next_dagrun for example_task_group to 2023-12-02T09:47:00.555976+00:00, run_after=2023-12-03T09:47:00.555976+00:00
[2023-12-03T09:47:00.580+0000] {processor.py:179} INFO - Processing /home/airflow/.local/lib/python3.8/site-packages/airflow/example_dags/example_task_group.py took 0.094 seconds
[2023-12-03T09:47:31.275+0000] {processor.py:157} INFO - Started process (PID=535) to work on /home/airflow/.local/lib/python3.8/site-packages/airflow/example_dags/example_task_group.py
[2023-12-03T09:47:31.276+0000] {processor.py:829} INFO - Processing file /home/airflow/.local/lib/python3.8/site-packages/airflow/example_dags/example_task_group.py for tasks to queue
[2023-12-03T09:47:31.279+0000] {logging_mixin.py:154} INFO - [2023-12-03T09:47:31.279+0000] {dagbag.py:536} INFO - Filling up the DagBag from /home/airflow/.local/lib/python3.8/site-packages/airflow/example_dags/example_task_group.py
[2023-12-03T09:47:31.288+0000] {processor.py:839} INFO - DAG(s) dict_keys(['example_task_group']) retrieved from /home/airflow/.local/lib/python3.8/site-packages/airflow/example_dags/example_task_group.py
[2023-12-03T09:47:31.314+0000] {logging_mixin.py:154} INFO - [2023-12-03T09:47:31.313+0000] {dag.py:2941} INFO - Sync 1 DAGs
[2023-12-03T09:47:31.343+0000] {logging_mixin.py:154} INFO - [2023-12-03T09:47:31.342+0000] {dag.py:3722} INFO - Setting next_dagrun for example_task_group to 2023-12-02T09:47:31.342660+00:00, run_after=2023-12-03T09:47:31.342660+00:00
[2023-12-03T09:47:31.370+0000] {processor.py:179} INFO - Processing /home/airflow/.local/lib/python3.8/site-packages/airflow/example_dags/example_task_group.py took 0.101 seconds
[2023-12-03T09:48:02.588+0000] {processor.py:157} INFO - Started process (PID=593) to work on /home/airflow/.local/lib/python3.8/site-packages/airflow/example_dags/example_task_group.py
[2023-12-03T09:48:02.589+0000] {processor.py:829} INFO - Processing file /home/airflow/.local/lib/python3.8/site-packages/airflow/example_dags/example_task_group.py for tasks to queue
[2023-12-03T09:48:02.591+0000] {logging_mixin.py:154} INFO - [2023-12-03T09:48:02.591+0000] {dagbag.py:536} INFO - Filling up the DagBag from /home/airflow/.local/lib/python3.8/site-packages/airflow/example_dags/example_task_group.py
[2023-12-03T09:48:02.598+0000] {processor.py:839} INFO - DAG(s) dict_keys(['example_task_group']) retrieved from /home/airflow/.local/lib/python3.8/site-packages/airflow/example_dags/example_task_group.py
[2023-12-03T09:48:02.618+0000] {logging_mixin.py:154} INFO - [2023-12-03T09:48:02.618+0000] {dag.py:2941} INFO - Sync 1 DAGs
[2023-12-03T09:48:02.636+0000] {logging_mixin.py:154} INFO - [2023-12-03T09:48:02.636+0000] {dag.py:3722} INFO - Setting next_dagrun for example_task_group to 2023-12-02T09:48:02.636507+00:00, run_after=2023-12-03T09:48:02.636507+00:00
[2023-12-03T09:48:02.650+0000] {processor.py:179} INFO - Processing /home/airflow/.local/lib/python3.8/site-packages/airflow/example_dags/example_task_group.py took 0.066 seconds
[2023-12-03T09:48:33.168+0000] {processor.py:157} INFO - Started process (PID=650) to work on /home/airflow/.local/lib/python3.8/site-packages/airflow/example_dags/example_task_group.py
[2023-12-03T09:48:33.170+0000] {processor.py:829} INFO - Processing file /home/airflow/.local/lib/python3.8/site-packages/airflow/example_dags/example_task_group.py for tasks to queue
[2023-12-03T09:48:33.172+0000] {logging_mixin.py:154} INFO - [2023-12-03T09:48:33.172+0000] {dagbag.py:536} INFO - Filling up the DagBag from /home/airflow/.local/lib/python3.8/site-packages/airflow/example_dags/example_task_group.py
[2023-12-03T09:48:33.179+0000] {processor.py:839} INFO - DAG(s) dict_keys(['example_task_group']) retrieved from /home/airflow/.local/lib/python3.8/site-packages/airflow/example_dags/example_task_group.py
[2023-12-03T09:48:33.202+0000] {logging_mixin.py:154} INFO - [2023-12-03T09:48:33.202+0000] {dag.py:2941} INFO - Sync 1 DAGs
[2023-12-03T09:48:33.231+0000] {logging_mixin.py:154} INFO - [2023-12-03T09:48:33.231+0000] {dag.py:3722} INFO - Setting next_dagrun for example_task_group to 2023-12-02T09:48:33.231420+00:00, run_after=2023-12-03T09:48:33.231420+00:00
[2023-12-03T09:48:33.420+0000] {processor.py:179} INFO - Processing /home/airflow/.local/lib/python3.8/site-packages/airflow/example_dags/example_task_group.py took 0.255 seconds
[2023-12-03T09:49:05.013+0000] {processor.py:157} INFO - Started process (PID=715) to work on /home/airflow/.local/lib/python3.8/site-packages/airflow/example_dags/example_task_group.py
[2023-12-03T09:49:05.014+0000] {processor.py:829} INFO - Processing file /home/airflow/.local/lib/python3.8/site-packages/airflow/example_dags/example_task_group.py for tasks to queue
[2023-12-03T09:49:05.017+0000] {logging_mixin.py:154} INFO - [2023-12-03T09:49:05.016+0000] {dagbag.py:536} INFO - Filling up the DagBag from /home/airflow/.local/lib/python3.8/site-packages/airflow/example_dags/example_task_group.py
[2023-12-03T09:49:05.024+0000] {processor.py:839} INFO - DAG(s) dict_keys(['example_task_group']) retrieved from /home/airflow/.local/lib/python3.8/site-packages/airflow/example_dags/example_task_group.py
[2023-12-03T09:49:05.055+0000] {logging_mixin.py:154} INFO - [2023-12-03T09:49:05.054+0000] {dag.py:2941} INFO - Sync 1 DAGs
[2023-12-03T09:49:05.088+0000] {logging_mixin.py:154} INFO - [2023-12-03T09:49:05.088+0000] {dag.py:3722} INFO - Setting next_dagrun for example_task_group to 2023-12-02T09:49:05.087912+00:00, run_after=2023-12-03T09:49:05.087912+00:00
[2023-12-03T09:49:05.257+0000] {processor.py:179} INFO - Processing /home/airflow/.local/lib/python3.8/site-packages/airflow/example_dags/example_task_group.py took 0.248 seconds
[2023-12-03T09:49:36.101+0000] {processor.py:157} INFO - Started process (PID=773) to work on /home/airflow/.local/lib/python3.8/site-packages/airflow/example_dags/example_task_group.py
[2023-12-03T09:49:36.102+0000] {processor.py:829} INFO - Processing file /home/airflow/.local/lib/python3.8/site-packages/airflow/example_dags/example_task_group.py for tasks to queue
[2023-12-03T09:49:36.106+0000] {logging_mixin.py:154} INFO - [2023-12-03T09:49:36.106+0000] {dagbag.py:536} INFO - Filling up the DagBag from /home/airflow/.local/lib/python3.8/site-packages/airflow/example_dags/example_task_group.py
[2023-12-03T09:49:36.119+0000] {processor.py:839} INFO - DAG(s) dict_keys(['example_task_group']) retrieved from /home/airflow/.local/lib/python3.8/site-packages/airflow/example_dags/example_task_group.py
[2023-12-03T09:49:36.144+0000] {logging_mixin.py:154} INFO - [2023-12-03T09:49:36.144+0000] {dag.py:2941} INFO - Sync 1 DAGs
[2023-12-03T09:49:36.320+0000] {logging_mixin.py:154} INFO - [2023-12-03T09:49:36.320+0000] {dag.py:3722} INFO - Setting next_dagrun for example_task_group to 2023-12-02T09:49:36.319986+00:00, run_after=2023-12-03T09:49:36.319986+00:00
[2023-12-03T09:49:36.336+0000] {processor.py:179} INFO - Processing /home/airflow/.local/lib/python3.8/site-packages/airflow/example_dags/example_task_group.py took 0.239 seconds
[2023-12-03T09:50:07.098+0000] {processor.py:157} INFO - Started process (PID=831) to work on /home/airflow/.local/lib/python3.8/site-packages/airflow/example_dags/example_task_group.py
[2023-12-03T09:50:07.099+0000] {processor.py:829} INFO - Processing file /home/airflow/.local/lib/python3.8/site-packages/airflow/example_dags/example_task_group.py for tasks to queue
[2023-12-03T09:50:07.101+0000] {logging_mixin.py:154} INFO - [2023-12-03T09:50:07.101+0000] {dagbag.py:536} INFO - Filling up the DagBag from /home/airflow/.local/lib/python3.8/site-packages/airflow/example_dags/example_task_group.py
[2023-12-03T09:50:07.108+0000] {processor.py:839} INFO - DAG(s) dict_keys(['example_task_group']) retrieved from /home/airflow/.local/lib/python3.8/site-packages/airflow/example_dags/example_task_group.py
[2023-12-03T09:50:07.130+0000] {logging_mixin.py:154} INFO - [2023-12-03T09:50:07.130+0000] {dag.py:2941} INFO - Sync 1 DAGs
[2023-12-03T09:50:07.298+0000] {logging_mixin.py:154} INFO - [2023-12-03T09:50:07.298+0000] {dag.py:3722} INFO - Setting next_dagrun for example_task_group to 2023-12-02T09:50:07.298367+00:00, run_after=2023-12-03T09:50:07.298367+00:00
[2023-12-03T09:50:07.314+0000] {processor.py:179} INFO - Processing /home/airflow/.local/lib/python3.8/site-packages/airflow/example_dags/example_task_group.py took 0.220 seconds
[2023-12-03T09:50:37.578+0000] {processor.py:157} INFO - Started process (PID=889) to work on /home/airflow/.local/lib/python3.8/site-packages/airflow/example_dags/example_task_group.py
[2023-12-03T09:50:37.580+0000] {processor.py:829} INFO - Processing file /home/airflow/.local/lib/python3.8/site-packages/airflow/example_dags/example_task_group.py for tasks to queue
[2023-12-03T09:50:37.583+0000] {logging_mixin.py:154} INFO - [2023-12-03T09:50:37.583+0000] {dagbag.py:536} INFO - Filling up the DagBag from /home/airflow/.local/lib/python3.8/site-packages/airflow/example_dags/example_task_group.py
[2023-12-03T09:50:37.590+0000] {processor.py:839} INFO - DAG(s) dict_keys(['example_task_group']) retrieved from /home/airflow/.local/lib/python3.8/site-packages/airflow/example_dags/example_task_group.py
[2023-12-03T09:50:37.611+0000] {logging_mixin.py:154} INFO - [2023-12-03T09:50:37.611+0000] {dag.py:2941} INFO - Sync 1 DAGs
[2023-12-03T09:50:37.635+0000] {logging_mixin.py:154} INFO - [2023-12-03T09:50:37.635+0000] {dag.py:3722} INFO - Setting next_dagrun for example_task_group to 2023-12-02T09:50:37.635111+00:00, run_after=2023-12-03T09:50:37.635111+00:00
[2023-12-03T09:50:37.657+0000] {processor.py:179} INFO - Processing /home/airflow/.local/lib/python3.8/site-packages/airflow/example_dags/example_task_group.py took 0.083 seconds
[2023-12-03T09:51:08.760+0000] {processor.py:157} INFO - Started process (PID=947) to work on /home/airflow/.local/lib/python3.8/site-packages/airflow/example_dags/example_task_group.py
[2023-12-03T09:51:08.761+0000] {processor.py:829} INFO - Processing file /home/airflow/.local/lib/python3.8/site-packages/airflow/example_dags/example_task_group.py for tasks to queue
[2023-12-03T09:51:08.763+0000] {logging_mixin.py:154} INFO - [2023-12-03T09:51:08.763+0000] {dagbag.py:536} INFO - Filling up the DagBag from /home/airflow/.local/lib/python3.8/site-packages/airflow/example_dags/example_task_group.py
[2023-12-03T09:51:08.770+0000] {processor.py:839} INFO - DAG(s) dict_keys(['example_task_group']) retrieved from /home/airflow/.local/lib/python3.8/site-packages/airflow/example_dags/example_task_group.py
[2023-12-03T09:51:08.789+0000] {logging_mixin.py:154} INFO - [2023-12-03T09:51:08.789+0000] {dag.py:2941} INFO - Sync 1 DAGs
[2023-12-03T09:51:08.809+0000] {logging_mixin.py:154} INFO - [2023-12-03T09:51:08.809+0000] {dag.py:3722} INFO - Setting next_dagrun for example_task_group to 2023-12-02T09:51:08.809465+00:00, run_after=2023-12-03T09:51:08.809465+00:00
[2023-12-03T09:51:08.827+0000] {processor.py:179} INFO - Processing /home/airflow/.local/lib/python3.8/site-packages/airflow/example_dags/example_task_group.py took 0.071 seconds
[2023-12-03T09:51:39.651+0000] {processor.py:157} INFO - Started process (PID=1005) to work on /home/airflow/.local/lib/python3.8/site-packages/airflow/example_dags/example_task_group.py
[2023-12-03T09:51:39.652+0000] {processor.py:829} INFO - Processing file /home/airflow/.local/lib/python3.8/site-packages/airflow/example_dags/example_task_group.py for tasks to queue
[2023-12-03T09:51:39.655+0000] {logging_mixin.py:154} INFO - [2023-12-03T09:51:39.654+0000] {dagbag.py:536} INFO - Filling up the DagBag from /home/airflow/.local/lib/python3.8/site-packages/airflow/example_dags/example_task_group.py
[2023-12-03T09:51:39.661+0000] {processor.py:839} INFO - DAG(s) dict_keys(['example_task_group']) retrieved from /home/airflow/.local/lib/python3.8/site-packages/airflow/example_dags/example_task_group.py
[2023-12-03T09:51:39.681+0000] {logging_mixin.py:154} INFO - [2023-12-03T09:51:39.681+0000] {dag.py:2941} INFO - Sync 1 DAGs
[2023-12-03T09:51:39.702+0000] {logging_mixin.py:154} INFO - [2023-12-03T09:51:39.702+0000] {dag.py:3722} INFO - Setting next_dagrun for example_task_group to 2023-12-02T09:51:39.702398+00:00, run_after=2023-12-03T09:51:39.702398+00:00
[2023-12-03T09:51:39.719+0000] {processor.py:179} INFO - Processing /home/airflow/.local/lib/python3.8/site-packages/airflow/example_dags/example_task_group.py took 0.072 seconds
[2023-12-03T09:52:10.660+0000] {processor.py:157} INFO - Started process (PID=1063) to work on /home/airflow/.local/lib/python3.8/site-packages/airflow/example_dags/example_task_group.py
[2023-12-03T09:52:10.662+0000] {processor.py:829} INFO - Processing file /home/airflow/.local/lib/python3.8/site-packages/airflow/example_dags/example_task_group.py for tasks to queue
[2023-12-03T09:52:10.664+0000] {logging_mixin.py:154} INFO - [2023-12-03T09:52:10.664+0000] {dagbag.py:536} INFO - Filling up the DagBag from /home/airflow/.local/lib/python3.8/site-packages/airflow/example_dags/example_task_group.py
[2023-12-03T09:52:10.671+0000] {processor.py:839} INFO - DAG(s) dict_keys(['example_task_group']) retrieved from /home/airflow/.local/lib/python3.8/site-packages/airflow/example_dags/example_task_group.py
[2023-12-03T09:52:10.693+0000] {logging_mixin.py:154} INFO - [2023-12-03T09:52:10.693+0000] {dag.py:2941} INFO - Sync 1 DAGs
[2023-12-03T09:52:10.713+0000] {logging_mixin.py:154} INFO - [2023-12-03T09:52:10.713+0000] {dag.py:3722} INFO - Setting next_dagrun for example_task_group to 2023-12-02T09:52:10.713357+00:00, run_after=2023-12-03T09:52:10.713357+00:00
[2023-12-03T09:52:10.729+0000] {processor.py:179} INFO - Processing /home/airflow/.local/lib/python3.8/site-packages/airflow/example_dags/example_task_group.py took 0.072 seconds
[2023-12-03T09:52:42.030+0000] {processor.py:157} INFO - Started process (PID=1121) to work on /home/airflow/.local/lib/python3.8/site-packages/airflow/example_dags/example_task_group.py
[2023-12-03T09:52:42.031+0000] {processor.py:829} INFO - Processing file /home/airflow/.local/lib/python3.8/site-packages/airflow/example_dags/example_task_group.py for tasks to queue
[2023-12-03T09:52:42.034+0000] {logging_mixin.py:154} INFO - [2023-12-03T09:52:42.034+0000] {dagbag.py:536} INFO - Filling up the DagBag from /home/airflow/.local/lib/python3.8/site-packages/airflow/example_dags/example_task_group.py
[2023-12-03T09:52:42.044+0000] {processor.py:839} INFO - DAG(s) dict_keys(['example_task_group']) retrieved from /home/airflow/.local/lib/python3.8/site-packages/airflow/example_dags/example_task_group.py
[2023-12-03T09:52:42.071+0000] {logging_mixin.py:154} INFO - [2023-12-03T09:52:42.071+0000] {dag.py:2941} INFO - Sync 1 DAGs
[2023-12-03T09:52:42.097+0000] {logging_mixin.py:154} INFO - [2023-12-03T09:52:42.096+0000] {dag.py:3722} INFO - Setting next_dagrun for example_task_group to 2023-12-02T09:52:42.096470+00:00, run_after=2023-12-03T09:52:42.096470+00:00
[2023-12-03T09:52:42.118+0000] {processor.py:179} INFO - Processing /home/airflow/.local/lib/python3.8/site-packages/airflow/example_dags/example_task_group.py took 0.092 seconds
[2023-12-03T09:53:13.105+0000] {processor.py:157} INFO - Started process (PID=1179) to work on /home/airflow/.local/lib/python3.8/site-packages/airflow/example_dags/example_task_group.py
[2023-12-03T09:53:13.106+0000] {processor.py:829} INFO - Processing file /home/airflow/.local/lib/python3.8/site-packages/airflow/example_dags/example_task_group.py for tasks to queue
[2023-12-03T09:53:13.110+0000] {logging_mixin.py:154} INFO - [2023-12-03T09:53:13.109+0000] {dagbag.py:536} INFO - Filling up the DagBag from /home/airflow/.local/lib/python3.8/site-packages/airflow/example_dags/example_task_group.py
[2023-12-03T09:53:13.120+0000] {processor.py:839} INFO - DAG(s) dict_keys(['example_task_group']) retrieved from /home/airflow/.local/lib/python3.8/site-packages/airflow/example_dags/example_task_group.py
[2023-12-03T09:53:13.146+0000] {logging_mixin.py:154} INFO - [2023-12-03T09:53:13.146+0000] {dag.py:2941} INFO - Sync 1 DAGs
[2023-12-03T09:53:13.173+0000] {logging_mixin.py:154} INFO - [2023-12-03T09:53:13.172+0000] {dag.py:3722} INFO - Setting next_dagrun for example_task_group to 2023-12-02T09:53:13.172369+00:00, run_after=2023-12-03T09:53:13.172369+00:00
[2023-12-03T09:53:13.201+0000] {processor.py:179} INFO - Processing /home/airflow/.local/lib/python3.8/site-packages/airflow/example_dags/example_task_group.py took 0.100 seconds
[2023-12-03T09:53:43.506+0000] {processor.py:157} INFO - Started process (PID=1237) to work on /home/airflow/.local/lib/python3.8/site-packages/airflow/example_dags/example_task_group.py
[2023-12-03T09:53:43.507+0000] {processor.py:829} INFO - Processing file /home/airflow/.local/lib/python3.8/site-packages/airflow/example_dags/example_task_group.py for tasks to queue
[2023-12-03T09:53:43.510+0000] {logging_mixin.py:154} INFO - [2023-12-03T09:53:43.510+0000] {dagbag.py:536} INFO - Filling up the DagBag from /home/airflow/.local/lib/python3.8/site-packages/airflow/example_dags/example_task_group.py
[2023-12-03T09:53:43.518+0000] {processor.py:839} INFO - DAG(s) dict_keys(['example_task_group']) retrieved from /home/airflow/.local/lib/python3.8/site-packages/airflow/example_dags/example_task_group.py
[2023-12-03T09:53:43.543+0000] {logging_mixin.py:154} INFO - [2023-12-03T09:53:43.543+0000] {dag.py:2941} INFO - Sync 1 DAGs
[2023-12-03T09:53:43.564+0000] {logging_mixin.py:154} INFO - [2023-12-03T09:53:43.563+0000] {dag.py:3722} INFO - Setting next_dagrun for example_task_group to 2023-12-02T09:53:43.563489+00:00, run_after=2023-12-03T09:53:43.563489+00:00
[2023-12-03T09:53:43.583+0000] {processor.py:179} INFO - Processing /home/airflow/.local/lib/python3.8/site-packages/airflow/example_dags/example_task_group.py took 0.080 seconds
[2023-12-03T09:54:13.665+0000] {processor.py:157} INFO - Started process (PID=1294) to work on /home/airflow/.local/lib/python3.8/site-packages/airflow/example_dags/example_task_group.py
[2023-12-03T09:54:13.666+0000] {processor.py:829} INFO - Processing file /home/airflow/.local/lib/python3.8/site-packages/airflow/example_dags/example_task_group.py for tasks to queue
[2023-12-03T09:54:13.669+0000] {logging_mixin.py:154} INFO - [2023-12-03T09:54:13.669+0000] {dagbag.py:536} INFO - Filling up the DagBag from /home/airflow/.local/lib/python3.8/site-packages/airflow/example_dags/example_task_group.py
[2023-12-03T09:54:13.679+0000] {processor.py:839} INFO - DAG(s) dict_keys(['example_task_group']) retrieved from /home/airflow/.local/lib/python3.8/site-packages/airflow/example_dags/example_task_group.py
[2023-12-03T09:54:13.706+0000] {logging_mixin.py:154} INFO - [2023-12-03T09:54:13.706+0000] {dag.py:2941} INFO - Sync 1 DAGs
[2023-12-03T09:54:13.734+0000] {logging_mixin.py:154} INFO - [2023-12-03T09:54:13.734+0000] {dag.py:3722} INFO - Setting next_dagrun for example_task_group to 2023-12-02T09:54:13.734141+00:00, run_after=2023-12-03T09:54:13.734141+00:00
[2023-12-03T09:54:13.758+0000] {processor.py:179} INFO - Processing /home/airflow/.local/lib/python3.8/site-packages/airflow/example_dags/example_task_group.py took 0.098 seconds
[2023-12-03T09:54:43.852+0000] {processor.py:157} INFO - Started process (PID=1351) to work on /home/airflow/.local/lib/python3.8/site-packages/airflow/example_dags/example_task_group.py
[2023-12-03T09:54:43.853+0000] {processor.py:829} INFO - Processing file /home/airflow/.local/lib/python3.8/site-packages/airflow/example_dags/example_task_group.py for tasks to queue
[2023-12-03T09:54:43.857+0000] {logging_mixin.py:154} INFO - [2023-12-03T09:54:43.856+0000] {dagbag.py:536} INFO - Filling up the DagBag from /home/airflow/.local/lib/python3.8/site-packages/airflow/example_dags/example_task_group.py
[2023-12-03T09:54:43.869+0000] {processor.py:839} INFO - DAG(s) dict_keys(['example_task_group']) retrieved from /home/airflow/.local/lib/python3.8/site-packages/airflow/example_dags/example_task_group.py
[2023-12-03T09:54:43.895+0000] {logging_mixin.py:154} INFO - [2023-12-03T09:54:43.895+0000] {dag.py:2941} INFO - Sync 1 DAGs
[2023-12-03T09:54:43.914+0000] {logging_mixin.py:154} INFO - [2023-12-03T09:54:43.914+0000] {dag.py:3722} INFO - Setting next_dagrun for example_task_group to 2023-12-02T09:54:43.914445+00:00, run_after=2023-12-03T09:54:43.914445+00:00
[2023-12-03T09:54:43.938+0000] {processor.py:179} INFO - Processing /home/airflow/.local/lib/python3.8/site-packages/airflow/example_dags/example_task_group.py took 0.092 seconds
[2023-12-03T09:55:14.202+0000] {processor.py:157} INFO - Started process (PID=1409) to work on /home/airflow/.local/lib/python3.8/site-packages/airflow/example_dags/example_task_group.py
[2023-12-03T09:55:14.203+0000] {processor.py:829} INFO - Processing file /home/airflow/.local/lib/python3.8/site-packages/airflow/example_dags/example_task_group.py for tasks to queue
[2023-12-03T09:55:14.207+0000] {logging_mixin.py:154} INFO - [2023-12-03T09:55:14.207+0000] {dagbag.py:536} INFO - Filling up the DagBag from /home/airflow/.local/lib/python3.8/site-packages/airflow/example_dags/example_task_group.py
[2023-12-03T09:55:14.214+0000] {processor.py:839} INFO - DAG(s) dict_keys(['example_task_group']) retrieved from /home/airflow/.local/lib/python3.8/site-packages/airflow/example_dags/example_task_group.py
[2023-12-03T09:55:14.237+0000] {logging_mixin.py:154} INFO - [2023-12-03T09:55:14.237+0000] {dag.py:2941} INFO - Sync 1 DAGs
[2023-12-03T09:55:14.262+0000] {logging_mixin.py:154} INFO - [2023-12-03T09:55:14.262+0000] {dag.py:3722} INFO - Setting next_dagrun for example_task_group to 2023-12-02T09:55:14.262197+00:00, run_after=2023-12-03T09:55:14.262197+00:00
[2023-12-03T09:55:14.280+0000] {processor.py:179} INFO - Processing /home/airflow/.local/lib/python3.8/site-packages/airflow/example_dags/example_task_group.py took 0.083 seconds
[2023-12-03T09:55:44.794+0000] {processor.py:157} INFO - Started process (PID=1468) to work on /home/airflow/.local/lib/python3.8/site-packages/airflow/example_dags/example_task_group.py
[2023-12-03T09:55:44.795+0000] {processor.py:829} INFO - Processing file /home/airflow/.local/lib/python3.8/site-packages/airflow/example_dags/example_task_group.py for tasks to queue
[2023-12-03T09:55:44.797+0000] {logging_mixin.py:154} INFO - [2023-12-03T09:55:44.797+0000] {dagbag.py:536} INFO - Filling up the DagBag from /home/airflow/.local/lib/python3.8/site-packages/airflow/example_dags/example_task_group.py
[2023-12-03T09:55:44.805+0000] {processor.py:839} INFO - DAG(s) dict_keys(['example_task_group']) retrieved from /home/airflow/.local/lib/python3.8/site-packages/airflow/example_dags/example_task_group.py
[2023-12-03T09:55:44.832+0000] {logging_mixin.py:154} INFO - [2023-12-03T09:55:44.831+0000] {dag.py:2941} INFO - Sync 1 DAGs
[2023-12-03T09:55:44.863+0000] {logging_mixin.py:154} INFO - [2023-12-03T09:55:44.863+0000] {dag.py:3722} INFO - Setting next_dagrun for example_task_group to 2023-12-02T09:55:44.862994+00:00, run_after=2023-12-03T09:55:44.862994+00:00
[2023-12-03T09:55:44.886+0000] {processor.py:179} INFO - Processing /home/airflow/.local/lib/python3.8/site-packages/airflow/example_dags/example_task_group.py took 0.095 seconds
[2023-12-03T09:56:15.028+0000] {processor.py:157} INFO - Started process (PID=1530) to work on /home/airflow/.local/lib/python3.8/site-packages/airflow/example_dags/example_task_group.py
[2023-12-03T09:56:15.029+0000] {processor.py:829} INFO - Processing file /home/airflow/.local/lib/python3.8/site-packages/airflow/example_dags/example_task_group.py for tasks to queue
[2023-12-03T09:56:15.032+0000] {logging_mixin.py:154} INFO - [2023-12-03T09:56:15.031+0000] {dagbag.py:536} INFO - Filling up the DagBag from /home/airflow/.local/lib/python3.8/site-packages/airflow/example_dags/example_task_group.py
[2023-12-03T09:56:15.039+0000] {processor.py:839} INFO - DAG(s) dict_keys(['example_task_group']) retrieved from /home/airflow/.local/lib/python3.8/site-packages/airflow/example_dags/example_task_group.py
[2023-12-03T09:56:15.062+0000] {logging_mixin.py:154} INFO - [2023-12-03T09:56:15.062+0000] {dag.py:2941} INFO - Sync 1 DAGs
[2023-12-03T09:56:15.083+0000] {logging_mixin.py:154} INFO - [2023-12-03T09:56:15.083+0000] {dag.py:3722} INFO - Setting next_dagrun for example_task_group to 2023-12-02T09:56:15.083583+00:00, run_after=2023-12-03T09:56:15.083583+00:00
[2023-12-03T09:56:15.102+0000] {processor.py:179} INFO - Processing /home/airflow/.local/lib/python3.8/site-packages/airflow/example_dags/example_task_group.py took 0.078 seconds
[2023-12-03T09:56:45.933+0000] {processor.py:157} INFO - Started process (PID=1588) to work on /home/airflow/.local/lib/python3.8/site-packages/airflow/example_dags/example_task_group.py
[2023-12-03T09:56:45.934+0000] {processor.py:829} INFO - Processing file /home/airflow/.local/lib/python3.8/site-packages/airflow/example_dags/example_task_group.py for tasks to queue
[2023-12-03T09:56:45.936+0000] {logging_mixin.py:154} INFO - [2023-12-03T09:56:45.936+0000] {dagbag.py:536} INFO - Filling up the DagBag from /home/airflow/.local/lib/python3.8/site-packages/airflow/example_dags/example_task_group.py
[2023-12-03T09:56:45.944+0000] {processor.py:839} INFO - DAG(s) dict_keys(['example_task_group']) retrieved from /home/airflow/.local/lib/python3.8/site-packages/airflow/example_dags/example_task_group.py
[2023-12-03T09:56:45.965+0000] {logging_mixin.py:154} INFO - [2023-12-03T09:56:45.965+0000] {dag.py:2941} INFO - Sync 1 DAGs
[2023-12-03T09:56:45.988+0000] {logging_mixin.py:154} INFO - [2023-12-03T09:56:45.988+0000] {dag.py:3722} INFO - Setting next_dagrun for example_task_group to 2023-12-02T09:56:45.988208+00:00, run_after=2023-12-03T09:56:45.988208+00:00
[2023-12-03T09:56:46.005+0000] {processor.py:179} INFO - Processing /home/airflow/.local/lib/python3.8/site-packages/airflow/example_dags/example_task_group.py took 0.076 seconds
[2023-12-03T09:57:16.697+0000] {processor.py:157} INFO - Started process (PID=1646) to work on /home/airflow/.local/lib/python3.8/site-packages/airflow/example_dags/example_task_group.py
[2023-12-03T09:57:16.699+0000] {processor.py:829} INFO - Processing file /home/airflow/.local/lib/python3.8/site-packages/airflow/example_dags/example_task_group.py for tasks to queue
[2023-12-03T09:57:16.701+0000] {logging_mixin.py:154} INFO - [2023-12-03T09:57:16.701+0000] {dagbag.py:536} INFO - Filling up the DagBag from /home/airflow/.local/lib/python3.8/site-packages/airflow/example_dags/example_task_group.py
[2023-12-03T09:57:16.708+0000] {processor.py:839} INFO - DAG(s) dict_keys(['example_task_group']) retrieved from /home/airflow/.local/lib/python3.8/site-packages/airflow/example_dags/example_task_group.py
[2023-12-03T09:57:16.732+0000] {logging_mixin.py:154} INFO - [2023-12-03T09:57:16.732+0000] {dag.py:2941} INFO - Sync 1 DAGs
[2023-12-03T09:57:16.753+0000] {logging_mixin.py:154} INFO - [2023-12-03T09:57:16.753+0000] {dag.py:3722} INFO - Setting next_dagrun for example_task_group to 2023-12-02T09:57:16.753443+00:00, run_after=2023-12-03T09:57:16.753443+00:00
[2023-12-03T09:57:16.769+0000] {processor.py:179} INFO - Processing /home/airflow/.local/lib/python3.8/site-packages/airflow/example_dags/example_task_group.py took 0.076 seconds
[2023-12-03T09:57:47.068+0000] {processor.py:157} INFO - Started process (PID=1706) to work on /home/airflow/.local/lib/python3.8/site-packages/airflow/example_dags/example_task_group.py
[2023-12-03T09:57:47.070+0000] {processor.py:829} INFO - Processing file /home/airflow/.local/lib/python3.8/site-packages/airflow/example_dags/example_task_group.py for tasks to queue
[2023-12-03T09:57:47.076+0000] {logging_mixin.py:154} INFO - [2023-12-03T09:57:47.075+0000] {dagbag.py:536} INFO - Filling up the DagBag from /home/airflow/.local/lib/python3.8/site-packages/airflow/example_dags/example_task_group.py
[2023-12-03T09:57:47.087+0000] {processor.py:839} INFO - DAG(s) dict_keys(['example_task_group']) retrieved from /home/airflow/.local/lib/python3.8/site-packages/airflow/example_dags/example_task_group.py
[2023-12-03T09:57:47.121+0000] {logging_mixin.py:154} INFO - [2023-12-03T09:57:47.120+0000] {dag.py:2941} INFO - Sync 1 DAGs
[2023-12-03T09:57:47.156+0000] {logging_mixin.py:154} INFO - [2023-12-03T09:57:47.156+0000] {dag.py:3722} INFO - Setting next_dagrun for example_task_group to 2023-12-02T09:57:47.156168+00:00, run_after=2023-12-03T09:57:47.156168+00:00
[2023-12-03T09:57:47.196+0000] {processor.py:179} INFO - Processing /home/airflow/.local/lib/python3.8/site-packages/airflow/example_dags/example_task_group.py took 0.133 seconds
[2023-12-03T09:58:17.254+0000] {processor.py:157} INFO - Started process (PID=1764) to work on /home/airflow/.local/lib/python3.8/site-packages/airflow/example_dags/example_task_group.py
[2023-12-03T09:58:17.255+0000] {processor.py:829} INFO - Processing file /home/airflow/.local/lib/python3.8/site-packages/airflow/example_dags/example_task_group.py for tasks to queue
[2023-12-03T09:58:17.258+0000] {logging_mixin.py:154} INFO - [2023-12-03T09:58:17.257+0000] {dagbag.py:536} INFO - Filling up the DagBag from /home/airflow/.local/lib/python3.8/site-packages/airflow/example_dags/example_task_group.py
[2023-12-03T09:58:17.265+0000] {processor.py:839} INFO - DAG(s) dict_keys(['example_task_group']) retrieved from /home/airflow/.local/lib/python3.8/site-packages/airflow/example_dags/example_task_group.py
[2023-12-03T09:58:17.284+0000] {logging_mixin.py:154} INFO - [2023-12-03T09:58:17.284+0000] {dag.py:2941} INFO - Sync 1 DAGs
[2023-12-03T09:58:17.302+0000] {logging_mixin.py:154} INFO - [2023-12-03T09:58:17.302+0000] {dag.py:3722} INFO - Setting next_dagrun for example_task_group to 2023-12-02T09:58:17.302235+00:00, run_after=2023-12-03T09:58:17.302235+00:00
[2023-12-03T09:58:17.317+0000] {processor.py:179} INFO - Processing /home/airflow/.local/lib/python3.8/site-packages/airflow/example_dags/example_task_group.py took 0.067 seconds
[2023-12-03T09:58:47.537+0000] {processor.py:157} INFO - Started process (PID=1821) to work on /home/airflow/.local/lib/python3.8/site-packages/airflow/example_dags/example_task_group.py
[2023-12-03T09:58:47.538+0000] {processor.py:829} INFO - Processing file /home/airflow/.local/lib/python3.8/site-packages/airflow/example_dags/example_task_group.py for tasks to queue
[2023-12-03T09:58:47.541+0000] {logging_mixin.py:154} INFO - [2023-12-03T09:58:47.541+0000] {dagbag.py:536} INFO - Filling up the DagBag from /home/airflow/.local/lib/python3.8/site-packages/airflow/example_dags/example_task_group.py
[2023-12-03T09:58:47.550+0000] {processor.py:839} INFO - DAG(s) dict_keys(['example_task_group']) retrieved from /home/airflow/.local/lib/python3.8/site-packages/airflow/example_dags/example_task_group.py
[2023-12-03T09:58:47.571+0000] {logging_mixin.py:154} INFO - [2023-12-03T09:58:47.571+0000] {dag.py:2941} INFO - Sync 1 DAGs
[2023-12-03T09:58:47.594+0000] {logging_mixin.py:154} INFO - [2023-12-03T09:58:47.594+0000] {dag.py:3722} INFO - Setting next_dagrun for example_task_group to 2023-12-02T09:58:47.593803+00:00, run_after=2023-12-03T09:58:47.593803+00:00
[2023-12-03T09:58:47.613+0000] {processor.py:179} INFO - Processing /home/airflow/.local/lib/python3.8/site-packages/airflow/example_dags/example_task_group.py took 0.080 seconds
[2023-12-03T09:59:18.175+0000] {processor.py:157} INFO - Started process (PID=1879) to work on /home/airflow/.local/lib/python3.8/site-packages/airflow/example_dags/example_task_group.py
[2023-12-03T09:59:18.176+0000] {processor.py:829} INFO - Processing file /home/airflow/.local/lib/python3.8/site-packages/airflow/example_dags/example_task_group.py for tasks to queue
[2023-12-03T09:59:18.178+0000] {logging_mixin.py:154} INFO - [2023-12-03T09:59:18.178+0000] {dagbag.py:536} INFO - Filling up the DagBag from /home/airflow/.local/lib/python3.8/site-packages/airflow/example_dags/example_task_group.py
[2023-12-03T09:59:18.185+0000] {processor.py:839} INFO - DAG(s) dict_keys(['example_task_group']) retrieved from /home/airflow/.local/lib/python3.8/site-packages/airflow/example_dags/example_task_group.py
[2023-12-03T09:59:18.207+0000] {logging_mixin.py:154} INFO - [2023-12-03T09:59:18.207+0000] {dag.py:2941} INFO - Sync 1 DAGs
[2023-12-03T09:59:18.232+0000] {logging_mixin.py:154} INFO - [2023-12-03T09:59:18.232+0000] {dag.py:3722} INFO - Setting next_dagrun for example_task_group to 2023-12-02T09:59:18.231887+00:00, run_after=2023-12-03T09:59:18.231887+00:00
[2023-12-03T09:59:18.249+0000] {processor.py:179} INFO - Processing /home/airflow/.local/lib/python3.8/site-packages/airflow/example_dags/example_task_group.py took 0.078 seconds
[2023-12-03T09:59:49.156+0000] {processor.py:157} INFO - Started process (PID=1938) to work on /home/airflow/.local/lib/python3.8/site-packages/airflow/example_dags/example_task_group.py
[2023-12-03T09:59:49.157+0000] {processor.py:829} INFO - Processing file /home/airflow/.local/lib/python3.8/site-packages/airflow/example_dags/example_task_group.py for tasks to queue
[2023-12-03T09:59:49.159+0000] {logging_mixin.py:154} INFO - [2023-12-03T09:59:49.159+0000] {dagbag.py:536} INFO - Filling up the DagBag from /home/airflow/.local/lib/python3.8/site-packages/airflow/example_dags/example_task_group.py
[2023-12-03T09:59:49.170+0000] {processor.py:839} INFO - DAG(s) dict_keys(['example_task_group']) retrieved from /home/airflow/.local/lib/python3.8/site-packages/airflow/example_dags/example_task_group.py
[2023-12-03T09:59:49.201+0000] {logging_mixin.py:154} INFO - [2023-12-03T09:59:49.200+0000] {dag.py:2941} INFO - Sync 1 DAGs
[2023-12-03T09:59:49.227+0000] {logging_mixin.py:154} INFO - [2023-12-03T09:59:49.227+0000] {dag.py:3722} INFO - Setting next_dagrun for example_task_group to 2023-12-02T09:59:49.226951+00:00, run_after=2023-12-03T09:59:49.226951+00:00
[2023-12-03T09:59:49.251+0000] {processor.py:179} INFO - Processing /home/airflow/.local/lib/python3.8/site-packages/airflow/example_dags/example_task_group.py took 0.100 seconds
[2023-12-03T10:00:19.599+0000] {processor.py:157} INFO - Started process (PID=2000) to work on /home/airflow/.local/lib/python3.8/site-packages/airflow/example_dags/example_task_group.py
[2023-12-03T10:00:19.600+0000] {processor.py:829} INFO - Processing file /home/airflow/.local/lib/python3.8/site-packages/airflow/example_dags/example_task_group.py for tasks to queue
[2023-12-03T10:00:19.603+0000] {logging_mixin.py:154} INFO - [2023-12-03T10:00:19.602+0000] {dagbag.py:536} INFO - Filling up the DagBag from /home/airflow/.local/lib/python3.8/site-packages/airflow/example_dags/example_task_group.py
[2023-12-03T10:00:19.610+0000] {processor.py:839} INFO - DAG(s) dict_keys(['example_task_group']) retrieved from /home/airflow/.local/lib/python3.8/site-packages/airflow/example_dags/example_task_group.py
[2023-12-03T10:00:19.632+0000] {logging_mixin.py:154} INFO - [2023-12-03T10:00:19.632+0000] {dag.py:2941} INFO - Sync 1 DAGs
[2023-12-03T10:00:19.654+0000] {logging_mixin.py:154} INFO - [2023-12-03T10:00:19.654+0000] {dag.py:3722} INFO - Setting next_dagrun for example_task_group to 2023-12-02T10:00:19.653684+00:00, run_after=2023-12-03T10:00:19.653684+00:00
[2023-12-03T10:00:19.673+0000] {processor.py:179} INFO - Processing /home/airflow/.local/lib/python3.8/site-packages/airflow/example_dags/example_task_group.py took 0.077 seconds
[2023-12-03T10:00:50.327+0000] {processor.py:157} INFO - Started process (PID=2058) to work on /home/airflow/.local/lib/python3.8/site-packages/airflow/example_dags/example_task_group.py
[2023-12-03T10:00:50.329+0000] {processor.py:829} INFO - Processing file /home/airflow/.local/lib/python3.8/site-packages/airflow/example_dags/example_task_group.py for tasks to queue
[2023-12-03T10:00:50.331+0000] {logging_mixin.py:154} INFO - [2023-12-03T10:00:50.331+0000] {dagbag.py:536} INFO - Filling up the DagBag from /home/airflow/.local/lib/python3.8/site-packages/airflow/example_dags/example_task_group.py
[2023-12-03T10:00:50.339+0000] {processor.py:839} INFO - DAG(s) dict_keys(['example_task_group']) retrieved from /home/airflow/.local/lib/python3.8/site-packages/airflow/example_dags/example_task_group.py
[2023-12-03T10:00:50.361+0000] {logging_mixin.py:154} INFO - [2023-12-03T10:00:50.361+0000] {dag.py:2941} INFO - Sync 1 DAGs
[2023-12-03T10:00:50.385+0000] {logging_mixin.py:154} INFO - [2023-12-03T10:00:50.385+0000] {dag.py:3722} INFO - Setting next_dagrun for example_task_group to 2023-12-02T10:00:50.385381+00:00, run_after=2023-12-03T10:00:50.385381+00:00
[2023-12-03T10:00:50.404+0000] {processor.py:179} INFO - Processing /home/airflow/.local/lib/python3.8/site-packages/airflow/example_dags/example_task_group.py took 0.080 seconds
[2023-12-03T10:01:21.263+0000] {processor.py:157} INFO - Started process (PID=2116) to work on /home/airflow/.local/lib/python3.8/site-packages/airflow/example_dags/example_task_group.py
[2023-12-03T10:01:21.264+0000] {processor.py:829} INFO - Processing file /home/airflow/.local/lib/python3.8/site-packages/airflow/example_dags/example_task_group.py for tasks to queue
[2023-12-03T10:01:21.266+0000] {logging_mixin.py:154} INFO - [2023-12-03T10:01:21.266+0000] {dagbag.py:536} INFO - Filling up the DagBag from /home/airflow/.local/lib/python3.8/site-packages/airflow/example_dags/example_task_group.py
[2023-12-03T10:01:21.275+0000] {processor.py:839} INFO - DAG(s) dict_keys(['example_task_group']) retrieved from /home/airflow/.local/lib/python3.8/site-packages/airflow/example_dags/example_task_group.py
[2023-12-03T10:01:21.299+0000] {logging_mixin.py:154} INFO - [2023-12-03T10:01:21.298+0000] {dag.py:2941} INFO - Sync 1 DAGs
[2023-12-03T10:01:21.323+0000] {logging_mixin.py:154} INFO - [2023-12-03T10:01:21.322+0000] {dag.py:3722} INFO - Setting next_dagrun for example_task_group to 2023-12-02T10:01:21.322297+00:00, run_after=2023-12-03T10:01:21.322297+00:00
[2023-12-03T10:01:21.347+0000] {processor.py:179} INFO - Processing /home/airflow/.local/lib/python3.8/site-packages/airflow/example_dags/example_task_group.py took 0.089 seconds
[2023-12-03T10:01:51.498+0000] {processor.py:157} INFO - Started process (PID=2174) to work on /home/airflow/.local/lib/python3.8/site-packages/airflow/example_dags/example_task_group.py
[2023-12-03T10:01:51.499+0000] {processor.py:829} INFO - Processing file /home/airflow/.local/lib/python3.8/site-packages/airflow/example_dags/example_task_group.py for tasks to queue
[2023-12-03T10:01:51.501+0000] {logging_mixin.py:154} INFO - [2023-12-03T10:01:51.501+0000] {dagbag.py:536} INFO - Filling up the DagBag from /home/airflow/.local/lib/python3.8/site-packages/airflow/example_dags/example_task_group.py
[2023-12-03T10:01:51.509+0000] {processor.py:839} INFO - DAG(s) dict_keys(['example_task_group']) retrieved from /home/airflow/.local/lib/python3.8/site-packages/airflow/example_dags/example_task_group.py
[2023-12-03T10:01:51.531+0000] {logging_mixin.py:154} INFO - [2023-12-03T10:01:51.531+0000] {dag.py:2941} INFO - Sync 1 DAGs
[2023-12-03T10:01:51.552+0000] {logging_mixin.py:154} INFO - [2023-12-03T10:01:51.552+0000] {dag.py:3722} INFO - Setting next_dagrun for example_task_group to 2023-12-02T10:01:51.552233+00:00, run_after=2023-12-03T10:01:51.552233+00:00
[2023-12-03T10:01:51.569+0000] {processor.py:179} INFO - Processing /home/airflow/.local/lib/python3.8/site-packages/airflow/example_dags/example_task_group.py took 0.075 seconds
[2023-12-03T10:02:22.501+0000] {processor.py:157} INFO - Started process (PID=2232) to work on /home/airflow/.local/lib/python3.8/site-packages/airflow/example_dags/example_task_group.py
[2023-12-03T10:02:22.503+0000] {processor.py:829} INFO - Processing file /home/airflow/.local/lib/python3.8/site-packages/airflow/example_dags/example_task_group.py for tasks to queue
[2023-12-03T10:02:22.505+0000] {logging_mixin.py:154} INFO - [2023-12-03T10:02:22.505+0000] {dagbag.py:536} INFO - Filling up the DagBag from /home/airflow/.local/lib/python3.8/site-packages/airflow/example_dags/example_task_group.py
[2023-12-03T10:02:22.513+0000] {processor.py:839} INFO - DAG(s) dict_keys(['example_task_group']) retrieved from /home/airflow/.local/lib/python3.8/site-packages/airflow/example_dags/example_task_group.py
[2023-12-03T10:02:22.537+0000] {logging_mixin.py:154} INFO - [2023-12-03T10:02:22.537+0000] {dag.py:2941} INFO - Sync 1 DAGs
[2023-12-03T10:02:22.557+0000] {logging_mixin.py:154} INFO - [2023-12-03T10:02:22.557+0000] {dag.py:3722} INFO - Setting next_dagrun for example_task_group to 2023-12-02T10:02:22.557498+00:00, run_after=2023-12-03T10:02:22.557498+00:00
[2023-12-03T10:02:22.573+0000] {processor.py:179} INFO - Processing /home/airflow/.local/lib/python3.8/site-packages/airflow/example_dags/example_task_group.py took 0.075 seconds
[2023-12-03T10:02:52.770+0000] {processor.py:157} INFO - Started process (PID=2290) to work on /home/airflow/.local/lib/python3.8/site-packages/airflow/example_dags/example_task_group.py
[2023-12-03T10:02:52.771+0000] {processor.py:829} INFO - Processing file /home/airflow/.local/lib/python3.8/site-packages/airflow/example_dags/example_task_group.py for tasks to queue
[2023-12-03T10:02:52.774+0000] {logging_mixin.py:154} INFO - [2023-12-03T10:02:52.774+0000] {dagbag.py:536} INFO - Filling up the DagBag from /home/airflow/.local/lib/python3.8/site-packages/airflow/example_dags/example_task_group.py
[2023-12-03T10:02:52.781+0000] {processor.py:839} INFO - DAG(s) dict_keys(['example_task_group']) retrieved from /home/airflow/.local/lib/python3.8/site-packages/airflow/example_dags/example_task_group.py
[2023-12-03T10:02:52.803+0000] {logging_mixin.py:154} INFO - [2023-12-03T10:02:52.803+0000] {dag.py:2941} INFO - Sync 1 DAGs
[2023-12-03T10:02:52.826+0000] {logging_mixin.py:154} INFO - [2023-12-03T10:02:52.826+0000] {dag.py:3722} INFO - Setting next_dagrun for example_task_group to 2023-12-02T10:02:52.825972+00:00, run_after=2023-12-03T10:02:52.825972+00:00
[2023-12-03T10:02:52.841+0000] {processor.py:179} INFO - Processing /home/airflow/.local/lib/python3.8/site-packages/airflow/example_dags/example_task_group.py took 0.075 seconds
[2023-12-03T10:03:23.039+0000] {processor.py:157} INFO - Started process (PID=2348) to work on /home/airflow/.local/lib/python3.8/site-packages/airflow/example_dags/example_task_group.py
[2023-12-03T10:03:23.041+0000] {processor.py:829} INFO - Processing file /home/airflow/.local/lib/python3.8/site-packages/airflow/example_dags/example_task_group.py for tasks to queue
[2023-12-03T10:03:23.043+0000] {logging_mixin.py:154} INFO - [2023-12-03T10:03:23.043+0000] {dagbag.py:536} INFO - Filling up the DagBag from /home/airflow/.local/lib/python3.8/site-packages/airflow/example_dags/example_task_group.py
[2023-12-03T10:03:23.052+0000] {processor.py:839} INFO - DAG(s) dict_keys(['example_task_group']) retrieved from /home/airflow/.local/lib/python3.8/site-packages/airflow/example_dags/example_task_group.py
[2023-12-03T10:03:23.082+0000] {logging_mixin.py:154} INFO - [2023-12-03T10:03:23.082+0000] {dag.py:2941} INFO - Sync 1 DAGs
[2023-12-03T10:03:23.110+0000] {logging_mixin.py:154} INFO - [2023-12-03T10:03:23.109+0000] {dag.py:3722} INFO - Setting next_dagrun for example_task_group to 2023-12-02T10:03:23.109800+00:00, run_after=2023-12-03T10:03:23.109800+00:00
[2023-12-03T10:03:23.132+0000] {processor.py:179} INFO - Processing /home/airflow/.local/lib/python3.8/site-packages/airflow/example_dags/example_task_group.py took 0.098 seconds
[2023-12-03T10:03:53.188+0000] {processor.py:157} INFO - Started process (PID=2406) to work on /home/airflow/.local/lib/python3.8/site-packages/airflow/example_dags/example_task_group.py
[2023-12-03T10:03:53.189+0000] {processor.py:829} INFO - Processing file /home/airflow/.local/lib/python3.8/site-packages/airflow/example_dags/example_task_group.py for tasks to queue
[2023-12-03T10:03:53.192+0000] {logging_mixin.py:154} INFO - [2023-12-03T10:03:53.191+0000] {dagbag.py:536} INFO - Filling up the DagBag from /home/airflow/.local/lib/python3.8/site-packages/airflow/example_dags/example_task_group.py
[2023-12-03T10:03:53.200+0000] {processor.py:839} INFO - DAG(s) dict_keys(['example_task_group']) retrieved from /home/airflow/.local/lib/python3.8/site-packages/airflow/example_dags/example_task_group.py
[2023-12-03T10:03:53.222+0000] {logging_mixin.py:154} INFO - [2023-12-03T10:03:53.222+0000] {dag.py:2941} INFO - Sync 1 DAGs
[2023-12-03T10:03:53.245+0000] {logging_mixin.py:154} INFO - [2023-12-03T10:03:53.245+0000] {dag.py:3722} INFO - Setting next_dagrun for example_task_group to 2023-12-02T10:03:53.245472+00:00, run_after=2023-12-03T10:03:53.245472+00:00
[2023-12-03T10:03:53.261+0000] {processor.py:179} INFO - Processing /home/airflow/.local/lib/python3.8/site-packages/airflow/example_dags/example_task_group.py took 0.077 seconds
[2023-12-03T10:04:23.820+0000] {processor.py:157} INFO - Started process (PID=2464) to work on /home/airflow/.local/lib/python3.8/site-packages/airflow/example_dags/example_task_group.py
[2023-12-03T10:04:23.821+0000] {processor.py:829} INFO - Processing file /home/airflow/.local/lib/python3.8/site-packages/airflow/example_dags/example_task_group.py for tasks to queue
[2023-12-03T10:04:23.824+0000] {logging_mixin.py:154} INFO - [2023-12-03T10:04:23.823+0000] {dagbag.py:536} INFO - Filling up the DagBag from /home/airflow/.local/lib/python3.8/site-packages/airflow/example_dags/example_task_group.py
[2023-12-03T10:04:23.833+0000] {processor.py:839} INFO - DAG(s) dict_keys(['example_task_group']) retrieved from /home/airflow/.local/lib/python3.8/site-packages/airflow/example_dags/example_task_group.py
[2023-12-03T10:04:23.858+0000] {logging_mixin.py:154} INFO - [2023-12-03T10:04:23.858+0000] {dag.py:2941} INFO - Sync 1 DAGs
[2023-12-03T10:04:23.880+0000] {logging_mixin.py:154} INFO - [2023-12-03T10:04:23.880+0000] {dag.py:3722} INFO - Setting next_dagrun for example_task_group to 2023-12-02T10:04:23.879943+00:00, run_after=2023-12-03T10:04:23.879943+00:00
[2023-12-03T10:04:23.896+0000] {processor.py:179} INFO - Processing /home/airflow/.local/lib/python3.8/site-packages/airflow/example_dags/example_task_group.py took 0.080 seconds
[2023-12-03T10:04:54.440+0000] {processor.py:157} INFO - Started process (PID=2522) to work on /home/airflow/.local/lib/python3.8/site-packages/airflow/example_dags/example_task_group.py
[2023-12-03T10:04:54.441+0000] {processor.py:829} INFO - Processing file /home/airflow/.local/lib/python3.8/site-packages/airflow/example_dags/example_task_group.py for tasks to queue
[2023-12-03T10:04:54.444+0000] {logging_mixin.py:154} INFO - [2023-12-03T10:04:54.443+0000] {dagbag.py:536} INFO - Filling up the DagBag from /home/airflow/.local/lib/python3.8/site-packages/airflow/example_dags/example_task_group.py
[2023-12-03T10:04:54.451+0000] {processor.py:839} INFO - DAG(s) dict_keys(['example_task_group']) retrieved from /home/airflow/.local/lib/python3.8/site-packages/airflow/example_dags/example_task_group.py
[2023-12-03T10:04:54.470+0000] {logging_mixin.py:154} INFO - [2023-12-03T10:04:54.470+0000] {dag.py:2941} INFO - Sync 1 DAGs
[2023-12-03T10:04:54.488+0000] {logging_mixin.py:154} INFO - [2023-12-03T10:04:54.488+0000] {dag.py:3722} INFO - Setting next_dagrun for example_task_group to 2023-12-02T10:04:54.488370+00:00, run_after=2023-12-03T10:04:54.488370+00:00
[2023-12-03T10:04:54.508+0000] {processor.py:179} INFO - Processing /home/airflow/.local/lib/python3.8/site-packages/airflow/example_dags/example_task_group.py took 0.071 seconds
[2023-12-03T10:05:24.904+0000] {processor.py:157} INFO - Started process (PID=2580) to work on /home/airflow/.local/lib/python3.8/site-packages/airflow/example_dags/example_task_group.py
[2023-12-03T10:05:24.905+0000] {processor.py:829} INFO - Processing file /home/airflow/.local/lib/python3.8/site-packages/airflow/example_dags/example_task_group.py for tasks to queue
[2023-12-03T10:05:24.908+0000] {logging_mixin.py:154} INFO - [2023-12-03T10:05:24.908+0000] {dagbag.py:536} INFO - Filling up the DagBag from /home/airflow/.local/lib/python3.8/site-packages/airflow/example_dags/example_task_group.py
[2023-12-03T10:05:24.917+0000] {processor.py:839} INFO - DAG(s) dict_keys(['example_task_group']) retrieved from /home/airflow/.local/lib/python3.8/site-packages/airflow/example_dags/example_task_group.py
[2023-12-03T10:05:24.946+0000] {logging_mixin.py:154} INFO - [2023-12-03T10:05:24.946+0000] {dag.py:2941} INFO - Sync 1 DAGs
[2023-12-03T10:05:24.973+0000] {logging_mixin.py:154} INFO - [2023-12-03T10:05:24.973+0000] {dag.py:3722} INFO - Setting next_dagrun for example_task_group to 2023-12-02T10:05:24.972646+00:00, run_after=2023-12-03T10:05:24.972646+00:00
[2023-12-03T10:05:24.998+0000] {processor.py:179} INFO - Processing /home/airflow/.local/lib/python3.8/site-packages/airflow/example_dags/example_task_group.py took 0.100 seconds
[2023-12-03T10:05:55.936+0000] {processor.py:157} INFO - Started process (PID=2637) to work on /home/airflow/.local/lib/python3.8/site-packages/airflow/example_dags/example_task_group.py
[2023-12-03T10:05:55.938+0000] {processor.py:829} INFO - Processing file /home/airflow/.local/lib/python3.8/site-packages/airflow/example_dags/example_task_group.py for tasks to queue
[2023-12-03T10:05:55.941+0000] {logging_mixin.py:154} INFO - [2023-12-03T10:05:55.940+0000] {dagbag.py:536} INFO - Filling up the DagBag from /home/airflow/.local/lib/python3.8/site-packages/airflow/example_dags/example_task_group.py
[2023-12-03T10:05:55.951+0000] {processor.py:839} INFO - DAG(s) dict_keys(['example_task_group']) retrieved from /home/airflow/.local/lib/python3.8/site-packages/airflow/example_dags/example_task_group.py
[2023-12-03T10:05:55.977+0000] {logging_mixin.py:154} INFO - [2023-12-03T10:05:55.977+0000] {dag.py:2941} INFO - Sync 1 DAGs
[2023-12-03T10:05:56.005+0000] {logging_mixin.py:154} INFO - [2023-12-03T10:05:56.005+0000] {dag.py:3722} INFO - Setting next_dagrun for example_task_group to 2023-12-02T10:05:56.005549+00:00, run_after=2023-12-03T10:05:56.005549+00:00
[2023-12-03T10:05:56.031+0000] {processor.py:179} INFO - Processing /home/airflow/.local/lib/python3.8/site-packages/airflow/example_dags/example_task_group.py took 0.099 seconds
[2023-12-03T10:06:26.178+0000] {processor.py:157} INFO - Started process (PID=2695) to work on /home/airflow/.local/lib/python3.8/site-packages/airflow/example_dags/example_task_group.py
[2023-12-03T10:06:26.179+0000] {processor.py:829} INFO - Processing file /home/airflow/.local/lib/python3.8/site-packages/airflow/example_dags/example_task_group.py for tasks to queue
[2023-12-03T10:06:26.182+0000] {logging_mixin.py:154} INFO - [2023-12-03T10:06:26.181+0000] {dagbag.py:536} INFO - Filling up the DagBag from /home/airflow/.local/lib/python3.8/site-packages/airflow/example_dags/example_task_group.py
[2023-12-03T10:06:26.190+0000] {processor.py:839} INFO - DAG(s) dict_keys(['example_task_group']) retrieved from /home/airflow/.local/lib/python3.8/site-packages/airflow/example_dags/example_task_group.py
[2023-12-03T10:06:26.211+0000] {logging_mixin.py:154} INFO - [2023-12-03T10:06:26.211+0000] {dag.py:2941} INFO - Sync 1 DAGs
[2023-12-03T10:06:26.232+0000] {logging_mixin.py:154} INFO - [2023-12-03T10:06:26.232+0000] {dag.py:3722} INFO - Setting next_dagrun for example_task_group to 2023-12-02T10:06:26.232571+00:00, run_after=2023-12-03T10:06:26.232571+00:00
[2023-12-03T10:06:26.248+0000] {processor.py:179} INFO - Processing /home/airflow/.local/lib/python3.8/site-packages/airflow/example_dags/example_task_group.py took 0.074 seconds
[2023-12-03T10:06:56.533+0000] {processor.py:157} INFO - Started process (PID=2753) to work on /home/airflow/.local/lib/python3.8/site-packages/airflow/example_dags/example_task_group.py
[2023-12-03T10:06:56.534+0000] {processor.py:829} INFO - Processing file /home/airflow/.local/lib/python3.8/site-packages/airflow/example_dags/example_task_group.py for tasks to queue
[2023-12-03T10:06:56.537+0000] {logging_mixin.py:154} INFO - [2023-12-03T10:06:56.537+0000] {dagbag.py:536} INFO - Filling up the DagBag from /home/airflow/.local/lib/python3.8/site-packages/airflow/example_dags/example_task_group.py
[2023-12-03T10:06:56.544+0000] {processor.py:839} INFO - DAG(s) dict_keys(['example_task_group']) retrieved from /home/airflow/.local/lib/python3.8/site-packages/airflow/example_dags/example_task_group.py
[2023-12-03T10:06:56.567+0000] {logging_mixin.py:154} INFO - [2023-12-03T10:06:56.567+0000] {dag.py:2941} INFO - Sync 1 DAGs
[2023-12-03T10:06:56.586+0000] {logging_mixin.py:154} INFO - [2023-12-03T10:06:56.586+0000] {dag.py:3722} INFO - Setting next_dagrun for example_task_group to 2023-12-02T10:06:56.586275+00:00, run_after=2023-12-03T10:06:56.586275+00:00
[2023-12-03T10:06:56.602+0000] {processor.py:179} INFO - Processing /home/airflow/.local/lib/python3.8/site-packages/airflow/example_dags/example_task_group.py took 0.072 seconds
[2023-12-03T10:07:27.657+0000] {processor.py:157} INFO - Started process (PID=2811) to work on /home/airflow/.local/lib/python3.8/site-packages/airflow/example_dags/example_task_group.py
[2023-12-03T10:07:27.658+0000] {processor.py:829} INFO - Processing file /home/airflow/.local/lib/python3.8/site-packages/airflow/example_dags/example_task_group.py for tasks to queue
[2023-12-03T10:07:27.661+0000] {logging_mixin.py:154} INFO - [2023-12-03T10:07:27.661+0000] {dagbag.py:536} INFO - Filling up the DagBag from /home/airflow/.local/lib/python3.8/site-packages/airflow/example_dags/example_task_group.py
[2023-12-03T10:07:27.669+0000] {processor.py:839} INFO - DAG(s) dict_keys(['example_task_group']) retrieved from /home/airflow/.local/lib/python3.8/site-packages/airflow/example_dags/example_task_group.py
[2023-12-03T10:07:27.693+0000] {logging_mixin.py:154} INFO - [2023-12-03T10:07:27.693+0000] {dag.py:2941} INFO - Sync 1 DAGs
[2023-12-03T10:07:27.712+0000] {logging_mixin.py:154} INFO - [2023-12-03T10:07:27.712+0000] {dag.py:3722} INFO - Setting next_dagrun for example_task_group to 2023-12-02T10:07:27.712301+00:00, run_after=2023-12-03T10:07:27.712301+00:00
[2023-12-03T10:07:27.727+0000] {processor.py:179} INFO - Processing /home/airflow/.local/lib/python3.8/site-packages/airflow/example_dags/example_task_group.py took 0.074 seconds
[2023-12-03T10:07:58.091+0000] {processor.py:157} INFO - Started process (PID=2869) to work on /home/airflow/.local/lib/python3.8/site-packages/airflow/example_dags/example_task_group.py
[2023-12-03T10:07:58.092+0000] {processor.py:829} INFO - Processing file /home/airflow/.local/lib/python3.8/site-packages/airflow/example_dags/example_task_group.py for tasks to queue
[2023-12-03T10:07:58.094+0000] {logging_mixin.py:154} INFO - [2023-12-03T10:07:58.094+0000] {dagbag.py:536} INFO - Filling up the DagBag from /home/airflow/.local/lib/python3.8/site-packages/airflow/example_dags/example_task_group.py
[2023-12-03T10:07:58.100+0000] {processor.py:839} INFO - DAG(s) dict_keys(['example_task_group']) retrieved from /home/airflow/.local/lib/python3.8/site-packages/airflow/example_dags/example_task_group.py
[2023-12-03T10:07:58.116+0000] {logging_mixin.py:154} INFO - [2023-12-03T10:07:58.116+0000] {dag.py:2941} INFO - Sync 1 DAGs
[2023-12-03T10:07:58.132+0000] {logging_mixin.py:154} INFO - [2023-12-03T10:07:58.132+0000] {dag.py:3722} INFO - Setting next_dagrun for example_task_group to 2023-12-02T10:07:58.132230+00:00, run_after=2023-12-03T10:07:58.132230+00:00
[2023-12-03T10:07:58.145+0000] {processor.py:179} INFO - Processing /home/airflow/.local/lib/python3.8/site-packages/airflow/example_dags/example_task_group.py took 0.056 seconds
[2023-12-03T11:28:20.746+0000] {processor.py:157} INFO - Started process (PID=2925) to work on /home/airflow/.local/lib/python3.8/site-packages/airflow/example_dags/example_task_group.py
[2023-12-03T11:28:20.748+0000] {processor.py:829} INFO - Processing file /home/airflow/.local/lib/python3.8/site-packages/airflow/example_dags/example_task_group.py for tasks to queue
[2023-12-03T11:28:20.750+0000] {logging_mixin.py:154} INFO - [2023-12-03T11:28:20.750+0000] {dagbag.py:536} INFO - Filling up the DagBag from /home/airflow/.local/lib/python3.8/site-packages/airflow/example_dags/example_task_group.py
[2023-12-03T11:28:20.757+0000] {processor.py:839} INFO - DAG(s) dict_keys(['example_task_group']) retrieved from /home/airflow/.local/lib/python3.8/site-packages/airflow/example_dags/example_task_group.py
[2023-12-03T11:28:20.775+0000] {logging_mixin.py:154} INFO - [2023-12-03T11:28:20.774+0000] {dag.py:2941} INFO - Sync 1 DAGs
[2023-12-03T11:28:20.792+0000] {logging_mixin.py:154} INFO - [2023-12-03T11:28:20.792+0000] {dag.py:3722} INFO - Setting next_dagrun for example_task_group to 2023-12-02T11:28:20.792321+00:00, run_after=2023-12-03T11:28:20.792321+00:00
[2023-12-03T11:28:20.810+0000] {processor.py:179} INFO - Processing /home/airflow/.local/lib/python3.8/site-packages/airflow/example_dags/example_task_group.py took 0.067 seconds
[2023-12-03T12:09:30.283+0000] {processor.py:157} INFO - Started process (PID=2982) to work on /home/airflow/.local/lib/python3.8/site-packages/airflow/example_dags/example_task_group.py
[2023-12-03T12:09:30.284+0000] {processor.py:829} INFO - Processing file /home/airflow/.local/lib/python3.8/site-packages/airflow/example_dags/example_task_group.py for tasks to queue
[2023-12-03T12:09:30.287+0000] {logging_mixin.py:154} INFO - [2023-12-03T12:09:30.287+0000] {dagbag.py:536} INFO - Filling up the DagBag from /home/airflow/.local/lib/python3.8/site-packages/airflow/example_dags/example_task_group.py
[2023-12-03T12:09:30.294+0000] {processor.py:839} INFO - DAG(s) dict_keys(['example_task_group']) retrieved from /home/airflow/.local/lib/python3.8/site-packages/airflow/example_dags/example_task_group.py
[2023-12-03T12:09:30.312+0000] {logging_mixin.py:154} INFO - [2023-12-03T12:09:30.312+0000] {dag.py:2941} INFO - Sync 1 DAGs
[2023-12-03T12:09:30.330+0000] {logging_mixin.py:154} INFO - [2023-12-03T12:09:30.329+0000] {dag.py:3722} INFO - Setting next_dagrun for example_task_group to 2023-12-02T12:09:30.329767+00:00, run_after=2023-12-03T12:09:30.329767+00:00
[2023-12-03T12:09:30.343+0000] {processor.py:179} INFO - Processing /home/airflow/.local/lib/python3.8/site-packages/airflow/example_dags/example_task_group.py took 0.064 seconds
[2023-12-03T12:27:32.700+0000] {processor.py:157} INFO - Started process (PID=3040) to work on /home/airflow/.local/lib/python3.8/site-packages/airflow/example_dags/example_task_group.py
[2023-12-03T12:27:32.701+0000] {processor.py:829} INFO - Processing file /home/airflow/.local/lib/python3.8/site-packages/airflow/example_dags/example_task_group.py for tasks to queue
[2023-12-03T12:27:32.704+0000] {logging_mixin.py:154} INFO - [2023-12-03T12:27:32.703+0000] {dagbag.py:536} INFO - Filling up the DagBag from /home/airflow/.local/lib/python3.8/site-packages/airflow/example_dags/example_task_group.py
[2023-12-03T12:27:32.709+0000] {processor.py:839} INFO - DAG(s) dict_keys(['example_task_group']) retrieved from /home/airflow/.local/lib/python3.8/site-packages/airflow/example_dags/example_task_group.py
[2023-12-03T12:27:32.725+0000] {logging_mixin.py:154} INFO - [2023-12-03T12:27:32.725+0000] {dag.py:2941} INFO - Sync 1 DAGs
[2023-12-03T12:27:32.739+0000] {logging_mixin.py:154} INFO - [2023-12-03T12:27:32.738+0000] {dag.py:3722} INFO - Setting next_dagrun for example_task_group to 2023-12-02T12:27:32.738804+00:00, run_after=2023-12-03T12:27:32.738804+00:00
[2023-12-03T12:27:32.750+0000] {processor.py:179} INFO - Processing /home/airflow/.local/lib/python3.8/site-packages/airflow/example_dags/example_task_group.py took 0.052 seconds
[2023-12-03T12:44:56.036+0000] {processor.py:157} INFO - Started process (PID=3098) to work on /home/airflow/.local/lib/python3.8/site-packages/airflow/example_dags/example_task_group.py
[2023-12-03T12:44:56.038+0000] {processor.py:829} INFO - Processing file /home/airflow/.local/lib/python3.8/site-packages/airflow/example_dags/example_task_group.py for tasks to queue
[2023-12-03T12:44:56.040+0000] {logging_mixin.py:154} INFO - [2023-12-03T12:44:56.040+0000] {dagbag.py:536} INFO - Filling up the DagBag from /home/airflow/.local/lib/python3.8/site-packages/airflow/example_dags/example_task_group.py
[2023-12-03T12:44:56.047+0000] {processor.py:839} INFO - DAG(s) dict_keys(['example_task_group']) retrieved from /home/airflow/.local/lib/python3.8/site-packages/airflow/example_dags/example_task_group.py
[2023-12-03T12:44:56.063+0000] {logging_mixin.py:154} INFO - [2023-12-03T12:44:56.063+0000] {dag.py:2941} INFO - Sync 1 DAGs
[2023-12-03T12:44:56.079+0000] {logging_mixin.py:154} INFO - [2023-12-03T12:44:56.078+0000] {dag.py:3722} INFO - Setting next_dagrun for example_task_group to 2023-12-02T12:44:56.078626+00:00, run_after=2023-12-03T12:44:56.078626+00:00
[2023-12-03T12:44:56.092+0000] {processor.py:179} INFO - Processing /home/airflow/.local/lib/python3.8/site-packages/airflow/example_dags/example_task_group.py took 0.059 seconds
[2023-12-03T13:35:11.417+0000] {processor.py:157} INFO - Started process (PID=3156) to work on /home/airflow/.local/lib/python3.8/site-packages/airflow/example_dags/example_task_group.py
[2023-12-03T13:35:11.418+0000] {processor.py:829} INFO - Processing file /home/airflow/.local/lib/python3.8/site-packages/airflow/example_dags/example_task_group.py for tasks to queue
[2023-12-03T13:35:11.421+0000] {logging_mixin.py:154} INFO - [2023-12-03T13:35:11.421+0000] {dagbag.py:536} INFO - Filling up the DagBag from /home/airflow/.local/lib/python3.8/site-packages/airflow/example_dags/example_task_group.py
[2023-12-03T13:35:11.429+0000] {processor.py:839} INFO - DAG(s) dict_keys(['example_task_group']) retrieved from /home/airflow/.local/lib/python3.8/site-packages/airflow/example_dags/example_task_group.py
[2023-12-03T13:35:11.447+0000] {logging_mixin.py:154} INFO - [2023-12-03T13:35:11.447+0000] {dag.py:2941} INFO - Sync 1 DAGs
[2023-12-03T13:35:11.463+0000] {logging_mixin.py:154} INFO - [2023-12-03T13:35:11.463+0000] {dag.py:3722} INFO - Setting next_dagrun for example_task_group to 2023-12-02T13:35:11.463645+00:00, run_after=2023-12-03T13:35:11.463645+00:00
[2023-12-03T13:35:11.478+0000] {processor.py:179} INFO - Processing /home/airflow/.local/lib/python3.8/site-packages/airflow/example_dags/example_task_group.py took 0.064 seconds
[2023-12-03T14:27:25.427+0000] {processor.py:157} INFO - Started process (PID=3214) to work on /home/airflow/.local/lib/python3.8/site-packages/airflow/example_dags/example_task_group.py
[2023-12-03T14:27:25.428+0000] {processor.py:829} INFO - Processing file /home/airflow/.local/lib/python3.8/site-packages/airflow/example_dags/example_task_group.py for tasks to queue
[2023-12-03T14:27:25.431+0000] {logging_mixin.py:154} INFO - [2023-12-03T14:27:25.431+0000] {dagbag.py:536} INFO - Filling up the DagBag from /home/airflow/.local/lib/python3.8/site-packages/airflow/example_dags/example_task_group.py
[2023-12-03T14:27:25.437+0000] {processor.py:839} INFO - DAG(s) dict_keys(['example_task_group']) retrieved from /home/airflow/.local/lib/python3.8/site-packages/airflow/example_dags/example_task_group.py
[2023-12-03T14:27:25.455+0000] {logging_mixin.py:154} INFO - [2023-12-03T14:27:25.455+0000] {dag.py:2941} INFO - Sync 1 DAGs
[2023-12-03T14:27:25.470+0000] {logging_mixin.py:154} INFO - [2023-12-03T14:27:25.469+0000] {dag.py:3722} INFO - Setting next_dagrun for example_task_group to 2023-12-02T14:27:25.469718+00:00, run_after=2023-12-03T14:27:25.469718+00:00
[2023-12-03T14:27:25.482+0000] {processor.py:179} INFO - Processing /home/airflow/.local/lib/python3.8/site-packages/airflow/example_dags/example_task_group.py took 0.059 seconds
[2023-12-03T15:18:33.839+0000] {processor.py:157} INFO - Started process (PID=3272) to work on /home/airflow/.local/lib/python3.8/site-packages/airflow/example_dags/example_task_group.py
[2023-12-03T15:18:33.840+0000] {processor.py:829} INFO - Processing file /home/airflow/.local/lib/python3.8/site-packages/airflow/example_dags/example_task_group.py for tasks to queue
[2023-12-03T15:18:33.844+0000] {logging_mixin.py:154} INFO - [2023-12-03T15:18:33.843+0000] {dagbag.py:536} INFO - Filling up the DagBag from /home/airflow/.local/lib/python3.8/site-packages/airflow/example_dags/example_task_group.py
[2023-12-03T15:18:33.851+0000] {processor.py:839} INFO - DAG(s) dict_keys(['example_task_group']) retrieved from /home/airflow/.local/lib/python3.8/site-packages/airflow/example_dags/example_task_group.py
[2023-12-03T15:18:33.869+0000] {logging_mixin.py:154} INFO - [2023-12-03T15:18:33.868+0000] {dag.py:2941} INFO - Sync 1 DAGs
[2023-12-03T15:18:33.884+0000] {logging_mixin.py:154} INFO - [2023-12-03T15:18:33.884+0000] {dag.py:3722} INFO - Setting next_dagrun for example_task_group to 2023-12-02T15:18:33.883786+00:00, run_after=2023-12-03T15:18:33.883786+00:00
[2023-12-03T15:18:33.912+0000] {processor.py:179} INFO - Processing /home/airflow/.local/lib/python3.8/site-packages/airflow/example_dags/example_task_group.py took 0.075 seconds
[2023-12-03T16:07:34.033+0000] {processor.py:157} INFO - Started process (PID=3330) to work on /home/airflow/.local/lib/python3.8/site-packages/airflow/example_dags/example_task_group.py
[2023-12-03T16:07:34.035+0000] {processor.py:829} INFO - Processing file /home/airflow/.local/lib/python3.8/site-packages/airflow/example_dags/example_task_group.py for tasks to queue
[2023-12-03T16:07:34.038+0000] {logging_mixin.py:154} INFO - [2023-12-03T16:07:34.038+0000] {dagbag.py:536} INFO - Filling up the DagBag from /home/airflow/.local/lib/python3.8/site-packages/airflow/example_dags/example_task_group.py
[2023-12-03T16:07:34.045+0000] {processor.py:839} INFO - DAG(s) dict_keys(['example_task_group']) retrieved from /home/airflow/.local/lib/python3.8/site-packages/airflow/example_dags/example_task_group.py
[2023-12-03T16:07:34.064+0000] {logging_mixin.py:154} INFO - [2023-12-03T16:07:34.064+0000] {dag.py:2941} INFO - Sync 1 DAGs
[2023-12-03T16:07:34.082+0000] {logging_mixin.py:154} INFO - [2023-12-03T16:07:34.082+0000] {dag.py:3722} INFO - Setting next_dagrun for example_task_group to 2023-12-02T16:07:34.081822+00:00, run_after=2023-12-03T16:07:34.081822+00:00
[2023-12-03T16:07:34.097+0000] {processor.py:179} INFO - Processing /home/airflow/.local/lib/python3.8/site-packages/airflow/example_dags/example_task_group.py took 0.067 seconds
[2023-12-03T16:58:04.955+0000] {processor.py:157} INFO - Started process (PID=3388) to work on /home/airflow/.local/lib/python3.8/site-packages/airflow/example_dags/example_task_group.py
[2023-12-03T16:58:04.956+0000] {processor.py:829} INFO - Processing file /home/airflow/.local/lib/python3.8/site-packages/airflow/example_dags/example_task_group.py for tasks to queue
[2023-12-03T16:58:04.958+0000] {logging_mixin.py:154} INFO - [2023-12-03T16:58:04.958+0000] {dagbag.py:536} INFO - Filling up the DagBag from /home/airflow/.local/lib/python3.8/site-packages/airflow/example_dags/example_task_group.py
[2023-12-03T16:58:04.965+0000] {processor.py:839} INFO - DAG(s) dict_keys(['example_task_group']) retrieved from /home/airflow/.local/lib/python3.8/site-packages/airflow/example_dags/example_task_group.py
[2023-12-03T16:58:04.983+0000] {logging_mixin.py:154} INFO - [2023-12-03T16:58:04.983+0000] {dag.py:2941} INFO - Sync 1 DAGs
[2023-12-03T16:58:04.997+0000] {logging_mixin.py:154} INFO - [2023-12-03T16:58:04.997+0000] {dag.py:3722} INFO - Setting next_dagrun for example_task_group to 2023-12-02T16:58:04.996940+00:00, run_after=2023-12-03T16:58:04.996940+00:00
[2023-12-03T16:58:05.012+0000] {processor.py:179} INFO - Processing /home/airflow/.local/lib/python3.8/site-packages/airflow/example_dags/example_task_group.py took 0.061 seconds
[2023-12-03T17:46:23.240+0000] {processor.py:157} INFO - Started process (PID=3446) to work on /home/airflow/.local/lib/python3.8/site-packages/airflow/example_dags/example_task_group.py
[2023-12-03T17:46:23.241+0000] {processor.py:829} INFO - Processing file /home/airflow/.local/lib/python3.8/site-packages/airflow/example_dags/example_task_group.py for tasks to queue
[2023-12-03T17:46:23.244+0000] {logging_mixin.py:154} INFO - [2023-12-03T17:46:23.244+0000] {dagbag.py:536} INFO - Filling up the DagBag from /home/airflow/.local/lib/python3.8/site-packages/airflow/example_dags/example_task_group.py
[2023-12-03T17:46:23.251+0000] {processor.py:839} INFO - DAG(s) dict_keys(['example_task_group']) retrieved from /home/airflow/.local/lib/python3.8/site-packages/airflow/example_dags/example_task_group.py
[2023-12-03T17:46:23.268+0000] {logging_mixin.py:154} INFO - [2023-12-03T17:46:23.268+0000] {dag.py:2941} INFO - Sync 1 DAGs
[2023-12-03T17:46:23.286+0000] {logging_mixin.py:154} INFO - [2023-12-03T17:46:23.286+0000] {dag.py:3722} INFO - Setting next_dagrun for example_task_group to 2023-12-02T17:46:23.286565+00:00, run_after=2023-12-03T17:46:23.286565+00:00
[2023-12-03T17:46:23.301+0000] {processor.py:179} INFO - Processing /home/airflow/.local/lib/python3.8/site-packages/airflow/example_dags/example_task_group.py took 0.064 seconds
[2023-12-03T18:33:42.856+0000] {processor.py:157} INFO - Started process (PID=3504) to work on /home/airflow/.local/lib/python3.8/site-packages/airflow/example_dags/example_task_group.py
[2023-12-03T18:33:42.857+0000] {processor.py:829} INFO - Processing file /home/airflow/.local/lib/python3.8/site-packages/airflow/example_dags/example_task_group.py for tasks to queue
[2023-12-03T18:33:42.859+0000] {logging_mixin.py:154} INFO - [2023-12-03T18:33:42.859+0000] {dagbag.py:536} INFO - Filling up the DagBag from /home/airflow/.local/lib/python3.8/site-packages/airflow/example_dags/example_task_group.py
[2023-12-03T18:33:42.866+0000] {processor.py:839} INFO - DAG(s) dict_keys(['example_task_group']) retrieved from /home/airflow/.local/lib/python3.8/site-packages/airflow/example_dags/example_task_group.py
[2023-12-03T18:33:42.884+0000] {logging_mixin.py:154} INFO - [2023-12-03T18:33:42.884+0000] {dag.py:2941} INFO - Sync 1 DAGs
[2023-12-03T18:33:42.899+0000] {logging_mixin.py:154} INFO - [2023-12-03T18:33:42.899+0000] {dag.py:3722} INFO - Setting next_dagrun for example_task_group to 2023-12-02T18:33:42.899683+00:00, run_after=2023-12-03T18:33:42.899683+00:00
[2023-12-03T18:33:42.912+0000] {processor.py:179} INFO - Processing /home/airflow/.local/lib/python3.8/site-packages/airflow/example_dags/example_task_group.py took 0.060 seconds
[2023-12-03T19:06:27.584+0000] {processor.py:157} INFO - Started process (PID=3562) to work on /home/airflow/.local/lib/python3.8/site-packages/airflow/example_dags/example_task_group.py
[2023-12-03T19:06:27.586+0000] {processor.py:829} INFO - Processing file /home/airflow/.local/lib/python3.8/site-packages/airflow/example_dags/example_task_group.py for tasks to queue
[2023-12-03T19:06:27.589+0000] {logging_mixin.py:154} INFO - [2023-12-03T19:06:27.589+0000] {dagbag.py:536} INFO - Filling up the DagBag from /home/airflow/.local/lib/python3.8/site-packages/airflow/example_dags/example_task_group.py
[2023-12-03T19:06:27.596+0000] {processor.py:839} INFO - DAG(s) dict_keys(['example_task_group']) retrieved from /home/airflow/.local/lib/python3.8/site-packages/airflow/example_dags/example_task_group.py
[2023-12-03T19:06:27.616+0000] {logging_mixin.py:154} INFO - [2023-12-03T19:06:27.616+0000] {dag.py:2941} INFO - Sync 1 DAGs
[2023-12-03T19:06:27.632+0000] {logging_mixin.py:154} INFO - [2023-12-03T19:06:27.632+0000] {dag.py:3722} INFO - Setting next_dagrun for example_task_group to 2023-12-02T19:06:27.632574+00:00, run_after=2023-12-03T19:06:27.632574+00:00
[2023-12-03T19:06:27.647+0000] {processor.py:179} INFO - Processing /home/airflow/.local/lib/python3.8/site-packages/airflow/example_dags/example_task_group.py took 0.066 seconds
[2023-12-03T19:22:02.515+0000] {processor.py:157} INFO - Started process (PID=3619) to work on /home/airflow/.local/lib/python3.8/site-packages/airflow/example_dags/example_task_group.py
[2023-12-03T19:22:02.516+0000] {processor.py:829} INFO - Processing file /home/airflow/.local/lib/python3.8/site-packages/airflow/example_dags/example_task_group.py for tasks to queue
[2023-12-03T19:22:02.520+0000] {logging_mixin.py:154} INFO - [2023-12-03T19:22:02.520+0000] {dagbag.py:536} INFO - Filling up the DagBag from /home/airflow/.local/lib/python3.8/site-packages/airflow/example_dags/example_task_group.py
[2023-12-03T19:22:02.527+0000] {processor.py:839} INFO - DAG(s) dict_keys(['example_task_group']) retrieved from /home/airflow/.local/lib/python3.8/site-packages/airflow/example_dags/example_task_group.py
[2023-12-03T19:22:02.545+0000] {logging_mixin.py:154} INFO - [2023-12-03T19:22:02.544+0000] {dag.py:2941} INFO - Sync 1 DAGs
[2023-12-03T19:22:02.558+0000] {logging_mixin.py:154} INFO - [2023-12-03T19:22:02.558+0000] {dag.py:3722} INFO - Setting next_dagrun for example_task_group to 2023-12-02T19:22:02.558405+00:00, run_after=2023-12-03T19:22:02.558405+00:00
[2023-12-03T19:22:02.571+0000] {processor.py:179} INFO - Processing /home/airflow/.local/lib/python3.8/site-packages/airflow/example_dags/example_task_group.py took 0.059 seconds
[2023-12-03T20:11:34.703+0000] {processor.py:157} INFO - Started process (PID=3677) to work on /home/airflow/.local/lib/python3.8/site-packages/airflow/example_dags/example_task_group.py
[2023-12-03T20:11:34.705+0000] {processor.py:829} INFO - Processing file /home/airflow/.local/lib/python3.8/site-packages/airflow/example_dags/example_task_group.py for tasks to queue
[2023-12-03T20:11:34.708+0000] {logging_mixin.py:154} INFO - [2023-12-03T20:11:34.708+0000] {dagbag.py:536} INFO - Filling up the DagBag from /home/airflow/.local/lib/python3.8/site-packages/airflow/example_dags/example_task_group.py
[2023-12-03T20:11:34.714+0000] {processor.py:839} INFO - DAG(s) dict_keys(['example_task_group']) retrieved from /home/airflow/.local/lib/python3.8/site-packages/airflow/example_dags/example_task_group.py
[2023-12-03T20:11:34.738+0000] {logging_mixin.py:154} INFO - [2023-12-03T20:11:34.738+0000] {dag.py:2941} INFO - Sync 1 DAGs
[2023-12-03T20:11:34.758+0000] {logging_mixin.py:154} INFO - [2023-12-03T20:11:34.758+0000] {dag.py:3722} INFO - Setting next_dagrun for example_task_group to 2023-12-02T20:11:34.758170+00:00, run_after=2023-12-03T20:11:34.758170+00:00
[2023-12-03T20:11:34.771+0000] {processor.py:179} INFO - Processing /home/airflow/.local/lib/python3.8/site-packages/airflow/example_dags/example_task_group.py took 0.071 seconds
[2023-12-03T21:36:34.672+0000] {processor.py:157} INFO - Started process (PID=3735) to work on /home/airflow/.local/lib/python3.8/site-packages/airflow/example_dags/example_task_group.py
[2023-12-03T21:36:34.673+0000] {processor.py:829} INFO - Processing file /home/airflow/.local/lib/python3.8/site-packages/airflow/example_dags/example_task_group.py for tasks to queue
[2023-12-03T21:36:34.675+0000] {logging_mixin.py:154} INFO - [2023-12-03T21:36:34.675+0000] {dagbag.py:536} INFO - Filling up the DagBag from /home/airflow/.local/lib/python3.8/site-packages/airflow/example_dags/example_task_group.py
[2023-12-03T21:36:34.681+0000] {processor.py:839} INFO - DAG(s) dict_keys(['example_task_group']) retrieved from /home/airflow/.local/lib/python3.8/site-packages/airflow/example_dags/example_task_group.py
[2023-12-03T21:36:34.699+0000] {logging_mixin.py:154} INFO - [2023-12-03T21:36:34.699+0000] {dag.py:2941} INFO - Sync 1 DAGs
[2023-12-03T21:36:34.716+0000] {logging_mixin.py:154} INFO - [2023-12-03T21:36:34.716+0000] {dag.py:3722} INFO - Setting next_dagrun for example_task_group to 2023-12-02T21:36:34.716120+00:00, run_after=2023-12-03T21:36:34.716120+00:00
[2023-12-03T21:36:34.732+0000] {processor.py:179} INFO - Processing /home/airflow/.local/lib/python3.8/site-packages/airflow/example_dags/example_task_group.py took 0.063 seconds
[2023-12-03T22:57:32.243+0000] {processor.py:157} INFO - Started process (PID=3792) to work on /home/airflow/.local/lib/python3.8/site-packages/airflow/example_dags/example_task_group.py
[2023-12-03T22:57:32.264+0000] {processor.py:829} INFO - Processing file /home/airflow/.local/lib/python3.8/site-packages/airflow/example_dags/example_task_group.py for tasks to queue
[2023-12-03T22:57:32.273+0000] {logging_mixin.py:154} INFO - [2023-12-03T22:57:32.273+0000] {dagbag.py:536} INFO - Filling up the DagBag from /home/airflow/.local/lib/python3.8/site-packages/airflow/example_dags/example_task_group.py
[2023-12-03T22:57:32.284+0000] {processor.py:839} INFO - DAG(s) dict_keys(['example_task_group']) retrieved from /home/airflow/.local/lib/python3.8/site-packages/airflow/example_dags/example_task_group.py
[2023-12-03T22:57:32.313+0000] {logging_mixin.py:154} INFO - [2023-12-03T22:57:32.313+0000] {dag.py:2941} INFO - Sync 1 DAGs
[2023-12-03T22:57:32.332+0000] {logging_mixin.py:154} INFO - [2023-12-03T22:57:32.332+0000] {dag.py:3722} INFO - Setting next_dagrun for example_task_group to 2023-12-02T22:57:32.332004+00:00, run_after=2023-12-03T22:57:32.332004+00:00
[2023-12-03T22:57:32.348+0000] {processor.py:179} INFO - Processing /home/airflow/.local/lib/python3.8/site-packages/airflow/example_dags/example_task_group.py took 0.111 seconds
[2023-12-03T23:13:11.103+0000] {processor.py:157} INFO - Started process (PID=3844) to work on /home/airflow/.local/lib/python3.8/site-packages/airflow/example_dags/example_task_group.py
[2023-12-03T23:13:11.105+0000] {processor.py:829} INFO - Processing file /home/airflow/.local/lib/python3.8/site-packages/airflow/example_dags/example_task_group.py for tasks to queue
[2023-12-03T23:13:11.107+0000] {logging_mixin.py:154} INFO - [2023-12-03T23:13:11.107+0000] {dagbag.py:536} INFO - Filling up the DagBag from /home/airflow/.local/lib/python3.8/site-packages/airflow/example_dags/example_task_group.py
[2023-12-03T23:13:11.113+0000] {processor.py:839} INFO - DAG(s) dict_keys(['example_task_group']) retrieved from /home/airflow/.local/lib/python3.8/site-packages/airflow/example_dags/example_task_group.py
[2023-12-03T23:13:11.131+0000] {logging_mixin.py:154} INFO - [2023-12-03T23:13:11.131+0000] {dag.py:2941} INFO - Sync 1 DAGs
[2023-12-03T23:13:11.147+0000] {logging_mixin.py:154} INFO - [2023-12-03T23:13:11.147+0000] {dag.py:3722} INFO - Setting next_dagrun for example_task_group to 2023-12-02T23:13:11.147240+00:00, run_after=2023-12-03T23:13:11.147240+00:00
[2023-12-03T23:13:11.164+0000] {processor.py:179} INFO - Processing /home/airflow/.local/lib/python3.8/site-packages/airflow/example_dags/example_task_group.py took 0.064 seconds
[2023-12-03T23:22:19.585+0000] {processor.py:157} INFO - Started process (PID=3902) to work on /home/airflow/.local/lib/python3.8/site-packages/airflow/example_dags/example_task_group.py
[2023-12-03T23:22:19.585+0000] {processor.py:829} INFO - Processing file /home/airflow/.local/lib/python3.8/site-packages/airflow/example_dags/example_task_group.py for tasks to queue
[2023-12-03T23:22:19.589+0000] {logging_mixin.py:154} INFO - [2023-12-03T23:22:19.588+0000] {dagbag.py:536} INFO - Filling up the DagBag from /home/airflow/.local/lib/python3.8/site-packages/airflow/example_dags/example_task_group.py
[2023-12-03T23:22:19.596+0000] {processor.py:839} INFO - DAG(s) dict_keys(['example_task_group']) retrieved from /home/airflow/.local/lib/python3.8/site-packages/airflow/example_dags/example_task_group.py
[2023-12-03T23:22:19.615+0000] {logging_mixin.py:154} INFO - [2023-12-03T23:22:19.615+0000] {dag.py:2941} INFO - Sync 1 DAGs
[2023-12-03T23:22:19.632+0000] {logging_mixin.py:154} INFO - [2023-12-03T23:22:19.631+0000] {dag.py:3722} INFO - Setting next_dagrun for example_task_group to 2023-12-02T23:22:19.631690+00:00, run_after=2023-12-03T23:22:19.631690+00:00
[2023-12-03T23:22:19.646+0000] {processor.py:179} INFO - Processing /home/airflow/.local/lib/python3.8/site-packages/airflow/example_dags/example_task_group.py took 0.065 seconds
