[2023-12-03T09:43:24.871+0000] {processor.py:157} INFO - Started process (PID=76) to work on /home/airflow/.local/lib/python3.8/site-packages/airflow/example_dags/example_trigger_target_dag.py
[2023-12-03T09:43:24.872+0000] {processor.py:829} INFO - Processing file /home/airflow/.local/lib/python3.8/site-packages/airflow/example_dags/example_trigger_target_dag.py for tasks to queue
[2023-12-03T09:43:24.875+0000] {logging_mixin.py:154} INFO - [2023-12-03T09:43:24.874+0000] {dagbag.py:536} INFO - Filling up the DagBag from /home/airflow/.local/lib/python3.8/site-packages/airflow/example_dags/example_trigger_target_dag.py
[2023-12-03T09:43:24.883+0000] {processor.py:839} INFO - DAG(s) dict_keys(['example_trigger_target_dag']) retrieved from /home/airflow/.local/lib/python3.8/site-packages/airflow/example_dags/example_trigger_target_dag.py
[2023-12-03T09:43:24.897+0000] {logging_mixin.py:154} INFO - [2023-12-03T09:43:24.897+0000] {dag.py:2941} INFO - Sync 1 DAGs
[2023-12-03T09:43:24.912+0000] {logging_mixin.py:154} INFO - [2023-12-03T09:43:24.911+0000] {dag.py:3722} INFO - Setting next_dagrun for example_trigger_target_dag to None, run_after=None
[2023-12-03T09:43:24.932+0000] {processor.py:179} INFO - Processing /home/airflow/.local/lib/python3.8/site-packages/airflow/example_dags/example_trigger_target_dag.py took 0.067 seconds
[2023-12-03T09:43:55.553+0000] {processor.py:157} INFO - Started process (PID=134) to work on /home/airflow/.local/lib/python3.8/site-packages/airflow/example_dags/example_trigger_target_dag.py
[2023-12-03T09:43:55.554+0000] {processor.py:829} INFO - Processing file /home/airflow/.local/lib/python3.8/site-packages/airflow/example_dags/example_trigger_target_dag.py for tasks to queue
[2023-12-03T09:43:55.556+0000] {logging_mixin.py:154} INFO - [2023-12-03T09:43:55.556+0000] {dagbag.py:536} INFO - Filling up the DagBag from /home/airflow/.local/lib/python3.8/site-packages/airflow/example_dags/example_trigger_target_dag.py
[2023-12-03T09:43:55.562+0000] {processor.py:839} INFO - DAG(s) dict_keys(['example_trigger_target_dag']) retrieved from /home/airflow/.local/lib/python3.8/site-packages/airflow/example_dags/example_trigger_target_dag.py
[2023-12-03T09:43:55.581+0000] {logging_mixin.py:154} INFO - [2023-12-03T09:43:55.581+0000] {dag.py:2941} INFO - Sync 1 DAGs
[2023-12-03T09:43:55.593+0000] {logging_mixin.py:154} INFO - [2023-12-03T09:43:55.593+0000] {dag.py:3722} INFO - Setting next_dagrun for example_trigger_target_dag to None, run_after=None
[2023-12-03T09:43:55.611+0000] {processor.py:179} INFO - Processing /home/airflow/.local/lib/python3.8/site-packages/airflow/example_dags/example_trigger_target_dag.py took 0.061 seconds
[2023-12-03T09:44:26.215+0000] {processor.py:157} INFO - Started process (PID=191) to work on /home/airflow/.local/lib/python3.8/site-packages/airflow/example_dags/example_trigger_target_dag.py
[2023-12-03T09:44:26.216+0000] {processor.py:829} INFO - Processing file /home/airflow/.local/lib/python3.8/site-packages/airflow/example_dags/example_trigger_target_dag.py for tasks to queue
[2023-12-03T09:44:26.218+0000] {logging_mixin.py:154} INFO - [2023-12-03T09:44:26.218+0000] {dagbag.py:536} INFO - Filling up the DagBag from /home/airflow/.local/lib/python3.8/site-packages/airflow/example_dags/example_trigger_target_dag.py
[2023-12-03T09:44:26.225+0000] {processor.py:839} INFO - DAG(s) dict_keys(['example_trigger_target_dag']) retrieved from /home/airflow/.local/lib/python3.8/site-packages/airflow/example_dags/example_trigger_target_dag.py
[2023-12-03T09:44:26.244+0000] {logging_mixin.py:154} INFO - [2023-12-03T09:44:26.244+0000] {dag.py:2941} INFO - Sync 1 DAGs
[2023-12-03T09:44:26.256+0000] {logging_mixin.py:154} INFO - [2023-12-03T09:44:26.256+0000] {dag.py:3722} INFO - Setting next_dagrun for example_trigger_target_dag to None, run_after=None
[2023-12-03T09:44:26.272+0000] {processor.py:179} INFO - Processing /home/airflow/.local/lib/python3.8/site-packages/airflow/example_dags/example_trigger_target_dag.py took 0.061 seconds
[2023-12-03T09:44:57.484+0000] {processor.py:157} INFO - Started process (PID=249) to work on /home/airflow/.local/lib/python3.8/site-packages/airflow/example_dags/example_trigger_target_dag.py
[2023-12-03T09:44:57.485+0000] {processor.py:829} INFO - Processing file /home/airflow/.local/lib/python3.8/site-packages/airflow/example_dags/example_trigger_target_dag.py for tasks to queue
[2023-12-03T09:44:57.489+0000] {logging_mixin.py:154} INFO - [2023-12-03T09:44:57.488+0000] {dagbag.py:536} INFO - Filling up the DagBag from /home/airflow/.local/lib/python3.8/site-packages/airflow/example_dags/example_trigger_target_dag.py
[2023-12-03T09:44:57.496+0000] {processor.py:839} INFO - DAG(s) dict_keys(['example_trigger_target_dag']) retrieved from /home/airflow/.local/lib/python3.8/site-packages/airflow/example_dags/example_trigger_target_dag.py
[2023-12-03T09:44:57.517+0000] {logging_mixin.py:154} INFO - [2023-12-03T09:44:57.517+0000] {dag.py:2941} INFO - Sync 1 DAGs
[2023-12-03T09:44:57.529+0000] {logging_mixin.py:154} INFO - [2023-12-03T09:44:57.529+0000] {dag.py:3722} INFO - Setting next_dagrun for example_trigger_target_dag to None, run_after=None
[2023-12-03T09:44:57.546+0000] {processor.py:179} INFO - Processing /home/airflow/.local/lib/python3.8/site-packages/airflow/example_dags/example_trigger_target_dag.py took 0.066 seconds
[2023-12-03T09:45:28.892+0000] {processor.py:157} INFO - Started process (PID=306) to work on /home/airflow/.local/lib/python3.8/site-packages/airflow/example_dags/example_trigger_target_dag.py
[2023-12-03T09:45:28.894+0000] {processor.py:829} INFO - Processing file /home/airflow/.local/lib/python3.8/site-packages/airflow/example_dags/example_trigger_target_dag.py for tasks to queue
[2023-12-03T09:45:28.896+0000] {logging_mixin.py:154} INFO - [2023-12-03T09:45:28.896+0000] {dagbag.py:536} INFO - Filling up the DagBag from /home/airflow/.local/lib/python3.8/site-packages/airflow/example_dags/example_trigger_target_dag.py
[2023-12-03T09:45:28.904+0000] {processor.py:839} INFO - DAG(s) dict_keys(['example_trigger_target_dag']) retrieved from /home/airflow/.local/lib/python3.8/site-packages/airflow/example_dags/example_trigger_target_dag.py
[2023-12-03T09:45:28.932+0000] {logging_mixin.py:154} INFO - [2023-12-03T09:45:28.932+0000] {dag.py:2941} INFO - Sync 1 DAGs
[2023-12-03T09:45:28.951+0000] {logging_mixin.py:154} INFO - [2023-12-03T09:45:28.951+0000] {dag.py:3722} INFO - Setting next_dagrun for example_trigger_target_dag to None, run_after=None
[2023-12-03T09:45:28.983+0000] {processor.py:179} INFO - Processing /home/airflow/.local/lib/python3.8/site-packages/airflow/example_dags/example_trigger_target_dag.py took 0.097 seconds
[2023-12-03T09:45:59.700+0000] {processor.py:157} INFO - Started process (PID=366) to work on /home/airflow/.local/lib/python3.8/site-packages/airflow/example_dags/example_trigger_target_dag.py
[2023-12-03T09:45:59.701+0000] {processor.py:829} INFO - Processing file /home/airflow/.local/lib/python3.8/site-packages/airflow/example_dags/example_trigger_target_dag.py for tasks to queue
[2023-12-03T09:45:59.703+0000] {logging_mixin.py:154} INFO - [2023-12-03T09:45:59.703+0000] {dagbag.py:536} INFO - Filling up the DagBag from /home/airflow/.local/lib/python3.8/site-packages/airflow/example_dags/example_trigger_target_dag.py
[2023-12-03T09:45:59.708+0000] {processor.py:839} INFO - DAG(s) dict_keys(['example_trigger_target_dag']) retrieved from /home/airflow/.local/lib/python3.8/site-packages/airflow/example_dags/example_trigger_target_dag.py
[2023-12-03T09:45:59.728+0000] {logging_mixin.py:154} INFO - [2023-12-03T09:45:59.728+0000] {dag.py:2941} INFO - Sync 1 DAGs
[2023-12-03T09:45:59.739+0000] {logging_mixin.py:154} INFO - [2023-12-03T09:45:59.738+0000] {dag.py:3722} INFO - Setting next_dagrun for example_trigger_target_dag to None, run_after=None
[2023-12-03T09:45:59.754+0000] {processor.py:179} INFO - Processing /home/airflow/.local/lib/python3.8/site-packages/airflow/example_dags/example_trigger_target_dag.py took 0.058 seconds
[2023-12-03T09:46:30.564+0000] {processor.py:157} INFO - Started process (PID=424) to work on /home/airflow/.local/lib/python3.8/site-packages/airflow/example_dags/example_trigger_target_dag.py
[2023-12-03T09:46:30.566+0000] {processor.py:829} INFO - Processing file /home/airflow/.local/lib/python3.8/site-packages/airflow/example_dags/example_trigger_target_dag.py for tasks to queue
[2023-12-03T09:46:30.568+0000] {logging_mixin.py:154} INFO - [2023-12-03T09:46:30.568+0000] {dagbag.py:536} INFO - Filling up the DagBag from /home/airflow/.local/lib/python3.8/site-packages/airflow/example_dags/example_trigger_target_dag.py
[2023-12-03T09:46:30.574+0000] {processor.py:839} INFO - DAG(s) dict_keys(['example_trigger_target_dag']) retrieved from /home/airflow/.local/lib/python3.8/site-packages/airflow/example_dags/example_trigger_target_dag.py
[2023-12-03T09:46:30.599+0000] {logging_mixin.py:154} INFO - [2023-12-03T09:46:30.599+0000] {dag.py:2941} INFO - Sync 1 DAGs
[2023-12-03T09:46:30.616+0000] {logging_mixin.py:154} INFO - [2023-12-03T09:46:30.615+0000] {dag.py:3722} INFO - Setting next_dagrun for example_trigger_target_dag to None, run_after=None
[2023-12-03T09:46:30.641+0000] {processor.py:179} INFO - Processing /home/airflow/.local/lib/python3.8/site-packages/airflow/example_dags/example_trigger_target_dag.py took 0.081 seconds
[2023-12-03T09:47:00.816+0000] {processor.py:157} INFO - Started process (PID=482) to work on /home/airflow/.local/lib/python3.8/site-packages/airflow/example_dags/example_trigger_target_dag.py
[2023-12-03T09:47:00.817+0000] {processor.py:829} INFO - Processing file /home/airflow/.local/lib/python3.8/site-packages/airflow/example_dags/example_trigger_target_dag.py for tasks to queue
[2023-12-03T09:47:00.819+0000] {logging_mixin.py:154} INFO - [2023-12-03T09:47:00.819+0000] {dagbag.py:536} INFO - Filling up the DagBag from /home/airflow/.local/lib/python3.8/site-packages/airflow/example_dags/example_trigger_target_dag.py
[2023-12-03T09:47:00.825+0000] {processor.py:839} INFO - DAG(s) dict_keys(['example_trigger_target_dag']) retrieved from /home/airflow/.local/lib/python3.8/site-packages/airflow/example_dags/example_trigger_target_dag.py
[2023-12-03T09:47:00.844+0000] {logging_mixin.py:154} INFO - [2023-12-03T09:47:00.844+0000] {dag.py:2941} INFO - Sync 1 DAGs
[2023-12-03T09:47:00.856+0000] {logging_mixin.py:154} INFO - [2023-12-03T09:47:00.855+0000] {dag.py:3722} INFO - Setting next_dagrun for example_trigger_target_dag to None, run_after=None
[2023-12-03T09:47:00.874+0000] {processor.py:179} INFO - Processing /home/airflow/.local/lib/python3.8/site-packages/airflow/example_dags/example_trigger_target_dag.py took 0.062 seconds
[2023-12-03T09:47:31.732+0000] {processor.py:157} INFO - Started process (PID=540) to work on /home/airflow/.local/lib/python3.8/site-packages/airflow/example_dags/example_trigger_target_dag.py
[2023-12-03T09:47:31.748+0000] {processor.py:829} INFO - Processing file /home/airflow/.local/lib/python3.8/site-packages/airflow/example_dags/example_trigger_target_dag.py for tasks to queue
[2023-12-03T09:47:31.754+0000] {logging_mixin.py:154} INFO - [2023-12-03T09:47:31.754+0000] {dagbag.py:536} INFO - Filling up the DagBag from /home/airflow/.local/lib/python3.8/site-packages/airflow/example_dags/example_trigger_target_dag.py
[2023-12-03T09:47:31.833+0000] {processor.py:839} INFO - DAG(s) dict_keys(['example_trigger_target_dag']) retrieved from /home/airflow/.local/lib/python3.8/site-packages/airflow/example_dags/example_trigger_target_dag.py
[2023-12-03T09:47:32.017+0000] {logging_mixin.py:154} INFO - [2023-12-03T09:47:32.017+0000] {dag.py:2941} INFO - Sync 1 DAGs
[2023-12-03T09:47:32.041+0000] {logging_mixin.py:154} INFO - [2023-12-03T09:47:32.040+0000] {dag.py:3722} INFO - Setting next_dagrun for example_trigger_target_dag to None, run_after=None
[2023-12-03T09:47:32.117+0000] {processor.py:179} INFO - Processing /home/airflow/.local/lib/python3.8/site-packages/airflow/example_dags/example_trigger_target_dag.py took 0.395 seconds
[2023-12-03T09:48:03.101+0000] {processor.py:157} INFO - Started process (PID=598) to work on /home/airflow/.local/lib/python3.8/site-packages/airflow/example_dags/example_trigger_target_dag.py
[2023-12-03T09:48:03.102+0000] {processor.py:829} INFO - Processing file /home/airflow/.local/lib/python3.8/site-packages/airflow/example_dags/example_trigger_target_dag.py for tasks to queue
[2023-12-03T09:48:03.105+0000] {logging_mixin.py:154} INFO - [2023-12-03T09:48:03.105+0000] {dagbag.py:536} INFO - Filling up the DagBag from /home/airflow/.local/lib/python3.8/site-packages/airflow/example_dags/example_trigger_target_dag.py
[2023-12-03T09:48:03.112+0000] {processor.py:839} INFO - DAG(s) dict_keys(['example_trigger_target_dag']) retrieved from /home/airflow/.local/lib/python3.8/site-packages/airflow/example_dags/example_trigger_target_dag.py
[2023-12-03T09:48:03.133+0000] {logging_mixin.py:154} INFO - [2023-12-03T09:48:03.133+0000] {dag.py:2941} INFO - Sync 1 DAGs
[2023-12-03T09:48:03.150+0000] {logging_mixin.py:154} INFO - [2023-12-03T09:48:03.150+0000] {dag.py:3722} INFO - Setting next_dagrun for example_trigger_target_dag to None, run_after=None
[2023-12-03T09:48:03.173+0000] {processor.py:179} INFO - Processing /home/airflow/.local/lib/python3.8/site-packages/airflow/example_dags/example_trigger_target_dag.py took 0.076 seconds
[2023-12-03T09:48:33.830+0000] {processor.py:157} INFO - Started process (PID=662) to work on /home/airflow/.local/lib/python3.8/site-packages/airflow/example_dags/example_trigger_target_dag.py
[2023-12-03T09:48:33.831+0000] {processor.py:829} INFO - Processing file /home/airflow/.local/lib/python3.8/site-packages/airflow/example_dags/example_trigger_target_dag.py for tasks to queue
[2023-12-03T09:48:33.834+0000] {logging_mixin.py:154} INFO - [2023-12-03T09:48:33.834+0000] {dagbag.py:536} INFO - Filling up the DagBag from /home/airflow/.local/lib/python3.8/site-packages/airflow/example_dags/example_trigger_target_dag.py
[2023-12-03T09:48:33.841+0000] {processor.py:839} INFO - DAG(s) dict_keys(['example_trigger_target_dag']) retrieved from /home/airflow/.local/lib/python3.8/site-packages/airflow/example_dags/example_trigger_target_dag.py
[2023-12-03T09:48:33.861+0000] {logging_mixin.py:154} INFO - [2023-12-03T09:48:33.861+0000] {dag.py:2941} INFO - Sync 1 DAGs
[2023-12-03T09:48:33.871+0000] {logging_mixin.py:154} INFO - [2023-12-03T09:48:33.871+0000] {dag.py:3722} INFO - Setting next_dagrun for example_trigger_target_dag to None, run_after=None
[2023-12-03T09:48:33.888+0000] {processor.py:179} INFO - Processing /home/airflow/.local/lib/python3.8/site-packages/airflow/example_dags/example_trigger_target_dag.py took 0.061 seconds
[2023-12-03T09:49:05.630+0000] {processor.py:157} INFO - Started process (PID=720) to work on /home/airflow/.local/lib/python3.8/site-packages/airflow/example_dags/example_trigger_target_dag.py
[2023-12-03T09:49:05.631+0000] {processor.py:829} INFO - Processing file /home/airflow/.local/lib/python3.8/site-packages/airflow/example_dags/example_trigger_target_dag.py for tasks to queue
[2023-12-03T09:49:05.634+0000] {logging_mixin.py:154} INFO - [2023-12-03T09:49:05.634+0000] {dagbag.py:536} INFO - Filling up the DagBag from /home/airflow/.local/lib/python3.8/site-packages/airflow/example_dags/example_trigger_target_dag.py
[2023-12-03T09:49:05.640+0000] {processor.py:839} INFO - DAG(s) dict_keys(['example_trigger_target_dag']) retrieved from /home/airflow/.local/lib/python3.8/site-packages/airflow/example_dags/example_trigger_target_dag.py
[2023-12-03T09:49:05.661+0000] {logging_mixin.py:154} INFO - [2023-12-03T09:49:05.661+0000] {dag.py:2941} INFO - Sync 1 DAGs
[2023-12-03T09:49:05.674+0000] {logging_mixin.py:154} INFO - [2023-12-03T09:49:05.674+0000] {dag.py:3722} INFO - Setting next_dagrun for example_trigger_target_dag to None, run_after=None
[2023-12-03T09:49:05.695+0000] {processor.py:179} INFO - Processing /home/airflow/.local/lib/python3.8/site-packages/airflow/example_dags/example_trigger_target_dag.py took 0.070 seconds
[2023-12-03T09:49:36.766+0000] {processor.py:157} INFO - Started process (PID=778) to work on /home/airflow/.local/lib/python3.8/site-packages/airflow/example_dags/example_trigger_target_dag.py
[2023-12-03T09:49:36.767+0000] {processor.py:829} INFO - Processing file /home/airflow/.local/lib/python3.8/site-packages/airflow/example_dags/example_trigger_target_dag.py for tasks to queue
[2023-12-03T09:49:36.769+0000] {logging_mixin.py:154} INFO - [2023-12-03T09:49:36.769+0000] {dagbag.py:536} INFO - Filling up the DagBag from /home/airflow/.local/lib/python3.8/site-packages/airflow/example_dags/example_trigger_target_dag.py
[2023-12-03T09:49:36.776+0000] {processor.py:839} INFO - DAG(s) dict_keys(['example_trigger_target_dag']) retrieved from /home/airflow/.local/lib/python3.8/site-packages/airflow/example_dags/example_trigger_target_dag.py
[2023-12-03T09:49:36.801+0000] {logging_mixin.py:154} INFO - [2023-12-03T09:49:36.801+0000] {dag.py:2941} INFO - Sync 1 DAGs
[2023-12-03T09:49:36.815+0000] {logging_mixin.py:154} INFO - [2023-12-03T09:49:36.815+0000] {dag.py:3722} INFO - Setting next_dagrun for example_trigger_target_dag to None, run_after=None
[2023-12-03T09:49:37.079+0000] {processor.py:179} INFO - Processing /home/airflow/.local/lib/python3.8/site-packages/airflow/example_dags/example_trigger_target_dag.py took 0.317 seconds
[2023-12-03T09:50:07.752+0000] {processor.py:157} INFO - Started process (PID=836) to work on /home/airflow/.local/lib/python3.8/site-packages/airflow/example_dags/example_trigger_target_dag.py
[2023-12-03T09:50:07.754+0000] {processor.py:829} INFO - Processing file /home/airflow/.local/lib/python3.8/site-packages/airflow/example_dags/example_trigger_target_dag.py for tasks to queue
[2023-12-03T09:50:07.756+0000] {logging_mixin.py:154} INFO - [2023-12-03T09:50:07.756+0000] {dagbag.py:536} INFO - Filling up the DagBag from /home/airflow/.local/lib/python3.8/site-packages/airflow/example_dags/example_trigger_target_dag.py
[2023-12-03T09:50:07.764+0000] {processor.py:839} INFO - DAG(s) dict_keys(['example_trigger_target_dag']) retrieved from /home/airflow/.local/lib/python3.8/site-packages/airflow/example_dags/example_trigger_target_dag.py
[2023-12-03T09:50:07.785+0000] {logging_mixin.py:154} INFO - [2023-12-03T09:50:07.784+0000] {dag.py:2941} INFO - Sync 1 DAGs
[2023-12-03T09:50:07.796+0000] {logging_mixin.py:154} INFO - [2023-12-03T09:50:07.796+0000] {dag.py:3722} INFO - Setting next_dagrun for example_trigger_target_dag to None, run_after=None
[2023-12-03T09:50:07.968+0000] {processor.py:179} INFO - Processing /home/airflow/.local/lib/python3.8/site-packages/airflow/example_dags/example_trigger_target_dag.py took 0.220 seconds
[2023-12-03T09:50:38.850+0000] {processor.py:157} INFO - Started process (PID=894) to work on /home/airflow/.local/lib/python3.8/site-packages/airflow/example_dags/example_trigger_target_dag.py
[2023-12-03T09:50:38.851+0000] {processor.py:829} INFO - Processing file /home/airflow/.local/lib/python3.8/site-packages/airflow/example_dags/example_trigger_target_dag.py for tasks to queue
[2023-12-03T09:50:38.854+0000] {logging_mixin.py:154} INFO - [2023-12-03T09:50:38.853+0000] {dagbag.py:536} INFO - Filling up the DagBag from /home/airflow/.local/lib/python3.8/site-packages/airflow/example_dags/example_trigger_target_dag.py
[2023-12-03T09:50:38.859+0000] {processor.py:839} INFO - DAG(s) dict_keys(['example_trigger_target_dag']) retrieved from /home/airflow/.local/lib/python3.8/site-packages/airflow/example_dags/example_trigger_target_dag.py
[2023-12-03T09:50:38.878+0000] {logging_mixin.py:154} INFO - [2023-12-03T09:50:38.878+0000] {dag.py:2941} INFO - Sync 1 DAGs
[2023-12-03T09:50:38.890+0000] {logging_mixin.py:154} INFO - [2023-12-03T09:50:38.889+0000] {dag.py:3722} INFO - Setting next_dagrun for example_trigger_target_dag to None, run_after=None
[2023-12-03T09:50:38.906+0000] {processor.py:179} INFO - Processing /home/airflow/.local/lib/python3.8/site-packages/airflow/example_dags/example_trigger_target_dag.py took 0.062 seconds
[2023-12-03T09:51:09.103+0000] {processor.py:157} INFO - Started process (PID=952) to work on /home/airflow/.local/lib/python3.8/site-packages/airflow/example_dags/example_trigger_target_dag.py
[2023-12-03T09:51:09.104+0000] {processor.py:829} INFO - Processing file /home/airflow/.local/lib/python3.8/site-packages/airflow/example_dags/example_trigger_target_dag.py for tasks to queue
[2023-12-03T09:51:09.107+0000] {logging_mixin.py:154} INFO - [2023-12-03T09:51:09.107+0000] {dagbag.py:536} INFO - Filling up the DagBag from /home/airflow/.local/lib/python3.8/site-packages/airflow/example_dags/example_trigger_target_dag.py
[2023-12-03T09:51:09.113+0000] {processor.py:839} INFO - DAG(s) dict_keys(['example_trigger_target_dag']) retrieved from /home/airflow/.local/lib/python3.8/site-packages/airflow/example_dags/example_trigger_target_dag.py
[2023-12-03T09:51:09.131+0000] {logging_mixin.py:154} INFO - [2023-12-03T09:51:09.131+0000] {dag.py:2941} INFO - Sync 1 DAGs
[2023-12-03T09:51:09.143+0000] {logging_mixin.py:154} INFO - [2023-12-03T09:51:09.143+0000] {dag.py:3722} INFO - Setting next_dagrun for example_trigger_target_dag to None, run_after=None
[2023-12-03T09:51:09.158+0000] {processor.py:179} INFO - Processing /home/airflow/.local/lib/python3.8/site-packages/airflow/example_dags/example_trigger_target_dag.py took 0.060 seconds
[2023-12-03T09:51:39.902+0000] {processor.py:157} INFO - Started process (PID=1010) to work on /home/airflow/.local/lib/python3.8/site-packages/airflow/example_dags/example_trigger_target_dag.py
[2023-12-03T09:51:39.903+0000] {processor.py:829} INFO - Processing file /home/airflow/.local/lib/python3.8/site-packages/airflow/example_dags/example_trigger_target_dag.py for tasks to queue
[2023-12-03T09:51:39.906+0000] {logging_mixin.py:154} INFO - [2023-12-03T09:51:39.905+0000] {dagbag.py:536} INFO - Filling up the DagBag from /home/airflow/.local/lib/python3.8/site-packages/airflow/example_dags/example_trigger_target_dag.py
[2023-12-03T09:51:39.911+0000] {processor.py:839} INFO - DAG(s) dict_keys(['example_trigger_target_dag']) retrieved from /home/airflow/.local/lib/python3.8/site-packages/airflow/example_dags/example_trigger_target_dag.py
[2023-12-03T09:51:39.934+0000] {logging_mixin.py:154} INFO - [2023-12-03T09:51:39.934+0000] {dag.py:2941} INFO - Sync 1 DAGs
[2023-12-03T09:51:39.949+0000] {logging_mixin.py:154} INFO - [2023-12-03T09:51:39.949+0000] {dag.py:3722} INFO - Setting next_dagrun for example_trigger_target_dag to None, run_after=None
[2023-12-03T09:51:39.966+0000] {processor.py:179} INFO - Processing /home/airflow/.local/lib/python3.8/site-packages/airflow/example_dags/example_trigger_target_dag.py took 0.068 seconds
[2023-12-03T09:52:10.902+0000] {processor.py:157} INFO - Started process (PID=1068) to work on /home/airflow/.local/lib/python3.8/site-packages/airflow/example_dags/example_trigger_target_dag.py
[2023-12-03T09:52:10.903+0000] {processor.py:829} INFO - Processing file /home/airflow/.local/lib/python3.8/site-packages/airflow/example_dags/example_trigger_target_dag.py for tasks to queue
[2023-12-03T09:52:10.906+0000] {logging_mixin.py:154} INFO - [2023-12-03T09:52:10.906+0000] {dagbag.py:536} INFO - Filling up the DagBag from /home/airflow/.local/lib/python3.8/site-packages/airflow/example_dags/example_trigger_target_dag.py
[2023-12-03T09:52:10.912+0000] {processor.py:839} INFO - DAG(s) dict_keys(['example_trigger_target_dag']) retrieved from /home/airflow/.local/lib/python3.8/site-packages/airflow/example_dags/example_trigger_target_dag.py
[2023-12-03T09:52:10.933+0000] {logging_mixin.py:154} INFO - [2023-12-03T09:52:10.933+0000] {dag.py:2941} INFO - Sync 1 DAGs
[2023-12-03T09:52:10.945+0000] {logging_mixin.py:154} INFO - [2023-12-03T09:52:10.945+0000] {dag.py:3722} INFO - Setting next_dagrun for example_trigger_target_dag to None, run_after=None
[2023-12-03T09:52:10.961+0000] {processor.py:179} INFO - Processing /home/airflow/.local/lib/python3.8/site-packages/airflow/example_dags/example_trigger_target_dag.py took 0.063 seconds
[2023-12-03T09:52:42.289+0000] {processor.py:157} INFO - Started process (PID=1126) to work on /home/airflow/.local/lib/python3.8/site-packages/airflow/example_dags/example_trigger_target_dag.py
[2023-12-03T09:52:42.290+0000] {processor.py:829} INFO - Processing file /home/airflow/.local/lib/python3.8/site-packages/airflow/example_dags/example_trigger_target_dag.py for tasks to queue
[2023-12-03T09:52:42.294+0000] {logging_mixin.py:154} INFO - [2023-12-03T09:52:42.293+0000] {dagbag.py:536} INFO - Filling up the DagBag from /home/airflow/.local/lib/python3.8/site-packages/airflow/example_dags/example_trigger_target_dag.py
[2023-12-03T09:52:42.301+0000] {processor.py:839} INFO - DAG(s) dict_keys(['example_trigger_target_dag']) retrieved from /home/airflow/.local/lib/python3.8/site-packages/airflow/example_dags/example_trigger_target_dag.py
[2023-12-03T09:52:42.325+0000] {logging_mixin.py:154} INFO - [2023-12-03T09:52:42.325+0000] {dag.py:2941} INFO - Sync 1 DAGs
[2023-12-03T09:52:42.341+0000] {logging_mixin.py:154} INFO - [2023-12-03T09:52:42.340+0000] {dag.py:3722} INFO - Setting next_dagrun for example_trigger_target_dag to None, run_after=None
[2023-12-03T09:52:42.361+0000] {processor.py:179} INFO - Processing /home/airflow/.local/lib/python3.8/site-packages/airflow/example_dags/example_trigger_target_dag.py took 0.077 seconds
[2023-12-03T09:53:13.460+0000] {processor.py:157} INFO - Started process (PID=1184) to work on /home/airflow/.local/lib/python3.8/site-packages/airflow/example_dags/example_trigger_target_dag.py
[2023-12-03T09:53:13.463+0000] {processor.py:829} INFO - Processing file /home/airflow/.local/lib/python3.8/site-packages/airflow/example_dags/example_trigger_target_dag.py for tasks to queue
[2023-12-03T09:53:13.465+0000] {logging_mixin.py:154} INFO - [2023-12-03T09:53:13.465+0000] {dagbag.py:536} INFO - Filling up the DagBag from /home/airflow/.local/lib/python3.8/site-packages/airflow/example_dags/example_trigger_target_dag.py
[2023-12-03T09:53:13.471+0000] {processor.py:839} INFO - DAG(s) dict_keys(['example_trigger_target_dag']) retrieved from /home/airflow/.local/lib/python3.8/site-packages/airflow/example_dags/example_trigger_target_dag.py
[2023-12-03T09:53:13.518+0000] {logging_mixin.py:154} INFO - [2023-12-03T09:53:13.518+0000] {dag.py:2941} INFO - Sync 1 DAGs
[2023-12-03T09:53:13.531+0000] {logging_mixin.py:154} INFO - [2023-12-03T09:53:13.530+0000] {dag.py:3722} INFO - Setting next_dagrun for example_trigger_target_dag to None, run_after=None
[2023-12-03T09:53:13.545+0000] {processor.py:179} INFO - Processing /home/airflow/.local/lib/python3.8/site-packages/airflow/example_dags/example_trigger_target_dag.py took 0.089 seconds
[2023-12-03T09:53:43.772+0000] {processor.py:157} INFO - Started process (PID=1242) to work on /home/airflow/.local/lib/python3.8/site-packages/airflow/example_dags/example_trigger_target_dag.py
[2023-12-03T09:53:43.773+0000] {processor.py:829} INFO - Processing file /home/airflow/.local/lib/python3.8/site-packages/airflow/example_dags/example_trigger_target_dag.py for tasks to queue
[2023-12-03T09:53:43.775+0000] {logging_mixin.py:154} INFO - [2023-12-03T09:53:43.775+0000] {dagbag.py:536} INFO - Filling up the DagBag from /home/airflow/.local/lib/python3.8/site-packages/airflow/example_dags/example_trigger_target_dag.py
[2023-12-03T09:53:43.781+0000] {processor.py:839} INFO - DAG(s) dict_keys(['example_trigger_target_dag']) retrieved from /home/airflow/.local/lib/python3.8/site-packages/airflow/example_dags/example_trigger_target_dag.py
[2023-12-03T09:53:43.801+0000] {logging_mixin.py:154} INFO - [2023-12-03T09:53:43.801+0000] {dag.py:2941} INFO - Sync 1 DAGs
[2023-12-03T09:53:43.813+0000] {logging_mixin.py:154} INFO - [2023-12-03T09:53:43.812+0000] {dag.py:3722} INFO - Setting next_dagrun for example_trigger_target_dag to None, run_after=None
[2023-12-03T09:53:43.830+0000] {processor.py:179} INFO - Processing /home/airflow/.local/lib/python3.8/site-packages/airflow/example_dags/example_trigger_target_dag.py took 0.061 seconds
[2023-12-03T09:54:14.295+0000] {processor.py:157} INFO - Started process (PID=1300) to work on /home/airflow/.local/lib/python3.8/site-packages/airflow/example_dags/example_trigger_target_dag.py
[2023-12-03T09:54:14.297+0000] {processor.py:829} INFO - Processing file /home/airflow/.local/lib/python3.8/site-packages/airflow/example_dags/example_trigger_target_dag.py for tasks to queue
[2023-12-03T09:54:14.300+0000] {logging_mixin.py:154} INFO - [2023-12-03T09:54:14.299+0000] {dagbag.py:536} INFO - Filling up the DagBag from /home/airflow/.local/lib/python3.8/site-packages/airflow/example_dags/example_trigger_target_dag.py
[2023-12-03T09:54:14.308+0000] {processor.py:839} INFO - DAG(s) dict_keys(['example_trigger_target_dag']) retrieved from /home/airflow/.local/lib/python3.8/site-packages/airflow/example_dags/example_trigger_target_dag.py
[2023-12-03T09:54:14.335+0000] {logging_mixin.py:154} INFO - [2023-12-03T09:54:14.334+0000] {dag.py:2941} INFO - Sync 1 DAGs
[2023-12-03T09:54:14.349+0000] {logging_mixin.py:154} INFO - [2023-12-03T09:54:14.349+0000] {dag.py:3722} INFO - Setting next_dagrun for example_trigger_target_dag to None, run_after=None
[2023-12-03T09:54:14.372+0000] {processor.py:179} INFO - Processing /home/airflow/.local/lib/python3.8/site-packages/airflow/example_dags/example_trigger_target_dag.py took 0.082 seconds
[2023-12-03T09:54:45.577+0000] {processor.py:157} INFO - Started process (PID=1358) to work on /home/airflow/.local/lib/python3.8/site-packages/airflow/example_dags/example_trigger_target_dag.py
[2023-12-03T09:54:45.578+0000] {processor.py:829} INFO - Processing file /home/airflow/.local/lib/python3.8/site-packages/airflow/example_dags/example_trigger_target_dag.py for tasks to queue
[2023-12-03T09:54:45.581+0000] {logging_mixin.py:154} INFO - [2023-12-03T09:54:45.580+0000] {dagbag.py:536} INFO - Filling up the DagBag from /home/airflow/.local/lib/python3.8/site-packages/airflow/example_dags/example_trigger_target_dag.py
[2023-12-03T09:54:45.588+0000] {processor.py:839} INFO - DAG(s) dict_keys(['example_trigger_target_dag']) retrieved from /home/airflow/.local/lib/python3.8/site-packages/airflow/example_dags/example_trigger_target_dag.py
[2023-12-03T09:54:45.614+0000] {logging_mixin.py:154} INFO - [2023-12-03T09:54:45.614+0000] {dag.py:2941} INFO - Sync 1 DAGs
[2023-12-03T09:54:45.630+0000] {logging_mixin.py:154} INFO - [2023-12-03T09:54:45.630+0000] {dag.py:3722} INFO - Setting next_dagrun for example_trigger_target_dag to None, run_after=None
[2023-12-03T09:54:45.648+0000] {processor.py:179} INFO - Processing /home/airflow/.local/lib/python3.8/site-packages/airflow/example_dags/example_trigger_target_dag.py took 0.075 seconds
[2023-12-03T09:55:16.588+0000] {processor.py:157} INFO - Started process (PID=1416) to work on /home/airflow/.local/lib/python3.8/site-packages/airflow/example_dags/example_trigger_target_dag.py
[2023-12-03T09:55:16.589+0000] {processor.py:829} INFO - Processing file /home/airflow/.local/lib/python3.8/site-packages/airflow/example_dags/example_trigger_target_dag.py for tasks to queue
[2023-12-03T09:55:16.591+0000] {logging_mixin.py:154} INFO - [2023-12-03T09:55:16.591+0000] {dagbag.py:536} INFO - Filling up the DagBag from /home/airflow/.local/lib/python3.8/site-packages/airflow/example_dags/example_trigger_target_dag.py
[2023-12-03T09:55:16.598+0000] {processor.py:839} INFO - DAG(s) dict_keys(['example_trigger_target_dag']) retrieved from /home/airflow/.local/lib/python3.8/site-packages/airflow/example_dags/example_trigger_target_dag.py
[2023-12-03T09:55:16.616+0000] {logging_mixin.py:154} INFO - [2023-12-03T09:55:16.616+0000] {dag.py:2941} INFO - Sync 1 DAGs
[2023-12-03T09:55:16.629+0000] {logging_mixin.py:154} INFO - [2023-12-03T09:55:16.629+0000] {dag.py:3722} INFO - Setting next_dagrun for example_trigger_target_dag to None, run_after=None
[2023-12-03T09:55:16.646+0000] {processor.py:179} INFO - Processing /home/airflow/.local/lib/python3.8/site-packages/airflow/example_dags/example_trigger_target_dag.py took 0.062 seconds
[2023-12-03T09:55:47.139+0000] {processor.py:157} INFO - Started process (PID=1475) to work on /home/airflow/.local/lib/python3.8/site-packages/airflow/example_dags/example_trigger_target_dag.py
[2023-12-03T09:55:47.140+0000] {processor.py:829} INFO - Processing file /home/airflow/.local/lib/python3.8/site-packages/airflow/example_dags/example_trigger_target_dag.py for tasks to queue
[2023-12-03T09:55:47.142+0000] {logging_mixin.py:154} INFO - [2023-12-03T09:55:47.142+0000] {dagbag.py:536} INFO - Filling up the DagBag from /home/airflow/.local/lib/python3.8/site-packages/airflow/example_dags/example_trigger_target_dag.py
[2023-12-03T09:55:47.148+0000] {processor.py:839} INFO - DAG(s) dict_keys(['example_trigger_target_dag']) retrieved from /home/airflow/.local/lib/python3.8/site-packages/airflow/example_dags/example_trigger_target_dag.py
[2023-12-03T09:55:47.167+0000] {logging_mixin.py:154} INFO - [2023-12-03T09:55:47.167+0000] {dag.py:2941} INFO - Sync 1 DAGs
[2023-12-03T09:55:47.179+0000] {logging_mixin.py:154} INFO - [2023-12-03T09:55:47.179+0000] {dag.py:3722} INFO - Setting next_dagrun for example_trigger_target_dag to None, run_after=None
[2023-12-03T09:55:47.195+0000] {processor.py:179} INFO - Processing /home/airflow/.local/lib/python3.8/site-packages/airflow/example_dags/example_trigger_target_dag.py took 0.060 seconds
[2023-12-03T09:56:17.306+0000] {processor.py:157} INFO - Started process (PID=1535) to work on /home/airflow/.local/lib/python3.8/site-packages/airflow/example_dags/example_trigger_target_dag.py
[2023-12-03T09:56:17.308+0000] {processor.py:829} INFO - Processing file /home/airflow/.local/lib/python3.8/site-packages/airflow/example_dags/example_trigger_target_dag.py for tasks to queue
[2023-12-03T09:56:17.311+0000] {logging_mixin.py:154} INFO - [2023-12-03T09:56:17.311+0000] {dagbag.py:536} INFO - Filling up the DagBag from /home/airflow/.local/lib/python3.8/site-packages/airflow/example_dags/example_trigger_target_dag.py
[2023-12-03T09:56:17.317+0000] {processor.py:839} INFO - DAG(s) dict_keys(['example_trigger_target_dag']) retrieved from /home/airflow/.local/lib/python3.8/site-packages/airflow/example_dags/example_trigger_target_dag.py
[2023-12-03T09:56:17.337+0000] {logging_mixin.py:154} INFO - [2023-12-03T09:56:17.336+0000] {dag.py:2941} INFO - Sync 1 DAGs
[2023-12-03T09:56:17.348+0000] {logging_mixin.py:154} INFO - [2023-12-03T09:56:17.348+0000] {dag.py:3722} INFO - Setting next_dagrun for example_trigger_target_dag to None, run_after=None
[2023-12-03T09:56:17.364+0000] {processor.py:179} INFO - Processing /home/airflow/.local/lib/python3.8/site-packages/airflow/example_dags/example_trigger_target_dag.py took 0.062 seconds
[2023-12-03T09:56:48.195+0000] {processor.py:157} INFO - Started process (PID=1593) to work on /home/airflow/.local/lib/python3.8/site-packages/airflow/example_dags/example_trigger_target_dag.py
[2023-12-03T09:56:48.196+0000] {processor.py:829} INFO - Processing file /home/airflow/.local/lib/python3.8/site-packages/airflow/example_dags/example_trigger_target_dag.py for tasks to queue
[2023-12-03T09:56:48.199+0000] {logging_mixin.py:154} INFO - [2023-12-03T09:56:48.199+0000] {dagbag.py:536} INFO - Filling up the DagBag from /home/airflow/.local/lib/python3.8/site-packages/airflow/example_dags/example_trigger_target_dag.py
[2023-12-03T09:56:48.205+0000] {processor.py:839} INFO - DAG(s) dict_keys(['example_trigger_target_dag']) retrieved from /home/airflow/.local/lib/python3.8/site-packages/airflow/example_dags/example_trigger_target_dag.py
[2023-12-03T09:56:48.222+0000] {logging_mixin.py:154} INFO - [2023-12-03T09:56:48.222+0000] {dag.py:2941} INFO - Sync 1 DAGs
[2023-12-03T09:56:48.233+0000] {logging_mixin.py:154} INFO - [2023-12-03T09:56:48.233+0000] {dag.py:3722} INFO - Setting next_dagrun for example_trigger_target_dag to None, run_after=None
[2023-12-03T09:56:48.247+0000] {processor.py:179} INFO - Processing /home/airflow/.local/lib/python3.8/site-packages/airflow/example_dags/example_trigger_target_dag.py took 0.055 seconds
[2023-12-03T09:57:18.950+0000] {processor.py:157} INFO - Started process (PID=1651) to work on /home/airflow/.local/lib/python3.8/site-packages/airflow/example_dags/example_trigger_target_dag.py
[2023-12-03T09:57:18.952+0000] {processor.py:829} INFO - Processing file /home/airflow/.local/lib/python3.8/site-packages/airflow/example_dags/example_trigger_target_dag.py for tasks to queue
[2023-12-03T09:57:18.955+0000] {logging_mixin.py:154} INFO - [2023-12-03T09:57:18.954+0000] {dagbag.py:536} INFO - Filling up the DagBag from /home/airflow/.local/lib/python3.8/site-packages/airflow/example_dags/example_trigger_target_dag.py
[2023-12-03T09:57:18.960+0000] {processor.py:839} INFO - DAG(s) dict_keys(['example_trigger_target_dag']) retrieved from /home/airflow/.local/lib/python3.8/site-packages/airflow/example_dags/example_trigger_target_dag.py
[2023-12-03T09:57:19.058+0000] {logging_mixin.py:154} INFO - [2023-12-03T09:57:19.058+0000] {dag.py:2941} INFO - Sync 1 DAGs
[2023-12-03T09:57:19.072+0000] {logging_mixin.py:154} INFO - [2023-12-03T09:57:19.072+0000] {dag.py:3722} INFO - Setting next_dagrun for example_trigger_target_dag to None, run_after=None
[2023-12-03T09:57:19.088+0000] {processor.py:179} INFO - Processing /home/airflow/.local/lib/python3.8/site-packages/airflow/example_dags/example_trigger_target_dag.py took 0.141 seconds
[2023-12-03T09:57:49.350+0000] {processor.py:157} INFO - Started process (PID=1711) to work on /home/airflow/.local/lib/python3.8/site-packages/airflow/example_dags/example_trigger_target_dag.py
[2023-12-03T09:57:49.351+0000] {processor.py:829} INFO - Processing file /home/airflow/.local/lib/python3.8/site-packages/airflow/example_dags/example_trigger_target_dag.py for tasks to queue
[2023-12-03T09:57:49.354+0000] {logging_mixin.py:154} INFO - [2023-12-03T09:57:49.354+0000] {dagbag.py:536} INFO - Filling up the DagBag from /home/airflow/.local/lib/python3.8/site-packages/airflow/example_dags/example_trigger_target_dag.py
[2023-12-03T09:57:49.360+0000] {processor.py:839} INFO - DAG(s) dict_keys(['example_trigger_target_dag']) retrieved from /home/airflow/.local/lib/python3.8/site-packages/airflow/example_dags/example_trigger_target_dag.py
[2023-12-03T09:57:49.380+0000] {logging_mixin.py:154} INFO - [2023-12-03T09:57:49.379+0000] {dag.py:2941} INFO - Sync 1 DAGs
[2023-12-03T09:57:49.392+0000] {logging_mixin.py:154} INFO - [2023-12-03T09:57:49.392+0000] {dag.py:3722} INFO - Setting next_dagrun for example_trigger_target_dag to None, run_after=None
[2023-12-03T09:57:49.407+0000] {processor.py:179} INFO - Processing /home/airflow/.local/lib/python3.8/site-packages/airflow/example_dags/example_trigger_target_dag.py took 0.061 seconds
[2023-12-03T09:58:19.465+0000] {processor.py:157} INFO - Started process (PID=1769) to work on /home/airflow/.local/lib/python3.8/site-packages/airflow/example_dags/example_trigger_target_dag.py
[2023-12-03T09:58:19.466+0000] {processor.py:829} INFO - Processing file /home/airflow/.local/lib/python3.8/site-packages/airflow/example_dags/example_trigger_target_dag.py for tasks to queue
[2023-12-03T09:58:19.469+0000] {logging_mixin.py:154} INFO - [2023-12-03T09:58:19.469+0000] {dagbag.py:536} INFO - Filling up the DagBag from /home/airflow/.local/lib/python3.8/site-packages/airflow/example_dags/example_trigger_target_dag.py
[2023-12-03T09:58:19.474+0000] {processor.py:839} INFO - DAG(s) dict_keys(['example_trigger_target_dag']) retrieved from /home/airflow/.local/lib/python3.8/site-packages/airflow/example_dags/example_trigger_target_dag.py
[2023-12-03T09:58:19.496+0000] {logging_mixin.py:154} INFO - [2023-12-03T09:58:19.496+0000] {dag.py:2941} INFO - Sync 1 DAGs
[2023-12-03T09:58:19.510+0000] {logging_mixin.py:154} INFO - [2023-12-03T09:58:19.509+0000] {dag.py:3722} INFO - Setting next_dagrun for example_trigger_target_dag to None, run_after=None
[2023-12-03T09:58:19.526+0000] {processor.py:179} INFO - Processing /home/airflow/.local/lib/python3.8/site-packages/airflow/example_dags/example_trigger_target_dag.py took 0.065 seconds
[2023-12-03T09:58:49.786+0000] {processor.py:157} INFO - Started process (PID=1826) to work on /home/airflow/.local/lib/python3.8/site-packages/airflow/example_dags/example_trigger_target_dag.py
[2023-12-03T09:58:49.787+0000] {processor.py:829} INFO - Processing file /home/airflow/.local/lib/python3.8/site-packages/airflow/example_dags/example_trigger_target_dag.py for tasks to queue
[2023-12-03T09:58:49.790+0000] {logging_mixin.py:154} INFO - [2023-12-03T09:58:49.790+0000] {dagbag.py:536} INFO - Filling up the DagBag from /home/airflow/.local/lib/python3.8/site-packages/airflow/example_dags/example_trigger_target_dag.py
[2023-12-03T09:58:49.797+0000] {processor.py:839} INFO - DAG(s) dict_keys(['example_trigger_target_dag']) retrieved from /home/airflow/.local/lib/python3.8/site-packages/airflow/example_dags/example_trigger_target_dag.py
[2023-12-03T09:58:49.817+0000] {logging_mixin.py:154} INFO - [2023-12-03T09:58:49.816+0000] {dag.py:2941} INFO - Sync 1 DAGs
[2023-12-03T09:58:49.829+0000] {logging_mixin.py:154} INFO - [2023-12-03T09:58:49.829+0000] {dag.py:3722} INFO - Setting next_dagrun for example_trigger_target_dag to None, run_after=None
[2023-12-03T09:58:49.845+0000] {processor.py:179} INFO - Processing /home/airflow/.local/lib/python3.8/site-packages/airflow/example_dags/example_trigger_target_dag.py took 0.063 seconds
[2023-12-03T09:59:20.446+0000] {processor.py:157} INFO - Started process (PID=1884) to work on /home/airflow/.local/lib/python3.8/site-packages/airflow/example_dags/example_trigger_target_dag.py
[2023-12-03T09:59:20.447+0000] {processor.py:829} INFO - Processing file /home/airflow/.local/lib/python3.8/site-packages/airflow/example_dags/example_trigger_target_dag.py for tasks to queue
[2023-12-03T09:59:20.450+0000] {logging_mixin.py:154} INFO - [2023-12-03T09:59:20.450+0000] {dagbag.py:536} INFO - Filling up the DagBag from /home/airflow/.local/lib/python3.8/site-packages/airflow/example_dags/example_trigger_target_dag.py
[2023-12-03T09:59:20.456+0000] {processor.py:839} INFO - DAG(s) dict_keys(['example_trigger_target_dag']) retrieved from /home/airflow/.local/lib/python3.8/site-packages/airflow/example_dags/example_trigger_target_dag.py
[2023-12-03T09:59:20.475+0000] {logging_mixin.py:154} INFO - [2023-12-03T09:59:20.475+0000] {dag.py:2941} INFO - Sync 1 DAGs
[2023-12-03T09:59:20.488+0000] {logging_mixin.py:154} INFO - [2023-12-03T09:59:20.488+0000] {dag.py:3722} INFO - Setting next_dagrun for example_trigger_target_dag to None, run_after=None
[2023-12-03T09:59:20.504+0000] {processor.py:179} INFO - Processing /home/airflow/.local/lib/python3.8/site-packages/airflow/example_dags/example_trigger_target_dag.py took 0.063 seconds
[2023-12-03T09:59:51.455+0000] {processor.py:157} INFO - Started process (PID=1943) to work on /home/airflow/.local/lib/python3.8/site-packages/airflow/example_dags/example_trigger_target_dag.py
[2023-12-03T09:59:51.456+0000] {processor.py:829} INFO - Processing file /home/airflow/.local/lib/python3.8/site-packages/airflow/example_dags/example_trigger_target_dag.py for tasks to queue
[2023-12-03T09:59:51.460+0000] {logging_mixin.py:154} INFO - [2023-12-03T09:59:51.460+0000] {dagbag.py:536} INFO - Filling up the DagBag from /home/airflow/.local/lib/python3.8/site-packages/airflow/example_dags/example_trigger_target_dag.py
[2023-12-03T09:59:51.466+0000] {processor.py:839} INFO - DAG(s) dict_keys(['example_trigger_target_dag']) retrieved from /home/airflow/.local/lib/python3.8/site-packages/airflow/example_dags/example_trigger_target_dag.py
[2023-12-03T09:59:51.486+0000] {logging_mixin.py:154} INFO - [2023-12-03T09:59:51.486+0000] {dag.py:2941} INFO - Sync 1 DAGs
[2023-12-03T09:59:51.498+0000] {logging_mixin.py:154} INFO - [2023-12-03T09:59:51.498+0000] {dag.py:3722} INFO - Setting next_dagrun for example_trigger_target_dag to None, run_after=None
[2023-12-03T09:59:51.516+0000] {processor.py:179} INFO - Processing /home/airflow/.local/lib/python3.8/site-packages/airflow/example_dags/example_trigger_target_dag.py took 0.065 seconds
[2023-12-03T10:00:21.865+0000] {processor.py:157} INFO - Started process (PID=2005) to work on /home/airflow/.local/lib/python3.8/site-packages/airflow/example_dags/example_trigger_target_dag.py
[2023-12-03T10:00:21.867+0000] {processor.py:829} INFO - Processing file /home/airflow/.local/lib/python3.8/site-packages/airflow/example_dags/example_trigger_target_dag.py for tasks to queue
[2023-12-03T10:00:21.870+0000] {logging_mixin.py:154} INFO - [2023-12-03T10:00:21.870+0000] {dagbag.py:536} INFO - Filling up the DagBag from /home/airflow/.local/lib/python3.8/site-packages/airflow/example_dags/example_trigger_target_dag.py
[2023-12-03T10:00:21.876+0000] {processor.py:839} INFO - DAG(s) dict_keys(['example_trigger_target_dag']) retrieved from /home/airflow/.local/lib/python3.8/site-packages/airflow/example_dags/example_trigger_target_dag.py
[2023-12-03T10:00:21.896+0000] {logging_mixin.py:154} INFO - [2023-12-03T10:00:21.895+0000] {dag.py:2941} INFO - Sync 1 DAGs
[2023-12-03T10:00:21.907+0000] {logging_mixin.py:154} INFO - [2023-12-03T10:00:21.907+0000] {dag.py:3722} INFO - Setting next_dagrun for example_trigger_target_dag to None, run_after=None
[2023-12-03T10:00:21.924+0000] {processor.py:179} INFO - Processing /home/airflow/.local/lib/python3.8/site-packages/airflow/example_dags/example_trigger_target_dag.py took 0.062 seconds
[2023-12-03T10:00:52.558+0000] {processor.py:157} INFO - Started process (PID=2063) to work on /home/airflow/.local/lib/python3.8/site-packages/airflow/example_dags/example_trigger_target_dag.py
[2023-12-03T10:00:52.559+0000] {processor.py:829} INFO - Processing file /home/airflow/.local/lib/python3.8/site-packages/airflow/example_dags/example_trigger_target_dag.py for tasks to queue
[2023-12-03T10:00:52.561+0000] {logging_mixin.py:154} INFO - [2023-12-03T10:00:52.561+0000] {dagbag.py:536} INFO - Filling up the DagBag from /home/airflow/.local/lib/python3.8/site-packages/airflow/example_dags/example_trigger_target_dag.py
[2023-12-03T10:00:52.567+0000] {processor.py:839} INFO - DAG(s) dict_keys(['example_trigger_target_dag']) retrieved from /home/airflow/.local/lib/python3.8/site-packages/airflow/example_dags/example_trigger_target_dag.py
[2023-12-03T10:00:52.587+0000] {logging_mixin.py:154} INFO - [2023-12-03T10:00:52.587+0000] {dag.py:2941} INFO - Sync 1 DAGs
[2023-12-03T10:00:52.600+0000] {logging_mixin.py:154} INFO - [2023-12-03T10:00:52.600+0000] {dag.py:3722} INFO - Setting next_dagrun for example_trigger_target_dag to None, run_after=None
[2023-12-03T10:00:52.616+0000] {processor.py:179} INFO - Processing /home/airflow/.local/lib/python3.8/site-packages/airflow/example_dags/example_trigger_target_dag.py took 0.063 seconds
[2023-12-03T10:01:23.571+0000] {processor.py:157} INFO - Started process (PID=2121) to work on /home/airflow/.local/lib/python3.8/site-packages/airflow/example_dags/example_trigger_target_dag.py
[2023-12-03T10:01:23.572+0000] {processor.py:829} INFO - Processing file /home/airflow/.local/lib/python3.8/site-packages/airflow/example_dags/example_trigger_target_dag.py for tasks to queue
[2023-12-03T10:01:23.575+0000] {logging_mixin.py:154} INFO - [2023-12-03T10:01:23.575+0000] {dagbag.py:536} INFO - Filling up the DagBag from /home/airflow/.local/lib/python3.8/site-packages/airflow/example_dags/example_trigger_target_dag.py
[2023-12-03T10:01:23.581+0000] {processor.py:839} INFO - DAG(s) dict_keys(['example_trigger_target_dag']) retrieved from /home/airflow/.local/lib/python3.8/site-packages/airflow/example_dags/example_trigger_target_dag.py
[2023-12-03T10:01:23.601+0000] {logging_mixin.py:154} INFO - [2023-12-03T10:01:23.601+0000] {dag.py:2941} INFO - Sync 1 DAGs
[2023-12-03T10:01:23.614+0000] {logging_mixin.py:154} INFO - [2023-12-03T10:01:23.613+0000] {dag.py:3722} INFO - Setting next_dagrun for example_trigger_target_dag to None, run_after=None
[2023-12-03T10:01:23.634+0000] {processor.py:179} INFO - Processing /home/airflow/.local/lib/python3.8/site-packages/airflow/example_dags/example_trigger_target_dag.py took 0.067 seconds
[2023-12-03T10:01:53.886+0000] {processor.py:157} INFO - Started process (PID=2181) to work on /home/airflow/.local/lib/python3.8/site-packages/airflow/example_dags/example_trigger_target_dag.py
[2023-12-03T10:01:53.887+0000] {processor.py:829} INFO - Processing file /home/airflow/.local/lib/python3.8/site-packages/airflow/example_dags/example_trigger_target_dag.py for tasks to queue
[2023-12-03T10:01:53.891+0000] {logging_mixin.py:154} INFO - [2023-12-03T10:01:53.891+0000] {dagbag.py:536} INFO - Filling up the DagBag from /home/airflow/.local/lib/python3.8/site-packages/airflow/example_dags/example_trigger_target_dag.py
[2023-12-03T10:01:53.898+0000] {processor.py:839} INFO - DAG(s) dict_keys(['example_trigger_target_dag']) retrieved from /home/airflow/.local/lib/python3.8/site-packages/airflow/example_dags/example_trigger_target_dag.py
[2023-12-03T10:01:53.919+0000] {logging_mixin.py:154} INFO - [2023-12-03T10:01:53.919+0000] {dag.py:2941} INFO - Sync 1 DAGs
[2023-12-03T10:01:53.932+0000] {logging_mixin.py:154} INFO - [2023-12-03T10:01:53.931+0000] {dag.py:3722} INFO - Setting next_dagrun for example_trigger_target_dag to None, run_after=None
[2023-12-03T10:01:53.949+0000] {processor.py:179} INFO - Processing /home/airflow/.local/lib/python3.8/site-packages/airflow/example_dags/example_trigger_target_dag.py took 0.067 seconds
[2023-12-03T10:02:24.849+0000] {processor.py:157} INFO - Started process (PID=2239) to work on /home/airflow/.local/lib/python3.8/site-packages/airflow/example_dags/example_trigger_target_dag.py
[2023-12-03T10:02:24.850+0000] {processor.py:829} INFO - Processing file /home/airflow/.local/lib/python3.8/site-packages/airflow/example_dags/example_trigger_target_dag.py for tasks to queue
[2023-12-03T10:02:24.853+0000] {logging_mixin.py:154} INFO - [2023-12-03T10:02:24.853+0000] {dagbag.py:536} INFO - Filling up the DagBag from /home/airflow/.local/lib/python3.8/site-packages/airflow/example_dags/example_trigger_target_dag.py
[2023-12-03T10:02:24.858+0000] {processor.py:839} INFO - DAG(s) dict_keys(['example_trigger_target_dag']) retrieved from /home/airflow/.local/lib/python3.8/site-packages/airflow/example_dags/example_trigger_target_dag.py
[2023-12-03T10:02:24.881+0000] {logging_mixin.py:154} INFO - [2023-12-03T10:02:24.880+0000] {dag.py:2941} INFO - Sync 1 DAGs
[2023-12-03T10:02:24.898+0000] {logging_mixin.py:154} INFO - [2023-12-03T10:02:24.897+0000] {dag.py:3722} INFO - Setting next_dagrun for example_trigger_target_dag to None, run_after=None
[2023-12-03T10:02:24.918+0000] {processor.py:179} INFO - Processing /home/airflow/.local/lib/python3.8/site-packages/airflow/example_dags/example_trigger_target_dag.py took 0.074 seconds
[2023-12-03T10:02:55.030+0000] {processor.py:157} INFO - Started process (PID=2295) to work on /home/airflow/.local/lib/python3.8/site-packages/airflow/example_dags/example_trigger_target_dag.py
[2023-12-03T10:02:55.032+0000] {processor.py:829} INFO - Processing file /home/airflow/.local/lib/python3.8/site-packages/airflow/example_dags/example_trigger_target_dag.py for tasks to queue
[2023-12-03T10:02:55.035+0000] {logging_mixin.py:154} INFO - [2023-12-03T10:02:55.034+0000] {dagbag.py:536} INFO - Filling up the DagBag from /home/airflow/.local/lib/python3.8/site-packages/airflow/example_dags/example_trigger_target_dag.py
[2023-12-03T10:02:55.040+0000] {processor.py:839} INFO - DAG(s) dict_keys(['example_trigger_target_dag']) retrieved from /home/airflow/.local/lib/python3.8/site-packages/airflow/example_dags/example_trigger_target_dag.py
[2023-12-03T10:02:55.061+0000] {logging_mixin.py:154} INFO - [2023-12-03T10:02:55.060+0000] {dag.py:2941} INFO - Sync 1 DAGs
[2023-12-03T10:02:55.072+0000] {logging_mixin.py:154} INFO - [2023-12-03T10:02:55.072+0000] {dag.py:3722} INFO - Setting next_dagrun for example_trigger_target_dag to None, run_after=None
[2023-12-03T10:02:55.087+0000] {processor.py:179} INFO - Processing /home/airflow/.local/lib/python3.8/site-packages/airflow/example_dags/example_trigger_target_dag.py took 0.061 seconds
[2023-12-03T10:03:25.358+0000] {processor.py:157} INFO - Started process (PID=2353) to work on /home/airflow/.local/lib/python3.8/site-packages/airflow/example_dags/example_trigger_target_dag.py
[2023-12-03T10:03:25.359+0000] {processor.py:829} INFO - Processing file /home/airflow/.local/lib/python3.8/site-packages/airflow/example_dags/example_trigger_target_dag.py for tasks to queue
[2023-12-03T10:03:25.362+0000] {logging_mixin.py:154} INFO - [2023-12-03T10:03:25.362+0000] {dagbag.py:536} INFO - Filling up the DagBag from /home/airflow/.local/lib/python3.8/site-packages/airflow/example_dags/example_trigger_target_dag.py
[2023-12-03T10:03:25.369+0000] {processor.py:839} INFO - DAG(s) dict_keys(['example_trigger_target_dag']) retrieved from /home/airflow/.local/lib/python3.8/site-packages/airflow/example_dags/example_trigger_target_dag.py
[2023-12-03T10:03:25.392+0000] {logging_mixin.py:154} INFO - [2023-12-03T10:03:25.392+0000] {dag.py:2941} INFO - Sync 1 DAGs
[2023-12-03T10:03:25.404+0000] {logging_mixin.py:154} INFO - [2023-12-03T10:03:25.404+0000] {dag.py:3722} INFO - Setting next_dagrun for example_trigger_target_dag to None, run_after=None
[2023-12-03T10:03:25.421+0000] {processor.py:179} INFO - Processing /home/airflow/.local/lib/python3.8/site-packages/airflow/example_dags/example_trigger_target_dag.py took 0.067 seconds
[2023-12-03T10:03:55.510+0000] {processor.py:157} INFO - Started process (PID=2411) to work on /home/airflow/.local/lib/python3.8/site-packages/airflow/example_dags/example_trigger_target_dag.py
[2023-12-03T10:03:55.514+0000] {processor.py:829} INFO - Processing file /home/airflow/.local/lib/python3.8/site-packages/airflow/example_dags/example_trigger_target_dag.py for tasks to queue
[2023-12-03T10:03:55.519+0000] {logging_mixin.py:154} INFO - [2023-12-03T10:03:55.518+0000] {dagbag.py:536} INFO - Filling up the DagBag from /home/airflow/.local/lib/python3.8/site-packages/airflow/example_dags/example_trigger_target_dag.py
[2023-12-03T10:03:55.527+0000] {processor.py:839} INFO - DAG(s) dict_keys(['example_trigger_target_dag']) retrieved from /home/airflow/.local/lib/python3.8/site-packages/airflow/example_dags/example_trigger_target_dag.py
[2023-12-03T10:03:55.555+0000] {logging_mixin.py:154} INFO - [2023-12-03T10:03:55.555+0000] {dag.py:2941} INFO - Sync 1 DAGs
[2023-12-03T10:03:55.574+0000] {logging_mixin.py:154} INFO - [2023-12-03T10:03:55.573+0000] {dag.py:3722} INFO - Setting next_dagrun for example_trigger_target_dag to None, run_after=None
[2023-12-03T10:03:55.599+0000] {processor.py:179} INFO - Processing /home/airflow/.local/lib/python3.8/site-packages/airflow/example_dags/example_trigger_target_dag.py took 0.095 seconds
[2023-12-03T10:04:26.100+0000] {processor.py:157} INFO - Started process (PID=2469) to work on /home/airflow/.local/lib/python3.8/site-packages/airflow/example_dags/example_trigger_target_dag.py
[2023-12-03T10:04:26.101+0000] {processor.py:829} INFO - Processing file /home/airflow/.local/lib/python3.8/site-packages/airflow/example_dags/example_trigger_target_dag.py for tasks to queue
[2023-12-03T10:04:26.105+0000] {logging_mixin.py:154} INFO - [2023-12-03T10:04:26.105+0000] {dagbag.py:536} INFO - Filling up the DagBag from /home/airflow/.local/lib/python3.8/site-packages/airflow/example_dags/example_trigger_target_dag.py
[2023-12-03T10:04:26.113+0000] {processor.py:839} INFO - DAG(s) dict_keys(['example_trigger_target_dag']) retrieved from /home/airflow/.local/lib/python3.8/site-packages/airflow/example_dags/example_trigger_target_dag.py
[2023-12-03T10:04:26.139+0000] {logging_mixin.py:154} INFO - [2023-12-03T10:04:26.138+0000] {dag.py:2941} INFO - Sync 1 DAGs
[2023-12-03T10:04:26.156+0000] {logging_mixin.py:154} INFO - [2023-12-03T10:04:26.156+0000] {dag.py:3722} INFO - Setting next_dagrun for example_trigger_target_dag to None, run_after=None
[2023-12-03T10:04:26.182+0000] {processor.py:179} INFO - Processing /home/airflow/.local/lib/python3.8/site-packages/airflow/example_dags/example_trigger_target_dag.py took 0.087 seconds
[2023-12-03T10:04:56.710+0000] {processor.py:157} INFO - Started process (PID=2527) to work on /home/airflow/.local/lib/python3.8/site-packages/airflow/example_dags/example_trigger_target_dag.py
[2023-12-03T10:04:56.712+0000] {processor.py:829} INFO - Processing file /home/airflow/.local/lib/python3.8/site-packages/airflow/example_dags/example_trigger_target_dag.py for tasks to queue
[2023-12-03T10:04:56.714+0000] {logging_mixin.py:154} INFO - [2023-12-03T10:04:56.714+0000] {dagbag.py:536} INFO - Filling up the DagBag from /home/airflow/.local/lib/python3.8/site-packages/airflow/example_dags/example_trigger_target_dag.py
[2023-12-03T10:04:56.719+0000] {processor.py:839} INFO - DAG(s) dict_keys(['example_trigger_target_dag']) retrieved from /home/airflow/.local/lib/python3.8/site-packages/airflow/example_dags/example_trigger_target_dag.py
[2023-12-03T10:04:56.735+0000] {logging_mixin.py:154} INFO - [2023-12-03T10:04:56.735+0000] {dag.py:2941} INFO - Sync 1 DAGs
[2023-12-03T10:04:56.744+0000] {logging_mixin.py:154} INFO - [2023-12-03T10:04:56.744+0000] {dag.py:3722} INFO - Setting next_dagrun for example_trigger_target_dag to None, run_after=None
[2023-12-03T10:04:56.756+0000] {processor.py:179} INFO - Processing /home/airflow/.local/lib/python3.8/site-packages/airflow/example_dags/example_trigger_target_dag.py took 0.049 seconds
[2023-12-03T10:05:27.184+0000] {processor.py:157} INFO - Started process (PID=2585) to work on /home/airflow/.local/lib/python3.8/site-packages/airflow/example_dags/example_trigger_target_dag.py
[2023-12-03T10:05:27.185+0000] {processor.py:829} INFO - Processing file /home/airflow/.local/lib/python3.8/site-packages/airflow/example_dags/example_trigger_target_dag.py for tasks to queue
[2023-12-03T10:05:27.188+0000] {logging_mixin.py:154} INFO - [2023-12-03T10:05:27.188+0000] {dagbag.py:536} INFO - Filling up the DagBag from /home/airflow/.local/lib/python3.8/site-packages/airflow/example_dags/example_trigger_target_dag.py
[2023-12-03T10:05:27.193+0000] {processor.py:839} INFO - DAG(s) dict_keys(['example_trigger_target_dag']) retrieved from /home/airflow/.local/lib/python3.8/site-packages/airflow/example_dags/example_trigger_target_dag.py
[2023-12-03T10:05:27.213+0000] {logging_mixin.py:154} INFO - [2023-12-03T10:05:27.213+0000] {dag.py:2941} INFO - Sync 1 DAGs
[2023-12-03T10:05:27.224+0000] {logging_mixin.py:154} INFO - [2023-12-03T10:05:27.224+0000] {dag.py:3722} INFO - Setting next_dagrun for example_trigger_target_dag to None, run_after=None
[2023-12-03T10:05:27.241+0000] {processor.py:179} INFO - Processing /home/airflow/.local/lib/python3.8/site-packages/airflow/example_dags/example_trigger_target_dag.py took 0.061 seconds
[2023-12-03T10:05:57.332+0000] {processor.py:157} INFO - Started process (PID=2642) to work on /home/airflow/.local/lib/python3.8/site-packages/airflow/example_dags/example_trigger_target_dag.py
[2023-12-03T10:05:57.333+0000] {processor.py:829} INFO - Processing file /home/airflow/.local/lib/python3.8/site-packages/airflow/example_dags/example_trigger_target_dag.py for tasks to queue
[2023-12-03T10:05:57.336+0000] {logging_mixin.py:154} INFO - [2023-12-03T10:05:57.335+0000] {dagbag.py:536} INFO - Filling up the DagBag from /home/airflow/.local/lib/python3.8/site-packages/airflow/example_dags/example_trigger_target_dag.py
[2023-12-03T10:05:57.343+0000] {processor.py:839} INFO - DAG(s) dict_keys(['example_trigger_target_dag']) retrieved from /home/airflow/.local/lib/python3.8/site-packages/airflow/example_dags/example_trigger_target_dag.py
[2023-12-03T10:05:57.362+0000] {logging_mixin.py:154} INFO - [2023-12-03T10:05:57.362+0000] {dag.py:2941} INFO - Sync 1 DAGs
[2023-12-03T10:05:57.374+0000] {logging_mixin.py:154} INFO - [2023-12-03T10:05:57.374+0000] {dag.py:3722} INFO - Setting next_dagrun for example_trigger_target_dag to None, run_after=None
[2023-12-03T10:05:57.392+0000] {processor.py:179} INFO - Processing /home/airflow/.local/lib/python3.8/site-packages/airflow/example_dags/example_trigger_target_dag.py took 0.063 seconds
[2023-12-03T10:06:27.446+0000] {processor.py:157} INFO - Started process (PID=2700) to work on /home/airflow/.local/lib/python3.8/site-packages/airflow/example_dags/example_trigger_target_dag.py
[2023-12-03T10:06:27.448+0000] {processor.py:829} INFO - Processing file /home/airflow/.local/lib/python3.8/site-packages/airflow/example_dags/example_trigger_target_dag.py for tasks to queue
[2023-12-03T10:06:27.450+0000] {logging_mixin.py:154} INFO - [2023-12-03T10:06:27.450+0000] {dagbag.py:536} INFO - Filling up the DagBag from /home/airflow/.local/lib/python3.8/site-packages/airflow/example_dags/example_trigger_target_dag.py
[2023-12-03T10:06:27.457+0000] {processor.py:839} INFO - DAG(s) dict_keys(['example_trigger_target_dag']) retrieved from /home/airflow/.local/lib/python3.8/site-packages/airflow/example_dags/example_trigger_target_dag.py
[2023-12-03T10:06:27.480+0000] {logging_mixin.py:154} INFO - [2023-12-03T10:06:27.479+0000] {dag.py:2941} INFO - Sync 1 DAGs
[2023-12-03T10:06:27.496+0000] {logging_mixin.py:154} INFO - [2023-12-03T10:06:27.495+0000] {dag.py:3722} INFO - Setting next_dagrun for example_trigger_target_dag to None, run_after=None
[2023-12-03T10:06:27.518+0000] {processor.py:179} INFO - Processing /home/airflow/.local/lib/python3.8/site-packages/airflow/example_dags/example_trigger_target_dag.py took 0.076 seconds
[2023-12-03T10:06:57.775+0000] {processor.py:157} INFO - Started process (PID=2758) to work on /home/airflow/.local/lib/python3.8/site-packages/airflow/example_dags/example_trigger_target_dag.py
[2023-12-03T10:06:57.776+0000] {processor.py:829} INFO - Processing file /home/airflow/.local/lib/python3.8/site-packages/airflow/example_dags/example_trigger_target_dag.py for tasks to queue
[2023-12-03T10:06:57.778+0000] {logging_mixin.py:154} INFO - [2023-12-03T10:06:57.778+0000] {dagbag.py:536} INFO - Filling up the DagBag from /home/airflow/.local/lib/python3.8/site-packages/airflow/example_dags/example_trigger_target_dag.py
[2023-12-03T10:06:57.785+0000] {processor.py:839} INFO - DAG(s) dict_keys(['example_trigger_target_dag']) retrieved from /home/airflow/.local/lib/python3.8/site-packages/airflow/example_dags/example_trigger_target_dag.py
[2023-12-03T10:06:57.804+0000] {logging_mixin.py:154} INFO - [2023-12-03T10:06:57.804+0000] {dag.py:2941} INFO - Sync 1 DAGs
[2023-12-03T10:06:57.816+0000] {logging_mixin.py:154} INFO - [2023-12-03T10:06:57.816+0000] {dag.py:3722} INFO - Setting next_dagrun for example_trigger_target_dag to None, run_after=None
[2023-12-03T10:06:57.833+0000] {processor.py:179} INFO - Processing /home/airflow/.local/lib/python3.8/site-packages/airflow/example_dags/example_trigger_target_dag.py took 0.062 seconds
[2023-12-03T10:07:27.899+0000] {processor.py:157} INFO - Started process (PID=2816) to work on /home/airflow/.local/lib/python3.8/site-packages/airflow/example_dags/example_trigger_target_dag.py
[2023-12-03T10:07:27.901+0000] {processor.py:829} INFO - Processing file /home/airflow/.local/lib/python3.8/site-packages/airflow/example_dags/example_trigger_target_dag.py for tasks to queue
[2023-12-03T10:07:27.903+0000] {logging_mixin.py:154} INFO - [2023-12-03T10:07:27.903+0000] {dagbag.py:536} INFO - Filling up the DagBag from /home/airflow/.local/lib/python3.8/site-packages/airflow/example_dags/example_trigger_target_dag.py
[2023-12-03T10:07:27.909+0000] {processor.py:839} INFO - DAG(s) dict_keys(['example_trigger_target_dag']) retrieved from /home/airflow/.local/lib/python3.8/site-packages/airflow/example_dags/example_trigger_target_dag.py
[2023-12-03T10:07:27.931+0000] {logging_mixin.py:154} INFO - [2023-12-03T10:07:27.931+0000] {dag.py:2941} INFO - Sync 1 DAGs
[2023-12-03T10:07:27.944+0000] {logging_mixin.py:154} INFO - [2023-12-03T10:07:27.944+0000] {dag.py:3722} INFO - Setting next_dagrun for example_trigger_target_dag to None, run_after=None
[2023-12-03T10:07:27.958+0000] {processor.py:179} INFO - Processing /home/airflow/.local/lib/python3.8/site-packages/airflow/example_dags/example_trigger_target_dag.py took 0.063 seconds
[2023-12-03T10:07:58.262+0000] {processor.py:157} INFO - Started process (PID=2874) to work on /home/airflow/.local/lib/python3.8/site-packages/airflow/example_dags/example_trigger_target_dag.py
[2023-12-03T10:07:58.263+0000] {processor.py:829} INFO - Processing file /home/airflow/.local/lib/python3.8/site-packages/airflow/example_dags/example_trigger_target_dag.py for tasks to queue
[2023-12-03T10:07:58.265+0000] {logging_mixin.py:154} INFO - [2023-12-03T10:07:58.265+0000] {dagbag.py:536} INFO - Filling up the DagBag from /home/airflow/.local/lib/python3.8/site-packages/airflow/example_dags/example_trigger_target_dag.py
[2023-12-03T10:07:58.270+0000] {processor.py:839} INFO - DAG(s) dict_keys(['example_trigger_target_dag']) retrieved from /home/airflow/.local/lib/python3.8/site-packages/airflow/example_dags/example_trigger_target_dag.py
[2023-12-03T10:07:58.285+0000] {logging_mixin.py:154} INFO - [2023-12-03T10:07:58.285+0000] {dag.py:2941} INFO - Sync 1 DAGs
[2023-12-03T10:07:58.294+0000] {logging_mixin.py:154} INFO - [2023-12-03T10:07:58.294+0000] {dag.py:3722} INFO - Setting next_dagrun for example_trigger_target_dag to None, run_after=None
[2023-12-03T10:07:58.308+0000] {processor.py:179} INFO - Processing /home/airflow/.local/lib/python3.8/site-packages/airflow/example_dags/example_trigger_target_dag.py took 0.049 seconds
[2023-12-03T11:28:20.984+0000] {processor.py:157} INFO - Started process (PID=2930) to work on /home/airflow/.local/lib/python3.8/site-packages/airflow/example_dags/example_trigger_target_dag.py
[2023-12-03T11:28:20.985+0000] {processor.py:829} INFO - Processing file /home/airflow/.local/lib/python3.8/site-packages/airflow/example_dags/example_trigger_target_dag.py for tasks to queue
[2023-12-03T11:28:20.987+0000] {logging_mixin.py:154} INFO - [2023-12-03T11:28:20.987+0000] {dagbag.py:536} INFO - Filling up the DagBag from /home/airflow/.local/lib/python3.8/site-packages/airflow/example_dags/example_trigger_target_dag.py
[2023-12-03T11:28:20.993+0000] {processor.py:839} INFO - DAG(s) dict_keys(['example_trigger_target_dag']) retrieved from /home/airflow/.local/lib/python3.8/site-packages/airflow/example_dags/example_trigger_target_dag.py
[2023-12-03T11:28:21.007+0000] {logging_mixin.py:154} INFO - [2023-12-03T11:28:21.007+0000] {dag.py:2941} INFO - Sync 1 DAGs
[2023-12-03T11:28:21.015+0000] {logging_mixin.py:154} INFO - [2023-12-03T11:28:21.015+0000] {dag.py:3722} INFO - Setting next_dagrun for example_trigger_target_dag to None, run_after=None
[2023-12-03T11:28:21.028+0000] {processor.py:179} INFO - Processing /home/airflow/.local/lib/python3.8/site-packages/airflow/example_dags/example_trigger_target_dag.py took 0.047 seconds
[2023-12-03T12:09:30.514+0000] {processor.py:157} INFO - Started process (PID=2987) to work on /home/airflow/.local/lib/python3.8/site-packages/airflow/example_dags/example_trigger_target_dag.py
[2023-12-03T12:09:30.515+0000] {processor.py:829} INFO - Processing file /home/airflow/.local/lib/python3.8/site-packages/airflow/example_dags/example_trigger_target_dag.py for tasks to queue
[2023-12-03T12:09:30.518+0000] {logging_mixin.py:154} INFO - [2023-12-03T12:09:30.518+0000] {dagbag.py:536} INFO - Filling up the DagBag from /home/airflow/.local/lib/python3.8/site-packages/airflow/example_dags/example_trigger_target_dag.py
[2023-12-03T12:09:30.525+0000] {processor.py:839} INFO - DAG(s) dict_keys(['example_trigger_target_dag']) retrieved from /home/airflow/.local/lib/python3.8/site-packages/airflow/example_dags/example_trigger_target_dag.py
[2023-12-03T12:09:30.545+0000] {logging_mixin.py:154} INFO - [2023-12-03T12:09:30.545+0000] {dag.py:2941} INFO - Sync 1 DAGs
[2023-12-03T12:09:30.555+0000] {logging_mixin.py:154} INFO - [2023-12-03T12:09:30.555+0000] {dag.py:3722} INFO - Setting next_dagrun for example_trigger_target_dag to None, run_after=None
[2023-12-03T12:09:30.569+0000] {processor.py:179} INFO - Processing /home/airflow/.local/lib/python3.8/site-packages/airflow/example_dags/example_trigger_target_dag.py took 0.059 seconds
[2023-12-03T12:27:32.918+0000] {processor.py:157} INFO - Started process (PID=3045) to work on /home/airflow/.local/lib/python3.8/site-packages/airflow/example_dags/example_trigger_target_dag.py
[2023-12-03T12:27:32.920+0000] {processor.py:829} INFO - Processing file /home/airflow/.local/lib/python3.8/site-packages/airflow/example_dags/example_trigger_target_dag.py for tasks to queue
[2023-12-03T12:27:32.923+0000] {logging_mixin.py:154} INFO - [2023-12-03T12:27:32.922+0000] {dagbag.py:536} INFO - Filling up the DagBag from /home/airflow/.local/lib/python3.8/site-packages/airflow/example_dags/example_trigger_target_dag.py
[2023-12-03T12:27:32.928+0000] {processor.py:839} INFO - DAG(s) dict_keys(['example_trigger_target_dag']) retrieved from /home/airflow/.local/lib/python3.8/site-packages/airflow/example_dags/example_trigger_target_dag.py
[2023-12-03T12:27:32.948+0000] {logging_mixin.py:154} INFO - [2023-12-03T12:27:32.948+0000] {dag.py:2941} INFO - Sync 1 DAGs
[2023-12-03T12:27:32.966+0000] {logging_mixin.py:154} INFO - [2023-12-03T12:27:32.966+0000] {dag.py:3722} INFO - Setting next_dagrun for example_trigger_target_dag to None, run_after=None
[2023-12-03T12:27:32.979+0000] {processor.py:179} INFO - Processing /home/airflow/.local/lib/python3.8/site-packages/airflow/example_dags/example_trigger_target_dag.py took 0.065 seconds
[2023-12-03T12:44:56.220+0000] {processor.py:157} INFO - Started process (PID=3103) to work on /home/airflow/.local/lib/python3.8/site-packages/airflow/example_dags/example_trigger_target_dag.py
[2023-12-03T12:44:56.221+0000] {processor.py:829} INFO - Processing file /home/airflow/.local/lib/python3.8/site-packages/airflow/example_dags/example_trigger_target_dag.py for tasks to queue
[2023-12-03T12:44:56.223+0000] {logging_mixin.py:154} INFO - [2023-12-03T12:44:56.223+0000] {dagbag.py:536} INFO - Filling up the DagBag from /home/airflow/.local/lib/python3.8/site-packages/airflow/example_dags/example_trigger_target_dag.py
[2023-12-03T12:44:56.228+0000] {processor.py:839} INFO - DAG(s) dict_keys(['example_trigger_target_dag']) retrieved from /home/airflow/.local/lib/python3.8/site-packages/airflow/example_dags/example_trigger_target_dag.py
[2023-12-03T12:44:56.244+0000] {logging_mixin.py:154} INFO - [2023-12-03T12:44:56.244+0000] {dag.py:2941} INFO - Sync 1 DAGs
[2023-12-03T12:44:56.253+0000] {logging_mixin.py:154} INFO - [2023-12-03T12:44:56.253+0000] {dag.py:3722} INFO - Setting next_dagrun for example_trigger_target_dag to None, run_after=None
[2023-12-03T12:44:56.268+0000] {processor.py:179} INFO - Processing /home/airflow/.local/lib/python3.8/site-packages/airflow/example_dags/example_trigger_target_dag.py took 0.053 seconds
[2023-12-03T13:35:11.597+0000] {processor.py:157} INFO - Started process (PID=3161) to work on /home/airflow/.local/lib/python3.8/site-packages/airflow/example_dags/example_trigger_target_dag.py
[2023-12-03T13:35:11.599+0000] {processor.py:829} INFO - Processing file /home/airflow/.local/lib/python3.8/site-packages/airflow/example_dags/example_trigger_target_dag.py for tasks to queue
[2023-12-03T13:35:11.601+0000] {logging_mixin.py:154} INFO - [2023-12-03T13:35:11.601+0000] {dagbag.py:536} INFO - Filling up the DagBag from /home/airflow/.local/lib/python3.8/site-packages/airflow/example_dags/example_trigger_target_dag.py
[2023-12-03T13:35:11.607+0000] {processor.py:839} INFO - DAG(s) dict_keys(['example_trigger_target_dag']) retrieved from /home/airflow/.local/lib/python3.8/site-packages/airflow/example_dags/example_trigger_target_dag.py
[2023-12-03T13:35:11.623+0000] {logging_mixin.py:154} INFO - [2023-12-03T13:35:11.623+0000] {dag.py:2941} INFO - Sync 1 DAGs
[2023-12-03T13:35:11.632+0000] {logging_mixin.py:154} INFO - [2023-12-03T13:35:11.632+0000] {dag.py:3722} INFO - Setting next_dagrun for example_trigger_target_dag to None, run_after=None
[2023-12-03T13:35:11.649+0000] {processor.py:179} INFO - Processing /home/airflow/.local/lib/python3.8/site-packages/airflow/example_dags/example_trigger_target_dag.py took 0.055 seconds
[2023-12-03T14:27:25.612+0000] {processor.py:157} INFO - Started process (PID=3219) to work on /home/airflow/.local/lib/python3.8/site-packages/airflow/example_dags/example_trigger_target_dag.py
[2023-12-03T14:27:25.614+0000] {processor.py:829} INFO - Processing file /home/airflow/.local/lib/python3.8/site-packages/airflow/example_dags/example_trigger_target_dag.py for tasks to queue
[2023-12-03T14:27:25.616+0000] {logging_mixin.py:154} INFO - [2023-12-03T14:27:25.616+0000] {dagbag.py:536} INFO - Filling up the DagBag from /home/airflow/.local/lib/python3.8/site-packages/airflow/example_dags/example_trigger_target_dag.py
[2023-12-03T14:27:25.622+0000] {processor.py:839} INFO - DAG(s) dict_keys(['example_trigger_target_dag']) retrieved from /home/airflow/.local/lib/python3.8/site-packages/airflow/example_dags/example_trigger_target_dag.py
[2023-12-03T14:27:25.638+0000] {logging_mixin.py:154} INFO - [2023-12-03T14:27:25.637+0000] {dag.py:2941} INFO - Sync 1 DAGs
[2023-12-03T14:27:25.647+0000] {logging_mixin.py:154} INFO - [2023-12-03T14:27:25.647+0000] {dag.py:3722} INFO - Setting next_dagrun for example_trigger_target_dag to None, run_after=None
[2023-12-03T14:27:25.663+0000] {processor.py:179} INFO - Processing /home/airflow/.local/lib/python3.8/site-packages/airflow/example_dags/example_trigger_target_dag.py took 0.055 seconds
[2023-12-03T15:18:34.054+0000] {processor.py:157} INFO - Started process (PID=3277) to work on /home/airflow/.local/lib/python3.8/site-packages/airflow/example_dags/example_trigger_target_dag.py
[2023-12-03T15:18:34.056+0000] {processor.py:829} INFO - Processing file /home/airflow/.local/lib/python3.8/site-packages/airflow/example_dags/example_trigger_target_dag.py for tasks to queue
[2023-12-03T15:18:34.059+0000] {logging_mixin.py:154} INFO - [2023-12-03T15:18:34.058+0000] {dagbag.py:536} INFO - Filling up the DagBag from /home/airflow/.local/lib/python3.8/site-packages/airflow/example_dags/example_trigger_target_dag.py
[2023-12-03T15:18:34.065+0000] {processor.py:839} INFO - DAG(s) dict_keys(['example_trigger_target_dag']) retrieved from /home/airflow/.local/lib/python3.8/site-packages/airflow/example_dags/example_trigger_target_dag.py
[2023-12-03T15:18:34.083+0000] {logging_mixin.py:154} INFO - [2023-12-03T15:18:34.083+0000] {dag.py:2941} INFO - Sync 1 DAGs
[2023-12-03T15:18:34.092+0000] {logging_mixin.py:154} INFO - [2023-12-03T15:18:34.092+0000] {dag.py:3722} INFO - Setting next_dagrun for example_trigger_target_dag to None, run_after=None
[2023-12-03T15:18:34.107+0000] {processor.py:179} INFO - Processing /home/airflow/.local/lib/python3.8/site-packages/airflow/example_dags/example_trigger_target_dag.py took 0.057 seconds
[2023-12-03T16:07:34.317+0000] {processor.py:157} INFO - Started process (PID=3335) to work on /home/airflow/.local/lib/python3.8/site-packages/airflow/example_dags/example_trigger_target_dag.py
[2023-12-03T16:07:34.318+0000] {processor.py:829} INFO - Processing file /home/airflow/.local/lib/python3.8/site-packages/airflow/example_dags/example_trigger_target_dag.py for tasks to queue
[2023-12-03T16:07:34.322+0000] {logging_mixin.py:154} INFO - [2023-12-03T16:07:34.322+0000] {dagbag.py:536} INFO - Filling up the DagBag from /home/airflow/.local/lib/python3.8/site-packages/airflow/example_dags/example_trigger_target_dag.py
[2023-12-03T16:07:34.328+0000] {processor.py:839} INFO - DAG(s) dict_keys(['example_trigger_target_dag']) retrieved from /home/airflow/.local/lib/python3.8/site-packages/airflow/example_dags/example_trigger_target_dag.py
[2023-12-03T16:07:34.347+0000] {logging_mixin.py:154} INFO - [2023-12-03T16:07:34.347+0000] {dag.py:2941} INFO - Sync 1 DAGs
[2023-12-03T16:07:34.357+0000] {logging_mixin.py:154} INFO - [2023-12-03T16:07:34.357+0000] {dag.py:3722} INFO - Setting next_dagrun for example_trigger_target_dag to None, run_after=None
[2023-12-03T16:07:34.370+0000] {processor.py:179} INFO - Processing /home/airflow/.local/lib/python3.8/site-packages/airflow/example_dags/example_trigger_target_dag.py took 0.057 seconds
[2023-12-03T16:58:05.204+0000] {processor.py:157} INFO - Started process (PID=3393) to work on /home/airflow/.local/lib/python3.8/site-packages/airflow/example_dags/example_trigger_target_dag.py
[2023-12-03T16:58:05.205+0000] {processor.py:829} INFO - Processing file /home/airflow/.local/lib/python3.8/site-packages/airflow/example_dags/example_trigger_target_dag.py for tasks to queue
[2023-12-03T16:58:05.207+0000] {logging_mixin.py:154} INFO - [2023-12-03T16:58:05.207+0000] {dagbag.py:536} INFO - Filling up the DagBag from /home/airflow/.local/lib/python3.8/site-packages/airflow/example_dags/example_trigger_target_dag.py
[2023-12-03T16:58:05.212+0000] {processor.py:839} INFO - DAG(s) dict_keys(['example_trigger_target_dag']) retrieved from /home/airflow/.local/lib/python3.8/site-packages/airflow/example_dags/example_trigger_target_dag.py
[2023-12-03T16:58:05.228+0000] {logging_mixin.py:154} INFO - [2023-12-03T16:58:05.228+0000] {dag.py:2941} INFO - Sync 1 DAGs
[2023-12-03T16:58:05.237+0000] {logging_mixin.py:154} INFO - [2023-12-03T16:58:05.237+0000] {dag.py:3722} INFO - Setting next_dagrun for example_trigger_target_dag to None, run_after=None
[2023-12-03T16:58:05.249+0000] {processor.py:179} INFO - Processing /home/airflow/.local/lib/python3.8/site-packages/airflow/example_dags/example_trigger_target_dag.py took 0.049 seconds
[2023-12-03T17:46:23.450+0000] {processor.py:157} INFO - Started process (PID=3451) to work on /home/airflow/.local/lib/python3.8/site-packages/airflow/example_dags/example_trigger_target_dag.py
[2023-12-03T17:46:23.451+0000] {processor.py:829} INFO - Processing file /home/airflow/.local/lib/python3.8/site-packages/airflow/example_dags/example_trigger_target_dag.py for tasks to queue
[2023-12-03T17:46:23.453+0000] {logging_mixin.py:154} INFO - [2023-12-03T17:46:23.453+0000] {dagbag.py:536} INFO - Filling up the DagBag from /home/airflow/.local/lib/python3.8/site-packages/airflow/example_dags/example_trigger_target_dag.py
[2023-12-03T17:46:23.459+0000] {processor.py:839} INFO - DAG(s) dict_keys(['example_trigger_target_dag']) retrieved from /home/airflow/.local/lib/python3.8/site-packages/airflow/example_dags/example_trigger_target_dag.py
[2023-12-03T17:46:23.473+0000] {logging_mixin.py:154} INFO - [2023-12-03T17:46:23.473+0000] {dag.py:2941} INFO - Sync 1 DAGs
[2023-12-03T17:46:23.482+0000] {logging_mixin.py:154} INFO - [2023-12-03T17:46:23.482+0000] {dag.py:3722} INFO - Setting next_dagrun for example_trigger_target_dag to None, run_after=None
[2023-12-03T17:46:23.497+0000] {processor.py:179} INFO - Processing /home/airflow/.local/lib/python3.8/site-packages/airflow/example_dags/example_trigger_target_dag.py took 0.050 seconds
[2023-12-03T18:33:43.037+0000] {processor.py:157} INFO - Started process (PID=3509) to work on /home/airflow/.local/lib/python3.8/site-packages/airflow/example_dags/example_trigger_target_dag.py
[2023-12-03T18:33:43.039+0000] {processor.py:829} INFO - Processing file /home/airflow/.local/lib/python3.8/site-packages/airflow/example_dags/example_trigger_target_dag.py for tasks to queue
[2023-12-03T18:33:43.041+0000] {logging_mixin.py:154} INFO - [2023-12-03T18:33:43.041+0000] {dagbag.py:536} INFO - Filling up the DagBag from /home/airflow/.local/lib/python3.8/site-packages/airflow/example_dags/example_trigger_target_dag.py
[2023-12-03T18:33:43.048+0000] {processor.py:839} INFO - DAG(s) dict_keys(['example_trigger_target_dag']) retrieved from /home/airflow/.local/lib/python3.8/site-packages/airflow/example_dags/example_trigger_target_dag.py
[2023-12-03T18:33:43.072+0000] {logging_mixin.py:154} INFO - [2023-12-03T18:33:43.072+0000] {dag.py:2941} INFO - Sync 1 DAGs
[2023-12-03T18:33:43.082+0000] {logging_mixin.py:154} INFO - [2023-12-03T18:33:43.082+0000] {dag.py:3722} INFO - Setting next_dagrun for example_trigger_target_dag to None, run_after=None
[2023-12-03T18:33:43.100+0000] {processor.py:179} INFO - Processing /home/airflow/.local/lib/python3.8/site-packages/airflow/example_dags/example_trigger_target_dag.py took 0.066 seconds
[2023-12-03T19:06:27.840+0000] {processor.py:157} INFO - Started process (PID=3567) to work on /home/airflow/.local/lib/python3.8/site-packages/airflow/example_dags/example_trigger_target_dag.py
[2023-12-03T19:06:27.842+0000] {processor.py:829} INFO - Processing file /home/airflow/.local/lib/python3.8/site-packages/airflow/example_dags/example_trigger_target_dag.py for tasks to queue
[2023-12-03T19:06:27.845+0000] {logging_mixin.py:154} INFO - [2023-12-03T19:06:27.844+0000] {dagbag.py:536} INFO - Filling up the DagBag from /home/airflow/.local/lib/python3.8/site-packages/airflow/example_dags/example_trigger_target_dag.py
[2023-12-03T19:06:27.851+0000] {processor.py:839} INFO - DAG(s) dict_keys(['example_trigger_target_dag']) retrieved from /home/airflow/.local/lib/python3.8/site-packages/airflow/example_dags/example_trigger_target_dag.py
[2023-12-03T19:06:27.869+0000] {logging_mixin.py:154} INFO - [2023-12-03T19:06:27.869+0000] {dag.py:2941} INFO - Sync 1 DAGs
[2023-12-03T19:06:27.878+0000] {logging_mixin.py:154} INFO - [2023-12-03T19:06:27.878+0000] {dag.py:3722} INFO - Setting next_dagrun for example_trigger_target_dag to None, run_after=None
[2023-12-03T19:06:27.892+0000] {processor.py:179} INFO - Processing /home/airflow/.local/lib/python3.8/site-packages/airflow/example_dags/example_trigger_target_dag.py took 0.054 seconds
[2023-12-03T19:22:02.694+0000] {processor.py:157} INFO - Started process (PID=3624) to work on /home/airflow/.local/lib/python3.8/site-packages/airflow/example_dags/example_trigger_target_dag.py
[2023-12-03T19:22:02.695+0000] {processor.py:829} INFO - Processing file /home/airflow/.local/lib/python3.8/site-packages/airflow/example_dags/example_trigger_target_dag.py for tasks to queue
[2023-12-03T19:22:02.697+0000] {logging_mixin.py:154} INFO - [2023-12-03T19:22:02.697+0000] {dagbag.py:536} INFO - Filling up the DagBag from /home/airflow/.local/lib/python3.8/site-packages/airflow/example_dags/example_trigger_target_dag.py
[2023-12-03T19:22:02.703+0000] {processor.py:839} INFO - DAG(s) dict_keys(['example_trigger_target_dag']) retrieved from /home/airflow/.local/lib/python3.8/site-packages/airflow/example_dags/example_trigger_target_dag.py
[2023-12-03T19:22:02.718+0000] {logging_mixin.py:154} INFO - [2023-12-03T19:22:02.718+0000] {dag.py:2941} INFO - Sync 1 DAGs
[2023-12-03T19:22:02.729+0000] {logging_mixin.py:154} INFO - [2023-12-03T19:22:02.729+0000] {dag.py:3722} INFO - Setting next_dagrun for example_trigger_target_dag to None, run_after=None
[2023-12-03T19:22:02.747+0000] {processor.py:179} INFO - Processing /home/airflow/.local/lib/python3.8/site-packages/airflow/example_dags/example_trigger_target_dag.py took 0.056 seconds
[2023-12-03T20:11:34.959+0000] {processor.py:157} INFO - Started process (PID=3682) to work on /home/airflow/.local/lib/python3.8/site-packages/airflow/example_dags/example_trigger_target_dag.py
[2023-12-03T20:11:34.960+0000] {processor.py:829} INFO - Processing file /home/airflow/.local/lib/python3.8/site-packages/airflow/example_dags/example_trigger_target_dag.py for tasks to queue
[2023-12-03T20:11:34.963+0000] {logging_mixin.py:154} INFO - [2023-12-03T20:11:34.963+0000] {dagbag.py:536} INFO - Filling up the DagBag from /home/airflow/.local/lib/python3.8/site-packages/airflow/example_dags/example_trigger_target_dag.py
[2023-12-03T20:11:34.970+0000] {processor.py:839} INFO - DAG(s) dict_keys(['example_trigger_target_dag']) retrieved from /home/airflow/.local/lib/python3.8/site-packages/airflow/example_dags/example_trigger_target_dag.py
[2023-12-03T20:11:34.993+0000] {logging_mixin.py:154} INFO - [2023-12-03T20:11:34.992+0000] {dag.py:2941} INFO - Sync 1 DAGs
[2023-12-03T20:11:35.008+0000] {logging_mixin.py:154} INFO - [2023-12-03T20:11:35.008+0000] {dag.py:3722} INFO - Setting next_dagrun for example_trigger_target_dag to None, run_after=None
[2023-12-03T20:11:35.032+0000] {processor.py:179} INFO - Processing /home/airflow/.local/lib/python3.8/site-packages/airflow/example_dags/example_trigger_target_dag.py took 0.077 seconds
[2023-12-03T21:36:34.907+0000] {processor.py:157} INFO - Started process (PID=3740) to work on /home/airflow/.local/lib/python3.8/site-packages/airflow/example_dags/example_trigger_target_dag.py
[2023-12-03T21:36:34.908+0000] {processor.py:829} INFO - Processing file /home/airflow/.local/lib/python3.8/site-packages/airflow/example_dags/example_trigger_target_dag.py for tasks to queue
[2023-12-03T21:36:34.911+0000] {logging_mixin.py:154} INFO - [2023-12-03T21:36:34.911+0000] {dagbag.py:536} INFO - Filling up the DagBag from /home/airflow/.local/lib/python3.8/site-packages/airflow/example_dags/example_trigger_target_dag.py
[2023-12-03T21:36:34.925+0000] {processor.py:839} INFO - DAG(s) dict_keys(['example_trigger_target_dag']) retrieved from /home/airflow/.local/lib/python3.8/site-packages/airflow/example_dags/example_trigger_target_dag.py
[2023-12-03T21:36:34.950+0000] {logging_mixin.py:154} INFO - [2023-12-03T21:36:34.950+0000] {dag.py:2941} INFO - Sync 1 DAGs
[2023-12-03T21:36:34.964+0000] {logging_mixin.py:154} INFO - [2023-12-03T21:36:34.964+0000] {dag.py:3722} INFO - Setting next_dagrun for example_trigger_target_dag to None, run_after=None
[2023-12-03T21:36:34.976+0000] {processor.py:179} INFO - Processing /home/airflow/.local/lib/python3.8/site-packages/airflow/example_dags/example_trigger_target_dag.py took 0.073 seconds
[2023-12-03T22:57:32.512+0000] {processor.py:157} INFO - Started process (PID=3798) to work on /home/airflow/.local/lib/python3.8/site-packages/airflow/example_dags/example_trigger_target_dag.py
[2023-12-03T22:57:32.513+0000] {processor.py:829} INFO - Processing file /home/airflow/.local/lib/python3.8/site-packages/airflow/example_dags/example_trigger_target_dag.py for tasks to queue
[2023-12-03T22:57:32.516+0000] {logging_mixin.py:154} INFO - [2023-12-03T22:57:32.516+0000] {dagbag.py:536} INFO - Filling up the DagBag from /home/airflow/.local/lib/python3.8/site-packages/airflow/example_dags/example_trigger_target_dag.py
[2023-12-03T22:57:32.523+0000] {processor.py:839} INFO - DAG(s) dict_keys(['example_trigger_target_dag']) retrieved from /home/airflow/.local/lib/python3.8/site-packages/airflow/example_dags/example_trigger_target_dag.py
[2023-12-03T22:57:32.542+0000] {logging_mixin.py:154} INFO - [2023-12-03T22:57:32.542+0000] {dag.py:2941} INFO - Sync 1 DAGs
[2023-12-03T22:57:32.553+0000] {logging_mixin.py:154} INFO - [2023-12-03T22:57:32.552+0000] {dag.py:3722} INFO - Setting next_dagrun for example_trigger_target_dag to None, run_after=None
[2023-12-03T22:57:32.566+0000] {processor.py:179} INFO - Processing /home/airflow/.local/lib/python3.8/site-packages/airflow/example_dags/example_trigger_target_dag.py took 0.058 seconds
[2023-12-03T23:13:11.318+0000] {processor.py:157} INFO - Started process (PID=3849) to work on /home/airflow/.local/lib/python3.8/site-packages/airflow/example_dags/example_trigger_target_dag.py
[2023-12-03T23:13:11.319+0000] {processor.py:829} INFO - Processing file /home/airflow/.local/lib/python3.8/site-packages/airflow/example_dags/example_trigger_target_dag.py for tasks to queue
[2023-12-03T23:13:11.321+0000] {logging_mixin.py:154} INFO - [2023-12-03T23:13:11.321+0000] {dagbag.py:536} INFO - Filling up the DagBag from /home/airflow/.local/lib/python3.8/site-packages/airflow/example_dags/example_trigger_target_dag.py
[2023-12-03T23:13:11.327+0000] {processor.py:839} INFO - DAG(s) dict_keys(['example_trigger_target_dag']) retrieved from /home/airflow/.local/lib/python3.8/site-packages/airflow/example_dags/example_trigger_target_dag.py
[2023-12-03T23:13:11.342+0000] {logging_mixin.py:154} INFO - [2023-12-03T23:13:11.342+0000] {dag.py:2941} INFO - Sync 1 DAGs
[2023-12-03T23:13:11.351+0000] {logging_mixin.py:154} INFO - [2023-12-03T23:13:11.351+0000] {dag.py:3722} INFO - Setting next_dagrun for example_trigger_target_dag to None, run_after=None
[2023-12-03T23:13:11.364+0000] {processor.py:179} INFO - Processing /home/airflow/.local/lib/python3.8/site-packages/airflow/example_dags/example_trigger_target_dag.py took 0.050 seconds
[2023-12-03T23:22:19.769+0000] {processor.py:157} INFO - Started process (PID=3907) to work on /home/airflow/.local/lib/python3.8/site-packages/airflow/example_dags/example_trigger_target_dag.py
[2023-12-03T23:22:19.770+0000] {processor.py:829} INFO - Processing file /home/airflow/.local/lib/python3.8/site-packages/airflow/example_dags/example_trigger_target_dag.py for tasks to queue
[2023-12-03T23:22:19.772+0000] {logging_mixin.py:154} INFO - [2023-12-03T23:22:19.772+0000] {dagbag.py:536} INFO - Filling up the DagBag from /home/airflow/.local/lib/python3.8/site-packages/airflow/example_dags/example_trigger_target_dag.py
[2023-12-03T23:22:19.778+0000] {processor.py:839} INFO - DAG(s) dict_keys(['example_trigger_target_dag']) retrieved from /home/airflow/.local/lib/python3.8/site-packages/airflow/example_dags/example_trigger_target_dag.py
[2023-12-03T23:22:19.794+0000] {logging_mixin.py:154} INFO - [2023-12-03T23:22:19.794+0000] {dag.py:2941} INFO - Sync 1 DAGs
[2023-12-03T23:22:19.803+0000] {logging_mixin.py:154} INFO - [2023-12-03T23:22:19.802+0000] {dag.py:3722} INFO - Setting next_dagrun for example_trigger_target_dag to None, run_after=None
[2023-12-03T23:22:19.817+0000] {processor.py:179} INFO - Processing /home/airflow/.local/lib/python3.8/site-packages/airflow/example_dags/example_trigger_target_dag.py took 0.050 seconds
