[2023-12-03T09:43:23.477+0000] {processor.py:157} INFO - Started process (PID=54) to work on /home/airflow/.local/lib/python3.8/site-packages/airflow/example_dags/tutorial.py
[2023-12-03T09:43:23.478+0000] {processor.py:829} INFO - Processing file /home/airflow/.local/lib/python3.8/site-packages/airflow/example_dags/tutorial.py for tasks to queue
[2023-12-03T09:43:23.483+0000] {logging_mixin.py:154} INFO - [2023-12-03T09:43:23.482+0000] {dagbag.py:536} INFO - Filling up the DagBag from /home/airflow/.local/lib/python3.8/site-packages/airflow/example_dags/tutorial.py
[2023-12-03T09:43:23.496+0000] {processor.py:839} INFO - DAG(s) dict_keys(['tutorial']) retrieved from /home/airflow/.local/lib/python3.8/site-packages/airflow/example_dags/tutorial.py
[2023-12-03T09:43:23.516+0000] {logging_mixin.py:154} INFO - [2023-12-03T09:43:23.515+0000] {dag.py:2941} INFO - Sync 1 DAGs
[2023-12-03T09:43:23.543+0000] {logging_mixin.py:154} INFO - [2023-12-03T09:43:23.543+0000] {dag.py:3722} INFO - Setting next_dagrun for tutorial to 2023-12-02T09:43:23.543216+00:00, run_after=2023-12-03T09:43:23.543216+00:00
[2023-12-03T09:43:23.565+0000] {processor.py:179} INFO - Processing /home/airflow/.local/lib/python3.8/site-packages/airflow/example_dags/tutorial.py took 0.094 seconds
[2023-12-03T09:43:54.106+0000] {processor.py:157} INFO - Started process (PID=112) to work on /home/airflow/.local/lib/python3.8/site-packages/airflow/example_dags/tutorial.py
[2023-12-03T09:43:54.108+0000] {processor.py:829} INFO - Processing file /home/airflow/.local/lib/python3.8/site-packages/airflow/example_dags/tutorial.py for tasks to queue
[2023-12-03T09:43:54.110+0000] {logging_mixin.py:154} INFO - [2023-12-03T09:43:54.110+0000] {dagbag.py:536} INFO - Filling up the DagBag from /home/airflow/.local/lib/python3.8/site-packages/airflow/example_dags/tutorial.py
[2023-12-03T09:43:54.116+0000] {processor.py:839} INFO - DAG(s) dict_keys(['tutorial']) retrieved from /home/airflow/.local/lib/python3.8/site-packages/airflow/example_dags/tutorial.py
[2023-12-03T09:43:54.139+0000] {logging_mixin.py:154} INFO - [2023-12-03T09:43:54.139+0000] {dag.py:2941} INFO - Sync 1 DAGs
[2023-12-03T09:43:54.161+0000] {logging_mixin.py:154} INFO - [2023-12-03T09:43:54.161+0000] {dag.py:3722} INFO - Setting next_dagrun for tutorial to 2023-12-02T09:43:54.161051+00:00, run_after=2023-12-03T09:43:54.161051+00:00
[2023-12-03T09:43:54.177+0000] {processor.py:179} INFO - Processing /home/airflow/.local/lib/python3.8/site-packages/airflow/example_dags/tutorial.py took 0.076 seconds
[2023-12-03T09:44:25.098+0000] {processor.py:157} INFO - Started process (PID=169) to work on /home/airflow/.local/lib/python3.8/site-packages/airflow/example_dags/tutorial.py
[2023-12-03T09:44:25.099+0000] {processor.py:829} INFO - Processing file /home/airflow/.local/lib/python3.8/site-packages/airflow/example_dags/tutorial.py for tasks to queue
[2023-12-03T09:44:25.101+0000] {logging_mixin.py:154} INFO - [2023-12-03T09:44:25.101+0000] {dagbag.py:536} INFO - Filling up the DagBag from /home/airflow/.local/lib/python3.8/site-packages/airflow/example_dags/tutorial.py
[2023-12-03T09:44:25.108+0000] {processor.py:839} INFO - DAG(s) dict_keys(['tutorial']) retrieved from /home/airflow/.local/lib/python3.8/site-packages/airflow/example_dags/tutorial.py
[2023-12-03T09:44:25.127+0000] {logging_mixin.py:154} INFO - [2023-12-03T09:44:25.127+0000] {dag.py:2941} INFO - Sync 1 DAGs
[2023-12-03T09:44:25.148+0000] {logging_mixin.py:154} INFO - [2023-12-03T09:44:25.148+0000] {dag.py:3722} INFO - Setting next_dagrun for tutorial to 2023-12-02T09:44:25.148279+00:00, run_after=2023-12-03T09:44:25.148279+00:00
[2023-12-03T09:44:25.164+0000] {processor.py:179} INFO - Processing /home/airflow/.local/lib/python3.8/site-packages/airflow/example_dags/tutorial.py took 0.071 seconds
[2023-12-03T09:44:56.179+0000] {processor.py:157} INFO - Started process (PID=227) to work on /home/airflow/.local/lib/python3.8/site-packages/airflow/example_dags/tutorial.py
[2023-12-03T09:44:56.180+0000] {processor.py:829} INFO - Processing file /home/airflow/.local/lib/python3.8/site-packages/airflow/example_dags/tutorial.py for tasks to queue
[2023-12-03T09:44:56.183+0000] {logging_mixin.py:154} INFO - [2023-12-03T09:44:56.182+0000] {dagbag.py:536} INFO - Filling up the DagBag from /home/airflow/.local/lib/python3.8/site-packages/airflow/example_dags/tutorial.py
[2023-12-03T09:44:56.189+0000] {processor.py:839} INFO - DAG(s) dict_keys(['tutorial']) retrieved from /home/airflow/.local/lib/python3.8/site-packages/airflow/example_dags/tutorial.py
[2023-12-03T09:44:56.209+0000] {logging_mixin.py:154} INFO - [2023-12-03T09:44:56.209+0000] {dag.py:2941} INFO - Sync 1 DAGs
[2023-12-03T09:44:56.229+0000] {logging_mixin.py:154} INFO - [2023-12-03T09:44:56.229+0000] {dag.py:3722} INFO - Setting next_dagrun for tutorial to 2023-12-02T09:44:56.229150+00:00, run_after=2023-12-03T09:44:56.229150+00:00
[2023-12-03T09:44:56.245+0000] {processor.py:179} INFO - Processing /home/airflow/.local/lib/python3.8/site-packages/airflow/example_dags/tutorial.py took 0.069 seconds
[2023-12-03T09:45:26.796+0000] {processor.py:157} INFO - Started process (PID=284) to work on /home/airflow/.local/lib/python3.8/site-packages/airflow/example_dags/tutorial.py
[2023-12-03T09:45:26.799+0000] {processor.py:829} INFO - Processing file /home/airflow/.local/lib/python3.8/site-packages/airflow/example_dags/tutorial.py for tasks to queue
[2023-12-03T09:45:26.803+0000] {logging_mixin.py:154} INFO - [2023-12-03T09:45:26.802+0000] {dagbag.py:536} INFO - Filling up the DagBag from /home/airflow/.local/lib/python3.8/site-packages/airflow/example_dags/tutorial.py
[2023-12-03T09:45:26.811+0000] {processor.py:839} INFO - DAG(s) dict_keys(['tutorial']) retrieved from /home/airflow/.local/lib/python3.8/site-packages/airflow/example_dags/tutorial.py
[2023-12-03T09:45:26.843+0000] {logging_mixin.py:154} INFO - [2023-12-03T09:45:26.842+0000] {dag.py:2941} INFO - Sync 1 DAGs
[2023-12-03T09:45:26.870+0000] {logging_mixin.py:154} INFO - [2023-12-03T09:45:26.870+0000] {dag.py:3722} INFO - Setting next_dagrun for tutorial to 2023-12-02T09:45:26.870080+00:00, run_after=2023-12-03T09:45:26.870080+00:00
[2023-12-03T09:45:26.891+0000] {processor.py:179} INFO - Processing /home/airflow/.local/lib/python3.8/site-packages/airflow/example_dags/tutorial.py took 0.100 seconds
[2023-12-03T09:45:57.384+0000] {processor.py:157} INFO - Started process (PID=344) to work on /home/airflow/.local/lib/python3.8/site-packages/airflow/example_dags/tutorial.py
[2023-12-03T09:45:57.385+0000] {processor.py:829} INFO - Processing file /home/airflow/.local/lib/python3.8/site-packages/airflow/example_dags/tutorial.py for tasks to queue
[2023-12-03T09:45:57.387+0000] {logging_mixin.py:154} INFO - [2023-12-03T09:45:57.386+0000] {dagbag.py:536} INFO - Filling up the DagBag from /home/airflow/.local/lib/python3.8/site-packages/airflow/example_dags/tutorial.py
[2023-12-03T09:45:57.392+0000] {processor.py:839} INFO - DAG(s) dict_keys(['tutorial']) retrieved from /home/airflow/.local/lib/python3.8/site-packages/airflow/example_dags/tutorial.py
[2023-12-03T09:45:57.409+0000] {logging_mixin.py:154} INFO - [2023-12-03T09:45:57.409+0000] {dag.py:2941} INFO - Sync 1 DAGs
[2023-12-03T09:45:57.427+0000] {logging_mixin.py:154} INFO - [2023-12-03T09:45:57.427+0000] {dag.py:3722} INFO - Setting next_dagrun for tutorial to 2023-12-02T09:45:57.427060+00:00, run_after=2023-12-03T09:45:57.427060+00:00
[2023-12-03T09:45:57.441+0000] {processor.py:179} INFO - Processing /home/airflow/.local/lib/python3.8/site-packages/airflow/example_dags/tutorial.py took 0.060 seconds
[2023-12-03T09:46:28.010+0000] {processor.py:157} INFO - Started process (PID=402) to work on /home/airflow/.local/lib/python3.8/site-packages/airflow/example_dags/tutorial.py
[2023-12-03T09:46:28.011+0000] {processor.py:829} INFO - Processing file /home/airflow/.local/lib/python3.8/site-packages/airflow/example_dags/tutorial.py for tasks to queue
[2023-12-03T09:46:28.012+0000] {logging_mixin.py:154} INFO - [2023-12-03T09:46:28.012+0000] {dagbag.py:536} INFO - Filling up the DagBag from /home/airflow/.local/lib/python3.8/site-packages/airflow/example_dags/tutorial.py
[2023-12-03T09:46:28.018+0000] {processor.py:839} INFO - DAG(s) dict_keys(['tutorial']) retrieved from /home/airflow/.local/lib/python3.8/site-packages/airflow/example_dags/tutorial.py
[2023-12-03T09:46:28.034+0000] {logging_mixin.py:154} INFO - [2023-12-03T09:46:28.034+0000] {dag.py:2941} INFO - Sync 1 DAGs
[2023-12-03T09:46:28.049+0000] {logging_mixin.py:154} INFO - [2023-12-03T09:46:28.049+0000] {dag.py:3722} INFO - Setting next_dagrun for tutorial to 2023-12-02T09:46:28.049300+00:00, run_after=2023-12-03T09:46:28.049300+00:00
[2023-12-03T09:46:28.063+0000] {processor.py:179} INFO - Processing /home/airflow/.local/lib/python3.8/site-packages/airflow/example_dags/tutorial.py took 0.057 seconds
[2023-12-03T09:46:59.193+0000] {processor.py:157} INFO - Started process (PID=460) to work on /home/airflow/.local/lib/python3.8/site-packages/airflow/example_dags/tutorial.py
[2023-12-03T09:46:59.194+0000] {processor.py:829} INFO - Processing file /home/airflow/.local/lib/python3.8/site-packages/airflow/example_dags/tutorial.py for tasks to queue
[2023-12-03T09:46:59.196+0000] {logging_mixin.py:154} INFO - [2023-12-03T09:46:59.196+0000] {dagbag.py:536} INFO - Filling up the DagBag from /home/airflow/.local/lib/python3.8/site-packages/airflow/example_dags/tutorial.py
[2023-12-03T09:46:59.203+0000] {processor.py:839} INFO - DAG(s) dict_keys(['tutorial']) retrieved from /home/airflow/.local/lib/python3.8/site-packages/airflow/example_dags/tutorial.py
[2023-12-03T09:46:59.224+0000] {logging_mixin.py:154} INFO - [2023-12-03T09:46:59.223+0000] {dag.py:2941} INFO - Sync 1 DAGs
[2023-12-03T09:46:59.244+0000] {logging_mixin.py:154} INFO - [2023-12-03T09:46:59.244+0000] {dag.py:3722} INFO - Setting next_dagrun for tutorial to 2023-12-02T09:46:59.244363+00:00, run_after=2023-12-03T09:46:59.244363+00:00
[2023-12-03T09:46:59.261+0000] {processor.py:179} INFO - Processing /home/airflow/.local/lib/python3.8/site-packages/airflow/example_dags/tutorial.py took 0.071 seconds
[2023-12-03T09:47:29.960+0000] {processor.py:157} INFO - Started process (PID=518) to work on /home/airflow/.local/lib/python3.8/site-packages/airflow/example_dags/tutorial.py
[2023-12-03T09:47:29.961+0000] {processor.py:829} INFO - Processing file /home/airflow/.local/lib/python3.8/site-packages/airflow/example_dags/tutorial.py for tasks to queue
[2023-12-03T09:47:29.963+0000] {logging_mixin.py:154} INFO - [2023-12-03T09:47:29.963+0000] {dagbag.py:536} INFO - Filling up the DagBag from /home/airflow/.local/lib/python3.8/site-packages/airflow/example_dags/tutorial.py
[2023-12-03T09:47:29.970+0000] {processor.py:839} INFO - DAG(s) dict_keys(['tutorial']) retrieved from /home/airflow/.local/lib/python3.8/site-packages/airflow/example_dags/tutorial.py
[2023-12-03T09:47:29.991+0000] {logging_mixin.py:154} INFO - [2023-12-03T09:47:29.991+0000] {dag.py:2941} INFO - Sync 1 DAGs
[2023-12-03T09:47:30.013+0000] {logging_mixin.py:154} INFO - [2023-12-03T09:47:30.013+0000] {dag.py:3722} INFO - Setting next_dagrun for tutorial to 2023-12-02T09:47:30.013250+00:00, run_after=2023-12-03T09:47:30.013250+00:00
[2023-12-03T09:47:30.031+0000] {processor.py:179} INFO - Processing /home/airflow/.local/lib/python3.8/site-packages/airflow/example_dags/tutorial.py took 0.076 seconds
[2023-12-03T09:48:01.004+0000] {processor.py:157} INFO - Started process (PID=576) to work on /home/airflow/.local/lib/python3.8/site-packages/airflow/example_dags/tutorial.py
[2023-12-03T09:48:01.006+0000] {processor.py:829} INFO - Processing file /home/airflow/.local/lib/python3.8/site-packages/airflow/example_dags/tutorial.py for tasks to queue
[2023-12-03T09:48:01.009+0000] {logging_mixin.py:154} INFO - [2023-12-03T09:48:01.008+0000] {dagbag.py:536} INFO - Filling up the DagBag from /home/airflow/.local/lib/python3.8/site-packages/airflow/example_dags/tutorial.py
[2023-12-03T09:48:01.018+0000] {processor.py:839} INFO - DAG(s) dict_keys(['tutorial']) retrieved from /home/airflow/.local/lib/python3.8/site-packages/airflow/example_dags/tutorial.py
[2023-12-03T09:48:01.046+0000] {logging_mixin.py:154} INFO - [2023-12-03T09:48:01.045+0000] {dag.py:2941} INFO - Sync 1 DAGs
[2023-12-03T09:48:01.068+0000] {logging_mixin.py:154} INFO - [2023-12-03T09:48:01.067+0000] {dag.py:3722} INFO - Setting next_dagrun for tutorial to 2023-12-02T09:48:01.067809+00:00, run_after=2023-12-03T09:48:01.067809+00:00
[2023-12-03T09:48:01.106+0000] {processor.py:179} INFO - Processing /home/airflow/.local/lib/python3.8/site-packages/airflow/example_dags/tutorial.py took 0.106 seconds
[2023-12-03T09:48:31.976+0000] {processor.py:157} INFO - Started process (PID=632) to work on /home/airflow/.local/lib/python3.8/site-packages/airflow/example_dags/tutorial.py
[2023-12-03T09:48:31.977+0000] {processor.py:829} INFO - Processing file /home/airflow/.local/lib/python3.8/site-packages/airflow/example_dags/tutorial.py for tasks to queue
[2023-12-03T09:48:31.979+0000] {logging_mixin.py:154} INFO - [2023-12-03T09:48:31.979+0000] {dagbag.py:536} INFO - Filling up the DagBag from /home/airflow/.local/lib/python3.8/site-packages/airflow/example_dags/tutorial.py
[2023-12-03T09:48:31.985+0000] {processor.py:839} INFO - DAG(s) dict_keys(['tutorial']) retrieved from /home/airflow/.local/lib/python3.8/site-packages/airflow/example_dags/tutorial.py
[2023-12-03T09:48:32.003+0000] {logging_mixin.py:154} INFO - [2023-12-03T09:48:32.003+0000] {dag.py:2941} INFO - Sync 1 DAGs
[2023-12-03T09:48:32.022+0000] {logging_mixin.py:154} INFO - [2023-12-03T09:48:32.022+0000] {dag.py:3722} INFO - Setting next_dagrun for tutorial to 2023-12-02T09:48:32.022237+00:00, run_after=2023-12-03T09:48:32.022237+00:00
[2023-12-03T09:48:32.037+0000] {processor.py:179} INFO - Processing /home/airflow/.local/lib/python3.8/site-packages/airflow/example_dags/tutorial.py took 0.065 seconds
[2023-12-03T09:49:02.943+0000] {processor.py:157} INFO - Started process (PID=690) to work on /home/airflow/.local/lib/python3.8/site-packages/airflow/example_dags/tutorial.py
[2023-12-03T09:49:02.944+0000] {processor.py:829} INFO - Processing file /home/airflow/.local/lib/python3.8/site-packages/airflow/example_dags/tutorial.py for tasks to queue
[2023-12-03T09:49:02.947+0000] {logging_mixin.py:154} INFO - [2023-12-03T09:49:02.947+0000] {dagbag.py:536} INFO - Filling up the DagBag from /home/airflow/.local/lib/python3.8/site-packages/airflow/example_dags/tutorial.py
[2023-12-03T09:49:02.955+0000] {processor.py:839} INFO - DAG(s) dict_keys(['tutorial']) retrieved from /home/airflow/.local/lib/python3.8/site-packages/airflow/example_dags/tutorial.py
[2023-12-03T09:49:02.975+0000] {logging_mixin.py:154} INFO - [2023-12-03T09:49:02.975+0000] {dag.py:2941} INFO - Sync 1 DAGs
[2023-12-03T09:49:02.996+0000] {logging_mixin.py:154} INFO - [2023-12-03T09:49:02.996+0000] {dag.py:3722} INFO - Setting next_dagrun for tutorial to 2023-12-02T09:49:02.996445+00:00, run_after=2023-12-03T09:49:02.996445+00:00
[2023-12-03T09:49:03.015+0000] {processor.py:179} INFO - Processing /home/airflow/.local/lib/python3.8/site-packages/airflow/example_dags/tutorial.py took 0.076 seconds
[2023-12-03T09:49:33.805+0000] {processor.py:157} INFO - Started process (PID=755) to work on /home/airflow/.local/lib/python3.8/site-packages/airflow/example_dags/tutorial.py
[2023-12-03T09:49:33.807+0000] {processor.py:829} INFO - Processing file /home/airflow/.local/lib/python3.8/site-packages/airflow/example_dags/tutorial.py for tasks to queue
[2023-12-03T09:49:33.809+0000] {logging_mixin.py:154} INFO - [2023-12-03T09:49:33.809+0000] {dagbag.py:536} INFO - Filling up the DagBag from /home/airflow/.local/lib/python3.8/site-packages/airflow/example_dags/tutorial.py
[2023-12-03T09:49:33.815+0000] {processor.py:839} INFO - DAG(s) dict_keys(['tutorial']) retrieved from /home/airflow/.local/lib/python3.8/site-packages/airflow/example_dags/tutorial.py
[2023-12-03T09:49:33.834+0000] {logging_mixin.py:154} INFO - [2023-12-03T09:49:33.833+0000] {dag.py:2941} INFO - Sync 1 DAGs
[2023-12-03T09:49:33.857+0000] {logging_mixin.py:154} INFO - [2023-12-03T09:49:33.857+0000] {dag.py:3722} INFO - Setting next_dagrun for tutorial to 2023-12-02T09:49:33.856811+00:00, run_after=2023-12-03T09:49:33.856811+00:00
[2023-12-03T09:49:33.877+0000] {processor.py:179} INFO - Processing /home/airflow/.local/lib/python3.8/site-packages/airflow/example_dags/tutorial.py took 0.075 seconds
[2023-12-03T09:50:04.027+0000] {processor.py:157} INFO - Started process (PID=812) to work on /home/airflow/.local/lib/python3.8/site-packages/airflow/example_dags/tutorial.py
[2023-12-03T09:50:04.028+0000] {processor.py:829} INFO - Processing file /home/airflow/.local/lib/python3.8/site-packages/airflow/example_dags/tutorial.py for tasks to queue
[2023-12-03T09:50:04.030+0000] {logging_mixin.py:154} INFO - [2023-12-03T09:50:04.030+0000] {dagbag.py:536} INFO - Filling up the DagBag from /home/airflow/.local/lib/python3.8/site-packages/airflow/example_dags/tutorial.py
[2023-12-03T09:50:04.036+0000] {processor.py:839} INFO - DAG(s) dict_keys(['tutorial']) retrieved from /home/airflow/.local/lib/python3.8/site-packages/airflow/example_dags/tutorial.py
[2023-12-03T09:50:04.053+0000] {logging_mixin.py:154} INFO - [2023-12-03T09:50:04.053+0000] {dag.py:2941} INFO - Sync 1 DAGs
[2023-12-03T09:50:04.071+0000] {logging_mixin.py:154} INFO - [2023-12-03T09:50:04.071+0000] {dag.py:3722} INFO - Setting next_dagrun for tutorial to 2023-12-02T09:50:04.071484+00:00, run_after=2023-12-03T09:50:04.071484+00:00
[2023-12-03T09:50:04.090+0000] {processor.py:179} INFO - Processing /home/airflow/.local/lib/python3.8/site-packages/airflow/example_dags/tutorial.py took 0.066 seconds
[2023-12-03T09:50:34.289+0000] {processor.py:157} INFO - Started process (PID=870) to work on /home/airflow/.local/lib/python3.8/site-packages/airflow/example_dags/tutorial.py
[2023-12-03T09:50:34.291+0000] {processor.py:829} INFO - Processing file /home/airflow/.local/lib/python3.8/site-packages/airflow/example_dags/tutorial.py for tasks to queue
[2023-12-03T09:50:34.294+0000] {logging_mixin.py:154} INFO - [2023-12-03T09:50:34.294+0000] {dagbag.py:536} INFO - Filling up the DagBag from /home/airflow/.local/lib/python3.8/site-packages/airflow/example_dags/tutorial.py
[2023-12-03T09:50:34.300+0000] {processor.py:839} INFO - DAG(s) dict_keys(['tutorial']) retrieved from /home/airflow/.local/lib/python3.8/site-packages/airflow/example_dags/tutorial.py
[2023-12-03T09:50:34.321+0000] {logging_mixin.py:154} INFO - [2023-12-03T09:50:34.321+0000] {dag.py:2941} INFO - Sync 1 DAGs
[2023-12-03T09:50:34.344+0000] {logging_mixin.py:154} INFO - [2023-12-03T09:50:34.344+0000] {dag.py:3722} INFO - Setting next_dagrun for tutorial to 2023-12-02T09:50:34.343757+00:00, run_after=2023-12-03T09:50:34.343757+00:00
[2023-12-03T09:50:34.365+0000] {processor.py:179} INFO - Processing /home/airflow/.local/lib/python3.8/site-packages/airflow/example_dags/tutorial.py took 0.079 seconds
[2023-12-03T09:51:04.428+0000] {processor.py:157} INFO - Started process (PID=928) to work on /home/airflow/.local/lib/python3.8/site-packages/airflow/example_dags/tutorial.py
[2023-12-03T09:51:04.429+0000] {processor.py:829} INFO - Processing file /home/airflow/.local/lib/python3.8/site-packages/airflow/example_dags/tutorial.py for tasks to queue
[2023-12-03T09:51:04.432+0000] {logging_mixin.py:154} INFO - [2023-12-03T09:51:04.432+0000] {dagbag.py:536} INFO - Filling up the DagBag from /home/airflow/.local/lib/python3.8/site-packages/airflow/example_dags/tutorial.py
[2023-12-03T09:51:04.440+0000] {processor.py:839} INFO - DAG(s) dict_keys(['tutorial']) retrieved from /home/airflow/.local/lib/python3.8/site-packages/airflow/example_dags/tutorial.py
[2023-12-03T09:51:04.464+0000] {logging_mixin.py:154} INFO - [2023-12-03T09:51:04.463+0000] {dag.py:2941} INFO - Sync 1 DAGs
[2023-12-03T09:51:04.495+0000] {logging_mixin.py:154} INFO - [2023-12-03T09:51:04.494+0000] {dag.py:3722} INFO - Setting next_dagrun for tutorial to 2023-12-02T09:51:04.494196+00:00, run_after=2023-12-03T09:51:04.494196+00:00
[2023-12-03T09:51:04.520+0000] {processor.py:179} INFO - Processing /home/airflow/.local/lib/python3.8/site-packages/airflow/example_dags/tutorial.py took 0.098 seconds
[2023-12-03T09:51:35.516+0000] {processor.py:157} INFO - Started process (PID=986) to work on /home/airflow/.local/lib/python3.8/site-packages/airflow/example_dags/tutorial.py
[2023-12-03T09:51:35.518+0000] {processor.py:829} INFO - Processing file /home/airflow/.local/lib/python3.8/site-packages/airflow/example_dags/tutorial.py for tasks to queue
[2023-12-03T09:51:35.522+0000] {logging_mixin.py:154} INFO - [2023-12-03T09:51:35.521+0000] {dagbag.py:536} INFO - Filling up the DagBag from /home/airflow/.local/lib/python3.8/site-packages/airflow/example_dags/tutorial.py
[2023-12-03T09:51:35.530+0000] {processor.py:839} INFO - DAG(s) dict_keys(['tutorial']) retrieved from /home/airflow/.local/lib/python3.8/site-packages/airflow/example_dags/tutorial.py
[2023-12-03T09:51:35.553+0000] {logging_mixin.py:154} INFO - [2023-12-03T09:51:35.553+0000] {dag.py:2941} INFO - Sync 1 DAGs
[2023-12-03T09:51:35.580+0000] {logging_mixin.py:154} INFO - [2023-12-03T09:51:35.579+0000] {dag.py:3722} INFO - Setting next_dagrun for tutorial to 2023-12-02T09:51:35.579793+00:00, run_after=2023-12-03T09:51:35.579793+00:00
[2023-12-03T09:51:35.601+0000] {processor.py:179} INFO - Processing /home/airflow/.local/lib/python3.8/site-packages/airflow/example_dags/tutorial.py took 0.088 seconds
[2023-12-03T09:52:06.467+0000] {processor.py:157} INFO - Started process (PID=1044) to work on /home/airflow/.local/lib/python3.8/site-packages/airflow/example_dags/tutorial.py
[2023-12-03T09:52:06.469+0000] {processor.py:829} INFO - Processing file /home/airflow/.local/lib/python3.8/site-packages/airflow/example_dags/tutorial.py for tasks to queue
[2023-12-03T09:52:06.471+0000] {logging_mixin.py:154} INFO - [2023-12-03T09:52:06.471+0000] {dagbag.py:536} INFO - Filling up the DagBag from /home/airflow/.local/lib/python3.8/site-packages/airflow/example_dags/tutorial.py
[2023-12-03T09:52:06.480+0000] {processor.py:839} INFO - DAG(s) dict_keys(['tutorial']) retrieved from /home/airflow/.local/lib/python3.8/site-packages/airflow/example_dags/tutorial.py
[2023-12-03T09:52:06.504+0000] {logging_mixin.py:154} INFO - [2023-12-03T09:52:06.504+0000] {dag.py:2941} INFO - Sync 1 DAGs
[2023-12-03T09:52:06.528+0000] {logging_mixin.py:154} INFO - [2023-12-03T09:52:06.528+0000] {dag.py:3722} INFO - Setting next_dagrun for tutorial to 2023-12-02T09:52:06.528291+00:00, run_after=2023-12-03T09:52:06.528291+00:00
[2023-12-03T09:52:06.550+0000] {processor.py:179} INFO - Processing /home/airflow/.local/lib/python3.8/site-packages/airflow/example_dags/tutorial.py took 0.087 seconds
[2023-12-03T09:52:36.611+0000] {processor.py:157} INFO - Started process (PID=1102) to work on /home/airflow/.local/lib/python3.8/site-packages/airflow/example_dags/tutorial.py
[2023-12-03T09:52:36.612+0000] {processor.py:829} INFO - Processing file /home/airflow/.local/lib/python3.8/site-packages/airflow/example_dags/tutorial.py for tasks to queue
[2023-12-03T09:52:36.615+0000] {logging_mixin.py:154} INFO - [2023-12-03T09:52:36.615+0000] {dagbag.py:536} INFO - Filling up the DagBag from /home/airflow/.local/lib/python3.8/site-packages/airflow/example_dags/tutorial.py
[2023-12-03T09:52:36.621+0000] {processor.py:839} INFO - DAG(s) dict_keys(['tutorial']) retrieved from /home/airflow/.local/lib/python3.8/site-packages/airflow/example_dags/tutorial.py
[2023-12-03T09:52:36.639+0000] {logging_mixin.py:154} INFO - [2023-12-03T09:52:36.639+0000] {dag.py:2941} INFO - Sync 1 DAGs
[2023-12-03T09:52:36.657+0000] {logging_mixin.py:154} INFO - [2023-12-03T09:52:36.657+0000] {dag.py:3722} INFO - Setting next_dagrun for tutorial to 2023-12-02T09:52:36.656970+00:00, run_after=2023-12-03T09:52:36.656970+00:00
[2023-12-03T09:52:36.672+0000] {processor.py:179} INFO - Processing /home/airflow/.local/lib/python3.8/site-packages/airflow/example_dags/tutorial.py took 0.064 seconds
[2023-12-03T09:53:06.952+0000] {processor.py:157} INFO - Started process (PID=1160) to work on /home/airflow/.local/lib/python3.8/site-packages/airflow/example_dags/tutorial.py
[2023-12-03T09:53:06.953+0000] {processor.py:829} INFO - Processing file /home/airflow/.local/lib/python3.8/site-packages/airflow/example_dags/tutorial.py for tasks to queue
[2023-12-03T09:53:06.956+0000] {logging_mixin.py:154} INFO - [2023-12-03T09:53:06.955+0000] {dagbag.py:536} INFO - Filling up the DagBag from /home/airflow/.local/lib/python3.8/site-packages/airflow/example_dags/tutorial.py
[2023-12-03T09:53:06.963+0000] {processor.py:839} INFO - DAG(s) dict_keys(['tutorial']) retrieved from /home/airflow/.local/lib/python3.8/site-packages/airflow/example_dags/tutorial.py
[2023-12-03T09:53:06.981+0000] {logging_mixin.py:154} INFO - [2023-12-03T09:53:06.981+0000] {dag.py:2941} INFO - Sync 1 DAGs
[2023-12-03T09:53:07.004+0000] {logging_mixin.py:154} INFO - [2023-12-03T09:53:07.004+0000] {dag.py:3722} INFO - Setting next_dagrun for tutorial to 2023-12-02T09:53:07.004000+00:00, run_after=2023-12-03T09:53:07.004000+00:00
[2023-12-03T09:53:07.025+0000] {processor.py:179} INFO - Processing /home/airflow/.local/lib/python3.8/site-packages/airflow/example_dags/tutorial.py took 0.077 seconds
[2023-12-03T09:53:37.207+0000] {processor.py:157} INFO - Started process (PID=1218) to work on /home/airflow/.local/lib/python3.8/site-packages/airflow/example_dags/tutorial.py
[2023-12-03T09:53:37.208+0000] {processor.py:829} INFO - Processing file /home/airflow/.local/lib/python3.8/site-packages/airflow/example_dags/tutorial.py for tasks to queue
[2023-12-03T09:53:37.211+0000] {logging_mixin.py:154} INFO - [2023-12-03T09:53:37.211+0000] {dagbag.py:536} INFO - Filling up the DagBag from /home/airflow/.local/lib/python3.8/site-packages/airflow/example_dags/tutorial.py
[2023-12-03T09:53:37.218+0000] {processor.py:839} INFO - DAG(s) dict_keys(['tutorial']) retrieved from /home/airflow/.local/lib/python3.8/site-packages/airflow/example_dags/tutorial.py
[2023-12-03T09:53:37.242+0000] {logging_mixin.py:154} INFO - [2023-12-03T09:53:37.242+0000] {dag.py:2941} INFO - Sync 1 DAGs
[2023-12-03T09:53:37.269+0000] {logging_mixin.py:154} INFO - [2023-12-03T09:53:37.269+0000] {dag.py:3722} INFO - Setting next_dagrun for tutorial to 2023-12-02T09:53:37.269320+00:00, run_after=2023-12-03T09:53:37.269320+00:00
[2023-12-03T09:53:37.289+0000] {processor.py:179} INFO - Processing /home/airflow/.local/lib/python3.8/site-packages/airflow/example_dags/tutorial.py took 0.086 seconds
[2023-12-03T09:54:07.540+0000] {processor.py:157} INFO - Started process (PID=1276) to work on /home/airflow/.local/lib/python3.8/site-packages/airflow/example_dags/tutorial.py
[2023-12-03T09:54:07.541+0000] {processor.py:829} INFO - Processing file /home/airflow/.local/lib/python3.8/site-packages/airflow/example_dags/tutorial.py for tasks to queue
[2023-12-03T09:54:07.544+0000] {logging_mixin.py:154} INFO - [2023-12-03T09:54:07.544+0000] {dagbag.py:536} INFO - Filling up the DagBag from /home/airflow/.local/lib/python3.8/site-packages/airflow/example_dags/tutorial.py
[2023-12-03T09:54:07.550+0000] {processor.py:839} INFO - DAG(s) dict_keys(['tutorial']) retrieved from /home/airflow/.local/lib/python3.8/site-packages/airflow/example_dags/tutorial.py
[2023-12-03T09:54:07.569+0000] {logging_mixin.py:154} INFO - [2023-12-03T09:54:07.568+0000] {dag.py:2941} INFO - Sync 1 DAGs
[2023-12-03T09:54:07.588+0000] {logging_mixin.py:154} INFO - [2023-12-03T09:54:07.588+0000] {dag.py:3722} INFO - Setting next_dagrun for tutorial to 2023-12-02T09:54:07.587731+00:00, run_after=2023-12-03T09:54:07.587731+00:00
[2023-12-03T09:54:07.603+0000] {processor.py:179} INFO - Processing /home/airflow/.local/lib/python3.8/site-packages/airflow/example_dags/tutorial.py took 0.066 seconds
[2023-12-03T09:54:37.969+0000] {processor.py:157} INFO - Started process (PID=1334) to work on /home/airflow/.local/lib/python3.8/site-packages/airflow/example_dags/tutorial.py
[2023-12-03T09:54:37.970+0000] {processor.py:829} INFO - Processing file /home/airflow/.local/lib/python3.8/site-packages/airflow/example_dags/tutorial.py for tasks to queue
[2023-12-03T09:54:37.973+0000] {logging_mixin.py:154} INFO - [2023-12-03T09:54:37.973+0000] {dagbag.py:536} INFO - Filling up the DagBag from /home/airflow/.local/lib/python3.8/site-packages/airflow/example_dags/tutorial.py
[2023-12-03T09:54:37.979+0000] {processor.py:839} INFO - DAG(s) dict_keys(['tutorial']) retrieved from /home/airflow/.local/lib/python3.8/site-packages/airflow/example_dags/tutorial.py
[2023-12-03T09:54:37.997+0000] {logging_mixin.py:154} INFO - [2023-12-03T09:54:37.997+0000] {dag.py:2941} INFO - Sync 1 DAGs
[2023-12-03T09:54:38.016+0000] {logging_mixin.py:154} INFO - [2023-12-03T09:54:38.016+0000] {dag.py:3722} INFO - Setting next_dagrun for tutorial to 2023-12-02T09:54:38.016459+00:00, run_after=2023-12-03T09:54:38.016459+00:00
[2023-12-03T09:54:38.033+0000] {processor.py:179} INFO - Processing /home/airflow/.local/lib/python3.8/site-packages/airflow/example_dags/tutorial.py took 0.068 seconds
[2023-12-03T09:55:08.333+0000] {processor.py:157} INFO - Started process (PID=1392) to work on /home/airflow/.local/lib/python3.8/site-packages/airflow/example_dags/tutorial.py
[2023-12-03T09:55:08.334+0000] {processor.py:829} INFO - Processing file /home/airflow/.local/lib/python3.8/site-packages/airflow/example_dags/tutorial.py for tasks to queue
[2023-12-03T09:55:08.337+0000] {logging_mixin.py:154} INFO - [2023-12-03T09:55:08.336+0000] {dagbag.py:536} INFO - Filling up the DagBag from /home/airflow/.local/lib/python3.8/site-packages/airflow/example_dags/tutorial.py
[2023-12-03T09:55:08.343+0000] {processor.py:839} INFO - DAG(s) dict_keys(['tutorial']) retrieved from /home/airflow/.local/lib/python3.8/site-packages/airflow/example_dags/tutorial.py
[2023-12-03T09:55:08.363+0000] {logging_mixin.py:154} INFO - [2023-12-03T09:55:08.363+0000] {dag.py:2941} INFO - Sync 1 DAGs
[2023-12-03T09:55:08.383+0000] {logging_mixin.py:154} INFO - [2023-12-03T09:55:08.382+0000] {dag.py:3722} INFO - Setting next_dagrun for tutorial to 2023-12-02T09:55:08.382721+00:00, run_after=2023-12-03T09:55:08.382721+00:00
[2023-12-03T09:55:08.399+0000] {processor.py:179} INFO - Processing /home/airflow/.local/lib/python3.8/site-packages/airflow/example_dags/tutorial.py took 0.069 seconds
[2023-12-03T09:55:38.837+0000] {processor.py:157} INFO - Started process (PID=1451) to work on /home/airflow/.local/lib/python3.8/site-packages/airflow/example_dags/tutorial.py
[2023-12-03T09:55:38.838+0000] {processor.py:829} INFO - Processing file /home/airflow/.local/lib/python3.8/site-packages/airflow/example_dags/tutorial.py for tasks to queue
[2023-12-03T09:55:38.841+0000] {logging_mixin.py:154} INFO - [2023-12-03T09:55:38.841+0000] {dagbag.py:536} INFO - Filling up the DagBag from /home/airflow/.local/lib/python3.8/site-packages/airflow/example_dags/tutorial.py
[2023-12-03T09:55:38.847+0000] {processor.py:839} INFO - DAG(s) dict_keys(['tutorial']) retrieved from /home/airflow/.local/lib/python3.8/site-packages/airflow/example_dags/tutorial.py
[2023-12-03T09:55:38.868+0000] {logging_mixin.py:154} INFO - [2023-12-03T09:55:38.868+0000] {dag.py:2941} INFO - Sync 1 DAGs
[2023-12-03T09:55:38.889+0000] {logging_mixin.py:154} INFO - [2023-12-03T09:55:38.889+0000] {dag.py:3722} INFO - Setting next_dagrun for tutorial to 2023-12-02T09:55:38.888885+00:00, run_after=2023-12-03T09:55:38.888885+00:00
[2023-12-03T09:55:38.905+0000] {processor.py:179} INFO - Processing /home/airflow/.local/lib/python3.8/site-packages/airflow/example_dags/tutorial.py took 0.072 seconds
[2023-12-03T09:56:09.174+0000] {processor.py:157} INFO - Started process (PID=1513) to work on /home/airflow/.local/lib/python3.8/site-packages/airflow/example_dags/tutorial.py
[2023-12-03T09:56:09.175+0000] {processor.py:829} INFO - Processing file /home/airflow/.local/lib/python3.8/site-packages/airflow/example_dags/tutorial.py for tasks to queue
[2023-12-03T09:56:09.178+0000] {logging_mixin.py:154} INFO - [2023-12-03T09:56:09.177+0000] {dagbag.py:536} INFO - Filling up the DagBag from /home/airflow/.local/lib/python3.8/site-packages/airflow/example_dags/tutorial.py
[2023-12-03T09:56:09.184+0000] {processor.py:839} INFO - DAG(s) dict_keys(['tutorial']) retrieved from /home/airflow/.local/lib/python3.8/site-packages/airflow/example_dags/tutorial.py
[2023-12-03T09:56:09.202+0000] {logging_mixin.py:154} INFO - [2023-12-03T09:56:09.202+0000] {dag.py:2941} INFO - Sync 1 DAGs
[2023-12-03T09:56:09.221+0000] {logging_mixin.py:154} INFO - [2023-12-03T09:56:09.221+0000] {dag.py:3722} INFO - Setting next_dagrun for tutorial to 2023-12-02T09:56:09.220847+00:00, run_after=2023-12-03T09:56:09.220847+00:00
[2023-12-03T09:56:09.236+0000] {processor.py:179} INFO - Processing /home/airflow/.local/lib/python3.8/site-packages/airflow/example_dags/tutorial.py took 0.065 seconds
[2023-12-03T09:56:40.101+0000] {processor.py:157} INFO - Started process (PID=1571) to work on /home/airflow/.local/lib/python3.8/site-packages/airflow/example_dags/tutorial.py
[2023-12-03T09:56:40.103+0000] {processor.py:829} INFO - Processing file /home/airflow/.local/lib/python3.8/site-packages/airflow/example_dags/tutorial.py for tasks to queue
[2023-12-03T09:56:40.105+0000] {logging_mixin.py:154} INFO - [2023-12-03T09:56:40.105+0000] {dagbag.py:536} INFO - Filling up the DagBag from /home/airflow/.local/lib/python3.8/site-packages/airflow/example_dags/tutorial.py
[2023-12-03T09:56:40.111+0000] {processor.py:839} INFO - DAG(s) dict_keys(['tutorial']) retrieved from /home/airflow/.local/lib/python3.8/site-packages/airflow/example_dags/tutorial.py
[2023-12-03T09:56:40.128+0000] {logging_mixin.py:154} INFO - [2023-12-03T09:56:40.128+0000] {dag.py:2941} INFO - Sync 1 DAGs
[2023-12-03T09:56:40.145+0000] {logging_mixin.py:154} INFO - [2023-12-03T09:56:40.145+0000] {dag.py:3722} INFO - Setting next_dagrun for tutorial to 2023-12-02T09:56:40.145512+00:00, run_after=2023-12-03T09:56:40.145512+00:00
[2023-12-03T09:56:40.162+0000] {processor.py:179} INFO - Processing /home/airflow/.local/lib/python3.8/site-packages/airflow/example_dags/tutorial.py took 0.065 seconds
[2023-12-03T09:57:10.863+0000] {processor.py:157} INFO - Started process (PID=1629) to work on /home/airflow/.local/lib/python3.8/site-packages/airflow/example_dags/tutorial.py
[2023-12-03T09:57:10.864+0000] {processor.py:829} INFO - Processing file /home/airflow/.local/lib/python3.8/site-packages/airflow/example_dags/tutorial.py for tasks to queue
[2023-12-03T09:57:10.866+0000] {logging_mixin.py:154} INFO - [2023-12-03T09:57:10.866+0000] {dagbag.py:536} INFO - Filling up the DagBag from /home/airflow/.local/lib/python3.8/site-packages/airflow/example_dags/tutorial.py
[2023-12-03T09:57:10.872+0000] {processor.py:839} INFO - DAG(s) dict_keys(['tutorial']) retrieved from /home/airflow/.local/lib/python3.8/site-packages/airflow/example_dags/tutorial.py
[2023-12-03T09:57:10.889+0000] {logging_mixin.py:154} INFO - [2023-12-03T09:57:10.889+0000] {dag.py:2941} INFO - Sync 1 DAGs
[2023-12-03T09:57:10.908+0000] {logging_mixin.py:154} INFO - [2023-12-03T09:57:10.907+0000] {dag.py:3722} INFO - Setting next_dagrun for tutorial to 2023-12-02T09:57:10.907729+00:00, run_after=2023-12-03T09:57:10.907729+00:00
[2023-12-03T09:57:10.923+0000] {processor.py:179} INFO - Processing /home/airflow/.local/lib/python3.8/site-packages/airflow/example_dags/tutorial.py took 0.063 seconds
[2023-12-03T09:57:41.063+0000] {processor.py:157} INFO - Started process (PID=1689) to work on /home/airflow/.local/lib/python3.8/site-packages/airflow/example_dags/tutorial.py
[2023-12-03T09:57:41.064+0000] {processor.py:829} INFO - Processing file /home/airflow/.local/lib/python3.8/site-packages/airflow/example_dags/tutorial.py for tasks to queue
[2023-12-03T09:57:41.066+0000] {logging_mixin.py:154} INFO - [2023-12-03T09:57:41.066+0000] {dagbag.py:536} INFO - Filling up the DagBag from /home/airflow/.local/lib/python3.8/site-packages/airflow/example_dags/tutorial.py
[2023-12-03T09:57:41.074+0000] {processor.py:839} INFO - DAG(s) dict_keys(['tutorial']) retrieved from /home/airflow/.local/lib/python3.8/site-packages/airflow/example_dags/tutorial.py
[2023-12-03T09:57:41.094+0000] {logging_mixin.py:154} INFO - [2023-12-03T09:57:41.093+0000] {dag.py:2941} INFO - Sync 1 DAGs
[2023-12-03T09:57:41.113+0000] {logging_mixin.py:154} INFO - [2023-12-03T09:57:41.113+0000] {dag.py:3722} INFO - Setting next_dagrun for tutorial to 2023-12-02T09:57:41.113078+00:00, run_after=2023-12-03T09:57:41.113078+00:00
[2023-12-03T09:57:41.134+0000] {processor.py:179} INFO - Processing /home/airflow/.local/lib/python3.8/site-packages/airflow/example_dags/tutorial.py took 0.075 seconds
[2023-12-03T09:58:11.209+0000] {processor.py:157} INFO - Started process (PID=1747) to work on /home/airflow/.local/lib/python3.8/site-packages/airflow/example_dags/tutorial.py
[2023-12-03T09:58:11.210+0000] {processor.py:829} INFO - Processing file /home/airflow/.local/lib/python3.8/site-packages/airflow/example_dags/tutorial.py for tasks to queue
[2023-12-03T09:58:11.213+0000] {logging_mixin.py:154} INFO - [2023-12-03T09:58:11.213+0000] {dagbag.py:536} INFO - Filling up the DagBag from /home/airflow/.local/lib/python3.8/site-packages/airflow/example_dags/tutorial.py
[2023-12-03T09:58:11.221+0000] {processor.py:839} INFO - DAG(s) dict_keys(['tutorial']) retrieved from /home/airflow/.local/lib/python3.8/site-packages/airflow/example_dags/tutorial.py
[2023-12-03T09:58:11.240+0000] {logging_mixin.py:154} INFO - [2023-12-03T09:58:11.240+0000] {dag.py:2941} INFO - Sync 1 DAGs
[2023-12-03T09:58:11.259+0000] {logging_mixin.py:154} INFO - [2023-12-03T09:58:11.259+0000] {dag.py:3722} INFO - Setting next_dagrun for tutorial to 2023-12-02T09:58:11.259409+00:00, run_after=2023-12-03T09:58:11.259409+00:00
[2023-12-03T09:58:11.276+0000] {processor.py:179} INFO - Processing /home/airflow/.local/lib/python3.8/site-packages/airflow/example_dags/tutorial.py took 0.073 seconds
[2023-12-03T09:58:41.666+0000] {processor.py:157} INFO - Started process (PID=1804) to work on /home/airflow/.local/lib/python3.8/site-packages/airflow/example_dags/tutorial.py
[2023-12-03T09:58:41.668+0000] {processor.py:829} INFO - Processing file /home/airflow/.local/lib/python3.8/site-packages/airflow/example_dags/tutorial.py for tasks to queue
[2023-12-03T09:58:41.670+0000] {logging_mixin.py:154} INFO - [2023-12-03T09:58:41.670+0000] {dagbag.py:536} INFO - Filling up the DagBag from /home/airflow/.local/lib/python3.8/site-packages/airflow/example_dags/tutorial.py
[2023-12-03T09:58:41.675+0000] {processor.py:839} INFO - DAG(s) dict_keys(['tutorial']) retrieved from /home/airflow/.local/lib/python3.8/site-packages/airflow/example_dags/tutorial.py
[2023-12-03T09:58:41.692+0000] {logging_mixin.py:154} INFO - [2023-12-03T09:58:41.692+0000] {dag.py:2941} INFO - Sync 1 DAGs
[2023-12-03T09:58:41.711+0000] {logging_mixin.py:154} INFO - [2023-12-03T09:58:41.710+0000] {dag.py:3722} INFO - Setting next_dagrun for tutorial to 2023-12-02T09:58:41.710734+00:00, run_after=2023-12-03T09:58:41.710734+00:00
[2023-12-03T09:58:41.727+0000] {processor.py:179} INFO - Processing /home/airflow/.local/lib/python3.8/site-packages/airflow/example_dags/tutorial.py took 0.065 seconds
[2023-12-03T09:59:12.305+0000] {processor.py:157} INFO - Started process (PID=1862) to work on /home/airflow/.local/lib/python3.8/site-packages/airflow/example_dags/tutorial.py
[2023-12-03T09:59:12.307+0000] {processor.py:829} INFO - Processing file /home/airflow/.local/lib/python3.8/site-packages/airflow/example_dags/tutorial.py for tasks to queue
[2023-12-03T09:59:12.309+0000] {logging_mixin.py:154} INFO - [2023-12-03T09:59:12.309+0000] {dagbag.py:536} INFO - Filling up the DagBag from /home/airflow/.local/lib/python3.8/site-packages/airflow/example_dags/tutorial.py
[2023-12-03T09:59:12.317+0000] {processor.py:839} INFO - DAG(s) dict_keys(['tutorial']) retrieved from /home/airflow/.local/lib/python3.8/site-packages/airflow/example_dags/tutorial.py
[2023-12-03T09:59:12.340+0000] {logging_mixin.py:154} INFO - [2023-12-03T09:59:12.340+0000] {dag.py:2941} INFO - Sync 1 DAGs
[2023-12-03T09:59:12.363+0000] {logging_mixin.py:154} INFO - [2023-12-03T09:59:12.363+0000] {dag.py:3722} INFO - Setting next_dagrun for tutorial to 2023-12-02T09:59:12.363207+00:00, run_after=2023-12-03T09:59:12.363207+00:00
[2023-12-03T09:59:12.384+0000] {processor.py:179} INFO - Processing /home/airflow/.local/lib/python3.8/site-packages/airflow/example_dags/tutorial.py took 0.084 seconds
[2023-12-03T09:59:43.241+0000] {processor.py:157} INFO - Started process (PID=1921) to work on /home/airflow/.local/lib/python3.8/site-packages/airflow/example_dags/tutorial.py
[2023-12-03T09:59:43.242+0000] {processor.py:829} INFO - Processing file /home/airflow/.local/lib/python3.8/site-packages/airflow/example_dags/tutorial.py for tasks to queue
[2023-12-03T09:59:43.244+0000] {logging_mixin.py:154} INFO - [2023-12-03T09:59:43.244+0000] {dagbag.py:536} INFO - Filling up the DagBag from /home/airflow/.local/lib/python3.8/site-packages/airflow/example_dags/tutorial.py
[2023-12-03T09:59:43.251+0000] {processor.py:839} INFO - DAG(s) dict_keys(['tutorial']) retrieved from /home/airflow/.local/lib/python3.8/site-packages/airflow/example_dags/tutorial.py
[2023-12-03T09:59:43.269+0000] {logging_mixin.py:154} INFO - [2023-12-03T09:59:43.269+0000] {dag.py:2941} INFO - Sync 1 DAGs
[2023-12-03T09:59:43.290+0000] {logging_mixin.py:154} INFO - [2023-12-03T09:59:43.290+0000] {dag.py:3722} INFO - Setting next_dagrun for tutorial to 2023-12-02T09:59:43.290094+00:00, run_after=2023-12-03T09:59:43.290094+00:00
[2023-12-03T09:59:43.305+0000] {processor.py:179} INFO - Processing /home/airflow/.local/lib/python3.8/site-packages/airflow/example_dags/tutorial.py took 0.068 seconds
[2023-12-03T10:00:13.669+0000] {processor.py:157} INFO - Started process (PID=1982) to work on /home/airflow/.local/lib/python3.8/site-packages/airflow/example_dags/tutorial.py
[2023-12-03T10:00:13.670+0000] {processor.py:829} INFO - Processing file /home/airflow/.local/lib/python3.8/site-packages/airflow/example_dags/tutorial.py for tasks to queue
[2023-12-03T10:00:13.674+0000] {logging_mixin.py:154} INFO - [2023-12-03T10:00:13.673+0000] {dagbag.py:536} INFO - Filling up the DagBag from /home/airflow/.local/lib/python3.8/site-packages/airflow/example_dags/tutorial.py
[2023-12-03T10:00:13.679+0000] {processor.py:839} INFO - DAG(s) dict_keys(['tutorial']) retrieved from /home/airflow/.local/lib/python3.8/site-packages/airflow/example_dags/tutorial.py
[2023-12-03T10:00:13.699+0000] {logging_mixin.py:154} INFO - [2023-12-03T10:00:13.699+0000] {dag.py:2941} INFO - Sync 1 DAGs
[2023-12-03T10:00:13.719+0000] {logging_mixin.py:154} INFO - [2023-12-03T10:00:13.719+0000] {dag.py:3722} INFO - Setting next_dagrun for tutorial to 2023-12-02T10:00:13.719234+00:00, run_after=2023-12-03T10:00:13.719234+00:00
[2023-12-03T10:00:13.736+0000] {processor.py:179} INFO - Processing /home/airflow/.local/lib/python3.8/site-packages/airflow/example_dags/tutorial.py took 0.071 seconds
[2023-12-03T10:00:43.801+0000] {processor.py:157} INFO - Started process (PID=2039) to work on /home/airflow/.local/lib/python3.8/site-packages/airflow/example_dags/tutorial.py
[2023-12-03T10:00:43.802+0000] {processor.py:829} INFO - Processing file /home/airflow/.local/lib/python3.8/site-packages/airflow/example_dags/tutorial.py for tasks to queue
[2023-12-03T10:00:43.805+0000] {logging_mixin.py:154} INFO - [2023-12-03T10:00:43.805+0000] {dagbag.py:536} INFO - Filling up the DagBag from /home/airflow/.local/lib/python3.8/site-packages/airflow/example_dags/tutorial.py
[2023-12-03T10:00:43.810+0000] {processor.py:839} INFO - DAG(s) dict_keys(['tutorial']) retrieved from /home/airflow/.local/lib/python3.8/site-packages/airflow/example_dags/tutorial.py
[2023-12-03T10:00:43.827+0000] {logging_mixin.py:154} INFO - [2023-12-03T10:00:43.826+0000] {dag.py:2941} INFO - Sync 1 DAGs
[2023-12-03T10:00:43.842+0000] {logging_mixin.py:154} INFO - [2023-12-03T10:00:43.842+0000] {dag.py:3722} INFO - Setting next_dagrun for tutorial to 2023-12-02T10:00:43.842516+00:00, run_after=2023-12-03T10:00:43.842516+00:00
[2023-12-03T10:00:43.855+0000] {processor.py:179} INFO - Processing /home/airflow/.local/lib/python3.8/site-packages/airflow/example_dags/tutorial.py took 0.057 seconds
[2023-12-03T10:01:13.991+0000] {processor.py:157} INFO - Started process (PID=2097) to work on /home/airflow/.local/lib/python3.8/site-packages/airflow/example_dags/tutorial.py
[2023-12-03T10:01:13.992+0000] {processor.py:829} INFO - Processing file /home/airflow/.local/lib/python3.8/site-packages/airflow/example_dags/tutorial.py for tasks to queue
[2023-12-03T10:01:13.995+0000] {logging_mixin.py:154} INFO - [2023-12-03T10:01:13.995+0000] {dagbag.py:536} INFO - Filling up the DagBag from /home/airflow/.local/lib/python3.8/site-packages/airflow/example_dags/tutorial.py
[2023-12-03T10:01:14.004+0000] {processor.py:839} INFO - DAG(s) dict_keys(['tutorial']) retrieved from /home/airflow/.local/lib/python3.8/site-packages/airflow/example_dags/tutorial.py
[2023-12-03T10:01:14.031+0000] {logging_mixin.py:154} INFO - [2023-12-03T10:01:14.031+0000] {dag.py:2941} INFO - Sync 1 DAGs
[2023-12-03T10:01:14.058+0000] {logging_mixin.py:154} INFO - [2023-12-03T10:01:14.058+0000] {dag.py:3722} INFO - Setting next_dagrun for tutorial to 2023-12-02T10:01:14.058279+00:00, run_after=2023-12-03T10:01:14.058279+00:00
[2023-12-03T10:01:14.080+0000] {processor.py:179} INFO - Processing /home/airflow/.local/lib/python3.8/site-packages/airflow/example_dags/tutorial.py took 0.094 seconds
[2023-12-03T10:01:44.300+0000] {processor.py:157} INFO - Started process (PID=2155) to work on /home/airflow/.local/lib/python3.8/site-packages/airflow/example_dags/tutorial.py
[2023-12-03T10:01:44.301+0000] {processor.py:829} INFO - Processing file /home/airflow/.local/lib/python3.8/site-packages/airflow/example_dags/tutorial.py for tasks to queue
[2023-12-03T10:01:44.303+0000] {logging_mixin.py:154} INFO - [2023-12-03T10:01:44.303+0000] {dagbag.py:536} INFO - Filling up the DagBag from /home/airflow/.local/lib/python3.8/site-packages/airflow/example_dags/tutorial.py
[2023-12-03T10:01:44.310+0000] {processor.py:839} INFO - DAG(s) dict_keys(['tutorial']) retrieved from /home/airflow/.local/lib/python3.8/site-packages/airflow/example_dags/tutorial.py
[2023-12-03T10:01:44.327+0000] {logging_mixin.py:154} INFO - [2023-12-03T10:01:44.327+0000] {dag.py:2941} INFO - Sync 1 DAGs
[2023-12-03T10:01:44.344+0000] {logging_mixin.py:154} INFO - [2023-12-03T10:01:44.344+0000] {dag.py:3722} INFO - Setting next_dagrun for tutorial to 2023-12-02T10:01:44.344629+00:00, run_after=2023-12-03T10:01:44.344629+00:00
[2023-12-03T10:01:44.359+0000] {processor.py:179} INFO - Processing /home/airflow/.local/lib/python3.8/site-packages/airflow/example_dags/tutorial.py took 0.064 seconds
[2023-12-03T10:02:14.411+0000] {processor.py:157} INFO - Started process (PID=2215) to work on /home/airflow/.local/lib/python3.8/site-packages/airflow/example_dags/tutorial.py
[2023-12-03T10:02:14.413+0000] {processor.py:829} INFO - Processing file /home/airflow/.local/lib/python3.8/site-packages/airflow/example_dags/tutorial.py for tasks to queue
[2023-12-03T10:02:14.416+0000] {logging_mixin.py:154} INFO - [2023-12-03T10:02:14.415+0000] {dagbag.py:536} INFO - Filling up the DagBag from /home/airflow/.local/lib/python3.8/site-packages/airflow/example_dags/tutorial.py
[2023-12-03T10:02:14.423+0000] {processor.py:839} INFO - DAG(s) dict_keys(['tutorial']) retrieved from /home/airflow/.local/lib/python3.8/site-packages/airflow/example_dags/tutorial.py
[2023-12-03T10:02:14.445+0000] {logging_mixin.py:154} INFO - [2023-12-03T10:02:14.444+0000] {dag.py:2941} INFO - Sync 1 DAGs
[2023-12-03T10:02:14.463+0000] {logging_mixin.py:154} INFO - [2023-12-03T10:02:14.463+0000] {dag.py:3722} INFO - Setting next_dagrun for tutorial to 2023-12-02T10:02:14.463210+00:00, run_after=2023-12-03T10:02:14.463210+00:00
[2023-12-03T10:02:14.480+0000] {processor.py:179} INFO - Processing /home/airflow/.local/lib/python3.8/site-packages/airflow/example_dags/tutorial.py took 0.073 seconds
[2023-12-03T10:02:44.660+0000] {processor.py:157} INFO - Started process (PID=2273) to work on /home/airflow/.local/lib/python3.8/site-packages/airflow/example_dags/tutorial.py
[2023-12-03T10:02:44.661+0000] {processor.py:829} INFO - Processing file /home/airflow/.local/lib/python3.8/site-packages/airflow/example_dags/tutorial.py for tasks to queue
[2023-12-03T10:02:44.664+0000] {logging_mixin.py:154} INFO - [2023-12-03T10:02:44.663+0000] {dagbag.py:536} INFO - Filling up the DagBag from /home/airflow/.local/lib/python3.8/site-packages/airflow/example_dags/tutorial.py
[2023-12-03T10:02:44.671+0000] {processor.py:839} INFO - DAG(s) dict_keys(['tutorial']) retrieved from /home/airflow/.local/lib/python3.8/site-packages/airflow/example_dags/tutorial.py
[2023-12-03T10:02:44.699+0000] {logging_mixin.py:154} INFO - [2023-12-03T10:02:44.699+0000] {dag.py:2941} INFO - Sync 1 DAGs
[2023-12-03T10:02:44.727+0000] {logging_mixin.py:154} INFO - [2023-12-03T10:02:44.727+0000] {dag.py:3722} INFO - Setting next_dagrun for tutorial to 2023-12-02T10:02:44.727588+00:00, run_after=2023-12-03T10:02:44.727588+00:00
[2023-12-03T10:02:44.749+0000] {processor.py:179} INFO - Processing /home/airflow/.local/lib/python3.8/site-packages/airflow/example_dags/tutorial.py took 0.093 seconds
[2023-12-03T10:03:14.932+0000] {processor.py:157} INFO - Started process (PID=2331) to work on /home/airflow/.local/lib/python3.8/site-packages/airflow/example_dags/tutorial.py
[2023-12-03T10:03:14.933+0000] {processor.py:829} INFO - Processing file /home/airflow/.local/lib/python3.8/site-packages/airflow/example_dags/tutorial.py for tasks to queue
[2023-12-03T10:03:14.935+0000] {logging_mixin.py:154} INFO - [2023-12-03T10:03:14.935+0000] {dagbag.py:536} INFO - Filling up the DagBag from /home/airflow/.local/lib/python3.8/site-packages/airflow/example_dags/tutorial.py
[2023-12-03T10:03:14.943+0000] {processor.py:839} INFO - DAG(s) dict_keys(['tutorial']) retrieved from /home/airflow/.local/lib/python3.8/site-packages/airflow/example_dags/tutorial.py
[2023-12-03T10:03:14.964+0000] {logging_mixin.py:154} INFO - [2023-12-03T10:03:14.964+0000] {dag.py:2941} INFO - Sync 1 DAGs
[2023-12-03T10:03:14.984+0000] {logging_mixin.py:154} INFO - [2023-12-03T10:03:14.984+0000] {dag.py:3722} INFO - Setting next_dagrun for tutorial to 2023-12-02T10:03:14.984409+00:00, run_after=2023-12-03T10:03:14.984409+00:00
[2023-12-03T10:03:14.999+0000] {processor.py:179} INFO - Processing /home/airflow/.local/lib/python3.8/site-packages/airflow/example_dags/tutorial.py took 0.071 seconds
[2023-12-03T10:03:45.244+0000] {processor.py:157} INFO - Started process (PID=2389) to work on /home/airflow/.local/lib/python3.8/site-packages/airflow/example_dags/tutorial.py
[2023-12-03T10:03:45.245+0000] {processor.py:829} INFO - Processing file /home/airflow/.local/lib/python3.8/site-packages/airflow/example_dags/tutorial.py for tasks to queue
[2023-12-03T10:03:45.247+0000] {logging_mixin.py:154} INFO - [2023-12-03T10:03:45.247+0000] {dagbag.py:536} INFO - Filling up the DagBag from /home/airflow/.local/lib/python3.8/site-packages/airflow/example_dags/tutorial.py
[2023-12-03T10:03:45.254+0000] {processor.py:839} INFO - DAG(s) dict_keys(['tutorial']) retrieved from /home/airflow/.local/lib/python3.8/site-packages/airflow/example_dags/tutorial.py
[2023-12-03T10:03:45.274+0000] {logging_mixin.py:154} INFO - [2023-12-03T10:03:45.274+0000] {dag.py:2941} INFO - Sync 1 DAGs
[2023-12-03T10:03:45.296+0000] {logging_mixin.py:154} INFO - [2023-12-03T10:03:45.296+0000] {dag.py:3722} INFO - Setting next_dagrun for tutorial to 2023-12-02T10:03:45.295920+00:00, run_after=2023-12-03T10:03:45.295920+00:00
[2023-12-03T10:03:45.312+0000] {processor.py:179} INFO - Processing /home/airflow/.local/lib/python3.8/site-packages/airflow/example_dags/tutorial.py took 0.072 seconds
[2023-12-03T10:04:15.992+0000] {processor.py:157} INFO - Started process (PID=2447) to work on /home/airflow/.local/lib/python3.8/site-packages/airflow/example_dags/tutorial.py
[2023-12-03T10:04:15.993+0000] {processor.py:829} INFO - Processing file /home/airflow/.local/lib/python3.8/site-packages/airflow/example_dags/tutorial.py for tasks to queue
[2023-12-03T10:04:15.996+0000] {logging_mixin.py:154} INFO - [2023-12-03T10:04:15.996+0000] {dagbag.py:536} INFO - Filling up the DagBag from /home/airflow/.local/lib/python3.8/site-packages/airflow/example_dags/tutorial.py
[2023-12-03T10:04:16.002+0000] {processor.py:839} INFO - DAG(s) dict_keys(['tutorial']) retrieved from /home/airflow/.local/lib/python3.8/site-packages/airflow/example_dags/tutorial.py
[2023-12-03T10:04:16.021+0000] {logging_mixin.py:154} INFO - [2023-12-03T10:04:16.020+0000] {dag.py:2941} INFO - Sync 1 DAGs
[2023-12-03T10:04:16.041+0000] {logging_mixin.py:154} INFO - [2023-12-03T10:04:16.041+0000] {dag.py:3722} INFO - Setting next_dagrun for tutorial to 2023-12-02T10:04:16.041174+00:00, run_after=2023-12-03T10:04:16.041174+00:00
[2023-12-03T10:04:16.057+0000] {processor.py:179} INFO - Processing /home/airflow/.local/lib/python3.8/site-packages/airflow/example_dags/tutorial.py took 0.067 seconds
[2023-12-03T10:04:46.664+0000] {processor.py:157} INFO - Started process (PID=2505) to work on /home/airflow/.local/lib/python3.8/site-packages/airflow/example_dags/tutorial.py
[2023-12-03T10:04:46.665+0000] {processor.py:829} INFO - Processing file /home/airflow/.local/lib/python3.8/site-packages/airflow/example_dags/tutorial.py for tasks to queue
[2023-12-03T10:04:46.668+0000] {logging_mixin.py:154} INFO - [2023-12-03T10:04:46.667+0000] {dagbag.py:536} INFO - Filling up the DagBag from /home/airflow/.local/lib/python3.8/site-packages/airflow/example_dags/tutorial.py
[2023-12-03T10:04:46.674+0000] {processor.py:839} INFO - DAG(s) dict_keys(['tutorial']) retrieved from /home/airflow/.local/lib/python3.8/site-packages/airflow/example_dags/tutorial.py
[2023-12-03T10:04:46.693+0000] {logging_mixin.py:154} INFO - [2023-12-03T10:04:46.693+0000] {dag.py:2941} INFO - Sync 1 DAGs
[2023-12-03T10:04:46.713+0000] {logging_mixin.py:154} INFO - [2023-12-03T10:04:46.713+0000] {dag.py:3722} INFO - Setting next_dagrun for tutorial to 2023-12-02T10:04:46.713309+00:00, run_after=2023-12-03T10:04:46.713309+00:00
[2023-12-03T10:04:46.729+0000] {processor.py:179} INFO - Processing /home/airflow/.local/lib/python3.8/site-packages/airflow/example_dags/tutorial.py took 0.068 seconds
[2023-12-03T10:05:16.845+0000] {processor.py:157} INFO - Started process (PID=2563) to work on /home/airflow/.local/lib/python3.8/site-packages/airflow/example_dags/tutorial.py
[2023-12-03T10:05:16.846+0000] {processor.py:829} INFO - Processing file /home/airflow/.local/lib/python3.8/site-packages/airflow/example_dags/tutorial.py for tasks to queue
[2023-12-03T10:05:16.849+0000] {logging_mixin.py:154} INFO - [2023-12-03T10:05:16.849+0000] {dagbag.py:536} INFO - Filling up the DagBag from /home/airflow/.local/lib/python3.8/site-packages/airflow/example_dags/tutorial.py
[2023-12-03T10:05:16.857+0000] {processor.py:839} INFO - DAG(s) dict_keys(['tutorial']) retrieved from /home/airflow/.local/lib/python3.8/site-packages/airflow/example_dags/tutorial.py
[2023-12-03T10:05:16.881+0000] {logging_mixin.py:154} INFO - [2023-12-03T10:05:16.881+0000] {dag.py:2941} INFO - Sync 1 DAGs
[2023-12-03T10:05:16.906+0000] {logging_mixin.py:154} INFO - [2023-12-03T10:05:16.905+0000] {dag.py:3722} INFO - Setting next_dagrun for tutorial to 2023-12-02T10:05:16.905764+00:00, run_after=2023-12-03T10:05:16.905764+00:00
[2023-12-03T10:05:16.928+0000] {processor.py:179} INFO - Processing /home/airflow/.local/lib/python3.8/site-packages/airflow/example_dags/tutorial.py took 0.088 seconds
[2023-12-03T10:05:47.940+0000] {processor.py:157} INFO - Started process (PID=2620) to work on /home/airflow/.local/lib/python3.8/site-packages/airflow/example_dags/tutorial.py
[2023-12-03T10:05:47.941+0000] {processor.py:829} INFO - Processing file /home/airflow/.local/lib/python3.8/site-packages/airflow/example_dags/tutorial.py for tasks to queue
[2023-12-03T10:05:47.944+0000] {logging_mixin.py:154} INFO - [2023-12-03T10:05:47.944+0000] {dagbag.py:536} INFO - Filling up the DagBag from /home/airflow/.local/lib/python3.8/site-packages/airflow/example_dags/tutorial.py
[2023-12-03T10:05:47.951+0000] {processor.py:839} INFO - DAG(s) dict_keys(['tutorial']) retrieved from /home/airflow/.local/lib/python3.8/site-packages/airflow/example_dags/tutorial.py
[2023-12-03T10:05:47.972+0000] {logging_mixin.py:154} INFO - [2023-12-03T10:05:47.971+0000] {dag.py:2941} INFO - Sync 1 DAGs
[2023-12-03T10:05:47.992+0000] {logging_mixin.py:154} INFO - [2023-12-03T10:05:47.992+0000] {dag.py:3722} INFO - Setting next_dagrun for tutorial to 2023-12-02T10:05:47.992086+00:00, run_after=2023-12-03T10:05:47.992086+00:00
[2023-12-03T10:05:48.009+0000] {processor.py:179} INFO - Processing /home/airflow/.local/lib/python3.8/site-packages/airflow/example_dags/tutorial.py took 0.072 seconds
[2023-12-03T10:06:18.187+0000] {processor.py:157} INFO - Started process (PID=2678) to work on /home/airflow/.local/lib/python3.8/site-packages/airflow/example_dags/tutorial.py
[2023-12-03T10:06:18.188+0000] {processor.py:829} INFO - Processing file /home/airflow/.local/lib/python3.8/site-packages/airflow/example_dags/tutorial.py for tasks to queue
[2023-12-03T10:06:18.190+0000] {logging_mixin.py:154} INFO - [2023-12-03T10:06:18.190+0000] {dagbag.py:536} INFO - Filling up the DagBag from /home/airflow/.local/lib/python3.8/site-packages/airflow/example_dags/tutorial.py
[2023-12-03T10:06:18.197+0000] {processor.py:839} INFO - DAG(s) dict_keys(['tutorial']) retrieved from /home/airflow/.local/lib/python3.8/site-packages/airflow/example_dags/tutorial.py
[2023-12-03T10:06:18.214+0000] {logging_mixin.py:154} INFO - [2023-12-03T10:06:18.214+0000] {dag.py:2941} INFO - Sync 1 DAGs
[2023-12-03T10:06:18.232+0000] {logging_mixin.py:154} INFO - [2023-12-03T10:06:18.232+0000] {dag.py:3722} INFO - Setting next_dagrun for tutorial to 2023-12-02T10:06:18.232527+00:00, run_after=2023-12-03T10:06:18.232527+00:00
[2023-12-03T10:06:18.246+0000] {processor.py:179} INFO - Processing /home/airflow/.local/lib/python3.8/site-packages/airflow/example_dags/tutorial.py took 0.063 seconds
[2023-12-03T10:06:48.623+0000] {processor.py:157} INFO - Started process (PID=2736) to work on /home/airflow/.local/lib/python3.8/site-packages/airflow/example_dags/tutorial.py
[2023-12-03T10:06:48.624+0000] {processor.py:829} INFO - Processing file /home/airflow/.local/lib/python3.8/site-packages/airflow/example_dags/tutorial.py for tasks to queue
[2023-12-03T10:06:48.627+0000] {logging_mixin.py:154} INFO - [2023-12-03T10:06:48.626+0000] {dagbag.py:536} INFO - Filling up the DagBag from /home/airflow/.local/lib/python3.8/site-packages/airflow/example_dags/tutorial.py
[2023-12-03T10:06:48.633+0000] {processor.py:839} INFO - DAG(s) dict_keys(['tutorial']) retrieved from /home/airflow/.local/lib/python3.8/site-packages/airflow/example_dags/tutorial.py
[2023-12-03T10:06:48.651+0000] {logging_mixin.py:154} INFO - [2023-12-03T10:06:48.651+0000] {dag.py:2941} INFO - Sync 1 DAGs
[2023-12-03T10:06:48.669+0000] {logging_mixin.py:154} INFO - [2023-12-03T10:06:48.669+0000] {dag.py:3722} INFO - Setting next_dagrun for tutorial to 2023-12-02T10:06:48.669332+00:00, run_after=2023-12-03T10:06:48.669332+00:00
[2023-12-03T10:06:48.685+0000] {processor.py:179} INFO - Processing /home/airflow/.local/lib/python3.8/site-packages/airflow/example_dags/tutorial.py took 0.066 seconds
[2023-12-03T10:07:18.744+0000] {processor.py:157} INFO - Started process (PID=2794) to work on /home/airflow/.local/lib/python3.8/site-packages/airflow/example_dags/tutorial.py
[2023-12-03T10:07:18.745+0000] {processor.py:829} INFO - Processing file /home/airflow/.local/lib/python3.8/site-packages/airflow/example_dags/tutorial.py for tasks to queue
[2023-12-03T10:07:18.748+0000] {logging_mixin.py:154} INFO - [2023-12-03T10:07:18.748+0000] {dagbag.py:536} INFO - Filling up the DagBag from /home/airflow/.local/lib/python3.8/site-packages/airflow/example_dags/tutorial.py
[2023-12-03T10:07:18.753+0000] {processor.py:839} INFO - DAG(s) dict_keys(['tutorial']) retrieved from /home/airflow/.local/lib/python3.8/site-packages/airflow/example_dags/tutorial.py
[2023-12-03T10:07:18.771+0000] {logging_mixin.py:154} INFO - [2023-12-03T10:07:18.771+0000] {dag.py:2941} INFO - Sync 1 DAGs
[2023-12-03T10:07:18.792+0000] {logging_mixin.py:154} INFO - [2023-12-03T10:07:18.792+0000] {dag.py:3722} INFO - Setting next_dagrun for tutorial to 2023-12-02T10:07:18.792371+00:00, run_after=2023-12-03T10:07:18.792371+00:00
[2023-12-03T10:07:18.806+0000] {processor.py:179} INFO - Processing /home/airflow/.local/lib/python3.8/site-packages/airflow/example_dags/tutorial.py took 0.065 seconds
[2023-12-03T10:07:49.293+0000] {processor.py:157} INFO - Started process (PID=2852) to work on /home/airflow/.local/lib/python3.8/site-packages/airflow/example_dags/tutorial.py
[2023-12-03T10:07:49.294+0000] {processor.py:829} INFO - Processing file /home/airflow/.local/lib/python3.8/site-packages/airflow/example_dags/tutorial.py for tasks to queue
[2023-12-03T10:07:49.297+0000] {logging_mixin.py:154} INFO - [2023-12-03T10:07:49.297+0000] {dagbag.py:536} INFO - Filling up the DagBag from /home/airflow/.local/lib/python3.8/site-packages/airflow/example_dags/tutorial.py
[2023-12-03T10:07:49.307+0000] {processor.py:839} INFO - DAG(s) dict_keys(['tutorial']) retrieved from /home/airflow/.local/lib/python3.8/site-packages/airflow/example_dags/tutorial.py
[2023-12-03T10:07:49.337+0000] {logging_mixin.py:154} INFO - [2023-12-03T10:07:49.337+0000] {dag.py:2941} INFO - Sync 1 DAGs
[2023-12-03T10:07:49.361+0000] {logging_mixin.py:154} INFO - [2023-12-03T10:07:49.361+0000] {dag.py:3722} INFO - Setting next_dagrun for tutorial to 2023-12-02T10:07:49.361177+00:00, run_after=2023-12-03T10:07:49.361177+00:00
[2023-12-03T10:07:49.378+0000] {processor.py:179} INFO - Processing /home/airflow/.local/lib/python3.8/site-packages/airflow/example_dags/tutorial.py took 0.089 seconds
[2023-12-03T11:28:19.962+0000] {processor.py:157} INFO - Started process (PID=2908) to work on /home/airflow/.local/lib/python3.8/site-packages/airflow/example_dags/tutorial.py
[2023-12-03T11:28:19.963+0000] {processor.py:829} INFO - Processing file /home/airflow/.local/lib/python3.8/site-packages/airflow/example_dags/tutorial.py for tasks to queue
[2023-12-03T11:28:19.966+0000] {logging_mixin.py:154} INFO - [2023-12-03T11:28:19.966+0000] {dagbag.py:536} INFO - Filling up the DagBag from /home/airflow/.local/lib/python3.8/site-packages/airflow/example_dags/tutorial.py
[2023-12-03T11:28:19.972+0000] {processor.py:839} INFO - DAG(s) dict_keys(['tutorial']) retrieved from /home/airflow/.local/lib/python3.8/site-packages/airflow/example_dags/tutorial.py
[2023-12-03T11:28:19.989+0000] {logging_mixin.py:154} INFO - [2023-12-03T11:28:19.989+0000] {dag.py:2941} INFO - Sync 1 DAGs
[2023-12-03T11:28:20.006+0000] {logging_mixin.py:154} INFO - [2023-12-03T11:28:20.006+0000] {dag.py:3722} INFO - Setting next_dagrun for tutorial to 2023-12-02T11:28:20.006564+00:00, run_after=2023-12-03T11:28:20.006564+00:00
[2023-12-03T11:28:20.020+0000] {processor.py:179} INFO - Processing /home/airflow/.local/lib/python3.8/site-packages/airflow/example_dags/tutorial.py took 0.062 seconds
[2023-12-03T12:09:29.514+0000] {processor.py:157} INFO - Started process (PID=2965) to work on /home/airflow/.local/lib/python3.8/site-packages/airflow/example_dags/tutorial.py
[2023-12-03T12:09:29.515+0000] {processor.py:829} INFO - Processing file /home/airflow/.local/lib/python3.8/site-packages/airflow/example_dags/tutorial.py for tasks to queue
[2023-12-03T12:09:29.519+0000] {logging_mixin.py:154} INFO - [2023-12-03T12:09:29.518+0000] {dagbag.py:536} INFO - Filling up the DagBag from /home/airflow/.local/lib/python3.8/site-packages/airflow/example_dags/tutorial.py
[2023-12-03T12:09:29.528+0000] {processor.py:839} INFO - DAG(s) dict_keys(['tutorial']) retrieved from /home/airflow/.local/lib/python3.8/site-packages/airflow/example_dags/tutorial.py
[2023-12-03T12:09:29.551+0000] {logging_mixin.py:154} INFO - [2023-12-03T12:09:29.550+0000] {dag.py:2941} INFO - Sync 1 DAGs
[2023-12-03T12:09:29.566+0000] {logging_mixin.py:154} INFO - [2023-12-03T12:09:29.566+0000] {dag.py:3722} INFO - Setting next_dagrun for tutorial to 2023-12-02T12:09:29.565968+00:00, run_after=2023-12-03T12:09:29.565968+00:00
[2023-12-03T12:09:29.580+0000] {processor.py:179} INFO - Processing /home/airflow/.local/lib/python3.8/site-packages/airflow/example_dags/tutorial.py took 0.068 seconds
[2023-12-03T12:27:31.579+0000] {processor.py:157} INFO - Started process (PID=3023) to work on /home/airflow/.local/lib/python3.8/site-packages/airflow/example_dags/tutorial.py
[2023-12-03T12:27:31.582+0000] {processor.py:829} INFO - Processing file /home/airflow/.local/lib/python3.8/site-packages/airflow/example_dags/tutorial.py for tasks to queue
[2023-12-03T12:27:31.584+0000] {logging_mixin.py:154} INFO - [2023-12-03T12:27:31.584+0000] {dagbag.py:536} INFO - Filling up the DagBag from /home/airflow/.local/lib/python3.8/site-packages/airflow/example_dags/tutorial.py
[2023-12-03T12:27:31.590+0000] {processor.py:839} INFO - DAG(s) dict_keys(['tutorial']) retrieved from /home/airflow/.local/lib/python3.8/site-packages/airflow/example_dags/tutorial.py
[2023-12-03T12:27:31.618+0000] {logging_mixin.py:154} INFO - [2023-12-03T12:27:31.618+0000] {dag.py:2941} INFO - Sync 1 DAGs
[2023-12-03T12:27:31.639+0000] {logging_mixin.py:154} INFO - [2023-12-03T12:27:31.639+0000] {dag.py:3722} INFO - Setting next_dagrun for tutorial to 2023-12-02T12:27:31.639436+00:00, run_after=2023-12-03T12:27:31.639436+00:00
[2023-12-03T12:27:31.659+0000] {processor.py:179} INFO - Processing /home/airflow/.local/lib/python3.8/site-packages/airflow/example_dags/tutorial.py took 0.083 seconds
[2023-12-03T12:44:54.980+0000] {processor.py:157} INFO - Started process (PID=3081) to work on /home/airflow/.local/lib/python3.8/site-packages/airflow/example_dags/tutorial.py
[2023-12-03T12:44:54.981+0000] {processor.py:829} INFO - Processing file /home/airflow/.local/lib/python3.8/site-packages/airflow/example_dags/tutorial.py for tasks to queue
[2023-12-03T12:44:54.983+0000] {logging_mixin.py:154} INFO - [2023-12-03T12:44:54.983+0000] {dagbag.py:536} INFO - Filling up the DagBag from /home/airflow/.local/lib/python3.8/site-packages/airflow/example_dags/tutorial.py
[2023-12-03T12:44:54.989+0000] {processor.py:839} INFO - DAG(s) dict_keys(['tutorial']) retrieved from /home/airflow/.local/lib/python3.8/site-packages/airflow/example_dags/tutorial.py
[2023-12-03T12:44:55.006+0000] {logging_mixin.py:154} INFO - [2023-12-03T12:44:55.006+0000] {dag.py:2941} INFO - Sync 1 DAGs
[2023-12-03T12:44:55.025+0000] {logging_mixin.py:154} INFO - [2023-12-03T12:44:55.025+0000] {dag.py:3722} INFO - Setting next_dagrun for tutorial to 2023-12-02T12:44:55.025554+00:00, run_after=2023-12-03T12:44:55.025554+00:00
[2023-12-03T12:44:55.039+0000] {processor.py:179} INFO - Processing /home/airflow/.local/lib/python3.8/site-packages/airflow/example_dags/tutorial.py took 0.062 seconds
[2023-12-03T13:35:10.545+0000] {processor.py:157} INFO - Started process (PID=3139) to work on /home/airflow/.local/lib/python3.8/site-packages/airflow/example_dags/tutorial.py
[2023-12-03T13:35:10.546+0000] {processor.py:829} INFO - Processing file /home/airflow/.local/lib/python3.8/site-packages/airflow/example_dags/tutorial.py for tasks to queue
[2023-12-03T13:35:10.548+0000] {logging_mixin.py:154} INFO - [2023-12-03T13:35:10.547+0000] {dagbag.py:536} INFO - Filling up the DagBag from /home/airflow/.local/lib/python3.8/site-packages/airflow/example_dags/tutorial.py
[2023-12-03T13:35:10.553+0000] {processor.py:839} INFO - DAG(s) dict_keys(['tutorial']) retrieved from /home/airflow/.local/lib/python3.8/site-packages/airflow/example_dags/tutorial.py
[2023-12-03T13:35:10.569+0000] {logging_mixin.py:154} INFO - [2023-12-03T13:35:10.569+0000] {dag.py:2941} INFO - Sync 1 DAGs
[2023-12-03T13:35:10.583+0000] {logging_mixin.py:154} INFO - [2023-12-03T13:35:10.583+0000] {dag.py:3722} INFO - Setting next_dagrun for tutorial to 2023-12-02T13:35:10.582978+00:00, run_after=2023-12-03T13:35:10.582978+00:00
[2023-12-03T13:35:10.596+0000] {processor.py:179} INFO - Processing /home/airflow/.local/lib/python3.8/site-packages/airflow/example_dags/tutorial.py took 0.054 seconds
[2023-12-03T14:27:24.220+0000] {processor.py:157} INFO - Started process (PID=3190) to work on /home/airflow/.local/lib/python3.8/site-packages/airflow/example_dags/tutorial.py
[2023-12-03T14:27:24.223+0000] {processor.py:829} INFO - Processing file /home/airflow/.local/lib/python3.8/site-packages/airflow/example_dags/tutorial.py for tasks to queue
[2023-12-03T14:27:24.231+0000] {logging_mixin.py:154} INFO - [2023-12-03T14:27:24.231+0000] {dagbag.py:536} INFO - Filling up the DagBag from /home/airflow/.local/lib/python3.8/site-packages/airflow/example_dags/tutorial.py
[2023-12-03T14:27:24.239+0000] {processor.py:839} INFO - DAG(s) dict_keys(['tutorial']) retrieved from /home/airflow/.local/lib/python3.8/site-packages/airflow/example_dags/tutorial.py
[2023-12-03T14:27:24.267+0000] {logging_mixin.py:154} INFO - [2023-12-03T14:27:24.267+0000] {dag.py:2941} INFO - Sync 1 DAGs
[2023-12-03T14:27:24.288+0000] {logging_mixin.py:154} INFO - [2023-12-03T14:27:24.288+0000] {dag.py:3722} INFO - Setting next_dagrun for tutorial to 2023-12-02T14:27:24.288541+00:00, run_after=2023-12-03T14:27:24.288541+00:00
[2023-12-03T14:27:24.310+0000] {processor.py:179} INFO - Processing /home/airflow/.local/lib/python3.8/site-packages/airflow/example_dags/tutorial.py took 0.093 seconds
[2023-12-03T15:18:32.988+0000] {processor.py:157} INFO - Started process (PID=3254) to work on /home/airflow/.local/lib/python3.8/site-packages/airflow/example_dags/tutorial.py
[2023-12-03T15:18:32.993+0000] {processor.py:829} INFO - Processing file /home/airflow/.local/lib/python3.8/site-packages/airflow/example_dags/tutorial.py for tasks to queue
[2023-12-03T15:18:32.998+0000] {logging_mixin.py:154} INFO - [2023-12-03T15:18:32.997+0000] {dagbag.py:536} INFO - Filling up the DagBag from /home/airflow/.local/lib/python3.8/site-packages/airflow/example_dags/tutorial.py
[2023-12-03T15:18:33.005+0000] {processor.py:839} INFO - DAG(s) dict_keys(['tutorial']) retrieved from /home/airflow/.local/lib/python3.8/site-packages/airflow/example_dags/tutorial.py
[2023-12-03T15:18:33.031+0000] {logging_mixin.py:154} INFO - [2023-12-03T15:18:33.031+0000] {dag.py:2941} INFO - Sync 1 DAGs
[2023-12-03T15:18:33.049+0000] {logging_mixin.py:154} INFO - [2023-12-03T15:18:33.049+0000] {dag.py:3722} INFO - Setting next_dagrun for tutorial to 2023-12-02T15:18:33.048898+00:00, run_after=2023-12-03T15:18:33.048898+00:00
[2023-12-03T15:18:33.061+0000] {processor.py:179} INFO - Processing /home/airflow/.local/lib/python3.8/site-packages/airflow/example_dags/tutorial.py took 0.077 seconds
[2023-12-03T16:07:33.179+0000] {processor.py:157} INFO - Started process (PID=3313) to work on /home/airflow/.local/lib/python3.8/site-packages/airflow/example_dags/tutorial.py
[2023-12-03T16:07:33.181+0000] {processor.py:829} INFO - Processing file /home/airflow/.local/lib/python3.8/site-packages/airflow/example_dags/tutorial.py for tasks to queue
[2023-12-03T16:07:33.183+0000] {logging_mixin.py:154} INFO - [2023-12-03T16:07:33.183+0000] {dagbag.py:536} INFO - Filling up the DagBag from /home/airflow/.local/lib/python3.8/site-packages/airflow/example_dags/tutorial.py
[2023-12-03T16:07:33.189+0000] {processor.py:839} INFO - DAG(s) dict_keys(['tutorial']) retrieved from /home/airflow/.local/lib/python3.8/site-packages/airflow/example_dags/tutorial.py
[2023-12-03T16:07:33.209+0000] {logging_mixin.py:154} INFO - [2023-12-03T16:07:33.208+0000] {dag.py:2941} INFO - Sync 1 DAGs
[2023-12-03T16:07:33.224+0000] {logging_mixin.py:154} INFO - [2023-12-03T16:07:33.224+0000] {dag.py:3722} INFO - Setting next_dagrun for tutorial to 2023-12-02T16:07:33.223836+00:00, run_after=2023-12-03T16:07:33.223836+00:00
[2023-12-03T16:07:33.237+0000] {processor.py:179} INFO - Processing /home/airflow/.local/lib/python3.8/site-packages/airflow/example_dags/tutorial.py took 0.061 seconds
[2023-12-03T16:58:04.117+0000] {processor.py:157} INFO - Started process (PID=3364) to work on /home/airflow/.local/lib/python3.8/site-packages/airflow/example_dags/tutorial.py
[2023-12-03T16:58:04.118+0000] {processor.py:829} INFO - Processing file /home/airflow/.local/lib/python3.8/site-packages/airflow/example_dags/tutorial.py for tasks to queue
[2023-12-03T16:58:04.121+0000] {logging_mixin.py:154} INFO - [2023-12-03T16:58:04.120+0000] {dagbag.py:536} INFO - Filling up the DagBag from /home/airflow/.local/lib/python3.8/site-packages/airflow/example_dags/tutorial.py
[2023-12-03T16:58:04.126+0000] {processor.py:839} INFO - DAG(s) dict_keys(['tutorial']) retrieved from /home/airflow/.local/lib/python3.8/site-packages/airflow/example_dags/tutorial.py
[2023-12-03T16:58:04.145+0000] {logging_mixin.py:154} INFO - [2023-12-03T16:58:04.144+0000] {dag.py:2941} INFO - Sync 1 DAGs
[2023-12-03T16:58:04.177+0000] {logging_mixin.py:154} INFO - [2023-12-03T16:58:04.176+0000] {dag.py:3722} INFO - Setting next_dagrun for tutorial to 2023-12-02T16:58:04.176753+00:00, run_after=2023-12-03T16:58:04.176753+00:00
[2023-12-03T16:58:04.207+0000] {processor.py:179} INFO - Processing /home/airflow/.local/lib/python3.8/site-packages/airflow/example_dags/tutorial.py took 0.094 seconds
[2023-12-03T17:46:22.343+0000] {processor.py:157} INFO - Started process (PID=3429) to work on /home/airflow/.local/lib/python3.8/site-packages/airflow/example_dags/tutorial.py
[2023-12-03T17:46:22.344+0000] {processor.py:829} INFO - Processing file /home/airflow/.local/lib/python3.8/site-packages/airflow/example_dags/tutorial.py for tasks to queue
[2023-12-03T17:46:22.345+0000] {logging_mixin.py:154} INFO - [2023-12-03T17:46:22.345+0000] {dagbag.py:536} INFO - Filling up the DagBag from /home/airflow/.local/lib/python3.8/site-packages/airflow/example_dags/tutorial.py
[2023-12-03T17:46:22.350+0000] {processor.py:839} INFO - DAG(s) dict_keys(['tutorial']) retrieved from /home/airflow/.local/lib/python3.8/site-packages/airflow/example_dags/tutorial.py
[2023-12-03T17:46:22.363+0000] {logging_mixin.py:154} INFO - [2023-12-03T17:46:22.363+0000] {dag.py:2941} INFO - Sync 1 DAGs
[2023-12-03T17:46:22.382+0000] {logging_mixin.py:154} INFO - [2023-12-03T17:46:22.381+0000] {dag.py:3722} INFO - Setting next_dagrun for tutorial to 2023-12-02T17:46:22.381529+00:00, run_after=2023-12-03T17:46:22.381529+00:00
[2023-12-03T17:46:22.409+0000] {processor.py:179} INFO - Processing /home/airflow/.local/lib/python3.8/site-packages/airflow/example_dags/tutorial.py took 0.070 seconds
[2023-12-03T18:33:41.957+0000] {processor.py:157} INFO - Started process (PID=3480) to work on /home/airflow/.local/lib/python3.8/site-packages/airflow/example_dags/tutorial.py
[2023-12-03T18:33:41.958+0000] {processor.py:829} INFO - Processing file /home/airflow/.local/lib/python3.8/site-packages/airflow/example_dags/tutorial.py for tasks to queue
[2023-12-03T18:33:41.960+0000] {logging_mixin.py:154} INFO - [2023-12-03T18:33:41.960+0000] {dagbag.py:536} INFO - Filling up the DagBag from /home/airflow/.local/lib/python3.8/site-packages/airflow/example_dags/tutorial.py
[2023-12-03T18:33:41.967+0000] {processor.py:839} INFO - DAG(s) dict_keys(['tutorial']) retrieved from /home/airflow/.local/lib/python3.8/site-packages/airflow/example_dags/tutorial.py
[2023-12-03T18:33:41.986+0000] {logging_mixin.py:154} INFO - [2023-12-03T18:33:41.986+0000] {dag.py:2941} INFO - Sync 1 DAGs
[2023-12-03T18:33:42.000+0000] {logging_mixin.py:154} INFO - [2023-12-03T18:33:42.000+0000] {dag.py:3722} INFO - Setting next_dagrun for tutorial to 2023-12-02T18:33:42.000512+00:00, run_after=2023-12-03T18:33:42.000512+00:00
[2023-12-03T18:33:42.013+0000] {processor.py:179} INFO - Processing /home/airflow/.local/lib/python3.8/site-packages/airflow/example_dags/tutorial.py took 0.059 seconds
[2023-12-03T19:06:26.426+0000] {processor.py:157} INFO - Started process (PID=3544) to work on /home/airflow/.local/lib/python3.8/site-packages/airflow/example_dags/tutorial.py
[2023-12-03T19:06:26.428+0000] {processor.py:829} INFO - Processing file /home/airflow/.local/lib/python3.8/site-packages/airflow/example_dags/tutorial.py for tasks to queue
[2023-12-03T19:06:26.431+0000] {logging_mixin.py:154} INFO - [2023-12-03T19:06:26.430+0000] {dagbag.py:536} INFO - Filling up the DagBag from /home/airflow/.local/lib/python3.8/site-packages/airflow/example_dags/tutorial.py
[2023-12-03T19:06:26.438+0000] {processor.py:839} INFO - DAG(s) dict_keys(['tutorial']) retrieved from /home/airflow/.local/lib/python3.8/site-packages/airflow/example_dags/tutorial.py
[2023-12-03T19:06:26.466+0000] {logging_mixin.py:154} INFO - [2023-12-03T19:06:26.465+0000] {dag.py:2941} INFO - Sync 1 DAGs
[2023-12-03T19:06:26.486+0000] {logging_mixin.py:154} INFO - [2023-12-03T19:06:26.485+0000] {dag.py:3722} INFO - Setting next_dagrun for tutorial to 2023-12-02T19:06:26.485772+00:00, run_after=2023-12-03T19:06:26.485772+00:00
[2023-12-03T19:06:26.502+0000] {processor.py:179} INFO - Processing /home/airflow/.local/lib/python3.8/site-packages/airflow/example_dags/tutorial.py took 0.080 seconds
[2023-12-03T19:22:01.671+0000] {processor.py:157} INFO - Started process (PID=3596) to work on /home/airflow/.local/lib/python3.8/site-packages/airflow/example_dags/tutorial.py
[2023-12-03T19:22:01.672+0000] {processor.py:829} INFO - Processing file /home/airflow/.local/lib/python3.8/site-packages/airflow/example_dags/tutorial.py for tasks to queue
[2023-12-03T19:22:01.675+0000] {logging_mixin.py:154} INFO - [2023-12-03T19:22:01.674+0000] {dagbag.py:536} INFO - Filling up the DagBag from /home/airflow/.local/lib/python3.8/site-packages/airflow/example_dags/tutorial.py
[2023-12-03T19:22:01.682+0000] {processor.py:839} INFO - DAG(s) dict_keys(['tutorial']) retrieved from /home/airflow/.local/lib/python3.8/site-packages/airflow/example_dags/tutorial.py
[2023-12-03T19:22:01.708+0000] {logging_mixin.py:154} INFO - [2023-12-03T19:22:01.708+0000] {dag.py:2941} INFO - Sync 1 DAGs
[2023-12-03T19:22:01.730+0000] {logging_mixin.py:154} INFO - [2023-12-03T19:22:01.729+0000] {dag.py:3722} INFO - Setting next_dagrun for tutorial to 2023-12-02T19:22:01.729722+00:00, run_after=2023-12-03T19:22:01.729722+00:00
[2023-12-03T19:22:01.745+0000] {processor.py:179} INFO - Processing /home/airflow/.local/lib/python3.8/site-packages/airflow/example_dags/tutorial.py took 0.077 seconds
[2023-12-03T20:11:33.585+0000] {processor.py:157} INFO - Started process (PID=3653) to work on /home/airflow/.local/lib/python3.8/site-packages/airflow/example_dags/tutorial.py
[2023-12-03T20:11:33.587+0000] {processor.py:829} INFO - Processing file /home/airflow/.local/lib/python3.8/site-packages/airflow/example_dags/tutorial.py for tasks to queue
[2023-12-03T20:11:33.601+0000] {logging_mixin.py:154} INFO - [2023-12-03T20:11:33.600+0000] {dagbag.py:536} INFO - Filling up the DagBag from /home/airflow/.local/lib/python3.8/site-packages/airflow/example_dags/tutorial.py
[2023-12-03T20:11:33.621+0000] {processor.py:839} INFO - DAG(s) dict_keys(['tutorial']) retrieved from /home/airflow/.local/lib/python3.8/site-packages/airflow/example_dags/tutorial.py
[2023-12-03T20:11:33.672+0000] {logging_mixin.py:154} INFO - [2023-12-03T20:11:33.672+0000] {dag.py:2941} INFO - Sync 1 DAGs
[2023-12-03T20:11:33.706+0000] {logging_mixin.py:154} INFO - [2023-12-03T20:11:33.706+0000] {dag.py:3722} INFO - Setting next_dagrun for tutorial to 2023-12-02T20:11:33.706088+00:00, run_after=2023-12-03T20:11:33.706088+00:00
[2023-12-03T20:11:33.726+0000] {processor.py:179} INFO - Processing /home/airflow/.local/lib/python3.8/site-packages/airflow/example_dags/tutorial.py took 0.147 seconds
[2023-12-03T21:36:33.364+0000] {processor.py:157} INFO - Started process (PID=3711) to work on /home/airflow/.local/lib/python3.8/site-packages/airflow/example_dags/tutorial.py
[2023-12-03T21:36:33.365+0000] {processor.py:829} INFO - Processing file /home/airflow/.local/lib/python3.8/site-packages/airflow/example_dags/tutorial.py for tasks to queue
[2023-12-03T21:36:33.367+0000] {logging_mixin.py:154} INFO - [2023-12-03T21:36:33.367+0000] {dagbag.py:536} INFO - Filling up the DagBag from /home/airflow/.local/lib/python3.8/site-packages/airflow/example_dags/tutorial.py
[2023-12-03T21:36:33.373+0000] {processor.py:839} INFO - DAG(s) dict_keys(['tutorial']) retrieved from /home/airflow/.local/lib/python3.8/site-packages/airflow/example_dags/tutorial.py
[2023-12-03T21:36:33.390+0000] {logging_mixin.py:154} INFO - [2023-12-03T21:36:33.390+0000] {dag.py:2941} INFO - Sync 1 DAGs
[2023-12-03T21:36:33.405+0000] {logging_mixin.py:154} INFO - [2023-12-03T21:36:33.405+0000] {dag.py:3722} INFO - Setting next_dagrun for tutorial to 2023-12-02T21:36:33.405261+00:00, run_after=2023-12-03T21:36:33.405261+00:00
[2023-12-03T21:36:33.420+0000] {processor.py:179} INFO - Processing /home/airflow/.local/lib/python3.8/site-packages/airflow/example_dags/tutorial.py took 0.060 seconds
[2023-12-03T22:57:31.405+0000] {processor.py:157} INFO - Started process (PID=3769) to work on /home/airflow/.local/lib/python3.8/site-packages/airflow/example_dags/tutorial.py
[2023-12-03T22:57:31.408+0000] {processor.py:829} INFO - Processing file /home/airflow/.local/lib/python3.8/site-packages/airflow/example_dags/tutorial.py for tasks to queue
[2023-12-03T22:57:31.411+0000] {logging_mixin.py:154} INFO - [2023-12-03T22:57:31.410+0000] {dagbag.py:536} INFO - Filling up the DagBag from /home/airflow/.local/lib/python3.8/site-packages/airflow/example_dags/tutorial.py
[2023-12-03T22:57:31.416+0000] {processor.py:839} INFO - DAG(s) dict_keys(['tutorial']) retrieved from /home/airflow/.local/lib/python3.8/site-packages/airflow/example_dags/tutorial.py
[2023-12-03T22:57:31.438+0000] {logging_mixin.py:154} INFO - [2023-12-03T22:57:31.438+0000] {dag.py:2941} INFO - Sync 1 DAGs
[2023-12-03T22:57:31.461+0000] {logging_mixin.py:154} INFO - [2023-12-03T22:57:31.461+0000] {dag.py:3722} INFO - Setting next_dagrun for tutorial to 2023-12-02T22:57:31.460778+00:00, run_after=2023-12-03T22:57:31.460778+00:00
[2023-12-03T22:57:31.475+0000] {processor.py:179} INFO - Processing /home/airflow/.local/lib/python3.8/site-packages/airflow/example_dags/tutorial.py took 0.074 seconds
[2023-12-03T23:13:10.310+0000] {processor.py:157} INFO - Started process (PID=3827) to work on /home/airflow/.local/lib/python3.8/site-packages/airflow/example_dags/tutorial.py
[2023-12-03T23:13:10.311+0000] {processor.py:829} INFO - Processing file /home/airflow/.local/lib/python3.8/site-packages/airflow/example_dags/tutorial.py for tasks to queue
[2023-12-03T23:13:10.314+0000] {logging_mixin.py:154} INFO - [2023-12-03T23:13:10.314+0000] {dagbag.py:536} INFO - Filling up the DagBag from /home/airflow/.local/lib/python3.8/site-packages/airflow/example_dags/tutorial.py
[2023-12-03T23:13:10.321+0000] {processor.py:839} INFO - DAG(s) dict_keys(['tutorial']) retrieved from /home/airflow/.local/lib/python3.8/site-packages/airflow/example_dags/tutorial.py
[2023-12-03T23:13:10.340+0000] {logging_mixin.py:154} INFO - [2023-12-03T23:13:10.340+0000] {dag.py:2941} INFO - Sync 1 DAGs
[2023-12-03T23:13:10.358+0000] {logging_mixin.py:154} INFO - [2023-12-03T23:13:10.358+0000] {dag.py:3722} INFO - Setting next_dagrun for tutorial to 2023-12-02T23:13:10.358333+00:00, run_after=2023-12-03T23:13:10.358333+00:00
[2023-12-03T23:13:10.374+0000] {processor.py:179} INFO - Processing /home/airflow/.local/lib/python3.8/site-packages/airflow/example_dags/tutorial.py took 0.069 seconds
[2023-12-03T23:22:18.472+0000] {processor.py:157} INFO - Started process (PID=3885) to work on /home/airflow/.local/lib/python3.8/site-packages/airflow/example_dags/tutorial.py
[2023-12-03T23:22:18.473+0000] {processor.py:829} INFO - Processing file /home/airflow/.local/lib/python3.8/site-packages/airflow/example_dags/tutorial.py for tasks to queue
[2023-12-03T23:22:18.476+0000] {logging_mixin.py:154} INFO - [2023-12-03T23:22:18.476+0000] {dagbag.py:536} INFO - Filling up the DagBag from /home/airflow/.local/lib/python3.8/site-packages/airflow/example_dags/tutorial.py
[2023-12-03T23:22:18.484+0000] {processor.py:839} INFO - DAG(s) dict_keys(['tutorial']) retrieved from /home/airflow/.local/lib/python3.8/site-packages/airflow/example_dags/tutorial.py
[2023-12-03T23:22:18.509+0000] {logging_mixin.py:154} INFO - [2023-12-03T23:22:18.509+0000] {dag.py:2941} INFO - Sync 1 DAGs
[2023-12-03T23:22:18.535+0000] {logging_mixin.py:154} INFO - [2023-12-03T23:22:18.535+0000] {dag.py:3722} INFO - Setting next_dagrun for tutorial to 2023-12-02T23:22:18.535010+00:00, run_after=2023-12-03T23:22:18.535010+00:00
[2023-12-03T23:22:18.558+0000] {processor.py:179} INFO - Processing /home/airflow/.local/lib/python3.8/site-packages/airflow/example_dags/tutorial.py took 0.091 seconds
