[2023-12-03T09:43:23.821+0000] {processor.py:157} INFO - Started process (PID=59) to work on /home/airflow/.local/lib/python3.8/site-packages/airflow/example_dags/tutorial_dag.py
[2023-12-03T09:43:23.823+0000] {processor.py:829} INFO - Processing file /home/airflow/.local/lib/python3.8/site-packages/airflow/example_dags/tutorial_dag.py for tasks to queue
[2023-12-03T09:43:23.825+0000] {logging_mixin.py:154} INFO - [2023-12-03T09:43:23.825+0000] {dagbag.py:536} INFO - Filling up the DagBag from /home/airflow/.local/lib/python3.8/site-packages/airflow/example_dags/tutorial_dag.py
[2023-12-03T09:43:23.836+0000] {processor.py:839} INFO - DAG(s) dict_keys(['tutorial_dag']) retrieved from /home/airflow/.local/lib/python3.8/site-packages/airflow/example_dags/tutorial_dag.py
[2023-12-03T09:43:23.851+0000] {logging_mixin.py:154} INFO - [2023-12-03T09:43:23.850+0000] {dag.py:2941} INFO - Sync 1 DAGs
[2023-12-03T09:43:23.867+0000] {logging_mixin.py:154} INFO - [2023-12-03T09:43:23.867+0000] {dag.py:3722} INFO - Setting next_dagrun for tutorial_dag to None, run_after=None
[2023-12-03T09:43:23.891+0000] {processor.py:179} INFO - Processing /home/airflow/.local/lib/python3.8/site-packages/airflow/example_dags/tutorial_dag.py took 0.074 seconds
[2023-12-03T09:43:54.342+0000] {processor.py:157} INFO - Started process (PID=117) to work on /home/airflow/.local/lib/python3.8/site-packages/airflow/example_dags/tutorial_dag.py
[2023-12-03T09:43:54.343+0000] {processor.py:829} INFO - Processing file /home/airflow/.local/lib/python3.8/site-packages/airflow/example_dags/tutorial_dag.py for tasks to queue
[2023-12-03T09:43:54.346+0000] {logging_mixin.py:154} INFO - [2023-12-03T09:43:54.345+0000] {dagbag.py:536} INFO - Filling up the DagBag from /home/airflow/.local/lib/python3.8/site-packages/airflow/example_dags/tutorial_dag.py
[2023-12-03T09:43:54.351+0000] {processor.py:839} INFO - DAG(s) dict_keys(['tutorial_dag']) retrieved from /home/airflow/.local/lib/python3.8/site-packages/airflow/example_dags/tutorial_dag.py
[2023-12-03T09:43:54.371+0000] {logging_mixin.py:154} INFO - [2023-12-03T09:43:54.370+0000] {dag.py:2941} INFO - Sync 1 DAGs
[2023-12-03T09:43:54.383+0000] {logging_mixin.py:154} INFO - [2023-12-03T09:43:54.383+0000] {dag.py:3722} INFO - Setting next_dagrun for tutorial_dag to None, run_after=None
[2023-12-03T09:43:54.401+0000] {processor.py:179} INFO - Processing /home/airflow/.local/lib/python3.8/site-packages/airflow/example_dags/tutorial_dag.py took 0.064 seconds
[2023-12-03T09:44:25.316+0000] {processor.py:157} INFO - Started process (PID=174) to work on /home/airflow/.local/lib/python3.8/site-packages/airflow/example_dags/tutorial_dag.py
[2023-12-03T09:44:25.317+0000] {processor.py:829} INFO - Processing file /home/airflow/.local/lib/python3.8/site-packages/airflow/example_dags/tutorial_dag.py for tasks to queue
[2023-12-03T09:44:25.319+0000] {logging_mixin.py:154} INFO - [2023-12-03T09:44:25.319+0000] {dagbag.py:536} INFO - Filling up the DagBag from /home/airflow/.local/lib/python3.8/site-packages/airflow/example_dags/tutorial_dag.py
[2023-12-03T09:44:25.325+0000] {processor.py:839} INFO - DAG(s) dict_keys(['tutorial_dag']) retrieved from /home/airflow/.local/lib/python3.8/site-packages/airflow/example_dags/tutorial_dag.py
[2023-12-03T09:44:25.344+0000] {logging_mixin.py:154} INFO - [2023-12-03T09:44:25.344+0000] {dag.py:2941} INFO - Sync 1 DAGs
[2023-12-03T09:44:25.356+0000] {logging_mixin.py:154} INFO - [2023-12-03T09:44:25.356+0000] {dag.py:3722} INFO - Setting next_dagrun for tutorial_dag to None, run_after=None
[2023-12-03T09:44:25.373+0000] {processor.py:179} INFO - Processing /home/airflow/.local/lib/python3.8/site-packages/airflow/example_dags/tutorial_dag.py took 0.061 seconds
[2023-12-03T09:44:56.399+0000] {processor.py:157} INFO - Started process (PID=232) to work on /home/airflow/.local/lib/python3.8/site-packages/airflow/example_dags/tutorial_dag.py
[2023-12-03T09:44:56.400+0000] {processor.py:829} INFO - Processing file /home/airflow/.local/lib/python3.8/site-packages/airflow/example_dags/tutorial_dag.py for tasks to queue
[2023-12-03T09:44:56.402+0000] {logging_mixin.py:154} INFO - [2023-12-03T09:44:56.402+0000] {dagbag.py:536} INFO - Filling up the DagBag from /home/airflow/.local/lib/python3.8/site-packages/airflow/example_dags/tutorial_dag.py
[2023-12-03T09:44:56.407+0000] {processor.py:839} INFO - DAG(s) dict_keys(['tutorial_dag']) retrieved from /home/airflow/.local/lib/python3.8/site-packages/airflow/example_dags/tutorial_dag.py
[2023-12-03T09:44:56.425+0000] {logging_mixin.py:154} INFO - [2023-12-03T09:44:56.425+0000] {dag.py:2941} INFO - Sync 1 DAGs
[2023-12-03T09:44:56.435+0000] {logging_mixin.py:154} INFO - [2023-12-03T09:44:56.435+0000] {dag.py:3722} INFO - Setting next_dagrun for tutorial_dag to None, run_after=None
[2023-12-03T09:44:56.451+0000] {processor.py:179} INFO - Processing /home/airflow/.local/lib/python3.8/site-packages/airflow/example_dags/tutorial_dag.py took 0.056 seconds
[2023-12-03T09:45:27.095+0000] {processor.py:157} INFO - Started process (PID=289) to work on /home/airflow/.local/lib/python3.8/site-packages/airflow/example_dags/tutorial_dag.py
[2023-12-03T09:45:27.097+0000] {processor.py:829} INFO - Processing file /home/airflow/.local/lib/python3.8/site-packages/airflow/example_dags/tutorial_dag.py for tasks to queue
[2023-12-03T09:45:27.100+0000] {logging_mixin.py:154} INFO - [2023-12-03T09:45:27.100+0000] {dagbag.py:536} INFO - Filling up the DagBag from /home/airflow/.local/lib/python3.8/site-packages/airflow/example_dags/tutorial_dag.py
[2023-12-03T09:45:27.107+0000] {processor.py:839} INFO - DAG(s) dict_keys(['tutorial_dag']) retrieved from /home/airflow/.local/lib/python3.8/site-packages/airflow/example_dags/tutorial_dag.py
[2023-12-03T09:45:27.131+0000] {logging_mixin.py:154} INFO - [2023-12-03T09:45:27.131+0000] {dag.py:2941} INFO - Sync 1 DAGs
[2023-12-03T09:45:27.148+0000] {logging_mixin.py:154} INFO - [2023-12-03T09:45:27.148+0000] {dag.py:3722} INFO - Setting next_dagrun for tutorial_dag to None, run_after=None
[2023-12-03T09:45:27.193+0000] {processor.py:179} INFO - Processing /home/airflow/.local/lib/python3.8/site-packages/airflow/example_dags/tutorial_dag.py took 0.102 seconds
[2023-12-03T09:45:57.647+0000] {processor.py:157} INFO - Started process (PID=349) to work on /home/airflow/.local/lib/python3.8/site-packages/airflow/example_dags/tutorial_dag.py
[2023-12-03T09:45:57.649+0000] {processor.py:829} INFO - Processing file /home/airflow/.local/lib/python3.8/site-packages/airflow/example_dags/tutorial_dag.py for tasks to queue
[2023-12-03T09:45:57.651+0000] {logging_mixin.py:154} INFO - [2023-12-03T09:45:57.651+0000] {dagbag.py:536} INFO - Filling up the DagBag from /home/airflow/.local/lib/python3.8/site-packages/airflow/example_dags/tutorial_dag.py
[2023-12-03T09:45:57.658+0000] {processor.py:839} INFO - DAG(s) dict_keys(['tutorial_dag']) retrieved from /home/airflow/.local/lib/python3.8/site-packages/airflow/example_dags/tutorial_dag.py
[2023-12-03T09:45:57.685+0000] {logging_mixin.py:154} INFO - [2023-12-03T09:45:57.685+0000] {dag.py:2941} INFO - Sync 1 DAGs
[2023-12-03T09:45:57.698+0000] {logging_mixin.py:154} INFO - [2023-12-03T09:45:57.698+0000] {dag.py:3722} INFO - Setting next_dagrun for tutorial_dag to None, run_after=None
[2023-12-03T09:45:57.716+0000] {processor.py:179} INFO - Processing /home/airflow/.local/lib/python3.8/site-packages/airflow/example_dags/tutorial_dag.py took 0.073 seconds
[2023-12-03T09:46:28.326+0000] {processor.py:157} INFO - Started process (PID=407) to work on /home/airflow/.local/lib/python3.8/site-packages/airflow/example_dags/tutorial_dag.py
[2023-12-03T09:46:28.328+0000] {processor.py:829} INFO - Processing file /home/airflow/.local/lib/python3.8/site-packages/airflow/example_dags/tutorial_dag.py for tasks to queue
[2023-12-03T09:46:28.330+0000] {logging_mixin.py:154} INFO - [2023-12-03T09:46:28.330+0000] {dagbag.py:536} INFO - Filling up the DagBag from /home/airflow/.local/lib/python3.8/site-packages/airflow/example_dags/tutorial_dag.py
[2023-12-03T09:46:28.336+0000] {processor.py:839} INFO - DAG(s) dict_keys(['tutorial_dag']) retrieved from /home/airflow/.local/lib/python3.8/site-packages/airflow/example_dags/tutorial_dag.py
[2023-12-03T09:46:28.358+0000] {logging_mixin.py:154} INFO - [2023-12-03T09:46:28.357+0000] {dag.py:2941} INFO - Sync 1 DAGs
[2023-12-03T09:46:28.370+0000] {logging_mixin.py:154} INFO - [2023-12-03T09:46:28.370+0000] {dag.py:3722} INFO - Setting next_dagrun for tutorial_dag to None, run_after=None
[2023-12-03T09:46:28.387+0000] {processor.py:179} INFO - Processing /home/airflow/.local/lib/python3.8/site-packages/airflow/example_dags/tutorial_dag.py took 0.065 seconds
[2023-12-03T09:46:59.569+0000] {processor.py:157} INFO - Started process (PID=465) to work on /home/airflow/.local/lib/python3.8/site-packages/airflow/example_dags/tutorial_dag.py
[2023-12-03T09:46:59.570+0000] {processor.py:829} INFO - Processing file /home/airflow/.local/lib/python3.8/site-packages/airflow/example_dags/tutorial_dag.py for tasks to queue
[2023-12-03T09:46:59.573+0000] {logging_mixin.py:154} INFO - [2023-12-03T09:46:59.572+0000] {dagbag.py:536} INFO - Filling up the DagBag from /home/airflow/.local/lib/python3.8/site-packages/airflow/example_dags/tutorial_dag.py
[2023-12-03T09:46:59.578+0000] {processor.py:839} INFO - DAG(s) dict_keys(['tutorial_dag']) retrieved from /home/airflow/.local/lib/python3.8/site-packages/airflow/example_dags/tutorial_dag.py
[2023-12-03T09:46:59.603+0000] {logging_mixin.py:154} INFO - [2023-12-03T09:46:59.603+0000] {dag.py:2941} INFO - Sync 1 DAGs
[2023-12-03T09:46:59.618+0000] {logging_mixin.py:154} INFO - [2023-12-03T09:46:59.618+0000] {dag.py:3722} INFO - Setting next_dagrun for tutorial_dag to None, run_after=None
[2023-12-03T09:46:59.639+0000] {processor.py:179} INFO - Processing /home/airflow/.local/lib/python3.8/site-packages/airflow/example_dags/tutorial_dag.py took 0.075 seconds
[2023-12-03T09:47:30.310+0000] {processor.py:157} INFO - Started process (PID=523) to work on /home/airflow/.local/lib/python3.8/site-packages/airflow/example_dags/tutorial_dag.py
[2023-12-03T09:47:30.311+0000] {processor.py:829} INFO - Processing file /home/airflow/.local/lib/python3.8/site-packages/airflow/example_dags/tutorial_dag.py for tasks to queue
[2023-12-03T09:47:30.314+0000] {logging_mixin.py:154} INFO - [2023-12-03T09:47:30.313+0000] {dagbag.py:536} INFO - Filling up the DagBag from /home/airflow/.local/lib/python3.8/site-packages/airflow/example_dags/tutorial_dag.py
[2023-12-03T09:47:30.320+0000] {processor.py:839} INFO - DAG(s) dict_keys(['tutorial_dag']) retrieved from /home/airflow/.local/lib/python3.8/site-packages/airflow/example_dags/tutorial_dag.py
[2023-12-03T09:47:30.343+0000] {logging_mixin.py:154} INFO - [2023-12-03T09:47:30.343+0000] {dag.py:2941} INFO - Sync 1 DAGs
[2023-12-03T09:47:30.358+0000] {logging_mixin.py:154} INFO - [2023-12-03T09:47:30.358+0000] {dag.py:3722} INFO - Setting next_dagrun for tutorial_dag to None, run_after=None
[2023-12-03T09:47:30.377+0000] {processor.py:179} INFO - Processing /home/airflow/.local/lib/python3.8/site-packages/airflow/example_dags/tutorial_dag.py took 0.071 seconds
[2023-12-03T09:48:01.584+0000] {processor.py:157} INFO - Started process (PID=581) to work on /home/airflow/.local/lib/python3.8/site-packages/airflow/example_dags/tutorial_dag.py
[2023-12-03T09:48:01.585+0000] {processor.py:829} INFO - Processing file /home/airflow/.local/lib/python3.8/site-packages/airflow/example_dags/tutorial_dag.py for tasks to queue
[2023-12-03T09:48:01.588+0000] {logging_mixin.py:154} INFO - [2023-12-03T09:48:01.587+0000] {dagbag.py:536} INFO - Filling up the DagBag from /home/airflow/.local/lib/python3.8/site-packages/airflow/example_dags/tutorial_dag.py
[2023-12-03T09:48:01.594+0000] {processor.py:839} INFO - DAG(s) dict_keys(['tutorial_dag']) retrieved from /home/airflow/.local/lib/python3.8/site-packages/airflow/example_dags/tutorial_dag.py
[2023-12-03T09:48:01.617+0000] {logging_mixin.py:154} INFO - [2023-12-03T09:48:01.616+0000] {dag.py:2941} INFO - Sync 1 DAGs
[2023-12-03T09:48:01.629+0000] {logging_mixin.py:154} INFO - [2023-12-03T09:48:01.629+0000] {dag.py:3722} INFO - Setting next_dagrun for tutorial_dag to None, run_after=None
[2023-12-03T09:48:01.645+0000] {processor.py:179} INFO - Processing /home/airflow/.local/lib/python3.8/site-packages/airflow/example_dags/tutorial_dag.py took 0.065 seconds
[2023-12-03T09:48:32.436+0000] {processor.py:157} INFO - Started process (PID=638) to work on /home/airflow/.local/lib/python3.8/site-packages/airflow/example_dags/tutorial_dag.py
[2023-12-03T09:48:32.437+0000] {processor.py:829} INFO - Processing file /home/airflow/.local/lib/python3.8/site-packages/airflow/example_dags/tutorial_dag.py for tasks to queue
[2023-12-03T09:48:32.439+0000] {logging_mixin.py:154} INFO - [2023-12-03T09:48:32.439+0000] {dagbag.py:536} INFO - Filling up the DagBag from /home/airflow/.local/lib/python3.8/site-packages/airflow/example_dags/tutorial_dag.py
[2023-12-03T09:48:32.445+0000] {processor.py:839} INFO - DAG(s) dict_keys(['tutorial_dag']) retrieved from /home/airflow/.local/lib/python3.8/site-packages/airflow/example_dags/tutorial_dag.py
[2023-12-03T09:48:32.464+0000] {logging_mixin.py:154} INFO - [2023-12-03T09:48:32.464+0000] {dag.py:2941} INFO - Sync 1 DAGs
[2023-12-03T09:48:32.477+0000] {logging_mixin.py:154} INFO - [2023-12-03T09:48:32.477+0000] {dag.py:3722} INFO - Setting next_dagrun for tutorial_dag to None, run_after=None
[2023-12-03T09:48:32.493+0000] {processor.py:179} INFO - Processing /home/airflow/.local/lib/python3.8/site-packages/airflow/example_dags/tutorial_dag.py took 0.061 seconds
[2023-12-03T09:49:03.575+0000] {processor.py:157} INFO - Started process (PID=703) to work on /home/airflow/.local/lib/python3.8/site-packages/airflow/example_dags/tutorial_dag.py
[2023-12-03T09:49:03.577+0000] {processor.py:829} INFO - Processing file /home/airflow/.local/lib/python3.8/site-packages/airflow/example_dags/tutorial_dag.py for tasks to queue
[2023-12-03T09:49:03.580+0000] {logging_mixin.py:154} INFO - [2023-12-03T09:49:03.580+0000] {dagbag.py:536} INFO - Filling up the DagBag from /home/airflow/.local/lib/python3.8/site-packages/airflow/example_dags/tutorial_dag.py
[2023-12-03T09:49:03.590+0000] {processor.py:839} INFO - DAG(s) dict_keys(['tutorial_dag']) retrieved from /home/airflow/.local/lib/python3.8/site-packages/airflow/example_dags/tutorial_dag.py
[2023-12-03T09:49:03.612+0000] {logging_mixin.py:154} INFO - [2023-12-03T09:49:03.612+0000] {dag.py:2941} INFO - Sync 1 DAGs
[2023-12-03T09:49:03.632+0000] {logging_mixin.py:154} INFO - [2023-12-03T09:49:03.631+0000] {dag.py:3722} INFO - Setting next_dagrun for tutorial_dag to None, run_after=None
[2023-12-03T09:49:03.652+0000] {processor.py:179} INFO - Processing /home/airflow/.local/lib/python3.8/site-packages/airflow/example_dags/tutorial_dag.py took 0.083 seconds
[2023-12-03T09:49:34.619+0000] {processor.py:157} INFO - Started process (PID=761) to work on /home/airflow/.local/lib/python3.8/site-packages/airflow/example_dags/tutorial_dag.py
[2023-12-03T09:49:34.620+0000] {processor.py:829} INFO - Processing file /home/airflow/.local/lib/python3.8/site-packages/airflow/example_dags/tutorial_dag.py for tasks to queue
[2023-12-03T09:49:34.622+0000] {logging_mixin.py:154} INFO - [2023-12-03T09:49:34.622+0000] {dagbag.py:536} INFO - Filling up the DagBag from /home/airflow/.local/lib/python3.8/site-packages/airflow/example_dags/tutorial_dag.py
[2023-12-03T09:49:34.627+0000] {processor.py:839} INFO - DAG(s) dict_keys(['tutorial_dag']) retrieved from /home/airflow/.local/lib/python3.8/site-packages/airflow/example_dags/tutorial_dag.py
[2023-12-03T09:49:34.645+0000] {logging_mixin.py:154} INFO - [2023-12-03T09:49:34.645+0000] {dag.py:2941} INFO - Sync 1 DAGs
[2023-12-03T09:49:34.656+0000] {logging_mixin.py:154} INFO - [2023-12-03T09:49:34.656+0000] {dag.py:3722} INFO - Setting next_dagrun for tutorial_dag to None, run_after=None
[2023-12-03T09:49:34.676+0000] {processor.py:179} INFO - Processing /home/airflow/.local/lib/python3.8/site-packages/airflow/example_dags/tutorial_dag.py took 0.061 seconds
[2023-12-03T09:50:05.728+0000] {processor.py:157} INFO - Started process (PID=819) to work on /home/airflow/.local/lib/python3.8/site-packages/airflow/example_dags/tutorial_dag.py
[2023-12-03T09:50:05.729+0000] {processor.py:829} INFO - Processing file /home/airflow/.local/lib/python3.8/site-packages/airflow/example_dags/tutorial_dag.py for tasks to queue
[2023-12-03T09:50:05.732+0000] {logging_mixin.py:154} INFO - [2023-12-03T09:50:05.731+0000] {dagbag.py:536} INFO - Filling up the DagBag from /home/airflow/.local/lib/python3.8/site-packages/airflow/example_dags/tutorial_dag.py
[2023-12-03T09:50:05.737+0000] {processor.py:839} INFO - DAG(s) dict_keys(['tutorial_dag']) retrieved from /home/airflow/.local/lib/python3.8/site-packages/airflow/example_dags/tutorial_dag.py
[2023-12-03T09:50:05.756+0000] {logging_mixin.py:154} INFO - [2023-12-03T09:50:05.756+0000] {dag.py:2941} INFO - Sync 1 DAGs
[2023-12-03T09:50:05.767+0000] {logging_mixin.py:154} INFO - [2023-12-03T09:50:05.767+0000] {dag.py:3722} INFO - Setting next_dagrun for tutorial_dag to None, run_after=None
[2023-12-03T09:50:05.785+0000] {processor.py:179} INFO - Processing /home/airflow/.local/lib/python3.8/site-packages/airflow/example_dags/tutorial_dag.py took 0.060 seconds
[2023-12-03T09:50:36.725+0000] {processor.py:157} INFO - Started process (PID=877) to work on /home/airflow/.local/lib/python3.8/site-packages/airflow/example_dags/tutorial_dag.py
[2023-12-03T09:50:36.726+0000] {processor.py:829} INFO - Processing file /home/airflow/.local/lib/python3.8/site-packages/airflow/example_dags/tutorial_dag.py for tasks to queue
[2023-12-03T09:50:36.729+0000] {logging_mixin.py:154} INFO - [2023-12-03T09:50:36.728+0000] {dagbag.py:536} INFO - Filling up the DagBag from /home/airflow/.local/lib/python3.8/site-packages/airflow/example_dags/tutorial_dag.py
[2023-12-03T09:50:36.734+0000] {processor.py:839} INFO - DAG(s) dict_keys(['tutorial_dag']) retrieved from /home/airflow/.local/lib/python3.8/site-packages/airflow/example_dags/tutorial_dag.py
[2023-12-03T09:50:36.754+0000] {logging_mixin.py:154} INFO - [2023-12-03T09:50:36.754+0000] {dag.py:2941} INFO - Sync 1 DAGs
[2023-12-03T09:50:36.766+0000] {logging_mixin.py:154} INFO - [2023-12-03T09:50:36.766+0000] {dag.py:3722} INFO - Setting next_dagrun for tutorial_dag to None, run_after=None
[2023-12-03T09:50:36.784+0000] {processor.py:179} INFO - Processing /home/airflow/.local/lib/python3.8/site-packages/airflow/example_dags/tutorial_dag.py took 0.064 seconds
[2023-12-03T09:51:06.876+0000] {processor.py:157} INFO - Started process (PID=933) to work on /home/airflow/.local/lib/python3.8/site-packages/airflow/example_dags/tutorial_dag.py
[2023-12-03T09:51:06.877+0000] {processor.py:829} INFO - Processing file /home/airflow/.local/lib/python3.8/site-packages/airflow/example_dags/tutorial_dag.py for tasks to queue
[2023-12-03T09:51:06.879+0000] {logging_mixin.py:154} INFO - [2023-12-03T09:51:06.879+0000] {dagbag.py:536} INFO - Filling up the DagBag from /home/airflow/.local/lib/python3.8/site-packages/airflow/example_dags/tutorial_dag.py
[2023-12-03T09:51:06.884+0000] {processor.py:839} INFO - DAG(s) dict_keys(['tutorial_dag']) retrieved from /home/airflow/.local/lib/python3.8/site-packages/airflow/example_dags/tutorial_dag.py
[2023-12-03T09:51:06.904+0000] {logging_mixin.py:154} INFO - [2023-12-03T09:51:06.904+0000] {dag.py:2941} INFO - Sync 1 DAGs
[2023-12-03T09:51:06.916+0000] {logging_mixin.py:154} INFO - [2023-12-03T09:51:06.916+0000] {dag.py:3722} INFO - Setting next_dagrun for tutorial_dag to None, run_after=None
[2023-12-03T09:51:06.932+0000] {processor.py:179} INFO - Processing /home/airflow/.local/lib/python3.8/site-packages/airflow/example_dags/tutorial_dag.py took 0.060 seconds
[2023-12-03T09:51:37.767+0000] {processor.py:157} INFO - Started process (PID=991) to work on /home/airflow/.local/lib/python3.8/site-packages/airflow/example_dags/tutorial_dag.py
[2023-12-03T09:51:37.769+0000] {processor.py:829} INFO - Processing file /home/airflow/.local/lib/python3.8/site-packages/airflow/example_dags/tutorial_dag.py for tasks to queue
[2023-12-03T09:51:37.772+0000] {logging_mixin.py:154} INFO - [2023-12-03T09:51:37.771+0000] {dagbag.py:536} INFO - Filling up the DagBag from /home/airflow/.local/lib/python3.8/site-packages/airflow/example_dags/tutorial_dag.py
[2023-12-03T09:51:37.777+0000] {processor.py:839} INFO - DAG(s) dict_keys(['tutorial_dag']) retrieved from /home/airflow/.local/lib/python3.8/site-packages/airflow/example_dags/tutorial_dag.py
[2023-12-03T09:51:37.806+0000] {logging_mixin.py:154} INFO - [2023-12-03T09:51:37.806+0000] {dag.py:2941} INFO - Sync 1 DAGs
[2023-12-03T09:51:37.821+0000] {logging_mixin.py:154} INFO - [2023-12-03T09:51:37.821+0000] {dag.py:3722} INFO - Setting next_dagrun for tutorial_dag to None, run_after=None
[2023-12-03T09:51:37.844+0000] {processor.py:179} INFO - Processing /home/airflow/.local/lib/python3.8/site-packages/airflow/example_dags/tutorial_dag.py took 0.080 seconds
[2023-12-03T09:52:08.686+0000] {processor.py:157} INFO - Started process (PID=1049) to work on /home/airflow/.local/lib/python3.8/site-packages/airflow/example_dags/tutorial_dag.py
[2023-12-03T09:52:08.687+0000] {processor.py:829} INFO - Processing file /home/airflow/.local/lib/python3.8/site-packages/airflow/example_dags/tutorial_dag.py for tasks to queue
[2023-12-03T09:52:08.691+0000] {logging_mixin.py:154} INFO - [2023-12-03T09:52:08.690+0000] {dagbag.py:536} INFO - Filling up the DagBag from /home/airflow/.local/lib/python3.8/site-packages/airflow/example_dags/tutorial_dag.py
[2023-12-03T09:52:08.698+0000] {processor.py:839} INFO - DAG(s) dict_keys(['tutorial_dag']) retrieved from /home/airflow/.local/lib/python3.8/site-packages/airflow/example_dags/tutorial_dag.py
[2023-12-03T09:52:08.721+0000] {logging_mixin.py:154} INFO - [2023-12-03T09:52:08.721+0000] {dag.py:2941} INFO - Sync 1 DAGs
[2023-12-03T09:52:08.736+0000] {logging_mixin.py:154} INFO - [2023-12-03T09:52:08.735+0000] {dag.py:3722} INFO - Setting next_dagrun for tutorial_dag to None, run_after=None
[2023-12-03T09:52:08.757+0000] {processor.py:179} INFO - Processing /home/airflow/.local/lib/python3.8/site-packages/airflow/example_dags/tutorial_dag.py took 0.075 seconds
[2023-12-03T09:52:38.836+0000] {processor.py:157} INFO - Started process (PID=1107) to work on /home/airflow/.local/lib/python3.8/site-packages/airflow/example_dags/tutorial_dag.py
[2023-12-03T09:52:38.838+0000] {processor.py:829} INFO - Processing file /home/airflow/.local/lib/python3.8/site-packages/airflow/example_dags/tutorial_dag.py for tasks to queue
[2023-12-03T09:52:38.841+0000] {logging_mixin.py:154} INFO - [2023-12-03T09:52:38.841+0000] {dagbag.py:536} INFO - Filling up the DagBag from /home/airflow/.local/lib/python3.8/site-packages/airflow/example_dags/tutorial_dag.py
[2023-12-03T09:52:38.849+0000] {processor.py:839} INFO - DAG(s) dict_keys(['tutorial_dag']) retrieved from /home/airflow/.local/lib/python3.8/site-packages/airflow/example_dags/tutorial_dag.py
[2023-12-03T09:52:38.877+0000] {logging_mixin.py:154} INFO - [2023-12-03T09:52:38.877+0000] {dag.py:2941} INFO - Sync 1 DAGs
[2023-12-03T09:52:38.895+0000] {logging_mixin.py:154} INFO - [2023-12-03T09:52:38.894+0000] {dag.py:3722} INFO - Setting next_dagrun for tutorial_dag to None, run_after=None
[2023-12-03T09:52:38.920+0000] {processor.py:179} INFO - Processing /home/airflow/.local/lib/python3.8/site-packages/airflow/example_dags/tutorial_dag.py took 0.089 seconds
[2023-12-03T09:53:09.175+0000] {processor.py:157} INFO - Started process (PID=1165) to work on /home/airflow/.local/lib/python3.8/site-packages/airflow/example_dags/tutorial_dag.py
[2023-12-03T09:53:09.176+0000] {processor.py:829} INFO - Processing file /home/airflow/.local/lib/python3.8/site-packages/airflow/example_dags/tutorial_dag.py for tasks to queue
[2023-12-03T09:53:09.179+0000] {logging_mixin.py:154} INFO - [2023-12-03T09:53:09.178+0000] {dagbag.py:536} INFO - Filling up the DagBag from /home/airflow/.local/lib/python3.8/site-packages/airflow/example_dags/tutorial_dag.py
[2023-12-03T09:53:09.184+0000] {processor.py:839} INFO - DAG(s) dict_keys(['tutorial_dag']) retrieved from /home/airflow/.local/lib/python3.8/site-packages/airflow/example_dags/tutorial_dag.py
[2023-12-03T09:53:09.202+0000] {logging_mixin.py:154} INFO - [2023-12-03T09:53:09.202+0000] {dag.py:2941} INFO - Sync 1 DAGs
[2023-12-03T09:53:09.214+0000] {logging_mixin.py:154} INFO - [2023-12-03T09:53:09.213+0000] {dag.py:3722} INFO - Setting next_dagrun for tutorial_dag to None, run_after=None
[2023-12-03T09:53:09.230+0000] {processor.py:179} INFO - Processing /home/airflow/.local/lib/python3.8/site-packages/airflow/example_dags/tutorial_dag.py took 0.058 seconds
[2023-12-03T09:53:39.439+0000] {processor.py:157} INFO - Started process (PID=1223) to work on /home/airflow/.local/lib/python3.8/site-packages/airflow/example_dags/tutorial_dag.py
[2023-12-03T09:53:39.440+0000] {processor.py:829} INFO - Processing file /home/airflow/.local/lib/python3.8/site-packages/airflow/example_dags/tutorial_dag.py for tasks to queue
[2023-12-03T09:53:39.443+0000] {logging_mixin.py:154} INFO - [2023-12-03T09:53:39.443+0000] {dagbag.py:536} INFO - Filling up the DagBag from /home/airflow/.local/lib/python3.8/site-packages/airflow/example_dags/tutorial_dag.py
[2023-12-03T09:53:39.449+0000] {processor.py:839} INFO - DAG(s) dict_keys(['tutorial_dag']) retrieved from /home/airflow/.local/lib/python3.8/site-packages/airflow/example_dags/tutorial_dag.py
[2023-12-03T09:53:39.468+0000] {logging_mixin.py:154} INFO - [2023-12-03T09:53:39.467+0000] {dag.py:2941} INFO - Sync 1 DAGs
[2023-12-03T09:53:39.480+0000] {logging_mixin.py:154} INFO - [2023-12-03T09:53:39.479+0000] {dag.py:3722} INFO - Setting next_dagrun for tutorial_dag to None, run_after=None
[2023-12-03T09:53:39.496+0000] {processor.py:179} INFO - Processing /home/airflow/.local/lib/python3.8/site-packages/airflow/example_dags/tutorial_dag.py took 0.061 seconds
[2023-12-03T09:54:09.755+0000] {processor.py:157} INFO - Started process (PID=1281) to work on /home/airflow/.local/lib/python3.8/site-packages/airflow/example_dags/tutorial_dag.py
[2023-12-03T09:54:09.756+0000] {processor.py:829} INFO - Processing file /home/airflow/.local/lib/python3.8/site-packages/airflow/example_dags/tutorial_dag.py for tasks to queue
[2023-12-03T09:54:09.758+0000] {logging_mixin.py:154} INFO - [2023-12-03T09:54:09.758+0000] {dagbag.py:536} INFO - Filling up the DagBag from /home/airflow/.local/lib/python3.8/site-packages/airflow/example_dags/tutorial_dag.py
[2023-12-03T09:54:09.763+0000] {processor.py:839} INFO - DAG(s) dict_keys(['tutorial_dag']) retrieved from /home/airflow/.local/lib/python3.8/site-packages/airflow/example_dags/tutorial_dag.py
[2023-12-03T09:54:09.781+0000] {logging_mixin.py:154} INFO - [2023-12-03T09:54:09.781+0000] {dag.py:2941} INFO - Sync 1 DAGs
[2023-12-03T09:54:09.793+0000] {logging_mixin.py:154} INFO - [2023-12-03T09:54:09.792+0000] {dag.py:3722} INFO - Setting next_dagrun for tutorial_dag to None, run_after=None
[2023-12-03T09:54:09.807+0000] {processor.py:179} INFO - Processing /home/airflow/.local/lib/python3.8/site-packages/airflow/example_dags/tutorial_dag.py took 0.057 seconds
[2023-12-03T09:54:40.191+0000] {processor.py:157} INFO - Started process (PID=1339) to work on /home/airflow/.local/lib/python3.8/site-packages/airflow/example_dags/tutorial_dag.py
[2023-12-03T09:54:40.192+0000] {processor.py:829} INFO - Processing file /home/airflow/.local/lib/python3.8/site-packages/airflow/example_dags/tutorial_dag.py for tasks to queue
[2023-12-03T09:54:40.194+0000] {logging_mixin.py:154} INFO - [2023-12-03T09:54:40.194+0000] {dagbag.py:536} INFO - Filling up the DagBag from /home/airflow/.local/lib/python3.8/site-packages/airflow/example_dags/tutorial_dag.py
[2023-12-03T09:54:40.199+0000] {processor.py:839} INFO - DAG(s) dict_keys(['tutorial_dag']) retrieved from /home/airflow/.local/lib/python3.8/site-packages/airflow/example_dags/tutorial_dag.py
[2023-12-03T09:54:40.218+0000] {logging_mixin.py:154} INFO - [2023-12-03T09:54:40.218+0000] {dag.py:2941} INFO - Sync 1 DAGs
[2023-12-03T09:54:40.229+0000] {logging_mixin.py:154} INFO - [2023-12-03T09:54:40.229+0000] {dag.py:3722} INFO - Setting next_dagrun for tutorial_dag to None, run_after=None
[2023-12-03T09:54:40.246+0000] {processor.py:179} INFO - Processing /home/airflow/.local/lib/python3.8/site-packages/airflow/example_dags/tutorial_dag.py took 0.058 seconds
[2023-12-03T09:55:10.545+0000] {processor.py:157} INFO - Started process (PID=1397) to work on /home/airflow/.local/lib/python3.8/site-packages/airflow/example_dags/tutorial_dag.py
[2023-12-03T09:55:10.546+0000] {processor.py:829} INFO - Processing file /home/airflow/.local/lib/python3.8/site-packages/airflow/example_dags/tutorial_dag.py for tasks to queue
[2023-12-03T09:55:10.548+0000] {logging_mixin.py:154} INFO - [2023-12-03T09:55:10.548+0000] {dagbag.py:536} INFO - Filling up the DagBag from /home/airflow/.local/lib/python3.8/site-packages/airflow/example_dags/tutorial_dag.py
[2023-12-03T09:55:10.553+0000] {processor.py:839} INFO - DAG(s) dict_keys(['tutorial_dag']) retrieved from /home/airflow/.local/lib/python3.8/site-packages/airflow/example_dags/tutorial_dag.py
[2023-12-03T09:55:10.571+0000] {logging_mixin.py:154} INFO - [2023-12-03T09:55:10.571+0000] {dag.py:2941} INFO - Sync 1 DAGs
[2023-12-03T09:55:10.582+0000] {logging_mixin.py:154} INFO - [2023-12-03T09:55:10.582+0000] {dag.py:3722} INFO - Setting next_dagrun for tutorial_dag to None, run_after=None
[2023-12-03T09:55:10.598+0000] {processor.py:179} INFO - Processing /home/airflow/.local/lib/python3.8/site-packages/airflow/example_dags/tutorial_dag.py took 0.057 seconds
[2023-12-03T09:55:41.064+0000] {processor.py:157} INFO - Started process (PID=1456) to work on /home/airflow/.local/lib/python3.8/site-packages/airflow/example_dags/tutorial_dag.py
[2023-12-03T09:55:41.065+0000] {processor.py:829} INFO - Processing file /home/airflow/.local/lib/python3.8/site-packages/airflow/example_dags/tutorial_dag.py for tasks to queue
[2023-12-03T09:55:41.067+0000] {logging_mixin.py:154} INFO - [2023-12-03T09:55:41.067+0000] {dagbag.py:536} INFO - Filling up the DagBag from /home/airflow/.local/lib/python3.8/site-packages/airflow/example_dags/tutorial_dag.py
[2023-12-03T09:55:41.073+0000] {processor.py:839} INFO - DAG(s) dict_keys(['tutorial_dag']) retrieved from /home/airflow/.local/lib/python3.8/site-packages/airflow/example_dags/tutorial_dag.py
[2023-12-03T09:55:41.092+0000] {logging_mixin.py:154} INFO - [2023-12-03T09:55:41.091+0000] {dag.py:2941} INFO - Sync 1 DAGs
[2023-12-03T09:55:41.103+0000] {logging_mixin.py:154} INFO - [2023-12-03T09:55:41.103+0000] {dag.py:3722} INFO - Setting next_dagrun for tutorial_dag to None, run_after=None
[2023-12-03T09:55:41.120+0000] {processor.py:179} INFO - Processing /home/airflow/.local/lib/python3.8/site-packages/airflow/example_dags/tutorial_dag.py took 0.060 seconds
[2023-12-03T09:56:11.384+0000] {processor.py:157} INFO - Started process (PID=1518) to work on /home/airflow/.local/lib/python3.8/site-packages/airflow/example_dags/tutorial_dag.py
[2023-12-03T09:56:11.386+0000] {processor.py:829} INFO - Processing file /home/airflow/.local/lib/python3.8/site-packages/airflow/example_dags/tutorial_dag.py for tasks to queue
[2023-12-03T09:56:11.388+0000] {logging_mixin.py:154} INFO - [2023-12-03T09:56:11.388+0000] {dagbag.py:536} INFO - Filling up the DagBag from /home/airflow/.local/lib/python3.8/site-packages/airflow/example_dags/tutorial_dag.py
[2023-12-03T09:56:11.394+0000] {processor.py:839} INFO - DAG(s) dict_keys(['tutorial_dag']) retrieved from /home/airflow/.local/lib/python3.8/site-packages/airflow/example_dags/tutorial_dag.py
[2023-12-03T09:56:11.418+0000] {logging_mixin.py:154} INFO - [2023-12-03T09:56:11.417+0000] {dag.py:2941} INFO - Sync 1 DAGs
[2023-12-03T09:56:11.430+0000] {logging_mixin.py:154} INFO - [2023-12-03T09:56:11.430+0000] {dag.py:3722} INFO - Setting next_dagrun for tutorial_dag to None, run_after=None
[2023-12-03T09:56:11.452+0000] {processor.py:179} INFO - Processing /home/airflow/.local/lib/python3.8/site-packages/airflow/example_dags/tutorial_dag.py took 0.073 seconds
[2023-12-03T09:56:42.315+0000] {processor.py:157} INFO - Started process (PID=1576) to work on /home/airflow/.local/lib/python3.8/site-packages/airflow/example_dags/tutorial_dag.py
[2023-12-03T09:56:42.316+0000] {processor.py:829} INFO - Processing file /home/airflow/.local/lib/python3.8/site-packages/airflow/example_dags/tutorial_dag.py for tasks to queue
[2023-12-03T09:56:42.320+0000] {logging_mixin.py:154} INFO - [2023-12-03T09:56:42.320+0000] {dagbag.py:536} INFO - Filling up the DagBag from /home/airflow/.local/lib/python3.8/site-packages/airflow/example_dags/tutorial_dag.py
[2023-12-03T09:56:42.325+0000] {processor.py:839} INFO - DAG(s) dict_keys(['tutorial_dag']) retrieved from /home/airflow/.local/lib/python3.8/site-packages/airflow/example_dags/tutorial_dag.py
[2023-12-03T09:56:42.342+0000] {logging_mixin.py:154} INFO - [2023-12-03T09:56:42.342+0000] {dag.py:2941} INFO - Sync 1 DAGs
[2023-12-03T09:56:42.354+0000] {logging_mixin.py:154} INFO - [2023-12-03T09:56:42.354+0000] {dag.py:3722} INFO - Setting next_dagrun for tutorial_dag to None, run_after=None
[2023-12-03T09:56:42.369+0000] {processor.py:179} INFO - Processing /home/airflow/.local/lib/python3.8/site-packages/airflow/example_dags/tutorial_dag.py took 0.058 seconds
[2023-12-03T09:57:13.086+0000] {processor.py:157} INFO - Started process (PID=1634) to work on /home/airflow/.local/lib/python3.8/site-packages/airflow/example_dags/tutorial_dag.py
[2023-12-03T09:57:13.087+0000] {processor.py:829} INFO - Processing file /home/airflow/.local/lib/python3.8/site-packages/airflow/example_dags/tutorial_dag.py for tasks to queue
[2023-12-03T09:57:13.090+0000] {logging_mixin.py:154} INFO - [2023-12-03T09:57:13.090+0000] {dagbag.py:536} INFO - Filling up the DagBag from /home/airflow/.local/lib/python3.8/site-packages/airflow/example_dags/tutorial_dag.py
[2023-12-03T09:57:13.095+0000] {processor.py:839} INFO - DAG(s) dict_keys(['tutorial_dag']) retrieved from /home/airflow/.local/lib/python3.8/site-packages/airflow/example_dags/tutorial_dag.py
[2023-12-03T09:57:13.114+0000] {logging_mixin.py:154} INFO - [2023-12-03T09:57:13.114+0000] {dag.py:2941} INFO - Sync 1 DAGs
[2023-12-03T09:57:13.125+0000] {logging_mixin.py:154} INFO - [2023-12-03T09:57:13.125+0000] {dag.py:3722} INFO - Setting next_dagrun for tutorial_dag to None, run_after=None
[2023-12-03T09:57:13.141+0000] {processor.py:179} INFO - Processing /home/airflow/.local/lib/python3.8/site-packages/airflow/example_dags/tutorial_dag.py took 0.059 seconds
[2023-12-03T09:57:43.325+0000] {processor.py:157} INFO - Started process (PID=1694) to work on /home/airflow/.local/lib/python3.8/site-packages/airflow/example_dags/tutorial_dag.py
[2023-12-03T09:57:43.327+0000] {processor.py:829} INFO - Processing file /home/airflow/.local/lib/python3.8/site-packages/airflow/example_dags/tutorial_dag.py for tasks to queue
[2023-12-03T09:57:43.330+0000] {logging_mixin.py:154} INFO - [2023-12-03T09:57:43.330+0000] {dagbag.py:536} INFO - Filling up the DagBag from /home/airflow/.local/lib/python3.8/site-packages/airflow/example_dags/tutorial_dag.py
[2023-12-03T09:57:43.338+0000] {processor.py:839} INFO - DAG(s) dict_keys(['tutorial_dag']) retrieved from /home/airflow/.local/lib/python3.8/site-packages/airflow/example_dags/tutorial_dag.py
[2023-12-03T09:57:43.363+0000] {logging_mixin.py:154} INFO - [2023-12-03T09:57:43.363+0000] {dag.py:2941} INFO - Sync 1 DAGs
[2023-12-03T09:57:43.377+0000] {logging_mixin.py:154} INFO - [2023-12-03T09:57:43.377+0000] {dag.py:3722} INFO - Setting next_dagrun for tutorial_dag to None, run_after=None
[2023-12-03T09:57:43.392+0000] {processor.py:179} INFO - Processing /home/airflow/.local/lib/python3.8/site-packages/airflow/example_dags/tutorial_dag.py took 0.072 seconds
[2023-12-03T09:58:13.498+0000] {processor.py:157} INFO - Started process (PID=1752) to work on /home/airflow/.local/lib/python3.8/site-packages/airflow/example_dags/tutorial_dag.py
[2023-12-03T09:58:13.499+0000] {processor.py:829} INFO - Processing file /home/airflow/.local/lib/python3.8/site-packages/airflow/example_dags/tutorial_dag.py for tasks to queue
[2023-12-03T09:58:13.502+0000] {logging_mixin.py:154} INFO - [2023-12-03T09:58:13.501+0000] {dagbag.py:536} INFO - Filling up the DagBag from /home/airflow/.local/lib/python3.8/site-packages/airflow/example_dags/tutorial_dag.py
[2023-12-03T09:58:13.506+0000] {processor.py:839} INFO - DAG(s) dict_keys(['tutorial_dag']) retrieved from /home/airflow/.local/lib/python3.8/site-packages/airflow/example_dags/tutorial_dag.py
[2023-12-03T09:58:13.525+0000] {logging_mixin.py:154} INFO - [2023-12-03T09:58:13.525+0000] {dag.py:2941} INFO - Sync 1 DAGs
[2023-12-03T09:58:13.536+0000] {logging_mixin.py:154} INFO - [2023-12-03T09:58:13.536+0000] {dag.py:3722} INFO - Setting next_dagrun for tutorial_dag to None, run_after=None
[2023-12-03T09:58:13.554+0000] {processor.py:179} INFO - Processing /home/airflow/.local/lib/python3.8/site-packages/airflow/example_dags/tutorial_dag.py took 0.059 seconds
[2023-12-03T09:58:43.887+0000] {processor.py:157} INFO - Started process (PID=1809) to work on /home/airflow/.local/lib/python3.8/site-packages/airflow/example_dags/tutorial_dag.py
[2023-12-03T09:58:43.888+0000] {processor.py:829} INFO - Processing file /home/airflow/.local/lib/python3.8/site-packages/airflow/example_dags/tutorial_dag.py for tasks to queue
[2023-12-03T09:58:43.890+0000] {logging_mixin.py:154} INFO - [2023-12-03T09:58:43.890+0000] {dagbag.py:536} INFO - Filling up the DagBag from /home/airflow/.local/lib/python3.8/site-packages/airflow/example_dags/tutorial_dag.py
[2023-12-03T09:58:43.895+0000] {processor.py:839} INFO - DAG(s) dict_keys(['tutorial_dag']) retrieved from /home/airflow/.local/lib/python3.8/site-packages/airflow/example_dags/tutorial_dag.py
[2023-12-03T09:58:43.913+0000] {logging_mixin.py:154} INFO - [2023-12-03T09:58:43.913+0000] {dag.py:2941} INFO - Sync 1 DAGs
[2023-12-03T09:58:43.925+0000] {logging_mixin.py:154} INFO - [2023-12-03T09:58:43.925+0000] {dag.py:3722} INFO - Setting next_dagrun for tutorial_dag to None, run_after=None
[2023-12-03T09:58:43.942+0000] {processor.py:179} INFO - Processing /home/airflow/.local/lib/python3.8/site-packages/airflow/example_dags/tutorial_dag.py took 0.059 seconds
[2023-12-03T09:59:14.546+0000] {processor.py:157} INFO - Started process (PID=1867) to work on /home/airflow/.local/lib/python3.8/site-packages/airflow/example_dags/tutorial_dag.py
[2023-12-03T09:59:14.548+0000] {processor.py:829} INFO - Processing file /home/airflow/.local/lib/python3.8/site-packages/airflow/example_dags/tutorial_dag.py for tasks to queue
[2023-12-03T09:59:14.550+0000] {logging_mixin.py:154} INFO - [2023-12-03T09:59:14.550+0000] {dagbag.py:536} INFO - Filling up the DagBag from /home/airflow/.local/lib/python3.8/site-packages/airflow/example_dags/tutorial_dag.py
[2023-12-03T09:59:14.555+0000] {processor.py:839} INFO - DAG(s) dict_keys(['tutorial_dag']) retrieved from /home/airflow/.local/lib/python3.8/site-packages/airflow/example_dags/tutorial_dag.py
[2023-12-03T09:59:14.575+0000] {logging_mixin.py:154} INFO - [2023-12-03T09:59:14.574+0000] {dag.py:2941} INFO - Sync 1 DAGs
[2023-12-03T09:59:14.586+0000] {logging_mixin.py:154} INFO - [2023-12-03T09:59:14.586+0000] {dag.py:3722} INFO - Setting next_dagrun for tutorial_dag to None, run_after=None
[2023-12-03T09:59:14.603+0000] {processor.py:179} INFO - Processing /home/airflow/.local/lib/python3.8/site-packages/airflow/example_dags/tutorial_dag.py took 0.060 seconds
[2023-12-03T09:59:45.459+0000] {processor.py:157} INFO - Started process (PID=1926) to work on /home/airflow/.local/lib/python3.8/site-packages/airflow/example_dags/tutorial_dag.py
[2023-12-03T09:59:45.460+0000] {processor.py:829} INFO - Processing file /home/airflow/.local/lib/python3.8/site-packages/airflow/example_dags/tutorial_dag.py for tasks to queue
[2023-12-03T09:59:45.462+0000] {logging_mixin.py:154} INFO - [2023-12-03T09:59:45.462+0000] {dagbag.py:536} INFO - Filling up the DagBag from /home/airflow/.local/lib/python3.8/site-packages/airflow/example_dags/tutorial_dag.py
[2023-12-03T09:59:45.468+0000] {processor.py:839} INFO - DAG(s) dict_keys(['tutorial_dag']) retrieved from /home/airflow/.local/lib/python3.8/site-packages/airflow/example_dags/tutorial_dag.py
[2023-12-03T09:59:45.487+0000] {logging_mixin.py:154} INFO - [2023-12-03T09:59:45.487+0000] {dag.py:2941} INFO - Sync 1 DAGs
[2023-12-03T09:59:45.498+0000] {logging_mixin.py:154} INFO - [2023-12-03T09:59:45.498+0000] {dag.py:3722} INFO - Setting next_dagrun for tutorial_dag to None, run_after=None
[2023-12-03T09:59:45.514+0000] {processor.py:179} INFO - Processing /home/airflow/.local/lib/python3.8/site-packages/airflow/example_dags/tutorial_dag.py took 0.059 seconds
[2023-12-03T10:00:15.987+0000] {processor.py:157} INFO - Started process (PID=1988) to work on /home/airflow/.local/lib/python3.8/site-packages/airflow/example_dags/tutorial_dag.py
[2023-12-03T10:00:15.987+0000] {processor.py:829} INFO - Processing file /home/airflow/.local/lib/python3.8/site-packages/airflow/example_dags/tutorial_dag.py for tasks to queue
[2023-12-03T10:00:15.990+0000] {logging_mixin.py:154} INFO - [2023-12-03T10:00:15.989+0000] {dagbag.py:536} INFO - Filling up the DagBag from /home/airflow/.local/lib/python3.8/site-packages/airflow/example_dags/tutorial_dag.py
[2023-12-03T10:00:15.996+0000] {processor.py:839} INFO - DAG(s) dict_keys(['tutorial_dag']) retrieved from /home/airflow/.local/lib/python3.8/site-packages/airflow/example_dags/tutorial_dag.py
[2023-12-03T10:00:16.014+0000] {logging_mixin.py:154} INFO - [2023-12-03T10:00:16.014+0000] {dag.py:2941} INFO - Sync 1 DAGs
[2023-12-03T10:00:16.024+0000] {logging_mixin.py:154} INFO - [2023-12-03T10:00:16.024+0000] {dag.py:3722} INFO - Setting next_dagrun for tutorial_dag to None, run_after=None
[2023-12-03T10:00:16.039+0000] {processor.py:179} INFO - Processing /home/airflow/.local/lib/python3.8/site-packages/airflow/example_dags/tutorial_dag.py took 0.056 seconds
[2023-12-03T10:00:46.554+0000] {processor.py:157} INFO - Started process (PID=2046) to work on /home/airflow/.local/lib/python3.8/site-packages/airflow/example_dags/tutorial_dag.py
[2023-12-03T10:00:46.555+0000] {processor.py:829} INFO - Processing file /home/airflow/.local/lib/python3.8/site-packages/airflow/example_dags/tutorial_dag.py for tasks to queue
[2023-12-03T10:00:46.558+0000] {logging_mixin.py:154} INFO - [2023-12-03T10:00:46.558+0000] {dagbag.py:536} INFO - Filling up the DagBag from /home/airflow/.local/lib/python3.8/site-packages/airflow/example_dags/tutorial_dag.py
[2023-12-03T10:00:46.564+0000] {processor.py:839} INFO - DAG(s) dict_keys(['tutorial_dag']) retrieved from /home/airflow/.local/lib/python3.8/site-packages/airflow/example_dags/tutorial_dag.py
[2023-12-03T10:00:46.581+0000] {logging_mixin.py:154} INFO - [2023-12-03T10:00:46.581+0000] {dag.py:2941} INFO - Sync 1 DAGs
[2023-12-03T10:00:46.592+0000] {logging_mixin.py:154} INFO - [2023-12-03T10:00:46.592+0000] {dag.py:3722} INFO - Setting next_dagrun for tutorial_dag to None, run_after=None
[2023-12-03T10:00:46.608+0000] {processor.py:179} INFO - Processing /home/airflow/.local/lib/python3.8/site-packages/airflow/example_dags/tutorial_dag.py took 0.057 seconds
[2023-12-03T10:01:16.686+0000] {processor.py:157} INFO - Started process (PID=2104) to work on /home/airflow/.local/lib/python3.8/site-packages/airflow/example_dags/tutorial_dag.py
[2023-12-03T10:01:16.688+0000] {processor.py:829} INFO - Processing file /home/airflow/.local/lib/python3.8/site-packages/airflow/example_dags/tutorial_dag.py for tasks to queue
[2023-12-03T10:01:16.691+0000] {logging_mixin.py:154} INFO - [2023-12-03T10:01:16.690+0000] {dagbag.py:536} INFO - Filling up the DagBag from /home/airflow/.local/lib/python3.8/site-packages/airflow/example_dags/tutorial_dag.py
[2023-12-03T10:01:16.696+0000] {processor.py:839} INFO - DAG(s) dict_keys(['tutorial_dag']) retrieved from /home/airflow/.local/lib/python3.8/site-packages/airflow/example_dags/tutorial_dag.py
[2023-12-03T10:01:16.715+0000] {logging_mixin.py:154} INFO - [2023-12-03T10:01:16.715+0000] {dag.py:2941} INFO - Sync 1 DAGs
[2023-12-03T10:01:16.727+0000] {logging_mixin.py:154} INFO - [2023-12-03T10:01:16.727+0000] {dag.py:3722} INFO - Setting next_dagrun for tutorial_dag to None, run_after=None
[2023-12-03T10:01:16.745+0000] {processor.py:179} INFO - Processing /home/airflow/.local/lib/python3.8/site-packages/airflow/example_dags/tutorial_dag.py took 0.063 seconds
[2023-12-03T10:01:47.619+0000] {processor.py:157} INFO - Started process (PID=2161) to work on /home/airflow/.local/lib/python3.8/site-packages/airflow/example_dags/tutorial_dag.py
[2023-12-03T10:01:47.620+0000] {processor.py:829} INFO - Processing file /home/airflow/.local/lib/python3.8/site-packages/airflow/example_dags/tutorial_dag.py for tasks to queue
[2023-12-03T10:01:47.623+0000] {logging_mixin.py:154} INFO - [2023-12-03T10:01:47.623+0000] {dagbag.py:536} INFO - Filling up the DagBag from /home/airflow/.local/lib/python3.8/site-packages/airflow/example_dags/tutorial_dag.py
[2023-12-03T10:01:47.629+0000] {processor.py:839} INFO - DAG(s) dict_keys(['tutorial_dag']) retrieved from /home/airflow/.local/lib/python3.8/site-packages/airflow/example_dags/tutorial_dag.py
[2023-12-03T10:01:47.652+0000] {logging_mixin.py:154} INFO - [2023-12-03T10:01:47.652+0000] {dag.py:2941} INFO - Sync 1 DAGs
[2023-12-03T10:01:47.665+0000] {logging_mixin.py:154} INFO - [2023-12-03T10:01:47.664+0000] {dag.py:3722} INFO - Setting next_dagrun for tutorial_dag to None, run_after=None
[2023-12-03T10:01:47.681+0000] {processor.py:179} INFO - Processing /home/airflow/.local/lib/python3.8/site-packages/airflow/example_dags/tutorial_dag.py took 0.066 seconds
[2023-12-03T10:02:17.780+0000] {processor.py:157} INFO - Started process (PID=2220) to work on /home/airflow/.local/lib/python3.8/site-packages/airflow/example_dags/tutorial_dag.py
[2023-12-03T10:02:17.781+0000] {processor.py:829} INFO - Processing file /home/airflow/.local/lib/python3.8/site-packages/airflow/example_dags/tutorial_dag.py for tasks to queue
[2023-12-03T10:02:17.784+0000] {logging_mixin.py:154} INFO - [2023-12-03T10:02:17.783+0000] {dagbag.py:536} INFO - Filling up the DagBag from /home/airflow/.local/lib/python3.8/site-packages/airflow/example_dags/tutorial_dag.py
[2023-12-03T10:02:17.790+0000] {processor.py:839} INFO - DAG(s) dict_keys(['tutorial_dag']) retrieved from /home/airflow/.local/lib/python3.8/site-packages/airflow/example_dags/tutorial_dag.py
[2023-12-03T10:02:17.810+0000] {logging_mixin.py:154} INFO - [2023-12-03T10:02:17.810+0000] {dag.py:2941} INFO - Sync 1 DAGs
[2023-12-03T10:02:17.821+0000] {logging_mixin.py:154} INFO - [2023-12-03T10:02:17.821+0000] {dag.py:3722} INFO - Setting next_dagrun for tutorial_dag to None, run_after=None
[2023-12-03T10:02:17.837+0000] {processor.py:179} INFO - Processing /home/airflow/.local/lib/python3.8/site-packages/airflow/example_dags/tutorial_dag.py took 0.061 seconds
[2023-12-03T10:02:47.898+0000] {processor.py:157} INFO - Started process (PID=2278) to work on /home/airflow/.local/lib/python3.8/site-packages/airflow/example_dags/tutorial_dag.py
[2023-12-03T10:02:47.899+0000] {processor.py:829} INFO - Processing file /home/airflow/.local/lib/python3.8/site-packages/airflow/example_dags/tutorial_dag.py for tasks to queue
[2023-12-03T10:02:47.902+0000] {logging_mixin.py:154} INFO - [2023-12-03T10:02:47.902+0000] {dagbag.py:536} INFO - Filling up the DagBag from /home/airflow/.local/lib/python3.8/site-packages/airflow/example_dags/tutorial_dag.py
[2023-12-03T10:02:47.907+0000] {processor.py:839} INFO - DAG(s) dict_keys(['tutorial_dag']) retrieved from /home/airflow/.local/lib/python3.8/site-packages/airflow/example_dags/tutorial_dag.py
[2023-12-03T10:02:47.926+0000] {logging_mixin.py:154} INFO - [2023-12-03T10:02:47.926+0000] {dag.py:2941} INFO - Sync 1 DAGs
[2023-12-03T10:02:47.937+0000] {logging_mixin.py:154} INFO - [2023-12-03T10:02:47.937+0000] {dag.py:3722} INFO - Setting next_dagrun for tutorial_dag to None, run_after=None
[2023-12-03T10:02:47.954+0000] {processor.py:179} INFO - Processing /home/airflow/.local/lib/python3.8/site-packages/airflow/example_dags/tutorial_dag.py took 0.059 seconds
[2023-12-03T10:03:18.179+0000] {processor.py:157} INFO - Started process (PID=2336) to work on /home/airflow/.local/lib/python3.8/site-packages/airflow/example_dags/tutorial_dag.py
[2023-12-03T10:03:18.180+0000] {processor.py:829} INFO - Processing file /home/airflow/.local/lib/python3.8/site-packages/airflow/example_dags/tutorial_dag.py for tasks to queue
[2023-12-03T10:03:18.182+0000] {logging_mixin.py:154} INFO - [2023-12-03T10:03:18.182+0000] {dagbag.py:536} INFO - Filling up the DagBag from /home/airflow/.local/lib/python3.8/site-packages/airflow/example_dags/tutorial_dag.py
[2023-12-03T10:03:18.188+0000] {processor.py:839} INFO - DAG(s) dict_keys(['tutorial_dag']) retrieved from /home/airflow/.local/lib/python3.8/site-packages/airflow/example_dags/tutorial_dag.py
[2023-12-03T10:03:18.207+0000] {logging_mixin.py:154} INFO - [2023-12-03T10:03:18.206+0000] {dag.py:2941} INFO - Sync 1 DAGs
[2023-12-03T10:03:18.217+0000] {logging_mixin.py:154} INFO - [2023-12-03T10:03:18.217+0000] {dag.py:3722} INFO - Setting next_dagrun for tutorial_dag to None, run_after=None
[2023-12-03T10:03:18.234+0000] {processor.py:179} INFO - Processing /home/airflow/.local/lib/python3.8/site-packages/airflow/example_dags/tutorial_dag.py took 0.059 seconds
[2023-12-03T10:03:48.457+0000] {processor.py:157} INFO - Started process (PID=2394) to work on /home/airflow/.local/lib/python3.8/site-packages/airflow/example_dags/tutorial_dag.py
[2023-12-03T10:03:48.458+0000] {processor.py:829} INFO - Processing file /home/airflow/.local/lib/python3.8/site-packages/airflow/example_dags/tutorial_dag.py for tasks to queue
[2023-12-03T10:03:48.460+0000] {logging_mixin.py:154} INFO - [2023-12-03T10:03:48.460+0000] {dagbag.py:536} INFO - Filling up the DagBag from /home/airflow/.local/lib/python3.8/site-packages/airflow/example_dags/tutorial_dag.py
[2023-12-03T10:03:48.468+0000] {processor.py:839} INFO - DAG(s) dict_keys(['tutorial_dag']) retrieved from /home/airflow/.local/lib/python3.8/site-packages/airflow/example_dags/tutorial_dag.py
[2023-12-03T10:03:48.493+0000] {logging_mixin.py:154} INFO - [2023-12-03T10:03:48.493+0000] {dag.py:2941} INFO - Sync 1 DAGs
[2023-12-03T10:03:48.509+0000] {logging_mixin.py:154} INFO - [2023-12-03T10:03:48.509+0000] {dag.py:3722} INFO - Setting next_dagrun for tutorial_dag to None, run_after=None
[2023-12-03T10:03:48.531+0000] {processor.py:179} INFO - Processing /home/airflow/.local/lib/python3.8/site-packages/airflow/example_dags/tutorial_dag.py took 0.079 seconds
[2023-12-03T10:04:19.213+0000] {processor.py:157} INFO - Started process (PID=2452) to work on /home/airflow/.local/lib/python3.8/site-packages/airflow/example_dags/tutorial_dag.py
[2023-12-03T10:04:19.214+0000] {processor.py:829} INFO - Processing file /home/airflow/.local/lib/python3.8/site-packages/airflow/example_dags/tutorial_dag.py for tasks to queue
[2023-12-03T10:04:19.216+0000] {logging_mixin.py:154} INFO - [2023-12-03T10:04:19.216+0000] {dagbag.py:536} INFO - Filling up the DagBag from /home/airflow/.local/lib/python3.8/site-packages/airflow/example_dags/tutorial_dag.py
[2023-12-03T10:04:19.222+0000] {processor.py:839} INFO - DAG(s) dict_keys(['tutorial_dag']) retrieved from /home/airflow/.local/lib/python3.8/site-packages/airflow/example_dags/tutorial_dag.py
[2023-12-03T10:04:19.241+0000] {logging_mixin.py:154} INFO - [2023-12-03T10:04:19.241+0000] {dag.py:2941} INFO - Sync 1 DAGs
[2023-12-03T10:04:19.252+0000] {logging_mixin.py:154} INFO - [2023-12-03T10:04:19.252+0000] {dag.py:3722} INFO - Setting next_dagrun for tutorial_dag to None, run_after=None
[2023-12-03T10:04:19.268+0000] {processor.py:179} INFO - Processing /home/airflow/.local/lib/python3.8/site-packages/airflow/example_dags/tutorial_dag.py took 0.059 seconds
[2023-12-03T10:04:49.893+0000] {processor.py:157} INFO - Started process (PID=2510) to work on /home/airflow/.local/lib/python3.8/site-packages/airflow/example_dags/tutorial_dag.py
[2023-12-03T10:04:49.894+0000] {processor.py:829} INFO - Processing file /home/airflow/.local/lib/python3.8/site-packages/airflow/example_dags/tutorial_dag.py for tasks to queue
[2023-12-03T10:04:49.897+0000] {logging_mixin.py:154} INFO - [2023-12-03T10:04:49.897+0000] {dagbag.py:536} INFO - Filling up the DagBag from /home/airflow/.local/lib/python3.8/site-packages/airflow/example_dags/tutorial_dag.py
[2023-12-03T10:04:49.903+0000] {processor.py:839} INFO - DAG(s) dict_keys(['tutorial_dag']) retrieved from /home/airflow/.local/lib/python3.8/site-packages/airflow/example_dags/tutorial_dag.py
[2023-12-03T10:04:49.921+0000] {logging_mixin.py:154} INFO - [2023-12-03T10:04:49.921+0000] {dag.py:2941} INFO - Sync 1 DAGs
[2023-12-03T10:04:49.932+0000] {logging_mixin.py:154} INFO - [2023-12-03T10:04:49.932+0000] {dag.py:3722} INFO - Setting next_dagrun for tutorial_dag to None, run_after=None
[2023-12-03T10:04:49.948+0000] {processor.py:179} INFO - Processing /home/airflow/.local/lib/python3.8/site-packages/airflow/example_dags/tutorial_dag.py took 0.059 seconds
[2023-12-03T10:05:20.103+0000] {processor.py:157} INFO - Started process (PID=2568) to work on /home/airflow/.local/lib/python3.8/site-packages/airflow/example_dags/tutorial_dag.py
[2023-12-03T10:05:20.104+0000] {processor.py:829} INFO - Processing file /home/airflow/.local/lib/python3.8/site-packages/airflow/example_dags/tutorial_dag.py for tasks to queue
[2023-12-03T10:05:20.107+0000] {logging_mixin.py:154} INFO - [2023-12-03T10:05:20.107+0000] {dagbag.py:536} INFO - Filling up the DagBag from /home/airflow/.local/lib/python3.8/site-packages/airflow/example_dags/tutorial_dag.py
[2023-12-03T10:05:20.113+0000] {processor.py:839} INFO - DAG(s) dict_keys(['tutorial_dag']) retrieved from /home/airflow/.local/lib/python3.8/site-packages/airflow/example_dags/tutorial_dag.py
[2023-12-03T10:05:20.132+0000] {logging_mixin.py:154} INFO - [2023-12-03T10:05:20.132+0000] {dag.py:2941} INFO - Sync 1 DAGs
[2023-12-03T10:05:20.147+0000] {logging_mixin.py:154} INFO - [2023-12-03T10:05:20.147+0000] {dag.py:3722} INFO - Setting next_dagrun for tutorial_dag to None, run_after=None
[2023-12-03T10:05:20.166+0000] {processor.py:179} INFO - Processing /home/airflow/.local/lib/python3.8/site-packages/airflow/example_dags/tutorial_dag.py took 0.068 seconds
[2023-12-03T10:05:50.209+0000] {processor.py:157} INFO - Started process (PID=2625) to work on /home/airflow/.local/lib/python3.8/site-packages/airflow/example_dags/tutorial_dag.py
[2023-12-03T10:05:50.210+0000] {processor.py:829} INFO - Processing file /home/airflow/.local/lib/python3.8/site-packages/airflow/example_dags/tutorial_dag.py for tasks to queue
[2023-12-03T10:05:50.213+0000] {logging_mixin.py:154} INFO - [2023-12-03T10:05:50.213+0000] {dagbag.py:536} INFO - Filling up the DagBag from /home/airflow/.local/lib/python3.8/site-packages/airflow/example_dags/tutorial_dag.py
[2023-12-03T10:05:50.218+0000] {processor.py:839} INFO - DAG(s) dict_keys(['tutorial_dag']) retrieved from /home/airflow/.local/lib/python3.8/site-packages/airflow/example_dags/tutorial_dag.py
[2023-12-03T10:05:50.237+0000] {logging_mixin.py:154} INFO - [2023-12-03T10:05:50.237+0000] {dag.py:2941} INFO - Sync 1 DAGs
[2023-12-03T10:05:50.249+0000] {logging_mixin.py:154} INFO - [2023-12-03T10:05:50.248+0000] {dag.py:3722} INFO - Setting next_dagrun for tutorial_dag to None, run_after=None
[2023-12-03T10:05:50.264+0000] {processor.py:179} INFO - Processing /home/airflow/.local/lib/python3.8/site-packages/airflow/example_dags/tutorial_dag.py took 0.058 seconds
[2023-12-03T10:06:20.397+0000] {processor.py:157} INFO - Started process (PID=2683) to work on /home/airflow/.local/lib/python3.8/site-packages/airflow/example_dags/tutorial_dag.py
[2023-12-03T10:06:20.398+0000] {processor.py:829} INFO - Processing file /home/airflow/.local/lib/python3.8/site-packages/airflow/example_dags/tutorial_dag.py for tasks to queue
[2023-12-03T10:06:20.401+0000] {logging_mixin.py:154} INFO - [2023-12-03T10:06:20.400+0000] {dagbag.py:536} INFO - Filling up the DagBag from /home/airflow/.local/lib/python3.8/site-packages/airflow/example_dags/tutorial_dag.py
[2023-12-03T10:06:20.405+0000] {processor.py:839} INFO - DAG(s) dict_keys(['tutorial_dag']) retrieved from /home/airflow/.local/lib/python3.8/site-packages/airflow/example_dags/tutorial_dag.py
[2023-12-03T10:06:20.424+0000] {logging_mixin.py:154} INFO - [2023-12-03T10:06:20.424+0000] {dag.py:2941} INFO - Sync 1 DAGs
[2023-12-03T10:06:20.436+0000] {logging_mixin.py:154} INFO - [2023-12-03T10:06:20.436+0000] {dag.py:3722} INFO - Setting next_dagrun for tutorial_dag to None, run_after=None
[2023-12-03T10:06:20.456+0000] {processor.py:179} INFO - Processing /home/airflow/.local/lib/python3.8/site-packages/airflow/example_dags/tutorial_dag.py took 0.062 seconds
[2023-12-03T10:06:50.838+0000] {processor.py:157} INFO - Started process (PID=2741) to work on /home/airflow/.local/lib/python3.8/site-packages/airflow/example_dags/tutorial_dag.py
[2023-12-03T10:06:50.839+0000] {processor.py:829} INFO - Processing file /home/airflow/.local/lib/python3.8/site-packages/airflow/example_dags/tutorial_dag.py for tasks to queue
[2023-12-03T10:06:50.841+0000] {logging_mixin.py:154} INFO - [2023-12-03T10:06:50.841+0000] {dagbag.py:536} INFO - Filling up the DagBag from /home/airflow/.local/lib/python3.8/site-packages/airflow/example_dags/tutorial_dag.py
[2023-12-03T10:06:50.846+0000] {processor.py:839} INFO - DAG(s) dict_keys(['tutorial_dag']) retrieved from /home/airflow/.local/lib/python3.8/site-packages/airflow/example_dags/tutorial_dag.py
[2023-12-03T10:06:50.863+0000] {logging_mixin.py:154} INFO - [2023-12-03T10:06:50.863+0000] {dag.py:2941} INFO - Sync 1 DAGs
[2023-12-03T10:06:50.876+0000] {logging_mixin.py:154} INFO - [2023-12-03T10:06:50.875+0000] {dag.py:3722} INFO - Setting next_dagrun for tutorial_dag to None, run_after=None
[2023-12-03T10:06:50.894+0000] {processor.py:179} INFO - Processing /home/airflow/.local/lib/python3.8/site-packages/airflow/example_dags/tutorial_dag.py took 0.059 seconds
[2023-12-03T10:07:20.952+0000] {processor.py:157} INFO - Started process (PID=2799) to work on /home/airflow/.local/lib/python3.8/site-packages/airflow/example_dags/tutorial_dag.py
[2023-12-03T10:07:20.953+0000] {processor.py:829} INFO - Processing file /home/airflow/.local/lib/python3.8/site-packages/airflow/example_dags/tutorial_dag.py for tasks to queue
[2023-12-03T10:07:20.955+0000] {logging_mixin.py:154} INFO - [2023-12-03T10:07:20.955+0000] {dagbag.py:536} INFO - Filling up the DagBag from /home/airflow/.local/lib/python3.8/site-packages/airflow/example_dags/tutorial_dag.py
[2023-12-03T10:07:20.960+0000] {processor.py:839} INFO - DAG(s) dict_keys(['tutorial_dag']) retrieved from /home/airflow/.local/lib/python3.8/site-packages/airflow/example_dags/tutorial_dag.py
[2023-12-03T10:07:20.978+0000] {logging_mixin.py:154} INFO - [2023-12-03T10:07:20.978+0000] {dag.py:2941} INFO - Sync 1 DAGs
[2023-12-03T10:07:20.988+0000] {logging_mixin.py:154} INFO - [2023-12-03T10:07:20.988+0000] {dag.py:3722} INFO - Setting next_dagrun for tutorial_dag to None, run_after=None
[2023-12-03T10:07:21.006+0000] {processor.py:179} INFO - Processing /home/airflow/.local/lib/python3.8/site-packages/airflow/example_dags/tutorial_dag.py took 0.057 seconds
[2023-12-03T10:07:51.510+0000] {processor.py:157} INFO - Started process (PID=2857) to work on /home/airflow/.local/lib/python3.8/site-packages/airflow/example_dags/tutorial_dag.py
[2023-12-03T10:07:51.511+0000] {processor.py:829} INFO - Processing file /home/airflow/.local/lib/python3.8/site-packages/airflow/example_dags/tutorial_dag.py for tasks to queue
[2023-12-03T10:07:51.513+0000] {logging_mixin.py:154} INFO - [2023-12-03T10:07:51.513+0000] {dagbag.py:536} INFO - Filling up the DagBag from /home/airflow/.local/lib/python3.8/site-packages/airflow/example_dags/tutorial_dag.py
[2023-12-03T10:07:51.519+0000] {processor.py:839} INFO - DAG(s) dict_keys(['tutorial_dag']) retrieved from /home/airflow/.local/lib/python3.8/site-packages/airflow/example_dags/tutorial_dag.py
[2023-12-03T10:07:51.543+0000] {logging_mixin.py:154} INFO - [2023-12-03T10:07:51.542+0000] {dag.py:2941} INFO - Sync 1 DAGs
[2023-12-03T10:07:51.554+0000] {logging_mixin.py:154} INFO - [2023-12-03T10:07:51.554+0000] {dag.py:3722} INFO - Setting next_dagrun for tutorial_dag to None, run_after=None
[2023-12-03T10:07:51.567+0000] {processor.py:179} INFO - Processing /home/airflow/.local/lib/python3.8/site-packages/airflow/example_dags/tutorial_dag.py took 0.061 seconds
[2023-12-03T11:28:20.155+0000] {processor.py:157} INFO - Started process (PID=2913) to work on /home/airflow/.local/lib/python3.8/site-packages/airflow/example_dags/tutorial_dag.py
[2023-12-03T11:28:20.156+0000] {processor.py:829} INFO - Processing file /home/airflow/.local/lib/python3.8/site-packages/airflow/example_dags/tutorial_dag.py for tasks to queue
[2023-12-03T11:28:20.158+0000] {logging_mixin.py:154} INFO - [2023-12-03T11:28:20.158+0000] {dagbag.py:536} INFO - Filling up the DagBag from /home/airflow/.local/lib/python3.8/site-packages/airflow/example_dags/tutorial_dag.py
[2023-12-03T11:28:20.162+0000] {processor.py:839} INFO - DAG(s) dict_keys(['tutorial_dag']) retrieved from /home/airflow/.local/lib/python3.8/site-packages/airflow/example_dags/tutorial_dag.py
[2023-12-03T11:28:20.179+0000] {logging_mixin.py:154} INFO - [2023-12-03T11:28:20.178+0000] {dag.py:2941} INFO - Sync 1 DAGs
[2023-12-03T11:28:20.188+0000] {logging_mixin.py:154} INFO - [2023-12-03T11:28:20.188+0000] {dag.py:3722} INFO - Setting next_dagrun for tutorial_dag to None, run_after=None
[2023-12-03T11:28:20.202+0000] {processor.py:179} INFO - Processing /home/airflow/.local/lib/python3.8/site-packages/airflow/example_dags/tutorial_dag.py took 0.050 seconds
[2023-12-03T12:09:29.721+0000] {processor.py:157} INFO - Started process (PID=2970) to work on /home/airflow/.local/lib/python3.8/site-packages/airflow/example_dags/tutorial_dag.py
[2023-12-03T12:09:29.723+0000] {processor.py:829} INFO - Processing file /home/airflow/.local/lib/python3.8/site-packages/airflow/example_dags/tutorial_dag.py for tasks to queue
[2023-12-03T12:09:29.725+0000] {logging_mixin.py:154} INFO - [2023-12-03T12:09:29.725+0000] {dagbag.py:536} INFO - Filling up the DagBag from /home/airflow/.local/lib/python3.8/site-packages/airflow/example_dags/tutorial_dag.py
[2023-12-03T12:09:29.730+0000] {processor.py:839} INFO - DAG(s) dict_keys(['tutorial_dag']) retrieved from /home/airflow/.local/lib/python3.8/site-packages/airflow/example_dags/tutorial_dag.py
[2023-12-03T12:09:29.745+0000] {logging_mixin.py:154} INFO - [2023-12-03T12:09:29.745+0000] {dag.py:2941} INFO - Sync 1 DAGs
[2023-12-03T12:09:29.753+0000] {logging_mixin.py:154} INFO - [2023-12-03T12:09:29.753+0000] {dag.py:3722} INFO - Setting next_dagrun for tutorial_dag to None, run_after=None
[2023-12-03T12:09:29.764+0000] {processor.py:179} INFO - Processing /home/airflow/.local/lib/python3.8/site-packages/airflow/example_dags/tutorial_dag.py took 0.047 seconds
[2023-12-03T12:27:31.952+0000] {processor.py:157} INFO - Started process (PID=3028) to work on /home/airflow/.local/lib/python3.8/site-packages/airflow/example_dags/tutorial_dag.py
[2023-12-03T12:27:31.956+0000] {processor.py:829} INFO - Processing file /home/airflow/.local/lib/python3.8/site-packages/airflow/example_dags/tutorial_dag.py for tasks to queue
[2023-12-03T12:27:31.960+0000] {logging_mixin.py:154} INFO - [2023-12-03T12:27:31.960+0000] {dagbag.py:536} INFO - Filling up the DagBag from /home/airflow/.local/lib/python3.8/site-packages/airflow/example_dags/tutorial_dag.py
[2023-12-03T12:27:31.970+0000] {processor.py:839} INFO - DAG(s) dict_keys(['tutorial_dag']) retrieved from /home/airflow/.local/lib/python3.8/site-packages/airflow/example_dags/tutorial_dag.py
[2023-12-03T12:27:31.987+0000] {logging_mixin.py:154} INFO - [2023-12-03T12:27:31.987+0000] {dag.py:2941} INFO - Sync 1 DAGs
[2023-12-03T12:27:31.995+0000] {logging_mixin.py:154} INFO - [2023-12-03T12:27:31.995+0000] {dag.py:3722} INFO - Setting next_dagrun for tutorial_dag to None, run_after=None
[2023-12-03T12:27:32.008+0000] {processor.py:179} INFO - Processing /home/airflow/.local/lib/python3.8/site-packages/airflow/example_dags/tutorial_dag.py took 0.059 seconds
[2023-12-03T12:44:55.191+0000] {processor.py:157} INFO - Started process (PID=3086) to work on /home/airflow/.local/lib/python3.8/site-packages/airflow/example_dags/tutorial_dag.py
[2023-12-03T12:44:55.192+0000] {processor.py:829} INFO - Processing file /home/airflow/.local/lib/python3.8/site-packages/airflow/example_dags/tutorial_dag.py for tasks to queue
[2023-12-03T12:44:55.195+0000] {logging_mixin.py:154} INFO - [2023-12-03T12:44:55.195+0000] {dagbag.py:536} INFO - Filling up the DagBag from /home/airflow/.local/lib/python3.8/site-packages/airflow/example_dags/tutorial_dag.py
[2023-12-03T12:44:55.199+0000] {processor.py:839} INFO - DAG(s) dict_keys(['tutorial_dag']) retrieved from /home/airflow/.local/lib/python3.8/site-packages/airflow/example_dags/tutorial_dag.py
[2023-12-03T12:44:55.216+0000] {logging_mixin.py:154} INFO - [2023-12-03T12:44:55.216+0000] {dag.py:2941} INFO - Sync 1 DAGs
[2023-12-03T12:44:55.224+0000] {logging_mixin.py:154} INFO - [2023-12-03T12:44:55.224+0000] {dag.py:3722} INFO - Setting next_dagrun for tutorial_dag to None, run_after=None
[2023-12-03T12:44:55.236+0000] {processor.py:179} INFO - Processing /home/airflow/.local/lib/python3.8/site-packages/airflow/example_dags/tutorial_dag.py took 0.048 seconds
[2023-12-03T13:35:10.766+0000] {processor.py:157} INFO - Started process (PID=3144) to work on /home/airflow/.local/lib/python3.8/site-packages/airflow/example_dags/tutorial_dag.py
[2023-12-03T13:35:10.768+0000] {processor.py:829} INFO - Processing file /home/airflow/.local/lib/python3.8/site-packages/airflow/example_dags/tutorial_dag.py for tasks to queue
[2023-12-03T13:35:10.770+0000] {logging_mixin.py:154} INFO - [2023-12-03T13:35:10.770+0000] {dagbag.py:536} INFO - Filling up the DagBag from /home/airflow/.local/lib/python3.8/site-packages/airflow/example_dags/tutorial_dag.py
[2023-12-03T13:35:10.775+0000] {processor.py:839} INFO - DAG(s) dict_keys(['tutorial_dag']) retrieved from /home/airflow/.local/lib/python3.8/site-packages/airflow/example_dags/tutorial_dag.py
[2023-12-03T13:35:10.793+0000] {logging_mixin.py:154} INFO - [2023-12-03T13:35:10.793+0000] {dag.py:2941} INFO - Sync 1 DAGs
[2023-12-03T13:35:10.802+0000] {logging_mixin.py:154} INFO - [2023-12-03T13:35:10.802+0000] {dag.py:3722} INFO - Setting next_dagrun for tutorial_dag to None, run_after=None
[2023-12-03T13:35:10.818+0000] {processor.py:179} INFO - Processing /home/airflow/.local/lib/python3.8/site-packages/airflow/example_dags/tutorial_dag.py took 0.055 seconds
[2023-12-03T14:27:24.455+0000] {processor.py:157} INFO - Started process (PID=3202) to work on /home/airflow/.local/lib/python3.8/site-packages/airflow/example_dags/tutorial_dag.py
[2023-12-03T14:27:24.456+0000] {processor.py:829} INFO - Processing file /home/airflow/.local/lib/python3.8/site-packages/airflow/example_dags/tutorial_dag.py for tasks to queue
[2023-12-03T14:27:24.458+0000] {logging_mixin.py:154} INFO - [2023-12-03T14:27:24.457+0000] {dagbag.py:536} INFO - Filling up the DagBag from /home/airflow/.local/lib/python3.8/site-packages/airflow/example_dags/tutorial_dag.py
[2023-12-03T14:27:24.462+0000] {processor.py:839} INFO - DAG(s) dict_keys(['tutorial_dag']) retrieved from /home/airflow/.local/lib/python3.8/site-packages/airflow/example_dags/tutorial_dag.py
[2023-12-03T14:27:24.477+0000] {logging_mixin.py:154} INFO - [2023-12-03T14:27:24.477+0000] {dag.py:2941} INFO - Sync 1 DAGs
[2023-12-03T14:27:24.485+0000] {logging_mixin.py:154} INFO - [2023-12-03T14:27:24.485+0000] {dag.py:3722} INFO - Setting next_dagrun for tutorial_dag to None, run_after=None
[2023-12-03T14:27:24.498+0000] {processor.py:179} INFO - Processing /home/airflow/.local/lib/python3.8/site-packages/airflow/example_dags/tutorial_dag.py took 0.046 seconds
[2023-12-03T15:18:33.252+0000] {processor.py:157} INFO - Started process (PID=3260) to work on /home/airflow/.local/lib/python3.8/site-packages/airflow/example_dags/tutorial_dag.py
[2023-12-03T15:18:33.253+0000] {processor.py:829} INFO - Processing file /home/airflow/.local/lib/python3.8/site-packages/airflow/example_dags/tutorial_dag.py for tasks to queue
[2023-12-03T15:18:33.255+0000] {logging_mixin.py:154} INFO - [2023-12-03T15:18:33.255+0000] {dagbag.py:536} INFO - Filling up the DagBag from /home/airflow/.local/lib/python3.8/site-packages/airflow/example_dags/tutorial_dag.py
[2023-12-03T15:18:33.260+0000] {processor.py:839} INFO - DAG(s) dict_keys(['tutorial_dag']) retrieved from /home/airflow/.local/lib/python3.8/site-packages/airflow/example_dags/tutorial_dag.py
[2023-12-03T15:18:33.277+0000] {logging_mixin.py:154} INFO - [2023-12-03T15:18:33.277+0000] {dag.py:2941} INFO - Sync 1 DAGs
[2023-12-03T15:18:33.287+0000] {logging_mixin.py:154} INFO - [2023-12-03T15:18:33.287+0000] {dag.py:3722} INFO - Setting next_dagrun for tutorial_dag to None, run_after=None
[2023-12-03T15:18:33.304+0000] {processor.py:179} INFO - Processing /home/airflow/.local/lib/python3.8/site-packages/airflow/example_dags/tutorial_dag.py took 0.054 seconds
[2023-12-03T16:07:33.371+0000] {processor.py:157} INFO - Started process (PID=3318) to work on /home/airflow/.local/lib/python3.8/site-packages/airflow/example_dags/tutorial_dag.py
[2023-12-03T16:07:33.372+0000] {processor.py:829} INFO - Processing file /home/airflow/.local/lib/python3.8/site-packages/airflow/example_dags/tutorial_dag.py for tasks to queue
[2023-12-03T16:07:33.374+0000] {logging_mixin.py:154} INFO - [2023-12-03T16:07:33.374+0000] {dagbag.py:536} INFO - Filling up the DagBag from /home/airflow/.local/lib/python3.8/site-packages/airflow/example_dags/tutorial_dag.py
[2023-12-03T16:07:33.379+0000] {processor.py:839} INFO - DAG(s) dict_keys(['tutorial_dag']) retrieved from /home/airflow/.local/lib/python3.8/site-packages/airflow/example_dags/tutorial_dag.py
[2023-12-03T16:07:33.395+0000] {logging_mixin.py:154} INFO - [2023-12-03T16:07:33.395+0000] {dag.py:2941} INFO - Sync 1 DAGs
[2023-12-03T16:07:33.403+0000] {logging_mixin.py:154} INFO - [2023-12-03T16:07:33.403+0000] {dag.py:3722} INFO - Setting next_dagrun for tutorial_dag to None, run_after=None
[2023-12-03T16:07:33.416+0000] {processor.py:179} INFO - Processing /home/airflow/.local/lib/python3.8/site-packages/airflow/example_dags/tutorial_dag.py took 0.049 seconds
[2023-12-03T16:58:04.429+0000] {processor.py:157} INFO - Started process (PID=3376) to work on /home/airflow/.local/lib/python3.8/site-packages/airflow/example_dags/tutorial_dag.py
[2023-12-03T16:58:04.430+0000] {processor.py:829} INFO - Processing file /home/airflow/.local/lib/python3.8/site-packages/airflow/example_dags/tutorial_dag.py for tasks to queue
[2023-12-03T16:58:04.433+0000] {logging_mixin.py:154} INFO - [2023-12-03T16:58:04.433+0000] {dagbag.py:536} INFO - Filling up the DagBag from /home/airflow/.local/lib/python3.8/site-packages/airflow/example_dags/tutorial_dag.py
[2023-12-03T16:58:04.439+0000] {processor.py:839} INFO - DAG(s) dict_keys(['tutorial_dag']) retrieved from /home/airflow/.local/lib/python3.8/site-packages/airflow/example_dags/tutorial_dag.py
[2023-12-03T16:58:04.454+0000] {logging_mixin.py:154} INFO - [2023-12-03T16:58:04.454+0000] {dag.py:2941} INFO - Sync 1 DAGs
[2023-12-03T16:58:04.462+0000] {logging_mixin.py:154} INFO - [2023-12-03T16:58:04.462+0000] {dag.py:3722} INFO - Setting next_dagrun for tutorial_dag to None, run_after=None
[2023-12-03T16:58:04.472+0000] {processor.py:179} INFO - Processing /home/airflow/.local/lib/python3.8/site-packages/airflow/example_dags/tutorial_dag.py took 0.047 seconds
[2023-12-03T17:46:22.661+0000] {processor.py:157} INFO - Started process (PID=3434) to work on /home/airflow/.local/lib/python3.8/site-packages/airflow/example_dags/tutorial_dag.py
[2023-12-03T17:46:22.662+0000] {processor.py:829} INFO - Processing file /home/airflow/.local/lib/python3.8/site-packages/airflow/example_dags/tutorial_dag.py for tasks to queue
[2023-12-03T17:46:22.665+0000] {logging_mixin.py:154} INFO - [2023-12-03T17:46:22.665+0000] {dagbag.py:536} INFO - Filling up the DagBag from /home/airflow/.local/lib/python3.8/site-packages/airflow/example_dags/tutorial_dag.py
[2023-12-03T17:46:22.671+0000] {processor.py:839} INFO - DAG(s) dict_keys(['tutorial_dag']) retrieved from /home/airflow/.local/lib/python3.8/site-packages/airflow/example_dags/tutorial_dag.py
[2023-12-03T17:46:22.688+0000] {logging_mixin.py:154} INFO - [2023-12-03T17:46:22.688+0000] {dag.py:2941} INFO - Sync 1 DAGs
[2023-12-03T17:46:22.697+0000] {logging_mixin.py:154} INFO - [2023-12-03T17:46:22.696+0000] {dag.py:3722} INFO - Setting next_dagrun for tutorial_dag to None, run_after=None
[2023-12-03T17:46:22.710+0000] {processor.py:179} INFO - Processing /home/airflow/.local/lib/python3.8/site-packages/airflow/example_dags/tutorial_dag.py took 0.052 seconds
[2023-12-03T18:33:42.194+0000] {processor.py:157} INFO - Started process (PID=3485) to work on /home/airflow/.local/lib/python3.8/site-packages/airflow/example_dags/tutorial_dag.py
[2023-12-03T18:33:42.196+0000] {processor.py:829} INFO - Processing file /home/airflow/.local/lib/python3.8/site-packages/airflow/example_dags/tutorial_dag.py for tasks to queue
[2023-12-03T18:33:42.198+0000] {logging_mixin.py:154} INFO - [2023-12-03T18:33:42.198+0000] {dagbag.py:536} INFO - Filling up the DagBag from /home/airflow/.local/lib/python3.8/site-packages/airflow/example_dags/tutorial_dag.py
[2023-12-03T18:33:42.204+0000] {processor.py:839} INFO - DAG(s) dict_keys(['tutorial_dag']) retrieved from /home/airflow/.local/lib/python3.8/site-packages/airflow/example_dags/tutorial_dag.py
[2023-12-03T18:33:42.222+0000] {logging_mixin.py:154} INFO - [2023-12-03T18:33:42.221+0000] {dag.py:2941} INFO - Sync 1 DAGs
[2023-12-03T18:33:42.243+0000] {logging_mixin.py:154} INFO - [2023-12-03T18:33:42.243+0000] {dag.py:3722} INFO - Setting next_dagrun for tutorial_dag to None, run_after=None
[2023-12-03T18:33:42.277+0000] {processor.py:179} INFO - Processing /home/airflow/.local/lib/python3.8/site-packages/airflow/example_dags/tutorial_dag.py took 0.086 seconds
[2023-12-03T19:06:26.697+0000] {processor.py:157} INFO - Started process (PID=3550) to work on /home/airflow/.local/lib/python3.8/site-packages/airflow/example_dags/tutorial_dag.py
[2023-12-03T19:06:26.698+0000] {processor.py:829} INFO - Processing file /home/airflow/.local/lib/python3.8/site-packages/airflow/example_dags/tutorial_dag.py for tasks to queue
[2023-12-03T19:06:26.701+0000] {logging_mixin.py:154} INFO - [2023-12-03T19:06:26.700+0000] {dagbag.py:536} INFO - Filling up the DagBag from /home/airflow/.local/lib/python3.8/site-packages/airflow/example_dags/tutorial_dag.py
[2023-12-03T19:06:26.705+0000] {processor.py:839} INFO - DAG(s) dict_keys(['tutorial_dag']) retrieved from /home/airflow/.local/lib/python3.8/site-packages/airflow/example_dags/tutorial_dag.py
[2023-12-03T19:06:26.723+0000] {logging_mixin.py:154} INFO - [2023-12-03T19:06:26.723+0000] {dag.py:2941} INFO - Sync 1 DAGs
[2023-12-03T19:06:26.732+0000] {logging_mixin.py:154} INFO - [2023-12-03T19:06:26.732+0000] {dag.py:3722} INFO - Setting next_dagrun for tutorial_dag to None, run_after=None
[2023-12-03T19:06:26.748+0000] {processor.py:179} INFO - Processing /home/airflow/.local/lib/python3.8/site-packages/airflow/example_dags/tutorial_dag.py took 0.054 seconds
[2023-12-03T19:22:01.928+0000] {processor.py:157} INFO - Started process (PID=3607) to work on /home/airflow/.local/lib/python3.8/site-packages/airflow/example_dags/tutorial_dag.py
[2023-12-03T19:22:01.930+0000] {processor.py:829} INFO - Processing file /home/airflow/.local/lib/python3.8/site-packages/airflow/example_dags/tutorial_dag.py for tasks to queue
[2023-12-03T19:22:01.932+0000] {logging_mixin.py:154} INFO - [2023-12-03T19:22:01.932+0000] {dagbag.py:536} INFO - Filling up the DagBag from /home/airflow/.local/lib/python3.8/site-packages/airflow/example_dags/tutorial_dag.py
[2023-12-03T19:22:01.937+0000] {processor.py:839} INFO - DAG(s) dict_keys(['tutorial_dag']) retrieved from /home/airflow/.local/lib/python3.8/site-packages/airflow/example_dags/tutorial_dag.py
[2023-12-03T19:22:01.954+0000] {logging_mixin.py:154} INFO - [2023-12-03T19:22:01.954+0000] {dag.py:2941} INFO - Sync 1 DAGs
[2023-12-03T19:22:01.964+0000] {logging_mixin.py:154} INFO - [2023-12-03T19:22:01.964+0000] {dag.py:3722} INFO - Setting next_dagrun for tutorial_dag to None, run_after=None
[2023-12-03T19:22:01.981+0000] {processor.py:179} INFO - Processing /home/airflow/.local/lib/python3.8/site-packages/airflow/example_dags/tutorial_dag.py took 0.056 seconds
[2023-12-03T20:11:34.082+0000] {processor.py:157} INFO - Started process (PID=3665) to work on /home/airflow/.local/lib/python3.8/site-packages/airflow/example_dags/tutorial_dag.py
[2023-12-03T20:11:34.083+0000] {processor.py:829} INFO - Processing file /home/airflow/.local/lib/python3.8/site-packages/airflow/example_dags/tutorial_dag.py for tasks to queue
[2023-12-03T20:11:34.085+0000] {logging_mixin.py:154} INFO - [2023-12-03T20:11:34.085+0000] {dagbag.py:536} INFO - Filling up the DagBag from /home/airflow/.local/lib/python3.8/site-packages/airflow/example_dags/tutorial_dag.py
[2023-12-03T20:11:34.090+0000] {processor.py:839} INFO - DAG(s) dict_keys(['tutorial_dag']) retrieved from /home/airflow/.local/lib/python3.8/site-packages/airflow/example_dags/tutorial_dag.py
[2023-12-03T20:11:34.108+0000] {logging_mixin.py:154} INFO - [2023-12-03T20:11:34.108+0000] {dag.py:2941} INFO - Sync 1 DAGs
[2023-12-03T20:11:34.117+0000] {logging_mixin.py:154} INFO - [2023-12-03T20:11:34.117+0000] {dag.py:3722} INFO - Setting next_dagrun for tutorial_dag to None, run_after=None
[2023-12-03T20:11:34.132+0000] {processor.py:179} INFO - Processing /home/airflow/.local/lib/python3.8/site-packages/airflow/example_dags/tutorial_dag.py took 0.054 seconds
[2023-12-03T21:36:33.610+0000] {processor.py:157} INFO - Started process (PID=3716) to work on /home/airflow/.local/lib/python3.8/site-packages/airflow/example_dags/tutorial_dag.py
[2023-12-03T21:36:33.611+0000] {processor.py:829} INFO - Processing file /home/airflow/.local/lib/python3.8/site-packages/airflow/example_dags/tutorial_dag.py for tasks to queue
[2023-12-03T21:36:33.614+0000] {logging_mixin.py:154} INFO - [2023-12-03T21:36:33.614+0000] {dagbag.py:536} INFO - Filling up the DagBag from /home/airflow/.local/lib/python3.8/site-packages/airflow/example_dags/tutorial_dag.py
[2023-12-03T21:36:33.620+0000] {processor.py:839} INFO - DAG(s) dict_keys(['tutorial_dag']) retrieved from /home/airflow/.local/lib/python3.8/site-packages/airflow/example_dags/tutorial_dag.py
[2023-12-03T21:36:33.636+0000] {logging_mixin.py:154} INFO - [2023-12-03T21:36:33.636+0000] {dag.py:2941} INFO - Sync 1 DAGs
[2023-12-03T21:36:33.646+0000] {logging_mixin.py:154} INFO - [2023-12-03T21:36:33.646+0000] {dag.py:3722} INFO - Setting next_dagrun for tutorial_dag to None, run_after=None
[2023-12-03T21:36:33.663+0000] {processor.py:179} INFO - Processing /home/airflow/.local/lib/python3.8/site-packages/airflow/example_dags/tutorial_dag.py took 0.058 seconds
[2023-12-03T22:57:31.611+0000] {processor.py:157} INFO - Started process (PID=3774) to work on /home/airflow/.local/lib/python3.8/site-packages/airflow/example_dags/tutorial_dag.py
[2023-12-03T22:57:31.612+0000] {processor.py:829} INFO - Processing file /home/airflow/.local/lib/python3.8/site-packages/airflow/example_dags/tutorial_dag.py for tasks to queue
[2023-12-03T22:57:31.615+0000] {logging_mixin.py:154} INFO - [2023-12-03T22:57:31.614+0000] {dagbag.py:536} INFO - Filling up the DagBag from /home/airflow/.local/lib/python3.8/site-packages/airflow/example_dags/tutorial_dag.py
[2023-12-03T22:57:31.620+0000] {processor.py:839} INFO - DAG(s) dict_keys(['tutorial_dag']) retrieved from /home/airflow/.local/lib/python3.8/site-packages/airflow/example_dags/tutorial_dag.py
[2023-12-03T22:57:31.636+0000] {logging_mixin.py:154} INFO - [2023-12-03T22:57:31.635+0000] {dag.py:2941} INFO - Sync 1 DAGs
[2023-12-03T22:57:31.645+0000] {logging_mixin.py:154} INFO - [2023-12-03T22:57:31.645+0000] {dag.py:3722} INFO - Setting next_dagrun for tutorial_dag to None, run_after=None
[2023-12-03T22:57:31.658+0000] {processor.py:179} INFO - Processing /home/airflow/.local/lib/python3.8/site-packages/airflow/example_dags/tutorial_dag.py took 0.051 seconds
[2023-12-03T23:13:10.515+0000] {processor.py:157} INFO - Started process (PID=3832) to work on /home/airflow/.local/lib/python3.8/site-packages/airflow/example_dags/tutorial_dag.py
[2023-12-03T23:13:10.516+0000] {processor.py:829} INFO - Processing file /home/airflow/.local/lib/python3.8/site-packages/airflow/example_dags/tutorial_dag.py for tasks to queue
[2023-12-03T23:13:10.519+0000] {logging_mixin.py:154} INFO - [2023-12-03T23:13:10.518+0000] {dagbag.py:536} INFO - Filling up the DagBag from /home/airflow/.local/lib/python3.8/site-packages/airflow/example_dags/tutorial_dag.py
[2023-12-03T23:13:10.524+0000] {processor.py:839} INFO - DAG(s) dict_keys(['tutorial_dag']) retrieved from /home/airflow/.local/lib/python3.8/site-packages/airflow/example_dags/tutorial_dag.py
[2023-12-03T23:13:10.542+0000] {logging_mixin.py:154} INFO - [2023-12-03T23:13:10.541+0000] {dag.py:2941} INFO - Sync 1 DAGs
[2023-12-03T23:13:10.551+0000] {logging_mixin.py:154} INFO - [2023-12-03T23:13:10.550+0000] {dag.py:3722} INFO - Setting next_dagrun for tutorial_dag to None, run_after=None
[2023-12-03T23:13:10.563+0000] {processor.py:179} INFO - Processing /home/airflow/.local/lib/python3.8/site-packages/airflow/example_dags/tutorial_dag.py took 0.050 seconds
[2023-12-03T23:22:18.953+0000] {processor.py:157} INFO - Started process (PID=3890) to work on /home/airflow/.local/lib/python3.8/site-packages/airflow/example_dags/tutorial_dag.py
[2023-12-03T23:22:18.955+0000] {processor.py:829} INFO - Processing file /home/airflow/.local/lib/python3.8/site-packages/airflow/example_dags/tutorial_dag.py for tasks to queue
[2023-12-03T23:22:18.959+0000] {logging_mixin.py:154} INFO - [2023-12-03T23:22:18.958+0000] {dagbag.py:536} INFO - Filling up the DagBag from /home/airflow/.local/lib/python3.8/site-packages/airflow/example_dags/tutorial_dag.py
[2023-12-03T23:22:18.965+0000] {processor.py:839} INFO - DAG(s) dict_keys(['tutorial_dag']) retrieved from /home/airflow/.local/lib/python3.8/site-packages/airflow/example_dags/tutorial_dag.py
[2023-12-03T23:22:18.994+0000] {logging_mixin.py:154} INFO - [2023-12-03T23:22:18.993+0000] {dag.py:2941} INFO - Sync 1 DAGs
[2023-12-03T23:22:19.004+0000] {logging_mixin.py:154} INFO - [2023-12-03T23:22:19.004+0000] {dag.py:3722} INFO - Setting next_dagrun for tutorial_dag to None, run_after=None
[2023-12-03T23:22:19.023+0000] {processor.py:179} INFO - Processing /home/airflow/.local/lib/python3.8/site-packages/airflow/example_dags/tutorial_dag.py took 0.075 seconds
