[2023-12-03T09:43:23.050+0000] {processor.py:157} INFO - Started process (PID=49) to work on /home/airflow/.local/lib/python3.8/site-packages/airflow/example_dags/tutorial_taskflow_api_virtualenv.py
[2023-12-03T09:43:23.052+0000] {processor.py:829} INFO - Processing file /home/airflow/.local/lib/python3.8/site-packages/airflow/example_dags/tutorial_taskflow_api_virtualenv.py for tasks to queue
[2023-12-03T09:43:23.056+0000] {logging_mixin.py:154} INFO - [2023-12-03T09:43:23.055+0000] {dagbag.py:536} INFO - Filling up the DagBag from /home/airflow/.local/lib/python3.8/site-packages/airflow/example_dags/tutorial_taskflow_api_virtualenv.py
[2023-12-03T09:43:23.070+0000] {processor.py:839} INFO - DAG(s) dict_keys(['tutorial_taskflow_api_virtualenv']) retrieved from /home/airflow/.local/lib/python3.8/site-packages/airflow/example_dags/tutorial_taskflow_api_virtualenv.py
[2023-12-03T09:43:23.088+0000] {logging_mixin.py:154} INFO - [2023-12-03T09:43:23.088+0000] {dag.py:2941} INFO - Sync 1 DAGs
[2023-12-03T09:43:23.109+0000] {logging_mixin.py:154} INFO - [2023-12-03T09:43:23.108+0000] {dag.py:3722} INFO - Setting next_dagrun for tutorial_taskflow_api_virtualenv to None, run_after=None
[2023-12-03T09:43:23.145+0000] {processor.py:179} INFO - Processing /home/airflow/.local/lib/python3.8/site-packages/airflow/example_dags/tutorial_taskflow_api_virtualenv.py took 0.101 seconds
[2023-12-03T09:43:53.872+0000] {processor.py:157} INFO - Started process (PID=107) to work on /home/airflow/.local/lib/python3.8/site-packages/airflow/example_dags/tutorial_taskflow_api_virtualenv.py
[2023-12-03T09:43:53.873+0000] {processor.py:829} INFO - Processing file /home/airflow/.local/lib/python3.8/site-packages/airflow/example_dags/tutorial_taskflow_api_virtualenv.py for tasks to queue
[2023-12-03T09:43:53.877+0000] {logging_mixin.py:154} INFO - [2023-12-03T09:43:53.876+0000] {dagbag.py:536} INFO - Filling up the DagBag from /home/airflow/.local/lib/python3.8/site-packages/airflow/example_dags/tutorial_taskflow_api_virtualenv.py
[2023-12-03T09:43:53.886+0000] {processor.py:839} INFO - DAG(s) dict_keys(['tutorial_taskflow_api_virtualenv']) retrieved from /home/airflow/.local/lib/python3.8/site-packages/airflow/example_dags/tutorial_taskflow_api_virtualenv.py
[2023-12-03T09:43:53.911+0000] {logging_mixin.py:154} INFO - [2023-12-03T09:43:53.911+0000] {dag.py:2941} INFO - Sync 1 DAGs
[2023-12-03T09:43:53.924+0000] {logging_mixin.py:154} INFO - [2023-12-03T09:43:53.923+0000] {dag.py:3722} INFO - Setting next_dagrun for tutorial_taskflow_api_virtualenv to None, run_after=None
[2023-12-03T09:43:53.942+0000] {processor.py:179} INFO - Processing /home/airflow/.local/lib/python3.8/site-packages/airflow/example_dags/tutorial_taskflow_api_virtualenv.py took 0.075 seconds
[2023-12-03T09:44:24.858+0000] {processor.py:157} INFO - Started process (PID=164) to work on /home/airflow/.local/lib/python3.8/site-packages/airflow/example_dags/tutorial_taskflow_api_virtualenv.py
[2023-12-03T09:44:24.859+0000] {processor.py:829} INFO - Processing file /home/airflow/.local/lib/python3.8/site-packages/airflow/example_dags/tutorial_taskflow_api_virtualenv.py for tasks to queue
[2023-12-03T09:44:24.862+0000] {logging_mixin.py:154} INFO - [2023-12-03T09:44:24.861+0000] {dagbag.py:536} INFO - Filling up the DagBag from /home/airflow/.local/lib/python3.8/site-packages/airflow/example_dags/tutorial_taskflow_api_virtualenv.py
[2023-12-03T09:44:24.869+0000] {processor.py:839} INFO - DAG(s) dict_keys(['tutorial_taskflow_api_virtualenv']) retrieved from /home/airflow/.local/lib/python3.8/site-packages/airflow/example_dags/tutorial_taskflow_api_virtualenv.py
[2023-12-03T09:44:24.890+0000] {logging_mixin.py:154} INFO - [2023-12-03T09:44:24.889+0000] {dag.py:2941} INFO - Sync 1 DAGs
[2023-12-03T09:44:24.902+0000] {logging_mixin.py:154} INFO - [2023-12-03T09:44:24.902+0000] {dag.py:3722} INFO - Setting next_dagrun for tutorial_taskflow_api_virtualenv to None, run_after=None
[2023-12-03T09:44:24.919+0000] {processor.py:179} INFO - Processing /home/airflow/.local/lib/python3.8/site-packages/airflow/example_dags/tutorial_taskflow_api_virtualenv.py took 0.065 seconds
[2023-12-03T09:44:55.959+0000] {processor.py:157} INFO - Started process (PID=222) to work on /home/airflow/.local/lib/python3.8/site-packages/airflow/example_dags/tutorial_taskflow_api_virtualenv.py
[2023-12-03T09:44:55.960+0000] {processor.py:829} INFO - Processing file /home/airflow/.local/lib/python3.8/site-packages/airflow/example_dags/tutorial_taskflow_api_virtualenv.py for tasks to queue
[2023-12-03T09:44:55.962+0000] {logging_mixin.py:154} INFO - [2023-12-03T09:44:55.962+0000] {dagbag.py:536} INFO - Filling up the DagBag from /home/airflow/.local/lib/python3.8/site-packages/airflow/example_dags/tutorial_taskflow_api_virtualenv.py
[2023-12-03T09:44:55.969+0000] {processor.py:839} INFO - DAG(s) dict_keys(['tutorial_taskflow_api_virtualenv']) retrieved from /home/airflow/.local/lib/python3.8/site-packages/airflow/example_dags/tutorial_taskflow_api_virtualenv.py
[2023-12-03T09:44:55.990+0000] {logging_mixin.py:154} INFO - [2023-12-03T09:44:55.990+0000] {dag.py:2941} INFO - Sync 1 DAGs
[2023-12-03T09:44:56.003+0000] {logging_mixin.py:154} INFO - [2023-12-03T09:44:56.003+0000] {dag.py:3722} INFO - Setting next_dagrun for tutorial_taskflow_api_virtualenv to None, run_after=None
[2023-12-03T09:44:56.019+0000] {processor.py:179} INFO - Processing /home/airflow/.local/lib/python3.8/site-packages/airflow/example_dags/tutorial_taskflow_api_virtualenv.py took 0.064 seconds
[2023-12-03T09:45:26.540+0000] {processor.py:157} INFO - Started process (PID=279) to work on /home/airflow/.local/lib/python3.8/site-packages/airflow/example_dags/tutorial_taskflow_api_virtualenv.py
[2023-12-03T09:45:26.541+0000] {processor.py:829} INFO - Processing file /home/airflow/.local/lib/python3.8/site-packages/airflow/example_dags/tutorial_taskflow_api_virtualenv.py for tasks to queue
[2023-12-03T09:45:26.543+0000] {logging_mixin.py:154} INFO - [2023-12-03T09:45:26.543+0000] {dagbag.py:536} INFO - Filling up the DagBag from /home/airflow/.local/lib/python3.8/site-packages/airflow/example_dags/tutorial_taskflow_api_virtualenv.py
[2023-12-03T09:45:26.554+0000] {processor.py:839} INFO - DAG(s) dict_keys(['tutorial_taskflow_api_virtualenv']) retrieved from /home/airflow/.local/lib/python3.8/site-packages/airflow/example_dags/tutorial_taskflow_api_virtualenv.py
[2023-12-03T09:45:26.581+0000] {logging_mixin.py:154} INFO - [2023-12-03T09:45:26.580+0000] {dag.py:2941} INFO - Sync 1 DAGs
[2023-12-03T09:45:26.594+0000] {logging_mixin.py:154} INFO - [2023-12-03T09:45:26.594+0000] {dag.py:3722} INFO - Setting next_dagrun for tutorial_taskflow_api_virtualenv to None, run_after=None
[2023-12-03T09:45:26.610+0000] {processor.py:179} INFO - Processing /home/airflow/.local/lib/python3.8/site-packages/airflow/example_dags/tutorial_taskflow_api_virtualenv.py took 0.075 seconds
[2023-12-03T09:45:57.063+0000] {processor.py:157} INFO - Started process (PID=339) to work on /home/airflow/.local/lib/python3.8/site-packages/airflow/example_dags/tutorial_taskflow_api_virtualenv.py
[2023-12-03T09:45:57.064+0000] {processor.py:829} INFO - Processing file /home/airflow/.local/lib/python3.8/site-packages/airflow/example_dags/tutorial_taskflow_api_virtualenv.py for tasks to queue
[2023-12-03T09:45:57.066+0000] {logging_mixin.py:154} INFO - [2023-12-03T09:45:57.066+0000] {dagbag.py:536} INFO - Filling up the DagBag from /home/airflow/.local/lib/python3.8/site-packages/airflow/example_dags/tutorial_taskflow_api_virtualenv.py
[2023-12-03T09:45:57.074+0000] {processor.py:839} INFO - DAG(s) dict_keys(['tutorial_taskflow_api_virtualenv']) retrieved from /home/airflow/.local/lib/python3.8/site-packages/airflow/example_dags/tutorial_taskflow_api_virtualenv.py
[2023-12-03T09:45:57.094+0000] {logging_mixin.py:154} INFO - [2023-12-03T09:45:57.093+0000] {dag.py:2941} INFO - Sync 1 DAGs
[2023-12-03T09:45:57.107+0000] {logging_mixin.py:154} INFO - [2023-12-03T09:45:57.106+0000] {dag.py:3722} INFO - Setting next_dagrun for tutorial_taskflow_api_virtualenv to None, run_after=None
[2023-12-03T09:45:57.123+0000] {processor.py:179} INFO - Processing /home/airflow/.local/lib/python3.8/site-packages/airflow/example_dags/tutorial_taskflow_api_virtualenv.py took 0.065 seconds
[2023-12-03T09:46:27.552+0000] {processor.py:157} INFO - Started process (PID=397) to work on /home/airflow/.local/lib/python3.8/site-packages/airflow/example_dags/tutorial_taskflow_api_virtualenv.py
[2023-12-03T09:46:27.554+0000] {processor.py:829} INFO - Processing file /home/airflow/.local/lib/python3.8/site-packages/airflow/example_dags/tutorial_taskflow_api_virtualenv.py for tasks to queue
[2023-12-03T09:46:27.557+0000] {logging_mixin.py:154} INFO - [2023-12-03T09:46:27.556+0000] {dagbag.py:536} INFO - Filling up the DagBag from /home/airflow/.local/lib/python3.8/site-packages/airflow/example_dags/tutorial_taskflow_api_virtualenv.py
[2023-12-03T09:46:27.566+0000] {processor.py:839} INFO - DAG(s) dict_keys(['tutorial_taskflow_api_virtualenv']) retrieved from /home/airflow/.local/lib/python3.8/site-packages/airflow/example_dags/tutorial_taskflow_api_virtualenv.py
[2023-12-03T09:46:27.595+0000] {logging_mixin.py:154} INFO - [2023-12-03T09:46:27.594+0000] {dag.py:2941} INFO - Sync 1 DAGs
[2023-12-03T09:46:27.614+0000] {logging_mixin.py:154} INFO - [2023-12-03T09:46:27.613+0000] {dag.py:3722} INFO - Setting next_dagrun for tutorial_taskflow_api_virtualenv to None, run_after=None
[2023-12-03T09:46:27.640+0000] {processor.py:179} INFO - Processing /home/airflow/.local/lib/python3.8/site-packages/airflow/example_dags/tutorial_taskflow_api_virtualenv.py took 0.093 seconds
[2023-12-03T09:46:57.688+0000] {processor.py:157} INFO - Started process (PID=453) to work on /home/airflow/.local/lib/python3.8/site-packages/airflow/example_dags/tutorial_taskflow_api_virtualenv.py
[2023-12-03T09:46:57.689+0000] {processor.py:829} INFO - Processing file /home/airflow/.local/lib/python3.8/site-packages/airflow/example_dags/tutorial_taskflow_api_virtualenv.py for tasks to queue
[2023-12-03T09:46:57.691+0000] {logging_mixin.py:154} INFO - [2023-12-03T09:46:57.691+0000] {dagbag.py:536} INFO - Filling up the DagBag from /home/airflow/.local/lib/python3.8/site-packages/airflow/example_dags/tutorial_taskflow_api_virtualenv.py
[2023-12-03T09:46:57.702+0000] {processor.py:839} INFO - DAG(s) dict_keys(['tutorial_taskflow_api_virtualenv']) retrieved from /home/airflow/.local/lib/python3.8/site-packages/airflow/example_dags/tutorial_taskflow_api_virtualenv.py
[2023-12-03T09:46:57.728+0000] {logging_mixin.py:154} INFO - [2023-12-03T09:46:57.727+0000] {dag.py:2941} INFO - Sync 1 DAGs
[2023-12-03T09:46:57.742+0000] {logging_mixin.py:154} INFO - [2023-12-03T09:46:57.742+0000] {dag.py:3722} INFO - Setting next_dagrun for tutorial_taskflow_api_virtualenv to None, run_after=None
[2023-12-03T09:46:57.763+0000] {processor.py:179} INFO - Processing /home/airflow/.local/lib/python3.8/site-packages/airflow/example_dags/tutorial_taskflow_api_virtualenv.py took 0.079 seconds
[2023-12-03T09:47:28.485+0000] {processor.py:157} INFO - Started process (PID=511) to work on /home/airflow/.local/lib/python3.8/site-packages/airflow/example_dags/tutorial_taskflow_api_virtualenv.py
[2023-12-03T09:47:28.486+0000] {processor.py:829} INFO - Processing file /home/airflow/.local/lib/python3.8/site-packages/airflow/example_dags/tutorial_taskflow_api_virtualenv.py for tasks to queue
[2023-12-03T09:47:28.489+0000] {logging_mixin.py:154} INFO - [2023-12-03T09:47:28.489+0000] {dagbag.py:536} INFO - Filling up the DagBag from /home/airflow/.local/lib/python3.8/site-packages/airflow/example_dags/tutorial_taskflow_api_virtualenv.py
[2023-12-03T09:47:28.499+0000] {processor.py:839} INFO - DAG(s) dict_keys(['tutorial_taskflow_api_virtualenv']) retrieved from /home/airflow/.local/lib/python3.8/site-packages/airflow/example_dags/tutorial_taskflow_api_virtualenv.py
[2023-12-03T09:47:28.524+0000] {logging_mixin.py:154} INFO - [2023-12-03T09:47:28.524+0000] {dag.py:2941} INFO - Sync 1 DAGs
[2023-12-03T09:47:28.540+0000] {logging_mixin.py:154} INFO - [2023-12-03T09:47:28.540+0000] {dag.py:3722} INFO - Setting next_dagrun for tutorial_taskflow_api_virtualenv to None, run_after=None
[2023-12-03T09:47:28.560+0000] {processor.py:179} INFO - Processing /home/airflow/.local/lib/python3.8/site-packages/airflow/example_dags/tutorial_taskflow_api_virtualenv.py took 0.079 seconds
[2023-12-03T09:47:58.693+0000] {processor.py:157} INFO - Started process (PID=569) to work on /home/airflow/.local/lib/python3.8/site-packages/airflow/example_dags/tutorial_taskflow_api_virtualenv.py
[2023-12-03T09:47:58.694+0000] {processor.py:829} INFO - Processing file /home/airflow/.local/lib/python3.8/site-packages/airflow/example_dags/tutorial_taskflow_api_virtualenv.py for tasks to queue
[2023-12-03T09:47:58.697+0000] {logging_mixin.py:154} INFO - [2023-12-03T09:47:58.696+0000] {dagbag.py:536} INFO - Filling up the DagBag from /home/airflow/.local/lib/python3.8/site-packages/airflow/example_dags/tutorial_taskflow_api_virtualenv.py
[2023-12-03T09:47:58.704+0000] {processor.py:839} INFO - DAG(s) dict_keys(['tutorial_taskflow_api_virtualenv']) retrieved from /home/airflow/.local/lib/python3.8/site-packages/airflow/example_dags/tutorial_taskflow_api_virtualenv.py
[2023-12-03T09:47:58.725+0000] {logging_mixin.py:154} INFO - [2023-12-03T09:47:58.725+0000] {dag.py:2941} INFO - Sync 1 DAGs
[2023-12-03T09:47:58.740+0000] {logging_mixin.py:154} INFO - [2023-12-03T09:47:58.740+0000] {dag.py:3722} INFO - Setting next_dagrun for tutorial_taskflow_api_virtualenv to None, run_after=None
[2023-12-03T09:47:58.757+0000] {processor.py:179} INFO - Processing /home/airflow/.local/lib/python3.8/site-packages/airflow/example_dags/tutorial_taskflow_api_virtualenv.py took 0.069 seconds
[2023-12-03T09:48:29.704+0000] {processor.py:157} INFO - Started process (PID=626) to work on /home/airflow/.local/lib/python3.8/site-packages/airflow/example_dags/tutorial_taskflow_api_virtualenv.py
[2023-12-03T09:48:29.705+0000] {processor.py:829} INFO - Processing file /home/airflow/.local/lib/python3.8/site-packages/airflow/example_dags/tutorial_taskflow_api_virtualenv.py for tasks to queue
[2023-12-03T09:48:29.706+0000] {logging_mixin.py:154} INFO - [2023-12-03T09:48:29.706+0000] {dagbag.py:536} INFO - Filling up the DagBag from /home/airflow/.local/lib/python3.8/site-packages/airflow/example_dags/tutorial_taskflow_api_virtualenv.py
[2023-12-03T09:48:29.712+0000] {processor.py:839} INFO - DAG(s) dict_keys(['tutorial_taskflow_api_virtualenv']) retrieved from /home/airflow/.local/lib/python3.8/site-packages/airflow/example_dags/tutorial_taskflow_api_virtualenv.py
[2023-12-03T09:48:29.729+0000] {logging_mixin.py:154} INFO - [2023-12-03T09:48:29.729+0000] {dag.py:2941} INFO - Sync 1 DAGs
[2023-12-03T09:48:29.739+0000] {logging_mixin.py:154} INFO - [2023-12-03T09:48:29.739+0000] {dag.py:3722} INFO - Setting next_dagrun for tutorial_taskflow_api_virtualenv to None, run_after=None
[2023-12-03T09:48:29.753+0000] {processor.py:179} INFO - Processing /home/airflow/.local/lib/python3.8/site-packages/airflow/example_dags/tutorial_taskflow_api_virtualenv.py took 0.052 seconds
[2023-12-03T09:49:00.650+0000] {processor.py:157} INFO - Started process (PID=684) to work on /home/airflow/.local/lib/python3.8/site-packages/airflow/example_dags/tutorial_taskflow_api_virtualenv.py
[2023-12-03T09:49:00.651+0000] {processor.py:829} INFO - Processing file /home/airflow/.local/lib/python3.8/site-packages/airflow/example_dags/tutorial_taskflow_api_virtualenv.py for tasks to queue
[2023-12-03T09:49:00.653+0000] {logging_mixin.py:154} INFO - [2023-12-03T09:49:00.652+0000] {dagbag.py:536} INFO - Filling up the DagBag from /home/airflow/.local/lib/python3.8/site-packages/airflow/example_dags/tutorial_taskflow_api_virtualenv.py
[2023-12-03T09:49:00.659+0000] {processor.py:839} INFO - DAG(s) dict_keys(['tutorial_taskflow_api_virtualenv']) retrieved from /home/airflow/.local/lib/python3.8/site-packages/airflow/example_dags/tutorial_taskflow_api_virtualenv.py
[2023-12-03T09:49:00.678+0000] {logging_mixin.py:154} INFO - [2023-12-03T09:49:00.678+0000] {dag.py:2941} INFO - Sync 1 DAGs
[2023-12-03T09:49:00.689+0000] {logging_mixin.py:154} INFO - [2023-12-03T09:49:00.689+0000] {dag.py:3722} INFO - Setting next_dagrun for tutorial_taskflow_api_virtualenv to None, run_after=None
[2023-12-03T09:49:00.704+0000] {processor.py:179} INFO - Processing /home/airflow/.local/lib/python3.8/site-packages/airflow/example_dags/tutorial_taskflow_api_virtualenv.py took 0.058 seconds
[2023-12-03T09:49:31.516+0000] {processor.py:157} INFO - Started process (PID=742) to work on /home/airflow/.local/lib/python3.8/site-packages/airflow/example_dags/tutorial_taskflow_api_virtualenv.py
[2023-12-03T09:49:31.517+0000] {processor.py:829} INFO - Processing file /home/airflow/.local/lib/python3.8/site-packages/airflow/example_dags/tutorial_taskflow_api_virtualenv.py for tasks to queue
[2023-12-03T09:49:31.519+0000] {logging_mixin.py:154} INFO - [2023-12-03T09:49:31.519+0000] {dagbag.py:536} INFO - Filling up the DagBag from /home/airflow/.local/lib/python3.8/site-packages/airflow/example_dags/tutorial_taskflow_api_virtualenv.py
[2023-12-03T09:49:31.526+0000] {processor.py:839} INFO - DAG(s) dict_keys(['tutorial_taskflow_api_virtualenv']) retrieved from /home/airflow/.local/lib/python3.8/site-packages/airflow/example_dags/tutorial_taskflow_api_virtualenv.py
[2023-12-03T09:49:31.547+0000] {logging_mixin.py:154} INFO - [2023-12-03T09:49:31.547+0000] {dag.py:2941} INFO - Sync 1 DAGs
[2023-12-03T09:49:31.557+0000] {logging_mixin.py:154} INFO - [2023-12-03T09:49:31.557+0000] {dag.py:3722} INFO - Setting next_dagrun for tutorial_taskflow_api_virtualenv to None, run_after=None
[2023-12-03T09:49:31.575+0000] {processor.py:179} INFO - Processing /home/airflow/.local/lib/python3.8/site-packages/airflow/example_dags/tutorial_taskflow_api_virtualenv.py took 0.063 seconds
[2023-12-03T09:50:01.892+0000] {processor.py:157} INFO - Started process (PID=800) to work on /home/airflow/.local/lib/python3.8/site-packages/airflow/example_dags/tutorial_taskflow_api_virtualenv.py
[2023-12-03T09:50:01.893+0000] {processor.py:829} INFO - Processing file /home/airflow/.local/lib/python3.8/site-packages/airflow/example_dags/tutorial_taskflow_api_virtualenv.py for tasks to queue
[2023-12-03T09:50:01.895+0000] {logging_mixin.py:154} INFO - [2023-12-03T09:50:01.895+0000] {dagbag.py:536} INFO - Filling up the DagBag from /home/airflow/.local/lib/python3.8/site-packages/airflow/example_dags/tutorial_taskflow_api_virtualenv.py
[2023-12-03T09:50:01.901+0000] {processor.py:839} INFO - DAG(s) dict_keys(['tutorial_taskflow_api_virtualenv']) retrieved from /home/airflow/.local/lib/python3.8/site-packages/airflow/example_dags/tutorial_taskflow_api_virtualenv.py
[2023-12-03T09:50:01.920+0000] {logging_mixin.py:154} INFO - [2023-12-03T09:50:01.920+0000] {dag.py:2941} INFO - Sync 1 DAGs
[2023-12-03T09:50:01.932+0000] {logging_mixin.py:154} INFO - [2023-12-03T09:50:01.932+0000] {dag.py:3722} INFO - Setting next_dagrun for tutorial_taskflow_api_virtualenv to None, run_after=None
[2023-12-03T09:50:01.948+0000] {processor.py:179} INFO - Processing /home/airflow/.local/lib/python3.8/site-packages/airflow/example_dags/tutorial_taskflow_api_virtualenv.py took 0.059 seconds
[2023-12-03T09:50:32.916+0000] {processor.py:157} INFO - Started process (PID=858) to work on /home/airflow/.local/lib/python3.8/site-packages/airflow/example_dags/tutorial_taskflow_api_virtualenv.py
[2023-12-03T09:50:32.917+0000] {processor.py:829} INFO - Processing file /home/airflow/.local/lib/python3.8/site-packages/airflow/example_dags/tutorial_taskflow_api_virtualenv.py for tasks to queue
[2023-12-03T09:50:32.920+0000] {logging_mixin.py:154} INFO - [2023-12-03T09:50:32.920+0000] {dagbag.py:536} INFO - Filling up the DagBag from /home/airflow/.local/lib/python3.8/site-packages/airflow/example_dags/tutorial_taskflow_api_virtualenv.py
[2023-12-03T09:50:32.930+0000] {processor.py:839} INFO - DAG(s) dict_keys(['tutorial_taskflow_api_virtualenv']) retrieved from /home/airflow/.local/lib/python3.8/site-packages/airflow/example_dags/tutorial_taskflow_api_virtualenv.py
[2023-12-03T09:50:32.953+0000] {logging_mixin.py:154} INFO - [2023-12-03T09:50:32.953+0000] {dag.py:2941} INFO - Sync 1 DAGs
[2023-12-03T09:50:32.967+0000] {logging_mixin.py:154} INFO - [2023-12-03T09:50:32.967+0000] {dag.py:3722} INFO - Setting next_dagrun for tutorial_taskflow_api_virtualenv to None, run_after=None
[2023-12-03T09:50:32.992+0000] {processor.py:179} INFO - Processing /home/airflow/.local/lib/python3.8/site-packages/airflow/example_dags/tutorial_taskflow_api_virtualenv.py took 0.081 seconds
[2023-12-03T09:51:03.139+0000] {processor.py:157} INFO - Started process (PID=916) to work on /home/airflow/.local/lib/python3.8/site-packages/airflow/example_dags/tutorial_taskflow_api_virtualenv.py
[2023-12-03T09:51:03.140+0000] {processor.py:829} INFO - Processing file /home/airflow/.local/lib/python3.8/site-packages/airflow/example_dags/tutorial_taskflow_api_virtualenv.py for tasks to queue
[2023-12-03T09:51:03.143+0000] {logging_mixin.py:154} INFO - [2023-12-03T09:51:03.143+0000] {dagbag.py:536} INFO - Filling up the DagBag from /home/airflow/.local/lib/python3.8/site-packages/airflow/example_dags/tutorial_taskflow_api_virtualenv.py
[2023-12-03T09:51:03.151+0000] {processor.py:839} INFO - DAG(s) dict_keys(['tutorial_taskflow_api_virtualenv']) retrieved from /home/airflow/.local/lib/python3.8/site-packages/airflow/example_dags/tutorial_taskflow_api_virtualenv.py
[2023-12-03T09:51:03.175+0000] {logging_mixin.py:154} INFO - [2023-12-03T09:51:03.174+0000] {dag.py:2941} INFO - Sync 1 DAGs
[2023-12-03T09:51:03.191+0000] {logging_mixin.py:154} INFO - [2023-12-03T09:51:03.191+0000] {dag.py:3722} INFO - Setting next_dagrun for tutorial_taskflow_api_virtualenv to None, run_after=None
[2023-12-03T09:51:03.211+0000] {processor.py:179} INFO - Processing /home/airflow/.local/lib/python3.8/site-packages/airflow/example_dags/tutorial_taskflow_api_virtualenv.py took 0.077 seconds
[2023-12-03T09:51:33.332+0000] {processor.py:157} INFO - Started process (PID=974) to work on /home/airflow/.local/lib/python3.8/site-packages/airflow/example_dags/tutorial_taskflow_api_virtualenv.py
[2023-12-03T09:51:33.333+0000] {processor.py:829} INFO - Processing file /home/airflow/.local/lib/python3.8/site-packages/airflow/example_dags/tutorial_taskflow_api_virtualenv.py for tasks to queue
[2023-12-03T09:51:33.335+0000] {logging_mixin.py:154} INFO - [2023-12-03T09:51:33.335+0000] {dagbag.py:536} INFO - Filling up the DagBag from /home/airflow/.local/lib/python3.8/site-packages/airflow/example_dags/tutorial_taskflow_api_virtualenv.py
[2023-12-03T09:51:33.343+0000] {processor.py:839} INFO - DAG(s) dict_keys(['tutorial_taskflow_api_virtualenv']) retrieved from /home/airflow/.local/lib/python3.8/site-packages/airflow/example_dags/tutorial_taskflow_api_virtualenv.py
[2023-12-03T09:51:33.363+0000] {logging_mixin.py:154} INFO - [2023-12-03T09:51:33.363+0000] {dag.py:2941} INFO - Sync 1 DAGs
[2023-12-03T09:51:33.374+0000] {logging_mixin.py:154} INFO - [2023-12-03T09:51:33.374+0000] {dag.py:3722} INFO - Setting next_dagrun for tutorial_taskflow_api_virtualenv to None, run_after=None
[2023-12-03T09:51:33.393+0000] {processor.py:179} INFO - Processing /home/airflow/.local/lib/python3.8/site-packages/airflow/example_dags/tutorial_taskflow_api_virtualenv.py took 0.065 seconds
[2023-12-03T09:52:04.216+0000] {processor.py:157} INFO - Started process (PID=1039) to work on /home/airflow/.local/lib/python3.8/site-packages/airflow/example_dags/tutorial_taskflow_api_virtualenv.py
[2023-12-03T09:52:04.217+0000] {processor.py:829} INFO - Processing file /home/airflow/.local/lib/python3.8/site-packages/airflow/example_dags/tutorial_taskflow_api_virtualenv.py for tasks to queue
[2023-12-03T09:52:04.219+0000] {logging_mixin.py:154} INFO - [2023-12-03T09:52:04.219+0000] {dagbag.py:536} INFO - Filling up the DagBag from /home/airflow/.local/lib/python3.8/site-packages/airflow/example_dags/tutorial_taskflow_api_virtualenv.py
[2023-12-03T09:52:04.226+0000] {processor.py:839} INFO - DAG(s) dict_keys(['tutorial_taskflow_api_virtualenv']) retrieved from /home/airflow/.local/lib/python3.8/site-packages/airflow/example_dags/tutorial_taskflow_api_virtualenv.py
[2023-12-03T09:52:04.246+0000] {logging_mixin.py:154} INFO - [2023-12-03T09:52:04.246+0000] {dag.py:2941} INFO - Sync 1 DAGs
[2023-12-03T09:52:04.258+0000] {logging_mixin.py:154} INFO - [2023-12-03T09:52:04.258+0000] {dag.py:3722} INFO - Setting next_dagrun for tutorial_taskflow_api_virtualenv to None, run_after=None
[2023-12-03T09:52:04.275+0000] {processor.py:179} INFO - Processing /home/airflow/.local/lib/python3.8/site-packages/airflow/example_dags/tutorial_taskflow_api_virtualenv.py took 0.062 seconds
[2023-12-03T09:52:34.399+0000] {processor.py:157} INFO - Started process (PID=1097) to work on /home/airflow/.local/lib/python3.8/site-packages/airflow/example_dags/tutorial_taskflow_api_virtualenv.py
[2023-12-03T09:52:34.400+0000] {processor.py:829} INFO - Processing file /home/airflow/.local/lib/python3.8/site-packages/airflow/example_dags/tutorial_taskflow_api_virtualenv.py for tasks to queue
[2023-12-03T09:52:34.403+0000] {logging_mixin.py:154} INFO - [2023-12-03T09:52:34.403+0000] {dagbag.py:536} INFO - Filling up the DagBag from /home/airflow/.local/lib/python3.8/site-packages/airflow/example_dags/tutorial_taskflow_api_virtualenv.py
[2023-12-03T09:52:34.409+0000] {processor.py:839} INFO - DAG(s) dict_keys(['tutorial_taskflow_api_virtualenv']) retrieved from /home/airflow/.local/lib/python3.8/site-packages/airflow/example_dags/tutorial_taskflow_api_virtualenv.py
[2023-12-03T09:52:34.428+0000] {logging_mixin.py:154} INFO - [2023-12-03T09:52:34.428+0000] {dag.py:2941} INFO - Sync 1 DAGs
[2023-12-03T09:52:34.440+0000] {logging_mixin.py:154} INFO - [2023-12-03T09:52:34.439+0000] {dag.py:3722} INFO - Setting next_dagrun for tutorial_taskflow_api_virtualenv to None, run_after=None
[2023-12-03T09:52:34.456+0000] {processor.py:179} INFO - Processing /home/airflow/.local/lib/python3.8/site-packages/airflow/example_dags/tutorial_taskflow_api_virtualenv.py took 0.060 seconds
[2023-12-03T09:53:04.744+0000] {processor.py:157} INFO - Started process (PID=1155) to work on /home/airflow/.local/lib/python3.8/site-packages/airflow/example_dags/tutorial_taskflow_api_virtualenv.py
[2023-12-03T09:53:04.746+0000] {processor.py:829} INFO - Processing file /home/airflow/.local/lib/python3.8/site-packages/airflow/example_dags/tutorial_taskflow_api_virtualenv.py for tasks to queue
[2023-12-03T09:53:04.748+0000] {logging_mixin.py:154} INFO - [2023-12-03T09:53:04.748+0000] {dagbag.py:536} INFO - Filling up the DagBag from /home/airflow/.local/lib/python3.8/site-packages/airflow/example_dags/tutorial_taskflow_api_virtualenv.py
[2023-12-03T09:53:04.756+0000] {processor.py:839} INFO - DAG(s) dict_keys(['tutorial_taskflow_api_virtualenv']) retrieved from /home/airflow/.local/lib/python3.8/site-packages/airflow/example_dags/tutorial_taskflow_api_virtualenv.py
[2023-12-03T09:53:04.777+0000] {logging_mixin.py:154} INFO - [2023-12-03T09:53:04.776+0000] {dag.py:2941} INFO - Sync 1 DAGs
[2023-12-03T09:53:04.789+0000] {logging_mixin.py:154} INFO - [2023-12-03T09:53:04.789+0000] {dag.py:3722} INFO - Setting next_dagrun for tutorial_taskflow_api_virtualenv to None, run_after=None
[2023-12-03T09:53:04.808+0000] {processor.py:179} INFO - Processing /home/airflow/.local/lib/python3.8/site-packages/airflow/example_dags/tutorial_taskflow_api_virtualenv.py took 0.068 seconds
[2023-12-03T09:53:35.017+0000] {processor.py:157} INFO - Started process (PID=1213) to work on /home/airflow/.local/lib/python3.8/site-packages/airflow/example_dags/tutorial_taskflow_api_virtualenv.py
[2023-12-03T09:53:35.019+0000] {processor.py:829} INFO - Processing file /home/airflow/.local/lib/python3.8/site-packages/airflow/example_dags/tutorial_taskflow_api_virtualenv.py for tasks to queue
[2023-12-03T09:53:35.022+0000] {logging_mixin.py:154} INFO - [2023-12-03T09:53:35.022+0000] {dagbag.py:536} INFO - Filling up the DagBag from /home/airflow/.local/lib/python3.8/site-packages/airflow/example_dags/tutorial_taskflow_api_virtualenv.py
[2023-12-03T09:53:35.031+0000] {processor.py:839} INFO - DAG(s) dict_keys(['tutorial_taskflow_api_virtualenv']) retrieved from /home/airflow/.local/lib/python3.8/site-packages/airflow/example_dags/tutorial_taskflow_api_virtualenv.py
[2023-12-03T09:53:35.051+0000] {logging_mixin.py:154} INFO - [2023-12-03T09:53:35.051+0000] {dag.py:2941} INFO - Sync 1 DAGs
[2023-12-03T09:53:35.061+0000] {logging_mixin.py:154} INFO - [2023-12-03T09:53:35.061+0000] {dag.py:3722} INFO - Setting next_dagrun for tutorial_taskflow_api_virtualenv to None, run_after=None
[2023-12-03T09:53:35.079+0000] {processor.py:179} INFO - Processing /home/airflow/.local/lib/python3.8/site-packages/airflow/example_dags/tutorial_taskflow_api_virtualenv.py took 0.066 seconds
[2023-12-03T09:54:05.329+0000] {processor.py:157} INFO - Started process (PID=1271) to work on /home/airflow/.local/lib/python3.8/site-packages/airflow/example_dags/tutorial_taskflow_api_virtualenv.py
[2023-12-03T09:54:05.330+0000] {processor.py:829} INFO - Processing file /home/airflow/.local/lib/python3.8/site-packages/airflow/example_dags/tutorial_taskflow_api_virtualenv.py for tasks to queue
[2023-12-03T09:54:05.332+0000] {logging_mixin.py:154} INFO - [2023-12-03T09:54:05.332+0000] {dagbag.py:536} INFO - Filling up the DagBag from /home/airflow/.local/lib/python3.8/site-packages/airflow/example_dags/tutorial_taskflow_api_virtualenv.py
[2023-12-03T09:54:05.339+0000] {processor.py:839} INFO - DAG(s) dict_keys(['tutorial_taskflow_api_virtualenv']) retrieved from /home/airflow/.local/lib/python3.8/site-packages/airflow/example_dags/tutorial_taskflow_api_virtualenv.py
[2023-12-03T09:54:05.358+0000] {logging_mixin.py:154} INFO - [2023-12-03T09:54:05.358+0000] {dag.py:2941} INFO - Sync 1 DAGs
[2023-12-03T09:54:05.371+0000] {logging_mixin.py:154} INFO - [2023-12-03T09:54:05.371+0000] {dag.py:3722} INFO - Setting next_dagrun for tutorial_taskflow_api_virtualenv to None, run_after=None
[2023-12-03T09:54:05.389+0000] {processor.py:179} INFO - Processing /home/airflow/.local/lib/python3.8/site-packages/airflow/example_dags/tutorial_taskflow_api_virtualenv.py took 0.065 seconds
[2023-12-03T09:54:35.737+0000] {processor.py:157} INFO - Started process (PID=1329) to work on /home/airflow/.local/lib/python3.8/site-packages/airflow/example_dags/tutorial_taskflow_api_virtualenv.py
[2023-12-03T09:54:35.739+0000] {processor.py:829} INFO - Processing file /home/airflow/.local/lib/python3.8/site-packages/airflow/example_dags/tutorial_taskflow_api_virtualenv.py for tasks to queue
[2023-12-03T09:54:35.742+0000] {logging_mixin.py:154} INFO - [2023-12-03T09:54:35.741+0000] {dagbag.py:536} INFO - Filling up the DagBag from /home/airflow/.local/lib/python3.8/site-packages/airflow/example_dags/tutorial_taskflow_api_virtualenv.py
[2023-12-03T09:54:35.750+0000] {processor.py:839} INFO - DAG(s) dict_keys(['tutorial_taskflow_api_virtualenv']) retrieved from /home/airflow/.local/lib/python3.8/site-packages/airflow/example_dags/tutorial_taskflow_api_virtualenv.py
[2023-12-03T09:54:35.771+0000] {logging_mixin.py:154} INFO - [2023-12-03T09:54:35.771+0000] {dag.py:2941} INFO - Sync 1 DAGs
[2023-12-03T09:54:35.785+0000] {logging_mixin.py:154} INFO - [2023-12-03T09:54:35.785+0000] {dag.py:3722} INFO - Setting next_dagrun for tutorial_taskflow_api_virtualenv to None, run_after=None
[2023-12-03T09:54:35.802+0000] {processor.py:179} INFO - Processing /home/airflow/.local/lib/python3.8/site-packages/airflow/example_dags/tutorial_taskflow_api_virtualenv.py took 0.069 seconds
[2023-12-03T09:55:06.084+0000] {processor.py:157} INFO - Started process (PID=1387) to work on /home/airflow/.local/lib/python3.8/site-packages/airflow/example_dags/tutorial_taskflow_api_virtualenv.py
[2023-12-03T09:55:06.086+0000] {processor.py:829} INFO - Processing file /home/airflow/.local/lib/python3.8/site-packages/airflow/example_dags/tutorial_taskflow_api_virtualenv.py for tasks to queue
[2023-12-03T09:55:06.088+0000] {logging_mixin.py:154} INFO - [2023-12-03T09:55:06.088+0000] {dagbag.py:536} INFO - Filling up the DagBag from /home/airflow/.local/lib/python3.8/site-packages/airflow/example_dags/tutorial_taskflow_api_virtualenv.py
[2023-12-03T09:55:06.093+0000] {processor.py:839} INFO - DAG(s) dict_keys(['tutorial_taskflow_api_virtualenv']) retrieved from /home/airflow/.local/lib/python3.8/site-packages/airflow/example_dags/tutorial_taskflow_api_virtualenv.py
[2023-12-03T09:55:06.112+0000] {logging_mixin.py:154} INFO - [2023-12-03T09:55:06.111+0000] {dag.py:2941} INFO - Sync 1 DAGs
[2023-12-03T09:55:06.121+0000] {logging_mixin.py:154} INFO - [2023-12-03T09:55:06.121+0000] {dag.py:3722} INFO - Setting next_dagrun for tutorial_taskflow_api_virtualenv to None, run_after=None
[2023-12-03T09:55:06.136+0000] {processor.py:179} INFO - Processing /home/airflow/.local/lib/python3.8/site-packages/airflow/example_dags/tutorial_taskflow_api_virtualenv.py took 0.055 seconds
[2023-12-03T09:55:36.584+0000] {processor.py:157} INFO - Started process (PID=1445) to work on /home/airflow/.local/lib/python3.8/site-packages/airflow/example_dags/tutorial_taskflow_api_virtualenv.py
[2023-12-03T09:55:36.585+0000] {processor.py:829} INFO - Processing file /home/airflow/.local/lib/python3.8/site-packages/airflow/example_dags/tutorial_taskflow_api_virtualenv.py for tasks to queue
[2023-12-03T09:55:36.588+0000] {logging_mixin.py:154} INFO - [2023-12-03T09:55:36.587+0000] {dagbag.py:536} INFO - Filling up the DagBag from /home/airflow/.local/lib/python3.8/site-packages/airflow/example_dags/tutorial_taskflow_api_virtualenv.py
[2023-12-03T09:55:36.594+0000] {processor.py:839} INFO - DAG(s) dict_keys(['tutorial_taskflow_api_virtualenv']) retrieved from /home/airflow/.local/lib/python3.8/site-packages/airflow/example_dags/tutorial_taskflow_api_virtualenv.py
[2023-12-03T09:55:36.614+0000] {logging_mixin.py:154} INFO - [2023-12-03T09:55:36.614+0000] {dag.py:2941} INFO - Sync 1 DAGs
[2023-12-03T09:55:36.627+0000] {logging_mixin.py:154} INFO - [2023-12-03T09:55:36.627+0000] {dag.py:3722} INFO - Setting next_dagrun for tutorial_taskflow_api_virtualenv to None, run_after=None
[2023-12-03T09:55:36.644+0000] {processor.py:179} INFO - Processing /home/airflow/.local/lib/python3.8/site-packages/airflow/example_dags/tutorial_taskflow_api_virtualenv.py took 0.064 seconds
[2023-12-03T09:56:06.967+0000] {processor.py:157} INFO - Started process (PID=1508) to work on /home/airflow/.local/lib/python3.8/site-packages/airflow/example_dags/tutorial_taskflow_api_virtualenv.py
[2023-12-03T09:56:06.968+0000] {processor.py:829} INFO - Processing file /home/airflow/.local/lib/python3.8/site-packages/airflow/example_dags/tutorial_taskflow_api_virtualenv.py for tasks to queue
[2023-12-03T09:56:06.971+0000] {logging_mixin.py:154} INFO - [2023-12-03T09:56:06.971+0000] {dagbag.py:536} INFO - Filling up the DagBag from /home/airflow/.local/lib/python3.8/site-packages/airflow/example_dags/tutorial_taskflow_api_virtualenv.py
[2023-12-03T09:56:06.978+0000] {processor.py:839} INFO - DAG(s) dict_keys(['tutorial_taskflow_api_virtualenv']) retrieved from /home/airflow/.local/lib/python3.8/site-packages/airflow/example_dags/tutorial_taskflow_api_virtualenv.py
[2023-12-03T09:56:06.998+0000] {logging_mixin.py:154} INFO - [2023-12-03T09:56:06.998+0000] {dag.py:2941} INFO - Sync 1 DAGs
[2023-12-03T09:56:07.010+0000] {logging_mixin.py:154} INFO - [2023-12-03T09:56:07.010+0000] {dag.py:3722} INFO - Setting next_dagrun for tutorial_taskflow_api_virtualenv to None, run_after=None
[2023-12-03T09:56:07.026+0000] {processor.py:179} INFO - Processing /home/airflow/.local/lib/python3.8/site-packages/airflow/example_dags/tutorial_taskflow_api_virtualenv.py took 0.063 seconds
[2023-12-03T09:56:37.898+0000] {processor.py:157} INFO - Started process (PID=1566) to work on /home/airflow/.local/lib/python3.8/site-packages/airflow/example_dags/tutorial_taskflow_api_virtualenv.py
[2023-12-03T09:56:37.899+0000] {processor.py:829} INFO - Processing file /home/airflow/.local/lib/python3.8/site-packages/airflow/example_dags/tutorial_taskflow_api_virtualenv.py for tasks to queue
[2023-12-03T09:56:37.902+0000] {logging_mixin.py:154} INFO - [2023-12-03T09:56:37.902+0000] {dagbag.py:536} INFO - Filling up the DagBag from /home/airflow/.local/lib/python3.8/site-packages/airflow/example_dags/tutorial_taskflow_api_virtualenv.py
[2023-12-03T09:56:37.909+0000] {processor.py:839} INFO - DAG(s) dict_keys(['tutorial_taskflow_api_virtualenv']) retrieved from /home/airflow/.local/lib/python3.8/site-packages/airflow/example_dags/tutorial_taskflow_api_virtualenv.py
[2023-12-03T09:56:37.929+0000] {logging_mixin.py:154} INFO - [2023-12-03T09:56:37.929+0000] {dag.py:2941} INFO - Sync 1 DAGs
[2023-12-03T09:56:37.941+0000] {logging_mixin.py:154} INFO - [2023-12-03T09:56:37.941+0000] {dag.py:3722} INFO - Setting next_dagrun for tutorial_taskflow_api_virtualenv to None, run_after=None
[2023-12-03T09:56:37.958+0000] {processor.py:179} INFO - Processing /home/airflow/.local/lib/python3.8/site-packages/airflow/example_dags/tutorial_taskflow_api_virtualenv.py took 0.063 seconds
[2023-12-03T09:57:08.677+0000] {processor.py:157} INFO - Started process (PID=1624) to work on /home/airflow/.local/lib/python3.8/site-packages/airflow/example_dags/tutorial_taskflow_api_virtualenv.py
[2023-12-03T09:57:08.679+0000] {processor.py:829} INFO - Processing file /home/airflow/.local/lib/python3.8/site-packages/airflow/example_dags/tutorial_taskflow_api_virtualenv.py for tasks to queue
[2023-12-03T09:57:08.681+0000] {logging_mixin.py:154} INFO - [2023-12-03T09:57:08.681+0000] {dagbag.py:536} INFO - Filling up the DagBag from /home/airflow/.local/lib/python3.8/site-packages/airflow/example_dags/tutorial_taskflow_api_virtualenv.py
[2023-12-03T09:57:08.688+0000] {processor.py:839} INFO - DAG(s) dict_keys(['tutorial_taskflow_api_virtualenv']) retrieved from /home/airflow/.local/lib/python3.8/site-packages/airflow/example_dags/tutorial_taskflow_api_virtualenv.py
[2023-12-03T09:57:08.709+0000] {logging_mixin.py:154} INFO - [2023-12-03T09:57:08.709+0000] {dag.py:2941} INFO - Sync 1 DAGs
[2023-12-03T09:57:08.722+0000] {logging_mixin.py:154} INFO - [2023-12-03T09:57:08.721+0000] {dag.py:3722} INFO - Setting next_dagrun for tutorial_taskflow_api_virtualenv to None, run_after=None
[2023-12-03T09:57:08.738+0000] {processor.py:179} INFO - Processing /home/airflow/.local/lib/python3.8/site-packages/airflow/example_dags/tutorial_taskflow_api_virtualenv.py took 0.065 seconds
[2023-12-03T09:57:38.842+0000] {processor.py:157} INFO - Started process (PID=1684) to work on /home/airflow/.local/lib/python3.8/site-packages/airflow/example_dags/tutorial_taskflow_api_virtualenv.py
[2023-12-03T09:57:38.843+0000] {processor.py:829} INFO - Processing file /home/airflow/.local/lib/python3.8/site-packages/airflow/example_dags/tutorial_taskflow_api_virtualenv.py for tasks to queue
[2023-12-03T09:57:38.846+0000] {logging_mixin.py:154} INFO - [2023-12-03T09:57:38.846+0000] {dagbag.py:536} INFO - Filling up the DagBag from /home/airflow/.local/lib/python3.8/site-packages/airflow/example_dags/tutorial_taskflow_api_virtualenv.py
[2023-12-03T09:57:38.852+0000] {processor.py:839} INFO - DAG(s) dict_keys(['tutorial_taskflow_api_virtualenv']) retrieved from /home/airflow/.local/lib/python3.8/site-packages/airflow/example_dags/tutorial_taskflow_api_virtualenv.py
[2023-12-03T09:57:38.870+0000] {logging_mixin.py:154} INFO - [2023-12-03T09:57:38.870+0000] {dag.py:2941} INFO - Sync 1 DAGs
[2023-12-03T09:57:38.882+0000] {logging_mixin.py:154} INFO - [2023-12-03T09:57:38.881+0000] {dag.py:3722} INFO - Setting next_dagrun for tutorial_taskflow_api_virtualenv to None, run_after=None
[2023-12-03T09:57:38.897+0000] {processor.py:179} INFO - Processing /home/airflow/.local/lib/python3.8/site-packages/airflow/example_dags/tutorial_taskflow_api_virtualenv.py took 0.058 seconds
[2023-12-03T09:58:09.001+0000] {processor.py:157} INFO - Started process (PID=1742) to work on /home/airflow/.local/lib/python3.8/site-packages/airflow/example_dags/tutorial_taskflow_api_virtualenv.py
[2023-12-03T09:58:09.002+0000] {processor.py:829} INFO - Processing file /home/airflow/.local/lib/python3.8/site-packages/airflow/example_dags/tutorial_taskflow_api_virtualenv.py for tasks to queue
[2023-12-03T09:58:09.005+0000] {logging_mixin.py:154} INFO - [2023-12-03T09:58:09.005+0000] {dagbag.py:536} INFO - Filling up the DagBag from /home/airflow/.local/lib/python3.8/site-packages/airflow/example_dags/tutorial_taskflow_api_virtualenv.py
[2023-12-03T09:58:09.013+0000] {processor.py:839} INFO - DAG(s) dict_keys(['tutorial_taskflow_api_virtualenv']) retrieved from /home/airflow/.local/lib/python3.8/site-packages/airflow/example_dags/tutorial_taskflow_api_virtualenv.py
[2023-12-03T09:58:09.036+0000] {logging_mixin.py:154} INFO - [2023-12-03T09:58:09.036+0000] {dag.py:2941} INFO - Sync 1 DAGs
[2023-12-03T09:58:09.049+0000] {logging_mixin.py:154} INFO - [2023-12-03T09:58:09.049+0000] {dag.py:3722} INFO - Setting next_dagrun for tutorial_taskflow_api_virtualenv to None, run_after=None
[2023-12-03T09:58:09.067+0000] {processor.py:179} INFO - Processing /home/airflow/.local/lib/python3.8/site-packages/airflow/example_dags/tutorial_taskflow_api_virtualenv.py took 0.070 seconds
[2023-12-03T09:58:39.474+0000] {processor.py:157} INFO - Started process (PID=1799) to work on /home/airflow/.local/lib/python3.8/site-packages/airflow/example_dags/tutorial_taskflow_api_virtualenv.py
[2023-12-03T09:58:39.475+0000] {processor.py:829} INFO - Processing file /home/airflow/.local/lib/python3.8/site-packages/airflow/example_dags/tutorial_taskflow_api_virtualenv.py for tasks to queue
[2023-12-03T09:58:39.477+0000] {logging_mixin.py:154} INFO - [2023-12-03T09:58:39.477+0000] {dagbag.py:536} INFO - Filling up the DagBag from /home/airflow/.local/lib/python3.8/site-packages/airflow/example_dags/tutorial_taskflow_api_virtualenv.py
[2023-12-03T09:58:39.484+0000] {processor.py:839} INFO - DAG(s) dict_keys(['tutorial_taskflow_api_virtualenv']) retrieved from /home/airflow/.local/lib/python3.8/site-packages/airflow/example_dags/tutorial_taskflow_api_virtualenv.py
[2023-12-03T09:58:39.504+0000] {logging_mixin.py:154} INFO - [2023-12-03T09:58:39.504+0000] {dag.py:2941} INFO - Sync 1 DAGs
[2023-12-03T09:58:39.516+0000] {logging_mixin.py:154} INFO - [2023-12-03T09:58:39.516+0000] {dag.py:3722} INFO - Setting next_dagrun for tutorial_taskflow_api_virtualenv to None, run_after=None
[2023-12-03T09:58:39.534+0000] {processor.py:179} INFO - Processing /home/airflow/.local/lib/python3.8/site-packages/airflow/example_dags/tutorial_taskflow_api_virtualenv.py took 0.064 seconds
[2023-12-03T09:59:10.114+0000] {processor.py:157} INFO - Started process (PID=1857) to work on /home/airflow/.local/lib/python3.8/site-packages/airflow/example_dags/tutorial_taskflow_api_virtualenv.py
[2023-12-03T09:59:10.115+0000] {processor.py:829} INFO - Processing file /home/airflow/.local/lib/python3.8/site-packages/airflow/example_dags/tutorial_taskflow_api_virtualenv.py for tasks to queue
[2023-12-03T09:59:10.118+0000] {logging_mixin.py:154} INFO - [2023-12-03T09:59:10.118+0000] {dagbag.py:536} INFO - Filling up the DagBag from /home/airflow/.local/lib/python3.8/site-packages/airflow/example_dags/tutorial_taskflow_api_virtualenv.py
[2023-12-03T09:59:10.125+0000] {processor.py:839} INFO - DAG(s) dict_keys(['tutorial_taskflow_api_virtualenv']) retrieved from /home/airflow/.local/lib/python3.8/site-packages/airflow/example_dags/tutorial_taskflow_api_virtualenv.py
[2023-12-03T09:59:10.144+0000] {logging_mixin.py:154} INFO - [2023-12-03T09:59:10.144+0000] {dag.py:2941} INFO - Sync 1 DAGs
[2023-12-03T09:59:10.156+0000] {logging_mixin.py:154} INFO - [2023-12-03T09:59:10.156+0000] {dag.py:3722} INFO - Setting next_dagrun for tutorial_taskflow_api_virtualenv to None, run_after=None
[2023-12-03T09:59:10.171+0000] {processor.py:179} INFO - Processing /home/airflow/.local/lib/python3.8/site-packages/airflow/example_dags/tutorial_taskflow_api_virtualenv.py took 0.061 seconds
[2023-12-03T09:59:41.045+0000] {processor.py:157} INFO - Started process (PID=1916) to work on /home/airflow/.local/lib/python3.8/site-packages/airflow/example_dags/tutorial_taskflow_api_virtualenv.py
[2023-12-03T09:59:41.047+0000] {processor.py:829} INFO - Processing file /home/airflow/.local/lib/python3.8/site-packages/airflow/example_dags/tutorial_taskflow_api_virtualenv.py for tasks to queue
[2023-12-03T09:59:41.049+0000] {logging_mixin.py:154} INFO - [2023-12-03T09:59:41.049+0000] {dagbag.py:536} INFO - Filling up the DagBag from /home/airflow/.local/lib/python3.8/site-packages/airflow/example_dags/tutorial_taskflow_api_virtualenv.py
[2023-12-03T09:59:41.056+0000] {processor.py:839} INFO - DAG(s) dict_keys(['tutorial_taskflow_api_virtualenv']) retrieved from /home/airflow/.local/lib/python3.8/site-packages/airflow/example_dags/tutorial_taskflow_api_virtualenv.py
[2023-12-03T09:59:41.076+0000] {logging_mixin.py:154} INFO - [2023-12-03T09:59:41.076+0000] {dag.py:2941} INFO - Sync 1 DAGs
[2023-12-03T09:59:41.087+0000] {logging_mixin.py:154} INFO - [2023-12-03T09:59:41.087+0000] {dag.py:3722} INFO - Setting next_dagrun for tutorial_taskflow_api_virtualenv to None, run_after=None
[2023-12-03T09:59:41.102+0000] {processor.py:179} INFO - Processing /home/airflow/.local/lib/python3.8/site-packages/airflow/example_dags/tutorial_taskflow_api_virtualenv.py took 0.060 seconds
[2023-12-03T10:00:11.362+0000] {processor.py:157} INFO - Started process (PID=1976) to work on /home/airflow/.local/lib/python3.8/site-packages/airflow/example_dags/tutorial_taskflow_api_virtualenv.py
[2023-12-03T10:00:11.363+0000] {processor.py:829} INFO - Processing file /home/airflow/.local/lib/python3.8/site-packages/airflow/example_dags/tutorial_taskflow_api_virtualenv.py for tasks to queue
[2023-12-03T10:00:11.366+0000] {logging_mixin.py:154} INFO - [2023-12-03T10:00:11.366+0000] {dagbag.py:536} INFO - Filling up the DagBag from /home/airflow/.local/lib/python3.8/site-packages/airflow/example_dags/tutorial_taskflow_api_virtualenv.py
[2023-12-03T10:00:11.375+0000] {processor.py:839} INFO - DAG(s) dict_keys(['tutorial_taskflow_api_virtualenv']) retrieved from /home/airflow/.local/lib/python3.8/site-packages/airflow/example_dags/tutorial_taskflow_api_virtualenv.py
[2023-12-03T10:00:11.399+0000] {logging_mixin.py:154} INFO - [2023-12-03T10:00:11.398+0000] {dag.py:2941} INFO - Sync 1 DAGs
[2023-12-03T10:00:11.413+0000] {logging_mixin.py:154} INFO - [2023-12-03T10:00:11.413+0000] {dag.py:3722} INFO - Setting next_dagrun for tutorial_taskflow_api_virtualenv to None, run_after=None
[2023-12-03T10:00:11.434+0000] {processor.py:179} INFO - Processing /home/airflow/.local/lib/python3.8/site-packages/airflow/example_dags/tutorial_taskflow_api_virtualenv.py took 0.077 seconds
[2023-12-03T10:00:41.521+0000] {processor.py:157} INFO - Started process (PID=2034) to work on /home/airflow/.local/lib/python3.8/site-packages/airflow/example_dags/tutorial_taskflow_api_virtualenv.py
[2023-12-03T10:00:41.522+0000] {processor.py:829} INFO - Processing file /home/airflow/.local/lib/python3.8/site-packages/airflow/example_dags/tutorial_taskflow_api_virtualenv.py for tasks to queue
[2023-12-03T10:00:41.525+0000] {logging_mixin.py:154} INFO - [2023-12-03T10:00:41.524+0000] {dagbag.py:536} INFO - Filling up the DagBag from /home/airflow/.local/lib/python3.8/site-packages/airflow/example_dags/tutorial_taskflow_api_virtualenv.py
[2023-12-03T10:00:41.531+0000] {processor.py:839} INFO - DAG(s) dict_keys(['tutorial_taskflow_api_virtualenv']) retrieved from /home/airflow/.local/lib/python3.8/site-packages/airflow/example_dags/tutorial_taskflow_api_virtualenv.py
[2023-12-03T10:00:41.555+0000] {logging_mixin.py:154} INFO - [2023-12-03T10:00:41.555+0000] {dag.py:2941} INFO - Sync 1 DAGs
[2023-12-03T10:00:41.570+0000] {logging_mixin.py:154} INFO - [2023-12-03T10:00:41.570+0000] {dag.py:3722} INFO - Setting next_dagrun for tutorial_taskflow_api_virtualenv to None, run_after=None
[2023-12-03T10:00:41.589+0000] {processor.py:179} INFO - Processing /home/airflow/.local/lib/python3.8/site-packages/airflow/example_dags/tutorial_taskflow_api_virtualenv.py took 0.071 seconds
[2023-12-03T10:01:11.791+0000] {processor.py:157} INFO - Started process (PID=2092) to work on /home/airflow/.local/lib/python3.8/site-packages/airflow/example_dags/tutorial_taskflow_api_virtualenv.py
[2023-12-03T10:01:11.792+0000] {processor.py:829} INFO - Processing file /home/airflow/.local/lib/python3.8/site-packages/airflow/example_dags/tutorial_taskflow_api_virtualenv.py for tasks to queue
[2023-12-03T10:01:11.794+0000] {logging_mixin.py:154} INFO - [2023-12-03T10:01:11.794+0000] {dagbag.py:536} INFO - Filling up the DagBag from /home/airflow/.local/lib/python3.8/site-packages/airflow/example_dags/tutorial_taskflow_api_virtualenv.py
[2023-12-03T10:01:11.801+0000] {processor.py:839} INFO - DAG(s) dict_keys(['tutorial_taskflow_api_virtualenv']) retrieved from /home/airflow/.local/lib/python3.8/site-packages/airflow/example_dags/tutorial_taskflow_api_virtualenv.py
[2023-12-03T10:01:11.821+0000] {logging_mixin.py:154} INFO - [2023-12-03T10:01:11.821+0000] {dag.py:2941} INFO - Sync 1 DAGs
[2023-12-03T10:01:11.832+0000] {logging_mixin.py:154} INFO - [2023-12-03T10:01:11.832+0000] {dag.py:3722} INFO - Setting next_dagrun for tutorial_taskflow_api_virtualenv to None, run_after=None
[2023-12-03T10:01:11.848+0000] {processor.py:179} INFO - Processing /home/airflow/.local/lib/python3.8/site-packages/airflow/example_dags/tutorial_taskflow_api_virtualenv.py took 0.061 seconds
[2023-12-03T10:01:42.021+0000] {processor.py:157} INFO - Started process (PID=2150) to work on /home/airflow/.local/lib/python3.8/site-packages/airflow/example_dags/tutorial_taskflow_api_virtualenv.py
[2023-12-03T10:01:42.022+0000] {processor.py:829} INFO - Processing file /home/airflow/.local/lib/python3.8/site-packages/airflow/example_dags/tutorial_taskflow_api_virtualenv.py for tasks to queue
[2023-12-03T10:01:42.026+0000] {logging_mixin.py:154} INFO - [2023-12-03T10:01:42.025+0000] {dagbag.py:536} INFO - Filling up the DagBag from /home/airflow/.local/lib/python3.8/site-packages/airflow/example_dags/tutorial_taskflow_api_virtualenv.py
[2023-12-03T10:01:42.035+0000] {processor.py:839} INFO - DAG(s) dict_keys(['tutorial_taskflow_api_virtualenv']) retrieved from /home/airflow/.local/lib/python3.8/site-packages/airflow/example_dags/tutorial_taskflow_api_virtualenv.py
[2023-12-03T10:01:42.059+0000] {logging_mixin.py:154} INFO - [2023-12-03T10:01:42.059+0000] {dag.py:2941} INFO - Sync 1 DAGs
[2023-12-03T10:01:42.075+0000] {logging_mixin.py:154} INFO - [2023-12-03T10:01:42.074+0000] {dag.py:3722} INFO - Setting next_dagrun for tutorial_taskflow_api_virtualenv to None, run_after=None
[2023-12-03T10:01:42.097+0000] {processor.py:179} INFO - Processing /home/airflow/.local/lib/python3.8/site-packages/airflow/example_dags/tutorial_taskflow_api_virtualenv.py took 0.081 seconds
[2023-12-03T10:02:13.104+0000] {processor.py:157} INFO - Started process (PID=2210) to work on /home/airflow/.local/lib/python3.8/site-packages/airflow/example_dags/tutorial_taskflow_api_virtualenv.py
[2023-12-03T10:02:13.106+0000] {processor.py:829} INFO - Processing file /home/airflow/.local/lib/python3.8/site-packages/airflow/example_dags/tutorial_taskflow_api_virtualenv.py for tasks to queue
[2023-12-03T10:02:13.109+0000] {logging_mixin.py:154} INFO - [2023-12-03T10:02:13.109+0000] {dagbag.py:536} INFO - Filling up the DagBag from /home/airflow/.local/lib/python3.8/site-packages/airflow/example_dags/tutorial_taskflow_api_virtualenv.py
[2023-12-03T10:02:13.117+0000] {processor.py:839} INFO - DAG(s) dict_keys(['tutorial_taskflow_api_virtualenv']) retrieved from /home/airflow/.local/lib/python3.8/site-packages/airflow/example_dags/tutorial_taskflow_api_virtualenv.py
[2023-12-03T10:02:13.144+0000] {logging_mixin.py:154} INFO - [2023-12-03T10:02:13.143+0000] {dag.py:2941} INFO - Sync 1 DAGs
[2023-12-03T10:02:13.159+0000] {logging_mixin.py:154} INFO - [2023-12-03T10:02:13.158+0000] {dag.py:3722} INFO - Setting next_dagrun for tutorial_taskflow_api_virtualenv to None, run_after=None
[2023-12-03T10:02:13.181+0000] {processor.py:179} INFO - Processing /home/airflow/.local/lib/python3.8/site-packages/airflow/example_dags/tutorial_taskflow_api_virtualenv.py took 0.082 seconds
[2023-12-03T10:02:43.413+0000] {processor.py:157} INFO - Started process (PID=2268) to work on /home/airflow/.local/lib/python3.8/site-packages/airflow/example_dags/tutorial_taskflow_api_virtualenv.py
[2023-12-03T10:02:43.414+0000] {processor.py:829} INFO - Processing file /home/airflow/.local/lib/python3.8/site-packages/airflow/example_dags/tutorial_taskflow_api_virtualenv.py for tasks to queue
[2023-12-03T10:02:43.417+0000] {logging_mixin.py:154} INFO - [2023-12-03T10:02:43.416+0000] {dagbag.py:536} INFO - Filling up the DagBag from /home/airflow/.local/lib/python3.8/site-packages/airflow/example_dags/tutorial_taskflow_api_virtualenv.py
[2023-12-03T10:02:43.424+0000] {processor.py:839} INFO - DAG(s) dict_keys(['tutorial_taskflow_api_virtualenv']) retrieved from /home/airflow/.local/lib/python3.8/site-packages/airflow/example_dags/tutorial_taskflow_api_virtualenv.py
[2023-12-03T10:02:43.443+0000] {logging_mixin.py:154} INFO - [2023-12-03T10:02:43.442+0000] {dag.py:2941} INFO - Sync 1 DAGs
[2023-12-03T10:02:43.455+0000] {logging_mixin.py:154} INFO - [2023-12-03T10:02:43.454+0000] {dag.py:3722} INFO - Setting next_dagrun for tutorial_taskflow_api_virtualenv to None, run_after=None
[2023-12-03T10:02:43.469+0000] {processor.py:179} INFO - Processing /home/airflow/.local/lib/python3.8/site-packages/airflow/example_dags/tutorial_taskflow_api_virtualenv.py took 0.059 seconds
[2023-12-03T10:03:13.680+0000] {processor.py:157} INFO - Started process (PID=2326) to work on /home/airflow/.local/lib/python3.8/site-packages/airflow/example_dags/tutorial_taskflow_api_virtualenv.py
[2023-12-03T10:03:13.681+0000] {processor.py:829} INFO - Processing file /home/airflow/.local/lib/python3.8/site-packages/airflow/example_dags/tutorial_taskflow_api_virtualenv.py for tasks to queue
[2023-12-03T10:03:13.684+0000] {logging_mixin.py:154} INFO - [2023-12-03T10:03:13.684+0000] {dagbag.py:536} INFO - Filling up the DagBag from /home/airflow/.local/lib/python3.8/site-packages/airflow/example_dags/tutorial_taskflow_api_virtualenv.py
[2023-12-03T10:03:13.690+0000] {processor.py:839} INFO - DAG(s) dict_keys(['tutorial_taskflow_api_virtualenv']) retrieved from /home/airflow/.local/lib/python3.8/site-packages/airflow/example_dags/tutorial_taskflow_api_virtualenv.py
[2023-12-03T10:03:13.710+0000] {logging_mixin.py:154} INFO - [2023-12-03T10:03:13.710+0000] {dag.py:2941} INFO - Sync 1 DAGs
[2023-12-03T10:03:13.722+0000] {logging_mixin.py:154} INFO - [2023-12-03T10:03:13.721+0000] {dag.py:3722} INFO - Setting next_dagrun for tutorial_taskflow_api_virtualenv to None, run_after=None
[2023-12-03T10:03:13.737+0000] {processor.py:179} INFO - Processing /home/airflow/.local/lib/python3.8/site-packages/airflow/example_dags/tutorial_taskflow_api_virtualenv.py took 0.060 seconds
[2023-12-03T10:03:44.065+0000] {processor.py:157} INFO - Started process (PID=2384) to work on /home/airflow/.local/lib/python3.8/site-packages/airflow/example_dags/tutorial_taskflow_api_virtualenv.py
[2023-12-03T10:03:44.066+0000] {processor.py:829} INFO - Processing file /home/airflow/.local/lib/python3.8/site-packages/airflow/example_dags/tutorial_taskflow_api_virtualenv.py for tasks to queue
[2023-12-03T10:03:44.068+0000] {logging_mixin.py:154} INFO - [2023-12-03T10:03:44.068+0000] {dagbag.py:536} INFO - Filling up the DagBag from /home/airflow/.local/lib/python3.8/site-packages/airflow/example_dags/tutorial_taskflow_api_virtualenv.py
[2023-12-03T10:03:44.074+0000] {processor.py:839} INFO - DAG(s) dict_keys(['tutorial_taskflow_api_virtualenv']) retrieved from /home/airflow/.local/lib/python3.8/site-packages/airflow/example_dags/tutorial_taskflow_api_virtualenv.py
[2023-12-03T10:03:44.091+0000] {logging_mixin.py:154} INFO - [2023-12-03T10:03:44.091+0000] {dag.py:2941} INFO - Sync 1 DAGs
[2023-12-03T10:03:44.102+0000] {logging_mixin.py:154} INFO - [2023-12-03T10:03:44.102+0000] {dag.py:3722} INFO - Setting next_dagrun for tutorial_taskflow_api_virtualenv to None, run_after=None
[2023-12-03T10:03:44.117+0000] {processor.py:179} INFO - Processing /home/airflow/.local/lib/python3.8/site-packages/airflow/example_dags/tutorial_taskflow_api_virtualenv.py took 0.055 seconds
[2023-12-03T10:04:14.805+0000] {processor.py:157} INFO - Started process (PID=2442) to work on /home/airflow/.local/lib/python3.8/site-packages/airflow/example_dags/tutorial_taskflow_api_virtualenv.py
[2023-12-03T10:04:14.807+0000] {processor.py:829} INFO - Processing file /home/airflow/.local/lib/python3.8/site-packages/airflow/example_dags/tutorial_taskflow_api_virtualenv.py for tasks to queue
[2023-12-03T10:04:14.809+0000] {logging_mixin.py:154} INFO - [2023-12-03T10:04:14.809+0000] {dagbag.py:536} INFO - Filling up the DagBag from /home/airflow/.local/lib/python3.8/site-packages/airflow/example_dags/tutorial_taskflow_api_virtualenv.py
[2023-12-03T10:04:14.817+0000] {processor.py:839} INFO - DAG(s) dict_keys(['tutorial_taskflow_api_virtualenv']) retrieved from /home/airflow/.local/lib/python3.8/site-packages/airflow/example_dags/tutorial_taskflow_api_virtualenv.py
[2023-12-03T10:04:14.837+0000] {logging_mixin.py:154} INFO - [2023-12-03T10:04:14.836+0000] {dag.py:2941} INFO - Sync 1 DAGs
[2023-12-03T10:04:14.848+0000] {logging_mixin.py:154} INFO - [2023-12-03T10:04:14.848+0000] {dag.py:3722} INFO - Setting next_dagrun for tutorial_taskflow_api_virtualenv to None, run_after=None
[2023-12-03T10:04:14.866+0000] {processor.py:179} INFO - Processing /home/airflow/.local/lib/python3.8/site-packages/airflow/example_dags/tutorial_taskflow_api_virtualenv.py took 0.064 seconds
[2023-12-03T10:04:45.402+0000] {processor.py:157} INFO - Started process (PID=2500) to work on /home/airflow/.local/lib/python3.8/site-packages/airflow/example_dags/tutorial_taskflow_api_virtualenv.py
[2023-12-03T10:04:45.403+0000] {processor.py:829} INFO - Processing file /home/airflow/.local/lib/python3.8/site-packages/airflow/example_dags/tutorial_taskflow_api_virtualenv.py for tasks to queue
[2023-12-03T10:04:45.405+0000] {logging_mixin.py:154} INFO - [2023-12-03T10:04:45.405+0000] {dagbag.py:536} INFO - Filling up the DagBag from /home/airflow/.local/lib/python3.8/site-packages/airflow/example_dags/tutorial_taskflow_api_virtualenv.py
[2023-12-03T10:04:45.412+0000] {processor.py:839} INFO - DAG(s) dict_keys(['tutorial_taskflow_api_virtualenv']) retrieved from /home/airflow/.local/lib/python3.8/site-packages/airflow/example_dags/tutorial_taskflow_api_virtualenv.py
[2023-12-03T10:04:45.433+0000] {logging_mixin.py:154} INFO - [2023-12-03T10:04:45.432+0000] {dag.py:2941} INFO - Sync 1 DAGs
[2023-12-03T10:04:45.445+0000] {logging_mixin.py:154} INFO - [2023-12-03T10:04:45.445+0000] {dag.py:3722} INFO - Setting next_dagrun for tutorial_taskflow_api_virtualenv to None, run_after=None
[2023-12-03T10:04:45.461+0000] {processor.py:179} INFO - Processing /home/airflow/.local/lib/python3.8/site-packages/airflow/example_dags/tutorial_taskflow_api_virtualenv.py took 0.062 seconds
[2023-12-03T10:05:15.560+0000] {processor.py:157} INFO - Started process (PID=2558) to work on /home/airflow/.local/lib/python3.8/site-packages/airflow/example_dags/tutorial_taskflow_api_virtualenv.py
[2023-12-03T10:05:15.561+0000] {processor.py:829} INFO - Processing file /home/airflow/.local/lib/python3.8/site-packages/airflow/example_dags/tutorial_taskflow_api_virtualenv.py for tasks to queue
[2023-12-03T10:05:15.563+0000] {logging_mixin.py:154} INFO - [2023-12-03T10:05:15.563+0000] {dagbag.py:536} INFO - Filling up the DagBag from /home/airflow/.local/lib/python3.8/site-packages/airflow/example_dags/tutorial_taskflow_api_virtualenv.py
[2023-12-03T10:05:15.570+0000] {processor.py:839} INFO - DAG(s) dict_keys(['tutorial_taskflow_api_virtualenv']) retrieved from /home/airflow/.local/lib/python3.8/site-packages/airflow/example_dags/tutorial_taskflow_api_virtualenv.py
[2023-12-03T10:05:15.590+0000] {logging_mixin.py:154} INFO - [2023-12-03T10:05:15.590+0000] {dag.py:2941} INFO - Sync 1 DAGs
[2023-12-03T10:05:15.603+0000] {logging_mixin.py:154} INFO - [2023-12-03T10:05:15.603+0000] {dag.py:3722} INFO - Setting next_dagrun for tutorial_taskflow_api_virtualenv to None, run_after=None
[2023-12-03T10:05:15.619+0000] {processor.py:179} INFO - Processing /home/airflow/.local/lib/python3.8/site-packages/airflow/example_dags/tutorial_taskflow_api_virtualenv.py took 0.063 seconds
[2023-12-03T10:05:45.739+0000] {processor.py:157} INFO - Started process (PID=2615) to work on /home/airflow/.local/lib/python3.8/site-packages/airflow/example_dags/tutorial_taskflow_api_virtualenv.py
[2023-12-03T10:05:45.740+0000] {processor.py:829} INFO - Processing file /home/airflow/.local/lib/python3.8/site-packages/airflow/example_dags/tutorial_taskflow_api_virtualenv.py for tasks to queue
[2023-12-03T10:05:45.743+0000] {logging_mixin.py:154} INFO - [2023-12-03T10:05:45.742+0000] {dagbag.py:536} INFO - Filling up the DagBag from /home/airflow/.local/lib/python3.8/site-packages/airflow/example_dags/tutorial_taskflow_api_virtualenv.py
[2023-12-03T10:05:45.750+0000] {processor.py:839} INFO - DAG(s) dict_keys(['tutorial_taskflow_api_virtualenv']) retrieved from /home/airflow/.local/lib/python3.8/site-packages/airflow/example_dags/tutorial_taskflow_api_virtualenv.py
[2023-12-03T10:05:45.770+0000] {logging_mixin.py:154} INFO - [2023-12-03T10:05:45.770+0000] {dag.py:2941} INFO - Sync 1 DAGs
[2023-12-03T10:05:45.782+0000] {logging_mixin.py:154} INFO - [2023-12-03T10:05:45.781+0000] {dag.py:3722} INFO - Setting next_dagrun for tutorial_taskflow_api_virtualenv to None, run_after=None
[2023-12-03T10:05:45.798+0000] {processor.py:179} INFO - Processing /home/airflow/.local/lib/python3.8/site-packages/airflow/example_dags/tutorial_taskflow_api_virtualenv.py took 0.062 seconds
[2023-12-03T10:06:15.993+0000] {processor.py:157} INFO - Started process (PID=2673) to work on /home/airflow/.local/lib/python3.8/site-packages/airflow/example_dags/tutorial_taskflow_api_virtualenv.py
[2023-12-03T10:06:15.994+0000] {processor.py:829} INFO - Processing file /home/airflow/.local/lib/python3.8/site-packages/airflow/example_dags/tutorial_taskflow_api_virtualenv.py for tasks to queue
[2023-12-03T10:06:15.997+0000] {logging_mixin.py:154} INFO - [2023-12-03T10:06:15.996+0000] {dagbag.py:536} INFO - Filling up the DagBag from /home/airflow/.local/lib/python3.8/site-packages/airflow/example_dags/tutorial_taskflow_api_virtualenv.py
[2023-12-03T10:06:16.004+0000] {processor.py:839} INFO - DAG(s) dict_keys(['tutorial_taskflow_api_virtualenv']) retrieved from /home/airflow/.local/lib/python3.8/site-packages/airflow/example_dags/tutorial_taskflow_api_virtualenv.py
[2023-12-03T10:06:16.024+0000] {logging_mixin.py:154} INFO - [2023-12-03T10:06:16.023+0000] {dag.py:2941} INFO - Sync 1 DAGs
[2023-12-03T10:06:16.036+0000] {logging_mixin.py:154} INFO - [2023-12-03T10:06:16.036+0000] {dag.py:3722} INFO - Setting next_dagrun for tutorial_taskflow_api_virtualenv to None, run_after=None
[2023-12-03T10:06:16.052+0000] {processor.py:179} INFO - Processing /home/airflow/.local/lib/python3.8/site-packages/airflow/example_dags/tutorial_taskflow_api_virtualenv.py took 0.062 seconds
[2023-12-03T10:06:46.375+0000] {processor.py:157} INFO - Started process (PID=2731) to work on /home/airflow/.local/lib/python3.8/site-packages/airflow/example_dags/tutorial_taskflow_api_virtualenv.py
[2023-12-03T10:06:46.377+0000] {processor.py:829} INFO - Processing file /home/airflow/.local/lib/python3.8/site-packages/airflow/example_dags/tutorial_taskflow_api_virtualenv.py for tasks to queue
[2023-12-03T10:06:46.379+0000] {logging_mixin.py:154} INFO - [2023-12-03T10:06:46.379+0000] {dagbag.py:536} INFO - Filling up the DagBag from /home/airflow/.local/lib/python3.8/site-packages/airflow/example_dags/tutorial_taskflow_api_virtualenv.py
[2023-12-03T10:06:46.385+0000] {processor.py:839} INFO - DAG(s) dict_keys(['tutorial_taskflow_api_virtualenv']) retrieved from /home/airflow/.local/lib/python3.8/site-packages/airflow/example_dags/tutorial_taskflow_api_virtualenv.py
[2023-12-03T10:06:46.404+0000] {logging_mixin.py:154} INFO - [2023-12-03T10:06:46.404+0000] {dag.py:2941} INFO - Sync 1 DAGs
[2023-12-03T10:06:46.416+0000] {logging_mixin.py:154} INFO - [2023-12-03T10:06:46.415+0000] {dag.py:3722} INFO - Setting next_dagrun for tutorial_taskflow_api_virtualenv to None, run_after=None
[2023-12-03T10:06:46.432+0000] {processor.py:179} INFO - Processing /home/airflow/.local/lib/python3.8/site-packages/airflow/example_dags/tutorial_taskflow_api_virtualenv.py took 0.060 seconds
[2023-12-03T10:07:16.535+0000] {processor.py:157} INFO - Started process (PID=2789) to work on /home/airflow/.local/lib/python3.8/site-packages/airflow/example_dags/tutorial_taskflow_api_virtualenv.py
[2023-12-03T10:07:16.536+0000] {processor.py:829} INFO - Processing file /home/airflow/.local/lib/python3.8/site-packages/airflow/example_dags/tutorial_taskflow_api_virtualenv.py for tasks to queue
[2023-12-03T10:07:16.538+0000] {logging_mixin.py:154} INFO - [2023-12-03T10:07:16.538+0000] {dagbag.py:536} INFO - Filling up the DagBag from /home/airflow/.local/lib/python3.8/site-packages/airflow/example_dags/tutorial_taskflow_api_virtualenv.py
[2023-12-03T10:07:16.546+0000] {processor.py:839} INFO - DAG(s) dict_keys(['tutorial_taskflow_api_virtualenv']) retrieved from /home/airflow/.local/lib/python3.8/site-packages/airflow/example_dags/tutorial_taskflow_api_virtualenv.py
[2023-12-03T10:07:16.563+0000] {logging_mixin.py:154} INFO - [2023-12-03T10:07:16.563+0000] {dag.py:2941} INFO - Sync 1 DAGs
[2023-12-03T10:07:16.574+0000] {logging_mixin.py:154} INFO - [2023-12-03T10:07:16.574+0000] {dag.py:3722} INFO - Setting next_dagrun for tutorial_taskflow_api_virtualenv to None, run_after=None
[2023-12-03T10:07:16.588+0000] {processor.py:179} INFO - Processing /home/airflow/.local/lib/python3.8/site-packages/airflow/example_dags/tutorial_taskflow_api_virtualenv.py took 0.057 seconds
[2023-12-03T10:07:46.928+0000] {processor.py:157} INFO - Started process (PID=2847) to work on /home/airflow/.local/lib/python3.8/site-packages/airflow/example_dags/tutorial_taskflow_api_virtualenv.py
[2023-12-03T10:07:46.929+0000] {processor.py:829} INFO - Processing file /home/airflow/.local/lib/python3.8/site-packages/airflow/example_dags/tutorial_taskflow_api_virtualenv.py for tasks to queue
[2023-12-03T10:07:46.931+0000] {logging_mixin.py:154} INFO - [2023-12-03T10:07:46.931+0000] {dagbag.py:536} INFO - Filling up the DagBag from /home/airflow/.local/lib/python3.8/site-packages/airflow/example_dags/tutorial_taskflow_api_virtualenv.py
[2023-12-03T10:07:46.936+0000] {processor.py:839} INFO - DAG(s) dict_keys(['tutorial_taskflow_api_virtualenv']) retrieved from /home/airflow/.local/lib/python3.8/site-packages/airflow/example_dags/tutorial_taskflow_api_virtualenv.py
[2023-12-03T10:07:46.951+0000] {logging_mixin.py:154} INFO - [2023-12-03T10:07:46.951+0000] {dag.py:2941} INFO - Sync 1 DAGs
[2023-12-03T10:07:46.960+0000] {logging_mixin.py:154} INFO - [2023-12-03T10:07:46.960+0000] {dag.py:3722} INFO - Setting next_dagrun for tutorial_taskflow_api_virtualenv to None, run_after=None
[2023-12-03T10:07:46.971+0000] {processor.py:179} INFO - Processing /home/airflow/.local/lib/python3.8/site-packages/airflow/example_dags/tutorial_taskflow_api_virtualenv.py took 0.046 seconds
[2023-12-03T11:28:19.763+0000] {processor.py:157} INFO - Started process (PID=2903) to work on /home/airflow/.local/lib/python3.8/site-packages/airflow/example_dags/tutorial_taskflow_api_virtualenv.py
[2023-12-03T11:28:19.765+0000] {processor.py:829} INFO - Processing file /home/airflow/.local/lib/python3.8/site-packages/airflow/example_dags/tutorial_taskflow_api_virtualenv.py for tasks to queue
[2023-12-03T11:28:19.767+0000] {logging_mixin.py:154} INFO - [2023-12-03T11:28:19.767+0000] {dagbag.py:536} INFO - Filling up the DagBag from /home/airflow/.local/lib/python3.8/site-packages/airflow/example_dags/tutorial_taskflow_api_virtualenv.py
[2023-12-03T11:28:19.777+0000] {processor.py:839} INFO - DAG(s) dict_keys(['tutorial_taskflow_api_virtualenv']) retrieved from /home/airflow/.local/lib/python3.8/site-packages/airflow/example_dags/tutorial_taskflow_api_virtualenv.py
[2023-12-03T11:28:19.801+0000] {logging_mixin.py:154} INFO - [2023-12-03T11:28:19.801+0000] {dag.py:2941} INFO - Sync 1 DAGs
[2023-12-03T11:28:19.812+0000] {logging_mixin.py:154} INFO - [2023-12-03T11:28:19.812+0000] {dag.py:3722} INFO - Setting next_dagrun for tutorial_taskflow_api_virtualenv to None, run_after=None
[2023-12-03T11:28:19.825+0000] {processor.py:179} INFO - Processing /home/airflow/.local/lib/python3.8/site-packages/airflow/example_dags/tutorial_taskflow_api_virtualenv.py took 0.065 seconds
[2023-12-03T12:09:29.276+0000] {processor.py:157} INFO - Started process (PID=2960) to work on /home/airflow/.local/lib/python3.8/site-packages/airflow/example_dags/tutorial_taskflow_api_virtualenv.py
[2023-12-03T12:09:29.278+0000] {processor.py:829} INFO - Processing file /home/airflow/.local/lib/python3.8/site-packages/airflow/example_dags/tutorial_taskflow_api_virtualenv.py for tasks to queue
[2023-12-03T12:09:29.281+0000] {logging_mixin.py:154} INFO - [2023-12-03T12:09:29.280+0000] {dagbag.py:536} INFO - Filling up the DagBag from /home/airflow/.local/lib/python3.8/site-packages/airflow/example_dags/tutorial_taskflow_api_virtualenv.py
[2023-12-03T12:09:29.291+0000] {processor.py:839} INFO - DAG(s) dict_keys(['tutorial_taskflow_api_virtualenv']) retrieved from /home/airflow/.local/lib/python3.8/site-packages/airflow/example_dags/tutorial_taskflow_api_virtualenv.py
[2023-12-03T12:09:29.308+0000] {logging_mixin.py:154} INFO - [2023-12-03T12:09:29.308+0000] {dag.py:2941} INFO - Sync 1 DAGs
[2023-12-03T12:09:29.320+0000] {logging_mixin.py:154} INFO - [2023-12-03T12:09:29.320+0000] {dag.py:3722} INFO - Setting next_dagrun for tutorial_taskflow_api_virtualenv to None, run_after=None
[2023-12-03T12:09:29.333+0000] {processor.py:179} INFO - Processing /home/airflow/.local/lib/python3.8/site-packages/airflow/example_dags/tutorial_taskflow_api_virtualenv.py took 0.060 seconds
[2023-12-03T12:27:31.224+0000] {processor.py:157} INFO - Started process (PID=3018) to work on /home/airflow/.local/lib/python3.8/site-packages/airflow/example_dags/tutorial_taskflow_api_virtualenv.py
[2023-12-03T12:27:31.228+0000] {processor.py:829} INFO - Processing file /home/airflow/.local/lib/python3.8/site-packages/airflow/example_dags/tutorial_taskflow_api_virtualenv.py for tasks to queue
[2023-12-03T12:27:31.233+0000] {logging_mixin.py:154} INFO - [2023-12-03T12:27:31.232+0000] {dagbag.py:536} INFO - Filling up the DagBag from /home/airflow/.local/lib/python3.8/site-packages/airflow/example_dags/tutorial_taskflow_api_virtualenv.py
[2023-12-03T12:27:31.241+0000] {processor.py:839} INFO - DAG(s) dict_keys(['tutorial_taskflow_api_virtualenv']) retrieved from /home/airflow/.local/lib/python3.8/site-packages/airflow/example_dags/tutorial_taskflow_api_virtualenv.py
[2023-12-03T12:27:31.265+0000] {logging_mixin.py:154} INFO - [2023-12-03T12:27:31.265+0000] {dag.py:2941} INFO - Sync 1 DAGs
[2023-12-03T12:27:31.281+0000] {logging_mixin.py:154} INFO - [2023-12-03T12:27:31.281+0000] {dag.py:3722} INFO - Setting next_dagrun for tutorial_taskflow_api_virtualenv to None, run_after=None
[2023-12-03T12:27:31.301+0000] {processor.py:179} INFO - Processing /home/airflow/.local/lib/python3.8/site-packages/airflow/example_dags/tutorial_taskflow_api_virtualenv.py took 0.081 seconds
[2023-12-03T12:44:54.412+0000] {processor.py:157} INFO - Started process (PID=3069) to work on /home/airflow/.local/lib/python3.8/site-packages/airflow/example_dags/tutorial_taskflow_api_virtualenv.py
[2023-12-03T12:44:54.418+0000] {processor.py:829} INFO - Processing file /home/airflow/.local/lib/python3.8/site-packages/airflow/example_dags/tutorial_taskflow_api_virtualenv.py for tasks to queue
[2023-12-03T12:44:54.421+0000] {logging_mixin.py:154} INFO - [2023-12-03T12:44:54.421+0000] {dagbag.py:536} INFO - Filling up the DagBag from /home/airflow/.local/lib/python3.8/site-packages/airflow/example_dags/tutorial_taskflow_api_virtualenv.py
[2023-12-03T12:44:54.430+0000] {processor.py:839} INFO - DAG(s) dict_keys(['tutorial_taskflow_api_virtualenv']) retrieved from /home/airflow/.local/lib/python3.8/site-packages/airflow/example_dags/tutorial_taskflow_api_virtualenv.py
[2023-12-03T12:44:54.466+0000] {logging_mixin.py:154} INFO - [2023-12-03T12:44:54.465+0000] {dag.py:2941} INFO - Sync 1 DAGs
[2023-12-03T12:44:54.482+0000] {logging_mixin.py:154} INFO - [2023-12-03T12:44:54.481+0000] {dag.py:3722} INFO - Setting next_dagrun for tutorial_taskflow_api_virtualenv to None, run_after=None
[2023-12-03T12:44:54.654+0000] {processor.py:179} INFO - Processing /home/airflow/.local/lib/python3.8/site-packages/airflow/example_dags/tutorial_taskflow_api_virtualenv.py took 0.246 seconds
[2023-12-03T13:35:10.298+0000] {processor.py:157} INFO - Started process (PID=3127) to work on /home/airflow/.local/lib/python3.8/site-packages/airflow/example_dags/tutorial_taskflow_api_virtualenv.py
[2023-12-03T13:35:10.299+0000] {processor.py:829} INFO - Processing file /home/airflow/.local/lib/python3.8/site-packages/airflow/example_dags/tutorial_taskflow_api_virtualenv.py for tasks to queue
[2023-12-03T13:35:10.301+0000] {logging_mixin.py:154} INFO - [2023-12-03T13:35:10.301+0000] {dagbag.py:536} INFO - Filling up the DagBag from /home/airflow/.local/lib/python3.8/site-packages/airflow/example_dags/tutorial_taskflow_api_virtualenv.py
[2023-12-03T13:35:10.308+0000] {processor.py:839} INFO - DAG(s) dict_keys(['tutorial_taskflow_api_virtualenv']) retrieved from /home/airflow/.local/lib/python3.8/site-packages/airflow/example_dags/tutorial_taskflow_api_virtualenv.py
[2023-12-03T13:35:10.325+0000] {logging_mixin.py:154} INFO - [2023-12-03T13:35:10.325+0000] {dag.py:2941} INFO - Sync 1 DAGs
[2023-12-03T13:35:10.335+0000] {logging_mixin.py:154} INFO - [2023-12-03T13:35:10.335+0000] {dag.py:3722} INFO - Setting next_dagrun for tutorial_taskflow_api_virtualenv to None, run_after=None
[2023-12-03T13:35:10.352+0000] {processor.py:179} INFO - Processing /home/airflow/.local/lib/python3.8/site-packages/airflow/example_dags/tutorial_taskflow_api_virtualenv.py took 0.058 seconds
[2023-12-03T14:27:23.806+0000] {processor.py:157} INFO - Started process (PID=3185) to work on /home/airflow/.local/lib/python3.8/site-packages/airflow/example_dags/tutorial_taskflow_api_virtualenv.py
[2023-12-03T14:27:23.807+0000] {processor.py:829} INFO - Processing file /home/airflow/.local/lib/python3.8/site-packages/airflow/example_dags/tutorial_taskflow_api_virtualenv.py for tasks to queue
[2023-12-03T14:27:23.811+0000] {logging_mixin.py:154} INFO - [2023-12-03T14:27:23.811+0000] {dagbag.py:536} INFO - Filling up the DagBag from /home/airflow/.local/lib/python3.8/site-packages/airflow/example_dags/tutorial_taskflow_api_virtualenv.py
[2023-12-03T14:27:23.819+0000] {processor.py:839} INFO - DAG(s) dict_keys(['tutorial_taskflow_api_virtualenv']) retrieved from /home/airflow/.local/lib/python3.8/site-packages/airflow/example_dags/tutorial_taskflow_api_virtualenv.py
[2023-12-03T14:27:23.863+0000] {logging_mixin.py:154} INFO - [2023-12-03T14:27:23.863+0000] {dag.py:2941} INFO - Sync 1 DAGs
[2023-12-03T14:27:23.874+0000] {logging_mixin.py:154} INFO - [2023-12-03T14:27:23.874+0000] {dag.py:3722} INFO - Setting next_dagrun for tutorial_taskflow_api_virtualenv to None, run_after=None
[2023-12-03T14:27:23.903+0000] {processor.py:179} INFO - Processing /home/airflow/.local/lib/python3.8/site-packages/airflow/example_dags/tutorial_taskflow_api_virtualenv.py took 0.101 seconds
[2023-12-03T15:18:32.755+0000] {processor.py:157} INFO - Started process (PID=3243) to work on /home/airflow/.local/lib/python3.8/site-packages/airflow/example_dags/tutorial_taskflow_api_virtualenv.py
[2023-12-03T15:18:32.756+0000] {processor.py:829} INFO - Processing file /home/airflow/.local/lib/python3.8/site-packages/airflow/example_dags/tutorial_taskflow_api_virtualenv.py for tasks to queue
[2023-12-03T15:18:32.759+0000] {logging_mixin.py:154} INFO - [2023-12-03T15:18:32.758+0000] {dagbag.py:536} INFO - Filling up the DagBag from /home/airflow/.local/lib/python3.8/site-packages/airflow/example_dags/tutorial_taskflow_api_virtualenv.py
[2023-12-03T15:18:32.765+0000] {processor.py:839} INFO - DAG(s) dict_keys(['tutorial_taskflow_api_virtualenv']) retrieved from /home/airflow/.local/lib/python3.8/site-packages/airflow/example_dags/tutorial_taskflow_api_virtualenv.py
[2023-12-03T15:18:32.780+0000] {logging_mixin.py:154} INFO - [2023-12-03T15:18:32.780+0000] {dag.py:2941} INFO - Sync 1 DAGs
[2023-12-03T15:18:32.789+0000] {logging_mixin.py:154} INFO - [2023-12-03T15:18:32.789+0000] {dag.py:3722} INFO - Setting next_dagrun for tutorial_taskflow_api_virtualenv to None, run_after=None
[2023-12-03T15:18:32.802+0000] {processor.py:179} INFO - Processing /home/airflow/.local/lib/python3.8/site-packages/airflow/example_dags/tutorial_taskflow_api_virtualenv.py took 0.051 seconds
[2023-12-03T16:07:32.769+0000] {processor.py:157} INFO - Started process (PID=3308) to work on /home/airflow/.local/lib/python3.8/site-packages/airflow/example_dags/tutorial_taskflow_api_virtualenv.py
[2023-12-03T16:07:32.770+0000] {processor.py:829} INFO - Processing file /home/airflow/.local/lib/python3.8/site-packages/airflow/example_dags/tutorial_taskflow_api_virtualenv.py for tasks to queue
[2023-12-03T16:07:32.773+0000] {logging_mixin.py:154} INFO - [2023-12-03T16:07:32.773+0000] {dagbag.py:536} INFO - Filling up the DagBag from /home/airflow/.local/lib/python3.8/site-packages/airflow/example_dags/tutorial_taskflow_api_virtualenv.py
[2023-12-03T16:07:32.780+0000] {processor.py:839} INFO - DAG(s) dict_keys(['tutorial_taskflow_api_virtualenv']) retrieved from /home/airflow/.local/lib/python3.8/site-packages/airflow/example_dags/tutorial_taskflow_api_virtualenv.py
[2023-12-03T16:07:32.815+0000] {logging_mixin.py:154} INFO - [2023-12-03T16:07:32.815+0000] {dag.py:2941} INFO - Sync 1 DAGs
[2023-12-03T16:07:32.842+0000] {logging_mixin.py:154} INFO - [2023-12-03T16:07:32.841+0000] {dag.py:3722} INFO - Setting next_dagrun for tutorial_taskflow_api_virtualenv to None, run_after=None
[2023-12-03T16:07:32.925+0000] {processor.py:179} INFO - Processing /home/airflow/.local/lib/python3.8/site-packages/airflow/example_dags/tutorial_taskflow_api_virtualenv.py took 0.160 seconds
[2023-12-03T16:58:03.880+0000] {processor.py:157} INFO - Started process (PID=3359) to work on /home/airflow/.local/lib/python3.8/site-packages/airflow/example_dags/tutorial_taskflow_api_virtualenv.py
[2023-12-03T16:58:03.881+0000] {processor.py:829} INFO - Processing file /home/airflow/.local/lib/python3.8/site-packages/airflow/example_dags/tutorial_taskflow_api_virtualenv.py for tasks to queue
[2023-12-03T16:58:03.883+0000] {logging_mixin.py:154} INFO - [2023-12-03T16:58:03.883+0000] {dagbag.py:536} INFO - Filling up the DagBag from /home/airflow/.local/lib/python3.8/site-packages/airflow/example_dags/tutorial_taskflow_api_virtualenv.py
[2023-12-03T16:58:03.889+0000] {processor.py:839} INFO - DAG(s) dict_keys(['tutorial_taskflow_api_virtualenv']) retrieved from /home/airflow/.local/lib/python3.8/site-packages/airflow/example_dags/tutorial_taskflow_api_virtualenv.py
[2023-12-03T16:58:03.906+0000] {logging_mixin.py:154} INFO - [2023-12-03T16:58:03.906+0000] {dag.py:2941} INFO - Sync 1 DAGs
[2023-12-03T16:58:03.916+0000] {logging_mixin.py:154} INFO - [2023-12-03T16:58:03.916+0000] {dag.py:3722} INFO - Setting next_dagrun for tutorial_taskflow_api_virtualenv to None, run_after=None
[2023-12-03T16:58:03.932+0000] {processor.py:179} INFO - Processing /home/airflow/.local/lib/python3.8/site-packages/airflow/example_dags/tutorial_taskflow_api_virtualenv.py took 0.056 seconds
[2023-12-03T17:46:21.861+0000] {processor.py:157} INFO - Started process (PID=3417) to work on /home/airflow/.local/lib/python3.8/site-packages/airflow/example_dags/tutorial_taskflow_api_virtualenv.py
[2023-12-03T17:46:21.863+0000] {processor.py:829} INFO - Processing file /home/airflow/.local/lib/python3.8/site-packages/airflow/example_dags/tutorial_taskflow_api_virtualenv.py for tasks to queue
[2023-12-03T17:46:21.867+0000] {logging_mixin.py:154} INFO - [2023-12-03T17:46:21.866+0000] {dagbag.py:536} INFO - Filling up the DagBag from /home/airflow/.local/lib/python3.8/site-packages/airflow/example_dags/tutorial_taskflow_api_virtualenv.py
[2023-12-03T17:46:21.878+0000] {processor.py:839} INFO - DAG(s) dict_keys(['tutorial_taskflow_api_virtualenv']) retrieved from /home/airflow/.local/lib/python3.8/site-packages/airflow/example_dags/tutorial_taskflow_api_virtualenv.py
[2023-12-03T17:46:21.907+0000] {logging_mixin.py:154} INFO - [2023-12-03T17:46:21.905+0000] {dag.py:2941} INFO - Sync 1 DAGs
[2023-12-03T17:46:21.930+0000] {logging_mixin.py:154} INFO - [2023-12-03T17:46:21.929+0000] {dag.py:3722} INFO - Setting next_dagrun for tutorial_taskflow_api_virtualenv to None, run_after=None
[2023-12-03T17:46:21.986+0000] {processor.py:179} INFO - Processing /home/airflow/.local/lib/python3.8/site-packages/airflow/example_dags/tutorial_taskflow_api_virtualenv.py took 0.128 seconds
[2023-12-03T18:33:41.739+0000] {processor.py:157} INFO - Started process (PID=3475) to work on /home/airflow/.local/lib/python3.8/site-packages/airflow/example_dags/tutorial_taskflow_api_virtualenv.py
[2023-12-03T18:33:41.740+0000] {processor.py:829} INFO - Processing file /home/airflow/.local/lib/python3.8/site-packages/airflow/example_dags/tutorial_taskflow_api_virtualenv.py for tasks to queue
[2023-12-03T18:33:41.743+0000] {logging_mixin.py:154} INFO - [2023-12-03T18:33:41.743+0000] {dagbag.py:536} INFO - Filling up the DagBag from /home/airflow/.local/lib/python3.8/site-packages/airflow/example_dags/tutorial_taskflow_api_virtualenv.py
[2023-12-03T18:33:41.750+0000] {processor.py:839} INFO - DAG(s) dict_keys(['tutorial_taskflow_api_virtualenv']) retrieved from /home/airflow/.local/lib/python3.8/site-packages/airflow/example_dags/tutorial_taskflow_api_virtualenv.py
[2023-12-03T18:33:41.767+0000] {logging_mixin.py:154} INFO - [2023-12-03T18:33:41.767+0000] {dag.py:2941} INFO - Sync 1 DAGs
[2023-12-03T18:33:41.777+0000] {logging_mixin.py:154} INFO - [2023-12-03T18:33:41.777+0000] {dag.py:3722} INFO - Setting next_dagrun for tutorial_taskflow_api_virtualenv to None, run_after=None
[2023-12-03T18:33:41.791+0000] {processor.py:179} INFO - Processing /home/airflow/.local/lib/python3.8/site-packages/airflow/example_dags/tutorial_taskflow_api_virtualenv.py took 0.055 seconds
[2023-12-03T19:06:26.027+0000] {processor.py:157} INFO - Started process (PID=3533) to work on /home/airflow/.local/lib/python3.8/site-packages/airflow/example_dags/tutorial_taskflow_api_virtualenv.py
[2023-12-03T19:06:26.028+0000] {processor.py:829} INFO - Processing file /home/airflow/.local/lib/python3.8/site-packages/airflow/example_dags/tutorial_taskflow_api_virtualenv.py for tasks to queue
[2023-12-03T19:06:26.030+0000] {logging_mixin.py:154} INFO - [2023-12-03T19:06:26.029+0000] {dagbag.py:536} INFO - Filling up the DagBag from /home/airflow/.local/lib/python3.8/site-packages/airflow/example_dags/tutorial_taskflow_api_virtualenv.py
[2023-12-03T19:06:26.034+0000] {processor.py:839} INFO - DAG(s) dict_keys(['tutorial_taskflow_api_virtualenv']) retrieved from /home/airflow/.local/lib/python3.8/site-packages/airflow/example_dags/tutorial_taskflow_api_virtualenv.py
[2023-12-03T19:06:26.101+0000] {logging_mixin.py:154} INFO - [2023-12-03T19:06:26.096+0000] {dag.py:2941} INFO - Sync 1 DAGs
[2023-12-03T19:06:26.160+0000] {logging_mixin.py:154} INFO - [2023-12-03T19:06:26.157+0000] {dag.py:3722} INFO - Setting next_dagrun for tutorial_taskflow_api_virtualenv to None, run_after=None
[2023-12-03T19:06:26.195+0000] {processor.py:179} INFO - Processing /home/airflow/.local/lib/python3.8/site-packages/airflow/example_dags/tutorial_taskflow_api_virtualenv.py took 0.171 seconds
[2023-12-03T19:22:01.458+0000] {processor.py:157} INFO - Started process (PID=3591) to work on /home/airflow/.local/lib/python3.8/site-packages/airflow/example_dags/tutorial_taskflow_api_virtualenv.py
[2023-12-03T19:22:01.459+0000] {processor.py:829} INFO - Processing file /home/airflow/.local/lib/python3.8/site-packages/airflow/example_dags/tutorial_taskflow_api_virtualenv.py for tasks to queue
[2023-12-03T19:22:01.461+0000] {logging_mixin.py:154} INFO - [2023-12-03T19:22:01.461+0000] {dagbag.py:536} INFO - Filling up the DagBag from /home/airflow/.local/lib/python3.8/site-packages/airflow/example_dags/tutorial_taskflow_api_virtualenv.py
[2023-12-03T19:22:01.466+0000] {processor.py:839} INFO - DAG(s) dict_keys(['tutorial_taskflow_api_virtualenv']) retrieved from /home/airflow/.local/lib/python3.8/site-packages/airflow/example_dags/tutorial_taskflow_api_virtualenv.py
[2023-12-03T19:22:01.481+0000] {logging_mixin.py:154} INFO - [2023-12-03T19:22:01.480+0000] {dag.py:2941} INFO - Sync 1 DAGs
[2023-12-03T19:22:01.488+0000] {logging_mixin.py:154} INFO - [2023-12-03T19:22:01.488+0000] {dag.py:3722} INFO - Setting next_dagrun for tutorial_taskflow_api_virtualenv to None, run_after=None
[2023-12-03T19:22:01.499+0000] {processor.py:179} INFO - Processing /home/airflow/.local/lib/python3.8/site-packages/airflow/example_dags/tutorial_taskflow_api_virtualenv.py took 0.044 seconds
[2023-12-03T20:11:32.973+0000] {processor.py:157} INFO - Started process (PID=3648) to work on /home/airflow/.local/lib/python3.8/site-packages/airflow/example_dags/tutorial_taskflow_api_virtualenv.py
[2023-12-03T20:11:32.975+0000] {processor.py:829} INFO - Processing file /home/airflow/.local/lib/python3.8/site-packages/airflow/example_dags/tutorial_taskflow_api_virtualenv.py for tasks to queue
[2023-12-03T20:11:32.978+0000] {logging_mixin.py:154} INFO - [2023-12-03T20:11:32.978+0000] {dagbag.py:536} INFO - Filling up the DagBag from /home/airflow/.local/lib/python3.8/site-packages/airflow/example_dags/tutorial_taskflow_api_virtualenv.py
[2023-12-03T20:11:32.983+0000] {processor.py:839} INFO - DAG(s) dict_keys(['tutorial_taskflow_api_virtualenv']) retrieved from /home/airflow/.local/lib/python3.8/site-packages/airflow/example_dags/tutorial_taskflow_api_virtualenv.py
[2023-12-03T20:11:33.004+0000] {logging_mixin.py:154} INFO - [2023-12-03T20:11:33.004+0000] {dag.py:2941} INFO - Sync 1 DAGs
[2023-12-03T20:11:33.014+0000] {logging_mixin.py:154} INFO - [2023-12-03T20:11:33.014+0000] {dag.py:3722} INFO - Setting next_dagrun for tutorial_taskflow_api_virtualenv to None, run_after=None
[2023-12-03T20:11:33.027+0000] {processor.py:179} INFO - Processing /home/airflow/.local/lib/python3.8/site-packages/airflow/example_dags/tutorial_taskflow_api_virtualenv.py took 0.057 seconds
[2023-12-03T21:36:33.153+0000] {processor.py:157} INFO - Started process (PID=3706) to work on /home/airflow/.local/lib/python3.8/site-packages/airflow/example_dags/tutorial_taskflow_api_virtualenv.py
[2023-12-03T21:36:33.155+0000] {processor.py:829} INFO - Processing file /home/airflow/.local/lib/python3.8/site-packages/airflow/example_dags/tutorial_taskflow_api_virtualenv.py for tasks to queue
[2023-12-03T21:36:33.157+0000] {logging_mixin.py:154} INFO - [2023-12-03T21:36:33.157+0000] {dagbag.py:536} INFO - Filling up the DagBag from /home/airflow/.local/lib/python3.8/site-packages/airflow/example_dags/tutorial_taskflow_api_virtualenv.py
[2023-12-03T21:36:33.164+0000] {processor.py:839} INFO - DAG(s) dict_keys(['tutorial_taskflow_api_virtualenv']) retrieved from /home/airflow/.local/lib/python3.8/site-packages/airflow/example_dags/tutorial_taskflow_api_virtualenv.py
[2023-12-03T21:36:33.181+0000] {logging_mixin.py:154} INFO - [2023-12-03T21:36:33.181+0000] {dag.py:2941} INFO - Sync 1 DAGs
[2023-12-03T21:36:33.189+0000] {logging_mixin.py:154} INFO - [2023-12-03T21:36:33.189+0000] {dag.py:3722} INFO - Setting next_dagrun for tutorial_taskflow_api_virtualenv to None, run_after=None
[2023-12-03T21:36:33.205+0000] {processor.py:179} INFO - Processing /home/airflow/.local/lib/python3.8/site-packages/airflow/example_dags/tutorial_taskflow_api_virtualenv.py took 0.055 seconds
[2023-12-03T22:57:31.164+0000] {processor.py:157} INFO - Started process (PID=3764) to work on /home/airflow/.local/lib/python3.8/site-packages/airflow/example_dags/tutorial_taskflow_api_virtualenv.py
[2023-12-03T22:57:31.166+0000] {processor.py:829} INFO - Processing file /home/airflow/.local/lib/python3.8/site-packages/airflow/example_dags/tutorial_taskflow_api_virtualenv.py for tasks to queue
[2023-12-03T22:57:31.170+0000] {logging_mixin.py:154} INFO - [2023-12-03T22:57:31.170+0000] {dagbag.py:536} INFO - Filling up the DagBag from /home/airflow/.local/lib/python3.8/site-packages/airflow/example_dags/tutorial_taskflow_api_virtualenv.py
[2023-12-03T22:57:31.183+0000] {processor.py:839} INFO - DAG(s) dict_keys(['tutorial_taskflow_api_virtualenv']) retrieved from /home/airflow/.local/lib/python3.8/site-packages/airflow/example_dags/tutorial_taskflow_api_virtualenv.py
[2023-12-03T22:57:31.217+0000] {logging_mixin.py:154} INFO - [2023-12-03T22:57:31.217+0000] {dag.py:2941} INFO - Sync 1 DAGs
[2023-12-03T22:57:31.233+0000] {logging_mixin.py:154} INFO - [2023-12-03T22:57:31.232+0000] {dag.py:3722} INFO - Setting next_dagrun for tutorial_taskflow_api_virtualenv to None, run_after=None
[2023-12-03T22:57:31.257+0000] {processor.py:179} INFO - Processing /home/airflow/.local/lib/python3.8/site-packages/airflow/example_dags/tutorial_taskflow_api_virtualenv.py took 0.098 seconds
[2023-12-03T23:13:10.076+0000] {processor.py:157} INFO - Started process (PID=3822) to work on /home/airflow/.local/lib/python3.8/site-packages/airflow/example_dags/tutorial_taskflow_api_virtualenv.py
[2023-12-03T23:13:10.077+0000] {processor.py:829} INFO - Processing file /home/airflow/.local/lib/python3.8/site-packages/airflow/example_dags/tutorial_taskflow_api_virtualenv.py for tasks to queue
[2023-12-03T23:13:10.080+0000] {logging_mixin.py:154} INFO - [2023-12-03T23:13:10.080+0000] {dagbag.py:536} INFO - Filling up the DagBag from /home/airflow/.local/lib/python3.8/site-packages/airflow/example_dags/tutorial_taskflow_api_virtualenv.py
[2023-12-03T23:13:10.086+0000] {processor.py:839} INFO - DAG(s) dict_keys(['tutorial_taskflow_api_virtualenv']) retrieved from /home/airflow/.local/lib/python3.8/site-packages/airflow/example_dags/tutorial_taskflow_api_virtualenv.py
[2023-12-03T23:13:10.103+0000] {logging_mixin.py:154} INFO - [2023-12-03T23:13:10.102+0000] {dag.py:2941} INFO - Sync 1 DAGs
[2023-12-03T23:13:10.111+0000] {logging_mixin.py:154} INFO - [2023-12-03T23:13:10.111+0000] {dag.py:3722} INFO - Setting next_dagrun for tutorial_taskflow_api_virtualenv to None, run_after=None
[2023-12-03T23:13:10.124+0000] {processor.py:179} INFO - Processing /home/airflow/.local/lib/python3.8/site-packages/airflow/example_dags/tutorial_taskflow_api_virtualenv.py took 0.051 seconds
[2023-12-03T23:22:18.182+0000] {processor.py:157} INFO - Started process (PID=3880) to work on /home/airflow/.local/lib/python3.8/site-packages/airflow/example_dags/tutorial_taskflow_api_virtualenv.py
[2023-12-03T23:22:18.184+0000] {processor.py:829} INFO - Processing file /home/airflow/.local/lib/python3.8/site-packages/airflow/example_dags/tutorial_taskflow_api_virtualenv.py for tasks to queue
[2023-12-03T23:22:18.187+0000] {logging_mixin.py:154} INFO - [2023-12-03T23:22:18.187+0000] {dagbag.py:536} INFO - Filling up the DagBag from /home/airflow/.local/lib/python3.8/site-packages/airflow/example_dags/tutorial_taskflow_api_virtualenv.py
[2023-12-03T23:22:18.201+0000] {processor.py:839} INFO - DAG(s) dict_keys(['tutorial_taskflow_api_virtualenv']) retrieved from /home/airflow/.local/lib/python3.8/site-packages/airflow/example_dags/tutorial_taskflow_api_virtualenv.py
[2023-12-03T23:22:18.222+0000] {logging_mixin.py:154} INFO - [2023-12-03T23:22:18.222+0000] {dag.py:2941} INFO - Sync 1 DAGs
[2023-12-03T23:22:18.238+0000] {logging_mixin.py:154} INFO - [2023-12-03T23:22:18.237+0000] {dag.py:3722} INFO - Setting next_dagrun for tutorial_taskflow_api_virtualenv to None, run_after=None
[2023-12-03T23:22:18.265+0000] {processor.py:179} INFO - Processing /home/airflow/.local/lib/python3.8/site-packages/airflow/example_dags/tutorial_taskflow_api_virtualenv.py took 0.086 seconds
